IQ-TREE multicore version 2.2.2.6 COVID-edition for Linux 64-bit built May 27 2023
Developed by Bui Quang Minh, James Barbetti, Nguyen Lam Tung,
Olga Chernomor, Heiko Schmidt, Dominik Schrempf, Michael Woodhams, Ly Trong Nhan.

Host:    x01 (AVX512, FMA3, 502 GB RAM)
Command: iqtree2 -s FungalCW_tree_20231129.top_50.fa -p FungalCW_tree_20231129.top_50.partition_iq -nt AUTO
Seed:    652287 (Using SPRNG - Scalable Parallel Random Number Generator)
Time:    Wed Nov 29 12:27:51 2023
Kernel:  AVX+FMA - auto-detect threads (24 CPU cores detected)

Reading partition model file FungalCW_tree_20231129.top_50.partition_iq ...
Reading alignment file FungalCW_tree_20231129.top_50.fa ... Fasta format detected
Reading fasta file: done in 0.00787997 secs using 69.62% CPU
Alignment most likely contains protein sequences
Constructing alignment: done in 0.0609751 secs using 1958% CPU
Alignment has 18 sequences with 46801 columns, 34344 distinct patterns
23290 parsimony-informative, 10607 singleton sites, 12904 constant sites
                                                               Gap/Ambiguity  Composition  p-value
Analyzing sequences: done in 0.000225067 secs using 1605% CPU
   1  Basidiobolus_meristosporus_CBS_931.73.Basme2finSC.v1            20.03%    failed      0.00%
   2  Botrytis_cinerea_T4                                             31.59%    failed      0.61%
   3  Capillidium_pumilum_ARSEF_79                                    69.78%    failed      0.00%
   4  Colletotrichum_graminicola_M1.001                               17.07%    failed      0.00%
   5  Colletotrichum_higginsianum_IMI_349063                          17.27%    failed      0.00%
   6  Fusarium_graminearum_PH-1                                       17.31%    failed      3.55%
   7  Fusarium_verticillioides_7600                                   18.99%    failed      1.00%
   8  Gilbertella_persicaria_var_persicaria_CBS_190.32-T.Gilper1.v1   21.41%    failed      0.00%
   9  Mortierella_elongata_AG-77                                      21.85%    passed     14.88%
  10  Mucor_mucedo_NRRL_3635                                          22.90%    failed      0.00%
  11  Neoconidiobolus_thromboides_FSU_785.Conth1.v1                   28.69%    failed      0.00%
  12  Phycomyces_blakesleeanus_NRRL_1555.Phybl2.v2                    22.41%    failed      0.11%
  13  Rhizopus_stolonifer_NRRL_66455                                  19.26%    failed      0.00%
  14  Trichoderma_harzianum_CBS_226.95                                17.62%    failed      0.00%
  15  Umbelopsis_ramanniana_NRRL_5844.Umbra1.v1                       22.66%    failed      1.29%
  16  Ustilago_maydis                                                 18.39%    failed      0.00%
  17  Zoophthora_radicans_ATCC_208865                                 26.89%    failed      0.00%
  18  Zymoseptoria_tritici_IP0323                                     17.59%    failed      0.00%
WARNING: 1 sequences contain more than 50% gaps/ambiguity
****  TOTAL                                                           23.98%  17 sequences failed composition chi2 test (p-value<5%; df=19)

Partition file is not in NEXUS format, assuming RAxML-style partition file...
Identifying sites to remove: done in 0.00128794 secs using 2365% CPU
Identifying sites to remove: done in 0.00183201 secs using 2236% CPU
Identifying sites to remove: done in 0.00117707 secs using 2104% CPU
Identifying sites to remove: done in 0.000608921 secs using 2042% CPU
Identifying sites to remove: done in 0.00160599 secs using 2201% CPU
Identifying sites to remove: done in 0.000405073 secs using 1745% CPU
Identifying sites to remove: done in 0.0003829 secs using 2157% CPU
Identifying sites to remove: done in 0.000244141 secs using 2154% CPU
Identifying sites to remove: done in 0.000303984 secs using 2394% CPU
Identifying sites to remove: done in 0.000469208 secs using 2147% CPU
Identifying sites to remove: done in 0.000922203 secs using 2299% CPU
Identifying sites to remove: done in 0.001055 secs using 2370% CPU
Identifying sites to remove: done in 0.000739098 secs using 1518% CPU
Identifying sites to remove: done in 0.000259876 secs using 1567% CPU
Identifying sites to remove: done in 0.000452042 secs using 2130% CPU
Identifying sites to remove: done in 0.000922918 secs using 2220% CPU
Identifying sites to remove: done in 0.00032115 secs using 2396% CPU
Identifying sites to remove: done in 0.00104213 secs using 2271% CPU
Identifying sites to remove: done in 0.000225067 secs using 2349% CPU
Identifying sites to remove: done in 0.00102806 secs using 2145% CPU
Identifying sites to remove: done in 0.00214815 secs using 2190% CPU
Identifying sites to remove: done in 0.000198841 secs using 2146% CPU
Identifying sites to remove: done in 0.000834942 secs using 2156% CPU
Identifying sites to remove: done in 0.00100994 secs using 2392% CPU
Identifying sites to remove: done in 0.000946045 secs using 2087% CPU
Identifying sites to remove: done in 0.00113893 secs using 2279% CPU
Identifying sites to remove: done in 0.000823021 secs using 2317% CPU
Identifying sites to remove: done in 0.00058198 secs using 2337% CPU
Identifying sites to remove: done in 0.000779867 secs using 2326% CPU
Identifying sites to remove: done in 0.00131989 secs using 2288% CPU
Identifying sites to remove: done in 0.000492096 secs using 2169% CPU
Identifying sites to remove: done in 0.000520945 secs using 2168% CPU
Subset	Type	Seqs	Sites	Infor	Invar	Model	Name
1	AA	18	755	397	179	WAG+I+G4	101133at4751
2	AA	18	609	237	285	WAG+I+G4	105401at4751
3	AA	18	1724	877	473	WAG+I+G4	12258at4751
4	AA	17	1526	794	315	WAG+I+G4	123228at4751
5	AA	18	599	240	241	WAG+I+G4	129160at4751
6	AA	13	2479	1104	470	WAG+I+G4	12959at4751
7	AA	17	1350	879	106	WAG+I+G4	130062at4751
8	AA	17	761	405	217	WAG+I+G4	138695at4751
9	AA	17	1996	1178	425	WAG+I+G4	14441at4751
10	AA	17	574	174	277	WAG+I+G4	150469at4751
11	AA	17	496	175	226	WAG+I+G4	172113at4751
12	AA	18	671	348	177	WAG+I+G4	179437at4751
13	AA	16	414	99	261	WAG+I+G4	184762at4751
14	AA	18	535	308	157	WAG+I+G4	186574at4751
15	AA	17	408	108	235	WAG+I+G4	188070at4751
16	AA	17	566	371	100	WAG+I+G4	195619at4751
17	AA	16	1218	819	109	WAG+I+G4	195863at4751
18	AA	17	1323	615	382	WAG+I+G4	20600at4751
19	AA	17	839	401	227	WAG+I+G4	208463at4751
20	AA	18	387	225	103	WAG+I+G4	217374at4751
21	AA	16	401	158	191	WAG+I+G4	219236at4751
22	AA	17	503	203	229	WAG+I+G4	225321at4751
23	AA	18	516	212	203	WAG+I+G4	245900at4751
24	AA	18	452	162	229	WAG+I+G4	284127at4751
25	AA	18	618	291	213	WAG+I+G4	292418at4751
26	AA	14	1115	713	162	WAG+I+G4	29512at4751
27	AA	16	457	236	128	WAG+I+G4	299509at4751
28	AA	17	1032	639	111	WAG+I+G4	32164at4751
29	AA	16	323	181	106	WAG+I+G4	327884at4751
30	AA	18	385	199	101	WAG+I+G4	330815at4751
31	AA	15	1127	679	143	WAG+I+G4	337150at4751
32	AA	18	275	109	134	WAG+I+G4	351858at4751
33	AA	16	2512	1227	529	WAG+I+G4	3534at4751
34	AA	18	307	148	53	WAG+I+G4	366595at4751
35	AA	18	919	480	288	WAG+I+G4	37028at4751
36	AA	18	1024	483	359	WAG+I+G4	37573at4751
37	AA	17	217	132	55	WAG+I+G4	410986at4751
38	AA	18	2656	897	1153	WAG+I+G4	4523at4751
39	AA	18	1307	737	302	WAG+I+G4	48708at4751
40	AA	17	869	552	167	WAG+I+G4	50786at4751
41	AA	17	1109	539	321	WAG+I+G4	56729at4751
42	AA	16	1286	617	490	WAG+I+G4	57081at4751
43	AA	16	1315	665	229	WAG+I+G4	62846at4751
44	AA	16	1118	557	305	WAG+I+G4	63635at4751
45	AA	17	758	328	342	WAG+I+G4	64498at4751
46	AA	16	970	544	231	WAG+I+G4	65499at4751
47	AA	17	1349	688	229	WAG+I+G4	68466at4751
48	AA	18	1356	610	414	WAG+I+G4	71039at4751
49	AA	17	602	255	257	WAG+I+G4	73477at4751
50	AA	16	693	295	265	WAG+I+G4	79294at4751
Degree of missing data: 0.069
Info: multi-threading strategy over partitions


Create initial parsimony tree by phylogenetic likelihood library (PLL)... 0.114 seconds

NOTE: 388 MB RAM (0 GB) is required!
Measuring multi-threading efficiency up to 24 CPU cores
Increase to 10 rounds for branch lengths
3 trees examined
Threads: 1 / Time: 25.620 sec / Speedup: 1.000 / Efficiency: 100% / LogL: -890911
Threads: 2 / Time: 13.171 sec / Speedup: 1.945 / Efficiency: 97% / LogL: -890911
Threads: 3 / Time: 8.973 sec / Speedup: 2.855 / Efficiency: 95% / LogL: -890911
Threads: 4 / Time: 6.932 sec / Speedup: 3.696 / Efficiency: 92% / LogL: -890911
Threads: 5 / Time: 5.610 sec / Speedup: 4.567 / Efficiency: 91% / LogL: -890911
Threads: 6 / Time: 4.777 sec / Speedup: 5.363 / Efficiency: 89% / LogL: -890911
Threads: 7 / Time: 4.194 sec / Speedup: 6.109 / Efficiency: 87% / LogL: -890911
Threads: 8 / Time: 3.704 sec / Speedup: 6.918 / Efficiency: 86% / LogL: -890911
Threads: 9 / Time: 3.339 sec / Speedup: 7.674 / Efficiency: 85% / LogL: -890911
Threads: 10 / Time: 3.128 sec / Speedup: 8.191 / Efficiency: 82% / LogL: -890911
Threads: 11 / Time: 2.984 sec / Speedup: 8.585 / Efficiency: 78% / LogL: -890911
Threads: 12 / Time: 2.857 sec / Speedup: 8.967 / Efficiency: 75% / LogL: -890911
Threads: 13 / Time: 3.087 sec / Speedup: 8.299 / Efficiency: 64% / LogL: -890911
Threads: 14 / Time: 3.074 sec / Speedup: 8.335 / Efficiency: 60% / LogL: -890911
Threads: 15 / Time: 3.020 sec / Speedup: 8.484 / Efficiency: 57% / LogL: -890911
Threads: 16 / Time: 3.011 sec / Speedup: 8.508 / Efficiency: 53% / LogL: -890911
Threads: 17 / Time: 3.122 sec / Speedup: 8.208 / Efficiency: 48% / LogL: -890911
Determining AUTO threadcount: done in 100.625 secs using 573.6% CPU
BEST NUMBER OF THREADS: 12

Estimate model parameters (epsilon = 0.100)
Initial log-likelihood: -762967.857
Current log-likelihood at step 1: -746228.865
Current log-likelihood at step 2: -745650.923
Current log-likelihood at step 3: -745586.777
Current log-likelihood at step 4: -745554.280
Current log-likelihood at step 5: -745533.085
Current log-likelihood at step 6: -745520.622
Current log-likelihood at step 7: -745513.786
Current log-likelihood at step 8: -745509.695
Current log-likelihood at step 9: -745506.492
Current log-likelihood at step 10: -745503.913
Current log-likelihood at step 11: -745501.805
Current log-likelihood at step 12: -745500.130
Current log-likelihood at step 13: -745498.829
Current log-likelihood at step 14: -745497.813
Current log-likelihood at step 15: -745497.022
Current log-likelihood at step 16: -745496.399
Current log-likelihood at step 17: -745495.897
Current log-likelihood at step 18: -745495.495
Current log-likelihood at step 19: -745495.152
Current log-likelihood at step 20: -745494.859
Current log-likelihood at step 21: -745494.609
Current log-likelihood at step 22: -745494.385
Current log-likelihood at step 23: -745494.190
Current log-likelihood at step 24: -745494.011
Current log-likelihood at step 25: -745493.853
Current log-likelihood at step 26: -745493.710
Current log-likelihood at step 27: -745493.578
Current log-likelihood at step 28: -745493.458
Current log-likelihood at step 29: -745493.349
Current log-likelihood at step 30: -745493.245
Current log-likelihood at step 31: -745493.152
Partition-specific rates:  0.834 0.292 1.186 0.934 0.237 1.102 0.980 2.279 1.138 0.186 0.250 0.831 0.129 0.401 0.171 0.638 0.765 1.060 0.687 0.388 0.182 0.250 0.291 0.274 0.576 1.475 0.494 0.677 0.400 0.523 1.054 0.172 1.047 0.489 0.401 0.826 0.661 0.368 0.698 1.005 0.390 1.473 3.267 0.687 0.331 7.632 0.809 0.799 0.766 0.330
Parameters optimization took 30 rounds (11.998 sec)

Wrote distance file to... 
Computing ML distances based on estimated model parameters...
Calculating distance matrix: done in 0.000114918 secs using 879.8% CPU
Computing ML distances took 0.000182 sec (of wall-clock time) 0.001625 sec (of CPU time)
WARNING: Some pairwise ML distances are too long (saturated)
Setting up auxiliary I and S matrices: done in 0.000108004 secs using 1002% CPU
Constructing RapidNJ tree: done in 0.000626087 secs using 558.7% CPU
Computing RapidNJ tree took 0.000781 sec (of wall-clock time) 0.009423 sec (of CPU time)
Log-likelihood of RapidNJ tree: -860335.629
--------------------------------------------------------------------
|             INITIALIZING CANDIDATE TREE SET                      |
--------------------------------------------------------------------
Generating 98 parsimony trees... 
******************************************************
CHECKPOINT: Resuming analysis from FungalCW_tree_20231129.top_50.partition_iq.ckp.gz

IQ-TREE multicore version 2.2.2.6 COVID-edition for Linux 64-bit built May 27 2023
Developed by Bui Quang Minh, James Barbetti, Nguyen Lam Tung,
Olga Chernomor, Heiko Schmidt, Dominik Schrempf, Michael Woodhams, Ly Trong Nhan.

Host:    x01 (AVX512, FMA3, 502 GB RAM)
Command: iqtree2 -s FungalCW_tree_20231129.top_50.fa -p FungalCW_tree_20231129.top_50.partition_iq -nt 12 -B 1000 -alrt 1000
Seed:    641979 (Using SPRNG - Scalable Parallel Random Number Generator)
Time:    Wed Nov 29 12:29:59 2023
Kernel:  AVX+FMA - 12 threads (24 CPU cores detected)

WARNING: Command-line argument `12` differs from checkpoint `AUTO`
WARNING: Number of command-line arguments differs from checkpoint
WARNING: Command-line differs from checkpoint!
Reading partition model file FungalCW_tree_20231129.top_50.partition_iq ...
Reading alignment file FungalCW_tree_20231129.top_50.fa ... Fasta format detected
Reading fasta file: done in 0.00785589 secs using 86.39% CPU
Alignment most likely contains protein sequences
Constructing alignment: done in 0.0468879 secs using 1055% CPU
Alignment has 18 sequences with 46801 columns, 34344 distinct patterns
23290 parsimony-informative, 10607 singleton sites, 12904 constant sites
                                                               Gap/Ambiguity  Composition  p-value
Analyzing sequences: done in 0.000344038 secs using 996.7% CPU
   1  Basidiobolus_meristosporus_CBS_931.73.Basme2finSC.v1            20.03%    failed      0.00%
   2  Botrytis_cinerea_T4                                             31.59%    failed      0.61%
   3  Capillidium_pumilum_ARSEF_79                                    69.78%    failed      0.00%
   4  Colletotrichum_graminicola_M1.001                               17.07%    failed      0.00%
   5  Colletotrichum_higginsianum_IMI_349063                          17.27%    failed      0.00%
   6  Fusarium_graminearum_PH-1                                       17.31%    failed      3.55%
   7  Fusarium_verticillioides_7600                                   18.99%    failed      1.00%
   8  Gilbertella_persicaria_var_persicaria_CBS_190.32-T.Gilper1.v1   21.41%    failed      0.00%
   9  Mortierella_elongata_AG-77                                      21.85%    passed     14.88%
  10  Mucor_mucedo_NRRL_3635                                          22.90%    failed      0.00%
  11  Neoconidiobolus_thromboides_FSU_785.Conth1.v1                   28.69%    failed      0.00%
  12  Phycomyces_blakesleeanus_NRRL_1555.Phybl2.v2                    22.41%    failed      0.11%
  13  Rhizopus_stolonifer_NRRL_66455                                  19.26%    failed      0.00%
  14  Trichoderma_harzianum_CBS_226.95                                17.62%    failed      0.00%
  15  Umbelopsis_ramanniana_NRRL_5844.Umbra1.v1                       22.66%    failed      1.29%
  16  Ustilago_maydis                                                 18.39%    failed      0.00%
  17  Zoophthora_radicans_ATCC_208865                                 26.89%    failed      0.00%
  18  Zymoseptoria_tritici_IP0323                                     17.59%    failed      0.00%
WARNING: 1 sequences contain more than 50% gaps/ambiguity
****  TOTAL                                                           23.98%  17 sequences failed composition chi2 test (p-value<5%; df=19)

Partition file is not in NEXUS format, assuming RAxML-style partition file...
Identifying sites to remove: done in 0.000956059 secs using 1130% CPU
Identifying sites to remove: done in 0.00139904 secs using 1145% CPU
Identifying sites to remove: done in 0.000869036 secs using 1195% CPU
Identifying sites to remove: done in 0.000453949 secs using 1075% CPU
Identifying sites to remove: done in 0.00109792 secs using 1183% CPU
Identifying sites to remove: done in 0.000300884 secs using 1199% CPU
Identifying sites to remove: done in 0.00028801 secs using 1191% CPU
Identifying sites to remove: done in 0.000185966 secs using 1196% CPU
Identifying sites to remove: done in 0.000223875 secs using 1197% CPU
Identifying sites to remove: done in 0.000348091 secs using 1155% CPU
Identifying sites to remove: done in 0.000688076 secs using 1130% CPU
Identifying sites to remove: done in 0.000755072 secs using 1005% CPU
Identifying sites to remove: done in 0.000517845 secs using 1157% CPU
Identifying sites to remove: done in 0.000192165 secs using 1190% CPU
Identifying sites to remove: done in 0.000298977 secs using 1201% CPU
Identifying sites to remove: done in 0.000693083 secs using 1100% CPU
Identifying sites to remove: done in 0.000248909 secs using 1149% CPU
Identifying sites to remove: done in 0.000745058 secs using 1133% CPU
Identifying sites to remove: done in 0.000166893 secs using 1098% CPU
Identifying sites to remove: done in 0.000742912 secs using 1197% CPU
Identifying sites to remove: done in 0.00150013 secs using 1161% CPU
Identifying sites to remove: done in 0.000129938 secs using 1191% CPU
Identifying sites to remove: done in 0.000597 secs using 1195% CPU
Identifying sites to remove: done in 0.000750065 secs using 1200% CPU
Identifying sites to remove: done in 0.000725985 secs using 959.8% CPU
Identifying sites to remove: done in 0.000829935 secs using 1115% CPU
Identifying sites to remove: done in 0.000627995 secs using 977.1% CPU
Identifying sites to remove: done in 0.000428915 secs using 1130% CPU
Identifying sites to remove: done in 0.000613928 secs using 1141% CPU
Identifying sites to remove: done in 0.000936985 secs using 1126% CPU
Identifying sites to remove: done in 0.000358105 secs using 1105% CPU
Identifying sites to remove: done in 0.00040102 secs using 840.4% CPU
Subset	Type	Seqs	Sites	Infor	Invar	Model	Name
1	AA	18	755	397	179	WAG+I+G4	101133at4751
2	AA	18	609	237	285	WAG+I+G4	105401at4751
3	AA	18	1724	877	473	WAG+I+G4	12258at4751
4	AA	17	1526	794	315	WAG+I+G4	123228at4751
5	AA	18	599	240	241	WAG+I+G4	129160at4751
6	AA	13	2479	1104	470	WAG+I+G4	12959at4751
7	AA	17	1350	879	106	WAG+I+G4	130062at4751
8	AA	17	761	405	217	WAG+I+G4	138695at4751
9	AA	17	1996	1178	425	WAG+I+G4	14441at4751
10	AA	17	574	174	277	WAG+I+G4	150469at4751
11	AA	17	496	175	226	WAG+I+G4	172113at4751
12	AA	18	671	348	177	WAG+I+G4	179437at4751
13	AA	16	414	99	261	WAG+I+G4	184762at4751
14	AA	18	535	308	157	WAG+I+G4	186574at4751
15	AA	17	408	108	235	WAG+I+G4	188070at4751
16	AA	17	566	371	100	WAG+I+G4	195619at4751
17	AA	16	1218	819	109	WAG+I+G4	195863at4751
18	AA	17	1323	615	382	WAG+I+G4	20600at4751
19	AA	17	839	401	227	WAG+I+G4	208463at4751
20	AA	18	387	225	103	WAG+I+G4	217374at4751
21	AA	16	401	158	191	WAG+I+G4	219236at4751
22	AA	17	503	203	229	WAG+I+G4	225321at4751
23	AA	18	516	212	203	WAG+I+G4	245900at4751
24	AA	18	452	162	229	WAG+I+G4	284127at4751
25	AA	18	618	291	213	WAG+I+G4	292418at4751
26	AA	14	1115	713	162	WAG+I+G4	29512at4751
27	AA	16	457	236	128	WAG+I+G4	299509at4751
28	AA	17	1032	639	111	WAG+I+G4	32164at4751
29	AA	16	323	181	106	WAG+I+G4	327884at4751
30	AA	18	385	199	101	WAG+I+G4	330815at4751
31	AA	15	1127	679	143	WAG+I+G4	337150at4751
32	AA	18	275	109	134	WAG+I+G4	351858at4751
33	AA	16	2512	1227	529	WAG+I+G4	3534at4751
34	AA	18	307	148	53	WAG+I+G4	366595at4751
35	AA	18	919	480	288	WAG+I+G4	37028at4751
36	AA	18	1024	483	359	WAG+I+G4	37573at4751
37	AA	17	217	132	55	WAG+I+G4	410986at4751
38	AA	18	2656	897	1153	WAG+I+G4	4523at4751
39	AA	18	1307	737	302	WAG+I+G4	48708at4751
40	AA	17	869	552	167	WAG+I+G4	50786at4751
41	AA	17	1109	539	321	WAG+I+G4	56729at4751
42	AA	16	1286	617	490	WAG+I+G4	57081at4751
43	AA	16	1315	665	229	WAG+I+G4	62846at4751
44	AA	16	1118	557	305	WAG+I+G4	63635at4751
45	AA	17	758	328	342	WAG+I+G4	64498at4751
46	AA	16	970	544	231	WAG+I+G4	65499at4751
47	AA	17	1349	688	229	WAG+I+G4	68466at4751
48	AA	18	1356	610	414	WAG+I+G4	71039at4751
49	AA	17	602	255	257	WAG+I+G4	73477at4751
50	AA	16	693	295	265	WAG+I+G4	79294at4751
Degree of missing data: 0.069
Info: multi-threading strategy over partitions


CHECKPOINT: Initial tree restored
Generating 1000 samples for ultrafast bootstrap (seed: 641979)...

NOTE: 532 MB RAM (0 GB) is required!
CHECKPOINT: Model parameters restored, LogL: -745493.152
Wrote distance file to... 
Computing ML distances based on estimated model parameters...
Calculating distance matrix: done in 7.79629e-05 secs using 1186% CPU
Computing ML distances took 0.000135 sec (of wall-clock time) 0.001426 sec (of CPU time)
WARNING: Some pairwise ML distances are too long (saturated)
Setting up auxiliary I and S matrices: done in 6.29425e-05 secs using 1735% CPU
Constructing RapidNJ tree: done in 0.000637054 secs using 930.5% CPU
Computing RapidNJ tree took 0.000765 sec (of wall-clock time) 0.009402 sec (of CPU time)
Log-likelihood of RapidNJ tree: -860335.629
--------------------------------------------------------------------
|             INITIALIZING CANDIDATE TREE SET                      |
--------------------------------------------------------------------
Generating 98 parsimony trees... 8.492 second
Computing log-likelihood of 98 initial trees ... 10.278 seconds
Current best score: -745493.152

Do NNI search on 20 best initial trees
Optimizing NNI: done in 1.20238 secs using 1190% CPU
Estimate model parameters (epsilon = 0.100)
Initial log-likelihood: -745243.496
Current log-likelihood at step 1: -745242.582
Current log-likelihood at step 2: -745242.418
Current log-likelihood at step 3: -745242.299
Current log-likelihood at step 4: -745242.201
Parameters optimization took 3 rounds (1.359 sec)

BETTER TREE FOUND at iteration 1: -745242.201
Optimizing NNI: done in 1.5464 secs using 1191% CPU
Optimizing NNI: done in 1.43791 secs using 1191% CPU
Optimizing NNI: done in 1.8185 secs using 1192% CPU
Optimizing NNI: done in 1.61667 secs using 1190% CPU
Optimizing NNI: done in 1.91871 secs using 1191% CPU
Optimizing NNI: done in 1.71439 secs using 1191% CPU
Optimizing NNI: done in 1.35169 secs using 1190% CPU
Optimizing NNI: done in 2.09979 secs using 1192% CPU
Optimizing NNI: done in 1.81589 secs using 1191% CPU
Iteration 10 / LogL: -745279.182 / Time: 0h:0m:38s
Optimizing NNI: done in 1.50982 secs using 1190% CPU
Optimizing NNI: done in 2.27882 secs using 1191% CPU
Optimizing NNI: done in 1.70002 secs using 1191% CPU
Optimizing NNI: done in 1.71327 secs using 1191% CPU
Optimizing NNI: done in 2.12674 secs using 1192% CPU
Optimizing NNI: done in 2.25435 secs using 1192% CPU
Optimizing NNI: done in 1.84365 secs using 1191% CPU
Optimizing NNI: done in 2.19955 secs using 1192% CPU
Optimizing NNI: done in 2.01801 secs using 1192% CPU
Optimizing NNI: done in 1.96981 secs using 1191% CPU
Iteration 20 / LogL: -745246.836 / Time: 0h:0m:58s
Finish initializing candidate tree set (1)
Current best tree score: -745242.201 / CPU time: 56.658
Number of iterations: 20
--------------------------------------------------------------------
|               OPTIMIZING CANDIDATE TREE SET                      |
--------------------------------------------------------------------
Optimizing NNI: done in 1.72292 secs using 1192% CPU
Optimizing NNI: done in 1.99071 secs using 1192% CPU
Optimizing NNI: done in 1.68008 secs using 1192% CPU
Optimizing NNI: done in 2.40287 secs using 1192% CPU
Optimizing NNI: done in 1.28987 secs using 1192% CPU
Optimizing NNI: done in 1.80869 secs using 1192% CPU
Optimizing NNI: done in 1.78348 secs using 1191% CPU
Optimizing NNI: done in 2.24953 secs using 1191% CPU
Optimizing NNI: done in 2.33949 secs using 1192% CPU
Optimizing NNI: done in 1.82507 secs using 1191% CPU
Iteration 30 / LogL: -745242.599 / Time: 0h:1m:18s (0h:3m:10s left)
Optimizing NNI: done in 1.47201 secs using 1191% CPU
Optimizing NNI: done in 1.2694 secs using 1192% CPU
Optimizing NNI: done in 1.61241 secs using 1190% CPU
Optimizing NNI: done in 1.58798 secs using 1191% CPU
Optimizing NNI: done in 2.00124 secs using 1191% CPU
Optimizing NNI: done in 1.09373 secs using 1192% CPU
Optimizing NNI: done in 1.32159 secs using 1192% CPU
Optimizing NNI: done in 2.15927 secs using 1192% CPU
Optimizing NNI: done in 1.54444 secs using 1192% CPU
Optimizing NNI: done in 1.05459 secs using 1192% CPU
Iteration 40 / LogL: -745242.533 / Time: 0h:1m:33s (0h:2m:25s left)
Optimizing NNI: done in 2.10764 secs using 1191% CPU
Optimizing NNI: done in 1.05017 secs using 1192% CPU
Optimizing NNI: done in 2.03673 secs using 1191% CPU
Optimizing NNI: done in 1.6878 secs using 1191% CPU
Optimizing NNI: done in 1.83996 secs using 1191% CPU
Optimizing NNI: done in 1.0586 secs using 1191% CPU
Optimizing NNI: done in 1.76412 secs using 1192% CPU
Optimizing NNI: done in 1.74532 secs using 1192% CPU
Optimizing NNI: done in 1.49018 secs using 1192% CPU
Optimizing NNI: done in 1.9019 secs using 1192% CPU
Iteration 50 / LogL: -745242.380 / Time: 0h:1m:50s (0h:1m:54s left)
Log-likelihood cutoff on original alignment: -745348.749
Optimizing NNI: done in 2.36852 secs using 1192% CPU
Optimizing NNI: done in 2.19579 secs using 1191% CPU
Optimizing NNI: done in 1.7622 secs using 1191% CPU
Optimizing NNI: done in 1.7156 secs using 1192% CPU
Optimizing NNI: done in 1.49516 secs using 1191% CPU
Optimizing NNI: done in 1.69256 secs using 1191% CPU
Optimizing NNI: done in 1.55206 secs using 1191% CPU
Optimizing NNI: done in 1.84574 secs using 1191% CPU
Optimizing NNI: done in 1.27391 secs using 1191% CPU
Optimizing NNI: done in 1.38799 secs using 1192% CPU
Iteration 60 / LogL: -745244.378 / Time: 0h:2m:7s (0h:1m:28s left)
Optimizing NNI: done in 1.09576 secs using 1192% CPU
Optimizing NNI: done in 1.76376 secs using 1191% CPU
Optimizing NNI: done in 1.35339 secs using 1192% CPU
Optimizing NNI: done in 1.72739 secs using 1192% CPU
Optimizing NNI: done in 1.51702 secs using 1192% CPU
Optimizing NNI: done in 2.34647 secs using 1192% CPU
Optimizing NNI: done in 2.04546 secs using 1191% CPU
Optimizing NNI: done in 1.66329 secs using 1192% CPU
Optimizing NNI: done in 2.06004 secs using 1191% CPU
Optimizing NNI: done in 2.41795 secs using 1192% CPU
Iteration 70 / LogL: -745243.298 / Time: 0h:2m:26s (0h:1m:5s left)
Optimizing NNI: done in 1.88663 secs using 1192% CPU
Optimizing NNI: done in 1.70201 secs using 1192% CPU
Optimizing NNI: done in 1.56103 secs using 1191% CPU
Optimizing NNI: done in 1.76985 secs using 1192% CPU
Optimizing NNI: done in 1.38381 secs using 1191% CPU
Optimizing NNI: done in 2.10051 secs using 1192% CPU
Optimizing NNI: done in 1.8052 secs using 1192% CPU
Optimizing NNI: done in 1.63412 secs using 1192% CPU
Optimizing NNI: done in 2.25667 secs using 1192% CPU
Optimizing NNI: done in 2.10506 secs using 1191% CPU
Iteration 80 / LogL: -745248.148 / Time: 0h:2m:44s (0h:0m:43s left)
Optimizing NNI: done in 2.22555 secs using 1191% CPU
Optimizing NNI: done in 2.02508 secs using 1192% CPU
Optimizing NNI: done in 1.45653 secs using 1192% CPU
Optimizing NNI: done in 1.54981 secs using 1192% CPU
Optimizing NNI: done in 1.26794 secs using 1192% CPU
Optimizing NNI: done in 2.0281 secs using 1192% CPU
Optimizing NNI: done in 1.3727 secs using 1192% CPU
Optimizing NNI: done in 2.85972 secs using 1191% CPU
Optimizing NNI: done in 2.27917 secs using 1192% CPU
Optimizing NNI: done in 2.22625 secs using 1191% CPU
Iteration 90 / LogL: -745244.966 / Time: 0h:3m:4s (0h:0m:22s left)
Optimizing NNI: done in 2.60777 secs using 1191% CPU
Optimizing NNI: done in 1.80415 secs using 1192% CPU
Optimizing NNI: done in 2.39926 secs using 1192% CPU
Optimizing NNI: done in 1.96924 secs using 1191% CPU
Optimizing NNI: done in 1.63898 secs using 1192% CPU
Optimizing NNI: done in 1.02794 secs using 1193% CPU
Optimizing NNI: done in 1.8819 secs using 1192% CPU
Optimizing NNI: done in 1.61066 secs using 1192% CPU
Optimizing NNI: done in 2.19556 secs using 1191% CPU
Optimizing NNI: done in 1.10098 secs using 1192% CPU
Iteration 100 / LogL: -745243.097 / Time: 0h:3m:22s (0h:0m:2s left)
Log-likelihood cutoff on original alignment: -745348.749
NOTE: Bootstrap correlation coefficient of split occurrence frequencies: 1.000
Optimizing NNI: done in 1.49888 secs using 1191% CPU
Optimizing NNI: done in 1.91153 secs using 1191% CPU
TREE SEARCH COMPLETED AFTER 102 ITERATIONS / Time: 0h:3m:26s

--------------------------------------------------------------------
|                    FINALIZING TREE SEARCH                        |
--------------------------------------------------------------------
Performs final model parameters optimization
Estimate model parameters (epsilon = 0.010)
Initial log-likelihood: -745242.201
Current log-likelihood at step 1: -745242.117
Current log-likelihood at step 2: -745242.042
Current log-likelihood at step 3: -745241.974
Current log-likelihood at step 4: -745241.911
Current log-likelihood at step 5: -745241.853
Current log-likelihood at step 6: -745241.799
Current log-likelihood at step 7: -745241.749
Current log-likelihood at step 8: -745241.701
Current log-likelihood at step 9: -745241.656
Current log-likelihood at step 10: -745241.615
Current log-likelihood at step 11: -745241.574
Current log-likelihood at step 12: -745241.537
Current log-likelihood at step 13: -745241.501
Current log-likelihood at step 14: -745241.467
Current log-likelihood at step 15: -745241.434
Current log-likelihood at step 16: -745241.404
Current log-likelihood at step 17: -745241.374
Current log-likelihood at step 18: -745241.346
Current log-likelihood at step 19: -745241.318
Current log-likelihood at step 20: -745241.292
Current log-likelihood at step 21: -745241.267
Current log-likelihood at step 22: -745241.243
Current log-likelihood at step 23: -745241.220
Current log-likelihood at step 24: -745241.197
Current log-likelihood at step 25: -745241.176
Current log-likelihood at step 26: -745241.156
Current log-likelihood at step 27: -745241.137
Current log-likelihood at step 28: -745241.118
Current log-likelihood at step 29: -745241.100
Current log-likelihood at step 30: -745241.082
Current log-likelihood at step 31: -745241.064
Current log-likelihood at step 32: -745241.048
Current log-likelihood at step 33: -745241.032
Current log-likelihood at step 34: -745241.017
Current log-likelihood at step 35: -745241.002
Current log-likelihood at step 36: -745240.989
Current log-likelihood at step 37: -745240.975
Current log-likelihood at step 38: -745240.961
Current log-likelihood at step 39: -745240.949
Current log-likelihood at step 40: -745240.936
Current log-likelihood at step 41: -745240.924
Current log-likelihood at step 42: -745240.912
Current log-likelihood at step 43: -745240.901
Current log-likelihood at step 44: -745240.889
Current log-likelihood at step 45: -745240.879
Current log-likelihood at step 46: -745240.869
Current log-likelihood at step 47: -745240.859
Current log-likelihood at step 48: -745240.849
Partition-specific rates:  0.829 0.295 1.180 0.935 0.237 1.100 0.981 2.296 1.135 0.186 0.250 0.833 0.131 0.401 0.173 0.637 0.765 1.060 0.680 0.392 0.181 0.245 0.288 0.276 0.573 1.472 0.489 0.678 0.399 0.520 1.050 0.172 1.042 0.486 0.398 0.817 0.666 0.368 0.695 1.006 0.386 1.525 3.256 0.691 0.331 7.634 0.806 0.801 0.771 0.329
Parameters optimization took 47 rounds (16.018 sec)

Partition information was printed to FungalCW_tree_20231129.top_50.partition_iq.best_model.nex
BEST SCORE FOUND : -745240.849

Testing tree branches by SH-like aLRT with 1000 replicates...
1.353 sec.
Creating bootstrap support values...
Split supports printed to NEXUS file FungalCW_tree_20231129.top_50.partition_iq.splits.nex
Total tree length: 9.832

Total number of iterations: 102
CPU time used for tree search: 2428.194 sec (0h:40m:28s)
Wall-clock time used for tree search: 204.045 sec (0h:3m:24s)
Total CPU time used: 2655.497 sec (0h:44m:15s)
Total wall-clock time used: 223.497 sec (0h:3m:43s)

Computing bootstrap consensus tree...
Reading input file FungalCW_tree_20231129.top_50.partition_iq.splits.nex...
18 taxa and 38 splits.
Consensus tree written to FungalCW_tree_20231129.top_50.partition_iq.contree
Reading input trees file FungalCW_tree_20231129.top_50.partition_iq.contree
Log-likelihood of consensus tree: -745240.849

Analysis results written to: 
  IQ-TREE report:                FungalCW_tree_20231129.top_50.partition_iq.iqtree
  Maximum-likelihood tree:       FungalCW_tree_20231129.top_50.partition_iq.treefile
  Likelihood distances:          FungalCW_tree_20231129.top_50.partition_iq.mldist

Ultrafast bootstrap approximation results written to:
  Split support values:          FungalCW_tree_20231129.top_50.partition_iq.splits.nex
  Consensus tree:                FungalCW_tree_20231129.top_50.partition_iq.contree
  Screen log file:               FungalCW_tree_20231129.top_50.partition_iq.log

Date and Time: Wed Nov 29 12:33:44 2023
