IQ-TREE multicore version 2.2.2.6 COVID-edition for Linux 64-bit built May 27 2023
Developed by Bui Quang Minh, James Barbetti, Nguyen Lam Tung,
Olga Chernomor, Heiko Schmidt, Dominik Schrempf, Michael Woodhams, Ly Trong Nhan.

Host:    i21 (AVX2, FMA3, 503 GB RAM)
Command: iqtree2 -s FungalCW_tree_20231129/103461at4751.aa.mfa -gz -B 1000 -alrt 1000 -nt 2
Seed:    271967 (Using SPRNG - Scalable Parallel Random Number Generator)
Time:    Wed Nov 29 01:29:04 2023
Kernel:  AVX+FMA - 2 threads (2 CPU cores detected)

Reading alignment file FungalCW_tree_20231129/103461at4751.aa.mfa ... Fasta format detected
Reading fasta file: done in 0.000513077 secs using 66.46% CPU
Alignment most likely contains protein sequences
Constructing alignment: done in 0.00348997 secs using 83.18% CPU
Alignment has 18 sequences with 1729 columns, 1520 distinct patterns
820 parsimony-informative, 648 singleton sites, 261 constant sites
                                                               Gap/Ambiguity  Composition  p-value
Analyzing sequences: done in 0.000104189 secs using 52.79% CPU
   1  Basidiobolus_meristosporus_CBS_931.73.Basme2finSC.v1            41.24%    failed      0.31%
   2  Botrytis_cinerea_T4                                             34.93%    passed     79.24%
   3  Capillidium_pumilum_ARSEF_79                                    43.55%    failed      2.36%
   4  Colletotrichum_graminicola_M1.001                               35.69%    failed      0.46%
   5  Colletotrichum_higginsianum_IMI_349063                          29.27%    passed     17.69%
   6  Fusarium_graminearum_PH-1                                       30.19%    passed     70.10%
   7  Fusarium_verticillioides_7600                                   32.33%    passed     99.18%
   8  Gilbertella_persicaria_var_persicaria_CBS_190.32-T.Gilper1.v1   39.97%    passed     31.56%
   9  Mortierella_elongata_AG-77                                      48.93%    passed      5.70%
  10  Mucor_mucedo_NRRL_3635                                          36.90%    passed     91.73%
  11  Neoconidiobolus_thromboides_FSU_785.Conth1.v1                   56.16%    failed      0.13%
  12  Phycomyces_blakesleeanus_NRRL_1555.Phybl2.v2                    53.67%    failed      5.00%
  13  Rhizopus_stolonifer_NRRL_66455                                  35.57%    passed     25.28%
  14  Trichoderma_harzianum_CBS_226.95                                28.92%    passed     96.29%
  15  Umbelopsis_ramanniana_NRRL_5844.Umbra1.v1                       42.86%    failed      4.90%
  16  Ustilago_maydis                                                 33.55%    failed      0.17%
  17  Zoophthora_radicans_ATCC_208865                                 40.02%    failed      0.31%
  18  Zymoseptoria_tritici_IP0323                                     32.16%    passed     65.22%
WARNING: 2 sequences contain more than 50% gaps/ambiguity
****  TOTAL                                                           38.66%  8 sequences failed composition chi2 test (p-value<5%; df=19)
Checking for duplicate sequences: done in 0.000186205 secs using 125.7% CPU


Create initial parsimony tree by phylogenetic likelihood library (PLL)... 0.005 seconds
Perform fast likelihood tree search using LG+I+G model...
Estimate model parameters (epsilon = 5.000)
Perform nearest neighbor interchange...
Optimizing NNI: done in 0.442066 secs using 198.3% CPU
Estimate model parameters (epsilon = 1.000)
1. Initial log-likelihood: -34219.173
Optimal log-likelihood: -34218.148
Proportion of invariable sites: 0.060
Gamma shape alpha: 0.494
Parameters optimization took 1 rounds (0.291 sec)
Time for fast ML tree search: 1.618 seconds

NOTE: ModelFinder requires 48 MB RAM!
ModelFinder will test up to 1232 protein models (sample size: 1729) ...
 No. Model         -LnL         df  AIC          AICc         BIC
  1  LG            37794.050    33  75654.100    75655.424    75834.125
  2  LG+I          36450.234    34  72968.469    72969.874    73153.949
  3  LG+G4         34202.313    34  68472.626    68474.031    68658.106
  4  LG+I+G4       34202.625    35  68475.251    68476.739    68666.186
  5  LG+R2         34425.909    35  68921.818    68923.306    69112.753
  6  LG+R3         34188.041    37  68450.083    68451.746    68651.929
  7  LG+R4         34168.976    39  68415.952    68417.799    68628.708
  8  LG+R5         34153.324    41  68388.648    68390.689    68612.315
  9  LG+R6         34152.813    43  68391.626    68393.871    68626.203
 14  LG+I+R2       34255.479    36  68582.957    68584.532    68779.348
 15  LG+I+R3       34177.356    38  68430.712    68432.465    68638.013
 16  LG+I+R4       34152.812    40  68385.623    68387.566    68603.835
 17  LG+I+R5       34147.071    42  68378.141    68380.284    68607.264
 30  LG+F+R5       33570.262    60  67260.524    67264.912    67587.842
 38  LG+F+I+R4     33567.650    59  67253.301    67257.543    67575.163
 39  LG+F+I+R5     33560.889    61  67243.778    67248.315    67576.551
 52  WAG+R5        34231.724    41  68545.448    68547.490    68769.116
 60  WAG+I+R4      34225.329    40  68530.659    68532.602    68748.870
 61  WAG+I+R5      34221.523    42  68527.045    68529.187    68756.168
 74  WAG+F+R5      33590.735    60  67301.469    67305.858    67628.787
 82  WAG+F+I+R4    33590.765    59  67299.529    67303.771    67621.392
 83  WAG+F+I+R5    33588.169    61  67298.337    67302.875    67631.110
 96  JTT+R5        34328.727    41  68739.454    68741.495    68963.121
104  JTT+I+R4      34324.886    40  68729.772    68731.715    68947.984
105  JTT+I+R5      34323.469    42  68730.939    68733.081    68960.061
118  JTT+F+R5      33661.885    60  67443.770    67448.159    67771.088
126  JTT+F+I+R4    33661.150    59  67440.300    67444.542    67762.163
127  JTT+F+I+R5    33656.091    61  67434.182    67438.719    67766.955
WARNING: Normalizing state frequencies so that sum of them equals to 1
140  Q.pfam+R5     34087.326    41  68256.651    68258.693    68480.318
WARNING: Normalizing state frequencies so that sum of them equals to 1
148  Q.pfam+I+R4   34084.752    40  68249.503    68251.447    68467.715
WARNING: Normalizing state frequencies so that sum of them equals to 1
149  Q.pfam+I+R5   34084.316    42  68252.632    68254.774    68481.754
WARNING: Normalizing state frequencies so that sum of them equals to 1
162  Q.pfam+F+R5   33568.865    60  67257.729    67262.118    67585.047
WARNING: Normalizing state frequencies so that sum of them equals to 1
170  Q.pfam+F+I+R4 33572.764    59  67263.527    67267.769    67585.390
WARNING: Normalizing state frequencies so that sum of them equals to 1
171  Q.pfam+F+I+R5 33567.057    61  67256.114    67260.651    67588.887
WARNING: Normalizing state frequencies so that sum of them equals to 1
184  Q.bird+R5     34612.605    41  69307.211    69309.252    69530.878
WARNING: Normalizing state frequencies so that sum of them equals to 1
192  Q.bird+I+R4   34619.658    40  69319.317    69321.260    69537.529
WARNING: Normalizing state frequencies so that sum of them equals to 1
193  Q.bird+I+R5   34614.374    42  69312.747    69314.889    69541.870
WARNING: Normalizing state frequencies so that sum of them equals to 1
206  Q.bird+F+R5   33892.262    60  67904.524    67908.912    68231.842
WARNING: Normalizing state frequencies so that sum of them equals to 1
214  Q.bird+F+I+R4 33895.555    59  67909.109    67913.351    68230.972
WARNING: Normalizing state frequencies so that sum of them equals to 1
215  Q.bird+F+I+R5 33889.917    61  67901.834    67906.372    68234.607
WARNING: Normalizing state frequencies so that sum of them equals to 1
NOTE: 3.451 seconds to dump checkpoint file, increase to 70.000
228  Q.mammal+R5   34490.656    41  69063.312    69065.353    69286.979
WARNING: Normalizing state frequencies so that sum of them equals to 1
236  Q.mammal+I+R4 34495.982    40  69071.963    69073.907    69290.175
WARNING: Normalizing state frequencies so that sum of them equals to 1
237  Q.mammal+I+R5 34490.840    42  69065.681    69067.823    69294.804
WARNING: Normalizing state frequencies so that sum of them equals to 1
250  Q.mammal+F+R5 33795.828    60  67711.656    67716.044    68038.974
WARNING: Normalizing state frequencies so that sum of them equals to 1
258  Q.mammal+F+I+R4 33797.822    59  67713.644    67717.886    68035.507
WARNING: Normalizing state frequencies so that sum of them equals to 1
259  Q.mammal+F+I+R5 33793.263    61  67708.527    67713.064    68041.300
272  Q.insect+R5   34431.764    41  68945.528    68947.570    69169.195
280  Q.insect+I+R4 34431.683    40  68943.366    68945.309    69161.578
281  Q.insect+I+R5 34431.750    42  68947.499    68949.642    69176.622
294  Q.insect+F+R5 33581.632    60  67283.264    67287.653    67610.582
302  Q.insect+F+I+R4 33582.589    59  67283.178    67287.420    67605.040
303  Q.insect+F+I+R5 33577.006    61  67276.011    67280.549    67608.785
WARNING: Normalizing state frequencies so that sum of them equals to 1
316  Q.plant+R5    34375.280    41  68832.560    68834.602    69056.228
WARNING: Normalizing state frequencies so that sum of them equals to 1
324  Q.plant+I+R4  34383.066    40  68846.132    68848.075    69064.344
WARNING: Normalizing state frequencies so that sum of them equals to 1
325  Q.plant+I+R5  34373.890    42  68831.780    68833.923    69060.903
WARNING: Normalizing state frequencies so that sum of them equals to 1
338  Q.plant+F+R5  33712.676    60  67545.351    67549.740    67872.669
WARNING: Normalizing state frequencies so that sum of them equals to 1
346  Q.plant+F+I+R4 33714.081    59  67546.162    67550.404    67868.025
WARNING: Normalizing state frequencies so that sum of them equals to 1
347  Q.plant+F+I+R5 33708.506    61  67539.012    67543.550    67871.785
WARNING: Normalizing state frequencies so that sum of them equals to 1
360  Q.yeast+R5    34405.482    41  68892.964    68895.005    69116.631
WARNING: Normalizing state frequencies so that sum of them equals to 1
368  Q.yeast+I+R4  34404.732    40  68889.464    68891.407    69107.676
WARNING: Normalizing state frequencies so that sum of them equals to 1
369  Q.yeast+I+R5  34404.230    42  68892.460    68894.602    69121.583
WARNING: Normalizing state frequencies so that sum of them equals to 1
382  Q.yeast+F+R5  33574.900    60  67269.799    67274.188    67597.117
WARNING: Normalizing state frequencies so that sum of them equals to 1
390  Q.yeast+F+I+R4 33575.858    59  67269.716    67273.958    67591.579
WARNING: Normalizing state frequencies so that sum of them equals to 1
391  Q.yeast+F+I+R5 33575.229    61  67272.458    67276.995    67605.231
404  JTTDCMut+R5   34332.624    41  68747.247    68749.289    68970.915
412  JTTDCMut+I+R4 34328.828    40  68737.655    68739.598    68955.867
413  JTTDCMut+I+R5 34327.449    42  68738.899    68741.041    68968.021
426  JTTDCMut+F+R5 33656.953    60  67433.907    67438.295    67761.225
434  JTTDCMut+F+I+R4 33656.298    59  67430.596    67434.838    67752.459
435  JTTDCMut+F+I+R5 33651.247    61  67424.493    67429.031    67757.266
448  DCMut+R5      34508.477    41  69098.954    69100.996    69322.622
456  DCMut+I+R4    34504.663    40  69089.325    69091.269    69307.537
457  DCMut+I+R5    34501.178    42  69086.355    69088.498    69315.478
470  DCMut+F+R5    33638.389    60  67396.778    67401.167    67724.096
478  DCMut+F+I+R4  33639.194    59  67396.388    67400.630    67718.250
479  DCMut+F+I+R5  33636.732    61  67395.464    67400.001    67728.237
492  VT+R5         34223.379    41  68528.758    68530.799    68752.425
500  VT+I+R4       34216.680    40  68513.360    68515.303    68731.572
501  VT+I+R5       34212.446    42  68508.892    68511.035    68738.015
514  VT+F+R5       33614.759    60  67349.517    67353.906    67676.835
522  VT+F+I+R4     33617.039    59  67352.077    67356.319    67673.940
523  VT+F+I+R5     33611.736    61  67345.472    67350.009    67678.245
536  PMB+R5        34555.497    41  69192.993    69195.035    69416.660
544  PMB+I+R4      34549.194    40  69178.389    69180.332    69396.601
545  PMB+I+R5      34549.102    42  69182.204    69184.346    69411.326
558  PMB+F+R5      33662.146    60  67444.293    67448.681    67771.611
566  PMB+F+I+R4    33662.148    59  67442.296    67446.538    67764.159
567  PMB+F+I+R5    33659.595    61  67441.190    67445.728    67773.964
580  Blosum62+R5   34528.428    41  69138.855    69140.897    69362.523
588  Blosum62+I+R4 34522.637    40  69125.275    69127.218    69343.487
589  Blosum62+I+R5 34522.419    42  69128.838    69130.981    69357.961
602  Blosum62+F+R5 33666.479    60  67452.957    67457.346    67780.275
610  Blosum62+F+I+R4 33669.474    59  67456.947    67461.189    67778.810
611  Blosum62+F+I+R5 33661.806    61  67445.611    67450.149    67778.384
624  Dayhoff+R5    34508.012    41  69098.024    69100.065    69321.691
632  Dayhoff+I+R4  34504.264    40  69088.527    69090.470    69306.739
633  Dayhoff+I+R5  34500.812    42  69085.623    69087.766    69314.746
646  Dayhoff+F+R5  33638.365    60  67396.731    67401.119    67724.048
654  Dayhoff+F+I+R4 33639.220    59  67396.440    67400.682    67718.303
655  Dayhoff+F+I+R5 33637.044    61  67396.089    67400.626    67728.862
668  mtREV+R5      36913.342    41  73908.685    73910.726    74132.352
676  mtREV+I+R4    36922.908    40  73925.816    73927.759    74144.028
677  mtREV+I+R5    36916.213    42  73916.425    73918.568    74145.548
690  mtREV+F+R5    33733.770    60  67587.540    67591.929    67914.858
698  mtREV+F+I+R4  33744.709    59  67607.417    67611.659    67929.280
699  mtREV+F+I+R5  33729.623    61  67581.247    67585.784    67914.020
712  mtART+R5      37331.428    41  74744.855    74746.897    74968.523
720  mtART+I+R4    37347.579    40  74775.158    74777.101    74993.370
721  mtART+I+R5    37339.571    42  74763.142    74765.284    74992.264
734  mtART+F+R5    33797.556    60  67715.112    67719.500    68042.430
742  mtART+F+I+R4  33798.564    59  67715.127    67719.369    68036.990
743  mtART+F+I+R5  33796.616    61  67715.232    67719.769    68048.005
756  mtZOA+R5      36584.947    41  73251.893    73253.935    73475.560
764  mtZOA+I+R4    36600.304    40  73280.609    73282.552    73498.821
765  mtZOA+I+R5    36591.425    42  73266.849    73268.992    73495.972
778  mtZOA+F+R5    33728.620    60  67577.241    67581.629    67904.559
786  mtZOA+F+I+R4  33730.347    59  67578.694    67582.936    67900.557
787  mtZOA+F+I+R5  33720.378    61  67562.757    67567.294    67895.530
800  mtMet+R5      37340.242    41  74762.484    74764.525    74986.151
808  mtMet+I+R4    37360.155    40  74800.309    74802.253    75018.521
809  mtMet+I+R5    37349.184    42  74782.368    74784.510    75011.490
822  mtMet+F+R5    33784.298    60  67688.595    67692.984    68015.913
830  mtMet+F+I+R4  33785.998    59  67689.995    67694.237    68011.858
831  mtMet+F+I+R5  33769.021    61  67660.042    67664.580    67992.816
844  mtVer+R5      37251.062    41  74584.123    74586.165    74807.791
852  mtVer+I+R4    37277.143    40  74634.286    74636.230    74852.498
853  mtVer+I+R5    37249.517    42  74583.034    74585.176    74812.156
866  mtVer+F+R5    33943.542    60  68007.084    68011.473    68334.402
874  mtVer+F+I+R4  33943.854    59  68005.707    68009.949    68327.570
875  mtVer+F+I+R5  33924.533    61  67971.066    67975.604    68303.840
888  mtInv+R5      37796.790    41  75675.579    75677.621    75899.246
896  mtInv+I+R4    37815.146    40  75710.293    75712.236    75928.505
897  mtInv+I+R5    37803.018    42  75690.035    75692.178    75919.158
910  mtInv+F+R5    33696.995    60  67513.991    67518.379    67841.308
918  mtInv+F+I+R4  33702.611    59  67523.222    67527.464    67845.085
919  mtInv+F+I+R5  33692.798    61  67507.597    67512.134    67840.370
932  mtMAM+R5      37288.267    41  74658.533    74660.575    74882.201
940  mtMAM+I+R4    37290.804    40  74661.609    74663.552    74879.820
941  mtMAM+I+R5    37290.750    42  74665.501    74667.643    74894.623
954  mtMAM+F+R5    34013.923    60  68147.845    68152.234    68475.163
962  mtMAM+F+I+R4  34012.868    59  68143.736    68147.978    68465.599
963  mtMAM+F+I+R5  34010.827    61  68143.654    68148.191    68476.427
WARNING: Normalizing state frequencies so that sum of them equals to 1
976  FLAVI+R5      35275.664    41  70633.328    70635.369    70856.995
WARNING: Normalizing state frequencies so that sum of them equals to 1
984  FLAVI+I+R4    35287.039    40  70654.079    70656.022    70872.291
WARNING: Normalizing state frequencies so that sum of them equals to 1
985  FLAVI+I+R5    35274.155    42  70632.310    70634.453    70861.433
WARNING: Normalizing state frequencies so that sum of them equals to 1
998  FLAVI+F+R5    34080.645    60  68281.290    68285.678    68608.608
WARNING: Normalizing state frequencies so that sum of them equals to 1
1006  FLAVI+F+I+R4  34082.576    59  68283.153    68287.395    68605.015
WARNING: Normalizing state frequencies so that sum of them equals to 1
1007  FLAVI+F+I+R5  34075.972    61  68273.945    68278.482    68606.718
1020  HIVb+R5       34884.410    41  69850.820    69852.862    70074.488
1028  HIVb+I+R4     34888.103    40  69856.206    69858.149    70074.418
1029  HIVb+I+R5     34879.437    42  69842.875    69845.017    70071.997
1042  HIVb+F+R5     33895.742    60  67911.484    67915.873    68238.802
1050  HIVb+F+I+R4   33888.651    59  67895.302    67899.544    68217.165
1051  HIVb+F+I+R5   33886.884    61  67895.768    67900.305    68228.541
1064  HIVw+R5       35947.754    41  71977.508    71979.549    72201.175
1072  HIVw+I+R4     35947.717    40  71975.433    71977.376    72193.645
1073  HIVw+I+R5     35940.895    42  71965.790    71967.932    72194.913
1086  HIVw+F+R5     34178.665    60  68477.330    68481.719    68804.648
1094  HIVw+F+I+R4   34179.956    59  68477.912    68482.155    68799.775
1095  HIVw+F+I+R5   34176.009    61  68474.018    68478.556    68806.792
1108  FLU+R5        34899.126    41  69880.253    69882.294    70103.920
1116  FLU+I+R4      34898.277    40  69876.554    69878.497    70094.766
1117  FLU+I+R5      34897.639    42  69879.278    69881.420    70108.400
1130  FLU+F+R5      33804.466    60  67728.932    67733.320    68056.250
1138  FLU+F+I+R4    33804.541    59  67727.082    67731.324    68048.944
1139  FLU+F+I+R5    33802.258    61  67726.516    67731.053    68059.289
1152  rtREV+R5      34625.764    41  69333.528    69335.570    69557.196
1160  rtREV+I+R4    34624.262    40  69328.524    69330.467    69546.736
1161  rtREV+I+R5    34624.056    42  69332.112    69334.254    69561.234
1174  rtREV+F+R5    33575.877    60  67271.754    67276.142    67599.071
1182  rtREV+F+I+R4  33579.872    59  67277.745    67281.987    67599.607
1183  rtREV+F+I+R5  33573.661    61  67269.323    67273.860    67602.096
1196  cpREV+R5      34667.482    41  69416.965    69419.006    69640.632
1204  cpREV+I+R4    34672.832    40  69425.663    69427.607    69643.875
1205  cpREV+I+R5    34669.190    42  69422.380    69424.522    69651.503
1218  cpREV+F+R5    33686.054    60  67492.109    67496.497    67819.426
1226  cpREV+F+I+R4  33688.499    59  67494.997    67499.239    67816.860
1227  cpREV+F+I+R5  33684.792    61  67491.583    67496.121    67824.356
Akaike Information Criterion:           LG+F+I+R5
Corrected Akaike Information Criterion: LG+F+I+R5
Bayesian Information Criterion:         LG+F+I+R4
Best-fit model: LG+F+I+R4 chosen according to BIC

All model information printed to FungalCW_tree_20231129/103461at4751.aa.mfa.model.gz
CPU time for ModelFinder: 3333.628 seconds (0h:55m:33s)
Wall-clock time for ModelFinder: 1680.664 seconds (0h:28m:0s)
Generating 1000 samples for ultrafast bootstrap (seed: 271967)...

NOTE: 23 MB RAM (0 GB) is required!
Estimate model parameters (epsilon = 0.100)
1. Initial log-likelihood: -33567.650
Optimal log-likelihood: -33567.575
Proportion of invariable sites: 0.081
Site proportion and rates:  (0.178,0.011) (0.194,0.046) (0.142,0.261) (0.405,2.349)
Parameters optimization took 1 rounds (0.402 sec)
Wrote distance file to... 
Computing ML distances based on estimated model parameters...
Calculating distance matrix: done in 0.087497 secs using 198% CPU
Computing ML distances took 0.087838 sec (of wall-clock time) 0.173899 sec (of CPU time)
WARNING: Some pairwise ML distances are too long (saturated)
Setting up auxiliary I and S matrices: done in 5.60284e-05 secs using 198.1% CPU
Constructing RapidNJ tree: done in 0.000187159 secs using 198.8% CPU
Computing RapidNJ tree took 0.000336 sec (of wall-clock time) 0.000668 sec (of CPU time)
Log-likelihood of RapidNJ tree: -33742.493
--------------------------------------------------------------------
|             INITIALIZING CANDIDATE TREE SET                      |
--------------------------------------------------------------------
Generating 98 parsimony trees... 0.901 second
Computing log-likelihood of 98 initial trees ... 4.668 seconds
Current best score: -33567.575

Do NNI search on 20 best initial trees
Optimizing NNI: done in 0.205144 secs using 198.6% CPU
Estimate model parameters (epsilon = 0.100)
BETTER TREE FOUND at iteration 1: -33567.527
Optimizing NNI: done in 0.703164 secs using 198.8% CPU
Optimizing NNI: done in 0.923129 secs using 198.9% CPU
Optimizing NNI: done in 0.955539 secs using 198.9% CPU
Optimizing NNI: done in 0.831809 secs using 198.7% CPU
Optimizing NNI: done in 1.06513 secs using 198.9% CPU
Optimizing NNI: done in 0.959401 secs using 198.8% CPU
Optimizing NNI: done in 1.17732 secs using 198.8% CPU
Optimizing NNI: done in 0.984293 secs using 199% CPU
Optimizing NNI: done in 0.994709 secs using 199% CPU
Iteration 10 / LogL: -33593.289 / Time: 0h:0m:16s
Optimizing NNI: done in 1.05145 secs using 198.9% CPU
Optimizing NNI: done in 1.14863 secs using 198.7% CPU
Optimizing NNI: done in 0.784674 secs using 198.8% CPU
Optimizing NNI: done in 1.03402 secs using 198.9% CPU
Optimizing NNI: done in 0.960362 secs using 198.9% CPU
Optimizing NNI: done in 0.988311 secs using 199% CPU
Optimizing NNI: done in 1.14316 secs using 199% CPU
Optimizing NNI: done in 0.776345 secs using 199.2% CPU
Optimizing NNI: done in 1.00828 secs using 199% CPU
Optimizing NNI: done in 0.810656 secs using 199% CPU
Iteration 20 / LogL: -33601.820 / Time: 0h:0m:25s
Finish initializing candidate tree set (2)
Current best tree score: -33567.527 / CPU time: 24.681
Number of iterations: 20
--------------------------------------------------------------------
|               OPTIMIZING CANDIDATE TREE SET                      |
--------------------------------------------------------------------
Optimizing NNI: done in 0.534071 secs using 198.9% CPU
Optimizing NNI: done in 0.737196 secs using 199.1% CPU
Optimizing NNI: done in 0.513679 secs using 199.2% CPU
Optimizing NNI: done in 0.616078 secs using 198.8% CPU
Optimizing NNI: done in 0.345975 secs using 198.9% CPU
Optimizing NNI: done in 0.581454 secs using 198.8% CPU
Optimizing NNI: done in 0.707949 secs using 199.1% CPU
Optimizing NNI: done in 0.591172 secs using 198.6% CPU
Optimizing NNI: done in 0.813758 secs using 198.9% CPU
Optimizing NNI: done in 0.525496 secs using 199.1% CPU
Iteration 30 / LogL: -33567.620 / Time: 0h:0m:32s (0h:1m:18s left)
Optimizing NNI: done in 1.03437 secs using 198.7% CPU
Optimizing NNI: done in 0.757983 secs using 199.1% CPU
Optimizing NNI: done in 0.499796 secs using 199.1% CPU
Optimizing NNI: done in 0.498166 secs using 198% CPU
Optimizing NNI: done in 0.867264 secs using 198.9% CPU
Optimizing NNI: done in 0.936373 secs using 199% CPU
Optimizing NNI: done in 0.642788 secs using 199% CPU
Optimizing NNI: done in 0.653264 secs using 198.9% CPU
Optimizing NNI: done in 0.842288 secs using 199.1% CPU
Optimizing NNI: done in 0.606642 secs using 198.8% CPU
Iteration 40 / LogL: -33593.099 / Time: 0h:0m:39s (0h:1m:1s left)
Optimizing NNI: done in 0.584148 secs using 198.9% CPU
Optimizing NNI: done in 0.334713 secs using 198.7% CPU
Optimizing NNI: done in 0.801486 secs using 199.1% CPU
Optimizing NNI: done in 0.786703 secs using 198.8% CPU
Optimizing NNI: done in 0.529831 secs using 199.1% CPU
Optimizing NNI: done in 0.868518 secs using 199% CPU
Optimizing NNI: done in 0.821658 secs using 199% CPU
Optimizing NNI: done in 0.784915 secs using 198.7% CPU
Optimizing NNI: done in 0.575837 secs using 198.9% CPU
Optimizing NNI: done in 0.532758 secs using 198.9% CPU
Iteration 50 / LogL: -33572.734 / Time: 0h:0m:46s (0h:0m:48s left)
Log-likelihood cutoff on original alignment: -33609.896
Optimizing NNI: done in 0.55618 secs using 199.1% CPU
Optimizing NNI: done in 0.672937 secs using 199.2% CPU
Optimizing NNI: done in 0.431854 secs using 199.1% CPU
Optimizing NNI: done in 0.914787 secs using 199.1% CPU
Optimizing NNI: done in 0.423187 secs using 199.1% CPU
Optimizing NNI: done in 0.653392 secs using 199.1% CPU
Optimizing NNI: done in 0.862048 secs using 199.1% CPU
Optimizing NNI: done in 0.705404 secs using 199% CPU
Optimizing NNI: done in 0.863025 secs using 199.1% CPU
Optimizing NNI: done in 0.423928 secs using 198.9% CPU
Iteration 60 / LogL: -33573.487 / Time: 0h:0m:53s (0h:0m:36s left)
Optimizing NNI: done in 0.767984 secs using 199% CPU
Optimizing NNI: done in 0.78581 secs using 198.8% CPU
Optimizing NNI: done in 0.43834 secs using 199.1% CPU
Optimizing NNI: done in 0.397846 secs using 198.5% CPU
Optimizing NNI: done in 0.638684 secs using 198.8% CPU
Optimizing NNI: done in 0.732151 secs using 199% CPU
Optimizing NNI: done in 0.527708 secs using 199.1% CPU
Optimizing NNI: done in 0.833069 secs using 198.9% CPU
Optimizing NNI: done in 0.527346 secs using 198.9% CPU
Optimizing NNI: done in 0.551367 secs using 198.6% CPU
Iteration 70 / LogL: -33567.585 / Time: 0h:0m:59s (0h:0m:26s left)
Optimizing NNI: done in 0.565565 secs using 198.9% CPU
Optimizing NNI: done in 0.391492 secs using 199.1% CPU
Optimizing NNI: done in 0.721126 secs using 199% CPU
Optimizing NNI: done in 0.424552 secs using 199.1% CPU
Optimizing NNI: done in 0.805538 secs using 199.1% CPU
Optimizing NNI: done in 0.423356 secs using 198.6% CPU
Optimizing NNI: done in 0.641691 secs using 199.1% CPU
Optimizing NNI: done in 0.938496 secs using 198.8% CPU
Optimizing NNI: done in 0.572621 secs using 198.9% CPU
Optimizing NNI: done in 0.538998 secs using 198.9% CPU
Iteration 80 / LogL: -33567.656 / Time: 0h:1m:5s (0h:0m:17s left)
Optimizing NNI: done in 0.755927 secs using 199.1% CPU
Optimizing NNI: done in 0.394116 secs using 199.1% CPU
Optimizing NNI: done in 0.656201 secs using 198.9% CPU
Optimizing NNI: done in 0.913935 secs using 198.8% CPU
Optimizing NNI: done in 0.533273 secs using 198.9% CPU
Optimizing NNI: done in 0.678132 secs using 198.9% CPU
Optimizing NNI: done in 0.531579 secs using 198.9% CPU
Optimizing NNI: done in 0.549369 secs using 198.8% CPU
Optimizing NNI: done in 0.724023 secs using 198.4% CPU
Optimizing NNI: done in 0.557782 secs using 198.9% CPU
Iteration 90 / LogL: -33567.948 / Time: 0h:1m:12s (0h:0m:8s left)
Optimizing NNI: done in 0.590956 secs using 199.1% CPU
Optimizing NNI: done in 0.642131 secs using 199.1% CPU
Optimizing NNI: done in 0.502712 secs using 198.7% CPU
Optimizing NNI: done in 0.654709 secs using 199% CPU
Optimizing NNI: done in 0.442645 secs using 198.9% CPU
Optimizing NNI: done in 0.597642 secs using 199.1% CPU
Optimizing NNI: done in 0.448762 secs using 199.1% CPU
Optimizing NNI: done in 0.478036 secs using 198.9% CPU
Optimizing NNI: done in 0.50263 secs using 198.9% CPU
Optimizing NNI: done in 0.612909 secs using 199% CPU
Iteration 100 / LogL: -33567.625 / Time: 0h:1m:17s (0h:0m:0s left)
Log-likelihood cutoff on original alignment: -33609.987
NOTE: Bootstrap correlation coefficient of split occurrence frequencies: 1.000
Optimizing NNI: done in 0.623609 secs using 198.8% CPU
Optimizing NNI: done in 0.702358 secs using 198.7% CPU
TREE SEARCH COMPLETED AFTER 102 ITERATIONS / Time: 0h:1m:19s

--------------------------------------------------------------------
|                    FINALIZING TREE SEARCH                        |
--------------------------------------------------------------------
Performs final model parameters optimization
Estimate model parameters (epsilon = 0.010)
1. Initial log-likelihood: -33567.527
2. Current log-likelihood: -33567.496
3. Current log-likelihood: -33567.475
4. Current log-likelihood: -33567.460
5. Current log-likelihood: -33567.449
Optimal log-likelihood: -33567.442
Proportion of invariable sites: 0.080
Site proportion and rates:  (0.174,0.010) (0.198,0.044) (0.142,0.253) (0.407,2.344)
Parameters optimization took 5 rounds (1.765 sec)
BEST SCORE FOUND : -33567.442

Testing tree branches by SH-like aLRT with 1000 replicates...
0.472 sec.
Creating bootstrap support values...
Split supports printed to NEXUS file FungalCW_tree_20231129/103461at4751.aa.mfa.splits.nex
Total tree length: 160.651

Total number of iterations: 102
CPU time used for tree search: 155.075 sec (0h:2m:35s)
Wall-clock time used for tree search: 78.069 sec (0h:1m:18s)
Total CPU time used: 162.040 sec (0h:2m:42s)
Total wall-clock time used: 81.658 sec (0h:1m:21s)

Computing bootstrap consensus tree...
Reading input file FungalCW_tree_20231129/103461at4751.aa.mfa.splits.nex...
18 taxa and 70 splits.
Consensus tree written to FungalCW_tree_20231129/103461at4751.aa.mfa.contree
Reading input trees file FungalCW_tree_20231129/103461at4751.aa.mfa.contree
Log-likelihood of consensus tree: -33591.522

Analysis results written to: 
  IQ-TREE report:                FungalCW_tree_20231129/103461at4751.aa.mfa.iqtree
  Maximum-likelihood tree:       FungalCW_tree_20231129/103461at4751.aa.mfa.treefile
  Likelihood distances:          FungalCW_tree_20231129/103461at4751.aa.mfa.mldist

Ultrafast bootstrap approximation results written to:
  Split support values:          FungalCW_tree_20231129/103461at4751.aa.mfa.splits.nex
  Consensus tree:                FungalCW_tree_20231129/103461at4751.aa.mfa.contree
  Screen log file:               FungalCW_tree_20231129/103461at4751.aa.mfa.log

Date and Time: Wed Nov 29 01:58:27 2023
