IQ-TREE multicore version 2.2.2.6 COVID-edition for Linux 64-bit built May 27 2023
Developed by Bui Quang Minh, James Barbetti, Nguyen Lam Tung,
Olga Chernomor, Heiko Schmidt, Dominik Schrempf, Michael Woodhams, Ly Trong Nhan.

Host:    i24 (AVX2, FMA3, 503 GB RAM)
Command: iqtree2 -s FungalCW_tree_20231129/111022at4751.aa.mfa -gz -B 1000 -alrt 1000 -nt 2
Seed:    555555 (Using SPRNG - Scalable Parallel Random Number Generator)
Time:    Wed Nov 29 01:29:04 2023
Kernel:  AVX+FMA - 2 threads (2 CPU cores detected)

Reading alignment file FungalCW_tree_20231129/111022at4751.aa.mfa ... Fasta format detected
Reading fasta file: done in 0.000258923 secs using 32.83% CPU
Alignment most likely contains protein sequences
Constructing alignment: done in 0.00145793 secs using 9.26% CPU
Alignment has 17 sequences with 696 columns, 628 distinct patterns
376 parsimony-informative, 212 singleton sites, 108 constant sites
                                                               Gap/Ambiguity  Composition  p-value
Analyzing sequences: done in 3.91006e-05 secs using 99.74% CPU
   1  Basidiobolus_meristosporus_CBS_931.73.Basme2finSC.v1            36.78%    passed     57.72%
   2  Botrytis_cinerea_T4                                             27.87%    passed     22.57%
   3  Colletotrichum_graminicola_M1.001                               29.31%    passed     95.15%
   4  Colletotrichum_higginsianum_IMI_349063                          24.57%    passed     95.75%
   5  Fusarium_graminearum_PH-1                                       29.74%    passed     84.65%
   6  Fusarium_verticillioides_7600                                   25.14%    passed     90.28%
   7  Gilbertella_persicaria_var_persicaria_CBS_190.32-T.Gilper1.v1   30.89%    passed     20.85%
   8  Mortierella_elongata_AG-77                                      35.49%    passed     75.40%
   9  Mucor_mucedo_NRRL_3635                                          32.61%    passed     83.64%
  10  Neoconidiobolus_thromboides_FSU_785.Conth1.v1                   39.51%    failed      0.85%
  11  Phycomyces_blakesleeanus_NRRL_1555.Phybl2.v2                    32.18%    passed     95.23%
  12  Rhizopus_stolonifer_NRRL_66455                                  32.33%    passed     18.70%
  13  Trichoderma_harzianum_CBS_226.95                                24.71%    passed     79.53%
  14  Umbelopsis_ramanniana_NRRL_5844.Umbra1.v1                       29.74%    passed     96.36%
  15  Ustilago_maydis                                                 27.16%    failed      1.63%
  16  Zoophthora_radicans_ATCC_208865                                 26.29%    passed     56.18%
  17  Zymoseptoria_tritici_IP0323                                     24.28%    passed     50.29%
****  TOTAL                                                           29.92%  2 sequences failed composition chi2 test (p-value<5%; df=19)
Checking for duplicate sequences: done in 0.000103951 secs using 76.96% CPU


Create initial parsimony tree by phylogenetic likelihood library (PLL)... 0.005 seconds
Perform fast likelihood tree search using LG+I+G model...
Estimate model parameters (epsilon = 5.000)
Perform nearest neighbor interchange...
Optimizing NNI: done in 0.151945 secs using 198.1% CPU
Estimate model parameters (epsilon = 1.000)
1. Initial log-likelihood: -13374.183
Optimal log-likelihood: -13373.957
Proportion of invariable sites: 0.111
Gamma shape alpha: 1.059
Parameters optimization took 1 rounds (0.066 sec)
Time for fast ML tree search: 0.469 seconds

NOTE: ModelFinder requires 19 MB RAM!
ModelFinder will test up to 1232 protein models (sample size: 696) ...
 No. Model         -LnL         df  AIC          AICc         BIC
  1  LG            14131.639    31  28325.278    28328.266    28466.184
  2  LG+I          13731.920    32  27527.839    27531.025    27673.290
  3  LG+G4         13387.534    32  26839.068    26842.254    26984.519
  4  LG+I+G4       13373.952    33  26813.905    26817.295    26963.901
  5  LG+R2         13492.884    33  27051.769    27055.159    27201.765
  6  LG+R3         13396.785    35  26863.570    26867.388    27022.657
  7  LG+R4         13371.707    37  26817.414    26821.687    26985.591
  8  LG+R5         13371.372    39  26820.744    26825.500    26998.013
 14  LG+I+R2       13409.565    34  26887.129    26890.730    27041.671
 15  LG+I+R3       13374.481    36  26820.963    26825.005    26984.595
 16  LG+I+R4       13372.758    38  26821.517    26826.028    26994.240
 26  LG+F+I+G4     13340.272    52  26784.543    26793.116    27020.901
 48  WAG+I+G4      13395.754    33  26857.509    26860.898    27007.505
 70  WAG+F+I+G4    13350.914    52  26805.827    26814.400    27042.186
 92  JTT+I+G4      13452.744    33  26971.488    26974.878    27121.485
114  JTT+F+I+G4    13421.397    52  26946.793    26955.365    27183.151
WARNING: Normalizing state frequencies so that sum of them equals to 1
136  Q.pfam+I+G4   13363.440    33  26792.880    26796.270    26942.877
WARNING: Normalizing state frequencies so that sum of them equals to 1
158  Q.pfam+F+I+G4 13334.790    52  26773.581    26782.153    27009.939
WARNING: Normalizing state frequencies so that sum of them equals to 1
180  Q.bird+I+G4   13611.091    33  27288.181    27291.571    27438.178
WARNING: Normalizing state frequencies so that sum of them equals to 1
202  Q.bird+F+I+G4 13594.949    52  27293.898    27302.471    27530.256
WARNING: Normalizing state frequencies so that sum of them equals to 1
224  Q.mammal+I+G4 13543.785    33  27153.570    27156.959    27303.566
WARNING: Normalizing state frequencies so that sum of them equals to 1
246  Q.mammal+F+I+G4 13535.683    52  27175.366    27183.938    27411.724
268  Q.insect+I+G4 13415.291    33  26896.582    26899.971    27046.578
290  Q.insect+F+I+G4 13393.898    52  26891.795    26900.367    27128.153
WARNING: Normalizing state frequencies so that sum of them equals to 1
312  Q.plant+I+G4  13470.444    33  27006.889    27010.279    27156.885
WARNING: Normalizing state frequencies so that sum of them equals to 1
334  Q.plant+F+I+G4 13440.778    52  26985.555    26994.128    27221.913
WARNING: Normalizing state frequencies so that sum of them equals to 1
356  Q.yeast+I+G4  13410.055    33  26886.109    26889.499    27036.106
WARNING: Normalizing state frequencies so that sum of them equals to 1
378  Q.yeast+F+I+G4 13361.302    52  26826.604    26835.176    27062.962
400  JTTDCMut+I+G4 13453.586    33  26973.172    26976.562    27123.169
422  JTTDCMut+F+I+G4 13422.147    52  26948.293    26956.865    27184.651
444  DCMut+I+G4    13545.608    33  27157.216    27160.605    27307.212
466  DCMut+F+I+G4  13447.053    52  26998.105    27006.678    27234.463
488  VT+I+G4       13385.610    33  26837.220    26840.610    26987.217
510  VT+F+I+G4     13365.164    52  26834.329    26842.901    27070.687
532  PMB+I+G4      13467.004    33  27000.008    27003.398    27150.004
554  PMB+F+I+G4    13410.752    52  26925.504    26934.076    27161.862
576  Blosum62+I+G4 13472.790    33  27011.579    27014.969    27161.576
598  Blosum62+F+I+G4 13397.247    52  26898.495    26907.067    27134.853
620  Dayhoff+I+G4  13545.831    33  27157.662    27161.052    27307.659
642  Dayhoff+F+I+G4 13447.193    52  26998.385    27006.958    27234.744
664  mtREV+I+G4    14100.756    33  28267.511    28270.901    28417.508
686  mtREV+F+I+G4  13507.053    52  27118.106    27126.679    27354.464
708  mtART+I+G4    14297.018    33  28660.036    28663.426    28810.033
730  mtART+F+I+G4  13600.588    52  27305.176    27313.748    27541.534
752  mtZOA+I+G4    14050.370    33  28166.739    28170.129    28316.736
774  mtZOA+F+I+G4  13483.320    52  27070.641    27079.213    27306.999
796  mtMet+I+G4    14166.831    33  28399.662    28403.051    28549.658
818  mtMet+F+I+G4  13509.432    52  27122.864    27131.437    27359.223
840  mtVer+I+G4    14214.107    33  28494.214    28497.604    28644.211
862  mtVer+F+I+G4  13608.127    52  27320.255    27328.827    27556.613
884  mtInv+I+G4    14291.949    33  28649.899    28653.289    28799.895
906  mtInv+F+I+G4  13443.284    52  26990.567    26999.139    27226.925
928  mtMAM+I+G4    14302.245    33  28670.489    28673.879    28820.486
950  mtMAM+F+I+G4  13683.717    52  27471.434    27480.007    27707.793
WARNING: Normalizing state frequencies so that sum of them equals to 1
972  FLAVI+I+G4    13906.345    33  27878.691    27882.080    28028.687
WARNING: Normalizing state frequencies so that sum of them equals to 1
994  FLAVI+F+I+G4  13793.668    52  27691.335    27699.908    27927.694
1016  HIVb+I+G4     13683.404    33  27432.809    27436.199    27582.805
1038  HIVb+F+I+G4   13608.759    52  27321.517    27330.089    27557.875
1060  HIVw+I+G4     14082.998    33  28231.996    28235.386    28381.993
1082  HIVw+F+I+G4   13824.509    52  27753.017    27761.589    27989.375
1104  FLU+I+G4      13628.625    33  27323.251    27326.641    27473.247
1126  FLU+F+I+G4    13551.423    52  27206.846    27215.419    27443.205
1148  rtREV+I+G4    13458.129    33  26982.258    26985.647    27132.254
1170  rtREV+F+I+G4  13371.746    52  26847.491    26856.064    27083.849
1192  cpREV+I+G4    13442.220    33  26950.439    26953.829    27100.436
1214  cpREV+F+I+G4  13379.662    52  26863.323    26871.896    27099.682
Akaike Information Criterion:           Q.pfam+F+I+G4
Corrected Akaike Information Criterion: Q.pfam+F+I+G4
Bayesian Information Criterion:         Q.pfam+I+G4
Best-fit model: Q.pfam+I+G4 chosen according to BIC

All model information printed to FungalCW_tree_20231129/111022at4751.aa.mfa.model.gz
CPU time for ModelFinder: 53.348 seconds (0h:0m:53s)
Wall-clock time for ModelFinder: 27.080 seconds (0h:0m:27s)
Generating 1000 samples for ultrafast bootstrap (seed: 555555)...
WARNING: Normalizing state frequencies so that sum of them equals to 1

NOTE: 9 MB RAM (0 GB) is required!
Estimate model parameters (epsilon = 0.100)
Thoroughly optimizing +I+G parameters from 10 start values...
Init pinv, alpha: 0.000, 1.086 / Estimate: 0.000, 0.585 / LogL: -13377.373
Init pinv, alpha: 0.017, 1.086 / Estimate: 0.111, 1.086 / LogL: -13363.428
Init pinv, alpha: 0.034, 1.086 / Estimate: 0.111, 1.088 / LogL: -13363.426
Init pinv, alpha: 0.052, 1.086 / Estimate: 0.110, 1.085 / LogL: -13363.429
Init pinv, alpha: 0.069, 1.086 / Estimate: 0.110, 1.086 / LogL: -13363.427
Init pinv, alpha: 0.086, 1.086 / Estimate: 0.110, 1.089 / LogL: -13363.428
Init pinv, alpha: 0.103, 1.086 / Estimate: 0.110, 1.090 / LogL: -13363.425
Init pinv, alpha: 0.121, 1.086 / Estimate: 0.112, 1.095 / LogL: -13363.428
Init pinv, alpha: 0.138, 1.086 / Estimate: 0.112, 1.096 / LogL: -13363.424
Init pinv, alpha: 0.155, 1.086 / Estimate: 0.112, 1.098 / LogL: -13363.426
Optimal pinv,alpha: 0.112, 1.096 / LogL: -13363.424

Parameters optimization took 4.757 sec
Wrote distance file to... 
Computing ML distances based on estimated model parameters...
Calculating distance matrix: done in 0.0345371 secs using 197.5% CPU
Computing ML distances took 0.034913 sec (of wall-clock time) 0.068922 sec (of CPU time)
Setting up auxiliary I and S matrices: done in 8.01086e-05 secs using 182.3% CPU
Constructing RapidNJ tree: done in 0.000262976 secs using 198.5% CPU
Computing RapidNJ tree took 0.000457 sec (of wall-clock time) 0.000896 sec (of CPU time)
Log-likelihood of RapidNJ tree: -13376.847
--------------------------------------------------------------------
|             INITIALIZING CANDIDATE TREE SET                      |
--------------------------------------------------------------------
Generating 98 parsimony trees... 0.381 second
Computing log-likelihood of 98 initial trees ... 2.131 seconds
Current best score: -13363.424

Do NNI search on 20 best initial trees
Optimizing NNI: done in 0.101251 secs using 198% CPU
Estimate model parameters (epsilon = 0.100)
BETTER TREE FOUND at iteration 1: -13363.422
Optimizing NNI: done in 0.201733 secs using 197.3% CPU
Optimizing NNI: done in 0.261919 secs using 196.4% CPU
Optimizing NNI: done in 0.211297 secs using 197.5% CPU
Optimizing NNI: done in 0.213235 secs using 197.3% CPU
Optimizing NNI: done in 0.27645 secs using 196.2% CPU
Optimizing NNI: done in 0.194962 secs using 197.8% CPU
Optimizing NNI: done in 0.302062 secs using 198% CPU
Optimizing NNI: done in 0.304743 secs using 196.9% CPU
Optimizing NNI: done in 0.330138 secs using 197.3% CPU
Iteration 10 / LogL: -13365.054 / Time: 0h:0m:10s
Optimizing NNI: done in 0.284079 secs using 197.1% CPU
Optimizing NNI: done in 0.27094 secs using 198.1% CPU
Optimizing NNI: done in 0.288176 secs using 197.8% CPU
Optimizing NNI: done in 0.270009 secs using 197.9% CPU
Optimizing NNI: done in 0.216076 secs using 196.1% CPU
Optimizing NNI: done in 0.284408 secs using 196.8% CPU
Optimizing NNI: done in 0.269621 secs using 197.9% CPU
Optimizing NNI: done in 0.340995 secs using 197% CPU
Optimizing NNI: done in 0.269003 secs using 197.5% CPU
Optimizing NNI: done in 0.293358 secs using 198.1% CPU
Iteration 20 / LogL: -13365.113 / Time: 0h:0m:13s
Finish initializing candidate tree set (3)
Current best tree score: -13363.422 / CPU time: 7.876
Number of iterations: 20
--------------------------------------------------------------------
|               OPTIMIZING CANDIDATE TREE SET                      |
--------------------------------------------------------------------
Optimizing NNI: done in 0.390633 secs using 197.5% CPU
Optimizing NNI: done in 0.367112 secs using 197.6% CPU
Optimizing NNI: done in 0.132156 secs using 197.3% CPU
Optimizing NNI: done in 0.323339 secs using 198% CPU
Optimizing NNI: done in 0.32351 secs using 198% CPU
Optimizing NNI: done in 0.206104 secs using 197.5% CPU
Optimizing NNI: done in 0.335488 secs using 197.9% CPU
Optimizing NNI: done in 0.205371 secs using 198.1% CPU
Optimizing NNI: done in 0.329458 secs using 197.8% CPU
Optimizing NNI: done in 0.331026 secs using 197.5% CPU
Iteration 30 / LogL: -13363.686 / Time: 0h:0m:16s (0h:0m:39s left)
Optimizing NNI: done in 0.600904 secs using 197.6% CPU
Optimizing NNI: done in 0.479343 secs using 197.8% CPU
Optimizing NNI: done in 0.355306 secs using 197.7% CPU
Optimizing NNI: done in 0.342999 secs using 197.3% CPU
Optimizing NNI: done in 0.510599 secs using 197.1% CPU
Optimizing NNI: done in 0.302222 secs using 197% CPU
Optimizing NNI: done in 0.350903 secs using 197.7% CPU
Optimizing NNI: done in 0.349549 secs using 197.3% CPU
Optimizing NNI: done in 0.390874 secs using 197.1% CPU
Optimizing NNI: done in 0.362857 secs using 196.8% CPU
Iteration 40 / LogL: -13363.656 / Time: 0h:0m:20s (0h:0m:31s left)
Optimizing NNI: done in 0.318999 secs using 197.9% CPU
Optimizing NNI: done in 0.252563 secs using 197.5% CPU
Optimizing NNI: done in 0.343683 secs using 197.7% CPU
Optimizing NNI: done in 0.438247 secs using 197.4% CPU
Optimizing NNI: done in 0.429131 secs using 197.8% CPU
Optimizing NNI: done in 0.319102 secs using 197.3% CPU
Optimizing NNI: done in 0.312281 secs using 197.1% CPU
Optimizing NNI: done in 0.297716 secs using 198% CPU
Optimizing NNI: done in 0.441948 secs using 197.8% CPU
Optimizing NNI: done in 0.259438 secs using 196.9% CPU
Iteration 50 / LogL: -13368.212 / Time: 0h:0m:23s (0h:0m:24s left)
Log-likelihood cutoff on original alignment: -13399.026
Optimizing NNI: done in 0.298764 secs using 196.9% CPU
Optimizing NNI: done in 0.273719 secs using 197.6% CPU
Optimizing NNI: done in 0.341707 secs using 198% CPU
Optimizing NNI: done in 0.389515 secs using 197.7% CPU
Optimizing NNI: done in 0.19263 secs using 198.2% CPU
Optimizing NNI: done in 0.449143 secs using 197.2% CPU
Optimizing NNI: done in 0.334242 secs using 197.1% CPU
Optimizing NNI: done in 0.29667 secs using 197.5% CPU
Optimizing NNI: done in 0.255084 secs using 197.7% CPU
Optimizing NNI: done in 0.330107 secs using 196.2% CPU
Iteration 60 / LogL: -13367.045 / Time: 0h:0m:27s (0h:0m:18s left)
Optimizing NNI: done in 0.434704 secs using 197.6% CPU
Optimizing NNI: done in 0.302774 secs using 197.2% CPU
Optimizing NNI: done in 0.38828 secs using 197.4% CPU
Optimizing NNI: done in 0.255949 secs using 197.2% CPU
Optimizing NNI: done in 0.388464 secs using 196.9% CPU
Optimizing NNI: done in 0.291232 secs using 197.6% CPU
Optimizing NNI: done in 0.511795 secs using 197.7% CPU
Optimizing NNI: done in 0.358203 secs using 197.9% CPU
Optimizing NNI: done in 0.454542 secs using 196.8% CPU
Optimizing NNI: done in 0.259864 secs using 197.8% CPU
Iteration 70 / LogL: -13371.016 / Time: 0h:0m:30s (0h:0m:13s left)
Optimizing NNI: done in 0.369663 secs using 197.7% CPU
Optimizing NNI: done in 0.271329 secs using 197.8% CPU
Optimizing NNI: done in 0.263528 secs using 198% CPU
Optimizing NNI: done in 0.479302 secs using 197.3% CPU
Optimizing NNI: done in 0.327631 secs using 195.1% CPU
Optimizing NNI: done in 0.236659 secs using 197.2% CPU
Optimizing NNI: done in 0.369905 secs using 197.4% CPU
Optimizing NNI: done in 0.32451 secs using 196.7% CPU
Optimizing NNI: done in 0.394153 secs using 197.5% CPU
Optimizing NNI: done in 0.397254 secs using 197.5% CPU
Iteration 80 / LogL: -13404.628 / Time: 0h:0m:34s (0h:0m:9s left)
Optimizing NNI: done in 0.304164 secs using 197.6% CPU
Optimizing NNI: done in 0.48905 secs using 197% CPU
Optimizing NNI: done in 0.36148 secs using 197.7% CPU
Optimizing NNI: done in 0.179597 secs using 198.1% CPU
Optimizing NNI: done in 0.254342 secs using 197.5% CPU
Optimizing NNI: done in 0.310836 secs using 197.6% CPU
Optimizing NNI: done in 0.209006 secs using 197.9% CPU
Optimizing NNI: done in 0.287927 secs using 197.6% CPU
Optimizing NNI: done in 0.325744 secs using 197.6% CPU
Optimizing NNI: done in 0.265715 secs using 197.9% CPU
Iteration 90 / LogL: -13363.677 / Time: 0h:0m:37s (0h:0m:4s left)
Optimizing NNI: done in 0.422706 secs using 197.8% CPU
Optimizing NNI: done in 0.168873 secs using 197.9% CPU
Optimizing NNI: done in 0.353119 secs using 197.9% CPU
Optimizing NNI: done in 0.500598 secs using 145.4% CPU
Optimizing NNI: done in 0.197558 secs using 197.5% CPU
Optimizing NNI: done in 0.347173 secs using 197.6% CPU
Optimizing NNI: done in 0.338541 secs using 197.4% CPU
Optimizing NNI: done in 0.475597 secs using 197.3% CPU
Optimizing NNI: done in 0.300227 secs using 197.6% CPU
Optimizing NNI: done in 0.186702 secs using 197.4% CPU
Iteration 100 / LogL: -13412.303 / Time: 0h:0m:41s (0h:0m:0s left)
Log-likelihood cutoff on original alignment: -13399.026
NOTE: Bootstrap correlation coefficient of split occurrence frequencies: 0.999
Optimizing NNI: done in 0.23718 secs using 196.8% CPU
Optimizing NNI: done in 0.266172 secs using 197.3% CPU
TREE SEARCH COMPLETED AFTER 102 ITERATIONS / Time: 0h:0m:41s

--------------------------------------------------------------------
|                    FINALIZING TREE SEARCH                        |
--------------------------------------------------------------------
Performs final model parameters optimization
Estimate model parameters (epsilon = 0.010)
1. Initial log-likelihood: -13363.422
Optimal log-likelihood: -13363.422
Proportion of invariable sites: 0.111
Gamma shape alpha: 1.095
Parameters optimization took 1 rounds (0.068 sec)
BEST SCORE FOUND : -13363.422

Testing tree branches by SH-like aLRT with 1000 replicates...
0.219 sec.
Creating bootstrap support values...
Split supports printed to NEXUS file FungalCW_tree_20231129/111022at4751.aa.mfa.splits.nex
Total tree length: 16.279

Total number of iterations: 102
CPU time used for tree search: 71.698 sec (0h:1m:11s)
Wall-clock time used for tree search: 36.609 sec (0h:0m:36s)
Total CPU time used: 82.434 sec (0h:1m:22s)
Total wall-clock time used: 42.140 sec (0h:0m:42s)

Computing bootstrap consensus tree...
Reading input file FungalCW_tree_20231129/111022at4751.aa.mfa.splits.nex...
17 taxa and 75 splits.
Consensus tree written to FungalCW_tree_20231129/111022at4751.aa.mfa.contree
Reading input trees file FungalCW_tree_20231129/111022at4751.aa.mfa.contree
Log-likelihood of consensus tree: -13363.422

Analysis results written to: 
  IQ-TREE report:                FungalCW_tree_20231129/111022at4751.aa.mfa.iqtree
  Maximum-likelihood tree:       FungalCW_tree_20231129/111022at4751.aa.mfa.treefile
  Likelihood distances:          FungalCW_tree_20231129/111022at4751.aa.mfa.mldist

Ultrafast bootstrap approximation results written to:
  Split support values:          FungalCW_tree_20231129/111022at4751.aa.mfa.splits.nex
  Consensus tree:                FungalCW_tree_20231129/111022at4751.aa.mfa.contree
  Screen log file:               FungalCW_tree_20231129/111022at4751.aa.mfa.log

Date and Time: Wed Nov 29 01:30:14 2023
