IQ-TREE multicore version 2.2.2.6 COVID-edition for Linux 64-bit built May 27 2023
Developed by Bui Quang Minh, James Barbetti, Nguyen Lam Tung,
Olga Chernomor, Heiko Schmidt, Dominik Schrempf, Michael Woodhams, Ly Trong Nhan.

Host:    i24 (AVX2, FMA3, 503 GB RAM)
Command: iqtree2 -s FungalCW_tree_20231129/115993at4751.aa.mfa -gz -B 1000 -alrt 1000 -nt 2
Seed:    850555 (Using SPRNG - Scalable Parallel Random Number Generator)
Time:    Wed Nov 29 01:29:04 2023
Kernel:  AVX+FMA - 2 threads (2 CPU cores detected)

Reading alignment file FungalCW_tree_20231129/115993at4751.aa.mfa ... Fasta format detected
Reading fasta file: done in 0.000319004 secs using 42.95% CPU
Alignment most likely contains protein sequences
Constructing alignment: done in 0.00185394 secs using 176.2% CPU
Alignment has 17 sequences with 922 columns, 787 distinct patterns
558 parsimony-informative, 192 singleton sites, 172 constant sites
                                                               Gap/Ambiguity  Composition  p-value
Analyzing sequences: done in 4.69685e-05 secs using 112.8% CPU
   1  Basidiobolus_meristosporus_CBS_931.73.Basme2finSC.v1            17.46%    passed     75.27%
   2  Botrytis_cinerea_T4                                             17.90%    passed     85.93%
   3  Colletotrichum_graminicola_M1.001                               16.16%    passed     88.63%
   4  Colletotrichum_higginsianum_IMI_349063                          16.16%    passed     84.50%
   5  Fusarium_graminearum_PH-1                                       17.03%    passed     79.98%
   6  Fusarium_verticillioides_7600                                   17.57%    passed     92.66%
   7  Gilbertella_persicaria_var_persicaria_CBS_190.32-T.Gilper1.v1   16.27%    passed     55.18%
   8  Mortierella_elongata_AG-77                                      26.03%    passed     95.49%
   9  Mucor_mucedo_NRRL_3635                                          14.32%    passed     79.57%
  10  Neoconidiobolus_thromboides_FSU_785.Conth1.v1                   20.72%    failed      0.05%
  11  Phycomyces_blakesleeanus_NRRL_1555.Phybl2.v2                    30.80%    passed     86.56%
  12  Rhizopus_stolonifer_NRRL_66455                                  16.81%    passed     97.15%
  13  Trichoderma_harzianum_CBS_226.95                                17.35%    passed     95.90%
  14  Umbelopsis_ramanniana_NRRL_5844.Umbra1.v1                       15.51%    passed     99.98%
  15  Ustilago_maydis                                                 13.02%    failed      0.15%
  16  Zoophthora_radicans_ATCC_208865                                 17.68%    passed     26.35%
  17  Zymoseptoria_tritici_IP0323                                     15.73%    passed     88.27%
****  TOTAL                                                           18.03%  2 sequences failed composition chi2 test (p-value<5%; df=19)
Checking for duplicate sequences: done in 0.000109911 secs using 119.2% CPU


Create initial parsimony tree by phylogenetic likelihood library (PLL)... 0.003 seconds
Perform fast likelihood tree search using LG+I+G model...
Estimate model parameters (epsilon = 5.000)
Perform nearest neighbor interchange...
Optimizing NNI: done in 0.144026 secs using 197.6% CPU
Estimate model parameters (epsilon = 1.000)
1. Initial log-likelihood: -17587.337
Optimal log-likelihood: -17587.019
Proportion of invariable sites: 0.063
Gamma shape alpha: 0.714
Parameters optimization took 1 rounds (0.083 sec)
Time for fast ML tree search: 0.715 seconds

NOTE: ModelFinder requires 24 MB RAM!
ModelFinder will test up to 1232 protein models (sample size: 922) ...
 No. Model         -LnL         df  AIC          AICc         BIC
  1  LG            18615.634    31  37293.269    37295.498    37442.892
  2  LG+I          18223.427    32  36510.854    36513.229    36665.303
  3  LG+G4         17584.218    32  35232.435    35234.811    35386.885
  4  LG+I+G4       17585.552    33  35237.103    35239.630    35396.379
  5  LG+R2         17724.435    33  35514.869    35517.396    35674.145
  6  LG+R3         17593.827    35  35257.654    35260.498    35426.583
  7  LG+R4         17556.054    37  35186.108    35189.289    35364.691
  8  LG+R5         17547.835    39  35173.670    35177.208    35361.905
  9  LG+R6         17547.383    41  35176.765    35180.679    35374.654
 14  LG+I+R2       17624.345    34  35316.690    35319.373    35480.792
 15  LG+I+R3       17566.669    36  35205.339    35208.349    35379.094
 16  LG+I+R4       17548.019    38  35172.038    35175.395    35355.447
 17  LG+I+R5       17547.633    40  35175.266    35178.989    35368.328
 29  LG+F+R4       17483.746    56  35079.492    35086.872    35349.778
 30  LG+F+R5       17477.792    58  35071.583    35079.514    35351.523
 38  LG+F+I+R4     17479.149    57  35072.297    35079.950    35347.410
 51  WAG+R4        17608.589    37  35291.177    35294.358    35469.759
 52  WAG+R5        17606.043    39  35290.086    35293.623    35478.321
 60  WAG+I+R4      17607.209    38  35290.418    35293.775    35473.827
 73  WAG+F+R4      17557.228    56  35226.457    35233.837    35496.743
 74  WAG+F+R5      17554.307    58  35224.613    35232.544    35504.553
 82  WAG+F+I+R4    17555.172    57  35224.345    35231.997    35499.458
 95  JTT+R4        17708.766    37  35491.531    35494.712    35670.113
 96  JTT+R5        17706.444    39  35490.888    35494.425    35679.123
104  JTT+I+R4      17707.403    38  35490.806    35494.163    35674.215
117  JTT+F+R4      17641.342    56  35394.685    35402.065    35664.971
118  JTT+F+R5      17639.556    58  35395.111    35403.042    35675.051
126  JTT+F+I+R4    17640.558    57  35395.115    35402.768    35670.228
WARNING: Normalizing state frequencies so that sum of them equals to 1
139  Q.pfam+R4     17556.442    37  35186.884    35190.065    35365.466
WARNING: Normalizing state frequencies so that sum of them equals to 1
140  Q.pfam+R5     17546.417    39  35170.834    35174.371    35359.069
WARNING: Normalizing state frequencies so that sum of them equals to 1
148  Q.pfam+I+R4   17546.486    38  35168.971    35172.328    35352.380
WARNING: Normalizing state frequencies so that sum of them equals to 1
161  Q.pfam+F+R4   17491.280    56  35094.560    35101.940    35364.846
WARNING: Normalizing state frequencies so that sum of them equals to 1
162  Q.pfam+F+R5   17483.733    58  35083.466    35091.396    35363.405
WARNING: Normalizing state frequencies so that sum of them equals to 1
170  Q.pfam+F+I+R4 17484.115    57  35082.230    35089.882    35357.343
WARNING: Normalizing state frequencies so that sum of them equals to 1
183  Q.bird+R4     17993.705    37  36061.411    36064.592    36239.993
WARNING: Normalizing state frequencies so that sum of them equals to 1
184  Q.bird+R5     17980.265    39  36038.531    36042.068    36226.766
WARNING: Normalizing state frequencies so that sum of them equals to 1
192  Q.bird+I+R4   17980.594    38  36037.188    36040.544    36220.596
WARNING: Normalizing state frequencies so that sum of them equals to 1
205  Q.bird+F+R4   17906.170    56  35924.340    35931.720    36194.626
WARNING: Normalizing state frequencies so that sum of them equals to 1
206  Q.bird+F+R5   17896.787    58  35909.575    35917.505    36189.514
WARNING: Normalizing state frequencies so that sum of them equals to 1
214  Q.bird+F+I+R4 17897.049    57  35908.099    35915.752    36183.212
WARNING: Normalizing state frequencies so that sum of them equals to 1
227  Q.mammal+R4   17881.492    37  35836.983    35840.164    36015.565
WARNING: Normalizing state frequencies so that sum of them equals to 1
228  Q.mammal+R5   17869.864    39  35817.728    35821.265    36005.963
WARNING: Normalizing state frequencies so that sum of them equals to 1
236  Q.mammal+I+R4 17869.999    38  35815.999    35819.356    35999.407
WARNING: Normalizing state frequencies so that sum of them equals to 1
249  Q.mammal+F+R4 17795.880    56  35703.761    35711.141    35974.047
WARNING: Normalizing state frequencies so that sum of them equals to 1
250  Q.mammal+F+R5 17787.827    58  35691.654    35699.584    35971.594
WARNING: Normalizing state frequencies so that sum of them equals to 1
258  Q.mammal+F+I+R4 17787.892    57  35689.784    35697.437    35964.897
271  Q.insect+R4   17607.503    37  35289.006    35292.187    35467.588
272  Q.insect+R5   17598.043    39  35274.086    35277.623    35462.321
280  Q.insect+I+R4 17598.068    38  35272.136    35275.493    35455.545
293  Q.insect+F+R4 17520.821    56  35153.642    35161.022    35423.928
294  Q.insect+F+R5 17515.289    58  35146.578    35154.508    35426.517
302  Q.insect+F+I+R4 17516.072    57  35146.145    35153.798    35421.258
WARNING: Normalizing state frequencies so that sum of them equals to 1
315  Q.plant+R4    17741.107    37  35556.213    35559.394    35734.795
WARNING: Normalizing state frequencies so that sum of them equals to 1
316  Q.plant+R5    17730.842    39  35539.685    35543.222    35727.920
WARNING: Normalizing state frequencies so that sum of them equals to 1
324  Q.plant+I+R4  17731.099    38  35538.197    35541.554    35721.606
WARNING: Normalizing state frequencies so that sum of them equals to 1
337  Q.plant+F+R4  17678.822    56  35469.643    35477.024    35739.930
WARNING: Normalizing state frequencies so that sum of them equals to 1
338  Q.plant+F+R5  17672.438    58  35460.876    35468.806    35740.816
WARNING: Normalizing state frequencies so that sum of them equals to 1
346  Q.plant+F+I+R4 17673.563    57  35461.125    35468.778    35736.238
WARNING: Normalizing state frequencies so that sum of them equals to 1
359  Q.yeast+R4    17583.828    37  35241.655    35244.836    35420.237
WARNING: Normalizing state frequencies so that sum of them equals to 1
360  Q.yeast+R5    17573.686    39  35225.372    35228.910    35413.608
WARNING: Normalizing state frequencies so that sum of them equals to 1
368  Q.yeast+I+R4  17573.590    38  35223.181    35226.538    35406.590
WARNING: Normalizing state frequencies so that sum of them equals to 1
381  Q.yeast+F+R4  17487.243    56  35086.487    35093.867    35356.773
WARNING: Normalizing state frequencies so that sum of them equals to 1
382  Q.yeast+F+R5  17480.094    58  35076.187    35084.118    35356.127
WARNING: Normalizing state frequencies so that sum of them equals to 1
390  Q.yeast+F+I+R4 17480.753    57  35075.507    35083.160    35350.620
403  JTTDCMut+R4   17710.305    37  35494.609    35497.790    35673.191
404  JTTDCMut+R5   17708.502    39  35495.004    35498.542    35683.240
412  JTTDCMut+I+R4 17709.508    38  35495.015    35498.372    35678.424
425  JTTDCMut+F+R4 17642.276    56  35396.552    35403.932    35666.838
426  JTTDCMut+F+R5 17640.720    58  35397.440    35405.370    35677.380
434  JTTDCMut+F+I+R4 17641.638    57  35397.276    35404.929    35672.389
447  DCMut+R4      17800.518    37  35675.036    35678.217    35853.618
448  DCMut+R5      17797.840    39  35673.680    35677.218    35861.915
456  DCMut+I+R4    17799.313    38  35674.626    35677.983    35858.035
469  DCMut+F+R4    17658.003    56  35428.006    35435.386    35698.292
470  DCMut+F+R5    17653.684    58  35423.368    35431.298    35703.307
478  DCMut+F+I+R4  17655.536    57  35425.072    35432.725    35700.185
491  VT+R4         17617.853    37  35309.706    35312.887    35488.288
492  VT+R5         17616.032    39  35310.063    35313.600    35498.298
500  VT+I+R4       17616.714    38  35309.428    35312.785    35492.836
513  VT+F+R4       17574.209    56  35260.418    35267.798    35530.704
514  VT+F+R5       17572.648    58  35261.296    35269.226    35541.235
522  VT+F+I+R4     17573.360    57  35260.719    35268.372    35535.832
535  PMB+R4        17780.588    37  35635.177    35638.358    35813.759
536  PMB+R5        17777.727    39  35633.453    35636.991    35821.689
544  PMB+I+R4      17778.259    38  35632.519    35635.875    35815.927
557  PMB+F+R4      17638.813    56  35389.626    35397.006    35659.913
558  PMB+F+R5      17636.728    58  35389.456    35397.386    35669.395
566  PMB+F+I+R4    17637.483    57  35388.966    35396.619    35664.079
579  Blosum62+R4   17763.954    37  35601.909    35605.090    35780.491
580  Blosum62+R5   17760.507    39  35599.014    35602.551    35787.249
588  Blosum62+I+R4 17761.309    38  35598.619    35601.976    35782.028
601  Blosum62+F+R4 17625.783    56  35363.567    35370.947    35633.853
602  Blosum62+F+R5 17623.616    58  35363.232    35371.162    35643.171
610  Blosum62+F+I+R4 17624.394    57  35362.789    35370.441    35637.902
623  Dayhoff+R4    17800.560    37  35675.120    35678.301    35853.702
624  Dayhoff+R5    17797.793    39  35673.587    35677.124    35861.822
632  Dayhoff+I+R4  17799.364    38  35674.728    35678.085    35858.137
645  Dayhoff+F+R4  17658.150    56  35428.301    35435.681    35698.587
646  Dayhoff+F+R5  17653.771    58  35423.542    35431.473    35703.482
654  Dayhoff+F+I+R4 17655.653    57  35425.305    35432.958    35700.418
667  mtREV+R4      18801.460    37  37676.920    37680.101    37855.502
668  mtREV+R5      18783.717    39  37645.434    37648.972    37833.669
676  mtREV+I+R4    18784.063    38  37644.125    37647.482    37827.534
689  mtREV+F+R4    17818.437    56  35748.874    35756.254    36019.160
690  mtREV+F+R5    17811.575    58  35739.150    35747.081    36019.090
698  mtREV+F+I+R4  17811.382    57  35736.764    35744.416    36011.877
711  mtART+R4      18832.140    37  37738.279    37741.460    37916.862
712  mtART+R5      18820.535    39  37719.069    37722.607    37907.305
720  mtART+I+R4    18821.879    38  37719.757    37723.114    37903.166
733  mtART+F+R4    17836.804    56  35785.609    35792.989    36055.895
734  mtART+F+R5    17819.226    58  35754.452    35762.383    36034.392
742  mtART+F+I+R4  17819.482    57  35752.965    35760.618    36028.078
755  mtZOA+R4      18489.639    37  37053.277    37056.458    37231.859
756  mtZOA+R5      18487.685    39  37053.369    37056.907    37241.605
764  mtZOA+I+R4    18488.246    38  37052.491    37055.848    37235.900
777  mtZOA+F+R4    17704.936    56  35521.872    35529.252    35792.159
778  mtZOA+F+R5    17688.689    58  35493.377    35501.308    35773.317
786  mtZOA+F+I+R4  17689.230    57  35492.460    35500.113    35767.573
799  mtMet+R4      18869.777    37  37813.555    37816.736    37992.137
800  mtMet+R5      18851.115    39  37780.231    37783.768    37968.466
808  mtMet+I+R4    18851.419    38  37778.839    37782.195    37962.247
821  mtMet+F+R4    17836.350    56  35784.700    35792.081    36054.987
822  mtMet+F+R5    17825.337    58  35766.675    35774.605    36046.615
830  mtMet+F+I+R4  17825.593    57  35765.187    35772.840    36040.300
843  mtVer+R4      19075.903    37  38225.806    38228.987    38404.388
844  mtVer+R5      19061.386    39  38200.771    38204.309    38389.007
852  mtVer+I+R4    19062.169    38  38200.338    38203.695    38383.747
865  mtVer+F+R4    18079.540    56  36271.079    36278.459    36541.366
866  mtVer+F+R5    18071.098    58  36258.196    36266.127    36538.136
874  mtVer+F+I+R4  18071.837    57  36257.674    36265.327    36532.788
887  mtInv+R4      18939.606    37  37953.212    37956.393    38131.794
888  mtInv+R5      18922.690    39  37923.379    37926.917    38111.614
896  mtInv+I+R4    18923.120    38  37922.239    37925.596    38105.648
909  mtInv+F+R4    17715.088    56  35542.177    35549.557    35812.463
910  mtInv+F+R5    17703.994    58  35523.988    35531.919    35803.928
918  mtInv+F+I+R4  17704.528    57  35523.055    35530.708    35798.168
931  mtMAM+R4      19180.189    37  38434.379    38437.560    38612.961
932  mtMAM+R5      19163.749    39  38405.497    38409.035    38593.733
940  mtMAM+I+R4    19164.755    38  38405.509    38408.866    38588.918
953  mtMAM+F+R4    18165.032    56  36442.065    36449.445    36712.351
954  mtMAM+F+R5    18145.183    58  36406.366    36414.297    36686.306
962  mtMAM+F+I+R4  18145.540    57  36405.080    36412.733    36680.193
WARNING: Normalizing state frequencies so that sum of them equals to 1
975  FLAVI+R4      18452.011    37  36978.023    36981.204    37156.605
WARNING: Normalizing state frequencies so that sum of them equals to 1
976  FLAVI+R5      18432.534    39  36943.068    36946.605    37131.303
WARNING: Normalizing state frequencies so that sum of them equals to 1
984  FLAVI+I+R4    18432.799    38  36941.598    36944.954    37125.006
WARNING: Normalizing state frequencies so that sum of them equals to 1
997  FLAVI+F+R4    18180.550    56  36473.100    36480.481    36743.387
WARNING: Normalizing state frequencies so that sum of them equals to 1
998  FLAVI+F+R5    18168.209    58  36452.419    36460.349    36732.358
WARNING: Normalizing state frequencies so that sum of them equals to 1
1006  FLAVI+F+I+R4  18168.525    57  36451.050    36458.703    36726.163
1019  HIVb+R4       18143.447    37  36360.893    36364.074    36539.475
1020  HIVb+R5       18134.629    39  36347.257    36350.794    36535.492
1028  HIVb+I+R4     18135.237    38  36346.474    36349.831    36529.883
1041  HIVb+F+R4     17911.134    56  35934.269    35941.649    36204.555
1042  HIVb+F+R5     17905.783    58  35927.565    35935.495    36207.505
1050  HIVb+F+I+R4   17906.947    57  35927.894    35935.546    36203.007
1063  HIVw+R4       18890.262    37  37854.524    37857.705    38033.107
1064  HIVw+R5       18879.442    39  37836.884    37840.422    38025.119
1072  HIVw+I+R4     18879.185    38  37834.371    37837.727    38017.779
1085  HIVw+F+R4     18359.565    56  36831.131    36838.511    37101.417
1086  HIVw+F+R5     18351.345    58  36818.689    36826.620    37098.629
1094  HIVw+F+I+R4   18351.192    57  36816.384    36824.037    37091.497
1107  FLU+R4        18033.535    37  36141.069    36144.250    36319.651
1108  FLU+R5        18020.853    39  36119.705    36123.243    36307.941
1116  FLU+I+R4      18020.794    38  36117.587    36120.944    36300.996
1129  FLU+F+R4      17812.924    56  35737.848    35745.229    36008.135
1130  FLU+F+R5      17798.809    58  35713.617    35721.548    35993.557
1138  FLU+F+I+R4    17798.537    57  35711.074    35718.726    35986.187
1151  rtREV+R4      17710.157    37  35494.315    35497.496    35672.897
1152  rtREV+R5      17701.682    39  35481.364    35484.901    35669.599
1160  rtREV+I+R4    17702.731    38  35481.462    35484.818    35664.870
1173  rtREV+F+R4    17486.125    56  35084.250    35091.630    35354.536
1174  rtREV+F+R5    17478.306    58  35072.611    35080.542    35352.551
1182  rtREV+F+I+R4  17479.590    57  35073.180    35080.833    35348.293
1195  cpREV+R4      17844.789    37  35763.579    35766.760    35942.161
1196  cpREV+R5      17841.848    39  35761.697    35765.234    35949.932
1204  cpREV+I+R4    17841.595    38  35759.189    35762.546    35942.598
1217  cpREV+F+R4    17655.990    56  35423.979    35431.359    35694.266
1218  cpREV+F+R5    17653.123    58  35422.246    35430.177    35702.186
1226  cpREV+F+I+R4  17652.461    57  35418.923    35426.575    35694.036
Akaike Information Criterion:           LG+F+R5
Corrected Akaike Information Criterion: LG+F+R5
Bayesian Information Criterion:         LG+F+I+R4
Best-fit model: LG+F+I+R4 chosen according to BIC

All model information printed to FungalCW_tree_20231129/115993at4751.aa.mfa.model.gz
CPU time for ModelFinder: 608.155 seconds (0h:10m:8s)
Wall-clock time for ModelFinder: 308.629 seconds (0h:5m:8s)
Generating 1000 samples for ultrafast bootstrap (seed: 850555)...

NOTE: 11 MB RAM (0 GB) is required!
Estimate model parameters (epsilon = 0.100)
1. Initial log-likelihood: -17479.149
2. Current log-likelihood: -17478.989
Optimal log-likelihood: -17478.965
Proportion of invariable sites: 0.110
Site proportion and rates:  (0.319,0.122) (0.303,0.385) (0.172,1.224) (0.095,6.673)
Parameters optimization took 2 rounds (0.429 sec)
Wrote distance file to... 
Computing ML distances based on estimated model parameters...
Calculating distance matrix: done in 0.0423741 secs using 198.2% CPU
Computing ML distances took 0.042656 sec (of wall-clock time) 0.084282 sec (of CPU time)
Setting up auxiliary I and S matrices: done in 5.48363e-05 secs using 326.4% CPU
Constructing RapidNJ tree: done in 0.000138044 secs using 99.97% CPU
Computing RapidNJ tree took 0.000303 sec (of wall-clock time) 0.000425 sec (of CPU time)
Log-likelihood of RapidNJ tree: -17489.750
--------------------------------------------------------------------
|             INITIALIZING CANDIDATE TREE SET                      |
--------------------------------------------------------------------
Generating 98 parsimony trees... 0.398 second
Computing log-likelihood of 98 initial trees ... 2.645 seconds
Current best score: -17478.965

Do NNI search on 20 best initial trees
Optimizing NNI: done in 0.125798 secs using 197.8% CPU
Estimate model parameters (epsilon = 0.100)
BETTER TREE FOUND at iteration 1: -17478.954
Optimizing NNI: done in 0.217779 secs using 196.9% CPU
Optimizing NNI: done in 0.380226 secs using 197.5% CPU
Optimizing NNI: done in 0.398074 secs using 197.3% CPU
Optimizing NNI: done in 0.45191 secs using 197.7% CPU
Optimizing NNI: done in 0.458515 secs using 197.9% CPU
Optimizing NNI: done in 0.425677 secs using 197.7% CPU
Optimizing NNI: done in 0.276984 secs using 197.3% CPU
Optimizing NNI: done in 0.43361 secs using 197.3% CPU
Optimizing NNI: done in 0.56161 secs using 197.3% CPU
Iteration 10 / LogL: -17479.769 / Time: 0h:0m:7s
Optimizing NNI: done in 0.470505 secs using 197.3% CPU
Optimizing NNI: done in 0.428157 secs using 197.6% CPU
Optimizing NNI: done in 0.402402 secs using 197.2% CPU
Optimizing NNI: done in 0.277659 secs using 197.1% CPU
Optimizing NNI: done in 0.326187 secs using 197.2% CPU
Optimizing NNI: done in 0.352875 secs using 197.5% CPU
Optimizing NNI: done in 0.425262 secs using 197.4% CPU
Optimizing NNI: done in 0.575624 secs using 197.3% CPU
Optimizing NNI: done in 0.315751 secs using 197.2% CPU
Optimizing NNI: done in 0.495264 secs using 196.8% CPU
Iteration 20 / LogL: -17481.841 / Time: 0h:0m:12s
Finish initializing candidate tree set (1)
Current best tree score: -17478.954 / CPU time: 11.199
Number of iterations: 20
--------------------------------------------------------------------
|               OPTIMIZING CANDIDATE TREE SET                      |
--------------------------------------------------------------------
Optimizing NNI: done in 0.42801 secs using 197.6% CPU
Optimizing NNI: done in 0.322852 secs using 197.9% CPU
Optimizing NNI: done in 0.373022 secs using 197.3% CPU
Optimizing NNI: done in 0.290209 secs using 197.1% CPU
Optimizing NNI: done in 0.39114 secs using 198.1% CPU
Optimizing NNI: done in 0.249557 secs using 196% CPU
Optimizing NNI: done in 0.491197 secs using 197.8% CPU
Optimizing NNI: done in 0.425905 secs using 197.6% CPU
Optimizing NNI: done in 0.337633 secs using 197.7% CPU
Optimizing NNI: done in 0.371024 secs using 198% CPU
Iteration 30 / LogL: -17479.311 / Time: 0h:0m:15s (0h:0m:38s left)
Optimizing NNI: done in 0.532305 secs using 197.3% CPU
Optimizing NNI: done in 0.448307 secs using 197.3% CPU
Optimizing NNI: done in 0.544283 secs using 197.6% CPU
Optimizing NNI: done in 0.31658 secs using 197.8% CPU
Optimizing NNI: done in 0.408694 secs using 197.6% CPU
Optimizing NNI: done in 0.396829 secs using 197.3% CPU
Optimizing NNI: done in 0.322268 secs using 198.1% CPU
Optimizing NNI: done in 0.249621 secs using 197.2% CPU
Optimizing NNI: done in 0.339115 secs using 197.9% CPU
Optimizing NNI: done in 0.449775 secs using 197.8% CPU
Iteration 40 / LogL: -17479.584 / Time: 0h:0m:20s (0h:0m:31s left)
Optimizing NNI: done in 0.397918 secs using 197.5% CPU
Optimizing NNI: done in 0.242609 secs using 198% CPU
Optimizing NNI: done in 0.599853 secs using 197.9% CPU
Optimizing NNI: done in 0.427217 secs using 197.9% CPU
Optimizing NNI: done in 0.36666 secs using 197.5% CPU
Optimizing NNI: done in 0.371744 secs using 197% CPU
Optimizing NNI: done in 0.342872 secs using 197.5% CPU
Optimizing NNI: done in 0.443307 secs using 197.6% CPU
Optimizing NNI: done in 0.525252 secs using 197.8% CPU
Optimizing NNI: done in 0.268972 secs using 198.1% CPU
Iteration 50 / LogL: -17524.895 / Time: 0h:0m:24s (0h:0m:25s left)
Log-likelihood cutoff on original alignment: -17519.776
Optimizing NNI: done in 0.353286 secs using 197.9% CPU
Optimizing NNI: done in 0.514475 secs using 198% CPU
Optimizing NNI: done in 0.20854 secs using 196.6% CPU
Optimizing NNI: done in 0.523603 secs using 198% CPU
Optimizing NNI: done in 0.370624 secs using 197.2% CPU
Optimizing NNI: done in 0.448184 secs using 197.4% CPU
Optimizing NNI: done in 0.432665 secs using 197.8% CPU
Optimizing NNI: done in 0.426132 secs using 197.6% CPU
Optimizing NNI: done in 0.398719 secs using 197.9% CPU
Optimizing NNI: done in 0.280951 secs using 197.7% CPU
Iteration 60 / LogL: -17499.680 / Time: 0h:0m:28s (0h:0m:19s left)
Optimizing NNI: done in 0.39241 secs using 197.8% CPU
Optimizing NNI: done in 0.530492 secs using 197.5% CPU
Optimizing NNI: done in 0.396873 secs using 197.6% CPU
Optimizing NNI: done in 0.374738 secs using 197.9% CPU
Optimizing NNI: done in 0.44738 secs using 197.9% CPU
Optimizing NNI: done in 0.583032 secs using 198.1% CPU
Optimizing NNI: done in 0.332826 secs using 197.5% CPU
Optimizing NNI: done in 0.358249 secs using 198.1% CPU
Optimizing NNI: done in 0.320629 secs using 198% CPU
Optimizing NNI: done in 0.417028 secs using 197.9% CPU
Iteration 70 / LogL: -17479.042 / Time: 0h:0m:32s (0h:0m:14s left)
Optimizing NNI: done in 0.188277 secs using 197.6% CPU
Optimizing NNI: done in 0.296673 secs using 197.8% CPU
Optimizing NNI: done in 0.244752 secs using 197.8% CPU
Optimizing NNI: done in 0.400547 secs using 197.9% CPU
Optimizing NNI: done in 0.475024 secs using 198.2% CPU
Optimizing NNI: done in 0.286467 secs using 197.3% CPU
Optimizing NNI: done in 0.336256 secs using 198.1% CPU
Optimizing NNI: done in 0.40233 secs using 198.3% CPU
Optimizing NNI: done in 0.443494 secs using 197.9% CPU
Optimizing NNI: done in 0.486307 secs using 198.1% CPU
Iteration 80 / LogL: -17500.094 / Time: 0h:0m:36s (0h:0m:9s left)
Optimizing NNI: done in 0.414966 secs using 198% CPU
Optimizing NNI: done in 0.420374 secs using 198.5% CPU
Optimizing NNI: done in 0.395212 secs using 197.6% CPU
Optimizing NNI: done in 0.391781 secs using 197.8% CPU
Optimizing NNI: done in 0.280371 secs using 198% CPU
Optimizing NNI: done in 0.227579 secs using 198.4% CPU
Optimizing NNI: done in 0.345513 secs using 198.2% CPU
Optimizing NNI: done in 0.328417 secs using 198.1% CPU
Optimizing NNI: done in 0.410181 secs using 197.9% CPU
Optimizing NNI: done in 0.327044 secs using 198.2% CPU
Iteration 90 / LogL: -17524.771 / Time: 0h:0m:40s (0h:0m:4s left)
Optimizing NNI: done in 0.388639 secs using 198.2% CPU
Optimizing NNI: done in 0.444061 secs using 198.3% CPU
Optimizing NNI: done in 0.420458 secs using 198% CPU
Optimizing NNI: done in 0.4141 secs using 198.3% CPU
Optimizing NNI: done in 0.369984 secs using 198.2% CPU
Optimizing NNI: done in 0.479745 secs using 198.5% CPU
Optimizing NNI: done in 0.321109 secs using 198.7% CPU
Optimizing NNI: done in 0.355869 secs using 198.1% CPU
Optimizing NNI: done in 0.424905 secs using 198.7% CPU
Optimizing NNI: done in 0.346094 secs using 198.7% CPU
Iteration 100 / LogL: -17480.358 / Time: 0h:0m:44s (0h:0m:0s left)
Log-likelihood cutoff on original alignment: -17519.943
NOTE: Bootstrap correlation coefficient of split occurrence frequencies: 0.999
Optimizing NNI: done in 0.390055 secs using 198.5% CPU
Optimizing NNI: done in 0.549118 secs using 198.3% CPU
TREE SEARCH COMPLETED AFTER 102 ITERATIONS / Time: 0h:0m:45s

--------------------------------------------------------------------
|                    FINALIZING TREE SEARCH                        |
--------------------------------------------------------------------
Performs final model parameters optimization
Estimate model parameters (epsilon = 0.010)
1. Initial log-likelihood: -17478.954
Optimal log-likelihood: -17478.944
Proportion of invariable sites: 0.110
Site proportion and rates:  (0.317,0.121) (0.305,0.382) (0.173,1.220) (0.095,6.682)
Parameters optimization took 1 rounds (0.203 sec)
BEST SCORE FOUND : -17478.944

Testing tree branches by SH-like aLRT with 1000 replicates...
0.254 sec.
Creating bootstrap support values...
Split supports printed to NEXUS file FungalCW_tree_20231129/115993at4751.aa.mfa.splits.nex
Total tree length: 18.220

Total number of iterations: 102
CPU time used for tree search: 87.305 sec (0h:1m:27s)
Wall-clock time used for tree search: 44.329 sec (0h:0m:44s)
Total CPU time used: 90.039 sec (0h:1m:30s)
Total wall-clock time used: 45.774 sec (0h:0m:45s)

Computing bootstrap consensus tree...
Reading input file FungalCW_tree_20231129/115993at4751.aa.mfa.splits.nex...
17 taxa and 55 splits.
Consensus tree written to FungalCW_tree_20231129/115993at4751.aa.mfa.contree
Reading input trees file FungalCW_tree_20231129/115993at4751.aa.mfa.contree
Log-likelihood of consensus tree: -17478.944

Analysis results written to: 
  IQ-TREE report:                FungalCW_tree_20231129/115993at4751.aa.mfa.iqtree
  Maximum-likelihood tree:       FungalCW_tree_20231129/115993at4751.aa.mfa.treefile
  Likelihood distances:          FungalCW_tree_20231129/115993at4751.aa.mfa.mldist

Ultrafast bootstrap approximation results written to:
  Split support values:          FungalCW_tree_20231129/115993at4751.aa.mfa.splits.nex
  Consensus tree:                FungalCW_tree_20231129/115993at4751.aa.mfa.contree
  Screen log file:               FungalCW_tree_20231129/115993at4751.aa.mfa.log

Date and Time: Wed Nov 29 01:34:59 2023
