IQ-TREE multicore version 2.2.2.6 COVID-edition for Linux 64-bit built May 27 2023
Developed by Bui Quang Minh, James Barbetti, Nguyen Lam Tung,
Olga Chernomor, Heiko Schmidt, Dominik Schrempf, Michael Woodhams, Ly Trong Nhan.

Host:    i28 (AVX2, FMA3, 503 GB RAM)
Command: iqtree2 -s FungalCW_tree_20231129/126256at4751.aa.mfa -gz -B 1000 -alrt 1000 -nt 2
Seed:    682024 (Using SPRNG - Scalable Parallel Random Number Generator)
Time:    Wed Nov 29 01:29:04 2023
Kernel:  AVX+FMA - 2 threads (2 CPU cores detected)

Reading alignment file FungalCW_tree_20231129/126256at4751.aa.mfa ... Fasta format detected
Reading fasta file: done in 0.000310898 secs using 49.86% CPU
Alignment most likely contains protein sequences
Constructing alignment: done in 0.0018971 secs using 99.73% CPU
Alignment has 17 sequences with 950 columns, 804 distinct patterns
498 parsimony-informative, 277 singleton sites, 175 constant sites
                                                               Gap/Ambiguity  Composition  p-value
Analyzing sequences: done in 4.81606e-05 secs using 203.5% CPU
   1  Basidiobolus_meristosporus_CBS_931.73.Basme2finSC.v1            36.11%    passed      5.10%
   2  Botrytis_cinerea_T4                                             19.37%    passed     99.69%
   3  Colletotrichum_graminicola_M1.001                               23.89%    passed     93.24%
   4  Colletotrichum_higginsianum_IMI_349063                          23.89%    passed     94.82%
   5  Fusarium_graminearum_PH-1                                       25.16%    passed     98.99%
   6  Fusarium_verticillioides_7600                                   25.79%    passed     95.20%
   7  Gilbertella_persicaria_var_persicaria_CBS_190.32-T.Gilper1.v1   38.42%    passed     92.46%
   8  Mortierella_elongata_AG-77                                      17.05%    passed     49.77%
   9  Mucor_mucedo_NRRL_3635                                          38.11%    passed     76.35%
  10  Neoconidiobolus_thromboides_FSU_785.Conth1.v1                   42.00%    passed     11.99%
  11  Phycomyces_blakesleeanus_NRRL_1555.Phybl2.v2                    39.16%    passed     66.12%
  12  Rhizopus_stolonifer_NRRL_66455                                  42.42%    passed     28.21%
  13  Trichoderma_harzianum_CBS_226.95                                26.74%    passed     93.06%
  14  Umbelopsis_ramanniana_NRRL_5844.Umbra1.v1                       36.74%    passed     55.92%
  15  Ustilago_maydis                                                 11.79%    failed      0.03%
  16  Zoophthora_radicans_ATCC_208865                                 40.84%    passed     74.37%
  17  Zymoseptoria_tritici_IP0323                                     10.32%    passed     54.01%
****  TOTAL                                                           29.28%  1 sequences failed composition chi2 test (p-value<5%; df=19)
Checking for duplicate sequences: done in 0.000110149 secs using 117.1% CPU


Create initial parsimony tree by phylogenetic likelihood library (PLL)... 0.005 seconds
Perform fast likelihood tree search using LG+I+G model...
Estimate model parameters (epsilon = 5.000)
Perform nearest neighbor interchange...
Optimizing NNI: done in 0.331717 secs using 197.2% CPU
Estimate model parameters (epsilon = 1.000)
1. Initial log-likelihood: -21422.938
2. Current log-likelihood: -21419.938
3. Current log-likelihood: -21417.751
4. Current log-likelihood: -21416.227
5. Current log-likelihood: -21415.175
Optimal log-likelihood: -21414.377
Proportion of invariable sites: 0.008
Gamma shape alpha: 0.233
Parameters optimization took 5 rounds (0.417 sec)
Time for fast ML tree search: 1.447 seconds

NOTE: ModelFinder requires 24 MB RAM!
ModelFinder will test up to 1232 protein models (sample size: 950) ...
 No. Model         -LnL         df  AIC          AICc         BIC
  1  LG            24266.477    31  48594.954    48597.115    48745.505
  2  LG+I          22727.404    32  45518.807    45521.111    45674.214
  3  LG+G4         21413.768    32  42891.537    42893.840    43046.944
  4  LG+I+G4       21413.906    33  42893.812    42896.262    43054.076
  5  LG+R2         21611.106    33  43288.211    43290.661    43448.475
  6  LG+R3         21449.329    35  42968.657    42971.415    43138.634
  7  LG+R4         21372.224    37  42818.448    42821.531    42998.137
  8  LG+R5         21368.466    39  42814.933    42818.361    43004.335
 14  LG+I+R2       21472.937    34  43013.874    43016.475    43178.993
 15  LG+I+R3       21388.471    36  42848.943    42851.861    43023.775
 16  LG+I+R4       21362.783    38  42801.566    42804.819    42986.111
 17  LG+I+R5       21362.278    40  42804.555    42808.163    42998.813
 38  LG+F+I+R4     21196.642    57  42507.284    42514.697    42784.103
 60  WAG+I+R4      21341.461    38  42758.922    42762.175    42943.467
 82  WAG+F+I+R4    21176.126    57  42466.253    42473.666    42743.071
104  JTT+I+R4      21298.563    38  42673.126    42676.380    42857.672
126  JTT+F+I+R4    21181.991    57  42477.982    42485.394    42754.800
WARNING: Normalizing state frequencies so that sum of them equals to 1
148  Q.pfam+I+R4   21339.628    38  42755.256    42758.510    42939.802
WARNING: Normalizing state frequencies so that sum of them equals to 1
170  Q.pfam+F+I+R4 21190.331    57  42494.662    42502.075    42771.480
WARNING: Normalizing state frequencies so that sum of them equals to 1
192  Q.bird+I+R4   21380.887    38  42837.774    42841.028    43022.320
WARNING: Normalizing state frequencies so that sum of them equals to 1
214  Q.bird+F+I+R4 21298.251    57  42710.502    42717.914    42987.320
WARNING: Normalizing state frequencies so that sum of them equals to 1
236  Q.mammal+I+R4 21321.094    38  42718.188    42721.442    42902.734
WARNING: Normalizing state frequencies so that sum of them equals to 1
258  Q.mammal+F+I+R4 21244.662    57  42603.324    42610.736    42880.142
280  Q.insect+I+R4 21453.575    38  42983.149    42986.403    43167.695
302  Q.insect+F+I+R4 21176.932    57  42467.865    42475.277    42744.683
WARNING: Normalizing state frequencies so that sum of them equals to 1
324  Q.plant+I+R4  21391.283    38  42858.566    42861.820    43043.112
WARNING: Normalizing state frequencies so that sum of them equals to 1
346  Q.plant+F+I+R4 21235.038    57  42584.075    42591.488    42860.894
WARNING: Normalizing state frequencies so that sum of them equals to 1
368  Q.yeast+I+R4  21463.163    38  43002.326    43005.579    43186.871
WARNING: Normalizing state frequencies so that sum of them equals to 1
390  Q.yeast+F+I+R4 21191.628    57  42497.256    42504.669    42774.074
412  JTTDCMut+I+R4 21306.648    38  42689.295    42692.549    42873.841
434  JTTDCMut+F+I+R4 21182.606    57  42479.211    42486.624    42756.030
456  DCMut+I+R4    21455.383    38  42986.766    42990.019    43171.311
478  DCMut+F+I+R4  21182.907    57  42479.814    42487.226    42756.632
500  VT+I+R4       21271.564    38  42619.128    42622.381    42803.673
522  VT+F+I+R4     21164.429    57  42442.858    42450.270    42719.676
544  PMB+I+R4      21424.706    38  42925.413    42928.666    43109.958
566  PMB+F+I+R4    21180.693    57  42475.385    42482.798    42752.204
588  Blosum62+I+R4 21474.663    38  43025.326    43028.579    43209.871
610  Blosum62+F+I+R4 21195.270    57  42504.541    42511.953    42781.359
632  Dayhoff+I+R4  21456.174    38  42988.349    42991.602    43172.894
654  Dayhoff+F+I+R4 21185.141    57  42484.282    42491.695    42761.100
676  mtREV+I+R4    22404.047    38  44884.094    44887.348    45068.640
698  mtREV+F+I+R4  21330.420    57  42774.840    42782.253    43051.659
720  mtART+I+R4    22677.633    38  45431.267    45434.520    45615.812
742  mtART+F+I+R4  21462.319    57  43038.637    43046.050    43315.456
764  mtZOA+I+R4    22423.431    38  44922.861    44926.115    45107.407
786  mtZOA+F+I+R4  21363.909    57  42841.817    42849.230    43118.636
808  mtMet+I+R4    22619.722    38  45315.444    45318.697    45499.989
830  mtMet+F+I+R4  21339.522    57  42793.045    42800.457    43069.863
852  mtVer+I+R4    22594.284    38  45264.569    45267.822    45449.114
874  mtVer+F+I+R4  21440.390    57  42994.781    43002.193    43271.599
896  mtInv+I+R4    22916.742    38  45909.483    45912.737    46094.029
918  mtInv+F+I+R4  21282.331    57  42678.662    42686.074    42955.480
940  mtMAM+I+R4    22620.544    38  45317.088    45320.341    45501.633
962  mtMAM+F+I+R4  21521.863    57  43157.727    43165.139    43434.545
WARNING: Normalizing state frequencies so that sum of them equals to 1
984  FLAVI+I+R4    21828.750    38  43733.501    43736.754    43918.046
WARNING: Normalizing state frequencies so that sum of them equals to 1
1006  FLAVI+F+I+R4  21437.871    57  42989.741    42997.154    43266.559
1028  HIVb+I+R4     21611.249    38  43298.499    43301.752    43483.044
1050  HIVb+F+I+R4   21299.702    57  42713.405    42720.817    42990.223
1072  HIVw+I+R4     22085.962    38  44247.923    44251.177    44432.469
1094  HIVw+F+I+R4   21425.451    57  42964.901    42972.314    43241.720
1116  FLU+I+R4      21498.981    38  43073.963    43077.217    43258.509
1138  FLU+F+I+R4    21268.622    57  42651.245    42658.657    42928.063
1160  rtREV+I+R4    21488.011    38  43052.022    43055.276    43236.568
1182  rtREV+F+I+R4  21204.278    57  42522.556    42529.968    42799.374
1204  cpREV+I+R4    21527.987    38  43131.974    43135.228    43316.520
1226  cpREV+F+I+R4  21252.719    57  42619.439    42626.851    42896.257
Akaike Information Criterion:           VT+F+I+R4
Corrected Akaike Information Criterion: VT+F+I+R4
Bayesian Information Criterion:         VT+F+I+R4
Best-fit model: VT+F+I+R4 chosen according to BIC

All model information printed to FungalCW_tree_20231129/126256at4751.aa.mfa.model.gz
CPU time for ModelFinder: 185.790 seconds (0h:3m:5s)
Wall-clock time for ModelFinder: 94.365 seconds (0h:1m:34s)
Generating 1000 samples for ultrafast bootstrap (seed: 682024)...

NOTE: 11 MB RAM (0 GB) is required!
Estimate model parameters (epsilon = 0.100)
1. Initial log-likelihood: -21164.429
2. Current log-likelihood: -21162.789
3. Current log-likelihood: -21162.442
4. Current log-likelihood: -21162.311
Optimal log-likelihood: -21162.186
Proportion of invariable sites: 0.139
Site proportion and rates:  (0.121,0.012) (0.126,0.054) (0.204,0.403) (0.410,2.220)
Parameters optimization took 4 rounds (0.968 sec)
Wrote distance file to... 
Computing ML distances based on estimated model parameters...
Calculating distance matrix: done in 0.068013 secs using 195.8% CPU
Computing ML distances took 0.068321 sec (of wall-clock time) 0.133754 sec (of CPU time)
WARNING: Some pairwise ML distances are too long (saturated)
Setting up auxiliary I and S matrices: done in 8.79765e-05 secs using 200.1% CPU
Constructing RapidNJ tree: done in 0.000350952 secs using 199.5% CPU
Computing RapidNJ tree took 0.000551 sec (of wall-clock time) 0.001095 sec (of CPU time)
Log-likelihood of RapidNJ tree: -21349.160
--------------------------------------------------------------------
|             INITIALIZING CANDIDATE TREE SET                      |
--------------------------------------------------------------------
Generating 98 parsimony trees... 0.486 second
Computing log-likelihood of 98 initial trees ... 2.810 seconds
Current best score: -21162.186

Do NNI search on 20 best initial trees
Optimizing NNI: done in 0.203495 secs using 196.8% CPU
Estimate model parameters (epsilon = 0.100)
BETTER TREE FOUND at iteration 1: -21161.191
Optimizing NNI: done in 0.522321 secs using 197% CPU
Optimizing NNI: done in 0.848 secs using 197.6% CPU
Optimizing NNI: done in 0.528206 secs using 197.6% CPU
Optimizing NNI: done in 0.69785 secs using 197.6% CPU
Optimizing NNI: done in 0.737178 secs using 197.5% CPU
Optimizing NNI: done in 0.618602 secs using 197.3% CPU
Optimizing NNI: done in 0.787446 secs using 197.4% CPU
Optimizing NNI: done in 0.845844 secs using 197.6% CPU
Optimizing NNI: done in 0.766016 secs using 197.4% CPU
Iteration 10 / LogL: -21167.917 / Time: 0h:0m:11s
Optimizing NNI: done in 0.964893 secs using 197.3% CPU
Optimizing NNI: done in 0.801966 secs using 197.1% CPU
Optimizing NNI: done in 0.650899 secs using 197.4% CPU
Optimizing NNI: done in 0.662519 secs using 197.1% CPU
Optimizing NNI: done in 0.872628 secs using 197.2% CPU
Optimizing NNI: done in 0.730485 secs using 197.3% CPU
Optimizing NNI: done in 0.743374 secs using 197.5% CPU
Optimizing NNI: done in 0.773241 secs using 197.6% CPU
Optimizing NNI: done in 0.736232 secs using 197.1% CPU
Optimizing NNI: done in 0.873486 secs using 197.6% CPU
Iteration 20 / LogL: -21165.958 / Time: 0h:0m:19s
Finish initializing candidate tree set (3)
Current best tree score: -21161.191 / CPU time: 18.046
Number of iterations: 20
--------------------------------------------------------------------
|               OPTIMIZING CANDIDATE TREE SET                      |
--------------------------------------------------------------------
Optimizing NNI: done in 0.691307 secs using 197.5% CPU
Optimizing NNI: done in 0.491922 secs using 198% CPU
Optimizing NNI: done in 0.448847 secs using 197.6% CPU
Optimizing NNI: done in 0.548346 secs using 197.8% CPU
Optimizing NNI: done in 0.61162 secs using 197.5% CPU
Optimizing NNI: done in 0.464432 secs using 197.8% CPU
Optimizing NNI: done in 0.458291 secs using 197.5% CPU
Optimizing NNI: done in 0.681545 secs using 197.4% CPU
Optimizing NNI: done in 0.337679 secs using 197.9% CPU
Optimizing NNI: done in 0.888915 secs using 197.6% CPU
Iteration 30 / LogL: -21167.613 / Time: 0h:0m:25s (0h:1m:1s left)
Optimizing NNI: done in 0.297939 secs using 196.8% CPU
Optimizing NNI: done in 0.582164 secs using 197.6% CPU
Optimizing NNI: done in 0.400995 secs using 197.3% CPU
Optimizing NNI: done in 0.538739 secs using 197.2% CPU
Optimizing NNI: done in 0.644998 secs using 196.7% CPU
Optimizing NNI: done in 0.567483 secs using 197% CPU
Optimizing NNI: done in 0.372929 secs using 197.4% CPU
Optimizing NNI: done in 0.458511 secs using 197.6% CPU
Optimizing NNI: done in 0.294814 secs using 197.5% CPU
Optimizing NNI: done in 0.548035 secs using 197.2% CPU
Iteration 40 / LogL: -21165.971 / Time: 0h:0m:30s (0h:0m:47s left)
Optimizing NNI: done in 0.732862 secs using 197.6% CPU
Optimizing NNI: done in 0.670319 secs using 197.3% CPU
Optimizing NNI: done in 0.593104 secs using 197.7% CPU
Optimizing NNI: done in 0.537065 secs using 197.3% CPU
Optimizing NNI: done in 0.42368 secs using 198% CPU
Optimizing NNI: done in 0.341216 secs using 197.5% CPU
Optimizing NNI: done in 0.87575 secs using 197.2% CPU
Optimizing NNI: done in 0.584367 secs using 197.2% CPU
Optimizing NNI: done in 0.444183 secs using 197.6% CPU
Optimizing NNI: done in 0.651511 secs using 197.7% CPU
Iteration 50 / LogL: -21167.632 / Time: 0h:0m:36s (0h:0m:37s left)
Log-likelihood cutoff on original alignment: -21200.457
Optimizing NNI: done in 0.571262 secs using 197.6% CPU
Optimizing NNI: done in 0.390761 secs using 197.8% CPU
Optimizing NNI: done in 0.475195 secs using 197.4% CPU
Optimizing NNI: done in 0.42171 secs using 197.4% CPU
Optimizing NNI: done in 0.341819 secs using 197.3% CPU
Optimizing NNI: done in 0.483894 secs using 197.3% CPU
Optimizing NNI: done in 0.327369 secs using 197.2% CPU
Optimizing NNI: done in 0.596385 secs using 197.6% CPU
Optimizing NNI: done in 0.494791 secs using 197.1% CPU
Optimizing NNI: done in 0.501628 secs using 198% CPU
Iteration 60 / LogL: -21171.959 / Time: 0h:0m:41s (0h:0m:28s left)
Optimizing NNI: done in 0.345233 secs using 197.7% CPU
Optimizing NNI: done in 0.525758 secs using 197.8% CPU
Optimizing NNI: done in 0.417638 secs using 198% CPU
Optimizing NNI: done in 0.493471 secs using 197.5% CPU
Optimizing NNI: done in 0.504923 secs using 197.6% CPU
Optimizing NNI: done in 0.474036 secs using 197.9% CPU
Optimizing NNI: done in 0.689208 secs using 197.9% CPU
Optimizing NNI: done in 0.624809 secs using 197.5% CPU
Optimizing NNI: done in 0.452094 secs using 197.4% CPU
Optimizing NNI: done in 0.346532 secs using 197.9% CPU
Iteration 70 / LogL: -21167.627 / Time: 0h:0m:46s (0h:0m:20s left)
Optimizing NNI: done in 0.536649 secs using 197.9% CPU
Optimizing NNI: done in 0.468876 secs using 197.7% CPU
Optimizing NNI: done in 0.384501 secs using 197.4% CPU
Optimizing NNI: done in 0.592224 secs using 197.3% CPU
Optimizing NNI: done in 0.461013 secs using 197.7% CPU
Optimizing NNI: done in 0.385746 secs using 197.7% CPU
Optimizing NNI: done in 0.576982 secs using 197.4% CPU
Optimizing NNI: done in 0.473963 secs using 197.7% CPU
Optimizing NNI: done in 0.532465 secs using 197.8% CPU
Optimizing NNI: done in 0.409907 secs using 197.9% CPU
Iteration 80 / LogL: -21161.784 / Time: 0h:0m:51s (0h:0m:13s left)
Optimizing NNI: done in 0.344055 secs using 197.7% CPU
Optimizing NNI: done in 0.448326 secs using 197.9% CPU
Optimizing NNI: done in 0.377771 secs using 197.9% CPU
Optimizing NNI: done in 0.547739 secs using 197.5% CPU
Optimizing NNI: done in 0.498518 secs using 198% CPU
Optimizing NNI: done in 0.384586 secs using 197.2% CPU
Optimizing NNI: done in 0.402436 secs using 197.5% CPU
Optimizing NNI: done in 0.529787 secs using 197.1% CPU
Optimizing NNI: done in 0.440245 secs using 197.9% CPU
Optimizing NNI: done in 0.354435 secs using 197.6% CPU
Iteration 90 / LogL: -21165.989 / Time: 0h:0m:55s (0h:0m:6s left)
Optimizing NNI: done in 0.266537 secs using 197.6% CPU
Optimizing NNI: done in 0.488921 secs using 197.9% CPU
Optimizing NNI: done in 0.516725 secs using 197.5% CPU
Optimizing NNI: done in 0.444961 secs using 197.6% CPU
Optimizing NNI: done in 0.447437 secs using 197% CPU
Optimizing NNI: done in 0.643528 secs using 197% CPU
Optimizing NNI: done in 0.573009 secs using 197.9% CPU
Optimizing NNI: done in 0.448385 secs using 198.1% CPU
Optimizing NNI: done in 0.320619 secs using 197.7% CPU
Optimizing NNI: done in 0.346797 secs using 197.2% CPU
Iteration 100 / LogL: -21178.868 / Time: 0h:1m:0s (0h:0m:0s left)
Log-likelihood cutoff on original alignment: -21200.457
NOTE: Bootstrap correlation coefficient of split occurrence frequencies: 0.997
Optimizing NNI: done in 0.349106 secs using 197.7% CPU
Optimizing NNI: done in 0.775633 secs using 197.9% CPU
TREE SEARCH COMPLETED AFTER 102 ITERATIONS / Time: 0h:1m:1s

--------------------------------------------------------------------
|                    FINALIZING TREE SEARCH                        |
--------------------------------------------------------------------
Performs final model parameters optimization
Estimate model parameters (epsilon = 0.010)
1. Initial log-likelihood: -21161.191
2. Current log-likelihood: -21161.141
3. Current log-likelihood: -21161.083
4. Current log-likelihood: -21161.033
5. Current log-likelihood: -21160.991
6. Current log-likelihood: -21160.955
7. Current log-likelihood: -21160.925
8. Current log-likelihood: -21160.901
9. Current log-likelihood: -21160.880
10. Current log-likelihood: -21160.862
11. Current log-likelihood: -21160.846
12. Current log-likelihood: -21160.832
Optimal log-likelihood: -21160.821
Proportion of invariable sites: 0.142
Site proportion and rates:  (0.124,0.013) (0.121,0.054) (0.205,0.403) (0.408,2.227)
Parameters optimization took 12 rounds (2.569 sec)
BEST SCORE FOUND : -21160.821

Testing tree branches by SH-like aLRT with 1000 replicates...
0.283 sec.
Creating bootstrap support values...
Split supports printed to NEXUS file FungalCW_tree_20231129/126256at4751.aa.mfa.splits.nex
Total tree length: 118.052

Total number of iterations: 102
CPU time used for tree search: 117.944 sec (0h:1m:57s)
Wall-clock time used for tree search: 59.963 sec (0h:0m:59s)
Total CPU time used: 126.660 sec (0h:2m:6s)
Total wall-clock time used: 64.444 sec (0h:1m:4s)

Computing bootstrap consensus tree...
Reading input file FungalCW_tree_20231129/126256at4751.aa.mfa.splits.nex...
17 taxa and 100 splits.
Consensus tree written to FungalCW_tree_20231129/126256at4751.aa.mfa.contree
Reading input trees file FungalCW_tree_20231129/126256at4751.aa.mfa.contree
Log-likelihood of consensus tree: -21166.146

Analysis results written to: 
  IQ-TREE report:                FungalCW_tree_20231129/126256at4751.aa.mfa.iqtree
  Maximum-likelihood tree:       FungalCW_tree_20231129/126256at4751.aa.mfa.treefile
  Likelihood distances:          FungalCW_tree_20231129/126256at4751.aa.mfa.mldist

Ultrafast bootstrap approximation results written to:
  Split support values:          FungalCW_tree_20231129/126256at4751.aa.mfa.splits.nex
  Consensus tree:                FungalCW_tree_20231129/126256at4751.aa.mfa.contree
  Screen log file:               FungalCW_tree_20231129/126256at4751.aa.mfa.log

Date and Time: Wed Nov 29 01:31:43 2023
