IQ-TREE multicore version 2.2.2.6 COVID-edition for Linux 64-bit built May 27 2023
Developed by Bui Quang Minh, James Barbetti, Nguyen Lam Tung,
Olga Chernomor, Heiko Schmidt, Dominik Schrempf, Michael Woodhams, Ly Trong Nhan.

Host:    i28 (AVX2, FMA3, 503 GB RAM)
Command: iqtree2 -s FungalCW_tree_20231129/127140at4751.aa.mfa -gz -B 1000 -alrt 1000 -nt 2
Seed:    830097 (Using SPRNG - Scalable Parallel Random Number Generator)
Time:    Wed Nov 29 01:29:04 2023
Kernel:  AVX+FMA - 2 threads (2 CPU cores detected)

Reading alignment file FungalCW_tree_20231129/127140at4751.aa.mfa ... Fasta format detected
Reading fasta file: done in 0.000349998 secs using 50% CPU
Alignment most likely contains protein sequences
Constructing alignment: done in 0.00211 secs using 186.2% CPU
Alignment has 17 sequences with 1037 columns, 949 distinct patterns
514 parsimony-informative, 363 singleton sites, 160 constant sites
                                                               Gap/Ambiguity  Composition  p-value
Analyzing sequences: done in 5.38826e-05 secs using 207.9% CPU
   1  Basidiobolus_meristosporus_CBS_931.73.Basme2finSC.v1            43.20%    passed     83.26%
   2  Botrytis_cinerea_T4                                             52.56%    passed     74.72%
   3  Colletotrichum_graminicola_M1.001                               28.64%    passed     89.04%
   4  Colletotrichum_higginsianum_IMI_349063                          52.65%    passed     71.55%
   5  Fusarium_graminearum_PH-1                                       29.03%    passed     98.43%
   6  Fusarium_verticillioides_7600                                   24.78%    passed     99.92%
   7  Gilbertella_persicaria_var_persicaria_CBS_190.32-T.Gilper1.v1   38.96%    passed     73.60%
   8  Mortierella_elongata_AG-77                                      40.12%    passed     96.28%
   9  Mucor_mucedo_NRRL_3635                                          39.25%    passed     66.28%
  10  Neoconidiobolus_thromboides_FSU_785.Conth1.v1                   40.98%    failed      0.00%
  11  Phycomyces_blakesleeanus_NRRL_1555.Phybl2.v2                    46.00%    passed     91.18%
  12  Rhizopus_stolonifer_NRRL_66455                                  41.37%    passed     50.67%
  13  Trichoderma_harzianum_CBS_226.95                                25.46%    passed     99.88%
  14  Umbelopsis_ramanniana_NRRL_5844.Umbra1.v1                       40.69%    passed     99.59%
  15  Ustilago_maydis                                                 34.04%    failed      0.00%
  16  Zoophthora_radicans_ATCC_208865                                 39.34%    passed     90.27%
  17  Zymoseptoria_tritici_IP0323                                     28.74%    passed     79.89%
WARNING: 2 sequences contain more than 50% gaps/ambiguity
****  TOTAL                                                           37.99%  2 sequences failed composition chi2 test (p-value<5%; df=19)
Checking for duplicate sequences: done in 0.000121832 secs using 146.9% CPU


Create initial parsimony tree by phylogenetic likelihood library (PLL)... 0.005 seconds
Perform fast likelihood tree search using LG+I+G model...
Estimate model parameters (epsilon = 5.000)
Perform nearest neighbor interchange...
Optimizing NNI: done in 0.234616 secs using 198% CPU
Estimate model parameters (epsilon = 1.000)
1. Initial log-likelihood: -20272.177
2. Current log-likelihood: -20267.830
3. Current log-likelihood: -20264.647
4. Current log-likelihood: -20261.409
5. Current log-likelihood: -20258.663
6. Current log-likelihood: -20256.560
7. Current log-likelihood: -20254.980
8. Current log-likelihood: -20253.803
Optimal log-likelihood: -20252.736
Proportion of invariable sites: 0.006
Gamma shape alpha: 0.338
Parameters optimization took 8 rounds (1.083 sec)
Time for fast ML tree search: 1.911 seconds

NOTE: ModelFinder requires 29 MB RAM!
ModelFinder will test up to 1232 protein models (sample size: 1037) ...
 No. Model         -LnL         df  AIC          AICc         BIC
  1  LG            22079.651    31  44221.303    44223.277    44374.569
  2  LG+I          21392.803    32  42849.606    42851.709    43007.817
  3  LG+G4         20250.628    32  40565.256    40567.359    40723.466
  4  LG+I+G4       20250.648    33  40567.297    40569.534    40730.451
  5  LG+R2         20552.161    33  41170.322    41172.560    41333.477
  6  LG+R3         20209.856    35  40489.713    40492.230    40662.756
  7  LG+R4         20158.601    37  40391.202    40394.017    40574.133
  8  LG+R5         20144.272    39  40366.544    40369.674    40559.364
  9  LG+R6         20141.890    41  40365.779    40369.241    40568.487
 14  LG+I+R2       20273.346    34  40614.691    40617.066    40782.790
 15  LG+I+R3       20166.369    36  40404.738    40407.402    40582.725
 16  LG+I+R4       20146.247    38  40368.494    40371.464    40556.369
 17  LG+I+R5       20143.354    40  40366.707    40370.000    40564.471
 30  LG+F+R5       20073.647    58  40263.294    40270.292    40550.051
 38  LG+F+I+R4     20075.594    57  40265.187    40271.941    40547.000
 39  LG+F+I+R5     20072.981    59  40263.962    40271.209    40555.663
 52  WAG+R5        20150.710    39  40379.419    40382.548    40572.238
 60  WAG+I+R4      20151.445    38  40378.889    40381.859    40566.765
 61  WAG+I+R5      20151.868    40  40383.737    40387.030    40581.500
 74  WAG+F+R5      20105.185    58  40326.370    40333.368    40613.127
 82  WAG+F+I+R4    20105.797    57  40325.594    40332.348    40607.407
 83  WAG+F+I+R5    20106.130    59  40330.259    40337.506    40621.960
 96  JTT+R5        20209.679    39  40497.359    40500.488    40690.178
104  JTT+I+R4      20210.943    38  40497.886    40500.856    40685.761
105  JTT+I+R5      20209.987    40  40499.973    40503.266    40697.737
118  JTT+F+R5      20178.064    58  40472.128    40479.126    40758.885
126  JTT+F+I+R4    20179.297    57  40472.594    40479.348    40754.407
127  JTT+F+I+R5    20178.772    59  40475.543    40482.790    40767.244
WARNING: Normalizing state frequencies so that sum of them equals to 1
140  Q.pfam+R5     20126.349    39  40330.697    40333.827    40523.517
WARNING: Normalizing state frequencies so that sum of them equals to 1
148  Q.pfam+I+R4   20127.519    38  40331.039    40334.009    40518.914
WARNING: Normalizing state frequencies so that sum of them equals to 1
149  Q.pfam+I+R5   20125.087    40  40330.174    40333.467    40527.938
WARNING: Normalizing state frequencies so that sum of them equals to 1
162  Q.pfam+F+R5   20073.663    58  40263.327    40270.325    40550.084
WARNING: Normalizing state frequencies so that sum of them equals to 1
170  Q.pfam+F+I+R4 20074.844    57  40263.687    40270.441    40545.500
WARNING: Normalizing state frequencies so that sum of them equals to 1
171  Q.pfam+F+I+R5 20072.669    59  40263.338    40270.584    40555.039
WARNING: Normalizing state frequencies so that sum of them equals to 1
184  Q.bird+R5     20421.144    39  40920.289    40923.418    41113.108
WARNING: Normalizing state frequencies so that sum of them equals to 1
192  Q.bird+I+R4   20421.756    38  40919.512    40922.482    41107.388
WARNING: Normalizing state frequencies so that sum of them equals to 1
193  Q.bird+I+R5   20417.895    40  40915.790    40919.083    41113.553
WARNING: Normalizing state frequencies so that sum of them equals to 1
206  Q.bird+F+R5   20394.875    58  40905.750    40912.747    41192.507
WARNING: Normalizing state frequencies so that sum of them equals to 1
214  Q.bird+F+I+R4 20395.719    57  40905.437    40912.191    41187.250
WARNING: Normalizing state frequencies so that sum of them equals to 1
215  Q.bird+F+I+R5 20391.811    59  40901.623    40908.870    41193.324
WARNING: Normalizing state frequencies so that sum of them equals to 1
228  Q.mammal+R5   20331.557    39  40741.115    40744.244    40933.934
WARNING: Normalizing state frequencies so that sum of them equals to 1
236  Q.mammal+I+R4 20332.092    38  40740.184    40743.153    40928.059
WARNING: Normalizing state frequencies so that sum of them equals to 1
237  Q.mammal+I+R5 20329.522    40  40739.045    40742.338    40936.808
WARNING: Normalizing state frequencies so that sum of them equals to 1
250  Q.mammal+F+R5 20304.872    58  40725.744    40732.742    41012.502
WARNING: Normalizing state frequencies so that sum of them equals to 1
258  Q.mammal+F+I+R4 20305.579    57  40725.157    40731.911    41006.970
WARNING: Normalizing state frequencies so that sum of them equals to 1
259  Q.mammal+F+I+R5 20303.016    59  40724.032    40731.279    41015.733
272  Q.insect+R5   20238.529    39  40555.059    40558.188    40747.878
280  Q.insect+I+R4 20239.687    38  40555.375    40558.345    40743.250
281  Q.insect+I+R5 20237.377    40  40554.754    40558.047    40752.517
294  Q.insect+F+R5 20106.774    58  40329.548    40336.546    40616.305
302  Q.insect+F+I+R4 20108.199    57  40330.398    40337.152    40612.211
303  Q.insect+F+I+R5 20105.927    59  40329.854    40337.100    40621.555
WARNING: Normalizing state frequencies so that sum of them equals to 1
316  Q.plant+R5    20278.228    39  40634.456    40637.585    40827.275
WARNING: Normalizing state frequencies so that sum of them equals to 1
324  Q.plant+I+R4  20279.046    38  40634.091    40637.061    40821.967
WARNING: Normalizing state frequencies so that sum of them equals to 1
325  Q.plant+I+R5  20275.446    40  40630.892    40634.185    40828.656
WARNING: Normalizing state frequencies so that sum of them equals to 1
338  Q.plant+F+R5  20213.250    58  40542.499    40549.497    40829.256
WARNING: Normalizing state frequencies so that sum of them equals to 1
346  Q.plant+F+I+R4 20214.377    57  40542.753    40549.507    40824.566
WARNING: Normalizing state frequencies so that sum of them equals to 1
347  Q.plant+F+I+R5 20211.155    59  40540.310    40547.556    40832.011
WARNING: Normalizing state frequencies so that sum of them equals to 1
360  Q.yeast+R5    20226.964    39  40531.928    40535.057    40724.747
WARNING: Normalizing state frequencies so that sum of them equals to 1
368  Q.yeast+I+R4  20227.594    38  40531.188    40534.158    40719.064
WARNING: Normalizing state frequencies so that sum of them equals to 1
369  Q.yeast+I+R5  20224.201    40  40528.401    40531.695    40726.165
WARNING: Normalizing state frequencies so that sum of them equals to 1
382  Q.yeast+F+R5  20081.046    58  40278.092    40285.090    40564.849
WARNING: Normalizing state frequencies so that sum of them equals to 1
390  Q.yeast+F+I+R4 20082.096    57  40278.193    40284.947    40560.006
WARNING: Normalizing state frequencies so that sum of them equals to 1
391  Q.yeast+F+I+R5 20079.108    59  40276.216    40283.462    40567.917
404  JTTDCMut+R5   20209.449    39  40496.898    40500.027    40689.717
412  JTTDCMut+I+R4 20210.839    38  40497.678    40500.648    40685.553
413  JTTDCMut+I+R5 20209.751    40  40499.501    40502.794    40697.265
426  JTTDCMut+F+R5 20175.358    58  40466.717    40473.715    40753.474
434  JTTDCMut+F+I+R4 20176.686    57  40467.373    40474.127    40749.186
435  JTTDCMut+F+I+R5 20175.985    59  40469.971    40477.217    40761.672
448  DCMut+R5      20343.538    39  40765.076    40768.205    40957.895
456  DCMut+I+R4    20345.383    38  40766.765    40769.735    40954.640
457  DCMut+I+R5    20342.192    40  40764.385    40767.678    40962.148
470  DCMut+F+R5    20200.972    58  40517.944    40524.942    40804.701
478  DCMut+F+I+R4  20202.810    57  40519.620    40526.373    40801.433
479  DCMut+F+I+R5  20200.300    59  40518.599    40525.846    40810.300
492  VT+R5         20133.430    39  40344.860    40347.990    40537.680
500  VT+I+R4       20133.902    38  40343.803    40346.773    40531.678
WARNING: Log-likelihood -20135 of VT+I+R5 worse than VT+I+R4 -20133.9
501  VT+I+R5       20135.035    40  40350.070    40353.363    40547.833
514  VT+F+R5       20116.312    58  40348.624    40355.622    40635.381
522  VT+F+I+R4     20116.767    57  40347.535    40354.289    40629.348
523  VT+F+I+R5     20117.631    59  40353.261    40360.508    40644.962
536  PMB+R5        20238.099    39  40554.197    40557.327    40747.017
544  PMB+I+R4      20239.448    38  40554.895    40557.865    40742.771
545  PMB+I+R5      20239.067    40  40558.134    40561.427    40755.898
558  PMB+F+R5      20157.018    58  40430.036    40437.034    40716.793
566  PMB+F+I+R4    20157.857    57  40429.714    40436.468    40711.527
567  PMB+F+I+R5    20158.265    59  40434.531    40441.777    40726.232
580  Blosum62+R5   20252.387    39  40582.774    40585.903    40775.593
588  Blosum62+I+R4 20253.431    38  40582.861    40585.831    40770.737
589  Blosum62+I+R5 20254.114    40  40588.228    40591.521    40785.991
602  Blosum62+F+R5 20139.111    58  40394.223    40401.221    40680.980
610  Blosum62+F+I+R4 20140.157    57  40394.315    40401.069    40676.128
611  Blosum62+F+I+R5 20140.828    59  40399.655    40406.902    40691.357
624  Dayhoff+R5    20343.825    39  40765.650    40768.779    40958.469
632  Dayhoff+I+R4  20345.774    38  40767.547    40770.517    40955.422
633  Dayhoff+I+R5  20342.523    40  40765.046    40768.339    40962.810
646  Dayhoff+F+R5  20201.306    58  40518.612    40525.610    40805.369
654  Dayhoff+F+I+R4 20203.168    57  40520.336    40527.089    40802.149
655  Dayhoff+F+I+R5 20200.653    59  40519.305    40526.552    40811.006
668  mtREV+R5      21092.865    39  42263.730    42266.860    42456.550
676  mtREV+I+R4    21094.209    38  42264.418    42267.388    42452.293
677  mtREV+I+R5    21090.448    40  42260.895    42264.188    42458.659
690  mtREV+F+R5    20296.056    58  40708.113    40715.111    40994.870
698  mtREV+F+I+R4  20297.059    57  40708.117    40714.871    40989.930
699  mtREV+F+I+R5  20293.894    59  40705.788    40713.035    40997.489
712  mtART+R5      21307.178    39  42692.356    42695.485    42885.175
720  mtART+I+R4    21310.692    38  42697.385    42700.355    42885.260
721  mtART+I+R5    21305.889    40  42691.778    42695.072    42889.542
734  mtART+F+R5    20379.684    58  40875.369    40882.367    41162.126
742  mtART+F+I+R4  20383.259    57  40880.518    40887.272    41162.331
743  mtART+F+I+R5  20377.822    59  40873.644    40880.891    41165.346
756  mtZOA+R5      21001.263    39  42080.525    42083.655    42273.345
764  mtZOA+I+R4    21003.783    38  42083.566    42086.536    42271.441
765  mtZOA+I+R5    20999.452    40  42078.903    42082.196    42276.667
778  mtZOA+F+R5    20258.318    58  40632.636    40639.634    40919.393
786  mtZOA+F+I+R4  20261.332    57  40636.664    40643.418    40918.477
787  mtZOA+F+I+R5  20255.680    59  40629.359    40636.606    40921.060
800  mtMet+R5      21299.964    39  42677.928    42681.057    42870.747
808  mtMet+I+R4    21302.284    38  42680.569    42683.539    42868.444
809  mtMet+I+R5    21298.542    40  42677.083    42680.377    42874.847
822  mtMet+F+R5    20316.298    58  40748.596    40755.594    41035.353
830  mtMet+F+I+R4  20318.153    57  40750.306    40757.060    41032.119
831  mtMet+F+I+R5  20313.982    59  40745.965    40753.211    41037.666
844  mtVer+R5      21318.680    39  42715.359    42718.489    42908.179
852  mtVer+I+R4    21321.464    38  42718.928    42721.898    42906.803
853  mtVer+I+R5    21313.797    40  42707.594    42710.887    42905.358
866  mtVer+F+R5    20459.924    58  41035.847    41042.845    41322.604
874  mtVer+F+I+R4  20462.307    57  41038.615    41045.369    41320.428
875  mtVer+F+I+R5  20457.559    59  41033.118    41040.365    41324.820
888  mtInv+R5      21546.441    39  43170.882    43174.011    43363.701
896  mtInv+I+R4    21548.400    38  43172.801    43175.771    43360.676
897  mtInv+I+R5    21546.040    40  43172.080    43175.373    43369.843
910  mtInv+F+R5    20233.749    58  40583.497    40590.495    40870.254
918  mtInv+F+I+R4  20235.904    57  40585.809    40592.563    40867.622
919  mtInv+F+I+R5  20232.587    59  40583.173    40590.420    40874.874
932  mtMAM+R5      21420.494    39  42918.987    42922.117    43111.807
940  mtMAM+I+R4    21423.893    38  42923.787    42926.756    43111.662
941  mtMAM+I+R5    21409.375    40  42898.750    42902.044    43096.514
954  mtMAM+F+R5    20557.789    58  41231.578    41238.576    41518.335
962  mtMAM+F+I+R4  20560.179    57  41234.358    41241.112    41516.171
963  mtMAM+F+I+R5  20550.234    59  41218.468    41225.714    41510.169
WARNING: Normalizing state frequencies so that sum of them equals to 1
976  FLAVI+R5      20818.188    39  41714.376    41717.505    41907.195
WARNING: Normalizing state frequencies so that sum of them equals to 1
984  FLAVI+I+R4    20820.407    38  41716.815    41719.785    41904.690
WARNING: Normalizing state frequencies so that sum of them equals to 1
985  FLAVI+I+R5    20814.676    40  41709.353    41712.646    41907.116
WARNING: Normalizing state frequencies so that sum of them equals to 1
998  FLAVI+F+R5    20590.825    58  41297.649    41304.647    41584.406
WARNING: Normalizing state frequencies so that sum of them equals to 1
1006  FLAVI+F+I+R4  20592.545    57  41299.090    41305.843    41580.903
WARNING: Normalizing state frequencies so that sum of them equals to 1
1007  FLAVI+F+I+R5  20587.235    59  41292.470    41299.716    41584.171
1020  HIVb+R5       20554.574    39  41187.148    41190.277    41379.967
1028  HIVb+I+R4     20554.647    38  41185.294    41188.264    41373.169
1029  HIVb+I+R5     20551.751    40  41183.501    41186.794    41381.264
1042  HIVb+F+R5     20368.895    58  40853.790    40860.788    41140.547
1050  HIVb+F+I+R4   20368.913    57  40851.826    40858.580    41133.639
1051  HIVb+F+I+R5   20366.176    59  40850.352    40857.599    41142.053
1064  HIVw+R5       21118.409    39  42314.818    42317.948    42507.638
1072  HIVw+I+R4     21119.537    38  42315.074    42318.044    42502.949
1073  HIVw+I+R5     21115.215    40  42310.430    42313.723    42508.193
1086  HIVw+F+R5     20638.572    58  41393.145    41400.142    41679.902
1094  HIVw+F+I+R4   20638.974    57  41391.948    41398.702    41673.761
1095  HIVw+F+I+R5   20635.563    59  41389.126    41396.373    41680.827
1108  FLU+R5        20445.109    39  40968.217    40971.346    41161.036
1116  FLU+I+R4      20445.837    38  40967.674    40970.644    41155.549
1117  FLU+I+R5      20443.079    40  40966.157    40969.451    41163.921
1130  FLU+F+R5      20284.386    58  40684.772    40691.770    40971.529
1138  FLU+F+I+R4    20285.054    57  40684.108    40690.862    40965.921
1139  FLU+F+I+R5    20282.339    59  40682.678    40689.925    40974.379
1152  rtREV+R5      20237.213    39  40552.426    40555.555    40745.245
1160  rtREV+I+R4    20239.240    38  40554.479    40557.449    40742.354
1161  rtREV+I+R5    20236.840    40  40553.680    40556.973    40751.444
1174  rtREV+F+R5    20090.965    58  40297.929    40304.927    40584.686
1182  rtREV+F+I+R4  20092.882    57  40299.765    40306.519    40581.578
1183  rtREV+F+I+R5  20090.658    59  40299.316    40306.563    40591.017
1196  cpREV+R5      20309.759    39  40697.518    40700.647    40890.337
1204  cpREV+I+R4    20310.180    38  40696.360    40699.330    40884.235
1205  cpREV+I+R5    20308.864    40  40697.728    40701.021    40895.491
1218  cpREV+F+R5    20172.538    58  40461.076    40468.074    40747.834
1226  cpREV+F+I+R4  20172.849    57  40459.697    40466.451    40741.510
1227  cpREV+F+I+R5  20171.138    59  40460.276    40467.522    40751.977
Akaike Information Criterion:           LG+F+R5
Corrected Akaike Information Criterion: LG+F+R5
Bayesian Information Criterion:         Q.pfam+I+R4
Best-fit model: Q.pfam+I+R4 chosen according to BIC

All model information printed to FungalCW_tree_20231129/127140at4751.aa.mfa.model.gz
CPU time for ModelFinder: 2052.774 seconds (0h:34m:12s)
Wall-clock time for ModelFinder: 1039.070 seconds (0h:17m:19s)
Generating 1000 samples for ultrafast bootstrap (seed: 830097)...
WARNING: Normalizing state frequencies so that sum of them equals to 1

NOTE: 13 MB RAM (0 GB) is required!
Estimate model parameters (epsilon = 0.100)
1. Initial log-likelihood: -20127.519
Optimal log-likelihood: -20127.497
Proportion of invariable sites: 0.098
Site proportion and rates:  (0.181,0.020) (0.333,0.072) (0.105,0.246) (0.284,3.336)
Parameters optimization took 1 rounds (0.266 sec)
Wrote distance file to... 
Computing ML distances based on estimated model parameters...
Calculating distance matrix: done in 0.12252 secs using 197% CPU
Computing ML distances took 0.122863 sec (of wall-clock time) 0.242052 sec (of CPU time)
WARNING: Some pairwise ML distances are too long (saturated)
Setting up auxiliary I and S matrices: done in 6.19888e-05 secs using 200% CPU
Constructing RapidNJ tree: done in 0.000265837 secs using 199.4% CPU
Computing RapidNJ tree took 0.000434 sec (of wall-clock time) 0.000862 sec (of CPU time)
Log-likelihood of RapidNJ tree: -20349.885
--------------------------------------------------------------------
|             INITIALIZING CANDIDATE TREE SET                      |
--------------------------------------------------------------------
Generating 98 parsimony trees... 0.485 second
Computing log-likelihood of 98 initial trees ... 3.173 seconds
Current best score: -20127.497

Do NNI search on 20 best initial trees
Optimizing NNI: done in 0.147772 secs using 197.6% CPU
Estimate model parameters (epsilon = 0.100)
BETTER TREE FOUND at iteration 1: -20127.483
Optimizing NNI: done in 0.556004 secs using 198% CPU
Optimizing NNI: done in 0.760645 secs using 197.9% CPU
Optimizing NNI: done in 0.72759 secs using 197.5% CPU
Optimizing NNI: done in 0.694838 secs using 197.5% CPU
Optimizing NNI: done in 0.897752 secs using 198.2% CPU
Optimizing NNI: done in 0.737458 secs using 197.4% CPU
Optimizing NNI: done in 0.755619 secs using 197.6% CPU
Optimizing NNI: done in 0.631867 secs using 197.7% CPU
Optimizing NNI: done in 0.674055 secs using 198% CPU
Iteration 10 / LogL: -20134.627 / Time: 0h:0m:11s
Optimizing NNI: done in 0.656748 secs using 197.6% CPU
Optimizing NNI: done in 0.67734 secs using 197.9% CPU
Optimizing NNI: done in 0.735341 secs using 197.5% CPU
Optimizing NNI: done in 0.667543 secs using 197.7% CPU
Optimizing NNI: done in 0.711104 secs using 197.8% CPU
Optimizing NNI: done in 0.74966 secs using 198% CPU
Optimizing NNI: done in 0.622329 secs using 197.9% CPU
Optimizing NNI: done in 0.717946 secs using 198.2% CPU
Optimizing NNI: done in 0.638307 secs using 197.9% CPU
Optimizing NNI: done in 0.730286 secs using 197.9% CPU
Iteration 20 / LogL: -20134.308 / Time: 0h:0m:18s
Finish initializing candidate tree set (2)
Current best tree score: -20127.483 / CPU time: 17.567
Number of iterations: 20
--------------------------------------------------------------------
|               OPTIMIZING CANDIDATE TREE SET                      |
--------------------------------------------------------------------
Optimizing NNI: done in 0.384502 secs using 198.3% CPU
Optimizing NNI: done in 0.492884 secs using 197.8% CPU
Optimizing NNI: done in 0.493742 secs using 198.3% CPU
Optimizing NNI: done in 0.228458 secs using 197.3% CPU
Optimizing NNI: done in 0.426008 secs using 198.3% CPU
Optimizing NNI: done in 0.396786 secs using 198.6% CPU
Optimizing NNI: done in 0.358871 secs using 197.5% CPU
Optimizing NNI: done in 0.591839 secs using 198% CPU
Optimizing NNI: done in 0.405299 secs using 198.3% CPU
Optimizing NNI: done in 0.373969 secs using 198% CPU
Iteration 30 / LogL: -20127.600 / Time: 0h:0m:22s (0h:0m:55s left)
Optimizing NNI: done in 0.474955 secs using 197.1% CPU
Optimizing NNI: done in 0.455223 secs using 197.8% CPU
Optimizing NNI: done in 0.3856 secs using 197.4% CPU
Optimizing NNI: done in 0.320704 secs using 197% CPU
Optimizing NNI: done in 0.439636 secs using 197.6% CPU
Optimizing NNI: done in 0.410575 secs using 197.7% CPU
Optimizing NNI: done in 0.388935 secs using 197.6% CPU
Optimizing NNI: done in 0.450018 secs using 197.8% CPU
Optimizing NNI: done in 0.438022 secs using 197.8% CPU
Optimizing NNI: done in 0.472626 secs using 197.5% CPU
Iteration 40 / LogL: -20133.748 / Time: 0h:0m:27s (0h:0m:42s left)
Optimizing NNI: done in 0.297435 secs using 197.5% CPU
Optimizing NNI: done in 0.251073 secs using 197.3% CPU
Optimizing NNI: done in 0.408087 secs using 197.5% CPU
Optimizing NNI: done in 0.632849 secs using 196.9% CPU
Optimizing NNI: done in 0.576133 secs using 197.4% CPU
Optimizing NNI: done in 0.384542 secs using 197.1% CPU
Optimizing NNI: done in 0.393714 secs using 197% CPU
Optimizing NNI: done in 0.480234 secs using 197.9% CPU
Optimizing NNI: done in 0.498103 secs using 197% CPU
Optimizing NNI: done in 0.319475 secs using 197.1% CPU
Iteration 50 / LogL: -20127.584 / Time: 0h:0m:31s (0h:0m:32s left)
Log-likelihood cutoff on original alignment: -20171.505
Optimizing NNI: done in 0.501508 secs using 197.1% CPU
Optimizing NNI: done in 0.426645 secs using 197.4% CPU
Optimizing NNI: done in 0.40871 secs using 197.4% CPU
Optimizing NNI: done in 0.537033 secs using 197.4% CPU
Optimizing NNI: done in 0.65564 secs using 197.4% CPU
Optimizing NNI: done in 0.517617 secs using 197% CPU
Optimizing NNI: done in 0.376648 secs using 197% CPU
Optimizing NNI: done in 0.534435 secs using 197.5% CPU
Optimizing NNI: done in 0.570704 secs using 197.4% CPU
Optimizing NNI: done in 0.362536 secs using 197.6% CPU
Iteration 60 / LogL: -20134.198 / Time: 0h:0m:36s (0h:0m:25s left)
Optimizing NNI: done in 0.37733 secs using 197.4% CPU
Optimizing NNI: done in 0.384807 secs using 197.6% CPU
Optimizing NNI: done in 0.532612 secs using 197.2% CPU
Optimizing NNI: done in 0.279781 secs using 197.9% CPU
Optimizing NNI: done in 0.48456 secs using 197.2% CPU
Optimizing NNI: done in 0.417903 secs using 197.7% CPU
Optimizing NNI: done in 0.370481 secs using 197.8% CPU
Optimizing NNI: done in 0.401429 secs using 197.4% CPU
Optimizing NNI: done in 0.439218 secs using 197.2% CPU
Optimizing NNI: done in 0.469206 secs using 197% CPU
Iteration 70 / LogL: -20127.625 / Time: 0h:0m:40s (0h:0m:18s left)
Optimizing NNI: done in 0.61051 secs using 197.2% CPU
Optimizing NNI: done in 0.660788 secs using 197.7% CPU
Optimizing NNI: done in 0.46244 secs using 197.6% CPU
Optimizing NNI: done in 0.586819 secs using 197.6% CPU
Optimizing NNI: done in 0.377474 secs using 196.9% CPU
Optimizing NNI: done in 0.397485 secs using 197.6% CPU
Optimizing NNI: done in 0.40031 secs using 197.9% CPU
Optimizing NNI: done in 0.546129 secs using 197.7% CPU
Optimizing NNI: done in 0.3916 secs using 197.4% CPU
Optimizing NNI: done in 0.402599 secs using 197.5% CPU
Iteration 80 / LogL: -20133.647 / Time: 0h:0m:45s (0h:0m:12s left)
Optimizing NNI: done in 0.54843 secs using 197.8% CPU
Optimizing NNI: done in 0.526692 secs using 196.7% CPU
Optimizing NNI: done in 0.388954 secs using 197.6% CPU
Optimizing NNI: done in 0.538977 secs using 197.5% CPU
Optimizing NNI: done in 0.506934 secs using 197.9% CPU
Optimizing NNI: done in 0.525263 secs using 197.7% CPU
Optimizing NNI: done in 0.497623 secs using 196.9% CPU
Optimizing NNI: done in 0.646069 secs using 197.8% CPU
Optimizing NNI: done in 0.396624 secs using 196.9% CPU
Optimizing NNI: done in 0.476436 secs using 197.9% CPU
Iteration 90 / LogL: -20127.871 / Time: 0h:0m:51s (0h:0m:6s left)
Optimizing NNI: done in 0.322717 secs using 197.6% CPU
Optimizing NNI: done in 0.477365 secs using 197.1% CPU
Optimizing NNI: done in 0.416685 secs using 197.6% CPU
Optimizing NNI: done in 0.394378 secs using 197.1% CPU
Optimizing NNI: done in 0.486373 secs using 197.7% CPU
Optimizing NNI: done in 0.434726 secs using 197.5% CPU
Optimizing NNI: done in 0.386908 secs using 198% CPU
Optimizing NNI: done in 0.50361 secs using 197.9% CPU
Optimizing NNI: done in 0.459504 secs using 197.4% CPU
Optimizing NNI: done in 0.472476 secs using 197.7% CPU
Iteration 100 / LogL: -20133.673 / Time: 0h:0m:55s (0h:0m:0s left)
Log-likelihood cutoff on original alignment: -20160.164
NOTE: Bootstrap correlation coefficient of split occurrence frequencies: 1.000
Optimizing NNI: done in 0.386368 secs using 197.7% CPU
Optimizing NNI: done in 0.503575 secs using 197.9% CPU
TREE SEARCH COMPLETED AFTER 102 ITERATIONS / Time: 0h:0m:56s

--------------------------------------------------------------------
|                    FINALIZING TREE SEARCH                        |
--------------------------------------------------------------------
Performs final model parameters optimization
Estimate model parameters (epsilon = 0.010)
1. Initial log-likelihood: -20127.483
Optimal log-likelihood: -20127.473
Proportion of invariable sites: 0.098
Site proportion and rates:  (0.181,0.020) (0.333,0.071) (0.104,0.243) (0.284,3.335)
Parameters optimization took 1 rounds (0.266 sec)
BEST SCORE FOUND : -20127.473

Testing tree branches by SH-like aLRT with 1000 replicates...
0.329 sec.
Creating bootstrap support values...
Split supports printed to NEXUS file FungalCW_tree_20231129/127140at4751.aa.mfa.splits.nex
Total tree length: 144.396

Total number of iterations: 102
CPU time used for tree search: 110.033 sec (0h:1m:50s)
Wall-clock time used for tree search: 55.903 sec (0h:0m:55s)
Total CPU time used: 112.851 sec (0h:1m:52s)
Total wall-clock time used: 57.431 sec (0h:0m:57s)

Computing bootstrap consensus tree...
Reading input file FungalCW_tree_20231129/127140at4751.aa.mfa.splits.nex...
17 taxa and 59 splits.
Consensus tree written to FungalCW_tree_20231129/127140at4751.aa.mfa.contree
Reading input trees file FungalCW_tree_20231129/127140at4751.aa.mfa.contree
Log-likelihood of consensus tree: -20133.630

Analysis results written to: 
  IQ-TREE report:                FungalCW_tree_20231129/127140at4751.aa.mfa.iqtree
  Maximum-likelihood tree:       FungalCW_tree_20231129/127140at4751.aa.mfa.treefile
  Likelihood distances:          FungalCW_tree_20231129/127140at4751.aa.mfa.mldist

Ultrafast bootstrap approximation results written to:
  Split support values:          FungalCW_tree_20231129/127140at4751.aa.mfa.splits.nex
  Consensus tree:                FungalCW_tree_20231129/127140at4751.aa.mfa.contree
  Screen log file:               FungalCW_tree_20231129/127140at4751.aa.mfa.log

Date and Time: Wed Nov 29 01:47:21 2023
