IQ-TREE multicore version 2.2.2.6 COVID-edition for Linux 64-bit built May 27 2023
Developed by Bui Quang Minh, James Barbetti, Nguyen Lam Tung,
Olga Chernomor, Heiko Schmidt, Dominik Schrempf, Michael Woodhams, Ly Trong Nhan.

Host:    i28 (AVX2, FMA3, 503 GB RAM)
Command: iqtree2 -s FungalCW_tree_20231129/12959at4751.aa.mfa -gz -B 1000 -alrt 1000 -nt 2
Seed:    42185 (Using SPRNG - Scalable Parallel Random Number Generator)
Time:    Wed Nov 29 01:29:05 2023
Kernel:  AVX+FMA - 2 threads (2 CPU cores detected)

Reading alignment file FungalCW_tree_20231129/12959at4751.aa.mfa ... Fasta format detected
Reading fasta file: done in 0.000607014 secs using 9.884% CPU
Alignment most likely contains protein sequences
Constructing alignment: done in 0.00536203 secs using 135.2% CPU
Alignment has 13 sequences with 2479 columns, 2085 distinct patterns
1104 parsimony-informative, 905 singleton sites, 469 constant sites
                                                               Gap/Ambiguity  Composition  p-value
Analyzing sequences: done in 8.89301e-05 secs using 115.8% CPU
   1  Basidiobolus_meristosporus_CBS_931.73.Basme2finSC.v1            35.58%    passed     10.91%
   2  Colletotrichum_graminicola_M1.001                               24.81%    passed     95.84%
   3  Colletotrichum_higginsianum_IMI_349063                          25.98%    passed     97.33%
   4  Fusarium_graminearum_PH-1                                       26.10%    passed     97.82%
   5  Fusarium_verticillioides_7600                                   26.06%    passed     91.39%
   6  Gilbertella_persicaria_var_persicaria_CBS_190.32-T.Gilper1.v1   29.57%    passed     58.57%
   7  Mucor_mucedo_NRRL_3635                                          28.28%    passed     95.84%
   8  Phycomyces_blakesleeanus_NRRL_1555.Phybl2.v2                    29.45%    passed     94.30%
   9  Rhizopus_stolonifer_NRRL_66455                                  29.57%    passed     34.13%
  10  Trichoderma_harzianum_CBS_226.95                                25.74%    passed     99.46%
  11  Umbelopsis_ramanniana_NRRL_5844.Umbra1.v1                       30.50%    passed     81.92%
  12  Ustilago_maydis                                                 24.32%    failed      0.68%
  13  Zymoseptoria_tritici_IP0323                                     21.42%    passed      6.69%
****  TOTAL                                                           27.49%  1 sequences failed composition chi2 test (p-value<5%; df=19)
Checking for duplicate sequences: done in 0.000152826 secs using 109.9% CPU


Create initial parsimony tree by phylogenetic likelihood library (PLL)... 0.004 seconds
Perform fast likelihood tree search using LG+I+G model...
Estimate model parameters (epsilon = 5.000)
Perform nearest neighbor interchange...
Optimizing NNI: done in 0.1935 secs using 197.5% CPU
Estimate model parameters (epsilon = 1.000)
1. Initial log-likelihood: -32467.577
2. Current log-likelihood: -32465.948
3. Current log-likelihood: -32464.733
Optimal log-likelihood: -32463.739
Proportion of invariable sites: 0.048
Gamma shape alpha: 0.695
Parameters optimization took 3 rounds (0.537 sec)
Time for fast ML tree search: 1.637 seconds

NOTE: ModelFinder requires 50 MB RAM!
ModelFinder will test up to 1232 protein models (sample size: 2479) ...
 No. Model         -LnL         df  AIC          AICc         BIC
  1  LG            33908.364    23  67862.729    67863.178    67996.488
  2  LG+I          33285.213    24  66618.426    66618.915    66758.001
  3  LG+G4         32455.567    24  64959.135    64959.624    65098.709
  4  LG+I+G4       32456.996    25  64963.992    64964.522    65109.383
  5  LG+R2         32608.476    25  65266.953    65267.483    65412.343
  6  LG+R3         32451.861    27  64957.722    64958.339    65114.743
  7  LG+R4         32404.956    29  64867.912    64868.623    65036.565
  8  LG+R5         32404.856    31  64871.711    64872.522    65051.995
 14  LG+I+R2       32483.621    26  65019.242    65019.815    65170.448
 15  LG+I+R3       32415.669    28  64887.338    64888.001    65050.175
 16  LG+I+R4       32405.102    30  64870.203    64870.963    65044.671
 17  LG+I+R5       32404.988    32  64873.976    64874.839    65060.076
 29  LG+F+R4       32269.100    48  64634.200    64636.136    64913.349
 38  LG+F+I+R4     32269.857    49  64637.713    64639.731    64922.678
 51  WAG+R4        32399.779    29  64857.558    64858.268    65026.210
 60  WAG+I+R4      32402.417    30  64864.835    64865.595    65039.303
 73  WAG+F+R4      32283.156    48  64662.312    64664.248    64941.462
 82  WAG+F+I+R4    32285.289    49  64668.579    64670.596    64953.544
 95  JTT+R4        32346.959    29  64751.918    64752.629    64920.571
104  JTT+I+R4      32348.196    30  64756.393    64757.153    64930.861
117  JTT+F+R4      32226.151    48  64548.302    64550.237    64827.451
126  JTT+F+I+R4    32226.922    49  64551.844    64553.862    64836.809
WARNING: Normalizing state frequencies so that sum of them equals to 1
139  Q.pfam+R4     32356.902    29  64771.804    64772.515    64940.457
WARNING: Normalizing state frequencies so that sum of them equals to 1
148  Q.pfam+I+R4   32357.275    30  64774.551    64775.311    64949.019
WARNING: Normalizing state frequencies so that sum of them equals to 1
161  Q.pfam+F+R4   32278.772    48  64653.544    64655.480    64932.693
WARNING: Normalizing state frequencies so that sum of them equals to 1
170  Q.pfam+F+I+R4 32279.102    49  64656.203    64658.220    64941.168
WARNING: Normalizing state frequencies so that sum of them equals to 1
183  Q.bird+R4     32738.488    29  65534.977    65535.687    65703.629
WARNING: Normalizing state frequencies so that sum of them equals to 1
192  Q.bird+I+R4   32737.008    30  65534.016    65534.776    65708.484
WARNING: Normalizing state frequencies so that sum of them equals to 1
205  Q.bird+F+R4   32637.914    48  65371.828    65373.763    65650.977
WARNING: Normalizing state frequencies so that sum of them equals to 1
214  Q.bird+F+I+R4 32633.899    49  65365.798    65367.816    65650.763
WARNING: Normalizing state frequencies so that sum of them equals to 1
227  Q.mammal+R4   32558.314    29  65174.627    65175.338    65343.280
WARNING: Normalizing state frequencies so that sum of them equals to 1
236  Q.mammal+I+R4 32558.484    30  65176.967    65177.727    65351.436
WARNING: Normalizing state frequencies so that sum of them equals to 1
249  Q.mammal+F+R4 32484.116    48  65064.231    65066.167    65343.380
WARNING: Normalizing state frequencies so that sum of them equals to 1
258  Q.mammal+F+I+R4 32482.190    49  65062.380    65064.397    65347.345
271  Q.insect+R4   32367.327    29  64792.655    64793.365    64961.308
280  Q.insect+I+R4 32368.442    30  64796.884    64797.644    64971.352
293  Q.insect+F+R4 32149.123    48  64394.245    64396.181    64673.395
302  Q.insect+F+I+R4 32149.954    49  64397.908    64399.926    64682.873
WARNING: Normalizing state frequencies so that sum of them equals to 1
315  Q.plant+R4    32494.299    29  65046.598    65047.309    65215.251
WARNING: Normalizing state frequencies so that sum of them equals to 1
324  Q.plant+I+R4  32493.955    30  65047.910    65048.670    65222.379
WARNING: Normalizing state frequencies so that sum of them equals to 1
337  Q.plant+F+R4  32367.145    48  64830.290    64832.226    65109.440
WARNING: Normalizing state frequencies so that sum of them equals to 1
346  Q.plant+F+I+R4 32366.010    49  64830.020    64832.037    65114.985
WARNING: Normalizing state frequencies so that sum of them equals to 1
359  Q.yeast+R4    32378.822    29  64815.643    64816.354    64984.296
WARNING: Normalizing state frequencies so that sum of them equals to 1
368  Q.yeast+I+R4  32379.560    30  64819.121    64819.881    64993.589
WARNING: Normalizing state frequencies so that sum of them equals to 1
381  Q.yeast+F+R4  32176.524    48  64449.049    64450.984    64728.198
WARNING: Normalizing state frequencies so that sum of them equals to 1
390  Q.yeast+F+I+R4 32177.201    49  64452.403    64454.420    64737.368
403  JTTDCMut+R4   32351.951    29  64761.903    64762.613    64930.555
412  JTTDCMut+I+R4 32353.253    30  64766.505    64767.265    64940.974
425  JTTDCMut+F+R4 32228.612    48  64553.223    64555.159    64832.373
434  JTTDCMut+F+I+R4 32229.423    49  64556.846    64558.863    64841.811
447  DCMut+R4      32489.407    29  65036.814    65037.525    65205.467
456  DCMut+I+R4    32490.599    30  65041.197    65041.957    65215.666
469  DCMut+F+R4    32235.450    48  64566.900    64568.836    64846.049
478  DCMut+F+I+R4  32236.863    49  64571.726    64573.743    64856.691
491  VT+R4         32370.094    29  64798.187    64798.898    64966.840
500  VT+I+R4       32372.279    30  64804.558    64805.317    64979.026
513  VT+F+R4       32292.622    48  64681.244    64683.180    64960.394
522  VT+F+I+R4     32294.627    49  64687.255    64689.272    64972.220
535  PMB+R4        32764.873    29  65587.746    65588.456    65756.399
544  PMB+I+R4      32766.700    30  65593.400    65594.159    65767.868
557  PMB+F+R4      32511.540    48  65119.080    65121.016    65398.230
566  PMB+F+I+R4    32513.370    49  65124.740    65126.757    65409.705
579  Blosum62+R4   32787.879    29  65633.758    65634.468    65802.410
588  Blosum62+I+R4 32789.846    30  65639.692    65640.452    65814.160
601  Blosum62+F+R4 32498.306    48  65092.612    65094.548    65371.761
610  Blosum62+F+I+R4 32500.144    49  65098.289    65100.306    65383.254
623  Dayhoff+R4    32488.648    29  65035.296    65036.006    65203.948
632  Dayhoff+I+R4  32489.852    30  65039.704    65040.464    65214.173
645  Dayhoff+F+R4  32235.134    48  64566.267    64568.203    64845.416
654  Dayhoff+F+I+R4 32236.562    49  64571.123    64573.140    64856.088
667  mtREV+R4      34149.618    29  68357.236    68357.947    68525.889
676  mtREV+I+R4    34144.769    30  68349.539    68350.298    68524.007
689  mtREV+F+R4    32706.930    48  65509.860    65511.795    65789.009
698  mtREV+F+I+R4  32699.803    49  65497.605    65499.623    65782.570
711  mtART+R4      34559.038    29  69176.077    69176.787    69344.729
720  mtART+I+R4    34540.735    30  69141.469    69142.229    69315.937
733  mtART+F+R4    32913.124    48  65922.247    65924.183    66201.397
742  mtART+F+I+R4  32899.039    49  65896.079    65898.096    66181.044
755  mtZOA+R4      33952.531    29  67963.061    67963.772    68131.714
764  mtZOA+I+R4    33941.359    30  67942.719    67943.479    68117.187
777  mtZOA+F+R4    32630.076    48  65356.153    65358.089    65635.302
786  mtZOA+F+I+R4  32619.776    49  65337.551    65339.569    65622.516
799  mtMet+R4      34389.520    29  68837.040    68837.751    69005.693
808  mtMet+I+R4    34382.759    30  68825.517    68826.277    68999.986
821  mtMet+F+R4    32647.947    48  65391.894    65393.830    65671.043
830  mtMet+F+I+R4  32643.682    49  65385.364    65387.381    65670.329
843  mtVer+R4      34409.946    29  68877.892    68878.602    69046.545
852  mtVer+I+R4    34400.711    30  68861.423    68862.183    69035.891
865  mtVer+F+R4    32924.423    48  65944.846    65946.782    66223.995
874  mtVer+F+I+R4  32919.847    49  65937.693    65939.710    66222.658
887  mtInv+R4      34751.151    29  69560.302    69561.012    69728.954
896  mtInv+I+R4    34746.928    30  69553.857    69554.617    69728.325
909  mtInv+F+R4    32489.658    48  65075.316    65077.252    65354.466
918  mtInv+F+I+R4  32487.531    49  65073.062    65075.079    65358.027
931  mtMAM+R4      34720.958    29  69499.916    69500.626    69668.569
940  mtMAM+I+R4    34707.762    30  69475.524    69476.284    69649.992
953  mtMAM+F+R4    33160.439    48  66416.878    66418.814    66696.028
962  mtMAM+F+I+R4  33152.032    49  66402.064    66404.082    66687.029
WARNING: Normalizing state frequencies so that sum of them equals to 1
975  FLAVI+R4      33413.705    29  66885.410    66886.121    67054.063
WARNING: Normalizing state frequencies so that sum of them equals to 1
984  FLAVI+I+R4    33403.826    30  66867.651    66868.411    67042.119
WARNING: Normalizing state frequencies so that sum of them equals to 1
997  FLAVI+F+R4    32972.383    48  66040.767    66042.703    66319.916
WARNING: Normalizing state frequencies so that sum of them equals to 1
1006  FLAVI+F+I+R4  32960.823    49  66019.645    66021.663    66304.610
1019  HIVb+R4       33071.484    29  66200.968    66201.679    66369.621
1028  HIVb+I+R4     33066.087    30  66192.174    66192.933    66366.642
1041  HIVb+F+R4     32656.006    48  65408.011    65409.947    65687.160
1050  HIVb+F+I+R4   32649.191    49  65396.382    65398.400    65681.347
1063  HIVw+R4       33951.123    29  67960.246    67960.957    68128.899
1072  HIVw+I+R4     33947.234    30  67954.467    67955.227    68128.935
1085  HIVw+F+R4     33126.613    48  66349.226    66351.162    66628.376
1094  HIVw+F+I+R4   33120.384    49  66338.768    66340.785    66623.733
1107  FLU+R4        32791.938    29  65641.876    65642.586    65810.528
1116  FLU+I+R4      32790.378    30  65640.757    65641.516    65815.225
1129  FLU+F+R4      32513.036    48  65122.071    65124.007    65401.221
1138  FLU+F+I+R4    32510.442    49  65118.884    65120.901    65403.848
1151  rtREV+R4      32714.482    29  65486.963    65487.674    65655.616
1160  rtREV+I+R4    32714.551    30  65489.103    65489.862    65663.571
1173  rtREV+F+R4    32327.869    48  64751.739    64753.675    65030.888
1182  rtREV+F+I+R4  32328.068    49  64754.136    64756.153    65039.101
1195  cpREV+R4      32729.076    29  65516.152    65516.863    65684.805
1204  cpREV+I+R4    32728.229    30  65516.459    65517.218    65690.927
1217  cpREV+F+R4    32475.410    48  65046.820    65048.756    65325.970
1226  cpREV+F+I+R4  32474.351    49  65046.701    65048.718    65331.666
Akaike Information Criterion:           Q.insect+F+R4
Corrected Akaike Information Criterion: Q.insect+F+R4
Bayesian Information Criterion:         Q.insect+F+R4
Best-fit model: Q.insect+F+R4 chosen according to BIC

All model information printed to FungalCW_tree_20231129/12959at4751.aa.mfa.model.gz
CPU time for ModelFinder: 1343.178 seconds (0h:22m:23s)
Wall-clock time for ModelFinder: 680.227 seconds (0h:11m:20s)
Generating 1000 samples for ultrafast bootstrap (seed: 42185)...

NOTE: 24 MB RAM (0 GB) is required!
Estimate model parameters (epsilon = 0.100)
1. Initial log-likelihood: -32149.123
Optimal log-likelihood: -32149.112
Site proportion and rates:  (0.222,0.036) (0.421,0.269) (0.267,1.258) (0.090,6.017)
Parameters optimization took 1 rounds (0.414 sec)
Wrote distance file to... 
Computing ML distances based on estimated model parameters...
Calculating distance matrix: done in 0.0229959 secs using 196.9% CPU
Computing ML distances took 0.023774 sec (of wall-clock time) 0.046449 sec (of CPU time)
Setting up auxiliary I and S matrices: done in 5.29289e-05 secs using 200.3% CPU
Constructing RapidNJ tree: done in 0.000187874 secs using 199.1% CPU
Computing RapidNJ tree took 0.000353 sec (of wall-clock time) 0.000700 sec (of CPU time)
Log-likelihood of RapidNJ tree: -32202.645
--------------------------------------------------------------------
|             INITIALIZING CANDIDATE TREE SET                      |
--------------------------------------------------------------------
Generating 98 parsimony trees... 0.672 second
Computing log-likelihood of 96 initial trees ... 5.017 seconds
Current best score: -32149.112

Do NNI search on 20 best initial trees
Optimizing NNI: done in 0.231634 secs using 197.4% CPU
Estimate model parameters (epsilon = 0.100)
BETTER TREE FOUND at iteration 1: -32149.106
Optimizing NNI: done in 0.39326 secs using 197.7% CPU
Optimizing NNI: done in 0.698669 secs using 197.1% CPU
Optimizing NNI: done in 0.575493 secs using 197.3% CPU
Optimizing NNI: done in 0.753651 secs using 197.5% CPU
Optimizing NNI: done in 0.461304 secs using 193.9% CPU
Optimizing NNI: done in 0.744281 secs using 197.6% CPU
Optimizing NNI: done in 0.677545 secs using 197.5% CPU
Optimizing NNI: done in 0.781472 secs using 197.8% CPU
Optimizing NNI: done in 0.508625 secs using 197.9% CPU
Iteration 10 / LogL: -32187.419 / Time: 0h:0m:14s
Optimizing NNI: done in 0.746803 secs using 197.4% CPU
Optimizing NNI: done in 0.570879 secs using 197.4% CPU
Optimizing NNI: done in 0.669163 secs using 197.4% CPU
Optimizing NNI: done in 0.622095 secs using 197.1% CPU
Optimizing NNI: done in 0.724499 secs using 197.5% CPU
Optimizing NNI: done in 0.740473 secs using 197.4% CPU
Optimizing NNI: done in 0.622993 secs using 196.8% CPU
Optimizing NNI: done in 0.621587 secs using 197.7% CPU
Optimizing NNI: done in 0.46031 secs using 198% CPU
Optimizing NNI: done in 0.623741 secs using 197.3% CPU
Iteration 20 / LogL: -32156.948 / Time: 0h:0m:20s
Finish initializing candidate tree set (2)
Current best tree score: -32149.106 / CPU time: 18.555
Number of iterations: 20
--------------------------------------------------------------------
|               OPTIMIZING CANDIDATE TREE SET                      |
--------------------------------------------------------------------
Optimizing NNI: done in 0.653651 secs using 197.9% CPU
Optimizing NNI: done in 0.61785 secs using 198% CPU
Optimizing NNI: done in 0.631699 secs using 197.6% CPU
Optimizing NNI: done in 0.722734 secs using 198% CPU
Optimizing NNI: done in 0.348137 secs using 197.8% CPU
UPDATE BEST LOG-LIKELIHOOD: -32149.106
Optimizing NNI: done in 0.459826 secs using 198.1% CPU
Optimizing NNI: done in 1.00011 secs using 197.9% CPU
Optimizing NNI: done in 0.681442 secs using 198.2% CPU
Optimizing NNI: done in 0.466245 secs using 197.6% CPU
Optimizing NNI: done in 0.888763 secs using 198.1% CPU
Iteration 30 / LogL: -32152.039 / Time: 0h:0m:27s (0h:1m:6s left)
Optimizing NNI: done in 0.410987 secs using 198.5% CPU
Optimizing NNI: done in 0.851082 secs using 198.4% CPU
Optimizing NNI: done in 0.650918 secs using 198.2% CPU
Optimizing NNI: done in 0.68009 secs using 197.7% CPU
Optimizing NNI: done in 0.882572 secs using 198.4% CPU
Optimizing NNI: done in 0.60046 secs using 197.9% CPU
Optimizing NNI: done in 0.604355 secs using 198.3% CPU
Optimizing NNI: done in 0.579996 secs using 198.2% CPU
Optimizing NNI: done in 0.563599 secs using 198.3% CPU
Optimizing NNI: done in 0.639484 secs using 198.4% CPU
Iteration 40 / LogL: -32150.661 / Time: 0h:0m:33s (0h:0m:52s left)
Optimizing NNI: done in 0.5482 secs using 197.4% CPU
Optimizing NNI: done in 0.569313 secs using 198% CPU
Optimizing NNI: done in 0.809967 secs using 198.4% CPU
Optimizing NNI: done in 0.579482 secs using 197.9% CPU
Optimizing NNI: done in 0.800832 secs using 198.4% CPU
Optimizing NNI: done in 0.901707 secs using 198.2% CPU
Optimizing NNI: done in 0.811481 secs using 198.3% CPU
Optimizing NNI: done in 0.785863 secs using 198.1% CPU
Optimizing NNI: done in 0.658834 secs using 198.2% CPU
Optimizing NNI: done in 0.589864 secs using 198.2% CPU
Iteration 50 / LogL: -32149.518 / Time: 0h:0m:41s (0h:0m:42s left)
Log-likelihood cutoff on original alignment: -32180.613
Optimizing NNI: done in 0.489556 secs using 198.4% CPU
Optimizing NNI: done in 0.529937 secs using 198.3% CPU
Optimizing NNI: done in 0.502674 secs using 198.4% CPU
Optimizing NNI: done in 0.854204 secs using 198.3% CPU
Optimizing NNI: done in 0.642805 secs using 197.9% CPU
Optimizing NNI: done in 0.430949 secs using 198.4% CPU
Optimizing NNI: done in 0.559639 secs using 198.4% CPU
Optimizing NNI: done in 0.724226 secs using 198% CPU
Optimizing NNI: done in 0.341375 secs using 198.6% CPU
Optimizing NNI: done in 0.320981 secs using 198.4% CPU
Iteration 60 / LogL: -32149.276 / Time: 0h:0m:46s (0h:0m:32s left)
Optimizing NNI: done in 0.571142 secs using 198.5% CPU
Optimizing NNI: done in 0.766617 secs using 198.6% CPU
Optimizing NNI: done in 0.776671 secs using 198.8% CPU
Optimizing NNI: done in 0.55115 secs using 198.6% CPU
Optimizing NNI: done in 0.807874 secs using 198.4% CPU
Optimizing NNI: done in 0.832322 secs using 198.3% CPU
Optimizing NNI: done in 0.399312 secs using 197.7% CPU
Optimizing NNI: done in 0.611113 secs using 198% CPU
Optimizing NNI: done in 0.657802 secs using 197.9% CPU
Optimizing NNI: done in 1.02156 secs using 197.6% CPU
Iteration 70 / LogL: -32152.297 / Time: 0h:0m:53s (0h:0m:24s left)
Optimizing NNI: done in 1.13852 secs using 197.4% CPU
Optimizing NNI: done in 0.610093 secs using 197.4% CPU
Optimizing NNI: done in 0.997551 secs using 197.6% CPU
Optimizing NNI: done in 0.619971 secs using 197.4% CPU
Optimizing NNI: done in 0.836661 secs using 197.6% CPU
Optimizing NNI: done in 0.760425 secs using 197.8% CPU
Optimizing NNI: done in 0.799763 secs using 197.1% CPU
Optimizing NNI: done in 0.710133 secs using 197.8% CPU
Optimizing NNI: done in 0.454741 secs using 197.7% CPU
Optimizing NNI: done in 0.732178 secs using 197.9% CPU
Iteration 80 / LogL: -32153.440 / Time: 0h:1m:1s (0h:0m:16s left)
Optimizing NNI: done in 0.469587 secs using 197.7% CPU
Optimizing NNI: done in 0.666837 secs using 197.5% CPU
Optimizing NNI: done in 0.338501 secs using 197.3% CPU
Optimizing NNI: done in 0.577213 secs using 197.3% CPU
Optimizing NNI: done in 0.616013 secs using 197.8% CPU
Optimizing NNI: done in 0.473135 secs using 197.7% CPU
Optimizing NNI: done in 0.814185 secs using 198% CPU
Optimizing NNI: done in 0.729319 secs using 197.6% CPU
Optimizing NNI: done in 0.69689 secs using 198% CPU
Optimizing NNI: done in 0.672938 secs using 197.6% CPU
Iteration 90 / LogL: -32151.978 / Time: 0h:1m:8s (0h:0m:8s left)
Optimizing NNI: done in 0.620351 secs using 197.5% CPU
Optimizing NNI: done in 0.553342 secs using 197.5% CPU
Optimizing NNI: done in 0.551991 secs using 197.8% CPU
Optimizing NNI: done in 0.840312 secs using 197.8% CPU
Optimizing NNI: done in 0.737604 secs using 197.9% CPU
Optimizing NNI: done in 0.689039 secs using 197.9% CPU
Optimizing NNI: done in 0.594297 secs using 197.9% CPU
Optimizing NNI: done in 0.438377 secs using 197.7% CPU
Optimizing NNI: done in 0.696087 secs using 197.4% CPU
Optimizing NNI: done in 0.550091 secs using 197.8% CPU
Iteration 100 / LogL: -32149.509 / Time: 0h:1m:14s (0h:0m:0s left)
Log-likelihood cutoff on original alignment: -32181.503
NOTE: Bootstrap correlation coefficient of split occurrence frequencies: 1.000
Optimizing NNI: done in 0.668588 secs using 198% CPU
Optimizing NNI: done in 0.62981 secs using 198% CPU
TREE SEARCH COMPLETED AFTER 102 ITERATIONS / Time: 0h:1m:15s

--------------------------------------------------------------------
|                    FINALIZING TREE SEARCH                        |
--------------------------------------------------------------------
Performs final model parameters optimization
Estimate model parameters (epsilon = 0.010)
1. Initial log-likelihood: -32149.106
Optimal log-likelihood: -32149.103
Site proportion and rates:  (0.222,0.037) (0.421,0.269) (0.268,1.261) (0.089,6.067)
Parameters optimization took 1 rounds (0.326 sec)
BEST SCORE FOUND : -32149.103

Testing tree branches by SH-like aLRT with 1000 replicates...
0.525 sec.
Creating bootstrap support values...
Split supports printed to NEXUS file FungalCW_tree_20231129/12959at4751.aa.mfa.splits.nex
Total tree length: 13.789

Total number of iterations: 102
CPU time used for tree search: 146.061 sec (0h:2m:26s)
Wall-clock time used for tree search: 73.938 sec (0h:1m:13s)
Total CPU time used: 150.099 sec (0h:2m:30s)
Total wall-clock time used: 76.924 sec (0h:1m:16s)

Computing bootstrap consensus tree...
Reading input file FungalCW_tree_20231129/12959at4751.aa.mfa.splits.nex...
13 taxa and 26 splits.
Consensus tree written to FungalCW_tree_20231129/12959at4751.aa.mfa.contree
Reading input trees file FungalCW_tree_20231129/12959at4751.aa.mfa.contree
Log-likelihood of consensus tree: -32149.102

Analysis results written to: 
  IQ-TREE report:                FungalCW_tree_20231129/12959at4751.aa.mfa.iqtree
  Maximum-likelihood tree:       FungalCW_tree_20231129/12959at4751.aa.mfa.treefile
  Likelihood distances:          FungalCW_tree_20231129/12959at4751.aa.mfa.mldist

Ultrafast bootstrap approximation results written to:
  Split support values:          FungalCW_tree_20231129/12959at4751.aa.mfa.splits.nex
  Consensus tree:                FungalCW_tree_20231129/12959at4751.aa.mfa.contree
  Screen log file:               FungalCW_tree_20231129/12959at4751.aa.mfa.log

Date and Time: Wed Nov 29 01:41:42 2023
