IQ-TREE multicore version 2.2.2.6 COVID-edition for Linux 64-bit built May 27 2023
Developed by Bui Quang Minh, James Barbetti, Nguyen Lam Tung,
Olga Chernomor, Heiko Schmidt, Dominik Schrempf, Michael Woodhams, Ly Trong Nhan.

Host:    i28 (AVX2, FMA3, 503 GB RAM)
Command: iqtree2 -s FungalCW_tree_20231129/13224at4751.aa.mfa -gz -B 1000 -alrt 1000 -nt 2
Seed:    40988 (Using SPRNG - Scalable Parallel Random Number Generator)
Time:    Wed Nov 29 01:29:05 2023
Kernel:  AVX+FMA - 2 threads (2 CPU cores detected)

Reading alignment file FungalCW_tree_20231129/13224at4751.aa.mfa ... Fasta format detected
Reading fasta file: done in 0.000878096 secs using 86.44% CPU
Alignment most likely contains protein sequences
Constructing alignment: done in 0.00602102 secs using 151.1% CPU
Alignment has 18 sequences with 2867 columns, 2284 distinct patterns
1061 parsimony-informative, 1621 singleton sites, 185 constant sites
                                                               Gap/Ambiguity  Composition  p-value
Analyzing sequences: done in 0.000126839 secs using 201% CPU
   1  Basidiobolus_meristosporus_CBS_931.73.Basme2finSC.v1            57.41%    passed     32.86%
   2  Botrytis_cinerea_T4                                             53.75%    failed      0.04%
   3  Capillidium_pumilum_ARSEF_79                                    59.02%    failed      0.00%
   4  Colletotrichum_graminicola_M1.001                               51.34%    passed     11.30%
   5  Colletotrichum_higginsianum_IMI_349063                          50.99%    failed      1.31%
   6  Fusarium_graminearum_PH-1                                       51.48%    passed      8.74%
   7  Fusarium_verticillioides_7600                                   51.06%    passed     12.90%
   8  Gilbertella_persicaria_var_persicaria_CBS_190.32-T.Gilper1.v1   67.74%    passed     32.08%
   9  Mortierella_elongata_AG-77                                      55.84%    passed     80.99%
  10  Mucor_mucedo_NRRL_3635                                          63.83%    passed     55.50%
  11  Neoconidiobolus_thromboides_FSU_785.Conth1.v1                   55.14%    failed      0.00%
  12  Phycomyces_blakesleeanus_NRRL_1555.Phybl2.v2                    59.50%    failed      0.93%
  13  Rhizopus_stolonifer_NRRL_66455                                  67.53%    failed      0.88%
  14  Trichoderma_harzianum_CBS_226.95                                51.17%    passed     14.57%
  15  Umbelopsis_ramanniana_NRRL_5844.Umbra1.v1                       59.19%    passed     42.96%
  16  Ustilago_maydis                                                 57.13%    failed      0.00%
  17  Zoophthora_radicans_ATCC_208865                                 67.25%    failed      0.00%
  18  Zymoseptoria_tritici_IP0323                                     53.89%    failed      4.62%
WARNING: 18 sequences contain more than 50% gaps/ambiguity
****  TOTAL                                                           57.40%  9 sequences failed composition chi2 test (p-value<5%; df=19)
Checking for duplicate sequences: done in 0.000257969 secs using 176% CPU


Create initial parsimony tree by phylogenetic likelihood library (PLL)... 0.010 seconds
Perform fast likelihood tree search using LG+I+G model...
Estimate model parameters (epsilon = 5.000)
Perform nearest neighbor interchange...
Optimizing NNI: done in 1.5209 secs using 198.8% CPU
Estimate model parameters (epsilon = 1.000)
1. Initial log-likelihood: -44881.926
Optimal log-likelihood: -44881.408
Proportion of invariable sites: 0.006
Gamma shape alpha: 1.156
Parameters optimization took 1 rounds (0.246 sec)
Time for fast ML tree search: 2.730 seconds

NOTE: ModelFinder requires 72 MB RAM!
ModelFinder will test up to 1232 protein models (sample size: 2867) ...
 No. Model         -LnL         df  AIC          AICc         BIC
  1  LG            45806.246    33  91678.493    91679.285    91875.206
  2  LG+I          45735.853    34  91539.707    91540.547    91742.381
  3  LG+G4         44883.563    34  89835.126    89835.967    90037.801
  4  LG+I+G4       44881.119    35  89832.238    89833.128    90040.874
  5  LG+R2         45013.879    35  90097.758    90098.648    90306.394
  6  LG+R3         44796.988    37  89667.977    89668.971    89888.535
  7  LG+R4         44775.662    39  89629.324    89630.428    89861.804
  8  LG+R5         44775.931    41  89633.862    89635.081    89878.264
 14  LG+I+R2       44985.048    36  90042.096    90043.037    90256.693
 15  LG+I+R3       44793.627    38  89663.254    89664.302    89889.773
 16  LG+I+R4       44777.033    40  89634.066    89635.227    89872.507
 17  LG+I+R5       44775.697    42  89635.395    89636.674    89885.758
 29  LG+F+R4       44636.422    58  89388.845    89391.282    89734.584
 51  WAG+R4        44939.584    39  89957.167    89958.271    90189.647
 73  WAG+F+R4      44717.994    58  89551.989    89554.426    89897.728
 95  JTT+R4        44934.321    39  89946.642    89947.746    90179.122
117  JTT+F+R4      44784.702    58  89685.404    89687.841    90031.143
WARNING: Normalizing state frequencies so that sum of them equals to 1
139  Q.pfam+R4     44755.193    39  89588.385    89589.489    89820.865
WARNING: Normalizing state frequencies so that sum of them equals to 1
161  Q.pfam+F+R4   44646.591    58  89409.182    89411.619    89754.921
WARNING: Normalizing state frequencies so that sum of them equals to 1
183  Q.bird+R4     45331.287    39  90740.575    90741.679    90973.055
WARNING: Normalizing state frequencies so that sum of them equals to 1
205  Q.bird+F+R4   45175.006    58  90466.013    90468.450    90811.752
WARNING: Normalizing state frequencies so that sum of them equals to 1
227  Q.mammal+R4   45196.819    39  90471.638    90472.741    90704.117
WARNING: Normalizing state frequencies so that sum of them equals to 1
249  Q.mammal+F+R4 45028.564    58  90173.128    90175.565    90518.867
271  Q.insect+R4   44835.296    39  89748.592    89749.695    89981.071
293  Q.insect+F+R4 44671.353    58  89458.705    89461.143    89804.445
WARNING: Normalizing state frequencies so that sum of them equals to 1
315  Q.plant+R4    44978.886    39  90035.772    90036.876    90268.252
WARNING: Normalizing state frequencies so that sum of them equals to 1
337  Q.plant+F+R4  44836.684    58  89789.368    89791.805    90135.107
WARNING: Normalizing state frequencies so that sum of them equals to 1
359  Q.yeast+R4    44816.121    39  89710.241    89711.345    89942.721
WARNING: Normalizing state frequencies so that sum of them equals to 1
381  Q.yeast+F+R4  44647.310    58  89410.620    89413.057    89756.359
403  JTTDCMut+R4   44943.714    39  89965.428    89966.532    90197.908
425  JTTDCMut+F+R4 44788.364    58  89692.727    89695.165    90038.467
447  DCMut+R4      45308.916    39  90695.833    90696.936    90928.312
469  DCMut+F+R4    44849.390    58  89814.779    89817.217    90160.519
491  VT+R4         44806.714    39  89691.428    89692.532    89923.908
513  VT+F+R4       44735.090    58  89586.180    89588.618    89931.920
535  PMB+R4        45121.022    39  90320.043    90321.147    90552.523
557  PMB+F+R4      44868.820    58  89853.639    89856.076    90199.378
579  Blosum62+R4   45129.074    39  90336.147    90337.251    90568.627
601  Blosum62+F+R4 44856.439    58  89828.878    89831.315    90174.617
623  Dayhoff+R4    45309.127    39  90696.253    90697.357    90928.733
645  Dayhoff+F+R4  44849.487    58  89814.973    89817.411    90160.712
667  mtREV+R4      46903.529    39  93885.059    93886.163    94117.539
689  mtREV+F+R4    45042.561    58  90201.122    90203.559    90546.861
711  mtART+R4      47297.476    39  94672.951    94674.055    94905.431
733  mtART+F+R4    45214.027    58  90544.055    90546.492    90889.794
755  mtZOA+R4      46666.283    39  93410.566    93411.670    93643.046
777  mtZOA+F+R4    44973.359    58  90062.719    90065.156    90408.458
799  mtMet+R4      47077.966    39  94233.932    94235.036    94466.412
821  mtMet+F+R4    45016.324    58  90148.647    90151.085    90494.387
843  mtVer+R4      47243.649    39  94565.298    94566.402    94797.778
865  mtVer+F+R4    45292.586    58  90701.171    90703.609    91046.910
887  mtInv+R4      47555.474    39  95188.949    95190.052    95421.429
909  mtInv+F+R4    44856.636    58  89829.271    89831.708    90175.010
931  mtMAM+R4      47395.266    39  94868.533    94869.636    95101.013
953  mtMAM+F+R4    45449.145    58  91014.289    91016.727    91360.029
WARNING: Normalizing state frequencies so that sum of them equals to 1
975  FLAVI+R4      46216.915    39  92511.831    92512.934    92744.310
WARNING: Normalizing state frequencies so that sum of them equals to 1
997  FLAVI+F+R4    45563.579    58  91243.159    91245.596    91588.898
1019  HIVb+R4       45588.381    39  91254.762    91255.865    91487.242
1041  HIVb+F+R4     45152.076    58  90420.152    90422.590    90765.892
1063  HIVw+R4       46874.362    39  93826.725    93827.828    94059.205
1085  HIVw+F+R4     45822.143    58  91760.285    91762.722    92106.024
1107  FLU+R4        45470.163    39  91018.325    91019.429    91250.805
1129  FLU+F+R4      45099.604    58  90315.208    90317.645    90660.947
1151  rtREV+R4      45118.157    39  90314.315    90315.419    90546.795
1173  rtREV+F+R4    44695.896    58  89507.792    89510.229    89853.531
1195  cpREV+R4      45073.164    39  90224.328    90225.431    90456.807
1217  cpREV+F+R4    44839.772    58  89795.544    89797.981    90141.283
Akaike Information Criterion:           LG+F+R4
Corrected Akaike Information Criterion: LG+F+R4
Bayesian Information Criterion:         LG+F+R4
Best-fit model: LG+F+R4 chosen according to BIC

All model information printed to FungalCW_tree_20231129/13224at4751.aa.mfa.model.gz
CPU time for ModelFinder: 915.221 seconds (0h:15m:15s)
Wall-clock time for ModelFinder: 463.359 seconds (0h:7m:43s)
Generating 1000 samples for ultrafast bootstrap (seed: 40988)...

NOTE: 34 MB RAM (0 GB) is required!
Estimate model parameters (epsilon = 0.100)
1. Initial log-likelihood: -44636.422
Optimal log-likelihood: -44636.339
Site proportion and rates:  (0.098,0.064) (0.356,0.218) (0.317,0.503) (0.229,3.299)
Parameters optimization took 1 rounds (0.653 sec)
Wrote distance file to... 
Computing ML distances based on estimated model parameters...
Calculating distance matrix: done in 0.068676 secs using 198% CPU
Computing ML distances took 0.069193 sec (of wall-clock time) 0.136882 sec (of CPU time)
WARNING: Some pairwise ML distances are too long (saturated)
Setting up auxiliary I and S matrices: done in 0.000110149 secs using 198.8% CPU
Constructing RapidNJ tree: done in 0.000370979 secs using 121.8% CPU
Computing RapidNJ tree took 0.000614 sec (of wall-clock time) 0.000872 sec (of CPU time)
Log-likelihood of RapidNJ tree: -44666.827
--------------------------------------------------------------------
|             INITIALIZING CANDIDATE TREE SET                      |
--------------------------------------------------------------------
Generating 98 parsimony trees... 1.498 second
Computing log-likelihood of 98 initial trees ... 8.196 seconds
Current best score: -44636.339

Do NNI search on 20 best initial trees
Optimizing NNI: done in 0.386453 secs using 197.9% CPU
Estimate model parameters (epsilon = 0.100)
BETTER TREE FOUND at iteration 1: -44636.264
Optimizing NNI: done in 1.18693 secs using 198% CPU
Optimizing NNI: done in 2.0355 secs using 197.7% CPU
Optimizing NNI: done in 2.42843 secs using 197.7% CPU
Optimizing NNI: done in 1.98606 secs using 197.6% CPU
Optimizing NNI: done in 2.34721 secs using 197.5% CPU
Optimizing NNI: done in 3.47621 secs using 197.6% CPU
Optimizing NNI: done in 2.34552 secs using 197.6% CPU
Optimizing NNI: done in 2.91418 secs using 197.5% CPU
Optimizing NNI: done in 2.89674 secs using 197.7% CPU
Iteration 10 / LogL: -44640.053 / Time: 0h:0m:34s
Optimizing NNI: done in 2.12304 secs using 197.8% CPU
Optimizing NNI: done in 1.82558 secs using 197.8% CPU
Optimizing NNI: done in 2.31392 secs using 197.6% CPU
Optimizing NNI: done in 2.49922 secs using 197.9% CPU
Optimizing NNI: done in 2.27561 secs using 197.9% CPU
Optimizing NNI: done in 2.19935 secs using 197.7% CPU
Optimizing NNI: done in 2.68436 secs using 197.8% CPU
Optimizing NNI: done in 2.3894 secs using 197.8% CPU
Optimizing NNI: done in 2.59885 secs using 197.6% CPU
Optimizing NNI: done in 2.88774 secs using 197.8% CPU
Iteration 20 / LogL: -44638.069 / Time: 0h:0m:58s
Finish initializing candidate tree set (6)
Current best tree score: -44636.264 / CPU time: 56.479
Number of iterations: 20
--------------------------------------------------------------------
|               OPTIMIZING CANDIDATE TREE SET                      |
--------------------------------------------------------------------
Optimizing NNI: done in 0.851594 secs using 197.7% CPU
Optimizing NNI: done in 1.06302 secs using 197.9% CPU
Optimizing NNI: done in 1.41361 secs using 197.6% CPU
Optimizing NNI: done in 1.76664 secs using 197.6% CPU
Optimizing NNI: done in 2.15203 secs using 197.6% CPU
Optimizing NNI: done in 1.20425 secs using 197.7% CPU
Optimizing NNI: done in 1.63378 secs using 197.6% CPU
Optimizing NNI: done in 1.70846 secs using 197.6% CPU
Optimizing NNI: done in 2.19354 secs using 197.6% CPU
Optimizing NNI: done in 0.905526 secs using 197.8% CPU
Iteration 30 / LogL: -44638.250 / Time: 0h:1m:13s (0h:2m:59s left)
Optimizing NNI: done in 1.14009 secs using 197.6% CPU
Optimizing NNI: done in 1.48932 secs using 197.7% CPU
Optimizing NNI: done in 1.46145 secs using 197.6% CPU
Optimizing NNI: done in 2.06921 secs using 197.6% CPU
Optimizing NNI: done in 1.2711 secs using 197.9% CPU
Optimizing NNI: done in 1.67949 secs using 197.7% CPU
Optimizing NNI: done in 1.87421 secs using 198% CPU
Optimizing NNI: done in 1.04053 secs using 198.3% CPU
Optimizing NNI: done in 1.6432 secs using 198.2% CPU
Optimizing NNI: done in 2.25178 secs using 198% CPU
Iteration 40 / LogL: -44638.609 / Time: 0h:1m:29s (0h:2m:20s left)
Optimizing NNI: done in 1.83557 secs using 197.8% CPU
Optimizing NNI: done in 2.24484 secs using 198.1% CPU
Optimizing NNI: done in 1.39185 secs using 198% CPU
Optimizing NNI: done in 1.04042 secs using 197.8% CPU
Optimizing NNI: done in 2.09366 secs using 197.8% CPU
Optimizing NNI: done in 1.28145 secs using 198.1% CPU
Optimizing NNI: done in 1.03594 secs using 197.8% CPU
Optimizing NNI: done in 1.35224 secs using 197.7% CPU
Optimizing NNI: done in 1.77172 secs using 196.7% CPU
Optimizing NNI: done in 1.77286 secs using 195.4% CPU
Iteration 50 / LogL: -44637.438 / Time: 0h:1m:45s (0h:1m:50s left)
Log-likelihood cutoff on original alignment: -44666.140
Optimizing NNI: done in 1.30781 secs using 197.8% CPU
Optimizing NNI: done in 1.33916 secs using 197.8% CPU
Optimizing NNI: done in 1.51564 secs using 198.2% CPU
Optimizing NNI: done in 1.71922 secs using 198% CPU
Optimizing NNI: done in 1.35064 secs using 198.2% CPU
Optimizing NNI: done in 1.126 secs using 198.3% CPU
Optimizing NNI: done in 1.53451 secs using 198.2% CPU
Optimizing NNI: done in 1.52942 secs using 198.2% CPU
Optimizing NNI: done in 1.15269 secs using 197.9% CPU
Optimizing NNI: done in 2.30865 secs using 198.1% CPU
Iteration 60 / LogL: -44638.031 / Time: 0h:2m:1s (0h:1m:24s left)
Optimizing NNI: done in 1.46075 secs using 198.3% CPU
Optimizing NNI: done in 1.55434 secs using 198.3% CPU
Optimizing NNI: done in 0.951648 secs using 198.3% CPU
Optimizing NNI: done in 1.49953 secs using 198.2% CPU
Optimizing NNI: done in 1.55298 secs using 198.3% CPU
Optimizing NNI: done in 2.39028 secs using 198.2% CPU
Optimizing NNI: done in 2.52882 secs using 198.2% CPU
Optimizing NNI: done in 1.4583 secs using 198.1% CPU
Optimizing NNI: done in 1.34043 secs using 198.1% CPU
Optimizing NNI: done in 2.05689 secs using 198% CPU
Iteration 70 / LogL: -44638.130 / Time: 0h:2m:18s (0h:1m:2s left)
Optimizing NNI: done in 1.16926 secs using 198% CPU
Optimizing NNI: done in 2.26664 secs using 197.7% CPU
Optimizing NNI: done in 1.2114 secs using 197.7% CPU
Optimizing NNI: done in 1.64586 secs using 197.9% CPU
Optimizing NNI: done in 2.34199 secs using 197.8% CPU
Optimizing NNI: done in 1.03684 secs using 198% CPU
Optimizing NNI: done in 0.608124 secs using 198% CPU
Optimizing NNI: done in 2.27747 secs using 197.7% CPU
Optimizing NNI: done in 0.794214 secs using 197.7% CPU
Optimizing NNI: done in 2.11311 secs using 197.7% CPU
Iteration 80 / LogL: -44637.506 / Time: 0h:2m:33s (0h:0m:40s left)
Optimizing NNI: done in 1.4552 secs using 197.8% CPU
Optimizing NNI: done in 1.37502 secs using 198% CPU
Optimizing NNI: done in 1.35333 secs using 198.1% CPU
Optimizing NNI: done in 2.05939 secs using 197.9% CPU
Optimizing NNI: done in 1.18172 secs using 197.8% CPU
Optimizing NNI: done in 1.32016 secs using 197.9% CPU
Optimizing NNI: done in 2.25035 secs using 198% CPU
Optimizing NNI: done in 1.21996 secs using 197.7% CPU
Optimizing NNI: done in 1.65558 secs using 197.7% CPU
Optimizing NNI: done in 1.50773 secs using 197.7% CPU
Iteration 90 / LogL: -44639.864 / Time: 0h:2m:49s (0h:0m:20s left)
Optimizing NNI: done in 2.42216 secs using 197.8% CPU
Optimizing NNI: done in 1.81462 secs using 197.8% CPU
Optimizing NNI: done in 1.17297 secs using 197.7% CPU
Optimizing NNI: done in 1.18151 secs using 197.4% CPU
Optimizing NNI: done in 1.55572 secs using 197.8% CPU
Optimizing NNI: done in 1.51188 secs using 197.5% CPU
Optimizing NNI: done in 2.57662 secs using 197.7% CPU
Optimizing NNI: done in 1.11975 secs using 198.1% CPU
Optimizing NNI: done in 2.01434 secs using 197.8% CPU
Optimizing NNI: done in 2.06132 secs using 197.9% CPU
Iteration 100 / LogL: -44638.755 / Time: 0h:3m:7s (0h:0m:1s left)
Log-likelihood cutoff on original alignment: -44666.140
NOTE: Bootstrap correlation coefficient of split occurrence frequencies: 0.998
Optimizing NNI: done in 1.30272 secs using 197.9% CPU
Optimizing NNI: done in 2.0068 secs using 197.7% CPU
TREE SEARCH COMPLETED AFTER 102 ITERATIONS / Time: 0h:3m:10s

--------------------------------------------------------------------
|                    FINALIZING TREE SEARCH                        |
--------------------------------------------------------------------
Performs final model parameters optimization
Estimate model parameters (epsilon = 0.010)
1. Initial log-likelihood: -44636.264
2. Current log-likelihood: -44636.204
3. Current log-likelihood: -44636.149
4. Current log-likelihood: -44636.098
5. Current log-likelihood: -44636.049
6. Current log-likelihood: -44636.005
7. Current log-likelihood: -44635.965
8. Current log-likelihood: -44635.929
9. Current log-likelihood: -44635.896
10. Current log-likelihood: -44635.864
11. Current log-likelihood: -44635.836
12. Current log-likelihood: -44635.809
13. Current log-likelihood: -44635.787
14. Current log-likelihood: -44635.766
15. Current log-likelihood: -44635.748
16. Current log-likelihood: -44635.732
17. Current log-likelihood: -44635.717
18. Current log-likelihood: -44635.704
19. Current log-likelihood: -44635.692
20. Current log-likelihood: -44635.681
Optimal log-likelihood: -44635.671
Site proportion and rates:  (0.089,0.059) (0.333,0.200) (0.348,0.469) (0.230,3.329)
Parameters optimization took 20 rounds (11.393 sec)
BEST SCORE FOUND : -44635.671

Testing tree branches by SH-like aLRT with 1000 replicates...
0.856 sec.
Creating bootstrap support values...
Split supports printed to NEXUS file FungalCW_tree_20231129/13224at4751.aa.mfa.splits.nex
Total tree length: 64.997

Total number of iterations: 102
CPU time used for tree search: 372.972 sec (0h:6m:12s)
Wall-clock time used for tree search: 188.745 sec (0h:3m:8s)
Total CPU time used: 400.841 sec (0h:6m:40s)
Total wall-clock time used: 202.992 sec (0h:3m:22s)

Computing bootstrap consensus tree...
Reading input file FungalCW_tree_20231129/13224at4751.aa.mfa.splits.nex...
18 taxa and 127 splits.
Consensus tree written to FungalCW_tree_20231129/13224at4751.aa.mfa.contree
Reading input trees file FungalCW_tree_20231129/13224at4751.aa.mfa.contree
Log-likelihood of consensus tree: -44637.205

Analysis results written to: 
  IQ-TREE report:                FungalCW_tree_20231129/13224at4751.aa.mfa.iqtree
  Maximum-likelihood tree:       FungalCW_tree_20231129/13224at4751.aa.mfa.treefile
  Likelihood distances:          FungalCW_tree_20231129/13224at4751.aa.mfa.mldist

Ultrafast bootstrap approximation results written to:
  Split support values:          FungalCW_tree_20231129/13224at4751.aa.mfa.splits.nex
  Consensus tree:                FungalCW_tree_20231129/13224at4751.aa.mfa.contree
  Screen log file:               FungalCW_tree_20231129/13224at4751.aa.mfa.log

Date and Time: Wed Nov 29 01:40:13 2023
