IQ-TREE multicore version 2.2.2.6 COVID-edition for Linux 64-bit built May 27 2023
Developed by Bui Quang Minh, James Barbetti, Nguyen Lam Tung,
Olga Chernomor, Heiko Schmidt, Dominik Schrempf, Michael Woodhams, Ly Trong Nhan.

Host:    i28 (AVX2, FMA3, 503 GB RAM)
Command: iqtree2 -s FungalCW_tree_20231129/141273at4751.aa.mfa -gz -B 1000 -alrt 1000 -nt 2
Seed:    882654 (Using SPRNG - Scalable Parallel Random Number Generator)
Time:    Wed Nov 29 01:29:18 2023
Kernel:  AVX+FMA - 2 threads (2 CPU cores detected)

Reading alignment file FungalCW_tree_20231129/141273at4751.aa.mfa ... Fasta format detected
Reading fasta file: done in 0.000342131 secs using 59.92% CPU
Alignment most likely contains protein sequences
Constructing alignment: done in 0.00188994 secs using 53.86% CPU
Alignment has 18 sequences with 897 columns, 828 distinct patterns
463 parsimony-informative, 331 singleton sites, 103 constant sites
                                                               Gap/Ambiguity  Composition  p-value
Analyzing sequences: done in 5.19753e-05 secs using 102% CPU
   1  Basidiobolus_meristosporus_CBS_931.73.Basme2finSC.v1            35.79%    passed     97.94%
   2  Botrytis_cinerea_T4                                             36.90%    passed     98.98%
   3  Capillidium_pumilum_ARSEF_79                                    64.44%    failed      0.35%
   4  Colletotrichum_graminicola_M1.001                               39.24%    passed     82.93%
   5  Colletotrichum_higginsianum_IMI_349063                          11.48%    passed      8.96%
   6  Fusarium_graminearum_PH-1                                       17.73%    passed     44.40%
   7  Fusarium_verticillioides_7600                                   31.44%    passed     93.65%
   8  Gilbertella_persicaria_var_persicaria_CBS_190.32-T.Gilper1.v1   49.39%    passed     93.95%
   9  Mortierella_elongata_AG-77                                      34.45%    passed     93.93%
  10  Mucor_mucedo_NRRL_3635                                          39.35%    passed     86.08%
  11  Neoconidiobolus_thromboides_FSU_785.Conth1.v1                   43.26%    failed      0.00%
  12  Phycomyces_blakesleeanus_NRRL_1555.Phybl2.v2                    41.81%    passed     97.51%
  13  Rhizopus_stolonifer_NRRL_66455                                  40.13%    passed     93.05%
  14  Trichoderma_harzianum_CBS_226.95                                26.09%    passed     93.51%
  15  Umbelopsis_ramanniana_NRRL_5844.Umbra1.v1                       38.46%    passed     76.89%
  16  Ustilago_maydis                                                 31.88%    passed     12.43%
  17  Zoophthora_radicans_ATCC_208865                                 33.78%    failed      0.04%
  18  Zymoseptoria_tritici_IP0323                                     28.54%    passed     41.71%
WARNING: 1 sequences contain more than 50% gaps/ambiguity
****  TOTAL                                                           35.79%  3 sequences failed composition chi2 test (p-value<5%; df=19)
Checking for duplicate sequences: done in 0.000124931 secs using 198.5% CPU


Create initial parsimony tree by phylogenetic likelihood library (PLL)... 0.005 seconds
Perform fast likelihood tree search using LG+I+G model...
Estimate model parameters (epsilon = 5.000)
Perform nearest neighbor interchange...
Optimizing NNI: done in 0.445352 secs using 197.5% CPU
Estimate model parameters (epsilon = 1.000)
1. Initial log-likelihood: -20974.654
Optimal log-likelihood: -20974.303
Proportion of invariable sites: 0.072
Gamma shape alpha: 0.716
Parameters optimization took 1 rounds (0.093 sec)
Time for fast ML tree search: 1.022 seconds

NOTE: ModelFinder requires 26 MB RAM!
ModelFinder will test up to 1232 protein models (sample size: 897) ...
 No. Model         -LnL         df  AIC          AICc         BIC
  1  LG            22687.846    33  45441.691    45444.291    45600.060
  2  LG+I          22114.343    34  44296.685    44299.446    44459.853
  3  LG+G4         20994.000    34  42056.001    42058.762    42219.169
  4  LG+I+G4       20974.247    35  42018.494    42021.421    42186.461
  5  LG+R2         21263.270    35  42596.539    42599.466    42764.506
  6  LG+R3         20990.740    37  42055.479    42058.753    42233.044
  7  LG+R4         20936.657    39  41951.314    41954.955    42138.477
  8  LG+R5         20936.118    41  41954.236    41958.264    42150.998
 14  LG+I+R2       21074.487    36  42220.974    42224.072    42393.740
 15  LG+I+R3       20942.794    38  41961.589    41965.044    42143.953
 16  LG+I+R4       20940.693    40  41961.387    41965.218    42153.349
 29  LG+F+R4       20926.596    58  41969.192    41977.359    42247.537
 37  LG+F+I+R3     20932.765    57  41979.530    41987.411    42253.076
 51  WAG+R4        20955.726    39  41989.453    41993.093    42176.616
 59  WAG+I+R3      20959.176    38  41994.352    41997.806    42176.716
 73  WAG+F+R4      20906.685    58  41929.370    41937.537    42207.715
 81  WAG+F+I+R3    20909.686    57  41933.371    41941.252    42206.917
 95  JTT+R4        20990.144    39  42058.289    42061.929    42245.452
103  JTT+I+R3      20995.428    38  42066.857    42070.312    42249.221
117  JTT+F+R4      20970.852    58  42057.705    42065.872    42336.050
125  JTT+F+I+R3    20975.882    57  42065.765    42073.646    42339.311
WARNING: Normalizing state frequencies so that sum of them equals to 1
139  Q.pfam+R4     20922.671    39  41923.343    41926.983    42110.506
WARNING: Normalizing state frequencies so that sum of them equals to 1
147  Q.pfam+I+R3   20928.524    38  41933.048    41936.502    42115.412
WARNING: Normalizing state frequencies so that sum of them equals to 1
161  Q.pfam+F+R4   20915.047    58  41946.094    41954.261    42224.439
WARNING: Normalizing state frequencies so that sum of them equals to 1
169  Q.pfam+F+I+R3 20920.652    57  41955.304    41963.185    42228.851
WARNING: Normalizing state frequencies so that sum of them equals to 1
183  Q.bird+R4     21207.658    39  42493.317    42496.957    42680.480
WARNING: Normalizing state frequencies so that sum of them equals to 1
191  Q.bird+I+R3   21215.237    38  42506.474    42509.929    42688.838
WARNING: Normalizing state frequencies so that sum of them equals to 1
205  Q.bird+F+R4   21177.693    58  42471.386    42479.553    42749.731
WARNING: Normalizing state frequencies so that sum of them equals to 1
213  Q.bird+F+I+R3 21186.028    57  42486.056    42493.937    42759.602
WARNING: Normalizing state frequencies so that sum of them equals to 1
227  Q.mammal+R4   21138.355    39  42354.710    42358.351    42541.873
WARNING: Normalizing state frequencies so that sum of them equals to 1
235  Q.mammal+I+R3 21145.107    38  42366.215    42369.669    42548.579
WARNING: Normalizing state frequencies so that sum of them equals to 1
249  Q.mammal+F+R4 21096.945    58  42309.889    42318.056    42588.234
WARNING: Normalizing state frequencies so that sum of them equals to 1
257  Q.mammal+F+I+R3 21104.164    57  42322.328    42330.209    42595.874
271  Q.insect+R4   21055.508    39  42189.016    42192.657    42376.179
279  Q.insect+I+R3 21061.701    38  42199.402    42202.856    42381.766
293  Q.insect+F+R4 20959.699    58  42035.398    42043.565    42313.743
301  Q.insect+F+I+R3 20966.667    57  42047.334    42055.215    42320.880
WARNING: Normalizing state frequencies so that sum of them equals to 1
315  Q.plant+R4    21097.964    39  42273.928    42277.569    42461.092
WARNING: Normalizing state frequencies so that sum of them equals to 1
323  Q.plant+I+R3  21106.312    38  42288.624    42292.079    42470.988
WARNING: Normalizing state frequencies so that sum of them equals to 1
337  Q.plant+F+R4  21058.848    58  42233.695    42241.862    42512.040
WARNING: Normalizing state frequencies so that sum of them equals to 1
345  Q.plant+F+I+R3 21067.011    57  42248.023    42255.903    42521.569
WARNING: Normalizing state frequencies so that sum of them equals to 1
359  Q.yeast+R4    21078.866    39  42235.732    42239.373    42422.895
WARNING: Normalizing state frequencies so that sum of them equals to 1
367  Q.yeast+I+R3  21086.960    38  42249.920    42253.375    42432.284
WARNING: Normalizing state frequencies so that sum of them equals to 1
381  Q.yeast+F+R4  20940.313    58  41996.625    42004.792    42274.970
WARNING: Normalizing state frequencies so that sum of them equals to 1
389  Q.yeast+F+I+R3 20948.793    57  42011.586    42019.467    42285.133
403  JTTDCMut+R4   20993.507    39  42065.013    42068.654    42252.176
411  JTTDCMut+I+R3 20998.595    38  42073.190    42076.645    42255.555
425  JTTDCMut+F+R4 20970.820    58  42057.640    42065.807    42335.985
433  JTTDCMut+F+I+R3 20975.720    57  42065.440    42073.320    42338.986
447  DCMut+R4      21182.064    39  42442.128    42445.769    42629.291
455  DCMut+I+R3    21187.322    38  42450.644    42454.099    42633.008
469  DCMut+F+R4    21017.111    58  42150.221    42158.389    42428.567
477  DCMut+F+I+R3  21022.117    57  42158.233    42166.114    42431.779
491  VT+R4         20880.154    39  41838.307    41841.948    42025.470
499  VT+I+R3       20883.098    38  41842.197    41845.651    42024.561
513  VT+F+R4       20880.265    58  41876.530    41884.697    42154.875
521  VT+F+I+R3     20882.817    57  41879.633    41887.514    42153.180
535  PMB+R4        20977.738    39  42033.476    42037.116    42220.639
543  PMB+I+R3      20980.104    38  42036.207    42039.662    42218.571
557  PMB+F+R4      20902.817    58  41921.634    41929.802    42199.980
565  PMB+F+I+R3    20904.778    57  41923.555    41931.436    42197.101
579  Blosum62+R4   20974.476    39  42026.953    42030.593    42214.116
587  Blosum62+I+R3 20977.620    38  42031.239    42034.694    42213.603
601  Blosum62+F+R4 20897.007    58  41910.015    41918.182    42188.360
609  Blosum62+F+I+R3 20899.871    57  41913.741    41921.622    42187.287
623  Dayhoff+R4    21183.029    39  42444.059    42447.700    42631.222
631  Dayhoff+I+R3  21188.132    38  42452.265    42455.719    42634.629
645  Dayhoff+F+R4  21018.014    58  42152.027    42160.194    42430.373
653  Dayhoff+F+I+R3 21022.886    57  42159.772    42167.653    42433.319
667  mtREV+R4      21949.388    39  43976.777    43980.417    44163.940
675  mtREV+I+R3    21963.585    38  44003.170    44006.625    44185.534
689  mtREV+F+R4    21124.398    58  42364.795    42372.962    42643.141
697  mtREV+F+I+R3  21130.106    57  42374.213    42382.094    42647.759
711  mtART+R4      22237.693    39  44553.386    44557.027    44740.549
719  mtART+I+R3    22267.636    38  44611.272    44614.727    44793.636
733  mtART+F+R4    21218.796    58  42553.593    42561.760    42831.938
741  mtART+F+I+R3  21248.448    57  42610.896    42618.776    42884.442
755  mtZOA+R4      21895.657    39  43869.314    43872.954    44056.477
763  mtZOA+I+R3    21922.309    38  43920.619    43924.073    44102.983
777  mtZOA+F+R4    21106.500    58  42329.001    42337.168    42607.346
785  mtZOA+F+I+R3  21126.382    57  42366.765    42374.645    42640.311
799  mtMet+R4      22144.197    39  44366.394    44370.034    44553.557
807  mtMet+I+R3    22162.690    38  44401.379    44404.834    44583.743
821  mtMet+F+R4    21123.198    58  42362.396    42370.563    42640.741
829  mtMet+F+I+R3  21136.665    57  42387.330    42395.210    42660.876
843  mtVer+R4      22133.332    39  44344.665    44348.305    44531.828
851  mtVer+I+R3    22156.691    38  44389.382    44392.837    44571.747
865  mtVer+F+R4    21262.335    58  42640.670    42648.837    42919.015
873  mtVer+F+I+R3  21275.320    57  42664.641    42672.521    42938.187
887  mtInv+R4      22410.734    39  44899.468    44903.109    45086.631
895  mtInv+I+R3    22424.635    38  44925.270    44928.725    45107.634
909  mtInv+F+R4    21045.696    58  42207.393    42215.560    42485.738
917  mtInv+F+I+R3  21056.856    57  42227.712    42235.593    42501.258
931  mtMAM+R4      22227.439    39  44532.879    44536.520    44720.042
939  mtMAM+I+R3    22260.338    38  44596.676    44600.131    44779.040
953  mtMAM+F+R4    21369.455    58  42854.910    42863.077    43133.256
961  mtMAM+F+I+R3  21389.670    57  42893.340    42901.221    43166.886
WARNING: Normalizing state frequencies so that sum of them equals to 1
975  FLAVI+R4      21526.627    39  43131.255    43134.895    43318.418
WARNING: Normalizing state frequencies so that sum of them equals to 1
983  FLAVI+I+R3    21548.674    38  43173.349    43176.803    43355.713
WARNING: Normalizing state frequencies so that sum of them equals to 1
997  FLAVI+F+R4    21397.036    58  42910.072    42918.239    43188.418
WARNING: Normalizing state frequencies so that sum of them equals to 1
1005  FLAVI+F+I+R3  21411.303    57  42936.605    42944.486    43210.152
1019  HIVb+R4       21298.907    39  42675.814    42679.455    42862.977
1027  HIVb+I+R3     21306.914    38  42689.828    42693.283    42872.192
1041  HIVb+F+R4     21201.752    58  42519.504    42527.671    42797.849
1049  HIVb+F+I+R3   21208.702    57  42531.404    42539.284    42804.950
1063  HIVw+R4       21910.087    39  43898.175    43901.815    44085.338
1071  HIVw+I+R3     21918.543    38  43913.087    43916.541    44095.451
1085  HIVw+F+R4     21410.220    58  42936.440    42944.607    43214.785
1093  HIVw+F+I+R3   21416.442    57  42946.883    42954.764    43220.430
1107  FLU+R4        21331.806    39  42741.613    42745.254    42928.776
1115  FLU+I+R3      21338.791    38  42753.582    42757.036    42935.946
1129  FLU+F+R4      21138.792    58  42393.584    42401.751    42671.929
1137  FLU+F+I+R3    21145.929    57  42405.859    42413.740    42679.405
1151  rtREV+R4      21043.771    39  42165.541    42169.182    42352.704
1159  rtREV+I+R3    21050.929    38  42177.858    42181.312    42360.222
1173  rtREV+F+R4    20928.698    58  41973.397    41981.564    42251.742
1181  rtREV+F+I+R3  20935.803    57  41985.607    41993.488    42259.153
1195  cpREV+R4      21058.316    39  42194.632    42198.272    42381.795
1203  cpREV+I+R3    21061.701    38  42199.403    42202.857    42381.767
1217  cpREV+F+R4    20963.894    58  42043.788    42051.955    42322.133
1225  cpREV+F+I+R3  20966.223    57  42046.445    42054.326    42319.991
Akaike Information Criterion:           VT+R4
Corrected Akaike Information Criterion: VT+R4
Bayesian Information Criterion:         VT+I+R3
Best-fit model: VT+I+R3 chosen according to BIC

All model information printed to FungalCW_tree_20231129/141273at4751.aa.mfa.model.gz
CPU time for ModelFinder: 301.233 seconds (0h:5m:1s)
Wall-clock time for ModelFinder: 152.954 seconds (0h:2m:32s)
Generating 1000 samples for ultrafast bootstrap (seed: 882654)...

NOTE: 10 MB RAM (0 GB) is required!
Estimate model parameters (epsilon = 0.100)
1. Initial log-likelihood: -20883.098
2. Current log-likelihood: -20882.977
Optimal log-likelihood: -20882.935
Proportion of invariable sites: 0.075
Site proportion and rates:  (0.219,0.106) (0.324,0.382) (0.382,2.232)
Parameters optimization took 2 rounds (0.279 sec)
Wrote distance file to... 
Computing ML distances based on estimated model parameters...
Calculating distance matrix: done in 0.0373399 secs using 197.8% CPU
Computing ML distances took 0.037664 sec (of wall-clock time) 0.074227 sec (of CPU time)
Setting up auxiliary I and S matrices: done in 6.10352e-05 secs using 201.5% CPU
Constructing RapidNJ tree: done in 0.00019908 secs using 197.9% CPU
Computing RapidNJ tree took 0.000377 sec (of wall-clock time) 0.000747 sec (of CPU time)
Log-likelihood of RapidNJ tree: -20919.882
--------------------------------------------------------------------
|             INITIALIZING CANDIDATE TREE SET                      |
--------------------------------------------------------------------
Generating 98 parsimony trees... 0.484 second
Computing log-likelihood of 98 initial trees ... 2.197 seconds
Current best score: -20882.935

Do NNI search on 20 best initial trees
Optimizing NNI: done in 0.107618 secs using 198.2% CPU
Estimate model parameters (epsilon = 0.100)
BETTER TREE FOUND at iteration 1: -20882.931
Optimizing NNI: done in 0.4201 secs using 197.9% CPU
Optimizing NNI: done in 0.441864 secs using 198% CPU
Optimizing NNI: done in 0.460338 secs using 197.9% CPU
Optimizing NNI: done in 0.545796 secs using 197.9% CPU
Optimizing NNI: done in 0.335841 secs using 197.9% CPU
Optimizing NNI: done in 0.465166 secs using 197.1% CPU
Optimizing NNI: done in 0.534606 secs using 197.8% CPU
Optimizing NNI: done in 0.401048 secs using 197.7% CPU
Optimizing NNI: done in 0.562361 secs using 197.7% CPU
Iteration 10 / LogL: -20883.041 / Time: 0h:0m:7s
Optimizing NNI: done in 0.553619 secs using 197.2% CPU
Optimizing NNI: done in 0.478124 secs using 197.5% CPU
Optimizing NNI: done in 0.38665 secs using 197.6% CPU
Optimizing NNI: done in 0.522617 secs using 197.2% CPU
Optimizing NNI: done in 0.579677 secs using 197.8% CPU
Optimizing NNI: done in 0.626119 secs using 197.6% CPU
Optimizing NNI: done in 0.40766 secs using 195.1% CPU
Optimizing NNI: done in 0.691629 secs using 197.2% CPU
Optimizing NNI: done in 0.540694 secs using 197.5% CPU
Optimizing NNI: done in 0.505211 secs using 197.4% CPU
Iteration 20 / LogL: -20888.517 / Time: 0h:0m:13s
Finish initializing candidate tree set (8)
Current best tree score: -20882.931 / CPU time: 12.500
Number of iterations: 20
--------------------------------------------------------------------
|               OPTIMIZING CANDIDATE TREE SET                      |
--------------------------------------------------------------------
Optimizing NNI: done in 0.326549 secs using 197.7% CPU
Optimizing NNI: done in 0.383394 secs using 197.2% CPU
Optimizing NNI: done in 0.344702 secs using 197.6% CPU
Optimizing NNI: done in 0.356751 secs using 197.2% CPU
Optimizing NNI: done in 0.487937 secs using 197.9% CPU
Estimate model parameters (epsilon = 0.100)
UPDATE BEST LOG-LIKELIHOOD: -20882.382
Optimizing NNI: done in 0.514949 secs using 197.2% CPU
Optimizing NNI: done in 0.393465 secs using 197.6% CPU
Optimizing NNI: done in 0.442672 secs using 197.4% CPU
Optimizing NNI: done in 0.259482 secs using 197.8% CPU
Optimizing NNI: done in 0.479943 secs using 197.4% CPU
Iteration 30 / LogL: -20882.622 / Time: 0h:0m:17s (0h:0m:42s left)
Optimizing NNI: done in 0.285597 secs using 198.2% CPU
Optimizing NNI: done in 0.509167 secs using 197.6% CPU
Optimizing NNI: done in 0.390859 secs using 197.7% CPU
Optimizing NNI: done in 0.302472 secs using 197.4% CPU
Optimizing NNI: done in 0.572866 secs using 197.7% CPU
Optimizing NNI: done in 0.450633 secs using 198.1% CPU
Optimizing NNI: done in 0.424299 secs using 197.2% CPU
Optimizing NNI: done in 0.285065 secs using 197.8% CPU
Optimizing NNI: done in 0.49108 secs using 197.8% CPU
Optimizing NNI: done in 0.382295 secs using 198% CPU
Iteration 40 / LogL: -20885.337 / Time: 0h:0m:21s (0h:0m:34s left)
Optimizing NNI: done in 0.35859 secs using 197.9% CPU
Optimizing NNI: done in 0.318479 secs using 197.8% CPU
Optimizing NNI: done in 0.431872 secs using 197.9% CPU
Optimizing NNI: done in 0.602143 secs using 197.8% CPU
Optimizing NNI: done in 0.355637 secs using 197.6% CPU
Optimizing NNI: done in 0.381675 secs using 198.1% CPU
Optimizing NNI: done in 0.374852 secs using 197.7% CPU
Optimizing NNI: done in 0.483353 secs using 197.7% CPU
Optimizing NNI: done in 0.258368 secs using 197.1% CPU
Optimizing NNI: done in 0.405358 secs using 198.4% CPU
Iteration 50 / LogL: -20882.886 / Time: 0h:0m:25s (0h:0m:26s left)
Log-likelihood cutoff on original alignment: -20921.457
Optimizing NNI: done in 0.373458 secs using 197.9% CPU
Optimizing NNI: done in 0.321767 secs using 197.5% CPU
Optimizing NNI: done in 0.328019 secs using 198.2% CPU
Optimizing NNI: done in 0.471054 secs using 197.4% CPU
Optimizing NNI: done in 0.278656 secs using 198.4% CPU
Optimizing NNI: done in 0.502072 secs using 198.1% CPU
Optimizing NNI: done in 0.32637 secs using 197.7% CPU
Optimizing NNI: done in 0.383645 secs using 197.9% CPU
Optimizing NNI: done in 0.462663 secs using 197.5% CPU
Optimizing NNI: done in 0.449844 secs using 197.8% CPU
Iteration 60 / LogL: -20885.197 / Time: 0h:0m:30s (0h:0m:20s left)
Optimizing NNI: done in 0.365583 secs using 197.7% CPU
Optimizing NNI: done in 0.459242 secs using 197% CPU
Optimizing NNI: done in 0.265369 secs using 198.1% CPU
Optimizing NNI: done in 0.4485 secs using 197.5% CPU
Optimizing NNI: done in 0.259778 secs using 198.1% CPU
Optimizing NNI: done in 0.386562 secs using 197.9% CPU
Optimizing NNI: done in 0.51269 secs using 197.1% CPU
Optimizing NNI: done in 0.3233 secs using 197.5% CPU
Optimizing NNI: done in 0.316585 secs using 197.5% CPU
Optimizing NNI: done in 0.389656 secs using 197.9% CPU
Iteration 70 / LogL: -20882.593 / Time: 0h:0m:33s (0h:0m:15s left)
Optimizing NNI: done in 0.173963 secs using 197% CPU
Optimizing NNI: done in 0.327621 secs using 197.3% CPU
Optimizing NNI: done in 0.549768 secs using 197.7% CPU
Optimizing NNI: done in 0.371829 secs using 197.7% CPU
Optimizing NNI: done in 0.277458 secs using 197.3% CPU
Optimizing NNI: done in 0.276802 secs using 197% CPU
Optimizing NNI: done in 0.345228 secs using 197.8% CPU
Optimizing NNI: done in 0.470913 secs using 197.7% CPU
Optimizing NNI: done in 0.364087 secs using 197.6% CPU
Optimizing NNI: done in 0.350726 secs using 197.8% CPU
Iteration 80 / LogL: -20883.769 / Time: 0h:0m:37s (0h:0m:9s left)
Optimizing NNI: done in 0.289209 secs using 198.1% CPU
Optimizing NNI: done in 0.521313 secs using 197.6% CPU
Optimizing NNI: done in 0.186341 secs using 197.5% CPU
Optimizing NNI: done in 0.334425 secs using 197.7% CPU
Optimizing NNI: done in 0.290957 secs using 198% CPU
Optimizing NNI: done in 0.579228 secs using 197.1% CPU
Optimizing NNI: done in 0.345178 secs using 197.7% CPU
Optimizing NNI: done in 0.275304 secs using 197.7% CPU
Optimizing NNI: done in 0.458455 secs using 197.7% CPU
Optimizing NNI: done in 0.389046 secs using 197.8% CPU
Iteration 90 / LogL: -20885.039 / Time: 0h:0m:41s (0h:0m:5s left)
Optimizing NNI: done in 0.59337 secs using 197.9% CPU
Optimizing NNI: done in 0.62822 secs using 197.3% CPU
Optimizing NNI: done in 0.251363 secs using 196.9% CPU
Optimizing NNI: done in 0.535228 secs using 197.8% CPU
Optimizing NNI: done in 0.390955 secs using 197.1% CPU
Optimizing NNI: done in 0.653474 secs using 197.6% CPU
Optimizing NNI: done in 0.424524 secs using 197.4% CPU
Optimizing NNI: done in 0.557817 secs using 197.9% CPU
Optimizing NNI: done in 0.506167 secs using 197.8% CPU
Optimizing NNI: done in 0.33152 secs using 197.6% CPU
Iteration 100 / LogL: -20882.429 / Time: 0h:0m:46s (0h:0m:0s left)
Log-likelihood cutoff on original alignment: -20917.461
NOTE: Bootstrap correlation coefficient of split occurrence frequencies: 0.993
Optimizing NNI: done in 0.329185 secs using 198% CPU
Optimizing NNI: done in 0.361458 secs using 197.8% CPU
TREE SEARCH COMPLETED AFTER 102 ITERATIONS / Time: 0h:0m:47s

--------------------------------------------------------------------
|                    FINALIZING TREE SEARCH                        |
--------------------------------------------------------------------
Performs final model parameters optimization
Estimate model parameters (epsilon = 0.010)
1. Initial log-likelihood: -20882.382
Optimal log-likelihood: -20882.382
Proportion of invariable sites: 0.075
Site proportion and rates:  (0.221,0.105) (0.322,0.385) (0.382,2.235)
Parameters optimization took 1 rounds (0.140 sec)
BEST SCORE FOUND : -20882.382

Testing tree branches by SH-like aLRT with 1000 replicates...
0.252 sec.
Creating bootstrap support values...
Split supports printed to NEXUS file FungalCW_tree_20231129/141273at4751.aa.mfa.splits.nex
Total tree length: 37.279

Total number of iterations: 102
CPU time used for tree search: 91.531 sec (0h:1m:31s)
Wall-clock time used for tree search: 46.541 sec (0h:0m:46s)
Total CPU time used: 93.578 sec (0h:1m:33s)
Total wall-clock time used: 47.703 sec (0h:0m:47s)

Computing bootstrap consensus tree...
Reading input file FungalCW_tree_20231129/141273at4751.aa.mfa.splits.nex...
18 taxa and 124 splits.
Consensus tree written to FungalCW_tree_20231129/141273at4751.aa.mfa.contree
Reading input trees file FungalCW_tree_20231129/141273at4751.aa.mfa.contree
Log-likelihood of consensus tree: -20882.968

Analysis results written to: 
  IQ-TREE report:                FungalCW_tree_20231129/141273at4751.aa.mfa.iqtree
  Maximum-likelihood tree:       FungalCW_tree_20231129/141273at4751.aa.mfa.treefile
  Likelihood distances:          FungalCW_tree_20231129/141273at4751.aa.mfa.mldist

Ultrafast bootstrap approximation results written to:
  Split support values:          FungalCW_tree_20231129/141273at4751.aa.mfa.splits.nex
  Consensus tree:                FungalCW_tree_20231129/141273at4751.aa.mfa.contree
  Screen log file:               FungalCW_tree_20231129/141273at4751.aa.mfa.log

Date and Time: Wed Nov 29 01:32:39 2023
