IQ-TREE multicore version 2.2.2.6 COVID-edition for Linux 64-bit built May 27 2023
Developed by Bui Quang Minh, James Barbetti, Nguyen Lam Tung,
Olga Chernomor, Heiko Schmidt, Dominik Schrempf, Michael Woodhams, Ly Trong Nhan.

Host:    i29 (AVX2, FMA3, 503 GB RAM)
Command: iqtree2 -s FungalCW_tree_20231129/145178at4751.aa.mfa -gz -B 1000 -alrt 1000 -nt 2
Seed:    306298 (Using SPRNG - Scalable Parallel Random Number Generator)
Time:    Wed Nov 29 01:29:21 2023
Kernel:  AVX+FMA - 2 threads (2 CPU cores detected)

Reading alignment file FungalCW_tree_20231129/145178at4751.aa.mfa ... Fasta format detected
Reading fasta file: done in 0.000573874 secs using 95.84% CPU
Alignment most likely contains protein sequences
Constructing alignment: done in 0.00392699 secs using 192.3% CPU
Alignment has 16 sequences with 1922 columns, 1834 distinct patterns
822 parsimony-informative, 919 singleton sites, 181 constant sites
                                                               Gap/Ambiguity  Composition  p-value
Analyzing sequences: done in 0.000100136 secs using 99.86% CPU
   1  Basidiobolus_meristosporus_CBS_931.73.Basme2finSC.v1            45.53%    failed      0.00%
   2  Botrytis_cinerea_T4                                             57.80%    passed     34.84%
   3  Colletotrichum_graminicola_M1.001                               41.47%    passed     13.63%
   4  Colletotrichum_higginsianum_IMI_349063                          40.22%    passed     17.08%
   5  Fusarium_graminearum_PH-1                                       40.53%    passed     61.65%
   6  Fusarium_verticillioides_7600                                   42.25%    passed     38.98%
   7  Gilbertella_persicaria_var_persicaria_CBS_190.32-T.Gilper1.v1   59.31%    failed      0.04%
   8  Mortierella_elongata_AG-77                                      36.06%    passed     50.76%
   9  Mucor_mucedo_NRRL_3635                                          56.45%    failed      0.38%
  10  Phycomyces_blakesleeanus_NRRL_1555.Phybl2.v2                    61.39%    failed      0.32%
  11  Rhizopus_stolonifer_NRRL_66455                                  91.57%    passed     56.02%
  12  Trichoderma_harzianum_CBS_226.95                                42.72%    passed     41.80%
  13  Umbelopsis_ramanniana_NRRL_5844.Umbra1.v1                       41.16%    passed     63.93%
  14  Ustilago_maydis                                                 35.59%    failed      0.10%
  15  Zoophthora_radicans_ATCC_208865                                 45.53%    failed      0.00%
  16  Zymoseptoria_tritici_IP0323                                     41.05%    passed     50.14%
WARNING: 5 sequences contain more than 50% gaps/ambiguity
****  TOTAL                                                           48.66%  6 sequences failed composition chi2 test (p-value<5%; df=19)
Checking for duplicate sequences: done in 0.000200987 secs using 193.5% CPU


Create initial parsimony tree by phylogenetic likelihood library (PLL)... 0.006 seconds
Perform fast likelihood tree search using LG+I+G model...
Estimate model parameters (epsilon = 5.000)
Perform nearest neighbor interchange...
Optimizing NNI: done in 0.8219 secs using 197.1% CPU
Estimate model parameters (epsilon = 1.000)
1. Initial log-likelihood: -37643.634
Optimal log-likelihood: -37643.142
Proportion of invariable sites: 0.021
Gamma shape alpha: 0.629
Parameters optimization took 1 rounds (0.174 sec)
Time for fast ML tree search: 2.097 seconds

NOTE: ModelFinder requires 52 MB RAM!
ModelFinder will test up to 1232 protein models (sample size: 1922) ...
 No. Model         -LnL         df  AIC          AICc         BIC
  1  LG            39633.097    29  79324.194    79325.114    79485.466
  2  LG+I          39306.102    30  78672.204    78673.188    78839.038
  3  LG+G4         37661.523    30  75383.045    75384.029    75549.879
  4  LG+I+G4       37644.537    31  75351.075    75352.124    75523.469
  5  LG+R2         37777.174    31  75616.348    75617.398    75788.743
  6  LG+R3         37684.807    33  75435.613    75436.802    75619.130
  7  LG+R4         37605.227    35  75280.454    75281.790    75475.093
  8  LG+R5         37548.762    37  75171.524    75173.016    75377.285
  9  LG+R6         37546.239    39  75170.478    75172.136    75387.361
 14  LG+I+R2       37707.106    32  75478.213    75479.331    75656.169
 15  LG+I+R3       37629.434    34  75326.868    75328.129    75515.946
 16  LG+I+R4       37553.380    36  75178.759    75180.173    75378.960
 17  LG+I+R5       37548.624    38  75173.248    75174.822    75384.571
 30  LG+F+R5       37274.953    56  74661.905    74665.328    74973.328
 38  LG+F+I+R4     37291.288    55  74692.576    74695.877    74998.438
 39  LG+F+I+R5     37283.016    57  74680.031    74683.578    74997.015
 52  WAG+R5        37819.151    37  75712.302    75713.795    75918.064
 60  WAG+I+R4      37829.169    36  75730.339    75731.752    75930.539
 61  WAG+I+R5      37822.587    38  75721.174    75722.748    75932.496
 74  WAG+F+R5      37310.986    56  74733.973    74737.396    75045.396
 82  WAG+F+I+R4    37318.224    55  74746.448    74749.749    75052.309
 83  WAG+F+I+R5    37308.655    57  74731.309    74734.856    75048.293
 96  JTT+R5        37756.325    37  75586.649    75588.142    75792.411
104  JTT+I+R4      37772.240    36  75616.479    75617.892    75816.680
105  JTT+I+R5      37762.048    38  75600.095    75601.669    75811.418
118  JTT+F+R5      37314.655    56  74741.309    74744.732    75052.732
126  JTT+F+I+R4    37331.203    55  74772.407    74775.708    75078.269
127  JTT+F+I+R5    37324.181    57  74762.361    74765.908    75079.345
WARNING: Normalizing state frequencies so that sum of them equals to 1
140  Q.pfam+R5     37548.559    37  75171.118    75172.611    75376.880
WARNING: Normalizing state frequencies so that sum of them equals to 1
148  Q.pfam+I+R4   37562.264    36  75196.527    75197.940    75396.728
WARNING: Normalizing state frequencies so that sum of them equals to 1
149  Q.pfam+I+R5   37554.924    38  75185.847    75187.421    75397.170
WARNING: Normalizing state frequencies so that sum of them equals to 1
162  Q.pfam+F+R5   37267.264    56  74646.529    74649.952    74957.952
WARNING: Normalizing state frequencies so that sum of them equals to 1
170  Q.pfam+F+I+R4 37285.772    55  74681.544    74684.845    74987.406
WARNING: Normalizing state frequencies so that sum of them equals to 1
171  Q.pfam+F+I+R5 37277.652    57  74669.303    74672.850    74986.287
WARNING: Normalizing state frequencies so that sum of them equals to 1
184  Q.bird+R5     37856.246    37  75786.491    75787.984    75992.253
WARNING: Normalizing state frequencies so that sum of them equals to 1
192  Q.bird+I+R4   37870.493    36  75812.986    75814.399    76013.187
WARNING: Normalizing state frequencies so that sum of them equals to 1
193  Q.bird+I+R5   37868.150    38  75812.300    75813.874    76023.623
WARNING: Normalizing state frequencies so that sum of them equals to 1
206  Q.bird+F+R5   37446.661    56  75005.322    75008.745    75316.745
WARNING: Normalizing state frequencies so that sum of them equals to 1
214  Q.bird+F+I+R4 37465.680    55  75041.361    75044.662    75347.222
WARNING: Normalizing state frequencies so that sum of them equals to 1
215  Q.bird+F+I+R5 37458.258    57  75030.515    75034.063    75347.499
WARNING: Normalizing state frequencies so that sum of them equals to 1
228  Q.mammal+R5   37828.600    37  75731.200    75732.692    75936.961
WARNING: Normalizing state frequencies so that sum of them equals to 1
236  Q.mammal+I+R4 37839.588    36  75751.176    75752.589    75951.377
WARNING: Normalizing state frequencies so that sum of them equals to 1
237  Q.mammal+I+R5 37834.991    38  75745.983    75747.557    75957.305
WARNING: Normalizing state frequencies so that sum of them equals to 1
250  Q.mammal+F+R5 37389.578    56  74891.155    74894.578    75202.578
WARNING: Normalizing state frequencies so that sum of them equals to 1
258  Q.mammal+F+I+R4 37405.605    55  74921.210    74924.511    75227.072
WARNING: Normalizing state frequencies so that sum of them equals to 1
259  Q.mammal+F+I+R5 37399.975    57  74913.950    74917.498    75230.934
272  Q.insect+R5   37648.691    37  75371.382    75372.875    75577.144
280  Q.insect+I+R4 37662.662    36  75397.324    75398.737    75597.525
NOTE: 5.101 seconds to dump checkpoint file, increase to 103.000
281  Q.insect+I+R5 37656.091    38  75388.183    75389.757    75599.505
294  Q.insect+F+R5 37273.469    56  74658.938    74662.361    74970.361
302  Q.insect+F+I+R4 37292.252    55  74694.503    74697.804    75000.365
303  Q.insect+F+I+R5 37283.984    57  74681.968    74685.515    74998.952
WARNING: Normalizing state frequencies so that sum of them equals to 1
316  Q.plant+R5    37658.957    37  75391.914    75393.406    75597.675
WARNING: Normalizing state frequencies so that sum of them equals to 1
324  Q.plant+I+R4  37675.216    36  75422.432    75423.845    75622.632
WARNING: Normalizing state frequencies so that sum of them equals to 1
325  Q.plant+I+R5  37668.043    38  75412.086    75413.660    75623.409
WARNING: Normalizing state frequencies so that sum of them equals to 1
338  Q.plant+F+R5  37342.282    56  74796.563    74799.986    75107.986
WARNING: Normalizing state frequencies so that sum of them equals to 1
346  Q.plant+F+I+R4 37363.302    55  74836.604    74839.905    75142.466
WARNING: Normalizing state frequencies so that sum of them equals to 1
347  Q.plant+F+I+R5 37353.877    57  74821.755    74825.302    75138.739
WARNING: Normalizing state frequencies so that sum of them equals to 1
360  Q.yeast+R5    37649.674    37  75373.348    75374.841    75579.110
WARNING: Normalizing state frequencies so that sum of them equals to 1
368  Q.yeast+I+R4  37669.309    36  75410.618    75412.031    75610.818
WARNING: Normalizing state frequencies so that sum of them equals to 1
369  Q.yeast+I+R5  37658.528    38  75393.057    75394.631    75604.379
WARNING: Normalizing state frequencies so that sum of them equals to 1
382  Q.yeast+F+R5  37259.550    56  74631.100    74634.523    74942.523
WARNING: Normalizing state frequencies so that sum of them equals to 1
390  Q.yeast+F+I+R4 37280.568    55  74671.137    74674.438    74976.999
WARNING: Normalizing state frequencies so that sum of them equals to 1
391  Q.yeast+F+I+R5 37270.723    57  74655.445    74658.993    74972.429
404  JTTDCMut+R5   37770.035    37  75614.069    75615.562    75819.831
412  JTTDCMut+I+R4 37782.959    36  75637.917    75639.330    75838.118
413  JTTDCMut+I+R5 37772.568    38  75621.136    75622.710    75832.458
426  JTTDCMut+F+R5 37315.186    56  74742.371    74745.795    75053.794
434  JTTDCMut+F+I+R4 37332.092    55  74774.184    74777.485    75080.046
435  JTTDCMut+F+I+R5 37324.952    57  74763.905    74767.452    75080.889
448  DCMut+R5      38189.011    37  76452.022    76453.515    76657.784
456  DCMut+I+R4    38210.602    36  76493.203    76494.617    76693.404
457  DCMut+I+R5    38191.455    38  76458.909    76460.484    76670.232
470  DCMut+F+R5    37350.401    56  74812.802    74816.225    75124.225
478  DCMut+F+I+R4  37375.362    55  74860.724    74864.025    75166.586
479  DCMut+F+I+R5  37361.689    57  74837.378    74840.925    75154.362
492  VT+R5         37663.189    37  75400.378    75401.871    75606.140
500  VT+I+R4       37667.629    36  75407.258    75408.671    75607.458
501  VT+I+R5       37664.079    38  75404.158    75405.733    75615.481
514  VT+F+R5       37310.875    56  74733.750    74737.173    75045.173
522  VT+F+I+R4     37325.698    55  74761.395    74764.697    75067.257
523  VT+F+I+R5     37317.642    57  74749.285    74752.832    75066.269
536  PMB+R5        38064.435    37  76202.869    76204.362    76408.631
544  PMB+I+R4      38059.031    36  76190.061    76191.474    76390.261
545  PMB+I+R5      38057.069    38  76190.137    76191.711    76401.460
558  PMB+F+R5      37370.183    56  74852.366    74855.789    75163.788
566  PMB+F+I+R4    37383.867    55  74877.734    74881.035    75183.595
567  PMB+F+I+R5    37377.275    57  74868.551    74872.098    75185.535
580  Blosum62+R5   37958.489    37  75990.977    75992.470    76196.739
588  Blosum62+I+R4 37959.271    36  75990.542    75991.955    76190.742
589  Blosum62+I+R5 37954.777    38  75985.554    75987.128    76196.877
602  Blosum62+F+R5 37365.161    56  74842.322    74845.745    75153.745
610  Blosum62+F+I+R4 37379.717    55  74869.435    74872.736    75175.296
611  Blosum62+F+I+R5 37372.745    57  74859.490    74863.037    75176.474
624  Dayhoff+R5    38188.586    37  76451.171    76452.664    76656.933
632  Dayhoff+I+R4  38189.629    36  76451.257    76452.671    76651.458
633  Dayhoff+I+R5  38184.254    38  76444.508    76446.082    76655.830
646  Dayhoff+F+R5  37350.269    56  74812.538    74815.961    75123.961
654  Dayhoff+F+I+R4 37375.386    55  74860.772    74864.073    75166.634
655  Dayhoff+F+I+R5 37361.663    57  74837.326    74840.873    75154.310
668  mtREV+R5      40339.211    37  80752.422    80753.915    80958.184
676  mtREV+I+R4    40344.341    36  80760.683    80762.096    80960.883
677  mtREV+I+R5    40339.820    38  80755.641    80757.215    80966.963
690  mtREV+F+R5    37424.810    56  74961.620    74965.043    75273.043
698  mtREV+F+I+R4  37447.749    55  75005.498    75008.799    75311.359
699  mtREV+F+I+R5  37433.878    57  74981.756    74985.303    75298.740
712  mtART+R5      40693.313    37  81460.626    81462.119    81666.388
720  mtART+I+R4    40737.558    36  81547.116    81548.530    81747.317
721  mtART+I+R5    40698.399    38  81472.798    81474.373    81684.121
734  mtART+F+R5    37519.341    56  75150.682    75154.105    75462.105
742  mtART+F+I+R4  37724.482    55  75558.963    75562.264    75864.825
743  mtART+F+I+R5  37641.783    57  75397.566    75401.113    75714.550
756  mtZOA+R5      40171.205    37  80416.410    80417.902    80622.171
764  mtZOA+I+R4    40186.854    36  80445.707    80447.121    80645.908
765  mtZOA+I+R5    40186.585    38  80449.171    80450.745    80660.493
778  mtZOA+F+R5    37412.527    56  74937.054    74940.477    75248.477
786  mtZOA+F+I+R4  37570.697    55  75251.394    75254.695    75557.255
787  mtZOA+F+I+R5  37503.015    57  75120.031    75123.578    75437.015
800  mtMet+R5      40637.214    37  81348.428    81349.921    81554.190
808  mtMet+I+R4    40643.430    36  81358.859    81360.272    81559.060
809  mtMet+I+R5    40640.162    38  81356.324    81357.899    81567.647
822  mtMet+F+R5    37406.837    56  74925.674    74929.097    75237.097
830  mtMet+F+I+R4  37440.394    55  74990.788    74994.089    75296.650
831  mtMet+F+I+R5  37419.993    57  74953.985    74957.532    75270.969
844  mtVer+R5      40688.453    37  81450.906    81452.398    81656.667
852  mtVer+I+R4    40701.782    36  81475.565    81476.978    81675.765
853  mtVer+I+R5    40701.657    38  81479.314    81480.888    81690.637
866  mtVer+F+R5    37519.934    56  75151.868    75155.291    75463.290
874  mtVer+F+I+R4  37671.305    55  75452.609    75455.910    75758.471
875  mtVer+F+I+R5  37606.446    57  75326.891    75330.438    75643.875
888  mtInv+R5      41185.902    37  82445.804    82447.296    82651.565
896  mtInv+I+R4    41183.466    36  82438.931    82440.345    82639.132
897  mtInv+I+R5    41182.791    38  82441.581    82443.155    82652.904
910  mtInv+F+R5    37353.533    56  74819.066    74822.489    75130.488
918  mtInv+F+I+R4  37378.093    55  74866.187    74869.488    75172.048
919  mtInv+F+I+R5  37368.489    57  74850.978    74854.525    75167.962
932  mtMAM+R5      40606.900    37  81287.800    81289.293    81493.562
940  mtMAM+I+R4    40625.575    36  81323.151    81324.564    81523.351
941  mtMAM+I+R5    40616.688    38  81309.376    81310.950    81520.698
954  mtMAM+F+R5    37630.360    56  75372.721    75376.144    75684.144
962  mtMAM+F+I+R4  37827.429    55  75764.857    75768.158    76070.719
963  mtMAM+F+I+R5  37744.916    57  75603.832    75607.379    75920.816
WARNING: Normalizing state frequencies so that sum of them equals to 1
976  FLAVI+R5      38547.050    37  77168.099    77169.592    77373.861
WARNING: Normalizing state frequencies so that sum of them equals to 1
984  FLAVI+I+R4    38578.896    36  77229.792    77231.205    77429.993
WARNING: Normalizing state frequencies so that sum of them equals to 1
985  FLAVI+I+R5    38552.375    38  77180.749    77182.323    77392.072
WARNING: Normalizing state frequencies so that sum of them equals to 1
998  FLAVI+F+R5    37608.512    56  75329.023    75332.447    75640.446
WARNING: Normalizing state frequencies so that sum of them equals to 1
1006  FLAVI+F+I+R4  37723.523    55  75557.046    75560.347    75862.907
WARNING: Normalizing state frequencies so that sum of them equals to 1
1007  FLAVI+F+I+R5  37665.339    57  75444.678    75448.226    75761.662
1020  HIVb+R5       38154.395    37  76382.789    76384.282    76588.551
1028  HIVb+I+R4     38153.069    36  76378.139    76379.552    76578.339
1029  HIVb+I+R5     38149.010    38  76374.020    76375.594    76585.343
1042  HIVb+F+R5     37445.334    56  75002.669    75006.092    75314.091
1050  HIVb+F+I+R4   37458.381    55  75026.763    75030.064    75332.625
1051  HIVb+F+I+R5   37451.047    57  75016.094    75019.641    75333.078
1064  HIVw+R5       39201.848    37  78477.696    78479.189    78683.458
1072  HIVw+I+R4     39205.848    36  78483.695    78485.109    78683.896
1073  HIVw+I+R5     39193.097    38  78462.193    78463.767    78673.516
1086  HIVw+F+R5     37632.511    56  75377.023    75380.446    75688.445
1094  HIVw+F+I+R4   37646.004    55  75402.008    75405.309    75707.870
1095  HIVw+F+I+R5   37643.359    57  75400.718    75404.265    75717.702
1108  FLU+R5        38336.663    37  76747.326    76748.818    76953.087
1116  FLU+I+R4      38339.430    36  76750.860    76752.273    76951.060
1117  FLU+I+R5      38332.551    38  76741.103    76742.677    76952.425
1130  FLU+F+R5      37412.831    56  74937.661    74941.084    75249.084
1138  FLU+F+I+R4    37437.765    55  74985.531    74988.832    75291.392
1139  FLU+F+I+R5    37424.754    57  74963.508    74967.055    75280.492
1152  rtREV+R5      38083.965    37  76241.931    76243.423    76447.692
1160  rtREV+I+R4    38085.163    36  76242.325    76243.738    76442.525
1161  rtREV+I+R5    38080.488    38  76236.976    76238.550    76448.299
1174  rtREV+F+R5    37305.663    56  74723.327    74726.750    75034.749
1182  rtREV+F+I+R4  37322.229    55  74754.458    74757.760    75060.320
1183  rtREV+F+I+R5  37315.167    57  74744.334    74747.882    75061.318
1196  cpREV+R5      38134.669    37  76343.338    76344.831    76549.100
1204  cpREV+I+R4    38150.928    36  76373.856    76375.269    76574.056
1205  cpREV+I+R5    38135.457    38  76346.914    76348.488    76558.236
1218  cpREV+F+R5    37388.982    56  74889.963    74893.386    75201.386
1226  cpREV+F+I+R4  37406.355    55  74922.710    74926.012    75228.572
1227  cpREV+F+I+R5  37396.864    57  74907.727    74911.274    75224.711
Akaike Information Criterion:           Q.yeast+F+R5
Corrected Akaike Information Criterion: Q.yeast+F+R5
Bayesian Information Criterion:         Q.yeast+F+R5
Best-fit model: Q.yeast+F+R5 chosen according to BIC

All model information printed to FungalCW_tree_20231129/145178at4751.aa.mfa.model.gz
CPU time for ModelFinder: 3458.987 seconds (0h:57m:38s)
Wall-clock time for ModelFinder: 1754.121 seconds (0h:29m:14s)
Generating 1000 samples for ultrafast bootstrap (seed: 306298)...
WARNING: Normalizing state frequencies so that sum of them equals to 1

NOTE: 30 MB RAM (0 GB) is required!
Estimate model parameters (epsilon = 0.100)
1. Initial log-likelihood: -37259.550
2. Current log-likelihood: -37259.119
Optimal log-likelihood: -37259.094
Site proportion and rates:  (0.056,0.008) (0.345,0.055) (0.137,0.218) (0.092,2.051) (0.370,2.064)
Parameters optimization took 2 rounds (1.018 sec)
Wrote distance file to... 
Computing ML distances based on estimated model parameters...
Calculating distance matrix: done in 0.131889 secs using 197.8% CPU
Computing ML distances took 0.132252 sec (of wall-clock time) 0.261459 sec (of CPU time)
WARNING: Some pairwise ML distances are too long (saturated)
Setting up auxiliary I and S matrices: done in 0.0003829 secs using 174.5% CPU
Constructing RapidNJ tree: done in 0.000228882 secs using 199.2% CPU
Computing RapidNJ tree took 0.000693 sec (of wall-clock time) 0.001272 sec (of CPU time)
Log-likelihood of RapidNJ tree: -37435.615
--------------------------------------------------------------------
|             INITIALIZING CANDIDATE TREE SET                      |
--------------------------------------------------------------------
Generating 98 parsimony trees... 0.910 second
Computing log-likelihood of 98 initial trees ... 6.906 seconds
Current best score: -37259.094

Do NNI search on 20 best initial trees
Optimizing NNI: done in 0.47734 secs using 199% CPU
Estimate model parameters (epsilon = 0.100)
BETTER TREE FOUND at iteration 1: -37258.346
Optimizing NNI: done in 1.25916 secs using 198.6% CPU
Optimizing NNI: done in 0.931138 secs using 199.1% CPU
Optimizing NNI: done in 1.07539 secs using 198.5% CPU
Optimizing NNI: done in 1.11515 secs using 198.8% CPU
Optimizing NNI: done in 1.12112 secs using 198.5% CPU
Optimizing NNI: done in 1.27334 secs using 198.9% CPU
Optimizing NNI: done in 1.407 secs using 198.8% CPU
Optimizing NNI: done in 1.07292 secs using 198.9% CPU
Optimizing NNI: done in 1.12945 secs using 198.9% CPU
Iteration 10 / LogL: -37308.047 / Time: 0h:0m:21s
Optimizing NNI: done in 1.07977 secs using 199% CPU
Optimizing NNI: done in 0.948555 secs using 198.8% CPU
Optimizing NNI: done in 1.1096 secs using 199% CPU
Optimizing NNI: done in 0.943612 secs using 198.9% CPU
Optimizing NNI: done in 1.12899 secs using 199.1% CPU
Optimizing NNI: done in 1.08698 secs using 198.8% CPU
Optimizing NNI: done in 0.912864 secs using 198.8% CPU
Optimizing NNI: done in 1.13246 secs using 198.9% CPU
Optimizing NNI: done in 1.21406 secs using 199% CPU
Optimizing NNI: done in 1.51288 secs using 199% CPU
Iteration 20 / LogL: -37338.036 / Time: 0h:0m:32s
Finish initializing candidate tree set (9)
Current best tree score: -37258.346 / CPU time: 31.063
Number of iterations: 20
--------------------------------------------------------------------
|               OPTIMIZING CANDIDATE TREE SET                      |
--------------------------------------------------------------------
Optimizing NNI: done in 0.789762 secs using 198.9% CPU
Optimizing NNI: done in 0.652749 secs using 198.8% CPU
Optimizing NNI: done in 0.59855 secs using 199% CPU
Optimizing NNI: done in 0.740979 secs using 198.9% CPU
Optimizing NNI: done in 0.766611 secs using 199% CPU
Optimizing NNI: done in 0.681225 secs using 199% CPU
Optimizing NNI: done in 1.01171 secs using 199% CPU
Optimizing NNI: done in 0.858388 secs using 198.9% CPU
Optimizing NNI: done in 0.918152 secs using 198.9% CPU
Optimizing NNI: done in 0.795682 secs using 199.1% CPU
Iteration 30 / LogL: -37303.522 / Time: 0h:0m:40s (0h:1m:39s left)
Optimizing NNI: done in 0.895434 secs using 198.9% CPU
Optimizing NNI: done in 1.38678 secs using 198.8% CPU
Optimizing NNI: done in 1.20875 secs using 199% CPU
Optimizing NNI: done in 1.02866 secs using 198.9% CPU
Optimizing NNI: done in 0.677447 secs using 199.1% CPU
Optimizing NNI: done in 1.46174 secs using 198.9% CPU
Estimate model parameters (epsilon = 0.100)
UPDATE BEST LOG-LIKELIHOOD: -37256.043
Optimizing NNI: done in 1.44434 secs using 198.8% CPU
Optimizing NNI: done in 0.748193 secs using 198.8% CPU
Optimizing NNI: done in 0.955051 secs using 198.8% CPU
Optimizing NNI: done in 0.548114 secs using 198.5% CPU
Iteration 40 / LogL: -37276.485 / Time: 0h:0m:52s (0h:1m:22s left)
Optimizing NNI: done in 0.839058 secs using 198.9% CPU
Optimizing NNI: done in 0.976892 secs using 199% CPU
Optimizing NNI: done in 1.14967 secs using 199% CPU
Optimizing NNI: done in 0.743896 secs using 198.9% CPU
Optimizing NNI: done in 1.04804 secs using 198.9% CPU
Optimizing NNI: done in 0.49439 secs using 199% CPU
Optimizing NNI: done in 0.878008 secs using 198.7% CPU
Optimizing NNI: done in 0.815723 secs using 198.4% CPU
Optimizing NNI: done in 0.916504 secs using 198.6% CPU
Optimizing NNI: done in 0.741522 secs using 198.8% CPU
Iteration 50 / LogL: -37256.101 / Time: 0h:1m:1s (0h:1m:4s left)
Log-likelihood cutoff on original alignment: -37276.420
Optimizing NNI: done in 0.485994 secs using 198.8% CPU
Optimizing NNI: done in 0.732596 secs using 198.8% CPU
Optimizing NNI: done in 1.02203 secs using 198.7% CPU
Optimizing NNI: done in 0.72728 secs using 199.1% CPU
Optimizing NNI: done in 1.20557 secs using 198.8% CPU
Optimizing NNI: done in 0.847728 secs using 198.9% CPU
Optimizing NNI: done in 1.11346 secs using 198.9% CPU
Optimizing NNI: done in 0.653914 secs using 198.7% CPU
Optimizing NNI: done in 1.1207 secs using 199.1% CPU
Optimizing NNI: done in 0.771286 secs using 199.1% CPU
Iteration 60 / LogL: -37277.320 / Time: 0h:1m:10s (0h:0m:48s left)
Optimizing NNI: done in 0.739159 secs using 198.4% CPU
Optimizing NNI: done in 1.43137 secs using 198.9% CPU
Optimizing NNI: done in 0.697703 secs using 198.7% CPU
Optimizing NNI: done in 0.645231 secs using 198.9% CPU
Optimizing NNI: done in 1.12887 secs using 198.9% CPU
Optimizing NNI: done in 0.964396 secs using 199% CPU
Optimizing NNI: done in 1.23805 secs using 199.1% CPU
Optimizing NNI: done in 1.39395 secs using 199% CPU
Optimizing NNI: done in 0.811128 secs using 198.9% CPU
Optimizing NNI: done in 1.10793 secs using 198.9% CPU
Iteration 70 / LogL: -37257.373 / Time: 0h:1m:20s (0h:0m:36s left)
Optimizing NNI: done in 1.05045 secs using 198.9% CPU
Optimizing NNI: done in 1.06223 secs using 199% CPU
Optimizing NNI: done in 0.933132 secs using 198.9% CPU
Optimizing NNI: done in 0.999322 secs using 199% CPU
Optimizing NNI: done in 0.697808 secs using 198.8% CPU
Optimizing NNI: done in 1.07117 secs using 198.8% CPU
Optimizing NNI: done in 0.746105 secs using 199.1% CPU
Optimizing NNI: done in 0.908008 secs using 198.8% CPU
Optimizing NNI: done in 0.879585 secs using 199% CPU
Optimizing NNI: done in 1.17907 secs using 199% CPU
Iteration 80 / LogL: -37256.428 / Time: 0h:1m:30s (0h:0m:24s left)
Optimizing NNI: done in 1.17124 secs using 199.1% CPU
Optimizing NNI: done in 0.859573 secs using 198.4% CPU
Optimizing NNI: done in 0.714264 secs using 199% CPU
Optimizing NNI: done in 0.820718 secs using 198.8% CPU
Optimizing NNI: done in 1.15807 secs using 199% CPU
Optimizing NNI: done in 1.18222 secs using 198.9% CPU
Optimizing NNI: done in 1.13482 secs using 199% CPU
Optimizing NNI: done in 1.24033 secs using 199.1% CPU
Optimizing NNI: done in 1.0905 secs using 198.9% CPU
Optimizing NNI: done in 0.728512 secs using 198.9% CPU
Iteration 90 / LogL: -37280.729 / Time: 0h:1m:40s (0h:0m:12s left)
Optimizing NNI: done in 0.909597 secs using 199% CPU
Optimizing NNI: done in 0.700739 secs using 199.1% CPU
Optimizing NNI: done in 0.79269 secs using 198.9% CPU
Optimizing NNI: done in 0.706615 secs using 198.7% CPU
Optimizing NNI: done in 0.747084 secs using 199% CPU
Optimizing NNI: done in 0.99596 secs using 199% CPU
Optimizing NNI: done in 0.941353 secs using 198.8% CPU
Optimizing NNI: done in 0.823369 secs using 198.9% CPU
Optimizing NNI: done in 1.29416 secs using 198.8% CPU
Optimizing NNI: done in 1.35086 secs using 199.1% CPU
Iteration 100 / LogL: -37257.279 / Time: 0h:1m:50s (0h:0m:1s left)
Log-likelihood cutoff on original alignment: -37277.961
NOTE: Bootstrap correlation coefficient of split occurrence frequencies: 0.992
Optimizing NNI: done in 1.52803 secs using 198.9% CPU
Optimizing NNI: done in 0.550199 secs using 199% CPU
TREE SEARCH COMPLETED AFTER 102 ITERATIONS / Time: 0h:1m:52s

--------------------------------------------------------------------
|                    FINALIZING TREE SEARCH                        |
--------------------------------------------------------------------
Performs final model parameters optimization
Estimate model parameters (epsilon = 0.010)
1. Initial log-likelihood: -37256.043
2. Current log-likelihood: -37255.961
Optimal log-likelihood: -37255.959
Site proportion and rates:  (0.056,0.007) (0.340,0.054) (0.141,0.215) (0.371,2.054) (0.092,2.055)
Parameters optimization took 2 rounds (0.894 sec)
BEST SCORE FOUND : -37255.959

Testing tree branches by SH-like aLRT with 1000 replicates...
0.542 sec.
Creating bootstrap support values...
Split supports printed to NEXUS file FungalCW_tree_20231129/145178at4751.aa.mfa.splits.nex
Total tree length: 165.365

Total number of iterations: 102
CPU time used for tree search: 220.516 sec (0h:3m:40s)
Wall-clock time used for tree search: 110.982 sec (0h:1m:50s)
Total CPU time used: 226.707 sec (0h:3m:46s)
Total wall-clock time used: 114.159 sec (0h:1m:54s)

Computing bootstrap consensus tree...
Reading input file FungalCW_tree_20231129/145178at4751.aa.mfa.splits.nex...
16 taxa and 88 splits.
Consensus tree written to FungalCW_tree_20231129/145178at4751.aa.mfa.contree
Reading input trees file FungalCW_tree_20231129/145178at4751.aa.mfa.contree
Log-likelihood of consensus tree: -37302.300

Analysis results written to: 
  IQ-TREE report:                FungalCW_tree_20231129/145178at4751.aa.mfa.iqtree
  Maximum-likelihood tree:       FungalCW_tree_20231129/145178at4751.aa.mfa.treefile
  Likelihood distances:          FungalCW_tree_20231129/145178at4751.aa.mfa.mldist

Ultrafast bootstrap approximation results written to:
  Split support values:          FungalCW_tree_20231129/145178at4751.aa.mfa.splits.nex
  Consensus tree:                FungalCW_tree_20231129/145178at4751.aa.mfa.contree
  Screen log file:               FungalCW_tree_20231129/145178at4751.aa.mfa.log

Date and Time: Wed Nov 29 02:00:30 2023
