IQ-TREE multicore version 2.2.2.6 COVID-edition for Linux 64-bit built May 27 2023
Developed by Bui Quang Minh, James Barbetti, Nguyen Lam Tung,
Olga Chernomor, Heiko Schmidt, Dominik Schrempf, Michael Woodhams, Ly Trong Nhan.

Host:    i30 (AVX2, FMA3, 503 GB RAM)
Command: iqtree2 -s FungalCW_tree_20231129/172966at4751.aa.mfa -gz -B 1000 -alrt 1000 -nt 2
Seed:    479605 (Using SPRNG - Scalable Parallel Random Number Generator)
Time:    Wed Nov 29 01:29:20 2023
Kernel:  AVX+FMA - 2 threads (2 CPU cores detected)

Reading alignment file FungalCW_tree_20231129/172966at4751.aa.mfa ... Fasta format detected
Reading fasta file: done in 0.000281096 secs using 36.29% CPU
Alignment most likely contains protein sequences
Constructing alignment: done in 0.00152802 secs using 148.8% CPU
Alignment has 18 sequences with 737 columns, 653 distinct patterns
475 parsimony-informative, 153 singleton sites, 109 constant sites
                                                               Gap/Ambiguity  Composition  p-value
Analyzing sequences: done in 4.1008e-05 secs using 99.98% CPU
   1  Basidiobolus_meristosporus_CBS_931.73.Basme2finSC.v1            18.86%    passed     92.01%
   2  Botrytis_cinerea_T4                                             14.11%    passed     95.72%
   3  Capillidium_pumilum_ARSEF_79                                    31.61%    passed     76.86%
   4  Colletotrichum_graminicola_M1.001                               12.75%    passed     86.88%
   5  Colletotrichum_higginsianum_IMI_349063                          11.94%    passed     90.91%
   6  Fusarium_graminearum_PH-1                                       12.08%    passed     97.79%
   7  Fusarium_verticillioides_7600                                   20.08%    passed     98.97%
   8  Gilbertella_persicaria_var_persicaria_CBS_190.32-T.Gilper1.v1   17.91%    passed     47.79%
   9  Mortierella_elongata_AG-77                                      18.59%    passed     91.84%
  10  Mucor_mucedo_NRRL_3635                                          17.91%    passed     79.21%
  11  Neoconidiobolus_thromboides_FSU_785.Conth1.v1                   32.02%    passed     41.47%
  12  Phycomyces_blakesleeanus_NRRL_1555.Phybl2.v2                    26.59%    passed     18.46%
  13  Rhizopus_stolonifer_NRRL_66455                                  19.40%    passed     95.93%
  14  Trichoderma_harzianum_CBS_226.95                                19.54%    passed     88.24%
  15  Umbelopsis_ramanniana_NRRL_5844.Umbra1.v1                       20.62%    passed     97.34%
  16  Ustilago_maydis                                                 10.72%    passed     67.58%
  17  Zoophthora_radicans_ATCC_208865                                 19.40%    passed     97.90%
  18  Zymoseptoria_tritici_IP0323                                     15.47%    passed     98.86%
****  TOTAL                                                           18.87%  0 sequences failed composition chi2 test (p-value<5%; df=19)
Checking for duplicate sequences: done in 0.000104904 secs using 198.3% CPU


Create initial parsimony tree by phylogenetic likelihood library (PLL)... 0.004 seconds
Perform fast likelihood tree search using LG+I+G model...
Estimate model parameters (epsilon = 5.000)
Perform nearest neighbor interchange...
Optimizing NNI: done in 0.186122 secs using 196.6% CPU
Estimate model parameters (epsilon = 1.000)
1. Initial log-likelihood: -18029.198
2. Current log-likelihood: -18026.597
Optimal log-likelihood: -18026.254
Proportion of invariable sites: 0.042
Gamma shape alpha: 0.462
Parameters optimization took 2 rounds (0.152 sec)
Time for fast ML tree search: 0.809 seconds

NOTE: ModelFinder requires 21 MB RAM!
ModelFinder will test up to 1232 protein models (sample size: 737) ...
 No. Model         -LnL         df  AIC          AICc         BIC
  1  LG            19761.461    33  39588.922    39592.115    39740.808
  2  LG+I          19074.919    34  38217.838    38221.228    38374.326
  3  LG+G4         18025.061    34  36118.123    36121.513    36274.611
  4  LG+I+G4       18025.723    35  36121.446    36125.041    36282.536
  5  LG+R2         18331.630    35  36733.260    36736.855    36894.351
  6  LG+R3         18066.794    37  36207.588    36211.611    36377.884
  7  LG+R4         17976.331    39  36030.661    36035.138    36210.162
  8  LG+R5         17954.841    41  35991.682    35996.637    36180.388
  9  LG+R6         17953.816    43  35993.631    35999.092    36191.543
 14  LG+I+R2       18127.150    36  36326.300    36330.106    36491.993
 15  LG+I+R3       18021.260    38  36118.520    36122.766    36293.418
 16  LG+I+R4       17956.455    40  35992.911    35997.624    36177.014
 17  LG+I+R5       17949.902    42  35983.804    35989.009    36177.113
 30  LG+F+R5       17892.375    60  35904.749    35915.578    36180.905
 38  LG+F+I+R4     17893.693    59  35905.386    35915.844    36176.939
 39  LG+F+I+R5     17888.610    61  35899.220    35910.426    36179.978
 52  WAG+R5        17912.462    41  35906.923    35911.879    36095.629
 60  WAG+I+R4      17913.717    40  35907.434    35912.147    36091.538
 61  WAG+I+R5      17911.224    42  35906.448    35911.653    36099.757
 74  WAG+F+R5      17879.982    60  35879.965    35890.793    36156.120
 82  WAG+F+I+R4    17881.094    59  35880.188    35890.645    36151.740
 83  WAG+F+I+R5    17879.315    61  35880.630    35891.836    36161.388
 96  JTT+R5        17955.294    41  35992.588    35997.543    36181.294
104  JTT+I+R4      17956.715    40  35993.430    35998.143    36177.534
105  JTT+I+R5      17956.427    42  35996.854    36002.059    36190.163
118  JTT+F+R5      17939.050    60  35998.101    36008.929    36274.256
126  JTT+F+I+R4    17940.453    59  35998.906    36009.364    36270.459
127  JTT+F+I+R5    17940.494    61  36002.988    36014.194    36283.746
WARNING: Normalizing state frequencies so that sum of them equals to 1
140  Q.pfam+R5     17927.077    41  35936.154    35941.110    36124.860
WARNING: Normalizing state frequencies so that sum of them equals to 1
148  Q.pfam+I+R4   17928.229    40  35936.458    35941.170    36120.561
WARNING: Normalizing state frequencies so that sum of them equals to 1
149  Q.pfam+I+R5   17928.035    42  35940.070    35945.274    36133.378
WARNING: Normalizing state frequencies so that sum of them equals to 1
162  Q.pfam+F+R5   17892.462    60  35904.923    35915.752    36181.079
WARNING: Normalizing state frequencies so that sum of them equals to 1
170  Q.pfam+F+I+R4 17893.633    59  35905.266    35915.723    36176.818
WARNING: Normalizing state frequencies so that sum of them equals to 1
171  Q.pfam+F+I+R5 17893.657    61  35909.314    35920.520    36190.072
WARNING: Normalizing state frequencies so that sum of them equals to 1
184  Q.bird+R5     18146.729    41  36375.458    36380.413    36564.164
WARNING: Normalizing state frequencies so that sum of them equals to 1
192  Q.bird+I+R4   18148.865    40  36377.731    36382.443    36561.834
WARNING: Normalizing state frequencies so that sum of them equals to 1
193  Q.bird+I+R5   18145.439    42  36374.878    36380.083    36568.187
WARNING: Normalizing state frequencies so that sum of them equals to 1
206  Q.bird+F+R5   18153.022    60  36426.043    36436.871    36702.198
WARNING: Normalizing state frequencies so that sum of them equals to 1
214  Q.bird+F+I+R4 18155.335    59  36428.669    36439.127    36700.222
WARNING: Normalizing state frequencies so that sum of them equals to 1
WARNING: Log-likelihood -18168.3 of Q.bird+F+I+R5 worse than Q.bird+F+I+R4 -18155.3
215  Q.bird+F+I+R5 18168.280    61  36458.560    36469.766    36739.318
WARNING: Normalizing state frequencies so that sum of them equals to 1
228  Q.mammal+R5   18064.257    41  36210.514    36215.469    36399.220
WARNING: Normalizing state frequencies so that sum of them equals to 1
236  Q.mammal+I+R4 18065.793    40  36211.585    36216.298    36395.689
WARNING: Normalizing state frequencies so that sum of them equals to 1
WARNING: Log-likelihood -18073.4 of Q.mammal+I+R5 worse than Q.mammal+I+R4 -18065.8
237  Q.mammal+I+R5 18073.426    42  36230.853    36236.057    36424.162
WARNING: Normalizing state frequencies so that sum of them equals to 1
250  Q.mammal+F+R5 18078.956    60  36277.912    36288.740    36554.067
WARNING: Normalizing state frequencies so that sum of them equals to 1
258  Q.mammal+F+I+R4 18080.628    59  36279.256    36289.714    36550.809
WARNING: Normalizing state frequencies so that sum of them equals to 1
WARNING: Log-likelihood -18082.8 of Q.mammal+F+I+R5 worse than Q.mammal+F+I+R4 -18080.6
259  Q.mammal+F+I+R5 18082.803    61  36287.607    36298.813    36568.364
272  Q.insect+R5   17979.827    41  36041.653    36046.609    36230.360
280  Q.insect+I+R4 17981.090    40  36042.181    36046.893    36226.284
WARNING: Log-likelihood -17984 of Q.insect+I+R5 worse than Q.insect+I+R4 -17981.1
281  Q.insect+I+R5 17984.029    42  36052.059    36057.263    36245.368
294  Q.insect+F+R5 17906.515    60  35933.030    35943.858    36209.185
302  Q.insect+F+I+R4 17907.627    59  35933.255    35943.713    36204.807
WARNING: Log-likelihood -17917.9 of Q.insect+F+I+R5 worse than Q.insect+F+I+R4 -17907.6
303  Q.insect+F+I+R5 17917.894    61  35957.787    35968.993    36238.545
WARNING: Normalizing state frequencies so that sum of them equals to 1
316  Q.plant+R5    18038.933    41  36159.866    36164.821    36348.572
WARNING: Normalizing state frequencies so that sum of them equals to 1
324  Q.plant+I+R4  18041.514    40  36163.028    36167.741    36347.132
WARNING: Normalizing state frequencies so that sum of them equals to 1
WARNING: Log-likelihood -18055.8 of Q.plant+I+R5 worse than Q.plant+I+R4 -18041.5
325  Q.plant+I+R5  18055.826    42  36195.653    36200.857    36388.962
WARNING: Normalizing state frequencies so that sum of them equals to 1
338  Q.plant+F+R5  17994.706    60  36109.412    36120.240    36385.567
WARNING: Normalizing state frequencies so that sum of them equals to 1
346  Q.plant+F+I+R4 17996.488    59  36110.976    36121.434    36382.529
WARNING: Normalizing state frequencies so that sum of them equals to 1
347  Q.plant+F+I+R5 17994.341    61  36110.681    36121.887    36391.439
WARNING: Normalizing state frequencies so that sum of them equals to 1
360  Q.yeast+R5    17978.202    41  36038.403    36043.359    36227.109
WARNING: Normalizing state frequencies so that sum of them equals to 1
368  Q.yeast+I+R4  17979.949    40  36039.898    36044.611    36224.002
WARNING: Normalizing state frequencies so that sum of them equals to 1
WARNING: Log-likelihood -17985.6 of Q.yeast+I+R5 worse than Q.yeast+I+R4 -17979.9
369  Q.yeast+I+R5  17985.605    42  36055.209    36060.414    36248.518
WARNING: Normalizing state frequencies so that sum of them equals to 1
382  Q.yeast+F+R5  17898.700    60  35917.400    35928.228    36193.555
WARNING: Normalizing state frequencies so that sum of them equals to 1
390  Q.yeast+F+I+R4 17900.001    59  35918.002    35928.460    36189.555
WARNING: Normalizing state frequencies so that sum of them equals to 1
391  Q.yeast+F+I+R5 17898.084    61  35918.167    35929.373    36198.925
404  JTTDCMut+R5   17952.776    41  35987.552    35992.507    36176.258
412  JTTDCMut+I+R4 17954.182    40  35988.364    35993.077    36172.468
413  JTTDCMut+I+R5 17953.847    42  35991.694    35996.898    36185.002
426  JTTDCMut+F+R5 17935.391    60  35990.781    36001.610    36266.936
434  JTTDCMut+F+I+R4 17936.819    59  35991.638    36002.096    36263.190
435  JTTDCMut+F+I+R5 17936.782    61  35995.565    36006.771    36276.322
448  DCMut+R5      17982.014    41  36046.027    36050.983    36234.734
456  DCMut+I+R4    17982.798    40  36045.596    36050.309    36229.699
WARNING: Log-likelihood -17984 of DCMut+I+R5 worse than DCMut+I+R4 -17982.8
457  DCMut+I+R5    17984.031    42  36052.062    36057.267    36245.371
470  DCMut+F+R5    17922.725    60  35965.449    35976.278    36241.604
478  DCMut+F+I+R4  17923.878    59  35965.755    35976.213    36237.308
WARNING: Log-likelihood -17928 of DCMut+F+I+R5 worse than DCMut+F+I+R4 -17923.9
479  DCMut+F+I+R5  17928.029    61  35978.058    35989.264    36258.816
492  VT+R5         17917.592    41  35917.185    35922.140    36105.891
500  VT+I+R4       17918.505    40  35917.009    35921.722    36101.113
501  VT+I+R5       17918.097    42  35920.193    35925.398    36113.502
514  VT+F+R5       17908.854    60  35937.709    35948.537    36213.864
522  VT+F+I+R4     17909.873    59  35937.746    35948.204    36209.299
523  VT+F+I+R5     17909.104    61  35940.209    35951.415    36220.967
536  PMB+R5        18032.545    41  36147.091    36152.046    36335.797
544  PMB+I+R4      18033.438    40  36146.875    36151.588    36330.979
545  PMB+I+R5      18032.070    42  36148.140    36153.345    36341.449
558  PMB+F+R5      17948.501    60  36017.001    36027.830    36293.157
566  PMB+F+I+R4    17949.689    59  36017.378    36027.836    36288.930
567  PMB+F+I+R5    17949.599    61  36021.198    36032.404    36301.955
580  Blosum62+R5   18044.395    41  36170.789    36175.744    36359.495
588  Blosum62+I+R4 18044.948    40  36169.897    36174.609    36354.000
589  Blosum62+I+R5 18045.396    42  36174.792    36179.997    36368.101
602  Blosum62+F+R5 17947.083    60  36014.165    36024.994    36290.321
610  Blosum62+F+I+R4 17947.953    59  36013.907    36024.365    36285.459
611  Blosum62+F+I+R5 17947.830    61  36017.659    36028.865    36298.417
624  Dayhoff+R5    17982.118    41  36046.236    36051.192    36234.942
632  Dayhoff+I+R4  17982.909    40  36045.817    36050.530    36229.921
WARNING: Log-likelihood -17986.1 of Dayhoff+I+R5 worse than Dayhoff+I+R4 -17982.9
633  Dayhoff+I+R5  17986.052    42  36056.105    36061.309    36249.413
646  Dayhoff+F+R5  17922.880    60  35965.761    35976.589    36241.916
654  Dayhoff+F+I+R4 17924.049    59  35966.097    35976.555    36237.650
WARNING: Log-likelihood -17929.2 of Dayhoff+F+I+R5 worse than Dayhoff+F+I+R4 -17924
655  Dayhoff+F+I+R5 17929.177    61  35980.354    35991.560    36261.112
668  mtREV+R5      18774.944    41  37631.888    37636.843    37820.594
676  mtREV+I+R4    18779.593    40  37639.187    37643.900    37823.290
WARNING: Log-likelihood -18782.7 of mtREV+I+R5 worse than mtREV+I+R4 -18779.6
677  mtREV+I+R5    18782.746    42  37649.492    37654.696    37842.801
690  mtREV+F+R5    18069.822    60  36259.644    36270.473    36535.799
698  mtREV+F+I+R4  18071.641    59  36261.282    36271.739    36532.834
WARNING: Log-likelihood -18081.1 of mtREV+F+I+R5 worse than mtREV+F+I+R4 -18071.6
699  mtREV+F+I+R5  18081.110    61  36284.219    36295.425    36564.977
712  mtART+R5      19037.406    41  38156.812    38161.767    38345.518
720  mtART+I+R4    19044.450    40  38168.899    38173.612    38353.003
721  mtART+I+R5    19040.783    42  38165.567    38170.771    38358.875
734  mtART+F+R5    18210.187    60  36540.373    36551.202    36816.529
742  mtART+F+I+R4  18212.981    59  36543.963    36554.421    36815.515
WARNING: Log-likelihood -18223.1 of mtART+F+I+R5 worse than mtART+F+I+R4 -18213
743  mtART+F+I+R5  18223.088    61  36568.176    36579.382    36848.934
756  mtZOA+R5      18769.895    41  37621.790    37626.745    37810.496
764  mtZOA+I+R4    18775.039    40  37630.078    37634.791    37814.182
765  mtZOA+I+R5    18772.139    42  37628.278    37633.483    37821.587
778  mtZOA+F+R5    18106.898    60  36333.795    36344.624    36609.951
786  mtZOA+F+I+R4  18110.120    59  36338.241    36348.699    36609.794
WARNING: Log-likelihood -18129.4 of mtZOA+F+I+R5 worse than mtZOA+F+I+R4 -18110.1
787  mtZOA+F+I+R5  18129.399    61  36380.798    36392.004    36661.556
800  mtMet+R5      18974.223    41  38030.446    38035.401    38219.152
808  mtMet+I+R4    18979.185    40  38038.371    38043.084    38222.474
WARNING: Log-likelihood -18982.3 of mtMet+I+R5 worse than mtMet+I+R4 -18979.2
809  mtMet+I+R5    18982.299    42  38048.599    38053.803    38241.907
822  mtMet+F+R5    18132.699    60  36385.399    36396.227    36661.554
830  mtMet+F+I+R4  18136.448    59  36390.896    36401.354    36662.449
WARNING: Log-likelihood -18139.6 of mtMet+F+I+R5 worse than mtMet+F+I+R4 -18136.4
831  mtMet+F+I+R5  18139.594    61  36401.189    36412.395    36681.947
844  mtVer+R5      18965.287    41  38012.574    38017.530    38201.281
852  mtVer+I+R4    18971.309    40  38022.619    38027.331    38206.722
853  mtVer+I+R5    18967.031    42  38018.062    38023.267    38211.371
866  mtVer+F+R5    18269.691    60  36659.381    36670.209    36935.536
874  mtVer+F+I+R4  18272.213    59  36662.426    36672.884    36933.979
WARNING: Log-likelihood -18282.4 of mtVer+F+I+R5 worse than mtVer+F+I+R4 -18272.2
875  mtVer+F+I+R5  18282.407    61  36686.813    36698.019    36967.571
888  mtInv+R5      19178.845    41  38439.690    38444.646    38628.396
896  mtInv+I+R4    19182.914    40  38445.828    38450.540    38629.931
WARNING: Log-likelihood -19184.7 of mtInv+I+R5 worse than mtInv+I+R4 -19182.9
897  mtInv+I+R5    19184.659    42  38453.318    38458.523    38646.627
910  mtInv+F+R5    18065.873    60  36251.745    36262.574    36527.901
918  mtInv+F+I+R4  18068.682    59  36255.365    36265.822    36526.917
919  mtInv+F+I+R5  18066.992    61  36255.984    36267.190    36536.742
932  mtMAM+R5      19056.415    41  38194.829    38199.785    38383.535
940  mtMAM+I+R4    19063.102    40  38206.203    38210.916    38390.307
WARNING: Log-likelihood -19073.4 of mtMAM+I+R5 worse than mtMAM+I+R4 -19063.1
941  mtMAM+I+R5    19073.352    42  38230.703    38235.908    38424.012
954  mtMAM+F+R5    18284.164    60  36688.328    36699.157    36964.483
962  mtMAM+F+I+R4  18288.254    59  36694.508    36704.966    36966.061
WARNING: Log-likelihood -18305 of mtMAM+F+I+R5 worse than mtMAM+F+I+R4 -18288.3
963  mtMAM+F+I+R5  18304.990    61  36731.980    36743.186    37012.738
WARNING: Normalizing state frequencies so that sum of them equals to 1
976  FLAVI+R5      18551.143    41  37184.286    37189.241    37372.992
WARNING: Normalizing state frequencies so that sum of them equals to 1
984  FLAVI+I+R4    18557.012    40  37194.025    37198.738    37378.128
WARNING: Normalizing state frequencies so that sum of them equals to 1
985  FLAVI+I+R5    18551.960    42  37187.919    37193.124    37381.228
WARNING: Normalizing state frequencies so that sum of them equals to 1
998  FLAVI+F+R5    18347.678    60  36815.356    36826.185    37091.511
WARNING: Normalizing state frequencies so that sum of them equals to 1
1006  FLAVI+F+I+R4  18351.259    59  36820.518    36830.976    37092.070
WARNING: Normalizing state frequencies so that sum of them equals to 1
1007  FLAVI+F+I+R5  18348.825    61  36819.650    36830.856    37100.408
1020  HIVb+R5       18303.708    41  36689.415    36694.370    36878.121
1028  HIVb+I+R4     18307.711    40  36695.421    36700.134    36879.525
1029  HIVb+I+R5     18297.993    42  36679.986    36685.191    36873.295
1042  HIVb+F+R5     18141.802    60  36403.604    36414.432    36679.759
1050  HIVb+F+I+R4   18145.907    59  36409.813    36420.271    36681.366
1051  HIVb+F+I+R5   18145.775    61  36413.551    36424.757    36694.309
1064  HIVw+R5       18798.833    41  37679.667    37684.622    37868.373
1072  HIVw+I+R4     18800.969    40  37681.938    37686.650    37866.041
1073  HIVw+I+R5     18800.348    42  37684.696    37689.901    37878.005
1086  HIVw+F+R5     18394.256    60  36908.512    36919.340    37184.667
1094  HIVw+F+I+R4   18396.213    59  36910.425    36920.883    37181.978
1095  HIVw+F+I+R5   18395.000    61  36911.999    36923.205    37192.757
1108  FLU+R5        18210.538    41  36503.075    36508.031    36691.781
1116  FLU+I+R4      18212.266    40  36504.532    36509.244    36688.635
1117  FLU+I+R5      18211.861    42  36507.721    36512.926    36701.030
1130  FLU+F+R5      18058.358    60  36236.715    36247.544    36512.870
1138  FLU+F+I+R4    18060.091    59  36238.181    36248.639    36509.734
1139  FLU+F+I+R5    18059.301    61  36240.601    36251.807    36521.359
1152  rtREV+R5      18039.408    41  36160.816    36165.771    36349.522
1160  rtREV+I+R4    18039.973    40  36159.945    36164.658    36344.049
1161  rtREV+I+R5    18039.218    42  36162.436    36167.640    36355.744
1174  rtREV+F+R5    17913.626    60  35947.252    35958.080    36223.407
1182  rtREV+F+I+R4  17914.796    59  35947.592    35958.050    36219.145
1183  rtREV+F+I+R5  17913.485    61  35948.970    35960.176    36229.728
1196  cpREV+R5      18087.999    41  36257.998    36262.953    36446.704
1204  cpREV+I+R4    18089.120    40  36258.239    36262.952    36442.343
1205  cpREV+I+R5    18087.224    42  36258.448    36263.653    36451.757
1218  cpREV+F+R5    17985.784    60  36091.568    36102.396    36367.723
1226  cpREV+F+I+R4  17986.771    59  36091.543    36102.001    36363.095
WARNING: Log-likelihood -17997.6 of cpREV+F+I+R5 worse than cpREV+F+I+R4 -17986.8
1227  cpREV+F+I+R5  17997.553    61  36117.107    36128.312    36397.864
Akaike Information Criterion:           WAG+F+R5
Corrected Akaike Information Criterion: WAG+F+I+R4
Bayesian Information Criterion:         WAG+I+R4
Best-fit model: WAG+I+R4 chosen according to BIC

All model information printed to FungalCW_tree_20231129/172966at4751.aa.mfa.model.gz
CPU time for ModelFinder: 1828.751 seconds (0h:30m:28s)
Wall-clock time for ModelFinder: 926.568 seconds (0h:15m:26s)
Generating 1000 samples for ultrafast bootstrap (seed: 479605)...

NOTE: 10 MB RAM (0 GB) is required!
Estimate model parameters (epsilon = 0.100)
1. Initial log-likelihood: -17913.717
2. Current log-likelihood: -17913.300
Optimal log-likelihood: -17913.204
Proportion of invariable sites: 0.122
Site proportion and rates:  (0.257,0.033) (0.262,0.106) (0.200,0.353) (0.159,5.627)
Parameters optimization took 2 rounds (0.467 sec)
Wrote distance file to... 
Computing ML distances based on estimated model parameters...
Calculating distance matrix: done in 0.13458 secs using 196.4% CPU
Computing ML distances took 0.134859 sec (of wall-clock time) 0.264848 sec (of CPU time)
WARNING: Some pairwise ML distances are too long (saturated)
Setting up auxiliary I and S matrices: done in 6.69956e-05 secs using 200% CPU
Constructing RapidNJ tree: done in 0.000228167 secs
Computing RapidNJ tree took 0.000418 sec (of wall-clock time) 0.000160 sec (of CPU time)
Log-likelihood of RapidNJ tree: -18058.952
--------------------------------------------------------------------
|             INITIALIZING CANDIDATE TREE SET                      |
--------------------------------------------------------------------
Generating 98 parsimony trees... 0.457 second
Computing log-likelihood of 98 initial trees ... 2.433 seconds
Current best score: -17913.204

Do NNI search on 20 best initial trees
Optimizing NNI: done in 0.164424 secs using 198.1% CPU
Estimate model parameters (epsilon = 0.100)
BETTER TREE FOUND at iteration 1: -17905.642
Optimizing NNI: done in 0.304596 secs using 197.4% CPU
Optimizing NNI: done in 0.79559 secs using 197.1% CPU
Optimizing NNI: done in 0.47336 secs using 196.8% CPU
Optimizing NNI: done in 0.496446 secs using 197.3% CPU
Optimizing NNI: done in 0.531636 secs using 197.7% CPU
Optimizing NNI: done in 0.517402 secs using 197.6% CPU
Optimizing NNI: done in 0.824564 secs using 197.5% CPU
Optimizing NNI: done in 0.613412 secs using 197.7% CPU
Optimizing NNI: done in 0.550593 secs using 197.9% CPU
Iteration 10 / LogL: -17909.318 / Time: 0h:0m:9s
Optimizing NNI: done in 0.590095 secs using 197.8% CPU
Optimizing NNI: done in 0.865112 secs using 196.8% CPU
Optimizing NNI: done in 0.637434 secs using 197.6% CPU
Optimizing NNI: done in 0.549443 secs using 197.7% CPU
Optimizing NNI: done in 0.866216 secs using 197.4% CPU
Optimizing NNI: done in 0.607378 secs using 197.3% CPU
Optimizing NNI: done in 0.622624 secs using 198.2% CPU
Optimizing NNI: done in 0.892045 secs using 197.4% CPU
Optimizing NNI: done in 0.57306 secs using 197.6% CPU
Optimizing NNI: done in 0.600796 secs using 197.5% CPU
Iteration 20 / LogL: -17910.419 / Time: 0h:0m:16s
Finish initializing candidate tree set (1)
Current best tree score: -17905.642 / CPU time: 15.500
Number of iterations: 20
--------------------------------------------------------------------
|               OPTIMIZING CANDIDATE TREE SET                      |
--------------------------------------------------------------------
Optimizing NNI: done in 0.223671 secs using 197.2% CPU
Optimizing NNI: done in 0.400317 secs using 197.6% CPU
Optimizing NNI: done in 0.235882 secs using 195.9% CPU
Optimizing NNI: done in 0.392767 secs using 197.1% CPU
Optimizing NNI: done in 0.33599 secs using 198.1% CPU
Optimizing NNI: done in 0.399158 secs using 198.1% CPU
Optimizing NNI: done in 0.217741 secs using 198.2% CPU
Optimizing NNI: done in 0.321598 secs using 197.2% CPU
Optimizing NNI: done in 0.346499 secs using 197.8% CPU
Optimizing NNI: done in 0.230117 secs using 197.7% CPU
Iteration 30 / LogL: -17905.822 / Time: 0h:0m:19s (0h:0m:48s left)
Optimizing NNI: done in 0.287536 secs using 198% CPU
Optimizing NNI: done in 0.291166 secs using 197.2% CPU
Optimizing NNI: done in 0.242543 secs using 197% CPU
Optimizing NNI: done in 0.313687 secs using 197.4% CPU
Optimizing NNI: done in 0.379416 secs using 197.7% CPU
Optimizing NNI: done in 0.261113 secs using 197.9% CPU
Optimizing NNI: done in 0.619638 secs using 193.8% CPU
Optimizing NNI: done in 0.311962 secs using 190.9% CPU
Optimizing NNI: done in 0.278237 secs using 197.8% CPU
Optimizing NNI: done in 0.46982 secs using 197.1% CPU
Iteration 40 / LogL: -17905.691 / Time: 0h:0m:23s (0h:0m:36s left)
Optimizing NNI: done in 0.32273 secs using 197.5% CPU
Optimizing NNI: done in 0.306524 secs using 197.5% CPU
Optimizing NNI: done in 0.350834 secs using 197.9% CPU
Optimizing NNI: done in 0.479622 secs using 197% CPU
UPDATE BEST LOG-LIKELIHOOD: -17905.641
Optimizing NNI: done in 0.330412 secs using 197.5% CPU
Optimizing NNI: done in 0.332451 secs using 197.7% CPU
Optimizing NNI: done in 0.329704 secs using 197.1% CPU
Optimizing NNI: done in 0.335537 secs using 197.9% CPU
Optimizing NNI: done in 0.51474 secs using 197.9% CPU
UPDATE BEST LOG-LIKELIHOOD: -17905.640
Optimizing NNI: done in 0.303826 secs using 196.5% CPU
Iteration 50 / LogL: -17905.831 / Time: 0h:0m:27s (0h:0m:28s left)
Log-likelihood cutoff on original alignment: -17937.832
Optimizing NNI: done in 0.431309 secs using 197.1% CPU
Optimizing NNI: done in 0.28048 secs using 197.3% CPU
Optimizing NNI: done in 0.312481 secs using 197.1% CPU
Optimizing NNI: done in 0.37647 secs using 197.4% CPU
Optimizing NNI: done in 0.272722 secs using 197.4% CPU
Optimizing NNI: done in 0.389955 secs using 196.7% CPU
Optimizing NNI: done in 0.306657 secs using 197.5% CPU
Optimizing NNI: done in 0.437658 secs using 196.8% CPU
Optimizing NNI: done in 0.42069 secs using 197.3% CPU
Optimizing NNI: done in 0.323746 secs using 197.3% CPU
Iteration 60 / LogL: -17905.800 / Time: 0h:0m:30s (0h:0m:21s left)
Optimizing NNI: done in 0.25241 secs using 198.1% CPU
Optimizing NNI: done in 0.372384 secs using 197.2% CPU
Optimizing NNI: done in 0.265916 secs using 197.7% CPU
Optimizing NNI: done in 0.359632 secs using 197.5% CPU
Optimizing NNI: done in 0.307024 secs using 196.8% CPU
Optimizing NNI: done in 0.514143 secs using 197.6% CPU
Optimizing NNI: done in 0.295763 secs using 197.5% CPU
Optimizing NNI: done in 0.367596 secs using 197.6% CPU
Optimizing NNI: done in 0.318548 secs using 196.8% CPU
Optimizing NNI: done in 0.326654 secs using 196.5% CPU
Iteration 70 / LogL: -17905.767 / Time: 0h:0m:34s (0h:0m:15s left)
Optimizing NNI: done in 0.44716 secs using 197.7% CPU
Optimizing NNI: done in 0.502945 secs using 197.9% CPU
Optimizing NNI: done in 0.30618 secs using 197.5% CPU
Optimizing NNI: done in 0.403701 secs using 198.1% CPU
Optimizing NNI: done in 0.43257 secs using 197.4% CPU
Optimizing NNI: done in 0.312598 secs using 198% CPU
Optimizing NNI: done in 0.65409 secs using 197.3% CPU
UPDATE BEST LOG-LIKELIHOOD: -17905.639
Optimizing NNI: done in 0.551906 secs using 197.5% CPU
Optimizing NNI: done in 0.489224 secs using 197.3% CPU
Optimizing NNI: done in 0.481938 secs using 197.6% CPU
Iteration 80 / LogL: -17919.064 / Time: 0h:0m:39s (0h:0m:10s left)
Optimizing NNI: done in 0.575012 secs using 197.5% CPU
Optimizing NNI: done in 0.483552 secs using 197.2% CPU
Optimizing NNI: done in 0.273333 secs using 197.4% CPU
Optimizing NNI: done in 0.374845 secs using 197.9% CPU
Optimizing NNI: done in 0.391987 secs using 197.6% CPU
Optimizing NNI: done in 0.444782 secs using 197.5% CPU
Optimizing NNI: done in 0.647458 secs using 197.4% CPU
Optimizing NNI: done in 0.349536 secs using 197% CPU
Optimizing NNI: done in 0.469766 secs using 197.9% CPU
Optimizing NNI: done in 0.653393 secs using 197.1% CPU
Iteration 90 / LogL: -17905.678 / Time: 0h:0m:43s (0h:0m:5s left)
Optimizing NNI: done in 0.406306 secs using 197.3% CPU
Optimizing NNI: done in 0.308203 secs using 197.5% CPU
Optimizing NNI: done in 0.371333 secs using 197.9% CPU
Optimizing NNI: done in 0.567892 secs using 197.6% CPU
Optimizing NNI: done in 0.240025 secs using 198.1% CPU
Optimizing NNI: done in 0.432379 secs using 198.1% CPU
Optimizing NNI: done in 0.41668 secs using 196.8% CPU
Optimizing NNI: done in 0.518263 secs using 197.8% CPU
Optimizing NNI: done in 0.419139 secs using 197.9% CPU
Optimizing NNI: done in 0.324015 secs using 197.2% CPU
Iteration 100 / LogL: -17906.163 / Time: 0h:0m:48s (0h:0m:0s left)
Log-likelihood cutoff on original alignment: -17937.832
NOTE: Bootstrap correlation coefficient of split occurrence frequencies: 1.000
Optimizing NNI: done in 0.386046 secs using 197.3% CPU
Optimizing NNI: done in 0.230627 secs using 197.2% CPU
TREE SEARCH COMPLETED AFTER 102 ITERATIONS / Time: 0h:0m:48s

--------------------------------------------------------------------
|                    FINALIZING TREE SEARCH                        |
--------------------------------------------------------------------
Performs final model parameters optimization
Estimate model parameters (epsilon = 0.010)
1. Initial log-likelihood: -17905.639
2. Current log-likelihood: -17905.600
3. Current log-likelihood: -17905.569
4. Current log-likelihood: -17905.550
5. Current log-likelihood: -17905.534
6. Current log-likelihood: -17905.521
7. Current log-likelihood: -17905.509
Optimal log-likelihood: -17905.497
Proportion of invariable sites: 0.122
Site proportion and rates:  (0.259,0.031) (0.262,0.098) (0.192,0.327) (0.164,5.496)
Parameters optimization took 7 rounds (1.317 sec)
BEST SCORE FOUND : -17905.497

Testing tree branches by SH-like aLRT with 1000 replicates...
0.246 sec.
Creating bootstrap support values...
Split supports printed to NEXUS file FungalCW_tree_20231129/172966at4751.aa.mfa.splits.nex
Total tree length: 98.514

Total number of iterations: 102
CPU time used for tree search: 94.116 sec (0h:1m:34s)
Wall-clock time used for tree search: 47.879 sec (0h:0m:47s)
Total CPU time used: 99.004 sec (0h:1m:39s)
Total wall-clock time used: 50.471 sec (0h:0m:50s)

Computing bootstrap consensus tree...
Reading input file FungalCW_tree_20231129/172966at4751.aa.mfa.splits.nex...
18 taxa and 68 splits.
Consensus tree written to FungalCW_tree_20231129/172966at4751.aa.mfa.contree
Reading input trees file FungalCW_tree_20231129/172966at4751.aa.mfa.contree
Log-likelihood of consensus tree: -17905.797

Analysis results written to: 
  IQ-TREE report:                FungalCW_tree_20231129/172966at4751.aa.mfa.iqtree
  Maximum-likelihood tree:       FungalCW_tree_20231129/172966at4751.aa.mfa.treefile
  Likelihood distances:          FungalCW_tree_20231129/172966at4751.aa.mfa.mldist

Ultrafast bootstrap approximation results written to:
  Split support values:          FungalCW_tree_20231129/172966at4751.aa.mfa.splits.nex
  Consensus tree:                FungalCW_tree_20231129/172966at4751.aa.mfa.contree
  Screen log file:               FungalCW_tree_20231129/172966at4751.aa.mfa.log

Date and Time: Wed Nov 29 01:45:37 2023
