IQ-TREE multicore version 2.2.2.6 COVID-edition for Linux 64-bit built May 27 2023
Developed by Bui Quang Minh, James Barbetti, Nguyen Lam Tung,
Olga Chernomor, Heiko Schmidt, Dominik Schrempf, Michael Woodhams, Ly Trong Nhan.

Host:    i30 (AVX2, FMA3, 503 GB RAM)
Command: iqtree2 -s FungalCW_tree_20231129/176648at4751.aa.mfa -gz -B 1000 -alrt 1000 -nt 2
Seed:    541834 (Using SPRNG - Scalable Parallel Random Number Generator)
Time:    Wed Nov 29 01:29:20 2023
Kernel:  AVX+FMA - 2 threads (2 CPU cores detected)

Reading alignment file FungalCW_tree_20231129/176648at4751.aa.mfa ... Fasta format detected
Reading fasta file: done in 0.000247002 secs using 33.2% CPU
Alignment most likely contains protein sequences
Constructing alignment: done in 0.00134397 secs using 94.5% CPU
Alignment has 17 sequences with 640 columns, 572 distinct patterns
401 parsimony-informative, 140 singleton sites, 99 constant sites
                                                               Gap/Ambiguity  Composition  p-value
Analyzing sequences: done in 3.60012e-05 secs using 100% CPU
   1  Basidiobolus_meristosporus_CBS_931.73.Basme2finSC.v1            33.44%    passed     45.40%
   2  Botrytis_cinerea_T4                                             18.12%    passed     66.24%
   3  Colletotrichum_graminicola_M1.001                               16.25%    passed     96.79%
   4  Colletotrichum_higginsianum_IMI_349063                          15.47%    passed     73.48%
   5  Fusarium_graminearum_PH-1                                       17.97%    passed     90.19%
   6  Fusarium_verticillioides_7600                                   17.81%    passed     83.88%
   7  Gilbertella_persicaria_var_persicaria_CBS_190.32-T.Gilper1.v1   33.28%    passed     18.61%
   8  Mortierella_elongata_AG-77                                      19.22%    passed     41.20%
   9  Mucor_mucedo_NRRL_3635                                          31.41%    passed     22.92%
  10  Neoconidiobolus_thromboides_FSU_785.Conth1.v1                   24.38%    failed      0.58%
  11  Phycomyces_blakesleeanus_NRRL_1555.Phybl2.v2                    20.16%    passed     75.27%
  12  Rhizopus_stolonifer_NRRL_66455                                  31.09%    passed     77.08%
  13  Trichoderma_harzianum_CBS_226.95                                26.72%    passed     54.02%
  14  Umbelopsis_ramanniana_NRRL_5844.Umbra1.v1                       35.00%    passed     74.04%
  15  Ustilago_maydis                                                 17.19%    failed      0.00%
  16  Zoophthora_radicans_ATCC_208865                                 22.97%    passed     69.20%
  17  Zymoseptoria_tritici_IP0323                                     13.28%    passed     30.43%
****  TOTAL                                                           23.16%  2 sequences failed composition chi2 test (p-value<5%; df=19)
Checking for duplicate sequences: done in 9.5129e-05 secs using 100.9% CPU


Create initial parsimony tree by phylogenetic likelihood library (PLL)... 0.003 seconds
Perform fast likelihood tree search using LG+I+G model...
Estimate model parameters (epsilon = 5.000)
Perform nearest neighbor interchange...
Optimizing NNI: done in 0.237487 secs using 194.6% CPU
Estimate model parameters (epsilon = 1.000)
1. Initial log-likelihood: -13771.226
Optimal log-likelihood: -13771.110
Proportion of invariable sites: 0.079
Gamma shape alpha: 1.033
Parameters optimization took 1 rounds (0.064 sec)
Time for fast ML tree search: 0.599 seconds

NOTE: ModelFinder requires 17 MB RAM!
ModelFinder will test up to 1232 protein models (sample size: 640) ...
 No. Model         -LnL         df  AIC          AICc         BIC
  1  LG            14373.932    31  28809.865    28813.128    28948.170
  2  LG+I          14127.109    32  28318.219    28321.698    28460.986
  3  LG+G4         13777.194    32  27618.387    27621.867    27761.154
  4  LG+I+G4       13771.098    33  27608.196    27611.899    27755.424
  5  LG+R2         13890.092    33  27846.184    27849.887    27993.412
  6  LG+R3         13775.226    35  27620.452    27624.624    27776.603
  7  LG+R4         13760.164    37  27594.328    27598.999    27759.402
  8  LG+R5         13760.180    39  27598.359    27603.559    27772.357
 14  LG+I+R2       13803.338    34  27674.676    27678.610    27826.366
 15  LG+I+R3       13760.560    36  27593.121    27597.539    27753.734
 16  LG+I+R4       13760.518    38  27597.035    27601.967    27766.571
 25  LG+F+G4       13557.694    51  27217.388    27226.408    27444.923
 26  LG+F+I+G4     13556.556    52  27217.112    27226.502    27449.108
 29  LG+F+R4       13537.835    56  27187.670    27198.620    27437.512
 37  LG+F+I+R3     13538.779    55  27187.558    27198.106    27432.939
 47  WAG+G4        13695.575    32  27455.150    27458.629    27597.917
 48  WAG+I+G4      13691.505    33  27449.011    27452.714    27596.239
 51  WAG+R4        13680.997    37  27435.994    27440.665    27601.068
 59  WAG+I+R3      13682.165    36  27436.331    27440.749    27596.944
 69  WAG+F+G4      13556.450    51  27214.901    27223.921    27442.435
 70  WAG+F+I+G4    13555.241    52  27214.482    27223.872    27446.478
 73  WAG+F+R4      13539.322    56  27190.645    27201.595    27440.487
 81  WAG+F+I+R3    13540.097    55  27190.194    27200.742    27435.575
 91  JTT+G4        13777.646    32  27619.292    27622.771    27762.059
 92  JTT+I+G4      13772.287    33  27610.574    27614.277    27757.803
 95  JTT+R4        13761.125    37  27596.251    27600.922    27761.325
103  JTT+I+R3      13762.326    36  27596.652    27601.070    27757.265
113  JTT+F+G4      13635.757    51  27373.514    27382.535    27601.049
114  JTT+F+I+G4    13634.656    52  27373.312    27382.703    27605.309
117  JTT+F+R4      13617.910    56  27347.819    27358.770    27597.662
125  JTT+F+I+R3    13619.916    55  27349.833    27360.381    27595.214
WARNING: Normalizing state frequencies so that sum of them equals to 1
135  Q.pfam+G4     13734.901    32  27533.802    27537.282    27676.569
WARNING: Normalizing state frequencies so that sum of them equals to 1
136  Q.pfam+I+G4   13726.020    33  27518.040    27521.743    27665.268
WARNING: Normalizing state frequencies so that sum of them equals to 1
139  Q.pfam+R4     13716.902    37  27507.805    27512.476    27672.879
WARNING: Normalizing state frequencies so that sum of them equals to 1
147  Q.pfam+I+R3   13716.945    36  27505.891    27510.309    27666.504
WARNING: Normalizing state frequencies so that sum of them equals to 1
157  Q.pfam+F+G4   13558.170    51  27218.339    27227.360    27445.874
WARNING: Normalizing state frequencies so that sum of them equals to 1
158  Q.pfam+F+I+G4 13553.803    52  27211.606    27220.996    27443.602
WARNING: Normalizing state frequencies so that sum of them equals to 1
161  Q.pfam+F+R4   13537.612    56  27187.224    27198.174    27437.066
WARNING: Normalizing state frequencies so that sum of them equals to 1
169  Q.pfam+F+I+R3 13538.318    55  27186.635    27197.183    27432.016
WARNING: Normalizing state frequencies so that sum of them equals to 1
179  Q.bird+G4     14005.629    32  28075.258    28078.737    28218.025
WARNING: Normalizing state frequencies so that sum of them equals to 1
180  Q.bird+I+G4   13994.919    33  28055.837    28059.540    28203.066
WARNING: Normalizing state frequencies so that sum of them equals to 1
183  Q.bird+R4     13986.612    37  28047.225    28051.896    28212.299
WARNING: Normalizing state frequencies so that sum of them equals to 1
191  Q.bird+I+R3   13986.682    36  28045.363    28049.781    28205.976
WARNING: Normalizing state frequencies so that sum of them equals to 1
201  Q.bird+F+G4   13858.508    51  27819.017    27828.037    28046.552
WARNING: Normalizing state frequencies so that sum of them equals to 1
202  Q.bird+F+I+G4 13854.474    52  27812.948    27822.338    28044.944
WARNING: Normalizing state frequencies so that sum of them equals to 1
205  Q.bird+F+R4   13840.387    56  27792.774    27803.724    28042.616
WARNING: Normalizing state frequencies so that sum of them equals to 1
213  Q.bird+F+I+R3 13841.785    55  27793.571    27804.119    28038.952
WARNING: Normalizing state frequencies so that sum of them equals to 1
223  Q.mammal+G4   13914.317    32  27892.634    27896.114    28035.401
WARNING: Normalizing state frequencies so that sum of them equals to 1
224  Q.mammal+I+G4 13903.890    33  27873.781    27877.484    28021.009
WARNING: Normalizing state frequencies so that sum of them equals to 1
227  Q.mammal+R4   13894.935    37  27863.871    27868.542    28028.945
WARNING: Normalizing state frequencies so that sum of them equals to 1
235  Q.mammal+I+R3 13894.938    36  27861.876    27866.294    28022.489
WARNING: Normalizing state frequencies so that sum of them equals to 1
245  Q.mammal+F+G4 13780.348    51  27662.695    27671.716    27890.230
WARNING: Normalizing state frequencies so that sum of them equals to 1
246  Q.mammal+F+I+G4 13775.536    52  27655.073    27664.463    27887.069
WARNING: Normalizing state frequencies so that sum of them equals to 1
249  Q.mammal+F+R4 13761.793    56  27635.587    27646.537    27885.429
WARNING: Normalizing state frequencies so that sum of them equals to 1
257  Q.mammal+F+I+R3 13762.508    55  27635.017    27645.565    27880.397
267  Q.insect+G4   13826.875    32  27717.750    27721.229    27860.517
268  Q.insect+I+G4 13818.102    33  27702.205    27705.908    27849.433
271  Q.insect+R4   13808.015    37  27690.030    27694.701    27855.104
279  Q.insect+I+R3 13808.170    36  27688.340    27692.758    27848.953
289  Q.insect+F+G4 13596.669    51  27295.338    27304.358    27522.873
290  Q.insect+F+I+G4 13594.609    52  27293.218    27302.608    27525.214
293  Q.insect+F+R4 13573.349    56  27258.697    27269.648    27508.539
301  Q.insect+F+I+R3 13575.423    55  27260.846    27271.394    27506.227
WARNING: Normalizing state frequencies so that sum of them equals to 1
311  Q.plant+G4    13886.732    32  27837.465    27840.944    27980.231
WARNING: Normalizing state frequencies so that sum of them equals to 1
312  Q.plant+I+G4  13877.070    33  27820.139    27823.842    27967.368
WARNING: Normalizing state frequencies so that sum of them equals to 1
315  Q.plant+R4    13870.140    37  27814.280    27818.951    27979.354
WARNING: Normalizing state frequencies so that sum of them equals to 1
323  Q.plant+I+R3  13870.331    36  27812.662    27817.080    27973.275
WARNING: Normalizing state frequencies so that sum of them equals to 1
333  Q.plant+F+G4  13705.922    51  27513.844    27522.864    27741.379
WARNING: Normalizing state frequencies so that sum of them equals to 1
334  Q.plant+F+I+G4 13705.400    52  27514.800    27524.190    27746.797
WARNING: Normalizing state frequencies so that sum of them equals to 1
337  Q.plant+F+R4  13686.400    56  27484.801    27495.751    27734.643
WARNING: Normalizing state frequencies so that sum of them equals to 1
345  Q.plant+F+I+R3 13689.419    55  27488.838    27499.386    27734.219
WARNING: Normalizing state frequencies so that sum of them equals to 1
355  Q.yeast+G4    13788.849    32  27641.699    27645.178    27784.466
WARNING: Normalizing state frequencies so that sum of them equals to 1
356  Q.yeast+I+G4  13779.949    33  27625.899    27629.602    27773.127
WARNING: Normalizing state frequencies so that sum of them equals to 1
359  Q.yeast+R4    13768.593    37  27611.186    27615.857    27776.261
WARNING: Normalizing state frequencies so that sum of them equals to 1
367  Q.yeast+I+R3  13768.638    36  27609.276    27613.694    27769.889
WARNING: Normalizing state frequencies so that sum of them equals to 1
377  Q.yeast+F+G4  13597.343    51  27296.687    27305.707    27524.221
WARNING: Normalizing state frequencies so that sum of them equals to 1
378  Q.yeast+F+I+G4 13594.100    52  27292.199    27301.589    27524.196
WARNING: Normalizing state frequencies so that sum of them equals to 1
381  Q.yeast+F+R4  13572.892    56  27257.783    27268.733    27507.625
WARNING: Normalizing state frequencies so that sum of them equals to 1
389  Q.yeast+F+I+R3 13574.046    55  27258.093    27268.641    27503.473
399  JTTDCMut+G4   13775.239    32  27614.479    27617.958    27757.246
400  JTTDCMut+I+G4 13770.364    33  27606.728    27610.431    27753.956
403  JTTDCMut+R4   13758.731    37  27591.462    27596.133    27756.536
411  JTTDCMut+I+R3 13760.103    36  27592.206    27596.624    27752.819
421  JTTDCMut+F+G4 13632.685    51  27367.370    27376.391    27594.905
422  JTTDCMut+F+I+G4 13631.871    52  27367.743    27377.133    27599.739
425  JTTDCMut+F+R4 13614.938    56  27341.877    27352.827    27591.719
433  JTTDCMut+F+I+R3 13617.126    55  27344.252    27354.800    27589.633
443  DCMut+G4      13700.729    32  27465.458    27468.938    27608.225
444  DCMut+I+G4    13699.402    33  27464.804    27468.507    27612.032
447  DCMut+R4      13681.414    37  27436.829    27441.500    27601.903
455  DCMut+I+R3    13684.504    36  27441.008    27445.426    27601.620
465  DCMut+F+G4    13616.747    51  27335.494    27344.514    27563.028
466  DCMut+F+I+G4  13617.430    52  27338.859    27348.250    27570.856
469  DCMut+F+R4    13595.693    56  27303.385    27314.336    27553.228
477  DCMut+F+I+R3  13598.399    55  27306.797    27317.345    27552.178
487  VT+G4         13720.648    32  27505.295    27508.775    27648.062
488  VT+I+G4       13711.779    33  27489.558    27493.261    27636.786
491  VT+R4         13704.319    37  27482.639    27487.310    27647.713
499  VT+I+R3       13705.339    36  27482.678    27487.096    27643.291
509  VT+F+G4       13563.510    51  27229.020    27238.041    27456.555
510  VT+F+I+G4     13558.317    52  27220.633    27230.023    27452.630
513  VT+F+R4       13545.483    56  27202.966    27213.916    27452.808
521  VT+F+I+R3     13546.298    55  27202.595    27213.143    27447.976
531  PMB+G4        13784.702    32  27633.403    27636.883    27776.170
532  PMB+I+G4      13774.569    33  27615.139    27618.842    27762.367
535  PMB+R4        13770.212    37  27614.424    27619.095    27779.499
543  PMB+I+R3      13770.993    36  27613.986    27618.404    27774.599
553  PMB+F+G4      13578.557    51  27259.115    27268.135    27486.650
554  PMB+F+I+G4    13573.564    52  27251.128    27260.519    27483.125
557  PMB+F+R4      13562.509    56  27237.018    27247.968    27486.860
565  PMB+F+I+R3    13563.807    55  27237.614    27248.162    27482.994
575  Blosum62+G4   13812.455    32  27688.909    27692.388    27831.676
576  Blosum62+I+G4 13802.912    33  27671.823    27675.526    27819.052
579  Blosum62+R4   13797.584    37  27669.168    27673.839    27834.242
587  Blosum62+I+R3 13798.190    36  27668.380    27672.798    27828.993
597  Blosum62+F+G4 13587.785    51  27277.571    27286.591    27505.106
598  Blosum62+F+I+G4 13583.285    52  27270.571    27279.961    27502.567
601  Blosum62+F+R4 13571.101    56  27254.202    27265.152    27504.044
609  Blosum62+F+I+R3 13572.057    55  27254.114    27264.662    27499.495
619  Dayhoff+G4    13701.689    32  27467.378    27470.857    27610.145
620  Dayhoff+I+G4  13700.430    33  27466.861    27470.564    27614.089
623  Dayhoff+R4    13682.424    37  27438.847    27443.519    27603.922
631  Dayhoff+I+R3  13685.560    36  27443.120    27447.538    27603.733
641  Dayhoff+F+G4  13617.629    51  27337.259    27346.279    27564.794
642  Dayhoff+F+I+G4 13618.267    52  27340.535    27349.925    27572.531
645  Dayhoff+F+R4  13596.618    56  27305.236    27316.187    27555.079
653  Dayhoff+F+I+R3 13599.417    55  27308.835    27319.383    27554.216
663  mtREV+G4      14528.830    32  29121.661    29125.140    29264.428
664  mtREV+I+G4    14518.856    33  29103.712    29107.415    29250.940
667  mtREV+R4      14519.738    37  29113.476    29118.147    29278.550
675  mtREV+I+R3    14519.852    36  29111.704    29116.122    29272.317
685  mtREV+F+G4    13714.976    51  27531.953    27540.973    27759.488
686  mtREV+F+I+G4  13714.262    52  27532.524    27541.914    27764.520
689  mtREV+F+R4    13698.723    56  27509.446    27520.396    27759.288
697  mtREV+F+I+R3  13701.976    55  27513.953    27524.501    27759.333
707  mtART+G4      14679.925    32  29423.850    29427.330    29566.617
708  mtART+I+G4    14661.869    33  29389.739    29393.441    29536.967
711  mtART+R4      14668.989    37  29411.978    29416.650    29577.053
719  mtART+I+R3    14668.756    36  29409.513    29413.931    29570.126
729  mtART+F+G4    13886.524    51  27875.048    27884.068    28102.583
730  mtART+F+I+G4  13876.257    52  27856.513    27865.903    28088.510
733  mtART+F+R4    13852.243    56  27816.486    27827.436    28066.328
741  mtART+F+I+R3  13852.564    55  27815.128    27825.676    28060.509
751  mtZOA+G4      14432.469    32  28928.938    28932.418    29071.705
752  mtZOA+I+G4    14416.564    33  28899.129    28902.832    29046.357
755  mtZOA+R4      14419.253    37  28912.507    28917.178    29077.581
763  mtZOA+I+R3    14419.185    36  28910.369    28914.787    29070.982
773  mtZOA+F+G4    13779.875    51  27661.750    27670.771    27889.285
774  mtZOA+F+I+G4  13779.141    52  27662.283    27671.673    27894.279
777  mtZOA+F+R4    13752.112    56  27616.223    27627.173    27866.065
785  mtZOA+F+I+R3  13753.375    55  27616.750    27627.298    27862.131
795  mtMet+G4      14522.862    32  29109.723    29113.202    29252.490
796  mtMet+I+G4    14507.632    33  29081.265    29084.968    29228.493
799  mtMet+R4      14509.168    37  29092.336    29097.007    29257.410
807  mtMet+I+R3    14509.062    36  29090.124    29094.542    29250.737
817  mtMet+F+G4    13784.920    51  27671.839    27680.860    27899.374
818  mtMet+F+I+G4  13782.554    52  27669.107    27678.498    27901.104
821  mtMet+F+R4    13765.580    56  27643.160    27654.110    27893.002
829  mtMet+F+I+R3  13767.035    55  27644.070    27654.618    27889.451
839  mtVer+G4      14672.730    32  29409.460    29412.939    29552.227
840  mtVer+I+G4    14659.101    33  29384.203    29387.906    29531.431
843  mtVer+R4      14663.494    37  29400.988    29405.659    29566.062
851  mtVer+I+R3    14663.638    36  29399.276    29403.694    29559.889
861  mtVer+F+G4    13888.149    51  27878.297    27887.318    28105.832
862  mtVer+F+I+G4  13886.283    52  27876.566    27885.956    28108.562
865  mtVer+F+R4    13868.875    56  27849.751    27860.701    28099.593
873  mtVer+F+I+R3  13871.052    55  27852.104    27862.652    28097.485
883  mtInv+G4      14595.007    32  29254.015    29257.494    29396.782
884  mtInv+I+G4    14578.857    33  29223.714    29227.417    29370.943
887  mtInv+R4      14578.209    37  29230.417    29235.088    29395.492
895  mtInv+I+R3    14578.116    36  29228.231    29232.649    29388.844
905  mtInv+F+G4    13705.038    51  27512.075    27521.096    27739.610
906  mtInv+F+I+G4  13704.285    52  27512.570    27521.960    27744.567
909  mtInv+F+R4    13685.375    56  27482.749    27493.700    27732.592
917  mtInv+F+I+R3  13686.973    55  27483.947    27494.495    27729.327
927  mtMAM+G4      14761.755    32  29587.510    29590.990    29730.277
928  mtMAM+I+G4    14749.656    33  29565.312    29569.015    29712.540
931  mtMAM+R4      14761.957    37  29597.914    29602.585    29762.988
939  mtMAM+I+R3    14764.390    36  29600.780    29605.198    29761.393
949  mtMAM+F+G4    13908.166    51  27918.333    27927.353    28145.868
950  mtMAM+F+I+G4  13900.272    52  27904.544    27913.934    28136.540
953  mtMAM+F+R4    13891.889    56  27895.779    27906.729    28145.621
961  mtMAM+F+I+R3  13892.584    55  27895.168    27905.716    28140.549
WARNING: Normalizing state frequencies so that sum of them equals to 1
971  FLAVI+G4      14290.397    32  28644.795    28648.274    28787.562
WARNING: Normalizing state frequencies so that sum of them equals to 1
972  FLAVI+I+G4    14284.346    33  28634.692    28638.395    28781.920
WARNING: Normalizing state frequencies so that sum of them equals to 1
975  FLAVI+R4      14286.050    37  28646.101    28650.772    28811.175
WARNING: Normalizing state frequencies so that sum of them equals to 1
983  FLAVI+I+R3    14284.606    36  28641.212    28645.629    28801.824
WARNING: Normalizing state frequencies so that sum of them equals to 1
993  FLAVI+F+G4    13965.278    51  28032.556    28041.576    28260.091
WARNING: Normalizing state frequencies so that sum of them equals to 1
994  FLAVI+F+I+G4  13964.479    52  28032.957    28042.348    28264.954
WARNING: Normalizing state frequencies so that sum of them equals to 1
997  FLAVI+F+R4    13951.347    56  28014.694    28025.645    28264.537
WARNING: Normalizing state frequencies so that sum of them equals to 1
1005  FLAVI+F+I+R3  13954.652    55  28019.304    28029.852    28264.685
1015  HIVb+G4       14171.973    32  28407.946    28411.426    28550.713
1016  HIVb+I+G4     14169.164    33  28404.327    28408.030    28551.556
1019  HIVb+R4       14156.784    37  28387.569    28392.240    28552.643
1027  HIVb+I+R3     14160.804    36  28393.609    28398.027    28554.222
1037  HIVb+F+G4     13849.312    51  27800.625    27809.645    28028.160
1038  HIVb+F+I+G4   13853.258    52  27810.516    27819.906    28042.512
1041  HIVb+F+R4     13830.408    56  27772.816    27783.766    28022.658
1049  HIVb+F+I+R3   13835.488    55  27780.975    27791.523    28026.356
1059  HIVw+G4       14434.773    32  28933.546    28937.026    29076.313
1060  HIVw+I+G4     14434.286    33  28934.572    28938.275    29081.801
1063  HIVw+R4       14417.003    37  28908.006    28912.678    29073.081
1071  HIVw+I+R3     14421.420    36  28914.840    28919.258    29075.453
1081  HIVw+F+G4     14060.575    51  28223.150    28232.170    28450.684
1082  HIVw+F+I+G4   14059.925    52  28223.851    28233.241    28455.847
1085  HIVw+F+R4     14043.825    56  28199.651    28210.601    28449.493
1093  HIVw+F+I+R3   14049.256    55  28208.513    28219.061    28453.894
1103  FLU+G4        13938.615    32  27941.230    27944.710    28083.997
1104  FLU+I+G4      13934.763    33  27935.526    27939.229    28082.755
1107  FLU+R4        13927.581    37  27929.162    27933.833    28094.236
1115  FLU+I+R3      13929.176    36  27930.352    27934.770    28090.964
1125  FLU+F+G4      13763.103    51  27628.206    27637.226    27855.741
1126  FLU+F+I+G4    13761.258    52  27626.516    27635.906    27858.512
1129  FLU+F+R4      13746.700    56  27605.400    27616.350    27855.242
1137  FLU+F+I+R3    13749.403    55  27608.806    27619.354    27854.187
1147  rtREV+G4      13847.003    32  27758.007    27761.486    27900.774
1148  rtREV+I+G4    13838.440    33  27742.880    27746.583    27890.109
1151  rtREV+R4      13830.278    37  27734.556    27739.227    27899.630
1159  rtREV+I+R3    13830.377    36  27732.755    27737.173    27893.368
1169  rtREV+F+G4    13565.785    51  27233.569    27242.590    27461.104
1170  rtREV+F+I+G4  13563.106    52  27230.213    27239.603    27462.209
1173  rtREV+F+R4    13547.511    56  27207.023    27217.973    27456.865
1181  rtREV+F+I+R3  13548.868    55  27207.737    27218.285    27453.118
1191  cpREV+G4      13858.591    32  27781.182    27784.661    27923.949
1192  cpREV+I+G4    13854.441    33  27774.882    27778.585    27922.110
1195  cpREV+R4      13843.992    37  27761.984    27766.655    27927.058
1203  cpREV+I+R3    13846.956    36  27765.911    27770.329    27926.524
1213  cpREV+F+G4    13659.603    51  27421.206    27430.227    27648.741
1214  cpREV+F+I+G4  13659.946    52  27423.893    27433.283    27655.889
1217  cpREV+F+R4    13643.463    56  27398.927    27409.877    27648.769
1225  cpREV+F+I+R3  13646.049    55  27402.097    27412.645    27647.478
Akaike Information Criterion:           Q.pfam+F+I+R3
Corrected Akaike Information Criterion: Q.pfam+F+I+R3
Bayesian Information Criterion:         Q.pfam+F+I+R3
Best-fit model: Q.pfam+F+I+R3 chosen according to BIC

All model information printed to FungalCW_tree_20231129/176648at4751.aa.mfa.model.gz
CPU time for ModelFinder: 242.036 seconds (0h:4m:2s)
Wall-clock time for ModelFinder: 122.491 seconds (0h:2m:2s)
Generating 1000 samples for ultrafast bootstrap (seed: 541834)...
WARNING: Normalizing state frequencies so that sum of them equals to 1

NOTE: 6 MB RAM (0 GB) is required!
Estimate model parameters (epsilon = 0.100)
1. Initial log-likelihood: -13538.318
Optimal log-likelihood: -13538.315
Proportion of invariable sites: 0.096
Site proportion and rates:  (0.236,0.177) (0.396,0.560) (0.273,2.701)
Parameters optimization took 1 rounds (0.094 sec)
Wrote distance file to... 
Computing ML distances based on estimated model parameters...
Calculating distance matrix: done in 0.0264258 secs using 198.7% CPU
Computing ML distances took 0.026659 sec (of wall-clock time) 0.052953 sec (of CPU time)
Setting up auxiliary I and S matrices: done in 5.50747e-05 secs using 197.9% CPU
Constructing RapidNJ tree: done in 0.00026083 secs using 80.51% CPU
Computing RapidNJ tree took 0.000421 sec (of wall-clock time) 0.000461 sec (of CPU time)
Log-likelihood of RapidNJ tree: -13619.147
--------------------------------------------------------------------
|             INITIALIZING CANDIDATE TREE SET                      |
--------------------------------------------------------------------
Generating 98 parsimony trees... 0.367 second
Computing log-likelihood of 98 initial trees ... 1.368 seconds
Current best score: -13538.315

Do NNI search on 20 best initial trees
Optimizing NNI: done in 0.063308 secs using 197.1% CPU
Estimate model parameters (epsilon = 0.100)
BETTER TREE FOUND at iteration 1: -13538.314
Optimizing NNI: done in 0.323329 secs using 197.6% CPU
Optimizing NNI: done in 0.231634 secs using 198.5% CPU
Optimizing NNI: done in 0.230312 secs using 198.8% CPU
Optimizing NNI: done in 0.262662 secs using 198.4% CPU
Optimizing NNI: done in 0.308673 secs using 197.2% CPU
Optimizing NNI: done in 0.203278 secs using 198.7% CPU
Optimizing NNI: done in 0.260868 secs using 198.5% CPU
Optimizing NNI: done in 0.251276 secs using 197.5% CPU
Optimizing NNI: done in 0.258547 secs using 198.6% CPU
Iteration 10 / LogL: -13538.459 / Time: 0h:0m:4s
Optimizing NNI: done in 0.280745 secs using 198.8% CPU
Optimizing NNI: done in 0.278486 secs using 197.8% CPU
Optimizing NNI: done in 0.24711 secs using 198% CPU
Optimizing NNI: done in 0.292224 secs using 198.5% CPU
Optimizing NNI: done in 0.310118 secs using 198.1% CPU
Optimizing NNI: done in 0.327812 secs using 198.7% CPU
Optimizing NNI: done in 0.286078 secs using 198.8% CPU
Optimizing NNI: done in 0.294959 secs using 198.6% CPU
Optimizing NNI: done in 0.314367 secs using 198.8% CPU
Optimizing NNI: done in 0.276766 secs using 198.8% CPU
Iteration 20 / LogL: -13538.656 / Time: 0h:0m:7s
Finish initializing candidate tree set (1)
Current best tree score: -13538.314 / CPU time: 7.206
Number of iterations: 20
--------------------------------------------------------------------
|               OPTIMIZING CANDIDATE TREE SET                      |
--------------------------------------------------------------------
Optimizing NNI: done in 0.298019 secs using 198.2% CPU
Optimizing NNI: done in 0.168374 secs using 198.8% CPU
Optimizing NNI: done in 0.236937 secs using 198.7% CPU
Optimizing NNI: done in 0.215508 secs using 198.4% CPU
Optimizing NNI: done in 0.238086 secs using 198.7% CPU
Optimizing NNI: done in 0.169259 secs using 198.7% CPU
Optimizing NNI: done in 0.178984 secs using 197.9% CPU
Optimizing NNI: done in 0.244074 secs using 198.3% CPU
Optimizing NNI: done in 0.298614 secs using 198.8% CPU
Optimizing NNI: done in 0.246608 secs using 198.3% CPU
Iteration 30 / LogL: -13538.385 / Time: 0h:0m:9s (0h:0m:24s left)
Optimizing NNI: done in 0.181333 secs using 198.8% CPU
Optimizing NNI: done in 0.185542 secs using 198.7% CPU
Optimizing NNI: done in 0.225581 secs using 197.8% CPU
Optimizing NNI: done in 0.197846 secs using 198.3% CPU
Optimizing NNI: done in 0.246094 secs using 198.7% CPU
Optimizing NNI: done in 0.231853 secs using 198.8% CPU
Optimizing NNI: done in 0.257336 secs using 198% CPU
Optimizing NNI: done in 0.193613 secs using 198.7% CPU
Optimizing NNI: done in 0.226114 secs using 198.3% CPU
Optimizing NNI: done in 0.334913 secs using 198.7% CPU
Iteration 40 / LogL: -13538.334 / Time: 0h:0m:12s (0h:0m:19s left)
Optimizing NNI: done in 0.238704 secs using 198.3% CPU
Optimizing NNI: done in 0.198004 secs using 198.2% CPU
Optimizing NNI: done in 0.204982 secs using 198.4% CPU
Optimizing NNI: done in 0.234478 secs using 197.8% CPU
Optimizing NNI: done in 0.132628 secs using 198% CPU
Optimizing NNI: done in 0.238524 secs using 198.8% CPU
Optimizing NNI: done in 0.170405 secs using 198.8% CPU
Optimizing NNI: done in 0.280489 secs using 198.5% CPU
Optimizing NNI: done in 0.167202 secs using 198.1% CPU
Optimizing NNI: done in 0.230436 secs using 198.3% CPU
Iteration 50 / LogL: -13538.487 / Time: 0h:0m:14s (0h:0m:15s left)
Log-likelihood cutoff on original alignment: -13577.428
Optimizing NNI: done in 0.188823 secs using 198.9% CPU
Optimizing NNI: done in 0.220806 secs using 198.7% CPU
Optimizing NNI: done in 0.241092 secs using 198.8% CPU
Optimizing NNI: done in 0.197068 secs using 198.4% CPU
Optimizing NNI: done in 0.16589 secs using 198.2% CPU
Optimizing NNI: done in 0.254368 secs using 198.5% CPU
Optimizing NNI: done in 0.311488 secs using 198.1% CPU
Optimizing NNI: done in 0.240921 secs using 198% CPU
Optimizing NNI: done in 0.224361 secs using 198.9% CPU
Optimizing NNI: done in 0.487276 secs using 198.8% CPU
Iteration 60 / LogL: -13538.339 / Time: 0h:0m:17s (0h:0m:11s left)
Optimizing NNI: done in 0.162405 secs using 199.5% CPU
Optimizing NNI: done in 0.192245 secs using 198.9% CPU
Optimizing NNI: done in 0.228991 secs using 198.4% CPU
Optimizing NNI: done in 0.312544 secs using 198.9% CPU
Optimizing NNI: done in 0.161492 secs using 198.8% CPU
Optimizing NNI: done in 0.202006 secs using 198.4% CPU
Optimizing NNI: done in 0.25238 secs using 198.8% CPU
Optimizing NNI: done in 0.253151 secs using 198.9% CPU
Optimizing NNI: done in 0.231728 secs using 198.3% CPU
Optimizing NNI: done in 0.208393 secs using 197.7% CPU
Iteration 70 / LogL: -13538.413 / Time: 0h:0m:19s (0h:0m:8s left)
Optimizing NNI: done in 0.197215 secs using 198.3% CPU
Optimizing NNI: done in 0.259945 secs using 197.4% CPU
Optimizing NNI: done in 0.220006 secs using 198.9% CPU
Optimizing NNI: done in 0.205756 secs using 198.9% CPU
Optimizing NNI: done in 0.174182 secs using 197.7% CPU
Optimizing NNI: done in 0.117211 secs using 197.9% CPU
Optimizing NNI: done in 0.159295 secs using 196.4% CPU
Optimizing NNI: done in 0.115665 secs using 198.9% CPU
Optimizing NNI: done in 0.23691 secs using 198.5% CPU
Optimizing NNI: done in 0.228617 secs using 199.3% CPU
Iteration 80 / LogL: -13538.452 / Time: 0h:0m:21s (0h:0m:5s left)
Optimizing NNI: done in 0.139635 secs using 198.8% CPU
Optimizing NNI: done in 0.264079 secs using 198.1% CPU
Optimizing NNI: done in 0.386719 secs using 198.9% CPU
Optimizing NNI: done in 0.312015 secs using 198.3% CPU
Optimizing NNI: done in 0.261057 secs using 198.6% CPU
Optimizing NNI: done in 0.226021 secs using 198.5% CPU
Optimizing NNI: done in 0.230344 secs using 199% CPU
Optimizing NNI: done in 0.182803 secs using 198.9% CPU
Optimizing NNI: done in 0.223678 secs using 198.9% CPU
Optimizing NNI: done in 0.197633 secs using 197.3% CPU
Iteration 90 / LogL: -13538.496 / Time: 0h:0m:24s (0h:0m:2s left)
Optimizing NNI: done in 0.187034 secs using 197.8% CPU
Optimizing NNI: done in 0.160249 secs using 198.3% CPU
Optimizing NNI: done in 0.219092 secs using 198.4% CPU
Optimizing NNI: done in 0.309756 secs using 198.3% CPU
Optimizing NNI: done in 0.181297 secs using 196.7% CPU
Optimizing NNI: done in 0.211047 secs using 198.8% CPU
Optimizing NNI: done in 0.164763 secs using 197.7% CPU
Optimizing NNI: done in 0.206197 secs using 198.5% CPU
Optimizing NNI: done in 0.280145 secs using 198.9% CPU
Optimizing NNI: done in 0.160787 secs using 198.2% CPU
Iteration 100 / LogL: -13538.455 / Time: 0h:0m:26s (0h:0m:0s left)
Log-likelihood cutoff on original alignment: -13577.428
NOTE: Bootstrap correlation coefficient of split occurrence frequencies: 0.999
Optimizing NNI: done in 0.239385 secs using 198.9% CPU
Optimizing NNI: done in 0.22496 secs using 198.9% CPU
TREE SEARCH COMPLETED AFTER 102 ITERATIONS / Time: 0h:0m:26s

--------------------------------------------------------------------
|                    FINALIZING TREE SEARCH                        |
--------------------------------------------------------------------
Performs final model parameters optimization
Estimate model parameters (epsilon = 0.010)
1. Initial log-likelihood: -13538.314
Optimal log-likelihood: -13538.314
Proportion of invariable sites: 0.096
Site proportion and rates:  (0.237,0.178) (0.395,0.561) (0.273,2.702)
Parameters optimization took 1 rounds (0.091 sec)
BEST SCORE FOUND : -13538.314

Testing tree branches by SH-like aLRT with 1000 replicates...
0.161 sec.
Creating bootstrap support values...
Split supports printed to NEXUS file FungalCW_tree_20231129/176648at4751.aa.mfa.splits.nex
Total tree length: 15.633

Total number of iterations: 102
CPU time used for tree search: 52.422 sec (0h:0m:52s)
Wall-clock time used for tree search: 26.570 sec (0h:0m:26s)
Total CPU time used: 53.613 sec (0h:0m:53s)
Total wall-clock time used: 27.222 sec (0h:0m:27s)

Computing bootstrap consensus tree...
Reading input file FungalCW_tree_20231129/176648at4751.aa.mfa.splits.nex...
17 taxa and 64 splits.
Consensus tree written to FungalCW_tree_20231129/176648at4751.aa.mfa.contree
Reading input trees file FungalCW_tree_20231129/176648at4751.aa.mfa.contree
Log-likelihood of consensus tree: -13538.314

Analysis results written to: 
  IQ-TREE report:                FungalCW_tree_20231129/176648at4751.aa.mfa.iqtree
  Maximum-likelihood tree:       FungalCW_tree_20231129/176648at4751.aa.mfa.treefile
  Likelihood distances:          FungalCW_tree_20231129/176648at4751.aa.mfa.mldist

Ultrafast bootstrap approximation results written to:
  Split support values:          FungalCW_tree_20231129/176648at4751.aa.mfa.splits.nex
  Consensus tree:                FungalCW_tree_20231129/176648at4751.aa.mfa.contree
  Screen log file:               FungalCW_tree_20231129/176648at4751.aa.mfa.log

Date and Time: Wed Nov 29 01:31:50 2023
