IQ-TREE multicore version 2.2.2.6 COVID-edition for Linux 64-bit built May 27 2023
Developed by Bui Quang Minh, James Barbetti, Nguyen Lam Tung,
Olga Chernomor, Heiko Schmidt, Dominik Schrempf, Michael Woodhams, Ly Trong Nhan.

Host:    i30 (AVX2, FMA3, 503 GB RAM)
Command: iqtree2 -s FungalCW_tree_20231129/176748at4751.aa.mfa -gz -B 1000 -alrt 1000 -nt 2
Seed:    273641 (Using SPRNG - Scalable Parallel Random Number Generator)
Time:    Wed Nov 29 01:29:20 2023
Kernel:  AVX+FMA - 2 threads (2 CPU cores detected)

Reading alignment file FungalCW_tree_20231129/176748at4751.aa.mfa ... Fasta format detected
Reading fasta file: done in 0.000337839 secs using 61.27% CPU
Alignment most likely contains protein sequences
Constructing alignment: done in 0.00188398 secs using 171.4% CPU
Alignment has 18 sequences with 901 columns, 872 distinct patterns
660 parsimony-informative, 155 singleton sites, 86 constant sites
                                                               Gap/Ambiguity  Composition  p-value
Analyzing sequences: done in 5.29289e-05 secs using 69.91% CPU
   1  Basidiobolus_meristosporus_CBS_931.73.Basme2finSC.v1            14.21%    passed     26.58%
   2  Botrytis_cinerea_T4                                             16.20%    passed     91.43%
   3  Capillidium_pumilum_ARSEF_79                                    52.72%    passed     30.02%
   4  Colletotrichum_graminicola_M1.001                               14.76%    passed     65.01%
   5  Colletotrichum_higginsianum_IMI_349063                          14.76%    passed     40.37%
   6  Fusarium_graminearum_PH-1                                       14.54%    passed     86.02%
   7  Fusarium_verticillioides_7600                                   14.98%    passed     87.62%
   8  Gilbertella_persicaria_var_persicaria_CBS_190.32-T.Gilper1.v1   36.07%    passed     73.40%
   9  Mortierella_elongata_AG-77                                      17.76%    passed     81.94%
  10  Mucor_mucedo_NRRL_3635                                          21.86%    passed     89.52%
  11  Neoconidiobolus_thromboides_FSU_785.Conth1.v1                   44.62%    failed      0.00%
  12  Phycomyces_blakesleeanus_NRRL_1555.Phybl2.v2                    52.16%    passed     68.95%
  13  Rhizopus_stolonifer_NRRL_66455                                  15.43%    passed     76.61%
  14  Trichoderma_harzianum_CBS_226.95                                14.21%    passed     96.38%
  15  Umbelopsis_ramanniana_NRRL_5844.Umbra1.v1                       16.87%    passed     94.73%
  16  Ustilago_maydis                                                 12.65%    passed     23.03%
  17  Zoophthora_radicans_ATCC_208865                                 14.43%    passed     44.57%
  18  Zymoseptoria_tritici_IP0323                                     15.87%    passed     38.44%
WARNING: 2 sequences contain more than 50% gaps/ambiguity
****  TOTAL                                                           22.45%  1 sequences failed composition chi2 test (p-value<5%; df=19)
Checking for duplicate sequences: done in 0.000143051 secs using 102.1% CPU


Create initial parsimony tree by phylogenetic likelihood library (PLL)... 0.005 seconds
Perform fast likelihood tree search using LG+I+G model...
Estimate model parameters (epsilon = 5.000)
Perform nearest neighbor interchange...
Optimizing NNI: done in 0.115398 secs using 198.9% CPU
Estimate model parameters (epsilon = 1.000)
1. Initial log-likelihood: -24182.140
2. Current log-likelihood: -24180.055
3. Current log-likelihood: -24178.839
Optimal log-likelihood: -24177.942
Proportion of invariable sites: 0.002
Gamma shape alpha: 0.439
Parameters optimization took 3 rounds (0.351 sec)
Time for fast ML tree search: 1.063 seconds

NOTE: ModelFinder requires 28 MB RAM!
ModelFinder will test up to 1232 protein models (sample size: 901) ...
 No. Model         -LnL         df  AIC          AICc         BIC
  1  LG            25952.153    33  51970.305    51972.893    52128.821
  2  LG+I          25576.737    34  51221.473    51224.221    51384.792
  3  LG+G4         24176.893    34  48421.786    48424.535    48585.106
  4  LG+I+G4       24176.957    35  48423.914    48426.827    48592.036
  5  LG+R2         24353.548    35  48777.095    48780.009    48945.218
  6  LG+R3         24137.019    37  48348.039    48351.297    48525.768
  7  LG+R4         24109.890    39  48297.781    48301.404    48485.117
  8  LG+R5         24109.631    41  48301.262    48305.271    48498.206
 14  LG+I+R2       24241.082    36  48554.164    48557.247    48727.090
 15  LG+I+R3       24127.093    38  48330.187    48333.625    48512.720
 16  LG+I+R4       24109.548    40  48299.096    48302.910    48491.237
 17  LG+I+R5       24109.302    42  48302.605    48306.814    48504.352
 29  LG+F+R4       23959.283    58  48034.565    48042.693    48313.168
 38  LG+F+I+R4     23959.417    59  48036.834    48045.253    48320.241
 51  WAG+R4        24102.994    39  48283.988    48287.612    48471.325
 60  WAG+I+R4      24103.332    40  48286.665    48290.479    48478.805
 73  WAG+F+R4      23975.965    58  48067.930    48076.059    48346.534
 82  WAG+F+I+R4    23976.353    59  48070.705    48079.124    48354.112
 95  JTT+R4        24189.223    39  48456.447    48460.070    48643.783
104  JTT+I+R4      24189.570    40  48459.140    48462.954    48651.280
117  JTT+F+R4      24068.263    58  48252.527    48260.655    48531.130
126  JTT+F+I+R4    24068.689    59  48255.378    48263.797    48538.785
WARNING: Normalizing state frequencies so that sum of them equals to 1
139  Q.pfam+R4     24054.872    39  48187.744    48191.367    48375.080
WARNING: Normalizing state frequencies so that sum of them equals to 1
148  Q.pfam+I+R4   24054.573    40  48189.145    48192.959    48381.286
WARNING: Normalizing state frequencies so that sum of them equals to 1
161  Q.pfam+F+R4   23954.299    58  48024.597    48032.725    48303.200
WARNING: Normalizing state frequencies so that sum of them equals to 1
170  Q.pfam+F+I+R4 23954.569    59  48027.137    48035.556    48310.544
WARNING: Normalizing state frequencies so that sum of them equals to 1
183  Q.bird+R4     24446.994    39  48971.989    48975.612    49159.325
WARNING: Normalizing state frequencies so that sum of them equals to 1
192  Q.bird+I+R4   24449.186    40  48978.371    48982.185    49170.512
WARNING: Normalizing state frequencies so that sum of them equals to 1
205  Q.bird+F+R4   24310.429    58  48736.859    48744.987    49015.462
WARNING: Normalizing state frequencies so that sum of them equals to 1
214  Q.bird+F+I+R4 24311.752    59  48741.504    48749.922    49024.910
WARNING: Normalizing state frequencies so that sum of them equals to 1
227  Q.mammal+R4   24340.724    39  48759.448    48763.072    48946.785
WARNING: Normalizing state frequencies so that sum of them equals to 1
236  Q.mammal+I+R4 24347.180    40  48774.360    48778.174    48966.500
WARNING: Normalizing state frequencies so that sum of them equals to 1
249  Q.mammal+F+R4 24212.375    58  48540.750    48548.878    48819.353
WARNING: Normalizing state frequencies so that sum of them equals to 1
258  Q.mammal+F+I+R4 24218.003    59  48554.007    48562.426    48837.414
271  Q.insect+R4   24178.783    39  48435.566    48439.190    48622.903
280  Q.insect+I+R4 24179.162    40  48438.325    48442.139    48630.465
293  Q.insect+F+R4 23988.530    58  48093.061    48101.189    48371.664
302  Q.insect+F+I+R4 23988.566    59  48095.132    48103.550    48378.538
WARNING: Normalizing state frequencies so that sum of them equals to 1
315  Q.plant+R4    24238.127    39  48554.255    48557.878    48741.591
WARNING: Normalizing state frequencies so that sum of them equals to 1
324  Q.plant+I+R4  24238.713    40  48557.427    48561.241    48749.567
WARNING: Normalizing state frequencies so that sum of them equals to 1
337  Q.plant+F+R4  24097.490    58  48310.979    48319.107    48589.582
WARNING: Normalizing state frequencies so that sum of them equals to 1
346  Q.plant+F+I+R4 24097.727    59  48313.453    48321.872    48596.860
WARNING: Normalizing state frequencies so that sum of them equals to 1
359  Q.yeast+R4    24142.572    39  48363.143    48366.767    48550.480
WARNING: Normalizing state frequencies so that sum of them equals to 1
368  Q.yeast+I+R4  24140.776    40  48361.552    48365.366    48553.692
WARNING: Normalizing state frequencies so that sum of them equals to 1
381  Q.yeast+F+R4  23976.754    58  48069.508    48077.636    48348.111
WARNING: Normalizing state frequencies so that sum of them equals to 1
390  Q.yeast+F+I+R4 23976.270    59  48070.540    48078.959    48353.947
403  JTTDCMut+R4   24189.839    39  48457.679    48461.302    48645.015
412  JTTDCMut+I+R4 24190.148    40  48460.296    48464.110    48652.436
425  JTTDCMut+F+R4 24067.237    58  48250.474    48258.602    48529.077
434  JTTDCMut+F+I+R4 24067.667    59  48253.334    48261.753    48536.741
447  DCMut+R4      24319.100    39  48716.200    48719.824    48903.537
456  DCMut+I+R4    24319.263    40  48718.525    48722.339    48910.665
469  DCMut+F+R4    24100.250    58  48316.500    48324.628    48595.103
478  DCMut+F+I+R4  24102.198    59  48322.395    48330.814    48605.802
491  VT+R4         24077.536    39  48233.071    48236.695    48420.408
500  VT+I+R4       24077.800    40  48235.600    48239.414    48427.741
513  VT+F+R4       23991.459    58  48098.917    48107.045    48377.520
522  VT+F+I+R4     23991.804    59  48101.609    48110.027    48385.015
535  PMB+R4        24241.170    39  48560.340    48563.964    48747.677
544  PMB+I+R4      24241.475    40  48562.950    48566.764    48755.091
557  PMB+F+R4      24016.484    58  48148.968    48157.097    48427.572
566  PMB+F+I+R4    24016.899    59  48151.798    48160.217    48435.205
579  Blosum62+R4   24271.640    39  48621.279    48624.903    48808.616
588  Blosum62+I+R4 24271.792    40  48623.584    48627.398    48815.725
601  Blosum62+F+R4 24016.536    58  48149.072    48157.200    48427.675
610  Blosum62+F+I+R4 24016.910    59  48151.819    48160.238    48435.226
623  Dayhoff+R4    24319.552    39  48717.105    48720.729    48904.442
632  Dayhoff+I+R4  24319.723    40  48719.446    48723.260    48911.586
645  Dayhoff+F+R4  24100.836    58  48317.673    48325.801    48596.276
654  Dayhoff+F+I+R4 24102.780    59  48323.560    48331.978    48606.966
667  mtREV+R4      25137.852    39  50353.703    50357.327    50541.040
676  mtREV+I+R4    25140.298    40  50360.596    50364.410    50552.736
689  mtREV+F+R4    24140.607    58  48397.214    48405.343    48675.818
698  mtREV+F+I+R4  24140.743    59  48399.487    48407.905    48682.894
711  mtART+R4      25392.548    39  50863.095    50866.719    51050.432
720  mtART+I+R4    25379.560    40  50839.120    50842.934    51031.260
733  mtART+F+R4    24242.421    58  48600.842    48608.970    48879.445
742  mtART+F+I+R4  24234.095    59  48586.190    48594.609    48869.597
755  mtZOA+R4      25067.163    39  50212.326    50215.950    50399.663
764  mtZOA+I+R4    25056.438    40  50192.876    50196.690    50385.017
777  mtZOA+F+R4    24143.563    58  48403.126    48411.254    48681.729
786  mtZOA+F+I+R4  24141.973    59  48401.947    48410.365    48685.354
799  mtMet+R4      25396.522    39  50871.045    50874.669    51058.382
808  mtMet+I+R4    25392.194    40  50864.388    50868.202    51056.528
821  mtMet+F+R4    24211.616    58  48539.232    48547.360    48817.835
830  mtMet+F+I+R4  24214.026    59  48546.052    48554.471    48829.459
843  mtVer+R4      25332.241    39  50742.481    50746.105    50929.818
852  mtVer+I+R4    25330.122    40  50740.244    50744.058    50932.384
865  mtVer+F+R4    24348.628    58  48813.257    48821.385    49091.860
874  mtVer+F+I+R4  24352.373    59  48822.746    48831.165    49106.153
887  mtInv+R4      25664.701    39  51407.402    51411.025    51594.738
896  mtInv+I+R4    25664.331    40  51408.662    51412.476    51600.802
909  mtInv+F+R4    24118.834    58  48353.668    48361.796    48632.272
918  mtInv+F+I+R4  24120.799    59  48359.597    48368.016    48643.004
931  mtMAM+R4      25471.258    39  51020.516    51024.140    51207.853
940  mtMAM+I+R4    25463.066    40  51006.132    51009.946    51198.273
953  mtMAM+F+R4    24393.223    58  48902.447    48910.575    49181.050
962  mtMAM+F+I+R4  24389.343    59  48896.685    48905.104    49180.092
WARNING: Normalizing state frequencies so that sum of them equals to 1
975  FLAVI+R4      24878.412    39  49834.824    49838.447    50022.160
WARNING: Normalizing state frequencies so that sum of them equals to 1
984  FLAVI+I+R4    24873.868    40  49827.736    49831.550    50019.876
WARNING: Normalizing state frequencies so that sum of them equals to 1
997  FLAVI+F+R4    24532.012    58  49180.024    49188.152    49458.627
WARNING: Normalizing state frequencies so that sum of them equals to 1
1006  FLAVI+F+I+R4  24529.927    59  49177.854    49186.272    49461.261
1019  HIVb+R4       24614.966    39  49307.931    49311.555    49495.268
1028  HIVb+I+R4     24614.871    40  49309.742    49313.556    49501.882
1041  HIVb+F+R4     24297.498    58  48710.996    48719.125    48989.600
1050  HIVb+F+I+R4   24297.756    59  48713.513    48721.931    48996.920
1063  HIVw+R4       25319.225    39  50716.450    50720.074    50903.787
1072  HIVw+I+R4     25314.014    40  50708.028    50711.842    50900.169
1085  HIVw+F+R4     24652.511    58  49421.022    49429.150    49699.625
1094  HIVw+F+I+R4   24650.113    59  49418.225    49426.644    49701.632
1107  FLU+R4        24500.892    39  49079.784    49083.408    49267.121
1116  FLU+I+R4      24501.136    40  49082.272    49086.085    49274.412
1129  FLU+F+R4      24222.862    58  48561.724    48569.852    48840.327
1138  FLU+F+I+R4    24223.089    59  48564.178    48572.597    48847.585
1151  rtREV+R4      24221.310    39  48520.620    48524.244    48707.957
1160  rtREV+I+R4    24221.580    40  48523.160    48526.974    48715.301
1173  rtREV+F+R4    23970.942    58  48057.885    48066.013    48336.488
1182  rtREV+F+I+R4  23971.347    59  48060.693    48069.112    48344.100
1195  cpREV+R4      24224.785    39  48527.571    48531.194    48714.907
1204  cpREV+I+R4    24225.148    40  48530.295    48534.109    48722.435
1217  cpREV+F+R4    24019.736    58  48155.472    48163.600    48434.075
1226  cpREV+F+I+R4  24020.150    59  48158.301    48166.719    48441.707
Akaike Information Criterion:           Q.pfam+F+R4
Corrected Akaike Information Criterion: Q.pfam+F+R4
Bayesian Information Criterion:         Q.pfam+F+R4
Best-fit model: Q.pfam+F+R4 chosen according to BIC

All model information printed to FungalCW_tree_20231129/176748at4751.aa.mfa.model.gz
CPU time for ModelFinder: 1064.812 seconds (0h:17m:44s)
Wall-clock time for ModelFinder: 537.664 seconds (0h:8m:57s)
Generating 1000 samples for ultrafast bootstrap (seed: 273641)...
WARNING: Normalizing state frequencies so that sum of them equals to 1

NOTE: 13 MB RAM (0 GB) is required!
Estimate model parameters (epsilon = 0.100)
1. Initial log-likelihood: -23954.299
Optimal log-likelihood: -23954.298
Site proportion and rates:  (0.146,0.015) (0.352,0.110) (0.130,0.326) (0.373,2.462)
Parameters optimization took 1 rounds (0.152 sec)
Wrote distance file to... 
Computing ML distances based on estimated model parameters...
Calculating distance matrix: done in 0.1084 secs using 198.4% CPU
Computing ML distances took 0.108666 sec (of wall-clock time) 0.215589 sec (of CPU time)
WARNING: Some pairwise ML distances are too long (saturated)
Setting up auxiliary I and S matrices: done in 6.19888e-05 secs using 198.4% CPU
Constructing RapidNJ tree: done in 0.000219107 secs using 199% CPU
Computing RapidNJ tree took 0.000388 sec (of wall-clock time) 0.000770 sec (of CPU time)
Log-likelihood of RapidNJ tree: -24039.605
--------------------------------------------------------------------
|             INITIALIZING CANDIDATE TREE SET                      |
--------------------------------------------------------------------
Generating 98 parsimony trees... 0.490 second
Computing log-likelihood of 98 initial trees ... 3.187 seconds
Current best score: -23954.298

Do NNI search on 20 best initial trees
Optimizing NNI: done in 0.145604 secs using 198.4% CPU
Estimate model parameters (epsilon = 0.100)
BETTER TREE FOUND at iteration 1: -23954.298
Optimizing NNI: done in 0.591272 secs using 197.6% CPU
Optimizing NNI: done in 0.458912 secs using 198% CPU
Optimizing NNI: done in 0.58134 secs using 197.4% CPU
Optimizing NNI: done in 0.533288 secs using 198.2% CPU
Optimizing NNI: done in 0.475159 secs using 198% CPU
Optimizing NNI: done in 0.480077 secs using 198% CPU
Optimizing NNI: done in 0.668504 secs using 197.2% CPU
Optimizing NNI: done in 0.571661 secs using 198% CPU
Optimizing NNI: done in 0.473193 secs using 198.2% CPU
Iteration 10 / LogL: -23959.935 / Time: 0h:0m:9s
Optimizing NNI: done in 0.530967 secs using 197.6% CPU
Optimizing NNI: done in 0.447423 secs using 198.2% CPU
Optimizing NNI: done in 0.591349 secs using 198.1% CPU
Optimizing NNI: done in 0.586436 secs using 198% CPU
Optimizing NNI: done in 0.54685 secs using 197.9% CPU
Optimizing NNI: done in 0.571312 secs using 197.3% CPU
Optimizing NNI: done in 0.585636 secs using 198.1% CPU
Optimizing NNI: done in 0.537676 secs using 198.1% CPU
Optimizing NNI: done in 0.644461 secs using 198.6% CPU
Optimizing NNI: done in 0.66547 secs using 197.9% CPU
Iteration 20 / LogL: -23954.542 / Time: 0h:0m:15s
Finish initializing candidate tree set (1)
Current best tree score: -23954.298 / CPU time: 14.672
Number of iterations: 20
--------------------------------------------------------------------
|               OPTIMIZING CANDIDATE TREE SET                      |
--------------------------------------------------------------------
Optimizing NNI: done in 0.404012 secs using 197.7% CPU
Optimizing NNI: done in 0.48932 secs using 197.8% CPU
Optimizing NNI: done in 0.421192 secs using 198.4% CPU
Optimizing NNI: done in 0.396184 secs using 198.2% CPU
Optimizing NNI: done in 0.524624 secs using 197.6% CPU
Optimizing NNI: done in 0.580087 secs using 197.8% CPU
Optimizing NNI: done in 0.340443 secs using 198.2% CPU
Optimizing NNI: done in 0.377749 secs using 198.3% CPU
Optimizing NNI: done in 0.292142 secs using 197.8% CPU
Optimizing NNI: done in 0.48775 secs using 198.5% CPU
Iteration 30 / LogL: -23954.445 / Time: 0h:0m:19s (0h:0m:48s left)
Optimizing NNI: done in 0.614704 secs using 198.4% CPU
Optimizing NNI: done in 0.433467 secs using 198.1% CPU
Optimizing NNI: done in 0.558308 secs using 198% CPU
Optimizing NNI: done in 0.614332 secs using 198.2% CPU
Optimizing NNI: done in 0.307512 secs using 198.4% CPU
Optimizing NNI: done in 0.526744 secs using 198.4% CPU
Optimizing NNI: done in 0.591995 secs using 198.2% CPU
Optimizing NNI: done in 0.441331 secs using 198.2% CPU
Optimizing NNI: done in 0.524632 secs using 198.2% CPU
Optimizing NNI: done in 0.291008 secs using 198.3% CPU
Iteration 40 / LogL: -23954.371 / Time: 0h:0m:24s (0h:0m:38s left)
Optimizing NNI: done in 0.328669 secs using 198.5% CPU
Optimizing NNI: done in 0.609178 secs using 198.3% CPU
Optimizing NNI: done in 0.61255 secs using 197.6% CPU
Optimizing NNI: done in 0.395354 secs using 198.4% CPU
Optimizing NNI: done in 0.24781 secs using 198.2% CPU
Optimizing NNI: done in 0.399558 secs using 197.6% CPU
Optimizing NNI: done in 0.464753 secs using 198.4% CPU
Optimizing NNI: done in 0.341492 secs using 198.3% CPU
Optimizing NNI: done in 0.528773 secs using 198.4% CPU
Optimizing NNI: done in 0.375401 secs using 198% CPU
Iteration 50 / LogL: -23954.342 / Time: 0h:0m:29s (0h:0m:30s left)
Log-likelihood cutoff on original alignment: -24001.524
Optimizing NNI: done in 0.556245 secs using 197.7% CPU
Optimizing NNI: done in 0.304544 secs using 197.6% CPU
Optimizing NNI: done in 0.437019 secs using 198.4% CPU
Optimizing NNI: done in 0.434805 secs using 198.3% CPU
Optimizing NNI: done in 0.627987 secs using 198.1% CPU
Optimizing NNI: done in 0.384023 secs using 197.7% CPU
Optimizing NNI: done in 0.671679 secs using 198% CPU
Optimizing NNI: done in 0.473336 secs using 197.9% CPU
Optimizing NNI: done in 0.417035 secs using 197.9% CPU
Optimizing NNI: done in 0.591488 secs using 198.3% CPU
Iteration 60 / LogL: -23954.311 / Time: 0h:0m:34s (0h:0m:23s left)
Optimizing NNI: done in 0.463993 secs using 198.5% CPU
Optimizing NNI: done in 0.451579 secs using 197.9% CPU
Optimizing NNI: done in 0.414629 secs using 198.3% CPU
Optimizing NNI: done in 0.372706 secs using 198.1% CPU
Optimizing NNI: done in 0.387152 secs using 198% CPU
Optimizing NNI: done in 0.41595 secs using 198.2% CPU
Optimizing NNI: done in 0.612806 secs using 198.3% CPU
Optimizing NNI: done in 0.434027 secs using 198.2% CPU
Optimizing NNI: done in 0.456156 secs using 198.1% CPU
Optimizing NNI: done in 0.386406 secs using 197.2% CPU
Iteration 70 / LogL: -23954.304 / Time: 0h:0m:39s (0h:0m:17s left)
Optimizing NNI: done in 0.42656 secs using 198.2% CPU
Optimizing NNI: done in 0.428159 secs using 198.6% CPU
Optimizing NNI: done in 0.480603 secs using 198.2% CPU
Optimizing NNI: done in 0.408263 secs using 198.3% CPU
Optimizing NNI: done in 0.346294 secs using 197.8% CPU
Optimizing NNI: done in 0.442555 secs using 198.2% CPU
Optimizing NNI: done in 0.359653 secs using 197.8% CPU
Optimizing NNI: done in 0.55785 secs using 197.9% CPU
Optimizing NNI: done in 0.811125 secs using 198% CPU
Optimizing NNI: done in 0.547226 secs using 198% CPU
Iteration 80 / LogL: -23954.965 / Time: 0h:0m:44s (0h:0m:11s left)
Optimizing NNI: done in 0.403236 secs using 198.2% CPU
Optimizing NNI: done in 0.30142 secs using 198.2% CPU
Optimizing NNI: done in 0.598737 secs using 197.9% CPU
Optimizing NNI: done in 0.43539 secs using 198.3% CPU
Optimizing NNI: done in 0.301642 secs using 197% CPU
Optimizing NNI: done in 0.384652 secs using 198.4% CPU
Optimizing NNI: done in 0.535435 secs using 198.3% CPU
Optimizing NNI: done in 0.518397 secs using 198.2% CPU
Optimizing NNI: done in 0.372177 secs using 198.5% CPU
Optimizing NNI: done in 0.389149 secs using 198.7% CPU
Iteration 90 / LogL: -23954.393 / Time: 0h:0m:48s (0h:0m:5s left)
Optimizing NNI: done in 0.396178 secs using 198.7% CPU
Optimizing NNI: done in 0.319253 secs using 198.3% CPU
Optimizing NNI: done in 0.386963 secs using 198.2% CPU
Optimizing NNI: done in 0.410112 secs using 198.7% CPU
Optimizing NNI: done in 0.458378 secs using 198.7% CPU
Optimizing NNI: done in 0.37007 secs using 198.5% CPU
Optimizing NNI: done in 0.517496 secs using 198% CPU
Optimizing NNI: done in 0.346885 secs using 198.3% CPU
Optimizing NNI: done in 0.407472 secs using 198.9% CPU
Optimizing NNI: done in 0.464312 secs using 198.7% CPU
Iteration 100 / LogL: -23954.334 / Time: 0h:0m:52s (0h:0m:0s left)
Log-likelihood cutoff on original alignment: -24001.524
NOTE: Bootstrap correlation coefficient of split occurrence frequencies: 0.999
Optimizing NNI: done in 0.273552 secs using 198.5% CPU
Optimizing NNI: done in 0.65586 secs using 198.5% CPU
TREE SEARCH COMPLETED AFTER 102 ITERATIONS / Time: 0h:0m:53s

--------------------------------------------------------------------
|                    FINALIZING TREE SEARCH                        |
--------------------------------------------------------------------
Performs final model parameters optimization
Estimate model parameters (epsilon = 0.010)
1. Initial log-likelihood: -23954.298
Optimal log-likelihood: -23954.298
Site proportion and rates:  (0.146,0.015) (0.352,0.110) (0.129,0.326) (0.373,2.462)
Parameters optimization took 1 rounds (0.145 sec)
BEST SCORE FOUND : -23954.298

Testing tree branches by SH-like aLRT with 1000 replicates...
0.283 sec.
Creating bootstrap support values...
Split supports printed to NEXUS file FungalCW_tree_20231129/176748at4751.aa.mfa.splits.nex
Total tree length: 63.650

Total number of iterations: 102
CPU time used for tree search: 104.592 sec (0h:1m:44s)
Wall-clock time used for tree search: 53.023 sec (0h:0m:53s)
Total CPU time used: 106.785 sec (0h:1m:46s)
Total wall-clock time used: 54.211 sec (0h:0m:54s)

Computing bootstrap consensus tree...
Reading input file FungalCW_tree_20231129/176748at4751.aa.mfa.splits.nex...
18 taxa and 69 splits.
Consensus tree written to FungalCW_tree_20231129/176748at4751.aa.mfa.contree
Reading input trees file FungalCW_tree_20231129/176748at4751.aa.mfa.contree
Log-likelihood of consensus tree: -23954.298

Analysis results written to: 
  IQ-TREE report:                FungalCW_tree_20231129/176748at4751.aa.mfa.iqtree
  Maximum-likelihood tree:       FungalCW_tree_20231129/176748at4751.aa.mfa.treefile
  Likelihood distances:          FungalCW_tree_20231129/176748at4751.aa.mfa.mldist

Ultrafast bootstrap approximation results written to:
  Split support values:          FungalCW_tree_20231129/176748at4751.aa.mfa.splits.nex
  Consensus tree:                FungalCW_tree_20231129/176748at4751.aa.mfa.contree
  Screen log file:               FungalCW_tree_20231129/176748at4751.aa.mfa.log

Date and Time: Wed Nov 29 01:39:12 2023
