IQ-TREE multicore version 2.2.2.6 COVID-edition for Linux 64-bit built May 27 2023
Developed by Bui Quang Minh, James Barbetti, Nguyen Lam Tung,
Olga Chernomor, Heiko Schmidt, Dominik Schrempf, Michael Woodhams, Ly Trong Nhan.

Host:    i28 (AVX2, FMA3, 503 GB RAM)
Command: iqtree2 -s FungalCW_tree_20231129/191296at4751.aa.mfa -gz -B 1000 -alrt 1000 -nt 2
Seed:    575174 (Using SPRNG - Scalable Parallel Random Number Generator)
Time:    Wed Nov 29 01:31:05 2023
Kernel:  AVX+FMA - 2 threads (2 CPU cores detected)

Reading alignment file FungalCW_tree_20231129/191296at4751.aa.mfa ... Fasta format detected
Reading fasta file: done in 0.00037694 secs
Alignment most likely contains protein sequences
Constructing alignment: done in 0.0033052 secs using 73.64% CPU
Alignment has 12 sequences with 1503 columns, 1360 distinct patterns
535 parsimony-informative, 787 singleton sites, 181 constant sites
                                                      Gap/Ambiguity  Composition  p-value
Analyzing sequences: done in 6.79493e-05 secs using 198.7% CPU
   1  Basidiobolus_meristosporus_CBS_931.73.Basme2finSC.v1   58.22%    failed      0.14%
   2  Botrytis_cinerea_T4                                    57.09%    passed     72.90%
   3  Colletotrichum_graminicola_M1.001                      41.05%    passed     81.99%
   4  Colletotrichum_higginsianum_IMI_349063                 42.18%    passed     84.13%
   5  Fusarium_graminearum_PH-1                              42.32%    passed     99.43%
   6  Fusarium_verticillioides_7600                          78.31%    passed     96.56%
   7  Mortierella_elongata_AG-77                             47.77%    passed     95.24%
   8  Trichoderma_harzianum_CBS_226.95                       40.59%    passed     38.80%
   9  Umbelopsis_ramanniana_NRRL_5844.Umbra1.v1              55.09%    failed      0.47%
  10  Ustilago_maydis                                        45.91%    passed     12.03%
  11  Zoophthora_radicans_ATCC_208865                        50.57%    failed      0.97%
  12  Zymoseptoria_tritici_IP0323                            39.19%    passed     14.04%
WARNING: 5 sequences contain more than 50% gaps/ambiguity
****  TOTAL                                                  49.86%  3 sequences failed composition chi2 test (p-value<5%; df=19)
Checking for duplicate sequences: done in 0.000138044 secs using 192% CPU


Create initial parsimony tree by phylogenetic likelihood library (PLL)... 0.003 seconds
Perform fast likelihood tree search using LG+I+G model...
Estimate model parameters (epsilon = 5.000)
Perform nearest neighbor interchange...
Optimizing NNI: done in 0.470289 secs using 196.9% CPU
Estimate model parameters (epsilon = 1.000)
1. Initial log-likelihood: -22381.220
2. Current log-likelihood: -22380.102
Optimal log-likelihood: -22378.713
Proportion of invariable sites: 0.021
Gamma shape alpha: 0.778
Parameters optimization took 2 rounds (0.240 sec)
Time for fast ML tree search: 1.272 seconds

NOTE: ModelFinder requires 30 MB RAM!
ModelFinder will test up to 1232 protein models (sample size: 1503) ...
 No. Model         -LnL         df  AIC          AICc         BIC
  1  LG            23059.294    21  46160.588    46161.212    46272.208
  2  LG+I          22911.734    22  45867.467    45868.151    45984.402
  3  LG+G4         22394.020    22  44832.040    44832.724    44948.975
  4  LG+I+G4       22377.011    23  44800.022    44800.768    44922.272
  5  LG+R2         22428.263    23  44902.526    44903.273    45024.776
  6  LG+R3         22391.235    25  44832.471    44833.351    44965.351
  7  LG+R4         22368.154    27  44790.309    44791.334    44933.819
  8  LG+R5         22363.474    29  44784.948    44786.130    44939.090
 14  LG+I+R2       22387.228    24  44822.456    44823.268    44950.021
 15  LG+I+R3       22365.497    26  44782.994    44783.945    44921.190
 16  LG+I+R4       22355.032    28  44766.065    44767.166    44914.891
 17  LG+I+R5       22353.139    30  44766.278    44767.541    44925.734
 26  LG+F+I+G4     22267.447    42  44618.893    44621.367    44842.132
 37  LG+F+I+R3     22254.908    45  44599.815    44602.657    44839.000
 38  LG+F+I+R4     22243.682    47  44581.365    44584.466    44831.180
 48  WAG+I+G4      22464.510    23  44975.020    44975.767    45097.270
 59  WAG+I+R3      22442.090    26  44936.180    44937.131    45074.375
 60  WAG+I+R4      22439.722    28  44935.443    44936.545    45084.270
 70  WAG+F+I+G4    22267.320    42  44618.640    44621.114    44841.880
 81  WAG+F+I+R3    22243.597    45  44577.193    44580.035    44816.378
 82  WAG+F+I+R4    22240.522    47  44575.043    44578.144    44824.858
 92  JTT+I+G4      22450.485    23  44946.970    44947.716    45069.220
103  JTT+I+R3      22428.147    26  44908.295    44909.246    45046.491
104  JTT+I+R4      22423.990    28  44903.979    44905.081    45052.805
114  JTT+F+I+G4    22290.099    42  44664.197    44666.671    44887.437
125  JTT+F+I+R3    22269.852    45  44629.704    44632.545    44868.888
126  JTT+F+I+R4    22266.172    47  44626.344    44629.445    44876.159
WARNING: Normalizing state frequencies so that sum of them equals to 1
136  Q.pfam+I+G4   22339.180    23  44724.359    44725.106    44846.609
WARNING: Normalizing state frequencies so that sum of them equals to 1
147  Q.pfam+I+R3   22318.219    26  44688.438    44689.389    44826.633
WARNING: Normalizing state frequencies so that sum of them equals to 1
148  Q.pfam+I+R4   22312.049    28  44680.098    44681.200    44828.925
WARNING: Normalizing state frequencies so that sum of them equals to 1
158  Q.pfam+F+I+G4 22262.694    42  44609.387    44611.861    44832.626
WARNING: Normalizing state frequencies so that sum of them equals to 1
169  Q.pfam+F+I+R3 22242.487    45  44574.975    44577.816    44814.159
WARNING: Normalizing state frequencies so that sum of them equals to 1
170  Q.pfam+F+I+R4 22236.221    47  44566.443    44569.544    44816.258
WARNING: Normalizing state frequencies so that sum of them equals to 1
180  Q.bird+I+G4   22528.920    23  45103.840    45104.587    45226.090
WARNING: Normalizing state frequencies so that sum of them equals to 1
191  Q.bird+I+R3   22514.103    26  45080.206    45081.157    45218.401
WARNING: Normalizing state frequencies so that sum of them equals to 1
192  Q.bird+I+R4   22507.335    28  45070.670    45071.772    45219.497
WARNING: Normalizing state frequencies so that sum of them equals to 1
202  Q.bird+F+I+G4 22383.384    42  44850.769    44853.243    45074.008
WARNING: Normalizing state frequencies so that sum of them equals to 1
213  Q.bird+F+I+R3 22372.976    45  44835.953    44838.794    45075.138
WARNING: Normalizing state frequencies so that sum of them equals to 1
214  Q.bird+F+I+R4 22364.144    47  44822.288    44825.389    45072.103
WARNING: Normalizing state frequencies so that sum of them equals to 1
224  Q.mammal+I+G4 22493.079    23  45032.157    45032.904    45154.408
WARNING: Normalizing state frequencies so that sum of them equals to 1
235  Q.mammal+I+R3 22479.296    26  45010.593    45011.544    45148.788
WARNING: Normalizing state frequencies so that sum of them equals to 1
236  Q.mammal+I+R4 22473.503    28  45003.005    45004.107    45151.832
WARNING: Normalizing state frequencies so that sum of them equals to 1
246  Q.mammal+F+I+G4 22341.877    42  44767.754    44770.228    44990.994
WARNING: Normalizing state frequencies so that sum of them equals to 1
257  Q.mammal+F+I+R3 22329.655    45  44749.310    44752.151    44988.494
WARNING: Normalizing state frequencies so that sum of them equals to 1
258  Q.mammal+F+I+R4 22324.392    47  44742.785    44745.886    44992.600
268  Q.insect+I+G4 22499.790    23  45045.580    45046.327    45167.830
279  Q.insect+I+R3 22480.289    26  45012.577    45013.528    45150.773
280  Q.insect+I+R4 22475.115    28  45006.231    45007.332    45155.057
290  Q.insect+F+I+G4 22281.135    42  44646.269    44648.743    44869.508
301  Q.insect+F+I+R3 22261.976    45  44613.952    44616.793    44853.137
302  Q.insect+F+I+R4 22256.769    47  44607.538    44610.639    44857.353
WARNING: Normalizing state frequencies so that sum of them equals to 1
312  Q.plant+I+G4  22475.347    23  44996.694    44997.441    45118.944
WARNING: Normalizing state frequencies so that sum of them equals to 1
323  Q.plant+I+R3  22460.605    26  44973.210    44974.161    45111.406
WARNING: Normalizing state frequencies so that sum of them equals to 1
324  Q.plant+I+R4  22449.526    28  44955.051    44956.153    45103.877
WARNING: Normalizing state frequencies so that sum of them equals to 1
334  Q.plant+F+I+G4 22331.569    42  44747.137    44749.611    44970.376
WARNING: Normalizing state frequencies so that sum of them equals to 1
345  Q.plant+F+I+R3 22318.788    45  44727.577    44730.418    44966.762
WARNING: Normalizing state frequencies so that sum of them equals to 1
346  Q.plant+F+I+R4 22308.321    47  44710.642    44713.743    44960.457
WARNING: Normalizing state frequencies so that sum of them equals to 1
356  Q.yeast+I+G4  22541.655    23  45129.310    45130.056    45251.560
WARNING: Normalizing state frequencies so that sum of them equals to 1
367  Q.yeast+I+R3  22520.757    26  45093.515    45094.466    45231.710
WARNING: Normalizing state frequencies so that sum of them equals to 1
368  Q.yeast+I+R4  22510.893    28  45077.786    45078.888    45226.612
WARNING: Normalizing state frequencies so that sum of them equals to 1
378  Q.yeast+F+I+G4 22282.190    42  44648.379    44650.853    44871.618
WARNING: Normalizing state frequencies so that sum of them equals to 1
389  Q.yeast+F+I+R3 22261.466    45  44612.932    44615.773    44852.117
WARNING: Normalizing state frequencies so that sum of them equals to 1
390  Q.yeast+F+I+R4 22252.964    47  44599.929    44603.030    44849.744
400  JTTDCMut+I+G4 22457.674    23  44961.347    44962.093    45083.597
411  JTTDCMut+I+R3 22434.376    26  44920.752    44921.703    45058.947
412  JTTDCMut+I+R4 22430.891    28  44917.782    44918.884    45066.608
422  JTTDCMut+F+I+G4 22290.831    42  44665.662    44668.136    44888.901
433  JTTDCMut+F+I+R3 22269.807    45  44629.613    44632.455    44868.798
434  JTTDCMut+F+I+R4 22266.743    47  44627.485    44630.586    44877.301
444  DCMut+I+G4    22712.871    23  45471.743    45472.489    45593.993
455  DCMut+I+R3    22692.504    26  45437.008    45437.959    45575.203
456  DCMut+I+R4    22687.307    28  45430.613    45431.715    45579.440
466  DCMut+F+I+G4  22320.314    42  44724.629    44727.103    44947.868
477  DCMut+F+I+R3  22302.888    45  44695.776    44698.617    44934.961
478  DCMut+F+I+R4  22296.731    47  44687.461    44690.562    44937.277
488  VT+I+G4       22364.670    23  44775.340    44776.087    44897.590
499  VT+I+R3       22342.948    26  44737.896    44738.847    44876.091
500  VT+I+R4       22342.463    28  44740.925    44742.027    44889.751
510  VT+F+I+G4     22250.126    42  44584.251    44586.725    44807.491
521  VT+F+I+R3     22228.024    45  44546.048    44548.890    44785.233
522  VT+F+I+R4     22228.413    47  44550.825    44553.926    44800.641
532  PMB+I+G4      22493.645    23  45033.290    45034.037    45155.540
543  PMB+I+R3      22480.766    26  45013.531    45014.482    45151.727
544  PMB+I+R4      22480.802    28  45017.604    45018.705    45166.430
554  PMB+F+I+G4    22269.437    42  44622.874    44625.348    44846.113
565  PMB+F+I+R3    22250.306    45  44590.613    44593.454    44829.797
566  PMB+F+I+R4    22250.582    47  44595.163    44598.264    44844.978
576  Blosum62+I+G4 22500.028    23  45046.056    45046.802    45168.306
587  Blosum62+I+R3 22483.326    26  45018.652    45019.603    45156.848
588  Blosum62+I+R4 22483.373    28  45022.745    45023.847    45171.572
598  Blosum62+F+I+G4 22269.946    42  44623.892    44626.366    44847.131
609  Blosum62+F+I+R3 22249.729    45  44589.458    44592.300    44828.643
610  Blosum62+F+I+R4 22250.543    47  44595.087    44598.188    44844.902
620  Dayhoff+I+G4  22713.469    23  45472.939    45473.685    45595.189
631  Dayhoff+I+R3  22693.693    26  45439.385    45440.337    45577.581
632  Dayhoff+I+R4  22687.428    28  45430.855    45431.957    45579.681
642  Dayhoff+F+I+G4 22320.911    42  44725.821    44728.295    44949.060
653  Dayhoff+F+I+R3 22304.423    45  44698.846    44701.687    44938.030
654  Dayhoff+F+I+R4 22297.387    47  44688.773    44691.874    44938.588
664  mtREV+I+G4    23625.177    23  47296.354    47297.100    47418.604
675  mtREV+I+R3    23617.968    26  47287.935    47288.886    47426.131
676  mtREV+I+R4    23607.497    28  47270.993    47272.095    47419.819
686  mtREV+F+I+G4  22351.343    42  44786.686    44789.160    45009.925
697  mtREV+F+I+R3  22341.608    45  44773.216    44776.058    45012.401
698  mtREV+F+I+R4  22323.390    47  44740.780    44743.881    44990.595
708  mtART+I+G4    23898.279    23  47842.558    47843.304    47964.808
719  mtART+I+R3    23880.212    26  47812.425    47813.376    47950.620
720  mtART+I+R4    23860.017    28  47776.035    47777.136    47924.861
730  mtART+F+I+G4  22454.505    42  44993.009    44995.483    45216.249
741  mtART+F+I+R3  22465.829    45  45021.658    45024.499    45260.842
742  mtART+F+I+R4  22413.578    47  44921.156    44924.257    45170.971
752  mtZOA+I+G4    23548.295    23  47142.590    47143.336    47264.840
763  mtZOA+I+R3    23535.841    26  47123.681    47124.632    47261.877
764  mtZOA+I+R4    23521.840    28  47099.681    47100.782    47248.507
774  mtZOA+F+I+G4  22371.805    42  44827.610    44830.084    45050.850
785  mtZOA+F+I+R3  22372.331    45  44834.663    44837.504    45073.847
786  mtZOA+F+I+R4  22336.671    47  44767.342    44770.443    45017.157
796  mtMet+I+G4    23920.426    23  47886.851    47887.598    48009.101
807  mtMet+I+R3    23911.227    26  47874.454    47875.405    48012.650
808  mtMet+I+R4    23897.680    28  47851.360    47852.462    48000.186
818  mtMet+F+I+G4  22347.411    42  44778.823    44781.297    45002.062
829  mtMet+F+I+R3  22338.267    45  44766.535    44769.376    45005.719
830  mtMet+F+I+R4  22318.646    47  44731.292    44734.393    44981.107
840  mtVer+I+G4    23869.474    23  47784.948    47785.694    47907.198
851  mtVer+I+R3    23856.544    26  47765.087    47766.038    47903.283
852  mtVer+I+R4    23840.631    28  47737.263    47738.364    47886.089
862  mtVer+F+I+G4  22444.495    42  44972.990    44975.464    45196.229
873  mtVer+F+I+R3  22428.587    45  44947.175    44950.016    45186.359
874  mtVer+F+I+R4  22410.397    47  44914.795    44917.896    45164.610
884  mtInv+I+G4    24262.456    23  48570.911    48571.658    48693.161
895  mtInv+I+R3    24252.281    26  48556.561    48557.512    48694.757
896  mtInv+I+R4    24239.136    28  48534.271    48535.373    48683.097
906  mtInv+F+I+G4  22309.532    42  44703.065    44705.539    44926.304
917  mtInv+F+I+R3  22297.456    45  44684.912    44687.753    44924.097
918  mtInv+F+I+R4  22283.927    47  44661.854    44664.955    44911.669
928  mtMAM+I+G4    23815.551    23  47677.101    47677.848    47799.351
939  mtMAM+I+R3    23800.814    26  47653.628    47654.580    47791.824
940  mtMAM+I+R4    23780.644    28  47617.288    47618.390    47766.114
950  mtMAM+F+I+G4  22491.035    42  45066.069    45068.543    45289.309
961  mtMAM+F+I+R3  22490.470    45  45070.939    45073.781    45310.124
962  mtMAM+F+I+R4  22443.234    47  44980.469    44983.570    45230.284
WARNING: Normalizing state frequencies so that sum of them equals to 1
972  FLAVI+I+G4    22933.740    23  45913.479    45914.226    46035.730
WARNING: Normalizing state frequencies so that sum of them equals to 1
983  FLAVI+I+R3    22919.048    26  45890.096    45891.047    46028.292
WARNING: Normalizing state frequencies so that sum of them equals to 1
984  FLAVI+I+R4    22903.505    28  45863.011    45864.113    46011.837
WARNING: Normalizing state frequencies so that sum of them equals to 1
994  FLAVI+F+I+G4  22535.648    42  45155.295    45157.769    45378.535
WARNING: Normalizing state frequencies so that sum of them equals to 1
1005  FLAVI+F+I+R3  22526.895    45  45143.791    45146.632    45382.975
WARNING: Normalizing state frequencies so that sum of them equals to 1
1006  FLAVI+F+I+R4  22509.393    47  45112.786    45115.887    45362.601
1016  HIVb+I+G4     22671.589    23  45389.177    45389.924    45511.427
1027  HIVb+I+R3     22658.862    26  45369.724    45370.675    45507.919
1028  HIVb+I+R4     22649.593    28  45355.187    45356.288    45504.013
1038  HIVb+F+I+G4   22413.254    42  44910.508    44912.982    45133.747
1049  HIVb+F+I+R3   22401.617    45  44893.234    44896.076    45132.419
1050  HIVb+F+I+R4   22392.790    47  44879.580    44882.681    45129.395
1060  HIVw+I+G4     23431.010    23  46908.019    46908.766    47030.269
1071  HIVw+I+R3     23415.097    26  46882.194    46883.146    47020.390
1072  HIVw+I+R4     23400.891    28  46857.783    46858.885    47006.609
1082  HIVw+F+I+G4   22565.318    42  45214.637    45217.111    45437.876
1093  HIVw+F+I+R3   22553.584    45  45197.168    45200.010    45436.353
1094  HIVw+F+I+R4   22541.195    47  45176.390    45179.491    45426.205
1104  FLU+I+G4      22855.293    23  45756.586    45757.333    45878.836
1115  FLU+I+R3      22840.109    26  45732.218    45733.169    45870.413
1116  FLU+I+R4      22830.737    28  45717.474    45718.576    45866.300
1126  FLU+F+I+G4    22397.899    42  44879.799    44882.273    45103.038
1137  FLU+F+I+R3    22385.184    45  44860.369    44863.210    45099.554
1138  FLU+F+I+R4    22374.998    47  44843.996    44847.098    45093.812
1148  rtREV+I+G4    22620.636    23  45287.272    45288.019    45409.522
1159  rtREV+I+R3    22600.146    26  45252.292    45253.243    45390.487
1160  rtREV+I+R4    22595.027    28  45246.054    45247.155    45394.880
1170  rtREV+F+I+G4  22279.354    42  44642.708    44645.182    44865.948
1181  rtREV+F+I+R3  22260.641    45  44611.282    44614.123    44850.466
1182  rtREV+F+I+R4  22254.728    47  44603.457    44606.558    44853.272
1192  cpREV+I+G4    22556.000    23  45158.000    45158.747    45280.250
1203  cpREV+I+R3    22534.697    26  45121.394    45122.346    45259.590
1204  cpREV+I+R4    22530.286    28  45116.572    45117.674    45265.398
1214  cpREV+F+I+G4  22298.945    42  44681.889    44684.363    44905.129
1225  cpREV+F+I+R3  22282.221    45  44654.442    44657.284    44893.627
1226  cpREV+F+I+R4  22276.027    47  44646.054    44649.155    44895.869
Akaike Information Criterion:           VT+F+I+R3
Corrected Akaike Information Criterion: VT+F+I+R3
Bayesian Information Criterion:         VT+F+I+R3
Best-fit model: VT+F+I+R3 chosen according to BIC

All model information printed to FungalCW_tree_20231129/191296at4751.aa.mfa.model.gz
CPU time for ModelFinder: 501.885 seconds (0h:8m:21s)
Wall-clock time for ModelFinder: 254.723 seconds (0h:4m:14s)
Generating 1000 samples for ultrafast bootstrap (seed: 575174)...

NOTE: 12 MB RAM (0 GB) is required!
Estimate model parameters (epsilon = 0.100)
1. Initial log-likelihood: -22228.024
Optimal log-likelihood: -22227.940
Proportion of invariable sites: 0.019
Site proportion and rates:  (0.191,0.092) (0.252,0.212) (0.539,1.724)
Parameters optimization took 1 rounds (0.145 sec)
Wrote distance file to... 
Computing ML distances based on estimated model parameters...
Calculating distance matrix: done in 0.0331891 secs using 197% CPU
Computing ML distances took 0.033554 sec (of wall-clock time) 0.066071 sec (of CPU time)
WARNING: Some pairwise ML distances are too long (saturated)
Setting up auxiliary I and S matrices: done in 5.4121e-05 secs using 205.1% CPU
Constructing RapidNJ tree: done in 0.00018096 secs using 200% CPU
Computing RapidNJ tree took 0.000334 sec (of wall-clock time) 0.000664 sec (of CPU time)
Log-likelihood of RapidNJ tree: -22253.365
--------------------------------------------------------------------
|             INITIALIZING CANDIDATE TREE SET                      |
--------------------------------------------------------------------
Generating 98 parsimony trees... 0.466 second
Computing log-likelihood of 96 initial trees ... 2.247 seconds
Current best score: -22227.940

Do NNI search on 20 best initial trees
Optimizing NNI: done in 0.100235 secs using 198.4% CPU
Estimate model parameters (epsilon = 0.100)
BETTER TREE FOUND at iteration 1: -22227.870
Optimizing NNI: done in 0.70852 secs using 192.9% CPU
Optimizing NNI: done in 0.491421 secs using 196.2% CPU
Optimizing NNI: done in 0.721462 secs using 197.8% CPU
Optimizing NNI: done in 0.712622 secs using 196.8% CPU
Optimizing NNI: done in 0.508174 secs using 197.8% CPU
Optimizing NNI: done in 0.402769 secs using 197.9% CPU
Optimizing NNI: done in 0.484197 secs using 197.8% CPU
Optimizing NNI: done in 0.569703 secs using 197.5% CPU
Optimizing NNI: done in 0.308294 secs using 197.8% CPU
Iteration 10 / LogL: -22230.444 / Time: 0h:0m:8s
Optimizing NNI: done in 1.05788 secs using 197.5% CPU
Optimizing NNI: done in 0.300188 secs using 197.9% CPU
Optimizing NNI: done in 0.295067 secs using 197.8% CPU
Optimizing NNI: done in 0.416809 secs using 197.6% CPU
Optimizing NNI: done in 0.526234 secs using 197.1% CPU
Optimizing NNI: done in 0.340146 secs using 198% CPU
Optimizing NNI: done in 0.392866 secs using 197.7% CPU
Optimizing NNI: done in 0.574538 secs using 197.2% CPU
Optimizing NNI: done in 0.459953 secs using 197% CPU
Optimizing NNI: done in 0.402954 secs using 197.3% CPU
Iteration 20 / LogL: -22229.979 / Time: 0h:0m:13s
Finish initializing candidate tree set (3)
Current best tree score: -22227.870 / CPU time: 12.737
Number of iterations: 20
--------------------------------------------------------------------
|               OPTIMIZING CANDIDATE TREE SET                      |
--------------------------------------------------------------------
Optimizing NNI: done in 0.574631 secs using 193.3% CPU
Optimizing NNI: done in 0.576252 secs using 197.4% CPU
Optimizing NNI: done in 0.60516 secs using 197.1% CPU
Optimizing NNI: done in 0.344358 secs using 197% CPU
Optimizing NNI: done in 0.658067 secs using 197.2% CPU
Optimizing NNI: done in 0.387159 secs using 197.2% CPU
Optimizing NNI: done in 0.568333 secs using 197.4% CPU
Optimizing NNI: done in 0.238287 secs using 197.5% CPU
Optimizing NNI: done in 0.358158 secs using 195.2% CPU
Optimizing NNI: done in 0.286943 secs using 197.6% CPU
Iteration 30 / LogL: -22228.095 / Time: 0h:0m:18s (0h:0m:44s left)
Optimizing NNI: done in 0.389887 secs using 197.5% CPU
Optimizing NNI: done in 0.52499 secs using 197.1% CPU
Optimizing NNI: done in 0.403891 secs using 197.4% CPU
Optimizing NNI: done in 0.37034 secs using 197.8% CPU
Optimizing NNI: done in 0.287723 secs using 197.6% CPU
Optimizing NNI: done in 0.276337 secs using 197.8% CPU
Optimizing NNI: done in 0.306724 secs using 197.4% CPU
Optimizing NNI: done in 0.527677 secs using 197.7% CPU
Optimizing NNI: done in 0.315936 secs using 196.6% CPU
Optimizing NNI: done in 0.373317 secs using 197.5% CPU
Iteration 40 / LogL: -22228.772 / Time: 0h:0m:22s (0h:0m:34s left)
Optimizing NNI: done in 0.353162 secs using 198% CPU
Optimizing NNI: done in 0.616744 secs using 197.1% CPU
Optimizing NNI: done in 0.69646 secs using 197.6% CPU
Optimizing NNI: done in 0.570743 secs using 197% CPU
Optimizing NNI: done in 0.444377 secs using 194.4% CPU
Optimizing NNI: done in 0.372605 secs using 197.6% CPU
Optimizing NNI: done in 0.569811 secs using 197.1% CPU
Optimizing NNI: done in 0.704513 secs using 196.9% CPU
Optimizing NNI: done in 0.257819 secs using 197.6% CPU
Optimizing NNI: done in 0.273266 secs using 197.5% CPU
Iteration 50 / LogL: -22228.048 / Time: 0h:0m:27s (0h:0m:28s left)
Log-likelihood cutoff on original alignment: -22252.638
Optimizing NNI: done in 0.371935 secs using 197.9% CPU
Optimizing NNI: done in 0.481156 secs using 197.5% CPU
Optimizing NNI: done in 0.587802 secs using 197.6% CPU
Optimizing NNI: done in 0.473481 secs using 196.6% CPU
Optimizing NNI: done in 0.47295 secs using 198% CPU
Optimizing NNI: done in 0.251234 secs using 196.8% CPU
Optimizing NNI: done in 0.671476 secs using 197.5% CPU
Optimizing NNI: done in 0.497186 secs using 197.3% CPU
Optimizing NNI: done in 0.637341 secs using 197.2% CPU
Optimizing NNI: done in 0.203044 secs using 196.9% CPU
Iteration 60 / LogL: -22230.411 / Time: 0h:0m:32s (0h:0m:22s left)
Optimizing NNI: done in 0.344559 secs using 197.2% CPU
Optimizing NNI: done in 0.704422 secs using 197.8% CPU
Optimizing NNI: done in 0.448977 secs using 197.5% CPU
Optimizing NNI: done in 0.478467 secs using 197.4% CPU
Optimizing NNI: done in 0.459457 secs using 197.7% CPU
Optimizing NNI: done in 0.496293 secs using 197.6% CPU
Optimizing NNI: done in 0.53091 secs using 197.3% CPU
Optimizing NNI: done in 0.537878 secs using 197.5% CPU
Optimizing NNI: done in 0.28376 secs using 197.9% CPU
Optimizing NNI: done in 0.532021 secs using 197.4% CPU
Iteration 70 / LogL: -22228.258 / Time: 0h:0m:36s (0h:0m:16s left)
Optimizing NNI: done in 0.399676 secs using 198.1% CPU
Optimizing NNI: done in 0.434671 secs using 197.7% CPU
Optimizing NNI: done in 0.207767 secs using 197.9% CPU
Optimizing NNI: done in 0.428376 secs using 197.2% CPU
Optimizing NNI: done in 0.619152 secs using 198% CPU
Optimizing NNI: done in 0.467936 secs using 197.9% CPU
Optimizing NNI: done in 0.465696 secs using 197.2% CPU
Optimizing NNI: done in 0.55858 secs using 198% CPU
Optimizing NNI: done in 0.263851 secs using 198.3% CPU
Optimizing NNI: done in 0.630238 secs using 198% CPU
Iteration 80 / LogL: -22228.513 / Time: 0h:0m:41s (0h:0m:11s left)
Optimizing NNI: done in 0.670163 secs using 197.3% CPU
Optimizing NNI: done in 0.26692 secs using 198.3% CPU
Optimizing NNI: done in 0.281706 secs using 197.3% CPU
Optimizing NNI: done in 0.649383 secs using 197.5% CPU
Optimizing NNI: done in 0.250841 secs using 197.9% CPU
Optimizing NNI: done in 0.373469 secs using 196.6% CPU
Optimizing NNI: done in 0.266978 secs using 196.9% CPU
Optimizing NNI: done in 0.415202 secs using 197.8% CPU
Optimizing NNI: done in 0.589688 secs using 198.2% CPU
Optimizing NNI: done in 0.524932 secs using 198% CPU
Iteration 90 / LogL: -22228.798 / Time: 0h:0m:45s (0h:0m:5s left)
Optimizing NNI: done in 0.399191 secs using 197.9% CPU
Optimizing NNI: done in 0.466837 secs using 197.9% CPU
Optimizing NNI: done in 0.428492 secs using 196.9% CPU
Optimizing NNI: done in 0.406484 secs using 197.8% CPU
Optimizing NNI: done in 0.437276 secs using 198.1% CPU
Optimizing NNI: done in 0.306171 secs using 198% CPU
Optimizing NNI: done in 0.183627 secs using 197.6% CPU
Optimizing NNI: done in 0.283355 secs using 198% CPU
Optimizing NNI: done in 0.195644 secs using 196.9% CPU
Optimizing NNI: done in 0.190032 secs using 198.6% CPU
Iteration 100 / LogL: -22228.932 / Time: 0h:0m:49s (0h:0m:0s left)
Log-likelihood cutoff on original alignment: -22252.549
NOTE: Bootstrap correlation coefficient of split occurrence frequencies: 0.999
Optimizing NNI: done in 0.193597 secs using 198% CPU
Optimizing NNI: done in 0.270111 secs using 198.1% CPU
TREE SEARCH COMPLETED AFTER 102 ITERATIONS / Time: 0h:0m:49s

--------------------------------------------------------------------
|                    FINALIZING TREE SEARCH                        |
--------------------------------------------------------------------
Performs final model parameters optimization
Estimate model parameters (epsilon = 0.010)
1. Initial log-likelihood: -22227.870
2. Current log-likelihood: -22227.822
3. Current log-likelihood: -22227.768
4. Current log-likelihood: -22227.721
5. Current log-likelihood: -22227.679
6. Current log-likelihood: -22227.647
7. Current log-likelihood: -22227.612
8. Current log-likelihood: -22227.586
9. Current log-likelihood: -22227.562
10. Current log-likelihood: -22227.539
11. Current log-likelihood: -22227.519
12. Current log-likelihood: -22227.500
13. Current log-likelihood: -22227.484
14. Current log-likelihood: -22227.469
15. Current log-likelihood: -22227.455
16. Current log-likelihood: -22227.444
Optimal log-likelihood: -22227.434
Proportion of invariable sites: 0.018
Site proportion and rates:  (0.160,0.085) (0.282,0.201) (0.540,1.723)
Parameters optimization took 16 rounds (2.080 sec)
BEST SCORE FOUND : -22227.434

Testing tree branches by SH-like aLRT with 1000 replicates...
0.253 sec.
Creating bootstrap support values...
Split supports printed to NEXUS file FungalCW_tree_20231129/191296at4751.aa.mfa.splits.nex
Total tree length: 59.389

Total number of iterations: 102
CPU time used for tree search: 96.867 sec (0h:1m:36s)
Wall-clock time used for tree search: 49.167 sec (0h:0m:49s)
Total CPU time used: 102.981 sec (0h:1m:42s)
Total wall-clock time used: 52.409 sec (0h:0m:52s)

Computing bootstrap consensus tree...
Reading input file FungalCW_tree_20231129/191296at4751.aa.mfa.splits.nex...
12 taxa and 71 splits.
Consensus tree written to FungalCW_tree_20231129/191296at4751.aa.mfa.contree
Reading input trees file FungalCW_tree_20231129/191296at4751.aa.mfa.contree
Log-likelihood of consensus tree: -22227.597

Analysis results written to: 
  IQ-TREE report:                FungalCW_tree_20231129/191296at4751.aa.mfa.iqtree
  Maximum-likelihood tree:       FungalCW_tree_20231129/191296at4751.aa.mfa.treefile
  Likelihood distances:          FungalCW_tree_20231129/191296at4751.aa.mfa.mldist

Ultrafast bootstrap approximation results written to:
  Split support values:          FungalCW_tree_20231129/191296at4751.aa.mfa.splits.nex
  Consensus tree:                FungalCW_tree_20231129/191296at4751.aa.mfa.contree
  Screen log file:               FungalCW_tree_20231129/191296at4751.aa.mfa.log

Date and Time: Wed Nov 29 01:36:13 2023
