IQ-TREE multicore version 2.2.2.6 COVID-edition for Linux 64-bit built May 27 2023
Developed by Bui Quang Minh, James Barbetti, Nguyen Lam Tung,
Olga Chernomor, Heiko Schmidt, Dominik Schrempf, Michael Woodhams, Ly Trong Nhan.

Host:    i31 (AVX2, FMA3, 503 GB RAM)
Command: iqtree2 -s FungalCW_tree_20231129/196841at4751.aa.mfa -gz -B 1000 -alrt 1000 -nt 2
Seed:    606068 (Using SPRNG - Scalable Parallel Random Number Generator)
Time:    Wed Nov 29 01:31:05 2023
Kernel:  AVX+FMA - 2 threads (2 CPU cores detected)

Reading alignment file FungalCW_tree_20231129/196841at4751.aa.mfa ... Fasta format detected
Reading fasta file: done in 0.00030899 secs using 91.59% CPU
Alignment most likely contains protein sequences
Constructing alignment: done in 0.0015142 secs using 74.36% CPU
Alignment has 17 sequences with 700 columns, 543 distinct patterns
301 parsimony-informative, 141 singleton sites, 258 constant sites
                                                               Gap/Ambiguity  Composition  p-value
Analyzing sequences: done in 3.09944e-05 secs using 100% CPU
   1  Basidiobolus_meristosporus_CBS_931.73.Basme2finSC.v1            18.43%    passed     98.29%
   2  Botrytis_cinerea_T4                                             30.14%    passed     92.33%
   3  Capillidium_pumilum_ARSEF_79                                    55.57%    passed     97.50%
   4  Colletotrichum_graminicola_M1.001                               18.00%    passed     99.99%
   5  Colletotrichum_higginsianum_IMI_349063                          18.00%    passed     99.98%
   6  Fusarium_graminearum_PH-1                                       18.00%    passed     94.04%
   7  Fusarium_verticillioides_7600                                   18.00%    passed     94.74%
   8  Gilbertella_persicaria_var_persicaria_CBS_190.32-T.Gilper1.v1   18.00%    passed    100.00%
   9  Mortierella_elongata_AG-77                                      18.00%    passed     90.03%
  10  Mucor_mucedo_NRRL_3635                                          19.57%    passed     99.99%
  11  Neoconidiobolus_thromboides_FSU_785.Conth1.v1                   24.71%    passed     27.45%
  12  Phycomyces_blakesleeanus_NRRL_1555.Phybl2.v2                    18.00%    passed     99.96%
  13  Rhizopus_stolonifer_NRRL_66455                                  18.00%    passed     98.32%
  14  Trichoderma_harzianum_CBS_226.95                                18.00%    passed     99.18%
  15  Umbelopsis_ramanniana_NRRL_5844.Umbra1.v1                       18.00%    passed     99.66%
  16  Ustilago_maydis                                                 19.57%    passed     72.08%
  17  Zymoseptoria_tritici_IP0323                                     18.71%    passed     98.27%
WARNING: 1 sequences contain more than 50% gaps/ambiguity
****  TOTAL                                                           21.57%  0 sequences failed composition chi2 test (p-value<5%; df=19)
Checking for duplicate sequences: done in 8.60691e-05 secs using 81.33% CPU


Create initial parsimony tree by phylogenetic likelihood library (PLL)... 0.004 seconds
Perform fast likelihood tree search using LG+I+G model...
Estimate model parameters (epsilon = 5.000)
Perform nearest neighbor interchange...
Optimizing NNI: done in 0.158387 secs using 198.3% CPU
Estimate model parameters (epsilon = 1.000)
1. Initial log-likelihood: -9430.602
Optimal log-likelihood: -9430.468
Proportion of invariable sites: 0.157
Gamma shape alpha: 0.511
Parameters optimization took 1 rounds (0.104 sec)
Time for fast ML tree search: 0.593 seconds

NOTE: ModelFinder requires 16 MB RAM!
ModelFinder will test up to 1232 protein models (sample size: 700) ...
 No. Model         -LnL         df  AIC          AICc         BIC
  1  LG            10153.869    31  20369.738    20372.708    20510.822
  2  LG+I          9733.386     32  19530.771    19533.938    19676.406
  3  LG+G4         9432.917     32  18929.833    18933.000    19075.468
  4  LG+I+G4       9430.325     33  18926.650    18930.019    19076.836
  5  LG+R2         9557.595     33  19181.191    19184.560    19331.376
  6  LG+R3         9421.691     35  18913.383    18917.178    19072.671
  7  LG+R4         9414.166     37  18902.332    18906.580    19070.722
  8  LG+R5         9413.734     39  18905.468    18910.195    19082.960
 14  LG+I+R2       9450.459     34  18968.917    18972.496    19123.654
 15  LG+I+R3       9413.916     36  18899.831    18903.849    19063.670
 16  LG+I+R4       9413.324     38  18902.649    18907.133    19075.590
 28  LG+F+R3       9424.579     54  18957.158    18966.367    19202.916
 29  LG+F+R4       9417.486     56  18946.972    18956.900    19201.832
 37  LG+F+I+R3     9417.262     55  18944.524    18954.089    19194.834
 50  WAG+R3        9429.653     35  18929.306    18933.102    19088.594
 51  WAG+R4        9425.926     37  18925.853    18930.100    19094.243
 59  WAG+I+R3      9425.191     36  18922.382    18926.400    19086.221
 72  WAG+F+R3      9421.692     54  18951.384    18960.593    19197.142
 73  WAG+F+R4      9417.902     56  18947.805    18957.733    19202.665
 81  WAG+F+I+R3    9417.327     55  18944.654    18954.219    19194.963
 94  JTT+R3        9508.819     35  19087.638    19091.433    19246.926
 95  JTT+R4        9503.992     37  19081.984    19086.231    19250.374
103  JTT+I+R3      9503.908     36  19079.815    19083.834    19243.654
116  JTT+F+R3      9505.461     54  19118.922    19128.131    19364.680
117  JTT+F+R4      9500.944     56  19113.889    19123.817    19368.749
125  JTT+F+I+R3    9500.829     55  19111.658    19121.223    19361.968
WARNING: Normalizing state frequencies so that sum of them equals to 1
138  Q.pfam+R3     9427.423     35  18924.846    18928.641    19084.133
WARNING: Normalizing state frequencies so that sum of them equals to 1
139  Q.pfam+R4     9419.112     37  18912.224    18916.472    19080.614
WARNING: Normalizing state frequencies so that sum of them equals to 1
147  Q.pfam+I+R3   9418.646     36  18909.291    18913.309    19073.130
WARNING: Normalizing state frequencies so that sum of them equals to 1
160  Q.pfam+F+R3   9434.723     54  18977.445    18986.654    19223.203
WARNING: Normalizing state frequencies so that sum of them equals to 1
161  Q.pfam+F+R4   9426.779     56  18965.558    18975.486    19220.418
WARNING: Normalizing state frequencies so that sum of them equals to 1
169  Q.pfam+F+I+R3 9426.138     55  18962.276    18971.841    19212.585
WARNING: Normalizing state frequencies so that sum of them equals to 1
182  Q.bird+R3     9734.714     35  19539.429    19543.224    19698.717
WARNING: Normalizing state frequencies so that sum of them equals to 1
183  Q.bird+R4     9721.558     37  19517.116    19521.364    19685.506
WARNING: Normalizing state frequencies so that sum of them equals to 1
191  Q.bird+I+R3   9726.269     36  19524.537    19528.556    19688.376
WARNING: Normalizing state frequencies so that sum of them equals to 1
204  Q.bird+F+R3   9728.803     54  19565.607    19574.816    19811.365
WARNING: Normalizing state frequencies so that sum of them equals to 1
205  Q.bird+F+R4   9714.381     56  19540.762    19550.690    19795.622
WARNING: Normalizing state frequencies so that sum of them equals to 1
213  Q.bird+F+I+R3 9719.429     55  19548.859    19558.424    19799.168
WARNING: Normalizing state frequencies so that sum of them equals to 1
226  Q.mammal+R3   9666.615     35  19403.229    19407.025    19562.517
WARNING: Normalizing state frequencies so that sum of them equals to 1
227  Q.mammal+R4   9656.794     37  19387.587    19391.835    19555.977
WARNING: Normalizing state frequencies so that sum of them equals to 1
235  Q.mammal+I+R3 9658.422     36  19388.844    19392.862    19552.683
WARNING: Normalizing state frequencies so that sum of them equals to 1
248  Q.mammal+F+R3 9653.912     54  19415.824    19425.034    19661.583
WARNING: Normalizing state frequencies so that sum of them equals to 1
249  Q.mammal+F+R4 9643.027     56  19398.053    19407.982    19652.914
WARNING: Normalizing state frequencies so that sum of them equals to 1
257  Q.mammal+F+I+R3 9645.119     55  19400.239    19409.804    19650.548
270  Q.insect+R3   9471.022     35  19012.044    19015.839    19171.331
271  Q.insect+R4   9462.367     37  18998.733    19002.981    19167.123
279  Q.insect+I+R3 9462.697     36  18997.395    19001.413    19161.234
292  Q.insect+F+R3 9469.524     54  19047.047    19056.256    19292.805
293  Q.insect+F+R4 9461.357     56  19034.715    19044.643    19289.575
301  Q.insect+F+I+R3 9461.685     55  19033.369    19042.935    19283.679
WARNING: Normalizing state frequencies so that sum of them equals to 1
314  Q.plant+R3    9552.712     35  19175.425    19179.220    19334.712
WARNING: Normalizing state frequencies so that sum of them equals to 1
315  Q.plant+R4    9540.219     37  19154.438    19158.685    19322.828
WARNING: Normalizing state frequencies so that sum of them equals to 1
323  Q.plant+I+R3  9541.313     36  19154.625    19158.643    19318.464
WARNING: Normalizing state frequencies so that sum of them equals to 1
336  Q.plant+F+R3  9558.123     54  19224.247    19233.456    19470.005
WARNING: Normalizing state frequencies so that sum of them equals to 1
337  Q.plant+F+R4  9547.802     56  19207.604    19217.533    19462.465
WARNING: Normalizing state frequencies so that sum of them equals to 1
345  Q.plant+F+I+R3 9548.364     55  19206.728    19216.294    19457.038
WARNING: Normalizing state frequencies so that sum of them equals to 1
358  Q.yeast+R3    9453.706     35  18977.411    18981.206    19136.699
WARNING: Normalizing state frequencies so that sum of them equals to 1
359  Q.yeast+R4    9445.379     37  18964.758    18969.006    19133.148
WARNING: Normalizing state frequencies so that sum of them equals to 1
367  Q.yeast+I+R3  9445.760     36  18963.520    18967.538    19127.359
WARNING: Normalizing state frequencies so that sum of them equals to 1
380  Q.yeast+F+R3  9442.333     54  18992.665    19001.874    19238.423
WARNING: Normalizing state frequencies so that sum of them equals to 1
381  Q.yeast+F+R4  9435.114     56  18982.228    18992.157    19237.089
WARNING: Normalizing state frequencies so that sum of them equals to 1
389  Q.yeast+F+I+R3 9435.233     55  18980.467    18990.032    19230.776
402  JTTDCMut+R3   9504.023     35  19078.045    19081.840    19237.333
403  JTTDCMut+R4   9499.342     37  19072.684    19076.932    19241.074
411  JTTDCMut+I+R3 9499.217     36  19070.433    19074.451    19234.272
424  JTTDCMut+F+R3 9500.452     54  19108.903    19118.113    19354.662
425  JTTDCMut+F+R4 9496.069     56  19104.139    19114.067    19358.999
433  JTTDCMut+F+I+R3 9495.926     55  19101.852    19111.417    19352.162
446  DCMut+R3      9526.951     35  19123.903    19127.698    19283.190
447  DCMut+R4      9523.453     37  19120.906    19125.154    19289.296
455  DCMut+I+R3    9523.242     36  19118.484    19122.502    19282.323
468  DCMut+F+R3    9484.994     54  19077.988    19087.197    19323.746
469  DCMut+F+R4    9481.298     56  19074.597    19084.525    19329.457
477  DCMut+F+I+R3  9481.011     55  19072.021    19081.587    19322.331
490  VT+R3         9437.307     35  18944.613    18948.408    19103.901
491  VT+R4         9433.565     37  18941.130    18945.378    19109.520
499  VT+I+R3       9433.125     36  18938.250    18942.269    19102.089
512  VT+F+R3       9445.245     54  18998.491    19007.700    19244.249
513  VT+F+R4       9441.870     56  18995.739    19005.668    19250.600
521  VT+F+I+R3     9441.442     55  18992.883    19002.448    19243.193
534  PMB+R3        9505.528     35  19081.055    19084.851    19240.343
535  PMB+R4        9500.496     37  19074.993    19079.241    19243.383
543  PMB+I+R3      9499.927     36  19071.854    19075.872    19235.693
556  PMB+F+R3      9465.795     54  19039.589    19048.799    19285.348
557  PMB+F+R4      9461.621     56  19035.241    19045.170    19290.102
565  PMB+F+I+R3    9461.118     55  19032.236    19041.802    19282.546
578  Blosum62+R3   9484.976     35  19039.952    19043.747    19199.240
579  Blosum62+R4   9479.627     37  19033.254    19037.502    19201.644
587  Blosum62+I+R3 9479.417     36  19030.833    19034.851    19194.672
600  Blosum62+F+R3 9452.860     54  19013.719    19022.929    19259.478
601  Blosum62+F+R4 9448.584     56  19009.168    19019.096    19264.028
609  Blosum62+F+I+R3 9448.497     55  19006.994    19016.560    19257.304
622  Dayhoff+R3    9526.913     35  19123.826    19127.621    19283.114
623  Dayhoff+R4    9523.358     37  19120.715    19124.963    19289.105
631  Dayhoff+I+R3  9523.136     36  19118.272    19122.290    19282.111
644  Dayhoff+F+R3  9484.953     54  19077.905    19087.115    19323.664
645  Dayhoff+F+R4  9481.199     56  19074.399    19084.327    19329.259
653  Dayhoff+F+I+R3 9480.901     55  19071.801    19081.367    19322.111
666  mtREV+R3      10023.969    35  20117.937    20121.733    20277.225
667  mtREV+R4      10004.972    37  20083.944    20088.192    20252.334
675  mtREV+I+R3    10009.005    36  20090.009    20094.028    20253.848
688  mtREV+F+R3    9574.249     54  19256.498    19265.708    19502.257
689  mtREV+F+R4    9562.339     56  19236.678    19246.607    19491.539
697  mtREV+F+I+R3  9564.171     55  19238.341    19247.907    19488.651
710  mtART+R3      10121.880    35  20313.760    20317.555    20473.048
711  mtART+R4      10094.361    37  20262.722    20266.969    20431.112
719  mtART+I+R3    10102.421    36  20276.841    20280.859    20440.680
732  mtART+F+R3    9617.255     54  19342.510    19351.719    19588.268
733  mtART+F+R4    9603.684     56  19319.368    19329.296    19574.228
741  mtART+F+I+R3  9606.885     55  19323.769    19333.334    19574.079
754  mtZOA+R3      9948.717     35  19967.433    19971.228    20126.721
755  mtZOA+R4      9925.374     37  19924.749    19928.997    20093.139
763  mtZOA+I+R3    9933.596     36  19939.193    19943.211    20103.032
776  mtZOA+F+R3    9564.361     54  19236.722    19245.931    19482.480
777  mtZOA+F+R4    9552.150     56  19216.300    19226.229    19471.161
785  mtZOA+F+I+R3  9554.070     55  19218.140    19227.705    19468.449
798  mtMet+R3      10122.201    35  20314.402    20318.197    20473.690
799  mtMet+R4      10106.499    37  20286.998    20291.246    20455.388
807  mtMet+I+R3    10112.107    36  20296.214    20300.232    20460.053
820  mtMet+F+R3    9633.155     54  19374.309    19383.518    19620.067
821  mtMet+F+R4    9620.779     56  19353.559    19363.487    19608.419
829  mtMet+F+I+R3  9623.664     55  19357.328    19366.893    19607.637
842  mtVer+R3      10173.897    35  20417.795    20421.590    20577.083
843  mtVer+R4      10154.342    37  20382.683    20386.931    20551.073
851  mtVer+I+R3    10164.473    36  20400.946    20404.965    20564.785
864  mtVer+F+R3    9751.111     54  19610.221    19619.431    19855.980
865  mtVer+F+R4    9737.092     56  19586.184    19596.113    19841.045
873  mtVer+F+I+R3  9740.629     55  19591.257    19600.823    19841.567
886  mtInv+R3      10182.060    35  20434.119    20437.915    20593.407
887  mtInv+R4      10169.470    37  20412.940    20417.188    20581.330
895  mtInv+I+R3    10170.765    36  20413.530    20417.548    20577.369
908  mtInv+F+R3    9560.336     54  19228.672    19237.881    19474.431
909  mtInv+F+R4    9552.335     56  19216.670    19226.598    19471.530
917  mtInv+F+I+R3  9553.070     55  19216.141    19225.706    19466.450
930  mtMAM+R3      10234.091    35  20538.182    20541.977    20697.469
931  mtMAM+R4      10202.511    37  20479.022    20483.270    20647.412
939  mtMAM+I+R3    10218.455    36  20508.911    20512.929    20672.750
952  mtMAM+F+R3    9784.067     54  19676.134    19685.343    19921.892
953  mtMAM+F+R4    9760.345     56  19632.690    19642.618    19887.550
961  mtMAM+F+I+R3  9766.944     55  19643.888    19653.453    19894.197
WARNING: Normalizing state frequencies so that sum of them equals to 1
974  FLAVI+R3      9957.870     35  19985.739    19989.534    20145.027
WARNING: Normalizing state frequencies so that sum of them equals to 1
975  FLAVI+R4      9942.501     37  19959.002    19963.250    20127.392
WARNING: Normalizing state frequencies so that sum of them equals to 1
983  FLAVI+I+R3    9945.982     36  19963.963    19967.981    20127.802
WARNING: Normalizing state frequencies so that sum of them equals to 1
996  FLAVI+F+R3    9867.915     54  19843.829    19853.039    20089.588
WARNING: Normalizing state frequencies so that sum of them equals to 1
997  FLAVI+F+R4    9855.537     56  19823.073    19833.002    20077.934
WARNING: Normalizing state frequencies so that sum of them equals to 1
1005  FLAVI+F+I+R3  9859.063     55  19828.127    19837.692    20078.436
1018  HIVb+R3       9724.352     35  19518.704    19522.499    19677.991
1019  HIVb+R4       9718.641     37  19511.281    19515.529    19679.671
1027  HIVb+I+R3     9719.329     36  19510.659    19514.677    19674.497
1040  HIVb+F+R3     9697.049     54  19502.097    19511.307    19747.856
1041  HIVb+F+R4     9689.974     56  19491.948    19501.877    19746.809
1049  HIVb+F+I+R3   9691.139     55  19492.278    19501.843    19742.587
1062  HIVw+R3       10079.151    35  20228.301    20232.096    20387.589
1063  HIVw+R4       10072.320    37  20218.641    20222.889    20387.031
1071  HIVw+I+R3     10072.675    36  20217.351    20221.369    20381.190
1084  HIVw+F+R3     9907.013     54  19922.025    19931.235    20167.784
1085  HIVw+F+R4     9899.924     56  19911.848    19921.776    20166.708
1093  HIVw+F+I+R3   9900.419     55  19910.838    19920.403    20161.148
1106  FLU+R3        9697.250     35  19464.500    19468.296    19623.788
1107  FLU+R4        9689.447     37  19452.894    19457.142    19621.284
1115  FLU+I+R3      9689.195     36  19450.391    19454.409    19614.230
1128  FLU+F+R3      9623.807     54  19355.615    19364.824    19601.373
1129  FLU+F+R4      9614.867     56  19341.733    19351.662    19596.594
1137  FLU+F+I+R3    9614.828     55  19339.656    19349.221    19589.965
1150  rtREV+R3      9471.816     35  19013.631    19017.427    19172.919
1151  rtREV+R4      9462.955     37  18999.911    19004.159    19168.301
1159  rtREV+I+R3    9463.471     36  18998.942    19002.960    19162.781
1172  rtREV+F+R3    9427.495     54  18962.990    18972.199    19208.748
1173  rtREV+F+R4    9419.797     56  18951.594    18961.523    19206.455
1181  rtREV+F+I+R3  9419.934     55  18949.868    18959.434    19200.178
1194  cpREV+R3      9484.864     35  19039.729    19043.524    19199.016
1195  cpREV+R4      9481.105     37  19036.210    19040.457    19204.600
1203  cpREV+I+R3    9481.212     36  19034.425    19038.443    19198.264
1216  cpREV+F+R3    9442.514     54  18993.029    19002.238    19238.787
1217  cpREV+F+R4    9439.197     56  18990.394    19000.322    19245.254
1225  cpREV+F+I+R3  9439.322     55  18988.644    18998.209    19238.953
Akaike Information Criterion:           LG+I+R3
Corrected Akaike Information Criterion: LG+I+R3
Bayesian Information Criterion:         LG+I+R3
Best-fit model: LG+I+R3 chosen according to BIC

All model information printed to FungalCW_tree_20231129/196841at4751.aa.mfa.model.gz
CPU time for ModelFinder: 146.831 seconds (0h:2m:26s)
Wall-clock time for ModelFinder: 74.022 seconds (0h:1m:14s)
Generating 1000 samples for ultrafast bootstrap (seed: 606068)...

NOTE: 6 MB RAM (0 GB) is required!
Estimate model parameters (epsilon = 0.100)
1. Initial log-likelihood: -9413.916
Optimal log-likelihood: -9413.890
Proportion of invariable sites: 0.252
Site proportion and rates:  (0.309,0.215) (0.305,0.918) (0.134,4.888)
Parameters optimization took 1 rounds (0.088 sec)
Wrote distance file to... 
Computing ML distances based on estimated model parameters...
Calculating distance matrix: done in 0.0192401 secs using 199.4% CPU
Computing ML distances took 0.019395 sec (of wall-clock time) 0.038642 sec (of CPU time)
Setting up auxiliary I and S matrices: done in 4.60148e-05 secs using 202.1% CPU
Constructing RapidNJ tree: done in 0.000241041 secs using 198.7% CPU
Computing RapidNJ tree took 0.000372 sec (of wall-clock time) 0.000742 sec (of CPU time)
Log-likelihood of RapidNJ tree: -9442.458
--------------------------------------------------------------------
|             INITIALIZING CANDIDATE TREE SET                      |
--------------------------------------------------------------------
Generating 98 parsimony trees... 0.328 second
Computing log-likelihood of 98 initial trees ... 1.261 seconds
Current best score: -9413.890

Do NNI search on 20 best initial trees
Optimizing NNI: done in 0.0935321 secs using 199.6% CPU
Estimate model parameters (epsilon = 0.100)
BETTER TREE FOUND at iteration 1: -9412.565
Optimizing NNI: done in 0.167308 secs using 198.6% CPU
Optimizing NNI: done in 0.155096 secs using 198.4% CPU
Estimate model parameters (epsilon = 0.100)
BETTER TREE FOUND at iteration 3: -9410.338
Optimizing NNI: done in 0.1994 secs using 198.1% CPU
Optimizing NNI: done in 0.206677 secs using 198.2% CPU
Optimizing NNI: done in 0.208882 secs using 198.2% CPU
Optimizing NNI: done in 0.280027 secs using 199.1% CPU
Optimizing NNI: done in 0.186209 secs using 199.1% CPU
Optimizing NNI: done in 0.194152 secs using 199.1% CPU
Optimizing NNI: done in 0.175671 secs using 198.5% CPU
Iteration 10 / LogL: -9411.397 / Time: 0h:0m:4s
Optimizing NNI: done in 0.222598 secs using 199.4% CPU
Optimizing NNI: done in 0.218031 secs using 198.2% CPU
Optimizing NNI: done in 0.190307 secs using 199.1% CPU
Optimizing NNI: done in 0.188101 secs using 198.1% CPU
Optimizing NNI: done in 0.260859 secs using 199.1% CPU
Optimizing NNI: done in 0.26098 secs using 197.9% CPU
Optimizing NNI: done in 0.223389 secs using 198.6% CPU
Optimizing NNI: done in 0.270243 secs using 198.4% CPU
Optimizing NNI: done in 0.212936 secs using 198.9% CPU
Optimizing NNI: done in 0.224497 secs using 199.4% CPU
Iteration 20 / LogL: -9412.724 / Time: 0h:0m:6s
Finish initializing candidate tree set (4)
Current best tree score: -9410.338 / CPU time: 6.141
Number of iterations: 20
--------------------------------------------------------------------
|               OPTIMIZING CANDIDATE TREE SET                      |
--------------------------------------------------------------------
Optimizing NNI: done in 0.154449 secs using 198.4% CPU
Optimizing NNI: done in 0.174185 secs using 198.5% CPU
Optimizing NNI: done in 0.168253 secs using 198.5% CPU
Optimizing NNI: done in 0.156812 secs using 199.1% CPU
Optimizing NNI: done in 0.166834 secs using 198.5% CPU
Optimizing NNI: done in 0.118124 secs using 199.1% CPU
Optimizing NNI: done in 0.167526 secs using 199.1% CPU
Optimizing NNI: done in 0.174033 secs using 199.1% CPU
Optimizing NNI: done in 0.197385 secs using 199.1% CPU
Optimizing NNI: done in 0.1919 secs using 197.5% CPU
Iteration 30 / LogL: -9412.729 / Time: 0h:0m:8s (0h:0m:20s left)
Optimizing NNI: done in 0.209531 secs using 198.7% CPU
Optimizing NNI: done in 0.182533 secs using 198.8% CPU
Optimizing NNI: done in 0.230127 secs using 198.7% CPU
Optimizing NNI: done in 0.15256 secs using 198.5% CPU
Optimizing NNI: done in 0.206289 secs using 198.7% CPU
Optimizing NNI: done in 0.199666 secs using 199.1% CPU
Optimizing NNI: done in 0.23725 secs using 199.2% CPU
Optimizing NNI: done in 0.150748 secs using 199.1% CPU
Optimizing NNI: done in 0.15222 secs using 199.1% CPU
Optimizing NNI: done in 0.15171 secs using 199.1% CPU
Iteration 40 / LogL: -9412.817 / Time: 0h:0m:10s (0h:0m:16s left)
Optimizing NNI: done in 0.115725 secs using 198.3% CPU
Optimizing NNI: done in 0.193173 secs using 198.9% CPU
Optimizing NNI: done in 0.144466 secs using 199.7% CPU
Optimizing NNI: done in 0.170774 secs using 199.1% CPU
Optimizing NNI: done in 0.111894 secs using 199.2% CPU
Optimizing NNI: done in 0.192771 secs using 199.2% CPU
Optimizing NNI: done in 0.137775 secs using 197% CPU
Optimizing NNI: done in 0.154 secs using 199% CPU
Optimizing NNI: done in 0.274251 secs using 198.4% CPU
Optimizing NNI: done in 0.231599 secs using 199.1% CPU
Iteration 50 / LogL: -9412.643 / Time: 0h:0m:11s (0h:0m:12s left)
Log-likelihood cutoff on original alignment: -9452.860
Optimizing NNI: done in 0.154321 secs using 197.2% CPU
Optimizing NNI: done in 0.190372 secs using 199.1% CPU
Optimizing NNI: done in 0.162299 secs using 199% CPU
Optimizing NNI: done in 0.154061 secs using 197.9% CPU
Optimizing NNI: done in 0.164956 secs using 199.1% CPU
Optimizing NNI: done in 0.148479 secs using 199% CPU
Optimizing NNI: done in 0.153388 secs using 199.1% CPU
Optimizing NNI: done in 0.133235 secs using 198.3% CPU
Optimizing NNI: done in 0.151494 secs using 199.1% CPU
Optimizing NNI: done in 0.15748 secs using 198.4% CPU
Iteration 60 / LogL: -9410.681 / Time: 0h:0m:13s (0h:0m:9s left)
Optimizing NNI: done in 0.0926359 secs using 199.1% CPU
Optimizing NNI: done in 0.24037 secs using 198.3% CPU
Optimizing NNI: done in 0.132453 secs using 199.1% CPU
Optimizing NNI: done in 0.22897 secs using 198.6% CPU
Optimizing NNI: done in 0.15376 secs using 198.5% CPU
Optimizing NNI: done in 0.258538 secs using 199.2% CPU
Optimizing NNI: done in 0.186669 secs using 199.1% CPU
Optimizing NNI: done in 0.219261 secs using 197.7% CPU
Optimizing NNI: done in 0.176404 secs using 198.5% CPU
Optimizing NNI: done in 0.203687 secs using 199.1% CPU
Iteration 70 / LogL: -9410.632 / Time: 0h:0m:15s (0h:0m:7s left)
Optimizing NNI: done in 0.240325 secs using 199.1% CPU
Optimizing NNI: done in 0.167207 secs using 199.1% CPU
Optimizing NNI: done in 0.182288 secs using 198% CPU
Optimizing NNI: done in 0.266155 secs using 199.1% CPU
Optimizing NNI: done in 0.226647 secs using 199.1% CPU
Optimizing NNI: done in 0.174653 secs using 199.7% CPU
Optimizing NNI: done in 0.198306 secs using 199.1% CPU
Optimizing NNI: done in 0.156712 secs using 199.1% CPU
Optimizing NNI: done in 0.236875 secs using 199.1% CPU
Optimizing NNI: done in 0.214784 secs using 198.8% CPU
Iteration 80 / LogL: -9410.405 / Time: 0h:0m:17s (0h:0m:5s left)
Optimizing NNI: done in 0.165733 secs using 199.1% CPU
Optimizing NNI: done in 0.230333 secs using 198.7% CPU
Optimizing NNI: done in 0.164248 secs using 198.5% CPU
Optimizing NNI: done in 0.241535 secs using 199.2% CPU
Optimizing NNI: done in 0.178805 secs using 198.7% CPU
Optimizing NNI: done in 0.114464 secs using 199.6% CPU
Optimizing NNI: done in 0.187197 secs using 199% CPU
Optimizing NNI: done in 0.241647 secs using 199.1% CPU
Optimizing NNI: done in 0.214299 secs using 198.7% CPU
Optimizing NNI: done in 0.205426 secs using 198.6% CPU
Iteration 90 / LogL: -9410.646 / Time: 0h:0m:19s (0h:0m:2s left)
Optimizing NNI: done in 0.194995 secs using 198% CPU
Optimizing NNI: done in 0.156816 secs using 198.4% CPU
Optimizing NNI: done in 0.148657 secs using 199.1% CPU
Optimizing NNI: done in 0.277122 secs using 199.1% CPU
Optimizing NNI: done in 0.228452 secs using 199.2% CPU
Optimizing NNI: done in 0.289993 secs using 198.7% CPU
Optimizing NNI: done in 0.200093 secs using 198.6% CPU
Optimizing NNI: done in 0.169655 secs using 199.1% CPU
Optimizing NNI: done in 0.235209 secs using 198.8% CPU
Optimizing NNI: done in 0.16617 secs using 199.2% CPU
Iteration 100 / LogL: -9410.515 / Time: 0h:0m:22s (0h:0m:0s left)
Log-likelihood cutoff on original alignment: -9452.860
NOTE: Bootstrap correlation coefficient of split occurrence frequencies: 1.000
Optimizing NNI: done in 0.192551 secs using 198.4% CPU
Optimizing NNI: done in 0.224642 secs using 199.1% CPU
Optimizing NNI: done in 0.212243 secs using 198.6% CPU
Optimizing NNI: done in 0.152012 secs using 199.2% CPU
TREE SEARCH COMPLETED AFTER 104 ITERATIONS / Time: 0h:0m:23s

--------------------------------------------------------------------
|                    FINALIZING TREE SEARCH                        |
--------------------------------------------------------------------
Performs final model parameters optimization
Estimate model parameters (epsilon = 0.010)
1. Initial log-likelihood: -9410.338
Optimal log-likelihood: -9410.338
Proportion of invariable sites: 0.245
Site proportion and rates:  (0.307,0.202) (0.313,0.911) (0.135,4.827)
Parameters optimization took 1 rounds (0.086 sec)
BEST SCORE FOUND : -9410.338

Testing tree branches by SH-like aLRT with 1000 replicates...
0.169 sec.
Creating bootstrap support values...
Split supports printed to NEXUS file FungalCW_tree_20231129/196841at4751.aa.mfa.splits.nex
Total tree length: 7.467

Total number of iterations: 104
CPU time used for tree search: 44.990 sec (0h:0m:44s)
Wall-clock time used for tree search: 22.789 sec (0h:0m:22s)
Total CPU time used: 46.077 sec (0h:0m:46s)
Total wall-clock time used: 23.353 sec (0h:0m:23s)

Computing bootstrap consensus tree...
Reading input file FungalCW_tree_20231129/196841at4751.aa.mfa.splits.nex...
17 taxa and 72 splits.
Consensus tree written to FungalCW_tree_20231129/196841at4751.aa.mfa.contree
Reading input trees file FungalCW_tree_20231129/196841at4751.aa.mfa.contree
Log-likelihood of consensus tree: -9410.547

Analysis results written to: 
  IQ-TREE report:                FungalCW_tree_20231129/196841at4751.aa.mfa.iqtree
  Maximum-likelihood tree:       FungalCW_tree_20231129/196841at4751.aa.mfa.treefile
  Likelihood distances:          FungalCW_tree_20231129/196841at4751.aa.mfa.mldist

Ultrafast bootstrap approximation results written to:
  Split support values:          FungalCW_tree_20231129/196841at4751.aa.mfa.splits.nex
  Consensus tree:                FungalCW_tree_20231129/196841at4751.aa.mfa.contree
  Screen log file:               FungalCW_tree_20231129/196841at4751.aa.mfa.log

Date and Time: Wed Nov 29 01:32:43 2023
