IQ-TREE multicore version 2.2.2.6 COVID-edition for Linux 64-bit built May 27 2023
Developed by Bui Quang Minh, James Barbetti, Nguyen Lam Tung,
Olga Chernomor, Heiko Schmidt, Dominik Schrempf, Michael Woodhams, Ly Trong Nhan.

Host:    i23 (AVX2, FMA3, 503 GB RAM)
Command: iqtree2 -s FungalCW_tree_20231129/197111at4751.aa.mfa -gz -B 1000 -alrt 1000 -nt 2
Seed:    324712 (Using SPRNG - Scalable Parallel Random Number Generator)
Time:    Wed Nov 29 01:31:19 2023
Kernel:  AVX+FMA - 2 threads (2 CPU cores detected)

Reading alignment file FungalCW_tree_20231129/197111at4751.aa.mfa ... Fasta format detected
Reading fasta file: done in 0.000239134 secs using 33.04% CPU
Alignment most likely contains protein sequences
Constructing alignment: done in 0.00106692 secs using 106.6% CPU
Alignment has 18 sequences with 529 columns, 370 distinct patterns
256 parsimony-informative, 65 singleton sites, 208 constant sites
                                                               Gap/Ambiguity  Composition  p-value
Analyzing sequences: done in 2.59876e-05 secs
   1  Basidiobolus_meristosporus_CBS_931.73.Basme2finSC.v1            11.53%    passed     99.93%
   2  Botrytis_cinerea_T4                                              3.78%    passed     99.09%
   3  Capillidium_pumilum_ARSEF_79                                    34.03%    passed     97.63%
   4  Colletotrichum_graminicola_M1.001                                4.16%    passed    100.00%
   5  Colletotrichum_higginsianum_IMI_349063                           4.16%    passed    100.00%
   6  Fusarium_graminearum_PH-1                                        5.29%    passed    100.00%
   7  Fusarium_verticillioides_7600                                    5.10%    passed     99.99%
   8  Gilbertella_persicaria_var_persicaria_CBS_190.32-T.Gilper1.v1   12.48%    passed     99.60%
   9  Mortierella_elongata_AG-77                                      20.42%    passed     99.90%
  10  Mucor_mucedo_NRRL_3635                                          13.61%    passed     99.90%
  11  Neoconidiobolus_thromboides_FSU_785.Conth1.v1                   27.41%    passed     99.97%
  12  Phycomyces_blakesleeanus_NRRL_1555.Phybl2.v2                    25.33%    passed    100.00%
  13  Rhizopus_stolonifer_NRRL_66455                                  12.67%    passed     99.98%
  14  Trichoderma_harzianum_CBS_226.95                                 5.48%    passed     99.99%
  15  Umbelopsis_ramanniana_NRRL_5844.Umbra1.v1                       10.78%    passed    100.00%
  16  Ustilago_maydis                                                  6.62%    passed     93.60%
  17  Zoophthora_radicans_ATCC_208865                                 10.78%    passed     99.93%
  18  Zymoseptoria_tritici_IP0323                                      3.78%    passed     99.10%
****  TOTAL                                                           12.08%  0 sequences failed composition chi2 test (p-value<5%; df=19)
Checking for duplicate sequences: done in 0.000104904 secs using 9.533% CPU


Create initial parsimony tree by phylogenetic likelihood library (PLL)... 0.003 seconds
Perform fast likelihood tree search using LG+I+G model...
Estimate model parameters (epsilon = 5.000)
Perform nearest neighbor interchange...
Optimizing NNI: done in 0.184496 secs using 197.9% CPU
Estimate model parameters (epsilon = 1.000)
1. Initial log-likelihood: -7968.599
Optimal log-likelihood: -7968.047
Proportion of invariable sites: 0.157
Gamma shape alpha: 0.326
Parameters optimization took 1 rounds (0.082 sec)
Time for fast ML tree search: 0.526 seconds

NOTE: ModelFinder requires 12 MB RAM!
ModelFinder will test up to 1232 protein models (sample size: 529) ...
 No. Model         -LnL         df  AIC          AICc         BIC
  1  LG            8803.742     33  17673.484    17678.017    17814.427
  2  LG+I          8319.840     34  16707.681    16712.498    16852.894
  3  LG+G4         7970.413     34  16008.826    16013.643    16154.039
  4  LG+I+G4       7967.629     35  16005.258    16010.370    16154.743
  5  LG+R2         8120.608     35  16311.217    16316.328    16460.702
  6  LG+R3         7965.066     37  16004.131    16009.858    16162.158
  7  LG+R4         7949.538     39  15977.075    15983.455    16143.644
  8  LG+R5         7949.299     41  15980.599    15987.671    16155.709
 14  LG+I+R2       8007.928     36  16087.855    16093.270    16241.611
 15  LG+I+R3       7949.948     38  15975.897    15981.946    16138.194
 16  LG+I+R4       7949.193     40  15978.385    15985.107    16149.225
 29  LG+F+R4       7926.765     58  15969.530    15984.092    16217.247
 37  LG+F+I+R3     7927.119     57  15968.237    15982.276    16211.684
 51  WAG+R4        7966.357     39  16010.714    16017.094    16177.283
 59  WAG+I+R3      7966.689     38  16009.378    16015.427    16171.676
 73  WAG+F+R4      7931.415     58  15978.830    15993.392    16226.547
 81  WAG+F+I+R3    7931.695     57  15977.390    15991.428    16220.836
 95  JTT+R4        8013.393     39  16104.787    16111.167    16271.355
103  JTT+I+R3      8014.107     38  16104.215    16110.264    16266.512
117  JTT+F+R4      7989.931     58  16095.862    16110.424    16343.580
125  JTT+F+I+R3    7990.689     57  16095.379    16109.417    16338.825
WARNING: Normalizing state frequencies so that sum of them equals to 1
139  Q.pfam+R4     7949.190     39  15976.381    15982.761    16142.949
WARNING: Normalizing state frequencies so that sum of them equals to 1
147  Q.pfam+I+R3   7949.750     38  15975.500    15981.549    16137.798
WARNING: Normalizing state frequencies so that sum of them equals to 1
161  Q.pfam+F+R4   7936.365     58  15988.731    16003.293    16236.448
WARNING: Normalizing state frequencies so that sum of them equals to 1
169  Q.pfam+F+I+R3 7936.995     57  15987.989    16002.027    16231.435
WARNING: Normalizing state frequencies so that sum of them equals to 1
183  Q.bird+R4     8132.246     39  16342.492    16348.872    16509.060
WARNING: Normalizing state frequencies so that sum of them equals to 1
191  Q.bird+I+R3   8135.702     38  16347.405    16353.454    16509.702
WARNING: Normalizing state frequencies so that sum of them equals to 1
205  Q.bird+F+R4   8134.201     58  16384.402    16398.964    16632.120
WARNING: Normalizing state frequencies so that sum of them equals to 1
213  Q.bird+F+I+R3 8139.171     57  16392.342    16406.380    16635.788
WARNING: Normalizing state frequencies so that sum of them equals to 1
227  Q.mammal+R4   8081.450     39  16240.900    16247.281    16407.469
WARNING: Normalizing state frequencies so that sum of them equals to 1
235  Q.mammal+I+R3 8083.583     38  16243.165    16249.214    16405.463
WARNING: Normalizing state frequencies so that sum of them equals to 1
249  Q.mammal+F+R4 8088.137     58  16292.275    16306.836    16539.992
WARNING: Normalizing state frequencies so that sum of them equals to 1
257  Q.mammal+F+I+R3 8091.810     57  16297.619    16311.657    16541.066
271  Q.insect+R4   7974.586     39  16027.173    16033.553    16193.741
279  Q.insect+I+R3 7975.331     38  16026.662    16032.711    16188.959
293  Q.insect+F+R4 7963.394     58  16042.787    16057.349    16290.505
301  Q.insect+F+I+R3 7964.009     57  16042.018    16056.057    16285.465
WARNING: Normalizing state frequencies so that sum of them equals to 1
315  Q.plant+R4    8016.791     39  16111.581    16117.961    16278.150
WARNING: Normalizing state frequencies so that sum of them equals to 1
323  Q.plant+I+R3  8017.946     38  16111.891    16117.940    16274.189
WARNING: Normalizing state frequencies so that sum of them equals to 1
337  Q.plant+F+R4  8013.691     58  16143.382    16157.943    16391.099
WARNING: Normalizing state frequencies so that sum of them equals to 1
345  Q.plant+F+I+R3 8014.901     57  16143.802    16157.840    16387.248
WARNING: Normalizing state frequencies so that sum of them equals to 1
359  Q.yeast+R4    7979.918     39  16037.835    16044.216    16204.404
WARNING: Normalizing state frequencies so that sum of them equals to 1
367  Q.yeast+I+R3  7980.868     38  16037.735    16043.784    16200.033
WARNING: Normalizing state frequencies so that sum of them equals to 1
381  Q.yeast+F+R4  7948.463     58  16012.926    16027.487    16260.643
WARNING: Normalizing state frequencies so that sum of them equals to 1
389  Q.yeast+F+I+R3 7948.998     57  16011.995    16026.034    16255.442
403  JTTDCMut+R4   8013.664     39  16105.327    16111.708    16271.896
411  JTTDCMut+I+R3 8014.279     38  16104.558    16110.607    16266.856
425  JTTDCMut+F+R4 7988.192     58  16092.384    16106.946    16340.102
433  JTTDCMut+F+I+R3 7988.845     57  16091.690    16105.728    16335.137
447  DCMut+R4      8049.629     39  16177.258    16183.639    16343.827
455  DCMut+I+R3    8050.327     38  16176.654    16182.703    16338.952
469  DCMut+F+R4    7987.011     58  16090.023    16104.584    16337.740
477  DCMut+F+I+R3  7986.926     57  16087.852    16101.890    16331.298
491  VT+R4         7979.037     39  16036.074    16042.454    16202.642
499  VT+I+R3       7979.141     38  16034.283    16040.332    16196.581
513  VT+F+R4       7957.256     58  16030.512    16045.074    16278.230
521  VT+F+I+R3     7957.366     57  16028.732    16042.770    16272.178
535  PMB+R4        8027.151     39  16132.302    16138.682    16298.870
543  PMB+I+R3      8027.356     38  16130.712    16136.761    16293.009
557  PMB+F+R4      7976.670     58  16069.341    16083.903    16317.058
565  PMB+F+I+R3    7976.873     57  16067.746    16081.784    16311.192
579  Blosum62+R4   8032.686     39  16143.373    16149.753    16309.941
587  Blosum62+I+R3 8032.907     38  16141.815    16147.864    16304.112
601  Blosum62+F+R4 7978.190     58  16072.379    16086.941    16320.097
609  Blosum62+F+I+R3 7978.422     57  16070.843    16084.881    16314.290
623  Dayhoff+R4    8049.306     39  16176.613    16182.993    16343.181
631  Dayhoff+I+R3  8050.026     38  16176.052    16182.101    16338.349
645  Dayhoff+F+R4  7986.812     58  16089.624    16104.185    16337.341
653  Dayhoff+F+I+R3 7986.728     57  16087.455    16101.493    16330.901
667  mtREV+R4      8401.881     39  16881.762    16888.143    17048.331
675  mtREV+I+R3    8406.790     38  16889.581    16895.630    17051.878
689  mtREV+F+R4    8029.448     58  16174.897    16189.458    16422.614
697  mtREV+F+I+R3  8030.693     57  16175.386    16189.424    16418.832
711  mtART+R4      8467.860     39  17013.720    17020.100    17180.288
719  mtART+I+R3    8479.954     38  17035.907    17041.956    17198.205
733  mtART+F+R4    8062.421     58  16240.841    16255.403    16488.559
741  mtART+F+I+R3  8072.887     57  16259.774    16273.812    16503.220
755  mtZOA+R4      8332.771     39  16743.542    16749.922    16910.110
763  mtZOA+I+R3    8340.734     38  16757.468    16763.517    16919.766
777  mtZOA+F+R4    8020.980     58  16157.961    16172.522    16405.678
785  mtZOA+F+I+R3  8027.535     57  16169.070    16183.108    16412.516
799  mtMet+R4      8466.158     39  17010.316    17016.697    17176.885
807  mtMet+I+R3    8473.446     38  17022.892    17028.941    17185.190
821  mtMet+F+R4    8060.769     58  16237.539    16252.100    16485.256
829  mtMet+F+I+R3  8065.452     57  16244.904    16258.942    16488.350
843  mtVer+R4      8508.461     39  17094.921    17101.302    17261.490
851  mtVer+I+R3    8519.108     38  17114.215    17120.264    17276.513
865  mtVer+F+R4    8144.725     58  16405.450    16420.011    16653.167
873  mtVer+F+I+R3  8149.543     57  16413.086    16427.125    16656.533
887  mtInv+R4      8522.256     39  17122.513    17128.893    17289.081
895  mtInv+I+R3    8527.204     38  17130.408    17136.457    17292.706
909  mtInv+F+R4    8013.373     58  16142.747    16157.308    16390.464
917  mtInv+F+I+R3  8017.175     57  16148.350    16162.388    16391.797
931  mtMAM+R4      8538.209     39  17154.418    17160.798    17320.986
939  mtMAM+I+R3    8553.671     38  17183.342    17189.391    17345.640
953  mtMAM+F+R4    8164.420     58  16444.840    16459.401    16692.557
961  mtMAM+F+I+R3  8173.042     57  16460.084    16474.123    16703.531
WARNING: Normalizing state frequencies so that sum of them equals to 1
975  FLAVI+R4      8290.387     39  16658.773    16665.154    16825.342
WARNING: Normalizing state frequencies so that sum of them equals to 1
983  FLAVI+I+R3    8297.310     38  16670.620    16676.669    16832.918
WARNING: Normalizing state frequencies so that sum of them equals to 1
997  FLAVI+F+R4    8223.562     58  16563.125    16577.686    16810.842
WARNING: Normalizing state frequencies so that sum of them equals to 1
1005  FLAVI+F+I+R3  8230.661     57  16575.322    16589.360    16818.768
1019  HIVb+R4       8196.125     39  16470.251    16476.631    16636.819
1027  HIVb+I+R3     8197.190     38  16470.381    16476.430    16632.678
1041  HIVb+F+R4     8107.213     58  16330.426    16344.988    16578.144
1049  HIVb+F+I+R3   8108.682     57  16331.363    16345.401    16574.810
1063  HIVw+R4       8459.487     39  16996.974    17003.355    17163.543
1071  HIVw+I+R3     8463.100     38  17002.199    17008.248    17164.497
1085  HIVw+F+R4     8233.790     58  16583.579    16598.141    16831.296
1093  HIVw+F+I+R3   8239.384     57  16592.768    16606.806    16836.215
1107  FLU+R4        8141.461     39  16360.922    16367.303    16527.491
1115  FLU+I+R3      8142.819     38  16361.638    16367.687    16523.936
1129  FLU+F+R4      8051.778     58  16219.556    16234.118    16467.273
1137  FLU+F+I+R3    8054.937     57  16223.873    16237.911    16467.319
1151  rtREV+R4      8037.851     39  16153.702    16160.082    16320.270
1159  rtREV+I+R3    8039.109     38  16154.219    16160.268    16316.516
1173  rtREV+F+R4    7941.139     58  15998.277    16012.839    16245.995
1181  rtREV+F+I+R3  7942.008     57  15998.017    16012.055    16241.463
1195  cpREV+R4      8014.334     39  16106.668    16113.048    16273.236
1203  cpREV+I+R3    8014.881     38  16105.762    16111.811    16268.059
1217  cpREV+F+R4    7956.865     58  16029.731    16044.292    16277.448
1225  cpREV+F+I+R3  7957.358     57  16028.715    16042.754    16272.162
Akaike Information Criterion:           LG+F+I+R3
Corrected Akaike Information Criterion: Q.pfam+I+R3
Bayesian Information Criterion:         Q.pfam+I+R3
Best-fit model: Q.pfam+I+R3 chosen according to BIC

All model information printed to FungalCW_tree_20231129/197111at4751.aa.mfa.model.gz
CPU time for ModelFinder: 123.344 seconds (0h:2m:3s)
Wall-clock time for ModelFinder: 62.308 seconds (0h:1m:2s)
Generating 1000 samples for ultrafast bootstrap (seed: 324712)...
WARNING: Normalizing state frequencies so that sum of them equals to 1

NOTE: 4 MB RAM (0 GB) is required!
Estimate model parameters (epsilon = 0.100)
1. Initial log-likelihood: -7949.750
Optimal log-likelihood: -7949.742
Proportion of invariable sites: 0.308
Site proportion and rates:  (0.308,0.111) (0.230,0.552) (0.155,5.405)
Parameters optimization took 1 rounds (0.068 sec)
Wrote distance file to... 
Computing ML distances based on estimated model parameters...
Calculating distance matrix: done in 0.0265841 secs using 199.2% CPU
Computing ML distances took 0.026791 sec (of wall-clock time) 0.053344 sec (of CPU time)
Setting up auxiliary I and S matrices: done in 5.00679e-05 secs using 199.7% CPU
Constructing RapidNJ tree: done in 0.000189066 secs using 198.9% CPU
Computing RapidNJ tree took 0.000328 sec (of wall-clock time) 0.000651 sec (of CPU time)
Log-likelihood of RapidNJ tree: -8019.246
--------------------------------------------------------------------
|             INITIALIZING CANDIDATE TREE SET                      |
--------------------------------------------------------------------
Generating 98 parsimony trees... 0.323 second
Computing log-likelihood of 98 initial trees ... 0.986 seconds
Current best score: -7949.742

Do NNI search on 20 best initial trees
Optimizing NNI: done in 0.043674 secs using 197.5% CPU
Estimate model parameters (epsilon = 0.100)
BETTER TREE FOUND at iteration 1: -7949.739
Optimizing NNI: done in 0.143612 secs using 198.3% CPU
Optimizing NNI: done in 0.187748 secs using 198.5% CPU
Optimizing NNI: done in 0.158318 secs using 198.4% CPU
Optimizing NNI: done in 0.171808 secs using 197.3% CPU
Optimizing NNI: done in 0.170243 secs using 199% CPU
Optimizing NNI: done in 0.153122 secs using 199% CPU
Optimizing NNI: done in 0.165205 secs using 199% CPU
Optimizing NNI: done in 0.182846 secs using 199.1% CPU
Optimizing NNI: done in 0.199303 secs using 197.6% CPU
Iteration 10 / LogL: -7949.762 / Time: 0h:0m:3s
Optimizing NNI: done in 0.194975 secs using 198% CPU
Optimizing NNI: done in 0.123131 secs using 198.2% CPU
Optimizing NNI: done in 0.146247 secs using 198.4% CPU
Optimizing NNI: done in 0.161285 secs using 199.3% CPU
Optimizing NNI: done in 0.221574 secs using 198.6% CPU
Optimizing NNI: done in 0.168566 secs using 199% CPU
Optimizing NNI: done in 0.20456 secs using 198.6% CPU
Optimizing NNI: done in 0.121426 secs using 198.2% CPU
Optimizing NNI: done in 0.132567 secs using 198.2% CPU
Optimizing NNI: done in 0.164357 secs using 198.5% CPU
Iteration 20 / LogL: -7950.794 / Time: 0h:0m:4s
Finish initializing candidate tree set (2)
Current best tree score: -7949.739 / CPU time: 4.649
Number of iterations: 20
--------------------------------------------------------------------
|               OPTIMIZING CANDIDATE TREE SET                      |
--------------------------------------------------------------------
Optimizing NNI: done in 0.111428 secs using 199% CPU
Optimizing NNI: done in 0.118087 secs using 198.2% CPU
Optimizing NNI: done in 0.103493 secs using 198% CPU
Optimizing NNI: done in 0.0910339 secs using 199% CPU
Optimizing NNI: done in 0.120428 secs using 197.3% CPU
Optimizing NNI: done in 0.150092 secs using 198.4% CPU
Optimizing NNI: done in 0.131272 secs using 198.6% CPU
Optimizing NNI: done in 0.140113 secs using 198.7% CPU
Optimizing NNI: done in 0.191884 secs using 199% CPU
Optimizing NNI: done in 0.168772 secs using 197.3% CPU
Iteration 30 / LogL: -7949.811 / Time: 0h:0m:6s (0h:0m:15s left)
Optimizing NNI: done in 0.0921271 secs using 199% CPU
Optimizing NNI: done in 0.130024 secs using 198.3% CPU
Optimizing NNI: done in 0.130708 secs using 198.3% CPU
Optimizing NNI: done in 0.184117 secs using 198.5% CPU
Optimizing NNI: done in 0.243314 secs using 198.6% CPU
Optimizing NNI: done in 0.139205 secs using 197.6% CPU
Optimizing NNI: done in 0.210682 secs using 199.1% CPU
Optimizing NNI: done in 0.117915 secs using 199% CPU
Optimizing NNI: done in 0.141688 secs using 197.1% CPU
Optimizing NNI: done in 0.133344 secs using 199.5% CPU
Iteration 40 / LogL: -7967.988 / Time: 0h:0m:7s (0h:0m:12s left)
Optimizing NNI: done in 0.164729 secs using 198.5% CPU
Optimizing NNI: done in 0.155272 secs using 199% CPU
Optimizing NNI: done in 0.13536 secs using 197.5% CPU
Optimizing NNI: done in 0.130262 secs using 198.3% CPU
Optimizing NNI: done in 0.160189 secs using 199% CPU
Optimizing NNI: done in 0.182949 secs using 198% CPU
Optimizing NNI: done in 0.166136 secs using 197.3% CPU
Optimizing NNI: done in 0.178191 secs using 198.5% CPU
Optimizing NNI: done in 0.18111 secs using 198% CPU
Optimizing NNI: done in 0.132613 secs using 199.1% CPU
Iteration 50 / LogL: -7949.944 / Time: 0h:0m:9s (0h:0m:10s left)
Log-likelihood cutoff on original alignment: -7989.559
Optimizing NNI: done in 0.105649 secs using 198.1% CPU
Optimizing NNI: done in 0.175506 secs using 198.8% CPU
Optimizing NNI: done in 0.138413 secs using 199% CPU
Optimizing NNI: done in 0.168618 secs using 197.8% CPU
Optimizing NNI: done in 0.151952 secs using 199% CPU
Optimizing NNI: done in 0.199715 secs using 199% CPU
Optimizing NNI: done in 0.169189 secs using 197.9% CPU
Optimizing NNI: done in 0.128415 secs using 197.4% CPU
Optimizing NNI: done in 0.130362 secs using 199% CPU
Optimizing NNI: done in 0.213213 secs using 198.1% CPU
Iteration 60 / LogL: -7949.770 / Time: 0h:0m:11s (0h:0m:7s left)
Optimizing NNI: done in 0.160835 secs using 198.5% CPU
Optimizing NNI: done in 0.139457 secs using 197.5% CPU
Optimizing NNI: done in 0.159029 secs using 198.4% CPU
Optimizing NNI: done in 0.147011 secs using 198% CPU
Optimizing NNI: done in 0.125503 secs using 198.3% CPU
Optimizing NNI: done in 0.159806 secs using 199% CPU
Optimizing NNI: done in 0.212907 secs using 198.6% CPU
Optimizing NNI: done in 0.17619 secs using 198.5% CPU
Optimizing NNI: done in 0.120544 secs using 197.4% CPU
Optimizing NNI: done in 0.20445 secs using 199.1% CPU
Iteration 70 / LogL: -7949.961 / Time: 0h:0m:13s (0h:0m:5s left)
Optimizing NNI: done in 0.175728 secs using 199% CPU
Optimizing NNI: done in 0.183258 secs using 198.5% CPU
Optimizing NNI: done in 0.178848 secs using 198.5% CPU
Optimizing NNI: done in 0.161233 secs using 199% CPU
Optimizing NNI: done in 0.137812 secs using 198.3% CPU
Optimizing NNI: done in 0.118132 secs using 198.5% CPU
Optimizing NNI: done in 0.17908 secs using 199.3% CPU
Optimizing NNI: done in 0.084511 secs using 197.8% CPU
Optimizing NNI: done in 0.178198 secs using 197.9% CPU
Optimizing NNI: done in 0.137658 secs using 198.3% CPU
Iteration 80 / LogL: -7949.769 / Time: 0h:0m:14s (0h:0m:3s left)
Optimizing NNI: done in 0.208187 secs using 199.1% CPU
Optimizing NNI: done in 0.170651 secs using 197.3% CPU
Optimizing NNI: done in 0.162563 secs using 197.9% CPU
Optimizing NNI: done in 0.134741 secs using 198.3% CPU
Optimizing NNI: done in 0.188526 secs using 198.6% CPU
Optimizing NNI: done in 0.131149 secs using 197.5% CPU
Optimizing NNI: done in 0.156922 secs using 198.4% CPU
Optimizing NNI: done in 0.173958 secs using 196.8% CPU
Optimizing NNI: done in 0.133889 secs using 199.1% CPU
Optimizing NNI: done in 0.121554 secs using 199% CPU
Iteration 90 / LogL: -7949.774 / Time: 0h:0m:16s (0h:0m:2s left)
Optimizing NNI: done in 0.264081 secs using 198.2% CPU
Optimizing NNI: done in 0.170389 secs using 198.5% CPU
Optimizing NNI: done in 0.195767 secs using 195.5% CPU
Optimizing NNI: done in 0.159892 secs using 198.4% CPU
Optimizing NNI: done in 0.15198 secs using 199.1% CPU
Optimizing NNI: done in 0.0914769 secs using 199% CPU
Optimizing NNI: done in 0.13622 secs using 198.3% CPU
Optimizing NNI: done in 0.165068 secs using 198.4% CPU
Optimizing NNI: done in 0.135082 secs using 197.6% CPU
Optimizing NNI: done in 0.206811 secs using 199.1% CPU
Iteration 100 / LogL: -7949.791 / Time: 0h:0m:18s (0h:0m:0s left)
Log-likelihood cutoff on original alignment: -7989.559
NOTE: Bootstrap correlation coefficient of split occurrence frequencies: 0.999
Optimizing NNI: done in 0.169303 secs using 199.4% CPU
Optimizing NNI: done in 0.136031 secs using 199.1% CPU
TREE SEARCH COMPLETED AFTER 102 ITERATIONS / Time: 0h:0m:18s

--------------------------------------------------------------------
|                    FINALIZING TREE SEARCH                        |
--------------------------------------------------------------------
Performs final model parameters optimization
Estimate model parameters (epsilon = 0.010)
1. Initial log-likelihood: -7949.739
Optimal log-likelihood: -7949.738
Proportion of invariable sites: 0.307
Site proportion and rates:  (0.308,0.110) (0.230,0.547) (0.155,5.411)
Parameters optimization took 1 rounds (0.066 sec)
BEST SCORE FOUND : -7949.738

Testing tree branches by SH-like aLRT with 1000 replicates...
0.135 sec.
Creating bootstrap support values...
Split supports printed to NEXUS file FungalCW_tree_20231129/197111at4751.aa.mfa.splits.nex
Total tree length: 13.605

Total number of iterations: 102
CPU time used for tree search: 36.088 sec (0h:0m:36s)
Wall-clock time used for tree search: 18.391 sec (0h:0m:18s)
Total CPU time used: 37.101 sec (0h:0m:37s)
Total wall-clock time used: 18.956 sec (0h:0m:18s)

Computing bootstrap consensus tree...
Reading input file FungalCW_tree_20231129/197111at4751.aa.mfa.splits.nex...
18 taxa and 102 splits.
Consensus tree written to FungalCW_tree_20231129/197111at4751.aa.mfa.contree
Reading input trees file FungalCW_tree_20231129/197111at4751.aa.mfa.contree
Log-likelihood of consensus tree: -7949.738

Analysis results written to: 
  IQ-TREE report:                FungalCW_tree_20231129/197111at4751.aa.mfa.iqtree
  Maximum-likelihood tree:       FungalCW_tree_20231129/197111at4751.aa.mfa.treefile
  Likelihood distances:          FungalCW_tree_20231129/197111at4751.aa.mfa.mldist

Ultrafast bootstrap approximation results written to:
  Split support values:          FungalCW_tree_20231129/197111at4751.aa.mfa.splits.nex
  Consensus tree:                FungalCW_tree_20231129/197111at4751.aa.mfa.contree
  Screen log file:               FungalCW_tree_20231129/197111at4751.aa.mfa.log

Date and Time: Wed Nov 29 01:32:40 2023
