IQ-TREE multicore version 2.2.2.6 COVID-edition for Linux 64-bit built May 27 2023
Developed by Bui Quang Minh, James Barbetti, Nguyen Lam Tung,
Olga Chernomor, Heiko Schmidt, Dominik Schrempf, Michael Woodhams, Ly Trong Nhan.

Host:    i24 (AVX2, FMA3, 503 GB RAM)
Command: iqtree2 -s FungalCW_tree_20231129/198196at4751.aa.mfa -gz -B 1000 -alrt 1000 -nt 2
Seed:    414702 (Using SPRNG - Scalable Parallel Random Number Generator)
Time:    Wed Nov 29 01:31:34 2023
Kernel:  AVX+FMA - 2 threads (2 CPU cores detected)

Reading alignment file FungalCW_tree_20231129/198196at4751.aa.mfa ... Fasta format detected
Reading fasta file: done in 0.000287771 secs
Alignment most likely contains protein sequences
Constructing alignment: done in 0.00146198 secs using 198% CPU
Alignment has 18 sequences with 687 columns, 590 distinct patterns
376 parsimony-informative, 158 singleton sites, 153 constant sites
                                                               Gap/Ambiguity  Composition  p-value
Analyzing sequences: done in 3.69549e-05 secs using 100.1% CPU
   1  Basidiobolus_meristosporus_CBS_931.73.Basme2finSC.v1            24.89%    passed     99.56%
   2  Botrytis_cinerea_T4                                             19.65%    passed     98.58%
   3  Capillidium_pumilum_ARSEF_79                                    18.92%    passed     13.95%
   4  Colletotrichum_graminicola_M1.001                               15.43%    passed     98.89%
   5  Colletotrichum_higginsianum_IMI_349063                          15.43%    passed     99.76%
   6  Fusarium_graminearum_PH-1                                       15.57%    passed     99.99%
   7  Fusarium_verticillioides_7600                                   15.14%    passed    100.00%
   8  Gilbertella_persicaria_var_persicaria_CBS_190.32-T.Gilper1.v1   31.30%    passed     83.69%
   9  Mortierella_elongata_AG-77                                      20.23%    passed     86.27%
  10  Mucor_mucedo_NRRL_3635                                          30.13%    passed     98.14%
  11  Neoconidiobolus_thromboides_FSU_785.Conth1.v1                   16.30%    failed      0.00%
  12  Phycomyces_blakesleeanus_NRRL_1555.Phybl2.v2                    23.44%    passed     89.48%
  13  Rhizopus_stolonifer_NRRL_66455                                  32.75%    passed     52.46%
  14  Trichoderma_harzianum_CBS_226.95                                17.03%    passed     65.17%
  15  Umbelopsis_ramanniana_NRRL_5844.Umbra1.v1                       19.51%    passed     77.23%
  16  Ustilago_maydis                                                 32.75%    passed     59.69%
  17  Zoophthora_radicans_ATCC_208865                                 12.23%    passed     35.03%
  18  Zymoseptoria_tritici_IP0323                                     16.30%    passed     76.67%
****  TOTAL                                                           20.94%  1 sequences failed composition chi2 test (p-value<5%; df=19)
Checking for duplicate sequences: done in 0.000101089 secs using 198.8% CPU


Create initial parsimony tree by phylogenetic likelihood library (PLL)... 0.005 seconds
Perform fast likelihood tree search using LG+I+G model...
Estimate model parameters (epsilon = 5.000)
Perform nearest neighbor interchange...
Optimizing NNI: done in 0.246146 secs using 198.5% CPU
Estimate model parameters (epsilon = 1.000)
1. Initial log-likelihood: -13259.568
Optimal log-likelihood: -13259.146
Proportion of invariable sites: 0.070
Gamma shape alpha: 0.484
Parameters optimization took 1 rounds (0.119 sec)
Time for fast ML tree search: 0.765 seconds

NOTE: ModelFinder requires 19 MB RAM!
ModelFinder will test up to 1232 protein models (sample size: 687) ...
 No. Model         -LnL         df  AIC          AICc         BIC
  1  LG            14423.585    33  28913.171    28916.607    29062.738
  2  LG+I          13927.002    34  27922.005    27925.655    28076.104
  3  LG+G4         13256.550    34  26581.100    26584.750    26735.199
  4  LG+I+G4       13257.474    35  26584.947    26588.818    26743.579
  5  LG+R2         13444.323    35  26958.646    26962.517    27117.278
  6  LG+R3         13284.943    37  26643.886    26648.219    26811.582
  7  LG+R4         13253.961    39  26585.922    26590.744    26762.683
  8  LG+R5         13245.665    41  26573.330    26578.669    26759.156
  9  LG+R6         13229.485    43  26544.970    26550.855    26739.861
 10  LG+R7         13229.019    45  26548.038    26554.496    26751.993
 14  LG+I+R2       13333.751    36  26739.502    26743.601    26902.666
 15  LG+I+R3       13255.565    38  26587.130    26591.704    26759.359
 16  LG+I+R4       13245.334    40  26570.668    26575.745    26751.961
 17  LG+I+R5       13229.504    42  26543.008    26548.616    26733.366
WARNING: Log-likelihood -13233.5 of LG+I+R6 worse than LG+I+R5 -13229.5
 18  LG+I+R6       13233.452    44  26554.905    26561.073    26754.327
 25  LG+F+G4       13268.793    53  26643.586    26652.628    26883.799
 31  LG+F+R6       13242.667    62  26609.333    26621.852    26890.338
 39  LG+F+I+R5     13242.185    61  26606.370    26618.472    26882.842
 47  WAG+G4        13272.629    34  26613.258    26616.908    26767.357
 53  WAG+R6        13264.609    43  26615.218    26621.103    26810.108
 61  WAG+I+R5      13249.403    42  26582.807    26588.416    26773.165
 69  WAG+F+G4      13274.025    53  26654.049    26663.092    26894.263
 75  WAG+F+R6      13265.547    62  26655.095    26667.614    26936.100
 83  WAG+F+I+R5    13250.477    61  26622.954    26635.056    26899.426
 91  JTT+G4        13323.554    34  26715.108    26718.758    26869.207
 97  JTT+R6        13313.973    43  26713.947    26719.832    26908.837
105  JTT+I+R5      13297.697    42  26679.394    26685.002    26869.752
113  JTT+F+G4      13354.346    53  26814.693    26823.735    27054.906
119  JTT+F+R6      13344.889    62  26813.778    26826.297    27094.783
127  JTT+F+I+R5    13328.898    61  26779.796    26791.899    27056.269
WARNING: Normalizing state frequencies so that sum of them equals to 1
135  Q.pfam+G4     13265.480    34  26598.960    26602.610    26753.059
WARNING: Normalizing state frequencies so that sum of them equals to 1
141  Q.pfam+R6     13240.858    43  26567.715    26573.600    26762.606
WARNING: Normalizing state frequencies so that sum of them equals to 1
149  Q.pfam+I+R5   13239.754    42  26563.507    26569.116    26753.865
WARNING: Normalizing state frequencies so that sum of them equals to 1
157  Q.pfam+F+G4   13270.897    53  26647.793    26656.836    26888.007
WARNING: Normalizing state frequencies so that sum of them equals to 1
163  Q.pfam+F+R6   13246.230    62  26616.461    26628.980    26897.465
WARNING: Normalizing state frequencies so that sum of them equals to 1
171  Q.pfam+F+I+R5 13244.833    61  26611.666    26623.768    26888.138
WARNING: Normalizing state frequencies so that sum of them equals to 1
179  Q.bird+G4     13540.462    34  27148.924    27152.574    27303.023
WARNING: Normalizing state frequencies so that sum of them equals to 1
185  Q.bird+R6     13506.660    43  27099.321    27105.205    27294.211
WARNING: Normalizing state frequencies so that sum of them equals to 1
193  Q.bird+I+R5   13504.053    42  27092.105    27097.714    27282.463
WARNING: Normalizing state frequencies so that sum of them equals to 1
201  Q.bird+F+G4   13575.689    53  27257.378    27266.421    27497.592
WARNING: Normalizing state frequencies so that sum of them equals to 1
207  Q.bird+F+R6   13543.784    62  27211.569    27224.088    27492.574
WARNING: Normalizing state frequencies so that sum of them equals to 1
215  Q.bird+F+I+R5 13539.851    61  27201.703    27213.805    27478.175
WARNING: Normalizing state frequencies so that sum of them equals to 1
223  Q.mammal+G4   13466.574    34  27001.148    27004.799    27155.248
WARNING: Normalizing state frequencies so that sum of them equals to 1
229  Q.mammal+R6   13439.099    43  26964.199    26970.084    27159.089
WARNING: Normalizing state frequencies so that sum of them equals to 1
237  Q.mammal+I+R5 13438.821    42  26961.643    26967.252    27152.001
WARNING: Normalizing state frequencies so that sum of them equals to 1
245  Q.mammal+F+G4 13491.441    53  27088.883    27097.926    27329.097
WARNING: Normalizing state frequencies so that sum of them equals to 1
251  Q.mammal+F+R6 13463.674    62  27051.349    27063.868    27332.353
WARNING: Normalizing state frequencies so that sum of them equals to 1
259  Q.mammal+F+I+R5 13463.511    61  27049.022    27061.125    27325.495
267  Q.insect+G4   13302.055    34  26672.111    26675.761    26826.210
273  Q.insect+R6   13278.246    43  26642.492    26648.377    26837.383
281  Q.insect+I+R5 13277.609    42  26639.218    26644.826    26829.576
289  Q.insect+F+G4 13302.794    53  26711.589    26720.632    26951.803
295  Q.insect+F+R6 13280.633    62  26685.267    26697.786    26966.272
303  Q.insect+F+I+R5 13280.055    61  26682.109    26694.212    26958.582
WARNING: Normalizing state frequencies so that sum of them equals to 1
311  Q.plant+G4    13418.714    34  26905.428    26909.078    27059.527
WARNING: Normalizing state frequencies so that sum of them equals to 1
317  Q.plant+R6    13378.803    43  26843.606    26849.491    27038.497
WARNING: Normalizing state frequencies so that sum of them equals to 1
325  Q.plant+I+R5  13375.167    42  26834.335    26839.943    27024.693
WARNING: Normalizing state frequencies so that sum of them equals to 1
333  Q.plant+F+G4  13415.190    53  26936.380    26945.423    27176.594
WARNING: Normalizing state frequencies so that sum of them equals to 1
339  Q.plant+F+R6  13376.756    62  26877.511    26890.030    27158.516
WARNING: Normalizing state frequencies so that sum of them equals to 1
347  Q.plant+F+I+R5 13373.212    61  26868.423    26880.526    27144.896
WARNING: Normalizing state frequencies so that sum of them equals to 1
355  Q.yeast+G4    13308.565    34  26685.131    26688.781    26839.230
WARNING: Normalizing state frequencies so that sum of them equals to 1
361  Q.yeast+R6    13278.459    43  26642.919    26648.804    26837.809
WARNING: Normalizing state frequencies so that sum of them equals to 1
369  Q.yeast+I+R5  13278.328    42  26640.656    26646.265    26831.014
WARNING: Normalizing state frequencies so that sum of them equals to 1
377  Q.yeast+F+G4  13293.330    53  26692.659    26701.702    26932.873
WARNING: Normalizing state frequencies so that sum of them equals to 1
383  Q.yeast+F+R6  13265.736    62  26655.472    26667.992    26936.477
WARNING: Normalizing state frequencies so that sum of them equals to 1
391  Q.yeast+F+I+R5 13265.601    61  26653.202    26665.304    26929.674
399  JTTDCMut+G4   13322.057    34  26712.113    26715.764    26866.213
405  JTTDCMut+R6   13312.161    43  26710.321    26716.206    26905.211
413  JTTDCMut+I+R5 13295.870    42  26675.741    26681.349    26866.099
421  JTTDCMut+F+G4 13351.372    53  26808.745    26817.788    27048.959
427  JTTDCMut+F+R6 13341.950    62  26807.900    26820.420    27088.905
435  JTTDCMut+F+I+R5 13325.680    61  26773.360    26785.462    27049.832
443  DCMut+G4      13411.494    34  26890.987    26894.638    27045.087
449  DCMut+R6      13402.994    43  26891.988    26897.873    27086.879
457  DCMut+I+R5    13379.528    42  26843.055    26848.664    27033.413
465  DCMut+F+G4    13383.282    53  26872.564    26881.606    27112.777
471  DCMut+F+R6    13374.135    62  26872.270    26884.789    27153.275
479  DCMut+F+I+R5  13350.201    61  26822.402    26834.504    27098.874
487  VT+G4         13245.201    34  26558.402    26562.053    26712.502
493  VT+R6         13240.000    43  26566.000    26571.885    26760.890
501  VT+I+R5       13231.778    42  26547.557    26553.165    26737.915
509  VT+F+G4       13272.500    53  26650.999    26660.042    26891.213
515  VT+F+R6       13267.212    62  26658.423    26670.942    26939.428
523  VT+F+I+R5     13259.082    61  26640.163    26652.266    26916.636
531  PMB+G4        13315.272    34  26698.544    26702.194    26852.643
537  PMB+R6        13308.290    43  26702.581    26708.466    26897.471
545  PMB+I+R5      13301.749    42  26687.497    26693.106    26877.855
553  PMB+F+G4      13293.698    53  26693.396    26702.439    26933.610
559  PMB+F+R6      13287.370    62  26698.739    26711.258    26979.744
567  PMB+F+I+R5    13281.011    61  26684.022    26696.124    26960.494
575  Blosum62+G4   13304.120    34  26676.241    26679.891    26830.340
581  Blosum62+R6   13297.877    43  26681.755    26687.640    26876.645
589  Blosum62+I+R5 13290.738    42  26665.477    26671.085    26855.835
597  Blosum62+F+G4 13281.692    53  26669.384    26678.427    26909.598
603  Blosum62+F+R6 13275.559    62  26675.117    26687.636    26956.122
611  Blosum62+F+I+R5 13268.897    61  26659.795    26671.897    26936.267
619  Dayhoff+G4    13411.317    34  26890.634    26894.284    27044.733
625  Dayhoff+R6    13402.874    43  26891.748    26897.633    27086.638
633  Dayhoff+I+R5  13379.218    42  26842.436    26848.045    27032.794
641  Dayhoff+F+G4  13383.069    53  26872.139    26881.181    27112.352
647  Dayhoff+F+R6  13372.358    62  26868.715    26881.235    27149.720
655  Dayhoff+F+I+R5 13349.939    61  26821.878    26833.980    27098.350
663  mtREV+G4      13855.586    34  27779.172    27782.822    27933.271
669  mtREV+R6      13824.750    43  27735.501    27741.386    27930.391
677  mtREV+I+R5    13807.937    42  27699.875    27705.483    27890.233
685  mtREV+F+G4    13405.419    53  26916.839    26925.882    27157.053
691  mtREV+F+R6    13367.823    62  26859.647    26872.166    27140.651
699  mtREV+F+I+R5  13366.511    61  26855.021    26867.124    27131.494
707  mtART+G4      14069.452    34  28206.904    28210.555    28361.004
713  mtART+R6      14002.893    43  28091.786    28097.671    28286.677
721  mtART+I+R5    13993.846    42  28071.692    28077.301    28262.050
729  mtART+F+G4    13565.725    53  27237.450    27246.492    27477.664
735  mtART+F+R6    13508.954    62  27141.909    27154.428    27422.913
743  mtART+F+I+R5  13498.114    61  27118.228    27130.330    27394.700
751  mtZOA+G4      13842.815    34  27753.630    27757.280    27907.729
757  mtZOA+R6      13789.938    43  27665.875    27671.760    27860.766
765  mtZOA+I+R5    13783.391    42  27650.782    27656.391    27841.140
773  mtZOA+F+G4    13461.987    53  27029.973    27039.016    27270.187
779  mtZOA+F+R6    13418.606    62  26961.212    26973.731    27242.217
787  mtZOA+F+I+R5  13410.014    61  26942.027    26954.130    27218.500
795  mtMet+G4      13952.681    34  27973.363    27977.013    28127.462
801  mtMet+R6      13930.433    43  27946.865    27952.750    28141.756
809  mtMet+I+R5    13909.197    42  27902.394    27908.003    28092.752
817  mtMet+F+G4    13484.274    53  27074.548    27083.591    27314.762
823  mtMet+F+R6    13449.654    62  27023.308    27035.827    27304.313
831  mtMet+F+I+R5  13444.054    61  27010.109    27022.211    27286.581
839  mtVer+G4      14002.184    34  28072.368    28076.019    28226.468
845  mtVer+R6      13968.578    43  28023.155    28029.040    28218.046
853  mtVer+I+R5    13946.291    42  27976.581    27982.190    28166.939
861  mtVer+F+G4    13612.910    53  27331.819    27340.862    27572.033
867  mtVer+F+R6    13567.442    62  27258.884    27271.403    27539.889
875  mtVer+F+I+R5  13557.536    61  27237.072    27249.175    27513.545
883  mtInv+G4      14061.953    34  28191.906    28195.557    28346.006
889  mtInv+R6      14046.962    43  28179.923    28185.808    28374.814
897  mtInv+I+R5    14030.013    42  28144.026    28149.634    28334.384
905  mtInv+F+G4    13404.443    53  26914.886    26923.929    27155.100
911  mtInv+F+R6    13376.130    62  26876.261    26888.780    27157.266
919  mtInv+F+I+R5  13375.140    61  26872.281    26884.383    27148.753
927  mtMAM+G4      14147.645    34  28363.290    28366.941    28517.390
933  mtMAM+R6      14079.869    43  28245.739    28251.624    28440.629
941  mtMAM+I+R5    14067.180    42  28218.360    28223.969    28408.718
949  mtMAM+F+G4    13706.071    53  27518.142    27527.185    27758.356
955  mtMAM+F+R6    13647.541    62  27419.083    27431.602    27700.088
963  mtMAM+F+I+R5  13633.395    61  27388.789    27400.891    27665.261
WARNING: Normalizing state frequencies so that sum of them equals to 1
971  FLAVI+G4      13837.857    34  27743.713    27747.364    27897.813
WARNING: Normalizing state frequencies so that sum of them equals to 1
977  FLAVI+R6      13785.738    43  27657.477    27663.362    27852.367
WARNING: Normalizing state frequencies so that sum of them equals to 1
985  FLAVI+I+R5    13776.800    42  27637.599    27643.208    27827.957
WARNING: Normalizing state frequencies so that sum of them equals to 1
993  FLAVI+F+G4    13754.637    53  27615.275    27624.317    27855.488
WARNING: Normalizing state frequencies so that sum of them equals to 1
999  FLAVI+F+R6    13706.965    62  27537.931    27550.450    27818.935
WARNING: Normalizing state frequencies so that sum of them equals to 1
1007  FLAVI+F+I+R5  13694.745    61  27511.490    27523.592    27787.962
1015  HIVb+G4       13614.188    34  27296.376    27300.026    27450.475
1021  HIVb+R6       13570.657    43  27227.313    27233.198    27422.203
1029  HIVb+I+R5     13567.311    42  27218.622    27224.231    27408.980
1037  HIVb+F+G4     13586.360    53  27278.719    27287.762    27518.933
1043  HIVb+F+R6     13542.498    62  27208.997    27221.516    27490.001
1051  HIVb+F+I+R5   13536.577    61  27195.153    27207.256    27471.626
1059  HIVw+G4       13996.899    34  28061.798    28065.448    28215.897
1065  HIVw+R6       13951.900    43  27989.799    27995.684    28184.689
1073  HIVw+I+R5     13941.760    42  27967.520    27973.128    28157.878
1081  HIVw+F+G4     13847.974    53  27801.948    27810.990    28042.162
1087  HIVw+F+R6     13800.056    62  27724.111    27736.630    28005.116
1095  HIVw+F+I+R5   13791.719    61  27705.437    27717.539    27981.909
1103  FLU+G4        13501.039    34  27070.078    27073.728    27224.177
1109  FLU+R6        13460.821    43  27007.642    27013.527    27202.532
1117  FLU+I+R5      13457.285    42  26998.570    27004.179    27188.928
1125  FLU+F+G4      13505.990    53  27117.980    27127.022    27358.193
1131  FLU+F+R6      13461.840    62  27047.680    27060.199    27328.684
1139  FLU+F+I+R5    13456.072    61  27034.145    27046.247    27310.617
1147  rtREV+G4      13326.863    34  26721.726    26725.376    26875.825
1153  rtREV+R6      13315.007    43  26716.014    26721.899    26910.905
1161  rtREV+I+R5    13300.859    42  26685.718    26691.327    26876.076
1169  rtREV+F+G4    13284.669    53  26675.339    26684.382    26915.553
1175  rtREV+F+R6    13260.038    62  26644.077    26656.596    26925.082
1183  rtREV+F+I+R5  13258.975    61  26639.951    26652.053    26916.423
1191  cpREV+G4      13369.224    34  26806.449    26810.099    26960.548
1197  cpREV+R6      13357.801    43  26801.601    26807.486    26996.492
1205  cpREV+I+R5    13348.396    42  26780.792    26786.400    26971.150
1213  cpREV+F+G4    13329.688    53  26765.376    26774.419    27005.590
1219  cpREV+F+R6    13318.161    62  26760.322    26772.841    27041.327
1227  cpREV+F+I+R5  13308.573    61  26739.146    26751.248    27015.618
Akaike Information Criterion:           LG+I+R5
Corrected Akaike Information Criterion: LG+I+R5
Bayesian Information Criterion:         VT+G4
Best-fit model: VT+G4 chosen according to BIC

All model information printed to FungalCW_tree_20231129/198196at4751.aa.mfa.model.gz
CPU time for ModelFinder: 2801.868 seconds (0h:46m:41s)
Wall-clock time for ModelFinder: 1413.082 seconds (0h:23m:33s)
Generating 1000 samples for ultrafast bootstrap (seed: 414702)...

NOTE: 9 MB RAM (0 GB) is required!
Estimate model parameters (epsilon = 0.100)
1. Initial log-likelihood: -13245.201
Optimal log-likelihood: -13245.181
Gamma shape alpha: 0.480
Parameters optimization took 1 rounds (0.060 sec)
Wrote distance file to... 
Computing ML distances based on estimated model parameters...
Calculating distance matrix: done in 0.0303981 secs using 198.7% CPU
Computing ML distances took 0.030629 sec (of wall-clock time) 0.060847 sec (of CPU time)
Setting up auxiliary I and S matrices: done in 5.91278e-05 secs using 199.6% CPU
Constructing RapidNJ tree: done in 0.000190973 secs using 199.5% CPU
Computing RapidNJ tree took 0.000349 sec (of wall-clock time) 0.000692 sec (of CPU time)
Log-likelihood of RapidNJ tree: -13273.672
--------------------------------------------------------------------
|             INITIALIZING CANDIDATE TREE SET                      |
--------------------------------------------------------------------
Generating 98 parsimony trees... 0.355 second
Computing log-likelihood of 98 initial trees ... 1.942 seconds
Current best score: -13245.181

Do NNI search on 20 best initial trees
Optimizing NNI: done in 0.121641 secs using 198.9% CPU
Estimate model parameters (epsilon = 0.100)
BETTER TREE FOUND at iteration 1: -13244.551
Optimizing NNI: done in 0.186971 secs using 198.8% CPU
Optimizing NNI: done in 0.286901 secs using 198.7% CPU
Optimizing NNI: done in 0.332626 secs using 198.1% CPU
Optimizing NNI: done in 0.244984 secs using 198.2% CPU
Optimizing NNI: done in 0.339695 secs using 198.2% CPU
Optimizing NNI: done in 0.423556 secs using 198.8% CPU
Optimizing NNI: done in 0.268589 secs using 198.3% CPU
Optimizing NNI: done in 0.431559 secs using 198.5% CPU
Optimizing NNI: done in 0.30079 secs using 199% CPU
Iteration 10 / LogL: -13250.199 / Time: 0h:0m:5s
Optimizing NNI: done in 0.345183 secs using 197.3% CPU
Optimizing NNI: done in 0.405765 secs using 198.2% CPU
Optimizing NNI: done in 0.331599 secs using 198.4% CPU
Optimizing NNI: done in 0.277403 secs using 198.3% CPU
Optimizing NNI: done in 0.2936 secs using 198.9% CPU
Optimizing NNI: done in 0.338001 secs using 199% CPU
Optimizing NNI: done in 0.331077 secs using 199% CPU
Optimizing NNI: done in 0.315487 secs using 197.7% CPU
Optimizing NNI: done in 0.289226 secs using 198% CPU
Optimizing NNI: done in 0.34627 secs using 197.5% CPU
Iteration 20 / LogL: -13246.932 / Time: 0h:0m:9s
Finish initializing candidate tree set (2)
Current best tree score: -13244.551 / CPU time: 8.668
Number of iterations: 20
--------------------------------------------------------------------
|               OPTIMIZING CANDIDATE TREE SET                      |
--------------------------------------------------------------------
Optimizing NNI: done in 0.249318 secs using 198.6% CPU
Optimizing NNI: done in 0.277737 secs using 198.6% CPU
Optimizing NNI: done in 0.33818 secs using 198.7% CPU
Optimizing NNI: done in 0.311468 secs using 199% CPU
Optimizing NNI: done in 0.402092 secs using 197.7% CPU
Optimizing NNI: done in 0.277332 secs using 199% CPU
Optimizing NNI: done in 0.301043 secs using 198.7% CPU
Optimizing NNI: done in 0.320823 secs using 198.8% CPU
Optimizing NNI: done in 0.376445 secs using 198.9% CPU
Optimizing NNI: done in 0.380452 secs using 198.7% CPU
Iteration 30 / LogL: -13244.887 / Time: 0h:0m:12s (0h:0m:30s left)
Optimizing NNI: done in 0.35274 secs using 198.9% CPU
Optimizing NNI: done in 0.253135 secs using 198.6% CPU
Optimizing NNI: done in 0.237083 secs using 198.6% CPU
Optimizing NNI: done in 0.278854 secs using 199% CPU
Optimizing NNI: done in 0.296407 secs using 197.9% CPU
Optimizing NNI: done in 0.270907 secs using 198.2% CPU
Optimizing NNI: done in 0.264224 secs using 197.9% CPU
Optimizing NNI: done in 0.221866 secs using 199% CPU
Optimizing NNI: done in 0.295832 secs using 198% CPU
Optimizing NNI: done in 0.343785 secs using 199% CPU
Iteration 40 / LogL: -13244.764 / Time: 0h:0m:15s (0h:0m:24s left)
Optimizing NNI: done in 0.318897 secs using 199% CPU
Optimizing NNI: done in 0.449423 secs using 199% CPU
Optimizing NNI: done in 0.230652 secs using 198.9% CPU
Optimizing NNI: done in 0.370002 secs using 198.2% CPU
Optimizing NNI: done in 0.220921 secs using 198.6% CPU
Optimizing NNI: done in 0.437706 secs using 199% CPU
Optimizing NNI: done in 0.327585 secs using 197.5% CPU
Optimizing NNI: done in 0.463868 secs using 198.6% CPU
Optimizing NNI: done in 0.330674 secs using 199% CPU
Optimizing NNI: done in 0.250612 secs using 197.8% CPU
Iteration 50 / LogL: -13244.999 / Time: 0h:0m:18s (0h:0m:19s left)
Log-likelihood cutoff on original alignment: -13290.369
Optimizing NNI: done in 0.37247 secs using 198.7% CPU
Optimizing NNI: done in 0.380652 secs using 198.7% CPU
Optimizing NNI: done in 0.308303 secs using 198.7% CPU
Optimizing NNI: done in 0.31909 secs using 199% CPU
Optimizing NNI: done in 0.352757 secs using 198.5% CPU
Optimizing NNI: done in 0.354278 secs using 198.4% CPU
Optimizing NNI: done in 0.305575 secs using 199% CPU
Optimizing NNI: done in 0.368103 secs using 198.5% CPU
Optimizing NNI: done in 0.333657 secs using 198.4% CPU
Optimizing NNI: done in 0.223183 secs using 198.9% CPU
Iteration 60 / LogL: -13274.178 / Time: 0h:0m:22s (0h:0m:15s left)
Optimizing NNI: done in 0.328412 secs using 198.9% CPU
Optimizing NNI: done in 0.382811 secs using 199% CPU
Optimizing NNI: done in 0.362581 secs using 198.7% CPU
Optimizing NNI: done in 0.34927 secs using 199% CPU
Optimizing NNI: done in 0.34334 secs using 198.9% CPU
Optimizing NNI: done in 0.364494 secs using 198.2% CPU
Optimizing NNI: done in 0.246012 secs using 197.4% CPU
Optimizing NNI: done in 0.308801 secs using 199% CPU
Optimizing NNI: done in 0.338569 secs using 197.8% CPU
Optimizing NNI: done in 0.205481 secs using 198.5% CPU
Iteration 70 / LogL: -13274.175 / Time: 0h:0m:25s (0h:0m:11s left)
Optimizing NNI: done in 0.248185 secs using 198.5% CPU
Optimizing NNI: done in 0.3922 secs using 198.7% CPU
Optimizing NNI: done in 0.236109 secs using 198.6% CPU
Optimizing NNI: done in 0.375639 secs using 198.2% CPU
Optimizing NNI: done in 0.44903 secs using 198.7% CPU
Optimizing NNI: done in 0.447119 secs using 198.6% CPU
Optimizing NNI: done in 0.321688 secs using 198.4% CPU
Optimizing NNI: done in 0.311074 secs using 198.1% CPU
Optimizing NNI: done in 0.284398 secs using 198.4% CPU
Optimizing NNI: done in 0.361295 secs using 198.8% CPU
Iteration 80 / LogL: -13274.412 / Time: 0h:0m:29s (0h:0m:7s left)
Optimizing NNI: done in 0.447008 secs using 198.1% CPU
Optimizing NNI: done in 0.294519 secs using 199% CPU
Optimizing NNI: done in 0.318455 secs using 198.7% CPU
Optimizing NNI: done in 0.230222 secs using 198.9% CPU
Optimizing NNI: done in 0.275494 secs using 198.9% CPU
Optimizing NNI: done in 0.265169 secs using 199.3% CPU
Optimizing NNI: done in 0.299255 secs using 198.3% CPU
Optimizing NNI: done in 0.356142 secs using 199% CPU
Optimizing NNI: done in 0.367782 secs using 199% CPU
Optimizing NNI: done in 0.339309 secs using 198.7% CPU
Iteration 90 / LogL: -13274.090 / Time: 0h:0m:32s (0h:0m:4s left)
Optimizing NNI: done in 0.349405 secs using 198.3% CPU
Optimizing NNI: done in 0.263847 secs using 198.7% CPU
Optimizing NNI: done in 0.275174 secs using 198.7% CPU
Optimizing NNI: done in 0.190194 secs using 199% CPU
Optimizing NNI: done in 0.318631 secs using 198.7% CPU
Optimizing NNI: done in 0.282189 secs using 198.9% CPU
Optimizing NNI: done in 0.379459 secs using 198.5% CPU
Optimizing NNI: done in 0.388529 secs using 198.3% CPU
Optimizing NNI: done in 0.267292 secs using 199.2% CPU
Optimizing NNI: done in 0.420324 secs using 198.8% CPU
Iteration 100 / LogL: -13244.588 / Time: 0h:0m:35s (0h:0m:0s left)
Log-likelihood cutoff on original alignment: -13286.424
NOTE: Bootstrap correlation coefficient of split occurrence frequencies: 1.000
Optimizing NNI: done in 0.231229 secs using 198.6% CPU
Optimizing NNI: done in 0.371362 secs using 198.8% CPU
TREE SEARCH COMPLETED AFTER 102 ITERATIONS / Time: 0h:0m:36s

--------------------------------------------------------------------
|                    FINALIZING TREE SEARCH                        |
--------------------------------------------------------------------
Performs final model parameters optimization
Estimate model parameters (epsilon = 0.010)
1. Initial log-likelihood: -13244.551
Optimal log-likelihood: -13244.550
Gamma shape alpha: 0.482
Parameters optimization took 1 rounds (0.055 sec)
BEST SCORE FOUND : -13244.550

Testing tree branches by SH-like aLRT with 1000 replicates...
0.201 sec.
Creating bootstrap support values...
Split supports printed to NEXUS file FungalCW_tree_20231129/198196at4751.aa.mfa.splits.nex
Total tree length: 12.792

Total number of iterations: 102
CPU time used for tree search: 71.644 sec (0h:1m:11s)
Wall-clock time used for tree search: 36.222 sec (0h:0m:36s)
Total CPU time used: 73.075 sec (0h:1m:13s)
Total wall-clock time used: 37.039 sec (0h:0m:37s)

Computing bootstrap consensus tree...
Reading input file FungalCW_tree_20231129/198196at4751.aa.mfa.splits.nex...
18 taxa and 65 splits.
Consensus tree written to FungalCW_tree_20231129/198196at4751.aa.mfa.contree
Reading input trees file FungalCW_tree_20231129/198196at4751.aa.mfa.contree
Log-likelihood of consensus tree: -13244.550

Analysis results written to: 
  IQ-TREE report:                FungalCW_tree_20231129/198196at4751.aa.mfa.iqtree
  Maximum-likelihood tree:       FungalCW_tree_20231129/198196at4751.aa.mfa.treefile
  Likelihood distances:          FungalCW_tree_20231129/198196at4751.aa.mfa.mldist

Ultrafast bootstrap approximation results written to:
  Split support values:          FungalCW_tree_20231129/198196at4751.aa.mfa.splits.nex
  Consensus tree:                FungalCW_tree_20231129/198196at4751.aa.mfa.contree
  Screen log file:               FungalCW_tree_20231129/198196at4751.aa.mfa.log

Date and Time: Wed Nov 29 01:55:44 2023
