IQ-TREE multicore version 2.2.2.6 COVID-edition for Linux 64-bit built May 27 2023
Developed by Bui Quang Minh, James Barbetti, Nguyen Lam Tung,
Olga Chernomor, Heiko Schmidt, Dominik Schrempf, Michael Woodhams, Ly Trong Nhan.

Host:    i29 (AVX2, FMA3, 503 GB RAM)
Command: iqtree2 -s FungalCW_tree_20231129/202089at4751.aa.mfa -gz -B 1000 -alrt 1000 -nt 2
Seed:    682051 (Using SPRNG - Scalable Parallel Random Number Generator)
Time:    Wed Nov 29 01:31:34 2023
Kernel:  AVX+FMA - 2 threads (2 CPU cores detected)

Reading alignment file FungalCW_tree_20231129/202089at4751.aa.mfa ... Fasta format detected
Reading fasta file: done in 0.000229836 secs using 24.8% CPU
Alignment most likely contains protein sequences
Constructing alignment: done in 0.00102496 secs using 29.76% CPU
Alignment has 17 sequences with 423 columns, 399 distinct patterns
284 parsimony-informative, 81 singleton sites, 58 constant sites
                                                               Gap/Ambiguity  Composition  p-value
Analyzing sequences: done in 3.09944e-05 secs using 122.6% CPU
   1  Basidiobolus_meristosporus_CBS_931.73.Basme2finSC.v1            26.71%    passed     99.26%
   2  Botrytis_cinerea_T4                                             16.08%    passed     94.95%
   3  Colletotrichum_graminicola_M1.001                               16.55%    passed     91.78%
   4  Colletotrichum_higginsianum_IMI_349063                          17.02%    passed     86.15%
   5  Fusarium_graminearum_PH-1                                       15.84%    passed     96.55%
   6  Fusarium_verticillioides_7600                                   15.84%    passed     98.83%
   7  Gilbertella_persicaria_var_persicaria_CBS_190.32-T.Gilper1.v1   20.80%    passed     97.84%
   8  Mortierella_elongata_AG-77                                      19.62%    passed     31.62%
   9  Mucor_mucedo_NRRL_3635                                          21.51%    passed     95.13%
  10  Neoconidiobolus_thromboides_FSU_785.Conth1.v1                   21.75%    passed      7.68%
  11  Phycomyces_blakesleeanus_NRRL_1555.Phybl2.v2                    22.22%    passed     83.82%
  12  Rhizopus_stolonifer_NRRL_66455                                  21.04%    passed     98.00%
  13  Trichoderma_harzianum_CBS_226.95                                16.31%    passed     95.34%
  14  Umbelopsis_ramanniana_NRRL_5844.Umbra1.v1                       22.70%    passed     83.26%
  15  Ustilago_maydis                                                 16.08%    passed     65.61%
  16  Zoophthora_radicans_ATCC_208865                                 22.22%    passed     58.30%
  17  Zymoseptoria_tritici_IP0323                                     23.40%    passed     72.54%
****  TOTAL                                                           19.75%  0 sequences failed composition chi2 test (p-value<5%; df=19)
Checking for duplicate sequences: done in 0.000115871 secs using 203.7% CPU


Create initial parsimony tree by phylogenetic likelihood library (PLL)... 0.002 seconds
Perform fast likelihood tree search using LG+I+G model...
Estimate model parameters (epsilon = 5.000)
Perform nearest neighbor interchange...
Optimizing NNI: done in 0.081445 secs using 196% CPU
Estimate model parameters (epsilon = 1.000)
1. Initial log-likelihood: -7625.935
Optimal log-likelihood: -7625.258
Proportion of invariable sites: 0.026
Gamma shape alpha: 1.113
Parameters optimization took 1 rounds (0.086 sec)
Time for fast ML tree search: 0.350 seconds

NOTE: ModelFinder requires 12 MB RAM!
ModelFinder will test up to 1232 protein models (sample size: 423) ...
 No. Model         -LnL         df  AIC          AICc         BIC
  1  LG            7839.475     31  15740.949    15746.023    15866.418
  2  LG+I          7798.568     32  15661.135    15666.550    15790.651
  3  LG+G4         7623.462     32  15310.924    15316.339    15440.440
  4  LG+I+G4       7623.956     33  15313.912    15319.680    15447.475
  5  LG+R2         7632.457     33  15330.915    15336.684    15464.478
  6  LG+R3         7611.942     35  15293.883    15300.395    15435.541
  7  LG+R4         7611.292     37  15296.584    15303.888    15446.337
 14  LG+I+R2       7623.951     34  15315.902    15322.036    15453.513
 15  LG+I+R3       7612.218     36  15296.436    15303.338    15442.141
 16  LG+I+R4       7611.584     38  15299.169    15306.887    15452.969
 25  LG+F+G4       7539.089     51  15180.177    15194.474    15386.593
 28  LG+F+R3       7528.551     54  15165.102    15181.243    15383.660
 37  LG+F+I+R3     7529.071     55  15168.142    15184.926    15390.747
 47  WAG+G4        7664.586     32  15393.171    15398.586    15522.687
 50  WAG+R3        7657.711     35  15385.421    15391.933    15527.079
 59  WAG+I+R3      7657.897     36  15387.793    15394.695    15533.498
 69  WAG+F+G4      7591.969     51  15285.938    15300.234    15492.354
 72  WAG+F+R3      7585.949     54  15279.898    15296.040    15498.457
 81  WAG+F+I+R3    7585.588     55  15281.176    15297.961    15503.782
 91  JTT+G4        7665.922     32  15395.844    15401.259    15525.360
 94  JTT+R3        7659.560     35  15389.119    15395.631    15530.777
103  JTT+I+R3      7659.311     36  15390.622    15397.523    15536.327
113  JTT+F+G4      7603.737     51  15309.473    15323.770    15515.889
116  JTT+F+R3      7597.890     54  15303.779    15319.921    15522.337
125  JTT+F+I+R3    7597.539     55  15305.077    15321.862    15527.683
WARNING: Normalizing state frequencies so that sum of them equals to 1
135  Q.pfam+G4     7611.300     32  15286.600    15292.015    15416.116
WARNING: Normalizing state frequencies so that sum of them equals to 1
138  Q.pfam+R3     7599.833     35  15269.666    15276.178    15411.324
WARNING: Normalizing state frequencies so that sum of them equals to 1
147  Q.pfam+I+R3   7600.290     36  15272.581    15279.482    15418.286
WARNING: Normalizing state frequencies so that sum of them equals to 1
157  Q.pfam+F+G4   7536.027     51  15174.053    15188.350    15380.469
WARNING: Normalizing state frequencies so that sum of them equals to 1
160  Q.pfam+F+R3   7525.245     54  15158.491    15174.632    15377.049
WARNING: Normalizing state frequencies so that sum of them equals to 1
169  Q.pfam+F+I+R3 7525.479     55  15160.958    15177.742    15383.563
WARNING: Normalizing state frequencies so that sum of them equals to 1
179  Q.bird+G4     7802.105     32  15668.211    15673.626    15797.727
WARNING: Normalizing state frequencies so that sum of them equals to 1
182  Q.bird+R3     7793.003     35  15656.007    15662.518    15797.665
WARNING: Normalizing state frequencies so that sum of them equals to 1
191  Q.bird+I+R3   7789.115     36  15650.231    15657.132    15795.936
WARNING: Normalizing state frequencies so that sum of them equals to 1
201  Q.bird+F+G4   7720.872     51  15543.745    15558.041    15750.161
WARNING: Normalizing state frequencies so that sum of them equals to 1
204  Q.bird+F+R3   7711.713     54  15531.426    15547.568    15749.985
WARNING: Normalizing state frequencies so that sum of them equals to 1
213  Q.bird+F+I+R3 7708.761     55  15527.522    15544.307    15750.127
WARNING: Normalizing state frequencies so that sum of them equals to 1
223  Q.mammal+G4   7749.533     32  15563.065    15568.481    15692.581
WARNING: Normalizing state frequencies so that sum of them equals to 1
226  Q.mammal+R3   7739.269     35  15548.538    15555.050    15690.196
WARNING: Normalizing state frequencies so that sum of them equals to 1
235  Q.mammal+I+R3 7735.353     36  15542.705    15549.607    15688.410
WARNING: Normalizing state frequencies so that sum of them equals to 1
245  Q.mammal+F+G4 7664.550     51  15431.100    15445.396    15637.516
WARNING: Normalizing state frequencies so that sum of them equals to 1
248  Q.mammal+F+R3 7655.196     54  15418.392    15434.534    15636.951
WARNING: Normalizing state frequencies so that sum of them equals to 1
257  Q.mammal+F+I+R3 7652.110     55  15414.219    15431.004    15636.825
267  Q.insect+G4   7640.311     32  15344.622    15350.038    15474.138
270  Q.insect+R3   7631.067     35  15332.134    15338.646    15473.792
279  Q.insect+I+R3 7630.903     36  15333.806    15340.707    15479.511
289  Q.insect+F+G4 7535.281     51  15172.562    15186.858    15378.978
292  Q.insect+F+R3 7526.025     54  15160.050    15176.191    15378.608
301  Q.insect+F+I+R3 7526.219     55  15162.439    15179.224    15385.044
WARNING: Normalizing state frequencies so that sum of them equals to 1
311  Q.plant+G4    7681.870     32  15427.739    15433.155    15557.255
WARNING: Normalizing state frequencies so that sum of them equals to 1
314  Q.plant+R3    7668.966     35  15407.933    15414.444    15549.591
WARNING: Normalizing state frequencies so that sum of them equals to 1
323  Q.plant+I+R3  7669.127     36  15410.253    15417.155    15555.959
WARNING: Normalizing state frequencies so that sum of them equals to 1
333  Q.plant+F+G4  7591.886     51  15285.772    15300.068    15492.188
WARNING: Normalizing state frequencies so that sum of them equals to 1
336  Q.plant+F+R3  7580.488     54  15268.975    15285.116    15487.533
WARNING: Normalizing state frequencies so that sum of them equals to 1
345  Q.plant+F+I+R3 7580.502     55  15271.004    15287.789    15493.609
WARNING: Normalizing state frequencies so that sum of them equals to 1
355  Q.yeast+G4    7647.953     32  15359.905    15365.321    15489.421
WARNING: Normalizing state frequencies so that sum of them equals to 1
358  Q.yeast+R3    7636.500     35  15342.999    15349.511    15484.657
WARNING: Normalizing state frequencies so that sum of them equals to 1
367  Q.yeast+I+R3  7636.623     36  15345.245    15352.147    15490.951
WARNING: Normalizing state frequencies so that sum of them equals to 1
377  Q.yeast+F+G4  7530.359     51  15162.719    15177.015    15369.134
WARNING: Normalizing state frequencies so that sum of them equals to 1
380  Q.yeast+F+R3  7520.329     54  15148.658    15164.800    15367.216
WARNING: Normalizing state frequencies so that sum of them equals to 1
389  Q.yeast+F+I+R3 7520.631     55  15151.262    15168.047    15373.867
399  JTTDCMut+G4   7666.542     32  15397.084    15402.499    15526.600
402  JTTDCMut+R3   7660.447     35  15390.895    15397.406    15532.553
411  JTTDCMut+I+R3 7660.273     36  15392.546    15399.448    15538.252
421  JTTDCMut+F+G4 7603.760     51  15309.520    15323.816    15515.936
424  JTTDCMut+F+R3 7598.092     54  15304.184    15320.325    15522.742
433  JTTDCMut+F+I+R3 7597.864     55  15305.727    15322.512    15528.333
443  DCMut+G4      7724.863     32  15513.726    15519.141    15643.242
446  DCMut+R3      7719.458     35  15508.916    15515.427    15650.574
455  DCMut+I+R3    7719.378     36  15510.755    15517.657    15656.461
465  DCMut+F+G4    7633.382     51  15368.763    15383.060    15575.179
468  DCMut+F+R3    7628.407     54  15364.814    15380.955    15583.372
477  DCMut+F+I+R3  7627.413     55  15364.826    15381.611    15587.432
487  VT+G4         7651.095     32  15366.191    15371.606    15495.707
490  VT+R3         7644.983     35  15359.966    15366.478    15501.624
499  VT+I+R3       7645.075     36  15362.150    15369.052    15507.855
509  VT+F+G4       7586.305     51  15274.610    15288.906    15481.026
512  VT+F+R3       7580.909     54  15269.818    15285.960    15488.376
521  VT+F+I+R3     7580.910     55  15271.821    15288.606    15494.426
531  PMB+G4        7685.633     32  15435.267    15440.682    15564.783
534  PMB+R3        7679.165     35  15428.330    15434.841    15569.988
543  PMB+I+R3      7679.195     36  15430.391    15437.292    15576.096
553  PMB+F+G4      7619.263     51  15340.527    15354.823    15546.943
556  PMB+F+R3      7613.290     54  15334.580    15350.721    15553.138
565  PMB+F+I+R3    7613.127     55  15336.253    15353.038    15558.859
575  Blosum62+G4   7706.051     32  15476.101    15481.517    15605.617
578  Blosum62+R3   7700.447     35  15470.893    15477.405    15612.551
587  Blosum62+I+R3 7700.561     36  15473.122    15480.024    15618.828
597  Blosum62+F+G4 7626.699     51  15355.397    15369.694    15561.813
600  Blosum62+F+R3 7621.784     54  15351.569    15367.710    15570.127
609  Blosum62+F+I+R3 7621.650     55  15353.300    15370.085    15575.905
619  Dayhoff+G4    7725.010     32  15514.020    15519.436    15643.536
622  Dayhoff+R3    7719.592     35  15509.185    15515.696    15650.843
631  Dayhoff+I+R3  7719.515     36  15511.031    15517.932    15656.736
641  Dayhoff+F+G4  7633.553     51  15369.107    15383.403    15575.523
644  Dayhoff+F+R3  7628.570     54  15365.139    15381.280    15583.697
653  Dayhoff+F+I+R3 7627.581     55  15365.162    15381.946    15587.767
663  mtREV+G4      7849.224     32  15762.447    15767.863    15891.963
666  mtREV+R3      7836.439     35  15742.879    15749.390    15884.537
675  mtREV+I+R3    7836.644     36  15745.288    15752.189    15890.993
685  mtREV+F+G4    7685.401     51  15472.801    15487.098    15679.217
688  mtREV+F+R3    7677.711     54  15463.422    15479.563    15681.980
697  mtREV+F+I+R3  7677.970     55  15465.940    15482.725    15688.545
707  mtART+G4      7843.402     32  15750.805    15756.220    15880.321
710  mtART+R3      7826.457     35  15722.914    15729.426    15864.572
719  mtART+I+R3    7826.396     36  15724.792    15731.694    15870.498
729  mtART+F+G4    7654.425     51  15410.849    15425.146    15617.265
732  mtART+F+R3    7639.359     54  15386.719    15402.860    15605.277
741  mtART+F+I+R3  7639.331     55  15388.662    15405.447    15611.267
751  mtZOA+G4      7719.391     32  15502.782    15508.197    15632.298
754  mtZOA+R3      7703.690     35  15477.381    15483.892    15619.039
763  mtZOA+I+R3    7703.649     36  15479.298    15486.200    15625.004
773  mtZOA+F+G4    7601.657     51  15305.314    15319.611    15511.730
776  mtZOA+F+R3    7588.582     54  15285.164    15301.306    15503.722
785  mtZOA+F+I+R3  7588.748     55  15287.495    15304.280    15510.101
795  mtMet+G4      7867.397     32  15798.794    15804.209    15928.310
798  mtMet+R3      7855.074     35  15780.148    15786.660    15921.806
807  mtMet+I+R3    7854.768     36  15781.535    15788.437    15927.241
817  mtMet+F+G4    7666.857     51  15435.714    15450.011    15642.130
820  mtMet+F+R3    7657.047     54  15422.093    15438.235    15640.652
829  mtMet+F+I+R3  7656.431     55  15422.862    15439.647    15645.468
839  mtVer+G4      7945.286     32  15954.572    15959.987    16084.088
842  mtVer+R3      7933.534     35  15937.069    15943.580    16078.727
851  mtVer+I+R3    7933.499     36  15938.997    15945.899    16084.702
861  mtVer+F+G4    7781.225     51  15664.451    15678.747    15870.866
864  mtVer+F+R3    7772.184     54  15652.369    15668.510    15870.927
873  mtVer+F+I+R3  7770.509     55  15651.018    15667.803    15873.624
883  mtInv+G4      7904.643     32  15873.287    15878.702    16002.803
886  mtInv+R3      7893.880     35  15857.760    15864.272    15999.418
895  mtInv+I+R3    7893.099     36  15858.198    15865.100    16003.903
905  mtInv+F+G4    7599.110     51  15300.219    15314.516    15506.635
908  mtInv+F+R3    7590.816     54  15289.633    15305.774    15508.191
917  mtInv+F+I+R3  7590.726     55  15291.452    15308.237    15514.058
927  mtMAM+G4      8021.823     32  16107.646    16113.061    16237.162
930  mtMAM+R3      8008.011     35  16086.023    16092.534    16227.681
939  mtMAM+I+R3    8008.119     36  16088.238    16095.139    16233.943
949  mtMAM+F+G4    7825.482     51  15752.964    15767.261    15959.380
952  mtMAM+F+R3    7812.452     54  15732.905    15749.046    15951.463
961  mtMAM+F+I+R3  7812.398     55  15734.796    15751.580    15957.401
WARNING: Normalizing state frequencies so that sum of them equals to 1
971  FLAVI+G4      7918.790     32  15901.579    15906.995    16031.095
WARNING: Normalizing state frequencies so that sum of them equals to 1
974  FLAVI+R3      7910.061     35  15890.121    15896.633    16031.779
WARNING: Normalizing state frequencies so that sum of them equals to 1
983  FLAVI+I+R3    7905.996     36  15883.991    15890.893    16029.697
WARNING: Normalizing state frequencies so that sum of them equals to 1
993  FLAVI+F+G4    7839.231     51  15780.461    15794.758    15986.877
WARNING: Normalizing state frequencies so that sum of them equals to 1
996  FLAVI+F+R3    7831.806     54  15771.613    15787.754    15990.171
WARNING: Normalizing state frequencies so that sum of them equals to 1
1005  FLAVI+F+I+R3  7827.427     55  15764.855    15781.639    15987.460
1015  HIVb+G4       7911.203     32  15886.405    15891.821    16015.921
1018  HIVb+R3       7907.361     35  15884.723    15891.235    16026.381
1027  HIVb+I+R3     7902.348     36  15876.696    15883.597    16022.401
1037  HIVb+F+G4     7768.714     51  15639.427    15653.724    15845.843
1040  HIVb+F+R3     7764.666     54  15637.332    15653.473    15855.890
1049  HIVb+F+I+R3   7758.466     55  15626.931    15643.716    15849.537
1059  HIVw+G4       8184.583     32  16433.167    16438.582    16562.683
1062  HIVw+R3       8182.374     35  16434.748    16441.260    16576.406
1071  HIVw+I+R3     8175.565     36  16423.129    16430.031    16568.835
1081  HIVw+F+G4     7962.610     51  16027.220    16041.516    16233.636
1084  HIVw+F+R3     7958.227     54  16024.454    16040.595    16243.012
1093  HIVw+F+I+R3   7951.421     55  16012.841    16029.626    16235.447
1103  FLU+G4        7827.353     32  15718.706    15724.122    15848.222
1106  FLU+R3        7816.680     35  15703.361    15709.872    15845.019
1115  FLU+I+R3      7812.856     36  15697.711    15704.613    15843.416
1125  FLU+F+G4      7692.173     51  15486.346    15500.642    15692.762
1128  FLU+F+R3      7680.556     54  15469.111    15485.252    15687.669
1137  FLU+F+I+R3    7677.736     55  15465.471    15482.256    15688.077
1147  rtREV+G4      7683.712     32  15431.424    15436.839    15560.940
1150  rtREV+R3      7672.138     35  15414.277    15420.788    15555.935
1159  rtREV+I+R3    7672.794     36  15417.589    15424.490    15563.294
1169  rtREV+F+G4    7563.162     51  15228.324    15242.620    15434.740
1172  rtREV+F+R3    7553.807     54  15215.615    15231.756    15434.173
1181  rtREV+F+I+R3  7554.364     55  15218.728    15235.513    15441.334
1191  cpREV+G4      7726.780     32  15517.560    15522.976    15647.076
1194  cpREV+R3      7721.776     35  15513.552    15520.064    15655.210
1203  cpREV+I+R3    7721.067     36  15514.133    15521.035    15659.838
1213  cpREV+F+G4    7653.555     51  15409.110    15423.406    15615.526
1216  cpREV+F+R3    7649.831     54  15407.661    15423.802    15626.219
1225  cpREV+F+I+R3  7648.872     55  15407.745    15424.530    15630.350
Akaike Information Criterion:           Q.yeast+F+R3
Corrected Akaike Information Criterion: Q.yeast+F+R3
Bayesian Information Criterion:         Q.yeast+F+R3
Best-fit model: Q.yeast+F+R3 chosen according to BIC

All model information printed to FungalCW_tree_20231129/202089at4751.aa.mfa.model.gz
CPU time for ModelFinder: 97.693 seconds (0h:1m:37s)
Wall-clock time for ModelFinder: 49.573 seconds (0h:0m:49s)
Generating 1000 samples for ultrafast bootstrap (seed: 682051)...
WARNING: Normalizing state frequencies so that sum of them equals to 1

NOTE: 4 MB RAM (0 GB) is required!
Estimate model parameters (epsilon = 0.100)
1. Initial log-likelihood: -7520.329
Optimal log-likelihood: -7520.321
Site proportion and rates:  (0.281,0.173) (0.503,0.659) (0.215,2.881)
Parameters optimization took 1 rounds (0.074 sec)
Wrote distance file to... 
Computing ML distances based on estimated model parameters...
Calculating distance matrix: done in 0.02742 secs using 196.7% CPU
Computing ML distances took 0.027678 sec (of wall-clock time) 0.054444 sec (of CPU time)
Setting up auxiliary I and S matrices: done in 6.19888e-05 secs using 196.8% CPU
Constructing RapidNJ tree: done in 0.00028491 secs using 160.1% CPU
Computing RapidNJ tree took 0.000459 sec (of wall-clock time) 0.000731 sec (of CPU time)
Log-likelihood of RapidNJ tree: -7527.525
--------------------------------------------------------------------
|             INITIALIZING CANDIDATE TREE SET                      |
--------------------------------------------------------------------
Generating 98 parsimony trees... 0.290 second
Computing log-likelihood of 98 initial trees ... 1.051 seconds
Current best score: -7520.321

Do NNI search on 20 best initial trees
Optimizing NNI: done in 0.049782 secs using 198.2% CPU
Estimate model parameters (epsilon = 0.100)
BETTER TREE FOUND at iteration 1: -7520.316
Optimizing NNI: done in 0.0907431 secs using 198.2% CPU
Optimizing NNI: done in 0.123902 secs using 195.8% CPU
Optimizing NNI: done in 0.154213 secs using 196.8% CPU
Optimizing NNI: done in 0.137495 secs using 197.5% CPU
Optimizing NNI: done in 0.155141 secs using 197.4% CPU
Optimizing NNI: done in 0.139877 secs using 198.2% CPU
Optimizing NNI: done in 0.140724 secs using 198% CPU
Optimizing NNI: done in 0.158999 secs using 197.5% CPU
Optimizing NNI: done in 0.194813 secs using 197.1% CPU
Iteration 10 / LogL: -7528.769 / Time: 0h:0m:3s
Optimizing NNI: done in 0.158496 secs using 197.1% CPU
Optimizing NNI: done in 0.1789 secs using 195.8% CPU
Optimizing NNI: done in 0.193889 secs using 197.2% CPU
Optimizing NNI: done in 0.15861 secs using 198.2% CPU
Optimizing NNI: done in 0.183028 secs using 197.1% CPU
Optimizing NNI: done in 0.12801 secs using 196.5% CPU
Optimizing NNI: done in 0.108282 secs using 198.1% CPU
Optimizing NNI: done in 0.164475 secs using 196.4% CPU
Optimizing NNI: done in 0.140134 secs using 197.6% CPU
Optimizing NNI: done in 0.157848 secs using 196.1% CPU
Iteration 20 / LogL: -7520.990 / Time: 0h:0m:4s
Finish initializing candidate tree set (3)
Current best tree score: -7520.316 / CPU time: 4.398
Number of iterations: 20
--------------------------------------------------------------------
|               OPTIMIZING CANDIDATE TREE SET                      |
--------------------------------------------------------------------
Optimizing NNI: done in 0.181246 secs using 198.1% CPU
Optimizing NNI: done in 0.144814 secs using 198.1% CPU
Optimizing NNI: done in 0.168726 secs using 197.5% CPU
Optimizing NNI: done in 0.18886 secs using 197.6% CPU
Optimizing NNI: done in 0.169041 secs using 196.4% CPU
Optimizing NNI: done in 0.191548 secs using 197.9% CPU
Optimizing NNI: done in 0.176871 secs using 197.6% CPU
Optimizing NNI: done in 0.158819 secs using 197.8% CPU
Optimizing NNI: done in 0.145993 secs using 197.6% CPU
Optimizing NNI: done in 0.127397 secs using 196.9% CPU
Iteration 30 / LogL: -7528.773 / Time: 0h:0m:6s (0h:0m:15s left)
Optimizing NNI: done in 0.176943 secs using 197.7% CPU
Optimizing NNI: done in 0.156085 secs using 197.4% CPU
Optimizing NNI: done in 0.151423 secs using 196.7% CPU
Optimizing NNI: done in 0.115591 secs using 198.1% CPU
Optimizing NNI: done in 0.112803 secs using 197.3% CPU
Optimizing NNI: done in 0.124692 secs using 196.3% CPU
Optimizing NNI: done in 0.129621 secs using 197.3% CPU
Optimizing NNI: done in 0.124601 secs using 198.2% CPU
Optimizing NNI: done in 0.222543 secs using 198% CPU
Optimizing NNI: done in 0.137357 secs using 198.1% CPU
Iteration 40 / LogL: -7554.446 / Time: 0h:0m:8s (0h:0m:12s left)
Optimizing NNI: done in 0.297457 secs using 197.3% CPU
Optimizing NNI: done in 0.176087 secs using 197.5% CPU
Optimizing NNI: done in 0.157373 secs using 196.7% CPU
Optimizing NNI: done in 0.171833 secs using 197.2% CPU
Optimizing NNI: done in 0.213781 secs using 194.5% CPU
Optimizing NNI: done in 0.181281 secs using 197.1% CPU
Optimizing NNI: done in 0.153128 secs using 197.6% CPU
Optimizing NNI: done in 0.0796201 secs using 198.3% CPU
Optimizing NNI: done in 0.235471 secs using 198.1% CPU
Optimizing NNI: done in 0.177575 secs using 198.3% CPU
Iteration 50 / LogL: -7520.345 / Time: 0h:0m:10s (0h:0m:10s left)
Log-likelihood cutoff on original alignment: -7550.340
Optimizing NNI: done in 0.090795 secs using 197.3% CPU
Optimizing NNI: done in 0.25043 secs using 197.7% CPU
Optimizing NNI: done in 0.20656 secs using 196.8% CPU
Optimizing NNI: done in 0.154068 secs using 197.7% CPU
Optimizing NNI: done in 0.17852 secs using 197.6% CPU
Optimizing NNI: done in 0.132279 secs using 196.6% CPU
Optimizing NNI: done in 0.151588 secs using 197.3% CPU
Optimizing NNI: done in 0.116075 secs using 197.2% CPU
Optimizing NNI: done in 0.190013 secs using 197.8% CPU
Optimizing NNI: done in 0.151154 secs using 197.9% CPU
Iteration 60 / LogL: -7520.324 / Time: 0h:0m:11s (0h:0m:8s left)
Optimizing NNI: done in 0.166872 secs using 197.6% CPU
Optimizing NNI: done in 0.243965 secs using 197.2% CPU
Optimizing NNI: done in 0.18155 secs using 198.3% CPU
Optimizing NNI: done in 0.157629 secs using 198.2% CPU
Optimizing NNI: done in 0.183985 secs using 197.4% CPU
Optimizing NNI: done in 0.130698 secs using 196.4% CPU
Optimizing NNI: done in 0.180682 secs using 197.7% CPU
Optimizing NNI: done in 0.117912 secs using 198.1% CPU
Optimizing NNI: done in 0.177721 secs using 195.6% CPU
Optimizing NNI: done in 0.179378 secs using 197.7% CPU
Iteration 70 / LogL: -7520.339 / Time: 0h:0m:13s (0h:0m:6s left)
Optimizing NNI: done in 0.140431 secs using 198.3% CPU
Optimizing NNI: done in 0.151786 secs using 196.4% CPU
Optimizing NNI: done in 0.122625 secs using 196.4% CPU
Optimizing NNI: done in 0.178159 secs using 197.6% CPU
Optimizing NNI: done in 0.194686 secs using 197.2% CPU
Optimizing NNI: done in 0.226658 secs using 198.2% CPU
Optimizing NNI: done in 0.176377 secs using 196.9% CPU
Optimizing NNI: done in 0.192738 secs using 198.2% CPU
Optimizing NNI: done in 0.173423 secs using 197.1% CPU
Optimizing NNI: done in 0.155637 secs using 198.2% CPU
Iteration 80 / LogL: -7520.331 / Time: 0h:0m:15s (0h:0m:4s left)
Optimizing NNI: done in 0.185793 secs using 197.9% CPU
Optimizing NNI: done in 0.163829 secs using 198.2% CPU
Optimizing NNI: done in 0.206388 secs using 198.3% CPU
Optimizing NNI: done in 0.180243 secs using 198% CPU
Optimizing NNI: done in 0.180835 secs using 197.8% CPU
Optimizing NNI: done in 0.132527 secs using 196.9% CPU
Optimizing NNI: done in 0.185599 secs using 198.3% CPU
Optimizing NNI: done in 0.141977 secs using 196.9% CPU
Optimizing NNI: done in 0.139451 secs using 196.9% CPU
Optimizing NNI: done in 0.18913 secs using 197.8% CPU
Iteration 90 / LogL: -7520.352 / Time: 0h:0m:17s (0h:0m:2s left)
Optimizing NNI: done in 0.151039 secs using 198.3% CPU
Optimizing NNI: done in 0.185888 secs using 197.8% CPU
Optimizing NNI: done in 0.202721 secs using 197.4% CPU
Optimizing NNI: done in 0.179796 secs using 197.9% CPU
Optimizing NNI: done in 0.149945 secs using 198.1% CPU
Optimizing NNI: done in 0.151495 secs using 198.2% CPU
Optimizing NNI: done in 0.15135 secs using 196.1% CPU
Optimizing NNI: done in 0.148964 secs using 197.7% CPU
Optimizing NNI: done in 0.122571 secs using 198.1% CPU
Optimizing NNI: done in 0.096818 secs using 197.5% CPU
Iteration 100 / LogL: -7520.779 / Time: 0h:0m:18s (0h:0m:0s left)
Log-likelihood cutoff on original alignment: -7550.328
NOTE: Bootstrap correlation coefficient of split occurrence frequencies: 1.000
Optimizing NNI: done in 0.228681 secs using 196.9% CPU
Optimizing NNI: done in 0.198513 secs using 197.9% CPU
TREE SEARCH COMPLETED AFTER 102 ITERATIONS / Time: 0h:0m:19s

--------------------------------------------------------------------
|                    FINALIZING TREE SEARCH                        |
--------------------------------------------------------------------
Performs final model parameters optimization
Estimate model parameters (epsilon = 0.010)
1. Initial log-likelihood: -7520.316
Optimal log-likelihood: -7520.312
Site proportion and rates:  (0.278,0.170) (0.507,0.656) (0.215,2.878)
Parameters optimization took 1 rounds (0.071 sec)
BEST SCORE FOUND : -7520.312

Testing tree branches by SH-like aLRT with 1000 replicates...
0.124 sec.
Creating bootstrap support values...
Split supports printed to NEXUS file FungalCW_tree_20231129/202089at4751.aa.mfa.splits.nex
Total tree length: 8.329

Total number of iterations: 102
CPU time used for tree search: 37.647 sec (0h:0m:37s)
Wall-clock time used for tree search: 19.206 sec (0h:0m:19s)
Total CPU time used: 38.679 sec (0h:0m:38s)
Total wall-clock time used: 19.828 sec (0h:0m:19s)

Computing bootstrap consensus tree...
Reading input file FungalCW_tree_20231129/202089at4751.aa.mfa.splits.nex...
17 taxa and 50 splits.
Consensus tree written to FungalCW_tree_20231129/202089at4751.aa.mfa.contree
Reading input trees file FungalCW_tree_20231129/202089at4751.aa.mfa.contree
Log-likelihood of consensus tree: -7520.312

Analysis results written to: 
  IQ-TREE report:                FungalCW_tree_20231129/202089at4751.aa.mfa.iqtree
  Maximum-likelihood tree:       FungalCW_tree_20231129/202089at4751.aa.mfa.treefile
  Likelihood distances:          FungalCW_tree_20231129/202089at4751.aa.mfa.mldist

Ultrafast bootstrap approximation results written to:
  Split support values:          FungalCW_tree_20231129/202089at4751.aa.mfa.splits.nex
  Consensus tree:                FungalCW_tree_20231129/202089at4751.aa.mfa.contree
  Screen log file:               FungalCW_tree_20231129/202089at4751.aa.mfa.log

Date and Time: Wed Nov 29 01:32:44 2023
