IQ-TREE multicore version 2.2.2.6 COVID-edition for Linux 64-bit built May 27 2023
Developed by Bui Quang Minh, James Barbetti, Nguyen Lam Tung,
Olga Chernomor, Heiko Schmidt, Dominik Schrempf, Michael Woodhams, Ly Trong Nhan.

Host:    i29 (AVX2, FMA3, 503 GB RAM)
Command: iqtree2 -s FungalCW_tree_20231129/20600at4751.aa.mfa -gz -B 1000 -alrt 1000 -nt 2
Seed:    278143 (Using SPRNG - Scalable Parallel Random Number Generator)
Time:    Wed Nov 29 01:32:05 2023
Kernel:  AVX+FMA - 2 threads (2 CPU cores detected)

Reading alignment file FungalCW_tree_20231129/20600at4751.aa.mfa ... Fasta format detected
Reading fasta file: done in 0.000511169 secs using 93.12% CPU
Alignment most likely contains protein sequences
Constructing alignment: done in 0.00286818 secs using 124.3% CPU
Alignment has 17 sequences with 1323 columns, 1010 distinct patterns
615 parsimony-informative, 326 singleton sites, 382 constant sites
                                                               Gap/Ambiguity  Composition  p-value
Analyzing sequences: done in 6.8903e-05 secs using 203.2% CPU
   1  Basidiobolus_meristosporus_CBS_931.73.Basme2finSC.v1            23.81%    passed     99.94%
   2  Botrytis_cinerea_T4                                             19.35%    passed     51.30%
   3  Colletotrichum_graminicola_M1.001                               20.11%    passed     92.12%
   4  Colletotrichum_higginsianum_IMI_349063                          20.79%    passed     91.70%
   5  Fusarium_graminearum_PH-1                                       20.63%    passed     99.86%
   6  Fusarium_verticillioides_7600                                   20.71%    passed     99.84%
   7  Gilbertella_persicaria_var_persicaria_CBS_190.32-T.Gilper1.v1   24.41%    passed     99.82%
   8  Mortierella_elongata_AG-77                                      26.38%    passed     93.97%
   9  Mucor_mucedo_NRRL_3635                                          24.49%    passed     99.63%
  10  Neoconidiobolus_thromboides_FSU_785.Conth1.v1                   23.28%    passed     76.46%
  11  Phycomyces_blakesleeanus_NRRL_1555.Phybl2.v2                    24.79%    passed     98.65%
  12  Rhizopus_stolonifer_NRRL_66455                                  25.32%    passed     72.57%
  13  Trichoderma_harzianum_CBS_226.95                                25.85%    passed     99.00%
  14  Umbelopsis_ramanniana_NRRL_5844.Umbra1.v1                       25.02%    passed     96.58%
  15  Ustilago_maydis                                                 20.63%    passed     52.51%
  16  Zoophthora_radicans_ATCC_208865                                 25.25%    passed     90.93%
  17  Zymoseptoria_tritici_IP0323                                     21.77%    passed     99.99%
****  TOTAL                                                           23.09%  0 sequences failed composition chi2 test (p-value<5%; df=19)
Checking for duplicate sequences: done in 0.000145912 secs using 196.7% CPU


Create initial parsimony tree by phylogenetic likelihood library (PLL)... 0.006 seconds
Perform fast likelihood tree search using LG+I+G model...
Estimate model parameters (epsilon = 5.000)
Perform nearest neighbor interchange...
Optimizing NNI: done in 0.137844 secs using 197.6% CPU
Estimate model parameters (epsilon = 1.000)
1. Initial log-likelihood: -20700.588
Optimal log-likelihood: -20699.817
Proportion of invariable sites: 0.115
Gamma shape alpha: 0.586
Parameters optimization took 1 rounds (0.212 sec)
Time for fast ML tree search: 1.007 seconds

NOTE: ModelFinder requires 31 MB RAM!
ModelFinder will test up to 1232 protein models (sample size: 1323) ...
 No. Model         -LnL         df  AIC          AICc         BIC
  1  LG            22227.489    31  44516.979    44518.515    44677.796
  2  LG+I          21445.884    32  42955.768    42957.406    43121.773
  3  LG+G4         20702.143    32  41468.286    41469.923    41634.291
  4  LG+I+G4       20699.205    33  41464.410    41466.151    41635.603
  5  LG+R2         20943.818    33  41953.636    41955.377    42124.828
  6  LG+R3         20718.161    35  41506.322    41508.280    41687.890
  7  LG+R4         20660.417    37  41394.833    41397.022    41586.777
  8  LG+R5         20653.188    39  41384.377    41386.809    41586.696
  9  LG+R6         20652.854    41  41387.707    41390.396    41600.401
 14  LG+I+R2       20787.814    34  41643.629    41645.477    41820.009
 15  LG+I+R3       20675.130    36  41422.259    41424.331    41609.015
 16  LG+I+R4       20653.283    38  41382.566    41384.874    41579.697
 17  LG+I+R5       20652.889    40  41385.777    41388.336    41593.283
 29  LG+F+R4       20654.399    56  41420.798    41425.841    41711.307
 30  LG+F+R5       20646.126    58  41408.252    41413.667    41709.136
 38  LG+F+I+R4     20647.083    57  41408.167    41413.393    41703.863
 51  WAG+R4        20691.529    37  41457.059    41459.247    41649.002
 52  WAG+R5        20684.240    39  41446.480    41448.912    41648.799
 60  WAG+I+R4      20684.557    38  41445.114    41447.423    41642.245
 73  WAG+F+R4      20672.493    56  41456.986    41462.029    41747.495
 74  WAG+F+R5      20664.507    58  41445.015    41450.429    41745.899
 82  WAG+F+I+R4    20665.121    57  41444.241    41449.468    41739.938
 95  JTT+R4        20834.204    37  41742.407    41744.596    41934.351
 96  JTT+R5        20825.904    39  41729.807    41732.239    41932.126
104  JTT+I+R4      20826.514    38  41729.028    41731.336    41926.159
117  JTT+F+R4      20836.340    56  41784.680    41789.722    42075.189
118  JTT+F+R5      20827.888    58  41771.776    41777.191    42072.661
126  JTT+F+I+R4    20828.838    57  41771.676    41776.903    42067.372
WARNING: Normalizing state frequencies so that sum of them equals to 1
139  Q.pfam+R4     20653.140    37  41380.279    41382.468    41572.223
WARNING: Normalizing state frequencies so that sum of them equals to 1
140  Q.pfam+R5     20647.465    39  41372.931    41375.363    41575.249
WARNING: Normalizing state frequencies so that sum of them equals to 1
148  Q.pfam+I+R4   20647.488    38  41370.977    41373.285    41568.108
WARNING: Normalizing state frequencies so that sum of them equals to 1
161  Q.pfam+F+R4   20671.509    56  41455.019    41460.061    41745.527
WARNING: Normalizing state frequencies so that sum of them equals to 1
162  Q.pfam+F+R5   20665.143    58  41446.286    41451.700    41747.170
WARNING: Normalizing state frequencies so that sum of them equals to 1
170  Q.pfam+F+I+R4 20665.336    57  41444.672    41449.898    41740.368
WARNING: Normalizing state frequencies so that sum of them equals to 1
183  Q.bird+R4     21210.023    37  42494.045    42496.233    42685.988
WARNING: Normalizing state frequencies so that sum of them equals to 1
184  Q.bird+R5     21200.965    39  42479.931    42482.363    42682.249
WARNING: Normalizing state frequencies so that sum of them equals to 1
192  Q.bird+I+R4   21200.249    38  42476.498    42478.806    42673.629
WARNING: Normalizing state frequencies so that sum of them equals to 1
205  Q.bird+F+R4   21229.302    56  42570.603    42575.646    42861.112
WARNING: Normalizing state frequencies so that sum of them equals to 1
206  Q.bird+F+R5   21220.329    58  42556.657    42562.072    42857.541
WARNING: Normalizing state frequencies so that sum of them equals to 1
214  Q.bird+F+I+R4 21220.378    57  42554.757    42559.984    42850.453
WARNING: Normalizing state frequencies so that sum of them equals to 1
227  Q.mammal+R4   21075.184    37  42224.368    42226.557    42416.312
WARNING: Normalizing state frequencies so that sum of them equals to 1
228  Q.mammal+R5   21067.461    39  42212.921    42215.353    42415.240
WARNING: Normalizing state frequencies so that sum of them equals to 1
236  Q.mammal+I+R4 21066.841    38  42209.682    42211.991    42406.813
WARNING: Normalizing state frequencies so that sum of them equals to 1
249  Q.mammal+F+R4 21097.215    56  42306.430    42311.473    42596.939
WARNING: Normalizing state frequencies so that sum of them equals to 1
250  Q.mammal+F+R5 21089.982    58  42295.964    42301.379    42596.848
WARNING: Normalizing state frequencies so that sum of them equals to 1
258  Q.mammal+F+I+R4 21089.346    57  42292.692    42297.919    42588.389
271  Q.insect+R4   20784.948    37  41643.896    41646.084    41835.839
272  Q.insect+R5   20778.673    39  41635.345    41637.777    41837.664
280  Q.insect+I+R4 20778.320    38  41632.641    41634.949    41829.772
293  Q.insect+F+R4 20772.010    56  41656.019    41661.062    41946.528
294  Q.insect+F+R5 20765.229    58  41646.459    41651.873    41947.343
302  Q.insect+F+I+R4 20765.269    57  41644.539    41649.766    41940.235
WARNING: Normalizing state frequencies so that sum of them equals to 1
315  Q.plant+R4    20907.864    37  41889.729    41891.917    42081.672
WARNING: Normalizing state frequencies so that sum of them equals to 1
316  Q.plant+R5    20898.338    39  41874.676    41877.108    42076.995
WARNING: Normalizing state frequencies so that sum of them equals to 1
324  Q.plant+I+R4  20897.788    38  41871.576    41873.884    42068.707
WARNING: Normalizing state frequencies so that sum of them equals to 1
337  Q.plant+F+R4  20924.967    56  41961.933    41966.976    42252.442
WARNING: Normalizing state frequencies so that sum of them equals to 1
338  Q.plant+F+R5  20915.588    58  41947.176    41952.591    42248.060
WARNING: Normalizing state frequencies so that sum of them equals to 1
346  Q.plant+F+I+R4 20915.060    57  41944.120    41949.347    42239.817
WARNING: Normalizing state frequencies so that sum of them equals to 1
359  Q.yeast+R4    20765.593    37  41605.185    41607.374    41797.129
WARNING: Normalizing state frequencies so that sum of them equals to 1
360  Q.yeast+R5    20759.353    39  41596.706    41599.138    41799.025
WARNING: Normalizing state frequencies so that sum of them equals to 1
368  Q.yeast+I+R4  20759.635    38  41595.270    41597.579    41792.401
WARNING: Normalizing state frequencies so that sum of them equals to 1
381  Q.yeast+F+R4  20713.073    56  41538.146    41543.189    41828.655
WARNING: Normalizing state frequencies so that sum of them equals to 1
382  Q.yeast+F+R5  20706.008    58  41528.017    41533.431    41828.901
WARNING: Normalizing state frequencies so that sum of them equals to 1
390  Q.yeast+F+I+R4 20706.769    57  41527.539    41532.766    41823.235
403  JTTDCMut+R4   20829.608    37  41733.216    41735.404    41925.159
404  JTTDCMut+R5   20821.481    39  41720.961    41723.393    41923.280
412  JTTDCMut+I+R4 20822.222    38  41720.445    41722.753    41917.576
425  JTTDCMut+F+R4 20829.731    56  41771.462    41776.505    42061.971
426  JTTDCMut+F+R5 20821.455    58  41758.910    41764.325    42059.794
434  JTTDCMut+F+I+R4 20822.486    57  41758.972    41764.199    42054.669
447  DCMut+R4      20889.930    37  41853.859    41856.048    42045.803
448  DCMut+R5      20879.616    39  41837.232    41839.664    42039.550
456  DCMut+I+R4    20880.160    38  41836.320    41838.628    42033.451
469  DCMut+F+R4    20841.930    56  41795.859    41800.902    42086.368
470  DCMut+F+R5    20831.580    58  41779.160    41784.574    42080.044
478  DCMut+F+I+R4  20832.279    57  41778.558    41783.785    42074.255
491  VT+R4         20741.211    37  41556.421    41558.610    41748.365
492  VT+R5         20734.990    39  41547.979    41550.411    41750.298
500  VT+I+R4       20735.470    38  41546.939    41549.248    41744.070
513  VT+F+R4       20742.259    56  41596.519    41601.561    41887.028
514  VT+F+R5       20735.741    58  41587.482    41592.896    41888.366
522  VT+F+I+R4     20736.393    57  41586.786    41592.013    41882.482
535  PMB+R4        20864.649    37  41803.299    41805.487    41995.242
536  PMB+R5        20859.652    39  41797.303    41799.735    41999.622
544  PMB+I+R4      20860.362    38  41796.725    41799.033    41993.856
557  PMB+F+R4      20788.781    56  41689.561    41694.604    41980.070
558  PMB+F+R5      20783.293    58  41682.586    41688.000    41983.470
566  PMB+F+I+R4    20784.109    57  41682.218    41687.445    41977.915
579  Blosum62+R4   20849.132    37  41772.265    41774.453    41964.208
580  Blosum62+R5   20843.916    39  41765.832    41768.264    41968.151
588  Blosum62+I+R4 20844.505    38  41765.011    41767.319    41962.142
601  Blosum62+F+R4 20767.884    56  41647.768    41652.811    41938.277
602  Blosum62+F+R5 20762.113    58  41640.226    41645.641    41941.111
610  Blosum62+F+I+R4 20762.878    57  41639.755    41644.982    41935.452
623  Dayhoff+R4    20889.846    37  41853.691    41855.879    42045.634
624  Dayhoff+R5    20879.571    39  41837.142    41839.574    42039.461
632  Dayhoff+I+R4  20880.085    38  41836.170    41838.479    42033.301
645  Dayhoff+F+R4  20841.980    56  41795.960    41801.002    42086.468
646  Dayhoff+F+R5  20831.653    58  41779.306    41784.720    42080.190
654  Dayhoff+F+I+R4 20832.386    57  41778.772    41783.999    42074.468
667  mtREV+R4      21777.671    37  43629.342    43631.531    43821.286
668  mtREV+R5      21769.570    39  43617.140    43619.572    43819.459
676  mtREV+I+R4    21768.164    38  43612.328    43614.636    43809.459
689  mtREV+F+R4    20994.796    56  42101.591    42106.634    42392.100
690  mtREV+F+R5    20979.438    58  42074.876    42080.290    42375.760
698  mtREV+F+I+R4  20980.184    57  42074.368    42079.595    42370.065
711  mtART+R4      22005.727    37  44085.454    44087.643    44277.398
712  mtART+R5      21989.653    39  44057.307    44059.739    44259.625
720  mtART+I+R4    21994.196    38  44064.393    44066.701    44261.524
733  mtART+F+R4    21075.385    56  42262.770    42267.813    42553.279
734  mtART+F+R5    21052.345    58  42220.691    42226.105    42521.575
742  mtART+F+I+R4  21056.297    57  42226.593    42231.820    42522.290
755  mtZOA+R4      21598.606    37  43271.212    43273.401    43463.156
756  mtZOA+R5      21585.887    39  43249.775    43252.207    43452.093
764  mtZOA+I+R4    21589.919    38  43255.838    43258.147    43452.969
777  mtZOA+F+R4    20928.476    56  41968.951    41973.994    42259.460
778  mtZOA+F+R5    20907.126    58  41930.252    41935.666    42231.136
786  mtZOA+F+I+R4  20910.882    57  41935.764    41940.991    42231.460
799  mtMet+R4      21964.740    37  44003.480    44005.669    44195.424
800  mtMet+R5      21952.202    39  43982.404    43984.836    44184.723
808  mtMet+I+R4    21955.473    38  43986.947    43989.255    44184.078
821  mtMet+F+R4    21011.615    56  42135.231    42140.273    42425.740
822  mtMet+F+R5    20994.597    58  42105.195    42110.609    42406.079
830  mtMet+F+I+R4  20996.439    57  42106.877    42112.104    42402.574
843  mtVer+R4      21987.890    37  44049.781    44051.969    44241.724
844  mtVer+R5      21969.946    39  44017.891    44020.323    44220.210
852  mtVer+I+R4    21975.839    38  44027.679    44029.987    44224.810
865  mtVer+F+R4    21226.868    56  42565.735    42570.778    42856.244
866  mtVer+F+R5    21208.946    58  42533.891    42539.306    42834.775
874  mtVer+F+I+R4  21209.785    57  42533.569    42538.796    42829.266
887  mtInv+R4      22174.130    37  44422.260    44424.449    44614.204
888  mtInv+R5      22166.495    39  44410.991    44413.423    44613.309
896  mtInv+I+R4    22166.271    38  44408.543    44410.851    44605.674
909  mtInv+F+R4    20899.324    56  41910.649    41915.691    42201.158
910  mtInv+F+R5    20885.797    58  41887.595    41893.009    42188.479
918  mtInv+F+I+R4  20887.409    57  41888.818    41894.045    42184.515
931  mtMAM+R4      22166.484    37  44406.968    44409.156    44598.911
932  mtMAM+R5      22137.580    39  44353.160    44355.591    44555.478
940  mtMAM+I+R4    22151.079    38  44378.159    44380.467    44575.290
953  mtMAM+F+R4    21346.982    56  42805.964    42811.007    43096.473
954  mtMAM+F+R5    21327.663    58  42771.327    42776.741    43072.211
962  mtMAM+F+I+R4  21328.370    57  42770.740    42775.967    43066.436
WARNING: Normalizing state frequencies so that sum of them equals to 1
975  FLAVI+R4      21628.336    37  43330.672    43332.860    43522.615
WARNING: Normalizing state frequencies so that sum of them equals to 1
976  FLAVI+R5      21604.515    39  43287.030    43289.462    43489.349
WARNING: Normalizing state frequencies so that sum of them equals to 1
984  FLAVI+I+R4    21606.065    38  43288.131    43290.439    43485.262
WARNING: Normalizing state frequencies so that sum of them equals to 1
997  FLAVI+F+R4    21502.158    56  43116.317    43121.360    43406.826
WARNING: Normalizing state frequencies so that sum of them equals to 1
998  FLAVI+F+R5    21480.960    58  43077.921    43083.335    43378.805
WARNING: Normalizing state frequencies so that sum of them equals to 1
1006  FLAVI+F+I+R4  21482.386    57  43078.772    43083.999    43374.468
1019  HIVb+R4       21315.455    37  42704.910    42707.098    42896.853
1020  HIVb+R5       21302.354    39  42682.708    42685.140    42885.026
1028  HIVb+I+R4     21302.407    38  42680.814    42683.123    42877.945
1041  HIVb+F+R4     21180.876    56  42473.751    42478.794    42764.260
1042  HIVb+F+R5     21168.834    58  42453.667    42459.082    42754.551
1050  HIVb+F+I+R4   21169.588    57  42453.176    42458.403    42748.873
1063  HIVw+R4       22084.921    37  44243.842    44246.031    44435.786
1064  HIVw+R5       22070.292    39  44218.583    44221.015    44420.902
1072  HIVw+I+R4     22070.837    38  44217.675    44219.983    44414.806
1085  HIVw+F+R4     21614.682    56  43341.364    43346.407    43631.873
1086  HIVw+F+R5     21603.944    58  43323.887    43329.302    43624.772
1094  HIVw+F+I+R4   21604.294    57  43322.588    43327.815    43618.284
1107  FLU+R4        21229.140    37  42532.280    42534.468    42724.223
1108  FLU+R5        21215.431    39  42508.863    42511.295    42711.182
1116  FLU+I+R4      21215.870    38  42507.741    42510.049    42704.872
1129  FLU+F+R4      21008.663    56  42129.327    42134.369    42419.835
1130  FLU+F+R5      20995.381    58  42106.762    42112.176    42407.646
1138  FLU+F+I+R4    20996.058    57  42106.116    42111.343    42401.813
1151  rtREV+R4      20841.571    37  41757.142    41759.331    41949.086
1152  rtREV+R5      20833.196    39  41744.392    41746.824    41946.711
1160  rtREV+I+R4    20834.748    38  41745.496    41747.805    41942.627
1173  rtREV+F+R4    20728.736    56  41569.472    41574.515    41859.981
1174  rtREV+F+R5    20721.159    58  41558.318    41563.732    41859.202
1182  rtREV+F+I+R4  20722.854    57  41559.708    41564.935    41855.404
1195  cpREV+R4      20834.046    37  41742.091    41744.280    41934.035
1196  cpREV+R5      20822.917    39  41723.834    41726.266    41926.153
1204  cpREV+I+R4    20822.736    38  41721.472    41723.780    41918.603
1217  cpREV+F+R4    20745.413    56  41602.826    41607.868    41893.334
1218  cpREV+F+R5    20734.086    58  41584.171    41589.586    41885.056
1226  cpREV+F+I+R4  20733.957    57  41581.914    41587.141    41877.611
Akaike Information Criterion:           Q.pfam+I+R4
Corrected Akaike Information Criterion: Q.pfam+I+R4
Bayesian Information Criterion:         Q.pfam+I+R4
Best-fit model: Q.pfam+I+R4 chosen according to BIC

All model information printed to FungalCW_tree_20231129/20600at4751.aa.mfa.model.gz
CPU time for ModelFinder: 993.018 seconds (0h:16m:33s)
Wall-clock time for ModelFinder: 503.515 seconds (0h:8m:23s)
Generating 1000 samples for ultrafast bootstrap (seed: 278143)...
WARNING: Normalizing state frequencies so that sum of them equals to 1

NOTE: 14 MB RAM (0 GB) is required!
Estimate model parameters (epsilon = 0.100)
1. Initial log-likelihood: -20647.488
Optimal log-likelihood: -20647.452
Proportion of invariable sites: 0.167
Site proportion and rates:  (0.267,0.097) (0.291,0.404) (0.179,1.209) (0.096,6.645)
Parameters optimization took 1 rounds (0.291 sec)
Wrote distance file to... 
Computing ML distances based on estimated model parameters...
Calculating distance matrix: done in 0.037287 secs using 197.8% CPU
Computing ML distances took 0.037605 sec (of wall-clock time) 0.074354 sec (of CPU time)
Setting up auxiliary I and S matrices: done in 6.29425e-05 secs using 203.4% CPU
Constructing RapidNJ tree: done in 0.000289917 secs using 192.8% CPU
Computing RapidNJ tree took 0.000466 sec (of wall-clock time) 0.000907 sec (of CPU time)
Log-likelihood of RapidNJ tree: -20649.170
--------------------------------------------------------------------
|             INITIALIZING CANDIDATE TREE SET                      |
--------------------------------------------------------------------
Generating 98 parsimony trees... 0.490 second
Computing log-likelihood of 98 initial trees ... 3.217 seconds
Current best score: -20647.452

Do NNI search on 20 best initial trees
Optimizing NNI: done in 0.150154 secs using 198.3% CPU
Estimate model parameters (epsilon = 0.100)
BETTER TREE FOUND at iteration 1: -20647.428
Optimizing NNI: done in 0.205003 secs using 197.3% CPU
Optimizing NNI: done in 0.430398 secs using 197.8% CPU
Optimizing NNI: done in 0.306966 secs using 197.8% CPU
Optimizing NNI: done in 0.587183 secs using 198% CPU
Optimizing NNI: done in 0.358391 secs using 193.7% CPU
Optimizing NNI: done in 0.487368 secs using 197.8% CPU
Optimizing NNI: done in 0.801376 secs using 197.9% CPU
Optimizing NNI: done in 0.633287 secs using 198% CPU
Optimizing NNI: done in 0.444688 secs using 196.8% CPU
Iteration 10 / LogL: -20664.692 / Time: 0h:0m:9s
Optimizing NNI: done in 0.4556 secs using 197.5% CPU
Optimizing NNI: done in 0.441871 secs using 197.7% CPU
Optimizing NNI: done in 0.468167 secs using 197.5% CPU
Optimizing NNI: done in 0.447437 secs using 197.4% CPU
Optimizing NNI: done in 0.34157 secs using 197.7% CPU
Optimizing NNI: done in 0.462868 secs using 197.9% CPU
Optimizing NNI: done in 0.605636 secs using 197.5% CPU
Optimizing NNI: done in 0.435582 secs using 197.7% CPU
Optimizing NNI: done in 0.487357 secs using 197.1% CPU
Optimizing NNI: done in 0.63945 secs using 197.8% CPU
Iteration 20 / LogL: -20652.221 / Time: 0h:0m:14s
Finish initializing candidate tree set (1)
Current best tree score: -20647.428 / CPU time: 13.337
Number of iterations: 20
--------------------------------------------------------------------
|               OPTIMIZING CANDIDATE TREE SET                      |
--------------------------------------------------------------------
Optimizing NNI: done in 0.474776 secs using 197.7% CPU
Optimizing NNI: done in 0.604048 secs using 198.2% CPU
Optimizing NNI: done in 0.318915 secs using 197.9% CPU
Optimizing NNI: done in 0.43295 secs using 198.1% CPU
Optimizing NNI: done in 0.660345 secs using 197.9% CPU
Optimizing NNI: done in 0.653145 secs using 198.1% CPU
Optimizing NNI: done in 0.571767 secs using 198% CPU
Optimizing NNI: done in 0.482683 secs using 198% CPU
Optimizing NNI: done in 0.583079 secs using 197.8% CPU
Optimizing NNI: done in 0.592402 secs using 198% CPU
Iteration 30 / LogL: -20647.547 / Time: 0h:0m:19s (0h:0m:48s left)
Optimizing NNI: done in 0.636988 secs using 198.1% CPU
Optimizing NNI: done in 0.424808 secs using 197.7% CPU
Optimizing NNI: done in 0.443434 secs using 198.2% CPU
Optimizing NNI: done in 0.720681 secs using 198% CPU
Optimizing NNI: done in 0.511178 secs using 198.2% CPU
Optimizing NNI: done in 0.464345 secs using 197.9% CPU
Optimizing NNI: done in 0.570582 secs using 197.9% CPU
Optimizing NNI: done in 0.475086 secs using 197.9% CPU
Optimizing NNI: done in 0.653306 secs using 198.1% CPU
Optimizing NNI: done in 0.734153 secs using 198.1% CPU
Iteration 40 / LogL: -20647.606 / Time: 0h:0m:25s (0h:0m:39s left)
Optimizing NNI: done in 0.6644 secs using 198.3% CPU
Optimizing NNI: done in 0.566115 secs using 198.2% CPU
Optimizing NNI: done in 0.704243 secs using 198.1% CPU
Optimizing NNI: done in 0.401838 secs using 198.3% CPU
Optimizing NNI: done in 0.625257 secs using 198% CPU
Optimizing NNI: done in 0.460851 secs using 198.4% CPU
Optimizing NNI: done in 0.466229 secs using 198.5% CPU
Optimizing NNI: done in 0.602448 secs using 198% CPU
Optimizing NNI: done in 0.62609 secs using 198.6% CPU
Optimizing NNI: done in 0.741703 secs using 198.5% CPU
Iteration 50 / LogL: -20647.853 / Time: 0h:0m:31s (0h:0m:32s left)
Log-likelihood cutoff on original alignment: -20680.996
Optimizing NNI: done in 0.423884 secs using 198.2% CPU
Optimizing NNI: done in 0.447705 secs using 197.9% CPU
Optimizing NNI: done in 0.649904 secs using 198.5% CPU
Optimizing NNI: done in 0.295376 secs using 198.8% CPU
Optimizing NNI: done in 0.498778 secs using 198.7% CPU
Optimizing NNI: done in 0.38572 secs using 198.2% CPU
Optimizing NNI: done in 0.395679 secs using 198.8% CPU
Optimizing NNI: done in 0.443599 secs using 198.8% CPU
Optimizing NNI: done in 0.551753 secs using 198.6% CPU
Optimizing NNI: done in 0.498027 secs using 198.7% CPU
Iteration 60 / LogL: -20647.960 / Time: 0h:0m:36s (0h:0m:25s left)
Optimizing NNI: done in 0.394606 secs using 198.8% CPU
Optimizing NNI: done in 0.286938 secs using 198.5% CPU
Optimizing NNI: done in 0.519297 secs using 198.4% CPU
Optimizing NNI: done in 0.779879 secs using 198.7% CPU
Optimizing NNI: done in 0.500701 secs using 198.8% CPU
Optimizing NNI: done in 0.675092 secs using 198.7% CPU
Optimizing NNI: done in 0.670855 secs using 198.6% CPU
Optimizing NNI: done in 0.502382 secs using 198.2% CPU
Optimizing NNI: done in 0.490446 secs using 198.8% CPU
Optimizing NNI: done in 0.400436 secs using 198.8% CPU
Iteration 70 / LogL: -20647.443 / Time: 0h:0m:41s (0h:0m:18s left)
Optimizing NNI: done in 0.871664 secs using 198.5% CPU
Optimizing NNI: done in 0.522387 secs using 198.4% CPU
Optimizing NNI: done in 0.532868 secs using 198.4% CPU
Optimizing NNI: done in 0.448321 secs using 198.8% CPU
Optimizing NNI: done in 0.258043 secs using 198.8% CPU
Optimizing NNI: done in 0.629043 secs using 198.4% CPU
Optimizing NNI: done in 0.265493 secs using 198.2% CPU
Optimizing NNI: done in 0.800579 secs using 198.1% CPU
Optimizing NNI: done in 0.567199 secs using 198.1% CPU
Optimizing NNI: done in 0.563249 secs using 198.3% CPU
Iteration 80 / LogL: -20647.480 / Time: 0h:0m:47s (0h:0m:12s left)
Optimizing NNI: done in 0.756152 secs using 198.1% CPU
Optimizing NNI: done in 0.416773 secs using 198.2% CPU
Optimizing NNI: done in 0.573512 secs using 197.9% CPU
Optimizing NNI: done in 0.70461 secs using 198% CPU
Optimizing NNI: done in 0.710721 secs using 198.1% CPU
Optimizing NNI: done in 0.550322 secs using 198.4% CPU
Optimizing NNI: done in 0.678665 secs using 198.1% CPU
Optimizing NNI: done in 0.641818 secs using 198.4% CPU
Optimizing NNI: done in 0.321305 secs using 197.9% CPU
Optimizing NNI: done in 0.545457 secs using 198.3% CPU
Iteration 90 / LogL: -20647.513 / Time: 0h:0m:53s (0h:0m:6s left)
Optimizing NNI: done in 0.638177 secs using 198.1% CPU
Optimizing NNI: done in 0.557622 secs using 198.1% CPU
Optimizing NNI: done in 0.455754 secs using 198.3% CPU
Optimizing NNI: done in 0.70192 secs using 197.5% CPU
Optimizing NNI: done in 0.627579 secs using 197.9% CPU
Optimizing NNI: done in 0.532098 secs using 198.2% CPU
Optimizing NNI: done in 0.492421 secs using 197.9% CPU
Optimizing NNI: done in 0.574674 secs using 197.6% CPU
Optimizing NNI: done in 0.568769 secs using 198% CPU
Optimizing NNI: done in 0.584851 secs using 198.1% CPU
Iteration 100 / LogL: -20647.452 / Time: 0h:0m:59s (0h:0m:0s left)
Log-likelihood cutoff on original alignment: -20676.691
NOTE: Bootstrap correlation coefficient of split occurrence frequencies: 1.000
Optimizing NNI: done in 0.553081 secs using 198.1% CPU
Optimizing NNI: done in 0.480866 secs using 198% CPU
TREE SEARCH COMPLETED AFTER 102 ITERATIONS / Time: 0h:1m:0s

--------------------------------------------------------------------
|                    FINALIZING TREE SEARCH                        |
--------------------------------------------------------------------
Performs final model parameters optimization
Estimate model parameters (epsilon = 0.010)
1. Initial log-likelihood: -20647.428
2. Current log-likelihood: -20647.413
3. Current log-likelihood: -20647.403
Optimal log-likelihood: -20647.394
Proportion of invariable sites: 0.164
Site proportion and rates:  (0.263,0.093) (0.295,0.396) (0.182,1.201) (0.096,6.649)
Parameters optimization took 3 rounds (0.756 sec)
BEST SCORE FOUND : -20647.394

Testing tree branches by SH-like aLRT with 1000 replicates...
0.358 sec.
Creating bootstrap support values...
Split supports printed to NEXUS file FungalCW_tree_20231129/20600at4751.aa.mfa.splits.nex
Total tree length: 13.979

Total number of iterations: 102
CPU time used for tree search: 117.652 sec (0h:1m:57s)
Wall-clock time used for tree search: 59.622 sec (0h:0m:59s)
Total CPU time used: 121.609 sec (0h:2m:1s)
Total wall-clock time used: 61.717 sec (0h:1m:1s)

Computing bootstrap consensus tree...
Reading input file FungalCW_tree_20231129/20600at4751.aa.mfa.splits.nex...
17 taxa and 47 splits.
Consensus tree written to FungalCW_tree_20231129/20600at4751.aa.mfa.contree
Reading input trees file FungalCW_tree_20231129/20600at4751.aa.mfa.contree
Log-likelihood of consensus tree: -20647.393

Analysis results written to: 
  IQ-TREE report:                FungalCW_tree_20231129/20600at4751.aa.mfa.iqtree
  Maximum-likelihood tree:       FungalCW_tree_20231129/20600at4751.aa.mfa.treefile
  Likelihood distances:          FungalCW_tree_20231129/20600at4751.aa.mfa.mldist

Ultrafast bootstrap approximation results written to:
  Split support values:          FungalCW_tree_20231129/20600at4751.aa.mfa.splits.nex
  Consensus tree:                FungalCW_tree_20231129/20600at4751.aa.mfa.contree
  Screen log file:               FungalCW_tree_20231129/20600at4751.aa.mfa.log

Date and Time: Wed Nov 29 01:41:31 2023
