IQ-TREE multicore version 2.2.2.6 COVID-edition for Linux 64-bit built May 27 2023
Developed by Bui Quang Minh, James Barbetti, Nguyen Lam Tung,
Olga Chernomor, Heiko Schmidt, Dominik Schrempf, Michael Woodhams, Ly Trong Nhan.

Host:    i30 (AVX2, FMA3, 503 GB RAM)
Command: iqtree2 -s FungalCW_tree_20231129/208463at4751.aa.mfa -gz -B 1000 -alrt 1000 -nt 2
Seed:    96517 (Using SPRNG - Scalable Parallel Random Number Generator)
Time:    Wed Nov 29 01:32:05 2023
Kernel:  AVX+FMA - 2 threads (2 CPU cores detected)

Reading alignment file FungalCW_tree_20231129/208463at4751.aa.mfa ... Fasta format detected
Reading fasta file: done in 0.000302076 secs using 49.33% CPU
Alignment most likely contains protein sequences
Constructing alignment: done in 0.0017271 secs using 153.5% CPU
Alignment has 17 sequences with 839 columns, 694 distinct patterns
401 parsimony-informative, 211 singleton sites, 227 constant sites
                                                               Gap/Ambiguity  Composition  p-value
Analyzing sequences: done in 4.1008e-05 secs using 99.98% CPU
   1  Basidiobolus_meristosporus_CBS_931.73.Basme2finSC.v1            20.74%    passed     94.65%
   2  Botrytis_cinerea_T4                                             20.62%    passed     99.48%
   3  Colletotrichum_graminicola_M1.001                               19.90%    passed     96.92%
   4  Colletotrichum_higginsianum_IMI_349063                          20.02%    passed     96.19%
   5  Fusarium_graminearum_PH-1                                       19.67%    passed     99.63%
   6  Fusarium_verticillioides_7600                                   19.79%    passed     99.53%
   7  Gilbertella_persicaria_var_persicaria_CBS_190.32-T.Gilper1.v1   12.40%    passed     59.05%
   8  Mortierella_elongata_AG-77                                      23.84%    passed     74.76%
   9  Mucor_mucedo_NRRL_3635                                          18.47%    passed     97.49%
  10  Neoconidiobolus_thromboides_FSU_785.Conth1.v1                   20.62%    passed     10.78%
  11  Phycomyces_blakesleeanus_NRRL_1555.Phybl2.v2                    18.24%    passed     89.42%
  12  Rhizopus_stolonifer_NRRL_66455                                  20.14%    passed     99.51%
  13  Trichoderma_harzianum_CBS_226.95                                19.31%    passed     44.93%
  14  Umbelopsis_ramanniana_NRRL_5844.Umbra1.v1                       17.52%    passed     96.00%
  15  Ustilago_maydis                                                 24.91%    passed     10.98%
  16  Zoophthora_radicans_ATCC_208865                                 18.47%    passed     84.85%
  17  Zymoseptoria_tritici_IP0323                                     21.10%    passed     96.22%
****  TOTAL                                                           19.75%  0 sequences failed composition chi2 test (p-value<5%; df=19)
Checking for duplicate sequences: done in 0.00010705 secs using 135.5% CPU


Create initial parsimony tree by phylogenetic likelihood library (PLL)... 0.003 seconds
Perform fast likelihood tree search using LG+I+G model...
Estimate model parameters (epsilon = 5.000)
Perform nearest neighbor interchange...
Optimizing NNI: done in 0.187927 secs using 198.2% CPU
Estimate model parameters (epsilon = 1.000)
1. Initial log-likelihood: -12876.408
Optimal log-likelihood: -12875.857
Proportion of invariable sites: 0.098
Gamma shape alpha: 0.741
Parameters optimization took 1 rounds (0.075 sec)
Time for fast ML tree search: 0.673 seconds

NOTE: ModelFinder requires 21 MB RAM!
ModelFinder will test up to 1232 protein models (sample size: 839) ...
 No. Model         -LnL         df  AIC          AICc         BIC
  1  LG            13507.794    31  27077.588    27080.046    27224.286
  2  LG+I          13209.522    32  26483.044    26485.665    26634.475
  3  LG+G4         12876.262    32  25816.524    25819.145    25967.955
  4  LG+I+G4       12875.595    33  25817.190    25819.977    25973.353
  5  LG+R2         12963.027    33  25992.054    25994.842    26148.217
  6  LG+R3         12853.903    35  25777.805    25780.943    25943.432
  7  LG+R4         12848.554    37  25771.108    25774.619    25946.200
 14  LG+I+R2       12916.559    34  25901.118    25904.078    26062.013
 15  LG+I+R3       12848.531    36  25769.062    25772.384    25939.421
 16  LG+I+R4       12847.745    38  25771.491    25775.196    25951.315
 28  LG+F+R3       12866.305    54  25840.611    25848.187    26096.150
 29  LG+F+R4       12860.849    56  25833.699    25841.862    26098.703
 37  LG+F+I+R3     12860.343    55  25830.686    25838.553    26090.957
 50  WAG+R3        12936.250    35  25942.500    25945.638    26108.128
 51  WAG+R4        12930.781    37  25935.562    25939.072    26110.654
 59  WAG+I+R3      12929.049    36  25930.098    25933.419    26100.457
 72  WAG+F+R3      12923.639    54  25955.279    25962.855    26210.818
 73  WAG+F+R4      12916.233    56  25944.466    25952.630    26209.470
 81  WAG+F+I+R3    12915.401    55  25940.803    25948.670    26201.074
 94  JTT+R3        12980.388    35  26030.777    26033.915    26196.404
 95  JTT+R4        12975.019    37  26024.039    26027.549    26199.130
103  JTT+I+R3      12973.877    36  26019.754    26023.076    26190.114
116  JTT+F+R3      12925.272    54  25958.545    25966.121    26214.084
117  JTT+F+R4      12918.934    56  25949.868    25958.032    26214.872
125  JTT+F+I+R3    12917.734    55  25945.468    25953.335    26205.739
WARNING: Normalizing state frequencies so that sum of them equals to 1
138  Q.pfam+R3     12866.676    35  25803.352    25806.490    25968.979
WARNING: Normalizing state frequencies so that sum of them equals to 1
139  Q.pfam+R4     12859.819    37  25793.639    25797.149    25968.730
WARNING: Normalizing state frequencies so that sum of them equals to 1
147  Q.pfam+I+R3   12860.769    36  25793.538    25796.859    25963.897
WARNING: Normalizing state frequencies so that sum of them equals to 1
160  Q.pfam+F+R3   12861.543    54  25831.085    25838.662    26086.625
WARNING: Normalizing state frequencies so that sum of them equals to 1
161  Q.pfam+F+R4   12854.596    56  25821.192    25829.356    26086.196
WARNING: Normalizing state frequencies so that sum of them equals to 1
169  Q.pfam+F+I+R3 12855.042    55  25820.084    25827.951    26080.355
WARNING: Normalizing state frequencies so that sum of them equals to 1
182  Q.bird+R3     13250.668    35  26571.337    26574.475    26736.964
WARNING: Normalizing state frequencies so that sum of them equals to 1
183  Q.bird+R4     13235.516    37  26545.032    26548.542    26720.123
WARNING: Normalizing state frequencies so that sum of them equals to 1
191  Q.bird+I+R3   13240.867    36  26553.734    26557.056    26724.094
WARNING: Normalizing state frequencies so that sum of them equals to 1
204  Q.bird+F+R3   13144.524    54  26397.048    26404.624    26652.587
WARNING: Normalizing state frequencies so that sum of them equals to 1
205  Q.bird+F+R4   13130.684    56  26373.368    26381.532    26638.372
WARNING: Normalizing state frequencies so that sum of them equals to 1
213  Q.bird+F+I+R3 13133.435    55  26376.870    26384.737    26637.141
WARNING: Normalizing state frequencies so that sum of them equals to 1
226  Q.mammal+R3   13159.820    35  26389.639    26392.778    26555.267
WARNING: Normalizing state frequencies so that sum of them equals to 1
227  Q.mammal+R4   13149.482    37  26372.965    26376.475    26548.056
WARNING: Normalizing state frequencies so that sum of them equals to 1
235  Q.mammal+I+R3 13153.071    36  26378.142    26381.463    26548.501
WARNING: Normalizing state frequencies so that sum of them equals to 1
248  Q.mammal+F+R3 13044.182    54  26196.363    26203.940    26451.903
WARNING: Normalizing state frequencies so that sum of them equals to 1
249  Q.mammal+F+R4 13034.240    56  26180.479    26188.643    26445.483
WARNING: Normalizing state frequencies so that sum of them equals to 1
257  Q.mammal+F+I+R3 13035.932    55  26181.863    26189.730    26442.135
270  Q.insect+R3   12872.888    35  25815.776    25818.914    25981.403
271  Q.insect+R4   12865.035    37  25804.071    25807.582    25979.163
279  Q.insect+I+R3 12866.154    36  25804.307    25807.629    25974.667
292  Q.insect+F+R3 12823.150    54  25754.299    25761.876    26009.839
293  Q.insect+F+R4 12816.430    56  25744.860    25753.024    26009.864
301  Q.insect+F+I+R3 12815.755    55  25741.510    25749.377    26001.781
WARNING: Normalizing state frequencies so that sum of them equals to 1
314  Q.plant+R3    13013.436    35  26096.871    26100.009    26262.499
WARNING: Normalizing state frequencies so that sum of them equals to 1
315  Q.plant+R4    13003.789    37  26081.577    26085.088    26256.669
WARNING: Normalizing state frequencies so that sum of them equals to 1
323  Q.plant+I+R3  13005.368    36  26082.736    26086.057    26253.095
WARNING: Normalizing state frequencies so that sum of them equals to 1
336  Q.plant+F+R3  12961.605    54  26031.209    26038.786    26286.748
WARNING: Normalizing state frequencies so that sum of them equals to 1
337  Q.plant+F+R4  12952.683    56  26017.366    26025.530    26282.370
WARNING: Normalizing state frequencies so that sum of them equals to 1
345  Q.plant+F+I+R3 12952.699    55  26015.399    26023.266    26275.670
WARNING: Normalizing state frequencies so that sum of them equals to 1
358  Q.yeast+R3    12882.342    35  25834.685    25837.823    26000.312
WARNING: Normalizing state frequencies so that sum of them equals to 1
359  Q.yeast+R4    12873.762    37  25821.523    25825.034    25996.615
WARNING: Normalizing state frequencies so that sum of them equals to 1
367  Q.yeast+I+R3  12875.024    36  25822.048    25825.370    25992.408
WARNING: Normalizing state frequencies so that sum of them equals to 1
380  Q.yeast+F+R3  12821.909    54  25751.817    25759.394    26007.357
WARNING: Normalizing state frequencies so that sum of them equals to 1
381  Q.yeast+F+R4  12816.017    56  25744.034    25752.197    26009.038
WARNING: Normalizing state frequencies so that sum of them equals to 1
389  Q.yeast+F+I+R3 12815.246    55  25740.491    25748.359    26000.763
402  JTTDCMut+R3   12978.926    35  26027.852    26030.990    26193.479
403  JTTDCMut+R4   12973.435    37  26020.871    26024.381    26195.962
411  JTTDCMut+I+R3 12972.303    36  26016.605    26019.927    26186.965
424  JTTDCMut+F+R3 12925.820    54  25959.640    25967.216    26215.179
425  JTTDCMut+F+R4 12919.400    56  25950.799    25958.963    26215.803
433  JTTDCMut+F+I+R3 12918.179    55  25946.358    25954.225    26206.630
446  DCMut+R3      13047.063    35  26164.127    26167.265    26329.754
447  DCMut+R4      13039.869    37  26153.738    26157.249    26328.830
455  DCMut+I+R3    13037.092    36  26146.184    26149.506    26316.543
468  DCMut+F+R3    12914.069    54  25936.139    25943.715    26191.678
469  DCMut+F+R4    12903.870    56  25919.741    25927.904    26184.745
477  DCMut+F+I+R3  12902.926    55  25915.853    25923.720    26176.124
490  VT+R3         12931.121    35  25932.242    25935.380    26097.869
491  VT+R4         12926.288    37  25926.577    25930.088    26101.669
499  VT+I+R3       12925.021    36  25922.042    25925.364    26092.402
512  VT+F+R3       12925.205    54  25958.411    25965.987    26213.950
513  VT+F+R4       12920.101    56  25952.203    25960.366    26217.207
521  VT+F+I+R3     12918.923    55  25947.847    25955.714    26208.118
534  PMB+R3        13066.717    35  26203.434    26206.572    26369.061
535  PMB+R4        13061.466    37  26196.932    26200.442    26372.024
543  PMB+I+R3      13061.417    36  26194.834    26198.156    26365.194
556  PMB+F+R3      13013.524    54  26135.048    26142.624    26390.587
557  PMB+F+R4      13006.980    56  26125.960    26134.124    26390.964
565  PMB+F+I+R3    13006.704    55  26123.408    26131.275    26383.679
578  Blosum62+R3   13047.201    35  26164.402    26167.540    26330.029
579  Blosum62+R4   13042.054    37  26158.108    26161.619    26333.200
587  Blosum62+I+R3 13041.422    36  26154.843    26158.165    26325.203
600  Blosum62+F+R3 13021.822    54  26151.644    26159.221    26407.184
601  Blosum62+F+R4 13015.400    56  26142.799    26150.963    26407.803
609  Blosum62+F+I+R3 13014.838    55  26139.677    26147.544    26399.949
622  Dayhoff+R3    13046.438    35  26162.877    26166.015    26328.504
623  Dayhoff+R4    13039.288    37  26152.576    26156.087    26327.668
631  Dayhoff+I+R3  13036.590    36  26145.179    26148.501    26315.539
644  Dayhoff+F+R3  12914.021    54  25936.043    25943.620    26191.582
645  Dayhoff+F+R4  12903.843    56  25919.686    25927.850    26184.690
653  Dayhoff+F+I+R3 12902.903    55  25915.807    25923.674    26176.078
666  mtREV+R3      13732.898    35  27535.795    27538.934    27701.423
667  mtREV+R4      13725.434    37  27524.868    27528.378    27699.959
675  mtREV+I+R3    13728.359    36  27528.718    27532.040    27699.077
688  mtREV+F+R3    13064.290    54  26236.579    26244.156    26492.118
689  mtREV+F+R4    13059.236    56  26230.473    26238.637    26495.477
697  mtREV+F+I+R3  13059.744    55  26229.489    26237.356    26489.760
710  mtART+R3      13817.196    35  27704.393    27707.531    27870.020
711  mtART+R4      13796.045    37  27666.090    27669.601    27841.182
719  mtART+I+R3    13808.123    36  27688.247    27691.569    27858.606
732  mtART+F+R3    13118.086    54  26344.172    26351.748    26599.711
733  mtART+F+R4    13109.916    56  26331.832    26339.996    26596.836
741  mtART+F+I+R3  13111.671    55  26333.343    26341.210    26593.614
754  mtZOA+R3      13567.399    35  27204.798    27207.937    27370.426
755  mtZOA+R4      13553.236    37  27180.472    27183.982    27355.564
763  mtZOA+I+R3    13560.989    36  27193.977    27197.299    27364.337
776  mtZOA+F+R3    13003.270    54  26114.540    26122.116    26370.079
777  mtZOA+F+R4    12995.153    56  26102.306    26110.469    26367.310
785  mtZOA+F+I+R3  12996.417    55  26102.834    26110.702    26363.106
798  mtMet+R3      13766.113    35  27602.226    27605.364    27767.853
799  mtMet+R4      13752.303    37  27578.606    27582.117    27753.698
807  mtMet+I+R3    13758.306    36  27588.612    27591.934    27758.971
820  mtMet+F+R3    13048.487    54  26204.974    26212.551    26460.514
821  mtMet+F+R4    13037.571    56  26187.141    26195.305    26452.145
829  mtMet+F+I+R3  13038.674    55  26187.349    26195.216    26447.620
842  mtVer+R3      13926.375    35  27922.750    27925.888    28088.377
843  mtVer+R4      13912.774    37  27899.548    27903.059    28074.640
851  mtVer+I+R3    13917.882    36  27907.764    27911.086    28078.124
864  mtVer+F+R3    13266.613    54  26641.226    26648.803    26896.766
865  mtVer+F+R4    13251.150    56  26614.301    26622.464    26879.305
873  mtVer+F+I+R3  13253.152    55  26616.303    26624.171    26876.575
886  mtInv+R3      13855.978    35  27781.956    27785.095    27947.584
887  mtInv+R4      13844.151    37  27762.302    27765.812    27937.393
895  mtInv+I+R3    13849.303    36  27770.607    27773.928    27940.966
908  mtInv+F+R3    12984.582    54  26077.164    26084.741    26332.704
909  mtInv+F+R4    12974.201    56  26060.401    26068.565    26325.405
917  mtInv+F+I+R3  12974.455    55  26058.910    26066.777    26319.181
930  mtMAM+R3      14033.092    35  28136.184    28139.322    28301.812
931  mtMAM+R4      14007.596    37  28089.192    28092.703    28264.284
939  mtMAM+I+R3    14020.856    36  28113.712    28117.034    28284.072
952  mtMAM+F+R3    13359.888    54  26827.776    26835.353    27083.316
953  mtMAM+F+R4    13345.639    56  26803.278    26811.441    27068.282
961  mtMAM+F+I+R3  13350.412    55  26810.825    26818.692    27071.096
WARNING: Normalizing state frequencies so that sum of them equals to 1
974  FLAVI+R3      13557.300    35  27184.601    27187.739    27350.228
WARNING: Normalizing state frequencies so that sum of them equals to 1
975  FLAVI+R4      13532.602    37  27139.203    27142.714    27314.295
WARNING: Normalizing state frequencies so that sum of them equals to 1
983  FLAVI+I+R3    13548.869    36  27169.738    27173.060    27340.098
WARNING: Normalizing state frequencies so that sum of them equals to 1
996  FLAVI+F+R3    13422.050    54  26952.101    26959.677    27207.640
WARNING: Normalizing state frequencies so that sum of them equals to 1
997  FLAVI+F+R4    13401.641    56  26915.281    26923.445    27180.285
WARNING: Normalizing state frequencies so that sum of them equals to 1
1005  FLAVI+F+I+R3  13411.375    55  26932.750    26940.617    27193.021
1018  HIVb+R3       13238.851    35  26547.701    26550.839    26713.328
1019  HIVb+R4       13226.149    37  26526.298    26529.809    26701.390
1027  HIVb+I+R3     13230.350    36  26532.700    26536.022    26703.060
1040  HIVb+F+R3     13169.241    54  26446.482    26454.058    26702.021
1041  HIVb+F+R4     13155.331    56  26422.662    26430.826    26687.666
1049  HIVb+F+I+R3   13158.821    55  26427.643    26435.510    26687.914
1062  HIVw+R3       13836.344    35  27742.688    27745.827    27908.316
1063  HIVw+R4       13807.986    37  27689.972    27693.483    27865.064
1071  HIVw+I+R3     13821.339    36  27714.679    27718.000    27885.038
1084  HIVw+F+R3     13529.497    54  27166.994    27174.571    27422.534
1085  HIVw+F+R4     13501.783    56  27115.567    27123.731    27380.571
1093  HIVw+F+I+R3   13511.886    55  27133.772    27141.640    27394.044
1106  FLU+R3        13240.917    35  26551.833    26554.971    26717.461
1107  FLU+R4        13227.427    37  26528.853    26532.364    26703.945
1115  FLU+I+R3      13236.335    36  26544.669    26547.991    26715.029
1128  FLU+F+R3      13130.721    54  26369.442    26377.019    26624.982
1129  FLU+F+R4      13114.180    56  26340.361    26348.525    26605.365
1137  FLU+F+I+R3    13123.211    55  26356.422    26364.289    26616.693
1150  rtREV+R3      12944.530    35  25959.059    25962.198    26124.687
1151  rtREV+R4      12939.669    37  25953.338    25956.849    26128.430
1159  rtREV+I+R3    12938.878    36  25949.756    25953.077    26120.115
1172  rtREV+F+R3    12858.404    54  25824.807    25832.384    26080.347
1173  rtREV+F+R4    12853.127    56  25818.254    25826.418    26083.258
1181  rtREV+F+I+R3  12852.907    55  25815.814    25823.681    26076.085
1194  cpREV+R3      13061.526    35  26193.052    26196.190    26358.679
1195  cpREV+R4      13056.554    37  26187.108    26190.619    26362.200
1203  cpREV+I+R3    13055.099    36  26182.198    26185.519    26352.557
1216  cpREV+F+R3    13045.031    54  26198.062    26205.638    26453.601
1217  cpREV+F+R4    13032.813    56  26177.626    26185.789    26442.629
1225  cpREV+F+I+R3  13034.353    55  26178.705    26186.572    26438.977
Akaike Information Criterion:           Q.yeast+F+I+R3
Corrected Akaike Information Criterion: Q.yeast+F+I+R3
Bayesian Information Criterion:         LG+I+R3
Best-fit model: LG+I+R3 chosen according to BIC

All model information printed to FungalCW_tree_20231129/208463at4751.aa.mfa.model.gz
CPU time for ModelFinder: 303.178 seconds (0h:5m:3s)
Wall-clock time for ModelFinder: 153.745 seconds (0h:2m:33s)
Generating 1000 samples for ultrafast bootstrap (seed: 96517)...

NOTE: 8 MB RAM (0 GB) is required!
Estimate model parameters (epsilon = 0.100)
1. Initial log-likelihood: -12848.531
Optimal log-likelihood: -12848.515
Proportion of invariable sites: 0.125
Site proportion and rates:  (0.377,0.211) (0.385,1.000) (0.113,4.746)
Parameters optimization took 1 rounds (0.121 sec)
Wrote distance file to... 
Computing ML distances based on estimated model parameters...
Calculating distance matrix: done in 0.0232201 secs using 198.2% CPU
Computing ML distances took 0.023508 sec (of wall-clock time) 0.046533 sec (of CPU time)
Setting up auxiliary I and S matrices: done in 5.6982e-05 secs using 196.6% CPU
Constructing RapidNJ tree: done in 0.00028801 secs using 192% CPU
Computing RapidNJ tree took 0.000461 sec (of wall-clock time) 0.000893 sec (of CPU time)
Log-likelihood of RapidNJ tree: -12854.369
--------------------------------------------------------------------
|             INITIALIZING CANDIDATE TREE SET                      |
--------------------------------------------------------------------
Generating 98 parsimony trees... 0.413 second
Computing log-likelihood of 97 initial trees ... 1.745 seconds
Current best score: -12848.515

Do NNI search on 20 best initial trees
Optimizing NNI: done in 0.085021 secs using 198.4% CPU
Estimate model parameters (epsilon = 0.100)
BETTER TREE FOUND at iteration 1: -12848.508
Optimizing NNI: done in 0.13177 secs using 196.1% CPU
Optimizing NNI: done in 0.25169 secs using 197.9% CPU
Optimizing NNI: done in 0.264171 secs using 196.4% CPU
Optimizing NNI: done in 0.256981 secs using 197.9% CPU
Optimizing NNI: done in 0.299745 secs using 198.2% CPU
Optimizing NNI: done in 0.359524 secs using 197.9% CPU
Optimizing NNI: done in 0.22504 secs using 196.4% CPU
Optimizing NNI: done in 0.377713 secs using 197.5% CPU
Optimizing NNI: done in 0.351515 secs using 197.6% CPU
Iteration 10 / LogL: -12850.499 / Time: 0h:0m:5s
Optimizing NNI: done in 0.234455 secs using 198.1% CPU
Optimizing NNI: done in 0.407058 secs using 198.4% CPU
Optimizing NNI: done in 0.431347 secs using 198% CPU
Optimizing NNI: done in 0.302548 secs using 198.1% CPU
Optimizing NNI: done in 0.326603 secs using 197.5% CPU
Optimizing NNI: done in 0.249079 secs using 198% CPU
Optimizing NNI: done in 0.393862 secs using 197.4% CPU
Optimizing NNI: done in 0.308692 secs using 197.8% CPU
Optimizing NNI: done in 0.357832 secs using 198.5% CPU
Optimizing NNI: done in 0.37763 secs using 197.6% CPU
Iteration 20 / LogL: -12848.516 / Time: 0h:0m:8s
Finish initializing candidate tree set (2)
Current best tree score: -12848.508 / CPU time: 8.364
Number of iterations: 20
--------------------------------------------------------------------
|               OPTIMIZING CANDIDATE TREE SET                      |
--------------------------------------------------------------------
Optimizing NNI: done in 0.167093 secs using 198.5% CPU
Optimizing NNI: done in 0.259742 secs using 198.4% CPU
Optimizing NNI: done in 0.320466 secs using 198.1% CPU
Optimizing NNI: done in 0.245785 secs using 198.2% CPU
Optimizing NNI: done in 0.296857 secs using 198.3% CPU
Optimizing NNI: done in 0.336829 secs using 197.3% CPU
Optimizing NNI: done in 0.305698 secs using 198.2% CPU
Optimizing NNI: done in 0.348624 secs using 198% CPU
Optimizing NNI: done in 0.312472 secs using 198.2% CPU
Optimizing NNI: done in 0.242911 secs using 198.6% CPU
Iteration 30 / LogL: -12850.959 / Time: 0h:0m:11s (0h:0m:28s left)
Optimizing NNI: done in 0.24831 secs using 197.6% CPU
Optimizing NNI: done in 0.170005 secs using 198.4% CPU
Optimizing NNI: done in 0.248583 secs using 198.6% CPU
Optimizing NNI: done in 0.215679 secs using 198.6% CPU
Optimizing NNI: done in 0.222845 secs using 198.6% CPU
Optimizing NNI: done in 0.335399 secs using 198.2% CPU
Optimizing NNI: done in 0.383072 secs using 197.4% CPU
Optimizing NNI: done in 0.205578 secs using 198.4% CPU
Optimizing NNI: done in 0.326507 secs using 197.6% CPU
Optimizing NNI: done in 0.304399 secs using 197.7% CPU
Iteration 40 / LogL: -12848.525 / Time: 0h:0m:14s (0h:0m:22s left)
Optimizing NNI: done in 0.243332 secs using 198.1% CPU
Optimizing NNI: done in 0.294758 secs using 198.2% CPU
Optimizing NNI: done in 0.291039 secs using 198.3% CPU
Optimizing NNI: done in 0.201548 secs using 197.9% CPU
Optimizing NNI: done in 0.366872 secs using 198% CPU
Optimizing NNI: done in 0.204141 secs using 197.7% CPU
Optimizing NNI: done in 0.252669 secs using 196.9% CPU
Optimizing NNI: done in 0.13276 secs using 198.6% CPU
Optimizing NNI: done in 0.240572 secs using 197.8% CPU
Optimizing NNI: done in 0.229035 secs using 197.6% CPU
Iteration 50 / LogL: -12848.615 / Time: 0h:0m:17s (0h:0m:17s left)
Log-likelihood cutoff on original alignment: -12894.192
Optimizing NNI: done in 0.293515 secs using 197.5% CPU
Optimizing NNI: done in 0.247175 secs using 198.6% CPU
Optimizing NNI: done in 0.315921 secs using 198.1% CPU
Optimizing NNI: done in 0.21408 secs using 198.1% CPU
Optimizing NNI: done in 0.297647 secs using 198% CPU
Optimizing NNI: done in 0.213847 secs using 197.6% CPU
Optimizing NNI: done in 0.289784 secs using 196.6% CPU
Optimizing NNI: done in 0.30343 secs using 198.1% CPU
Optimizing NNI: done in 0.343866 secs using 198.1% CPU
Optimizing NNI: done in 0.131308 secs using 198.8% CPU
Iteration 60 / LogL: -12850.405 / Time: 0h:0m:19s (0h:0m:13s left)
Optimizing NNI: done in 0.432047 secs using 197.9% CPU
Optimizing NNI: done in 0.193786 secs using 195.9% CPU
Optimizing NNI: done in 0.319926 secs using 197.7% CPU
Optimizing NNI: done in 0.3104 secs using 197.7% CPU
Optimizing NNI: done in 0.280108 secs using 197.9% CPU
Optimizing NNI: done in 0.205979 secs using 198.2% CPU
Optimizing NNI: done in 0.294361 secs using 198.7% CPU
Optimizing NNI: done in 0.316761 secs using 198.4% CPU
Optimizing NNI: done in 0.281237 secs using 198.7% CPU
Optimizing NNI: done in 0.384586 secs using 198.2% CPU
Iteration 70 / LogL: -12852.879 / Time: 0h:0m:23s (0h:0m:10s left)
Optimizing NNI: done in 0.172612 secs using 196.8% CPU
Optimizing NNI: done in 0.197482 secs using 198.7% CPU
Optimizing NNI: done in 0.194972 secs using 198.8% CPU
Optimizing NNI: done in 0.275862 secs using 198% CPU
Optimizing NNI: done in 0.393009 secs using 197.9% CPU
Optimizing NNI: done in 0.32269 secs using 197% CPU
Optimizing NNI: done in 0.277936 secs using 198.5% CPU
Optimizing NNI: done in 0.196806 secs using 198.4% CPU
Optimizing NNI: done in 0.372428 secs using 197.9% CPU
Optimizing NNI: done in 0.200362 secs using 197.9% CPU
Iteration 80 / LogL: -12850.499 / Time: 0h:0m:25s (0h:0m:6s left)
Optimizing NNI: done in 0.269035 secs using 194.8% CPU
Optimizing NNI: done in 0.339864 secs using 196.8% CPU
Optimizing NNI: done in 0.201812 secs using 197.3% CPU
Optimizing NNI: done in 0.228785 secs using 198.7% CPU
Optimizing NNI: done in 0.263465 secs using 198% CPU
Optimizing NNI: done in 0.220574 secs using 197.4% CPU
Optimizing NNI: done in 0.210744 secs using 198.1% CPU
Optimizing NNI: done in 0.292724 secs using 198.1% CPU
Optimizing NNI: done in 0.330947 secs using 197.8% CPU
Optimizing NNI: done in 0.267017 secs using 196.8% CPU
Iteration 90 / LogL: -12850.600 / Time: 0h:0m:28s (0h:0m:3s left)
Optimizing NNI: done in 0.338102 secs using 198.5% CPU
Optimizing NNI: done in 0.321337 secs using 198.3% CPU
Optimizing NNI: done in 0.275047 secs using 194.7% CPU
Optimizing NNI: done in 0.366856 secs using 197.6% CPU
Optimizing NNI: done in 0.247998 secs using 197.3% CPU
Optimizing NNI: done in 0.297268 secs using 196.6% CPU
Optimizing NNI: done in 0.242909 secs using 198.1% CPU
Optimizing NNI: done in 0.218425 secs using 198.5% CPU
Optimizing NNI: done in 0.299739 secs using 198.3% CPU
Optimizing NNI: done in 0.296657 secs using 192.5% CPU
Iteration 100 / LogL: -12848.594 / Time: 0h:0m:31s (0h:0m:0s left)
Log-likelihood cutoff on original alignment: -12894.192
NOTE: Bootstrap correlation coefficient of split occurrence frequencies: 1.000
Optimizing NNI: done in 0.237536 secs using 190.1% CPU
Optimizing NNI: done in 0.278446 secs using 197.8% CPU
TREE SEARCH COMPLETED AFTER 102 ITERATIONS / Time: 0h:0m:32s

--------------------------------------------------------------------
|                    FINALIZING TREE SEARCH                        |
--------------------------------------------------------------------
Performs final model parameters optimization
Estimate model parameters (epsilon = 0.010)
1. Initial log-likelihood: -12848.508
Optimal log-likelihood: -12848.505
Proportion of invariable sites: 0.123
Site proportion and rates:  (0.377,0.209) (0.387,0.999) (0.112,4.754)
Parameters optimization took 1 rounds (0.118 sec)
BEST SCORE FOUND : -12848.505

Testing tree branches by SH-like aLRT with 1000 replicates...
0.232 sec.
Creating bootstrap support values...
Split supports printed to NEXUS file FungalCW_tree_20231129/208463at4751.aa.mfa.splits.nex
Total tree length: 7.260

Total number of iterations: 102
CPU time used for tree search: 62.664 sec (0h:1m:2s)
Wall-clock time used for tree search: 31.877 sec (0h:0m:31s)
Total CPU time used: 64.273 sec (0h:1m:4s)
Total wall-clock time used: 33.286 sec (0h:0m:33s)

Computing bootstrap consensus tree...
Reading input file FungalCW_tree_20231129/208463at4751.aa.mfa.splits.nex...
17 taxa and 62 splits.
Consensus tree written to FungalCW_tree_20231129/208463at4751.aa.mfa.contree
Reading input trees file FungalCW_tree_20231129/208463at4751.aa.mfa.contree
Log-likelihood of consensus tree: -12848.505

Analysis results written to: 
  IQ-TREE report:                FungalCW_tree_20231129/208463at4751.aa.mfa.iqtree
  Maximum-likelihood tree:       FungalCW_tree_20231129/208463at4751.aa.mfa.treefile
  Likelihood distances:          FungalCW_tree_20231129/208463at4751.aa.mfa.mldist

Ultrafast bootstrap approximation results written to:
  Split support values:          FungalCW_tree_20231129/208463at4751.aa.mfa.splits.nex
  Consensus tree:                FungalCW_tree_20231129/208463at4751.aa.mfa.contree
  Screen log file:               FungalCW_tree_20231129/208463at4751.aa.mfa.log

Date and Time: Wed Nov 29 01:35:14 2023
