IQ-TREE multicore version 2.2.2.6 COVID-edition for Linux 64-bit built May 27 2023
Developed by Bui Quang Minh, James Barbetti, Nguyen Lam Tung,
Olga Chernomor, Heiko Schmidt, Dominik Schrempf, Michael Woodhams, Ly Trong Nhan.

Host:    i29 (AVX2, FMA3, 503 GB RAM)
Command: iqtree2 -s FungalCW_tree_20231129/215926at4751.aa.mfa -gz -B 1000 -alrt 1000 -nt 2
Seed:    847972 (Using SPRNG - Scalable Parallel Random Number Generator)
Time:    Wed Nov 29 01:33:04 2023
Kernel:  AVX+FMA - 2 threads (2 CPU cores detected)

Reading alignment file FungalCW_tree_20231129/215926at4751.aa.mfa ... Fasta format detected
Reading fasta file: done in 0.000311136 secs using 44.35% CPU
Alignment most likely contains protein sequences
Constructing alignment: done in 0.0013082 secs using 149.4% CPU
Alignment has 17 sequences with 595 columns, 560 distinct patterns
364 parsimony-informative, 156 singleton sites, 75 constant sites
                                                               Gap/Ambiguity  Composition  p-value
Analyzing sequences: done in 3.98159e-05 secs using 115.5% CPU
   1  Basidiobolus_meristosporus_CBS_931.73.Basme2finSC.v1            46.05%    passed     78.39%
   2  Botrytis_cinerea_T4                                             15.29%    passed     83.59%
   3  Colletotrichum_graminicola_M1.001                               17.82%    passed     31.28%
   4  Colletotrichum_higginsianum_IMI_349063                          16.97%    passed     10.28%
   5  Fusarium_graminearum_PH-1                                       16.64%    passed     95.89%
   6  Fusarium_verticillioides_7600                                   15.63%    passed     90.46%
   7  Gilbertella_persicaria_var_persicaria_CBS_190.32-T.Gilper1.v1   59.50%    passed      5.20%
   8  Mortierella_elongata_AG-77                                      30.92%    passed     56.99%
   9  Mucor_mucedo_NRRL_3635                                          44.20%    passed     63.79%
  10  Neoconidiobolus_thromboides_FSU_785.Conth1.v1                   46.39%    passed     19.26%
  11  Phycomyces_blakesleeanus_NRRL_1555.Phybl2.v2                    45.04%    passed     60.25%
  12  Rhizopus_stolonifer_NRRL_66455                                  45.71%    passed     87.93%
  13  Trichoderma_harzianum_CBS_226.95                                14.96%    passed     49.36%
  14  Umbelopsis_ramanniana_NRRL_5844.Umbra1.v1                       53.28%    passed     98.63%
  15  Ustilago_maydis                                                 27.90%    passed     70.26%
  16  Zoophthora_radicans_ATCC_208865                                 42.69%    passed     17.07%
  17  Zymoseptoria_tritici_IP0323                                     25.88%    passed      9.48%
WARNING: 2 sequences contain more than 50% gaps/ambiguity
****  TOTAL                                                           33.23%  0 sequences failed composition chi2 test (p-value<5%; df=19)
Checking for duplicate sequences: done in 0.000104189 secs using 198.7% CPU


Create initial parsimony tree by phylogenetic likelihood library (PLL)... 0.004 seconds
Perform fast likelihood tree search using LG+I+G model...
Estimate model parameters (epsilon = 5.000)
Perform nearest neighbor interchange...
Optimizing NNI: done in 0.203171 secs using 192.6% CPU
Estimate model parameters (epsilon = 1.000)
1. Initial log-likelihood: -12219.704
Optimal log-likelihood: -12218.952
Proportion of invariable sites: 0.048
Gamma shape alpha: 0.587
Parameters optimization took 1 rounds (0.130 sec)
Time for fast ML tree search: 0.708 seconds

NOTE: ModelFinder requires 17 MB RAM!
ModelFinder will test up to 1232 protein models (sample size: 595) ...
 No. Model         -LnL         df  AIC          AICc         BIC
  1  LG            13045.698    31  26153.397    26156.921    26289.442
  2  LG+I          12751.030    32  25566.060    25569.818    25706.494
  3  LG+G4         12216.894    32  24497.788    24501.546    24638.222
  4  LG+I+G4       12218.042    33  24502.083    24506.083    24646.906
  5  LG+R2         12374.594    33  24815.188    24819.188    24960.010
  6  LG+R3         12235.321    35  24540.642    24545.150    24694.241
  7  LG+R4         12187.074    37  24448.148    24453.196    24610.524
  8  LG+R5         12186.140    39  24450.281    24455.902    24621.435
 14  LG+I+R2       12286.595    34  24641.190    24645.440    24790.401
 15  LG+I+R3       12227.034    36  24526.068    24530.842    24684.057
 16  LG+I+R4       12182.565    38  24441.130    24446.461    24607.895
 17  LG+I+R5       12182.131    40  24444.262    24450.182    24619.804
 29  LG+F+R4       12135.054    56  24382.109    24393.975    24627.868
 38  LG+F+I+R4     12128.686    57  24371.372    24383.685    24621.520
 51  WAG+R4        12177.955    37  24429.909    24434.957    24592.286
 60  WAG+I+R4      12169.342    38  24414.685    24420.016    24581.450
 73  WAG+F+R4      12123.727    56  24359.455    24371.321    24605.214
 82  WAG+F+I+R4    12114.881    57  24343.761    24356.074    24593.909
 95  JTT+R4        12226.615    37  24527.231    24532.279    24689.607
104  JTT+I+R4      12218.540    38  24513.079    24518.410    24679.845
117  JTT+F+R4      12173.695    56  24459.390    24471.257    24705.150
126  JTT+F+I+R4    12165.036    57  24444.073    24456.386    24694.221
WARNING: Normalizing state frequencies so that sum of them equals to 1
139  Q.pfam+R4     12185.145    37  24444.291    24449.339    24606.667
WARNING: Normalizing state frequencies so that sum of them equals to 1
148  Q.pfam+I+R4   12179.990    38  24435.981    24441.312    24602.746
WARNING: Normalizing state frequencies so that sum of them equals to 1
161  Q.pfam+F+R4   12131.572    56  24375.144    24387.010    24620.904
WARNING: Normalizing state frequencies so that sum of them equals to 1
170  Q.pfam+F+I+R4 12125.519    57  24365.038    24377.350    24615.186
WARNING: Normalizing state frequencies so that sum of them equals to 1
183  Q.bird+R4     12387.254    37  24848.507    24853.556    25010.884
WARNING: Normalizing state frequencies so that sum of them equals to 1
192  Q.bird+I+R4   12379.774    38  24835.548    24840.879    25002.313
WARNING: Normalizing state frequencies so that sum of them equals to 1
205  Q.bird+F+R4   12326.181    56  24764.363    24776.229    25010.122
WARNING: Normalizing state frequencies so that sum of them equals to 1
214  Q.bird+F+I+R4 12318.731    57  24751.462    24763.775    25001.610
WARNING: Normalizing state frequencies so that sum of them equals to 1
227  Q.mammal+R4   12328.408    37  24730.817    24735.865    24893.194
WARNING: Normalizing state frequencies so that sum of them equals to 1
236  Q.mammal+I+R4 12320.926    38  24717.852    24723.183    24884.617
WARNING: Normalizing state frequencies so that sum of them equals to 1
249  Q.mammal+F+R4 12263.635    56  24639.270    24651.136    24885.029
WARNING: Normalizing state frequencies so that sum of them equals to 1
258  Q.mammal+F+I+R4 12256.139    57  24626.279    24638.592    24876.427
271  Q.insect+R4   12246.062    37  24566.123    24571.172    24728.500
280  Q.insect+I+R4 12240.179    38  24556.357    24561.688    24723.122
293  Q.insect+F+R4 12156.426    56  24424.852    24436.718    24670.611
302  Q.insect+F+I+R4 12149.059    57  24412.118    24424.431    24662.266
WARNING: Normalizing state frequencies so that sum of them equals to 1
315  Q.plant+R4    12279.254    37  24632.508    24637.557    24794.885
WARNING: Normalizing state frequencies so that sum of them equals to 1
324  Q.plant+I+R4  12272.999    38  24621.997    24627.328    24788.762
WARNING: Normalizing state frequencies so that sum of them equals to 1
337  Q.plant+F+R4  12208.047    56  24528.094    24539.960    24773.853
WARNING: Normalizing state frequencies so that sum of them equals to 1
346  Q.plant+F+I+R4 12200.737    57  24515.473    24527.786    24765.621
WARNING: Normalizing state frequencies so that sum of them equals to 1
359  Q.yeast+R4    12247.108    37  24568.216    24573.265    24730.593
WARNING: Normalizing state frequencies so that sum of them equals to 1
368  Q.yeast+I+R4  12241.523    38  24559.045    24564.376    24725.810
WARNING: Normalizing state frequencies so that sum of them equals to 1
381  Q.yeast+F+R4  12144.063    56  24400.125    24411.991    24645.885
WARNING: Normalizing state frequencies so that sum of them equals to 1
390  Q.yeast+F+I+R4 12137.303    57  24388.606    24400.919    24638.754
403  JTTDCMut+R4   12222.891    37  24519.781    24524.830    24682.158
412  JTTDCMut+I+R4 12214.850    38  24505.700    24511.031    24672.466
425  JTTDCMut+F+R4 12170.348    56  24452.696    24464.562    24698.455
434  JTTDCMut+F+I+R4 12161.667    57  24437.335    24449.648    24687.483
447  DCMut+R4      12271.584    37  24617.169    24622.217    24779.545
456  DCMut+I+R4    12261.044    38  24598.088    24603.419    24764.853
469  DCMut+F+R4    12179.373    56  24470.747    24482.613    24716.506
478  DCMut+F+I+R4  12168.647    57  24451.294    24463.607    24701.442
491  VT+R4         12200.778    37  24475.555    24480.604    24637.932
500  VT+I+R4       12193.942    38  24463.884    24469.215    24630.650
513  VT+F+R4       12148.013    56  24408.026    24419.892    24653.786
522  VT+F+I+R4     12140.527    57  24395.054    24407.367    24645.202
535  PMB+R4        12310.262    37  24694.525    24699.573    24856.902
544  PMB+I+R4      12303.237    38  24682.474    24687.805    24849.239
557  PMB+F+R4      12178.661    56  24469.322    24481.188    24715.081
566  PMB+F+I+R4    12170.761    57  24455.522    24467.835    24705.670
579  Blosum62+R4   12313.092    37  24700.184    24705.233    24862.561
588  Blosum62+I+R4 12306.173    38  24688.346    24693.677    24855.112
601  Blosum62+F+R4 12182.306    56  24476.612    24488.478    24722.371
610  Blosum62+F+I+R4 12174.585    57  24463.171    24475.484    24713.319
623  Dayhoff+R4    12271.660    37  24617.321    24622.369    24779.698
632  Dayhoff+I+R4  12261.113    38  24598.226    24603.557    24764.992
645  Dayhoff+F+R4  12179.547    56  24471.093    24482.959    24716.852
654  Dayhoff+F+I+R4 12168.808    57  24451.616    24463.929    24701.764
667  mtREV+R4      12999.371    37  26072.741    26077.790    26235.118
676  mtREV+I+R4    12991.405    38  26058.810    26064.141    26225.576
689  mtREV+F+R4    12269.849    56  24651.699    24663.565    24897.458
698  mtREV+F+I+R4  12262.513    57  24639.027    24651.340    24889.175
711  mtART+R4      13201.866    37  26477.733    26482.781    26640.110
720  mtART+I+R4    13190.002    38  26456.003    26461.334    26622.769
733  mtART+F+R4    12348.344    56  24808.687    24820.553    25054.447
742  mtART+F+I+R4  12337.833    57  24789.665    24801.978    25039.813
755  mtZOA+R4      12964.963    37  26003.927    26008.975    26166.303
764  mtZOA+I+R4    12955.837    38  25987.675    25993.006    26154.440
777  mtZOA+F+R4    12278.378    56  24668.756    24680.623    24914.516
786  mtZOA+F+I+R4  12269.055    57  24652.110    24664.423    24902.258
799  mtMet+R4      13093.545    37  26261.089    26266.138    26423.466
808  mtMet+I+R4    13084.708    38  26245.415    26250.746    26412.181
821  mtMet+F+R4    12291.821    56  24695.642    24707.509    24941.402
830  mtMet+F+I+R4  12283.170    57  24680.340    24692.653    24930.488
843  mtVer+R4      13064.731    37  26203.462    26208.511    26365.839
852  mtVer+I+R4    13055.542    38  26187.083    26192.414    26353.849
865  mtVer+F+R4    12373.569    56  24859.138    24871.004    25104.898
874  mtVer+F+I+R4  12364.596    57  24843.193    24855.506    25093.341
887  mtInv+R4      13267.157    37  26608.314    26613.363    26770.691
896  mtInv+I+R4    13257.970    38  26591.940    26597.270    26758.705
909  mtInv+F+R4    12246.363    56  24604.726    24616.593    24850.486
918  mtInv+F+I+R4  12236.682    57  24587.365    24599.678    24837.513
931  mtMAM+R4      13202.956    37  26479.913    26484.961    26642.289
940  mtMAM+I+R4    13191.564    38  26459.129    26464.459    26625.894
953  mtMAM+F+R4    12444.802    56  25001.603    25013.469    25247.363
962  mtMAM+F+I+R4  12438.380    57  24990.760    25003.073    25240.908
WARNING: Normalizing state frequencies so that sum of them equals to 1
975  FLAVI+R4      12541.856    37  25157.712    25162.760    25320.088
WARNING: Normalizing state frequencies so that sum of them equals to 1
984  FLAVI+I+R4    12531.982    38  25139.963    25145.294    25306.728
WARNING: Normalizing state frequencies so that sum of them equals to 1
997  FLAVI+F+R4    12410.614    56  24933.229    24945.095    25178.988
WARNING: Normalizing state frequencies so that sum of them equals to 1
1006  FLAVI+F+I+R4  12398.993    57  24911.986    24924.299    25162.134
1019  HIVb+R4       12413.107    37  24900.214    24905.263    25062.591
1028  HIVb+I+R4     12404.736    38  24885.472    24890.803    25052.238
1041  HIVb+F+R4     12297.438    56  24706.876    24718.742    24952.636
1050  HIVb+F+I+R4   12286.580    57  24687.160    24699.472    24937.308
1063  HIVw+R4       12737.894    37  25549.787    25554.836    25712.164
1072  HIVw+I+R4     12724.233    38  25524.466    25529.797    25691.231
1085  HIVw+F+R4     12436.422    56  24984.845    24996.711    25230.604
1094  HIVw+F+I+R4   12420.655    57  24955.310    24967.623    25205.458
1107  FLU+R4        12375.307    37  24824.613    24829.662    24986.990
1116  FLU+I+R4      12365.969    38  24807.937    24813.268    24974.703
1129  FLU+F+R4      12227.086    56  24566.172    24578.038    24811.931
1138  FLU+F+I+R4    12216.818    57  24547.635    24559.948    24797.783
1151  rtREV+R4      12247.206    37  24568.412    24573.461    24730.789
1160  rtREV+I+R4    12242.024    38  24560.049    24565.379    24726.814
1173  rtREV+F+R4    12146.149    56  24404.299    24416.165    24650.058
1182  rtREV+F+I+R4  12139.748    57  24393.495    24405.808    24643.643
1195  cpREV+R4      12322.692    37  24719.384    24724.432    24881.761
1204  cpREV+I+R4    12314.197    38  24704.394    24709.725    24871.159
1217  cpREV+F+R4    12173.503    56  24459.006    24470.872    24704.765
1226  cpREV+F+I+R4  12163.485    57  24440.969    24453.282    24691.117
Akaike Information Criterion:           WAG+F+I+R4
Corrected Akaike Information Criterion: WAG+F+I+R4
Bayesian Information Criterion:         WAG+I+R4
Best-fit model: WAG+I+R4 chosen according to BIC

All model information printed to FungalCW_tree_20231129/215926at4751.aa.mfa.model.gz
CPU time for ModelFinder: 225.925 seconds (0h:3m:45s)
Wall-clock time for ModelFinder: 114.649 seconds (0h:1m:54s)
Generating 1000 samples for ultrafast bootstrap (seed: 847972)...

NOTE: 8 MB RAM (0 GB) is required!
Estimate model parameters (epsilon = 0.100)
1. Initial log-likelihood: -12169.342
2. Current log-likelihood: -12169.185
3. Current log-likelihood: -12169.077
4. Current log-likelihood: -12168.968
5. Current log-likelihood: -12168.862
6. Current log-likelihood: -12168.759
Optimal log-likelihood: -12168.608
Proportion of invariable sites: 0.075
Site proportion and rates:  (0.180,0.042) (0.336,0.169) (0.286,0.605) (0.122,6.228)
Parameters optimization took 6 rounds (0.908 sec)
Wrote distance file to... 
Computing ML distances based on estimated model parameters...
Calculating distance matrix: done in 0.0645161 secs using 198.2% CPU
Computing ML distances took 0.064764 sec (of wall-clock time) 0.128373 sec (of CPU time)
WARNING: Some pairwise ML distances are too long (saturated)
Setting up auxiliary I and S matrices: done in 6.60419e-05 secs using 196.8% CPU
Constructing RapidNJ tree: done in 0.000311136 secs using 87.42% CPU
Computing RapidNJ tree took 0.000499 sec (of wall-clock time) 0.000575 sec (of CPU time)
Log-likelihood of RapidNJ tree: -12213.202
--------------------------------------------------------------------
|             INITIALIZING CANDIDATE TREE SET                      |
--------------------------------------------------------------------
Generating 98 parsimony trees... 0.358 second
Computing log-likelihood of 98 initial trees ... 1.787 seconds
Current best score: -12168.608

Do NNI search on 20 best initial trees
Optimizing NNI: done in 0.200681 secs using 196.5% CPU
Estimate model parameters (epsilon = 0.100)
BETTER TREE FOUND at iteration 1: -12164.273
Optimizing NNI: done in 0.301871 secs using 197.4% CPU
Optimizing NNI: done in 0.458108 secs using 196.9% CPU
Optimizing NNI: done in 0.490418 secs using 197.4% CPU
Optimizing NNI: done in 0.575306 secs using 193.8% CPU
Optimizing NNI: done in 0.493835 secs using 197.4% CPU
Optimizing NNI: done in 0.453689 secs using 197.7% CPU
Optimizing NNI: done in 0.548891 secs using 196.7% CPU
Optimizing NNI: done in 0.483934 secs using 197.3% CPU
Optimizing NNI: done in 0.538623 secs using 197% CPU
Iteration 10 / LogL: -12164.441 / Time: 0h:0m:8s
Optimizing NNI: done in 0.568589 secs using 197.2% CPU
Optimizing NNI: done in 0.471677 secs using 197.8% CPU
Optimizing NNI: done in 0.583487 secs using 196.6% CPU
Optimizing NNI: done in 0.458213 secs using 197% CPU
Optimizing NNI: done in 0.50911 secs using 196.9% CPU
Optimizing NNI: done in 0.495553 secs using 197.7% CPU
Optimizing NNI: done in 0.540263 secs using 196.7% CPU
Optimizing NNI: done in 0.584573 secs using 197.1% CPU
Optimizing NNI: done in 0.461976 secs using 197.9% CPU
Optimizing NNI: done in 0.516793 secs using 197.5% CPU
Iteration 20 / LogL: -12164.436 / Time: 0h:0m:13s
Finish initializing candidate tree set (5)
Current best tree score: -12164.273 / CPU time: 13.350
Number of iterations: 20
--------------------------------------------------------------------
|               OPTIMIZING CANDIDATE TREE SET                      |
--------------------------------------------------------------------
Optimizing NNI: done in 0.27897 secs using 196.8% CPU
Optimizing NNI: done in 0.369489 secs using 197.6% CPU
Optimizing NNI: done in 0.342529 secs using 197% CPU
Estimate model parameters (epsilon = 0.100)
UPDATE BEST LOG-LIKELIHOOD: -12163.837
Optimizing NNI: done in 0.339071 secs using 197% CPU
Optimizing NNI: done in 0.248419 secs using 196.7% CPU
Optimizing NNI: done in 0.321171 secs using 197.7% CPU
Optimizing NNI: done in 0.302904 secs using 197.5% CPU
Optimizing NNI: done in 0.406009 secs using 197.6% CPU
UPDATE BEST LOG-LIKELIHOOD: -12163.836
Optimizing NNI: done in 0.224899 secs using 197.1% CPU
Optimizing NNI: done in 0.574104 secs using 197.5% CPU
Iteration 30 / LogL: -12166.375 / Time: 0h:0m:18s (0h:0m:45s left)
Optimizing NNI: done in 0.189274 secs using 197.6% CPU
Optimizing NNI: done in 0.287941 secs using 197.2% CPU
Optimizing NNI: done in 0.460618 secs using 196.7% CPU
Optimizing NNI: done in 0.219709 secs using 197.7% CPU
Optimizing NNI: done in 0.224298 secs using 197.3% CPU
Optimizing NNI: done in 0.412315 secs using 197.4% CPU
Optimizing NNI: done in 0.385093 secs using 197.3% CPU
Optimizing NNI: done in 0.420109 secs using 197.6% CPU
Optimizing NNI: done in 0.299838 secs using 196.3% CPU
Optimizing NNI: done in 0.198375 secs using 198% CPU
Iteration 40 / LogL: -12166.484 / Time: 0h:0m:21s (0h:0m:34s left)
Optimizing NNI: done in 0.183891 secs using 196.8% CPU
Optimizing NNI: done in 0.269977 secs using 198.1% CPU
UPDATE BEST LOG-LIKELIHOOD: -12163.834
Optimizing NNI: done in 0.342045 secs using 197.8% CPU
Optimizing NNI: done in 0.471316 secs using 196.8% CPU
Optimizing NNI: done in 0.427944 secs using 197.5% CPU
Optimizing NNI: done in 0.395869 secs using 197.6% CPU
Optimizing NNI: done in 0.271238 secs using 197% CPU
Optimizing NNI: done in 0.33511 secs using 197.9% CPU
Optimizing NNI: done in 0.240552 secs using 198.1% CPU
Optimizing NNI: done in 0.181574 secs using 197.1% CPU
Iteration 50 / LogL: -12167.359 / Time: 0h:0m:25s (0h:0m:26s left)
Log-likelihood cutoff on original alignment: -12188.045
Optimizing NNI: done in 0.225491 secs using 197.1% CPU
Optimizing NNI: done in 0.421154 secs using 197.9% CPU
Optimizing NNI: done in 0.422085 secs using 197.7% CPU
Optimizing NNI: done in 0.347845 secs using 197.3% CPU
Optimizing NNI: done in 0.241198 secs using 197.3% CPU
Optimizing NNI: done in 0.397649 secs using 197.2% CPU
Optimizing NNI: done in 0.293149 secs using 197.8% CPU
Optimizing NNI: done in 0.360195 secs using 197.1% CPU
Optimizing NNI: done in 0.286827 secs using 196.4% CPU
Optimizing NNI: done in 0.363946 secs using 198.1% CPU
Iteration 60 / LogL: -12163.997 / Time: 0h:0m:28s (0h:0m:20s left)
Optimizing NNI: done in 0.379708 secs using 196.5% CPU
Optimizing NNI: done in 0.245407 secs using 198.1% CPU
Optimizing NNI: done in 0.387727 secs using 197.6% CPU
Optimizing NNI: done in 0.278207 secs using 197.4% CPU
Optimizing NNI: done in 0.33618 secs using 197% CPU
Optimizing NNI: done in 0.455529 secs using 197.3% CPU
Optimizing NNI: done in 0.390426 secs using 196.5% CPU
Optimizing NNI: done in 0.279168 secs using 197.7% CPU
Optimizing NNI: done in 0.273625 secs using 197.9% CPU
Optimizing NNI: done in 0.3353 secs using 197.5% CPU
Iteration 70 / LogL: -12166.244 / Time: 0h:0m:32s (0h:0m:14s left)
Optimizing NNI: done in 0.342917 secs using 197.8% CPU
Optimizing NNI: done in 0.35313 secs using 197.4% CPU
Optimizing NNI: done in 0.241086 secs using 197.7% CPU
UPDATE BEST LOG-LIKELIHOOD: -12163.832
Optimizing NNI: done in 0.565717 secs using 197.3% CPU
Optimizing NNI: done in 0.281417 secs using 197.4% CPU
Optimizing NNI: done in 0.393283 secs using 197.9% CPU
Optimizing NNI: done in 0.510576 secs using 197.2% CPU
Optimizing NNI: done in 0.353222 secs using 196.7% CPU
Optimizing NNI: done in 0.3791 secs using 197.6% CPU
Optimizing NNI: done in 0.285702 secs using 195.8% CPU
Iteration 80 / LogL: -12163.834 / Time: 0h:0m:36s (0h:0m:9s left)
Optimizing NNI: done in 0.307312 secs using 197.8% CPU
Optimizing NNI: done in 0.377663 secs using 197.6% CPU
Optimizing NNI: done in 0.298519 secs using 198% CPU
Optimizing NNI: done in 0.267417 secs using 197.6% CPU
Optimizing NNI: done in 0.288481 secs using 197.9% CPU
Optimizing NNI: done in 0.18487 secs using 198.1% CPU
Optimizing NNI: done in 0.283434 secs using 198% CPU
Optimizing NNI: done in 0.221494 secs using 197.6% CPU
Optimizing NNI: done in 0.330537 secs using 197.3% CPU
Optimizing NNI: done in 0.300471 secs using 197.4% CPU
Iteration 90 / LogL: -12164.739 / Time: 0h:0m:39s (0h:0m:4s left)
Optimizing NNI: done in 0.336985 secs using 198.2% CPU
UPDATE BEST LOG-LIKELIHOOD: -12163.830
Optimizing NNI: done in 0.375785 secs using 196.4% CPU
Optimizing NNI: done in 0.376409 secs using 198% CPU
Optimizing NNI: done in 0.531171 secs using 197.9% CPU
Optimizing NNI: done in 0.660082 secs using 197.5% CPU
Optimizing NNI: done in 0.410613 secs using 197.1% CPU
Optimizing NNI: done in 0.605629 secs using 197.6% CPU
Optimizing NNI: done in 0.426378 secs using 197.5% CPU
Optimizing NNI: done in 0.359324 secs using 197.1% CPU
Optimizing NNI: done in 0.381851 secs using 197.9% CPU
Iteration 100 / LogL: -12163.997 / Time: 0h:0m:43s (0h:0m:0s left)
Log-likelihood cutoff on original alignment: -12188.045
NOTE: Bootstrap correlation coefficient of split occurrence frequencies: 1.000
Optimizing NNI: done in 0.191315 secs using 197.6% CPU
Optimizing NNI: done in 0.223322 secs using 197.3% CPU
TREE SEARCH COMPLETED AFTER 102 ITERATIONS / Time: 0h:0m:44s

--------------------------------------------------------------------
|                    FINALIZING TREE SEARCH                        |
--------------------------------------------------------------------
Performs final model parameters optimization
Estimate model parameters (epsilon = 0.010)
1. Initial log-likelihood: -12163.830
2. Current log-likelihood: -12163.758
3. Current log-likelihood: -12163.668
4. Current log-likelihood: -12163.587
5. Current log-likelihood: -12163.520
6. Current log-likelihood: -12163.465
7. Current log-likelihood: -12163.420
8. Current log-likelihood: -12163.383
9. Current log-likelihood: -12163.359
10. Current log-likelihood: -12163.337
11. Current log-likelihood: -12163.319
12. Current log-likelihood: -12163.303
13. Current log-likelihood: -12163.289
14. Current log-likelihood: -12163.277
15. Current log-likelihood: -12163.267
Optimal log-likelihood: -12163.255
Proportion of invariable sites: 0.074
Site proportion and rates:  (0.175,0.036) (0.334,0.146) (0.297,0.535) (0.121,6.518)
Parameters optimization took 15 rounds (2.397 sec)
BEST SCORE FOUND : -12163.255

Testing tree branches by SH-like aLRT with 1000 replicates...
0.194 sec.
Creating bootstrap support values...
Split supports printed to NEXUS file FungalCW_tree_20231129/215926at4751.aa.mfa.splits.nex
Total tree length: 62.443

Total number of iterations: 102
CPU time used for tree search: 82.513 sec (0h:1m:22s)
Wall-clock time used for tree search: 42.940 sec (0h:0m:42s)
Total CPU time used: 90.204 sec (0h:1m:30s)
Total wall-clock time used: 47.022 sec (0h:0m:47s)

Computing bootstrap consensus tree...
Reading input file FungalCW_tree_20231129/215926at4751.aa.mfa.splits.nex...
17 taxa and 93 splits.
Consensus tree written to FungalCW_tree_20231129/215926at4751.aa.mfa.contree
Reading input trees file FungalCW_tree_20231129/215926at4751.aa.mfa.contree
Log-likelihood of consensus tree: -12163.151

Analysis results written to: 
  IQ-TREE report:                FungalCW_tree_20231129/215926at4751.aa.mfa.iqtree
  Maximum-likelihood tree:       FungalCW_tree_20231129/215926at4751.aa.mfa.treefile
  Likelihood distances:          FungalCW_tree_20231129/215926at4751.aa.mfa.mldist

Ultrafast bootstrap approximation results written to:
  Split support values:          FungalCW_tree_20231129/215926at4751.aa.mfa.splits.nex
  Consensus tree:                FungalCW_tree_20231129/215926at4751.aa.mfa.contree
  Screen log file:               FungalCW_tree_20231129/215926at4751.aa.mfa.log

Date and Time: Wed Nov 29 01:35:46 2023
