IQ-TREE multicore version 2.2.2.6 COVID-edition for Linux 64-bit built May 27 2023
Developed by Bui Quang Minh, James Barbetti, Nguyen Lam Tung,
Olga Chernomor, Heiko Schmidt, Dominik Schrempf, Michael Woodhams, Ly Trong Nhan.

Host:    i29 (AVX2, FMA3, 503 GB RAM)
Command: iqtree2 -s FungalCW_tree_20231129/216270at4751.aa.mfa -gz -B 1000 -alrt 1000 -nt 2
Seed:    780333 (Using SPRNG - Scalable Parallel Random Number Generator)
Time:    Wed Nov 29 01:33:04 2023
Kernel:  AVX+FMA - 2 threads (2 CPU cores detected)

Reading alignment file FungalCW_tree_20231129/216270at4751.aa.mfa ... Fasta format detected
Reading fasta file: done in 0.000266075 secs
Alignment most likely contains protein sequences
Constructing alignment: done in 0.00123096 secs using 85.79% CPU
Alignment has 18 sequences with 545 columns, 451 distinct patterns
266 parsimony-informative, 101 singleton sites, 178 constant sites
                                                               Gap/Ambiguity  Composition  p-value
Analyzing sequences: done in 3.79086e-05 secs using 203.1% CPU
   1  Basidiobolus_meristosporus_CBS_931.73.Basme2finSC.v1            17.98%    passed     99.86%
   2  Botrytis_cinerea_T4                                             13.94%    passed     99.97%
   3  Capillidium_pumilum_ARSEF_79                                    56.70%    passed     91.78%
   4  Colletotrichum_graminicola_M1.001                               14.86%    passed     99.71%
   5  Colletotrichum_higginsianum_IMI_349063                          14.86%    passed     99.52%
   6  Fusarium_graminearum_PH-1                                       14.86%    passed     99.99%
   7  Fusarium_verticillioides_7600                                   17.06%    passed     99.58%
   8  Gilbertella_persicaria_var_persicaria_CBS_190.32-T.Gilper1.v1   17.25%    passed     99.96%
   9  Mortierella_elongata_AG-77                                      20.55%    passed     99.75%
  10  Mucor_mucedo_NRRL_3635                                          19.08%    passed     97.30%
  11  Neoconidiobolus_thromboides_FSU_785.Conth1.v1                   20.37%    passed     96.16%
  12  Phycomyces_blakesleeanus_NRRL_1555.Phybl2.v2                    21.10%    passed     87.03%
  13  Rhizopus_stolonifer_NRRL_66455                                  19.45%    passed     96.82%
  14  Trichoderma_harzianum_CBS_226.95                                15.05%    passed     99.53%
  15  Umbelopsis_ramanniana_NRRL_5844.Umbra1.v1                       21.10%    passed     99.55%
  16  Ustilago_maydis                                                 20.55%    passed     82.45%
  17  Zoophthora_radicans_ATCC_208865                                 19.63%    passed     98.84%
  18  Zymoseptoria_tritici_IP0323                                     14.13%    passed     89.53%
WARNING: 1 sequences contain more than 50% gaps/ambiguity
****  TOTAL                                                           19.92%  0 sequences failed composition chi2 test (p-value<5%; df=19)
Checking for duplicate sequences: done in 0.000108004 secs using 196.3% CPU


Create initial parsimony tree by phylogenetic likelihood library (PLL)... 0.003 seconds
Perform fast likelihood tree search using LG+I+G model...
Estimate model parameters (epsilon = 5.000)
Perform nearest neighbor interchange...
Optimizing NNI: done in 0.112491 secs using 198% CPU
Estimate model parameters (epsilon = 1.000)
1. Initial log-likelihood: -7417.801
Optimal log-likelihood: -7417.799
Proportion of invariable sites: 0.153
Gamma shape alpha: 1.297
Parameters optimization took 1 rounds (0.055 sec)
Time for fast ML tree search: 0.345 seconds

NOTE: ModelFinder requires 14 MB RAM!
ModelFinder will test up to 1232 protein models (sample size: 545) ...
 No. Model         -LnL         df  AIC          AICc         BIC
  1  LG            7675.692     33  15417.385    15421.776    15559.310
  2  LG+I          7510.729     34  15089.458    15094.124    15235.684
  3  LG+G4         7422.303     34  14912.605    14917.272    15058.832
  4  LG+I+G4       7417.799     35  14905.598    14910.549    15056.125
  5  LG+R2         7440.953     35  14951.905    14956.856    15102.433
  6  LG+R3         7418.474     37  14910.948    14916.494    15070.077
  7  LG+R4         7416.658     39  14911.317    14917.495    15079.047
 14  LG+I+R2       7423.067     36  14918.135    14923.379    15072.963
 15  LG+I+R3       7416.278     38  14908.556    14914.413    15071.985
 16  LG+I+R4       7416.185     40  14912.370    14918.878    15084.401
 25  LG+F+G4       7410.326     53  14926.652    14938.310    15154.594
 26  LG+F+I+G4     7405.987     54  14919.974    14932.097    15152.217
 47  WAG+G4        7451.994     34  14971.989    14976.655    15118.215
 48  WAG+I+G4      7444.804     35  14959.608    14964.559    15110.135
 69  WAG+F+G4      7447.715     53  15001.430    15013.088    15229.371
 70  WAG+F+I+G4    7441.015     54  14990.029    15002.152    15222.272
 91  JTT+G4        7530.887     34  15129.774    15134.441    15276.001
 92  JTT+I+G4      7525.089     35  15120.179    15125.130    15270.707
113  JTT+F+G4      7520.628     53  15147.256    15158.913    15375.197
114  JTT+F+I+G4    7515.384     54  15138.769    15150.891    15371.011
WARNING: Normalizing state frequencies so that sum of them equals to 1
135  Q.pfam+G4     7430.774     34  14929.547    14934.214    15075.774
WARNING: Normalizing state frequencies so that sum of them equals to 1
136  Q.pfam+I+G4   7426.358     35  14922.715    14927.666    15073.243
WARNING: Normalizing state frequencies so that sum of them equals to 1
157  Q.pfam+F+G4   7421.113     53  14948.227    14959.884    15176.168
WARNING: Normalizing state frequencies so that sum of them equals to 1
158  Q.pfam+F+I+G4 7417.151     54  14942.301    14954.424    15174.544
WARNING: Normalizing state frequencies so that sum of them equals to 1
179  Q.bird+G4     7744.529     34  15557.058    15561.725    15703.285
WARNING: Normalizing state frequencies so that sum of them equals to 1
180  Q.bird+I+G4   7740.087     35  15550.174    15555.125    15700.701
WARNING: Normalizing state frequencies so that sum of them equals to 1
201  Q.bird+F+G4   7715.654     53  15537.307    15548.965    15765.249
WARNING: Normalizing state frequencies so that sum of them equals to 1
202  Q.bird+F+I+G4 7712.203     54  15532.406    15544.528    15764.648
WARNING: Normalizing state frequencies so that sum of them equals to 1
223  Q.mammal+G4   7683.439     34  15434.879    15439.546    15581.106
WARNING: Normalizing state frequencies so that sum of them equals to 1
224  Q.mammal+I+G4 7678.978     35  15427.955    15432.906    15578.483
WARNING: Normalizing state frequencies so that sum of them equals to 1
245  Q.mammal+F+G4 7648.291     53  15402.582    15414.240    15630.523
WARNING: Normalizing state frequencies so that sum of them equals to 1
246  Q.mammal+F+I+G4 7644.823     54  15397.647    15409.769    15629.889
267  Q.insect+G4   7469.293     34  15006.585    15011.252    15152.812
268  Q.insect+I+G4 7465.073     35  15000.147    15005.098    15150.674
289  Q.insect+F+G4 7455.876     53  15017.752    15029.410    15245.694
290  Q.insect+F+I+G4 7451.946     54  15011.892    15024.015    15244.135
WARNING: Normalizing state frequencies so that sum of them equals to 1
311  Q.plant+G4    7563.070     34  15194.140    15198.807    15340.367
WARNING: Normalizing state frequencies so that sum of them equals to 1
312  Q.plant+I+G4  7558.786     35  15187.573    15192.524    15338.100
WARNING: Normalizing state frequencies so that sum of them equals to 1
333  Q.plant+F+G4  7555.860     53  15217.720    15229.378    15445.662
WARNING: Normalizing state frequencies so that sum of them equals to 1
334  Q.plant+F+I+G4 7551.878     54  15211.756    15223.878    15443.998
WARNING: Normalizing state frequencies so that sum of them equals to 1
355  Q.yeast+G4    7434.652     34  14937.304    14941.970    15083.530
WARNING: Normalizing state frequencies so that sum of them equals to 1
356  Q.yeast+I+G4  7430.198     35  14930.397    14935.348    15080.924
WARNING: Normalizing state frequencies so that sum of them equals to 1
377  Q.yeast+F+G4  7416.758     53  14939.517    14951.175    15167.458
WARNING: Normalizing state frequencies so that sum of them equals to 1
378  Q.yeast+F+I+G4 7412.758     54  14933.515    14945.638    15165.758
399  JTTDCMut+G4   7525.772     34  15119.544    15124.211    15265.771
400  JTTDCMut+I+G4 7519.889     35  15109.778    15114.729    15260.306
421  JTTDCMut+F+G4 7515.889     53  15137.778    15149.436    15365.720
422  JTTDCMut+F+I+G4 7510.597     54  15129.194    15141.316    15361.436
443  DCMut+G4      7534.952     34  15137.903    15142.570    15284.130
444  DCMut+I+G4    7528.522     35  15127.043    15131.994    15277.571
465  DCMut+F+G4    7497.790     53  15101.580    15113.238    15329.522
466  DCMut+F+I+G4  7492.449     54  15092.898    15105.021    15325.141
487  VT+G4         7482.550     34  15033.100    15037.767    15179.327
488  VT+I+G4       7475.560     35  15021.119    15026.070    15171.647
509  VT+F+G4       7476.226     53  15058.453    15070.110    15286.394
510  VT+F+I+G4     7469.370     54  15046.740    15058.862    15278.982
531  PMB+G4        7541.209     34  15150.418    15155.085    15296.645
532  PMB+I+G4      7534.793     35  15139.586    15144.537    15290.113
553  PMB+F+G4      7509.759     53  15125.518    15137.176    15353.460
554  PMB+F+I+G4    7503.058     54  15114.116    15126.239    15346.359
575  Blosum62+G4   7522.675     34  15113.350    15118.017    15259.577
576  Blosum62+I+G4 7516.092     35  15102.184    15107.135    15252.712
597  Blosum62+F+G4 7510.366     53  15126.731    15138.389    15354.673
598  Blosum62+F+I+G4 7503.390     54  15114.780    15126.903    15347.023
619  Dayhoff+G4    7534.727     34  15137.453    15142.120    15283.680
620  Dayhoff+I+G4  7528.321     35  15126.642    15131.593    15277.169
641  Dayhoff+F+G4  7497.727     53  15101.453    15113.111    15329.395
642  Dayhoff+F+I+G4 7492.409     54  15092.818    15104.940    15325.060
663  mtREV+G4      7948.143     34  15964.286    15968.953    16110.513
664  mtREV+I+G4    7946.903     35  15963.807    15968.758    16114.334
685  mtREV+F+G4    7628.206     53  15362.412    15374.070    15590.354
686  mtREV+F+I+G4  7626.449     54  15360.897    15373.020    15593.140
707  mtART+G4      7936.730     34  15941.460    15946.126    16087.686
708  mtART+I+G4    7937.229     35  15944.458    15949.409    16094.986
729  mtART+F+G4    7635.449     53  15376.898    15388.556    15604.840
730  mtART+F+I+G4  7634.984     54  15377.968    15390.091    15610.211
751  mtZOA+G4      7793.064     34  15654.128    15658.794    15800.354
752  mtZOA+I+G4    7793.745     35  15657.490    15662.441    15808.017
773  mtZOA+F+G4    7548.025     53  15202.049    15213.707    15429.991
774  mtZOA+F+I+G4  7546.791     54  15201.582    15213.704    15433.824
795  mtMet+G4      7938.434     34  15944.869    15949.535    16091.095
796  mtMet+I+G4    7938.493     35  15946.986    15951.937    16097.513
817  mtMet+F+G4    7623.629     53  15353.257    15364.915    15581.199
818  mtMet+F+I+G4  7622.048     54  15352.097    15364.219    15584.339
839  mtVer+G4      8051.960     34  16171.920    16176.587    16318.147
840  mtVer+I+G4    8051.718     35  16173.435    16178.386    16323.963
861  mtVer+F+G4    7762.127     53  15630.254    15641.912    15858.195
862  mtVer+F+I+G4  7761.323     54  15630.645    15642.768    15862.888
883  mtInv+G4      7949.440     34  15966.879    15971.546    16113.106
884  mtInv+I+G4    7948.845     35  15967.691    15972.641    16118.218
905  mtInv+F+G4    7553.186     53  15212.373    15224.031    15440.314
906  mtInv+F+I+G4  7550.422     54  15208.844    15220.967    15441.087
927  mtMAM+G4      8154.894     34  16377.787    16382.454    16524.014
928  mtMAM+I+G4    8154.822     35  16379.643    16384.594    16530.171
949  mtMAM+F+G4    7849.165     53  15804.329    15815.987    16032.271
950  mtMAM+F+I+G4  7848.378     54  15804.756    15816.879    16036.999
WARNING: Normalizing state frequencies so that sum of them equals to 1
971  FLAVI+G4      7918.348     34  15904.695    15909.362    16050.922
WARNING: Normalizing state frequencies so that sum of them equals to 1
972  FLAVI+I+G4    7916.676     35  15903.352    15908.303    16053.880
WARNING: Normalizing state frequencies so that sum of them equals to 1
993  FLAVI+F+G4    7877.144     53  15860.288    15871.946    16088.230
WARNING: Normalizing state frequencies so that sum of them equals to 1
994  FLAVI+F+I+G4  7875.169     54  15858.338    15870.460    16090.580
1015  HIVb+G4       7740.619     34  15549.239    15553.905    15695.465
1016  HIVb+I+G4     7735.625     35  15541.251    15546.202    15691.778
1037  HIVb+F+G4     7701.569     53  15509.137    15520.795    15737.079
1038  HIVb+F+I+G4   7697.211     54  15502.422    15514.545    15734.665
1059  HIVw+G4       8063.572     34  16195.144    16199.811    16341.371
1060  HIVw+I+G4     8055.889     35  16181.779    16186.730    16332.306
1081  HIVw+F+G4     7961.020     53  16028.040    16039.698    16255.982
1082  HIVw+F+I+G4   7954.814     54  16017.628    16029.750    16249.870
1103  FLU+G4        7657.255     34  15382.510    15387.176    15528.736
1104  FLU+I+G4      7652.687     35  15375.373    15380.324    15525.901
1125  FLU+F+G4      7621.927     53  15349.853    15361.511    15577.795
1126  FLU+F+I+G4    7618.272     54  15344.544    15356.667    15576.787
1147  rtREV+G4      7492.445     34  15052.891    15057.558    15199.118
1148  rtREV+I+G4    7487.000     35  15044.000    15048.951    15194.528
1169  rtREV+F+G4    7446.712     53  14999.425    15011.083    15227.367
1170  rtREV+F+I+G4  7441.829     54  14991.658    15003.781    15223.901
1191  cpREV+G4      7528.117     34  15124.235    15128.902    15270.462
1192  cpREV+I+G4    7522.670     35  15115.341    15120.292    15265.868
1213  cpREV+F+G4    7501.307     53  15108.613    15120.271    15336.555
1214  cpREV+F+I+G4  7495.538     54  15099.075    15111.198    15331.318
Akaike Information Criterion:           LG+I+G4
Corrected Akaike Information Criterion: LG+I+G4
Bayesian Information Criterion:         LG+I+G4
Best-fit model: LG+I+G4 chosen according to BIC

All model information printed to FungalCW_tree_20231129/216270at4751.aa.mfa.model.gz
CPU time for ModelFinder: 53.171 seconds (0h:0m:53s)
Wall-clock time for ModelFinder: 27.029 seconds (0h:0m:27s)
Generating 1000 samples for ultrafast bootstrap (seed: 780333)...

NOTE: 7 MB RAM (0 GB) is required!
Estimate model parameters (epsilon = 0.100)
Thoroughly optimizing +I+G parameters from 10 start values...
Init pinv, alpha: 0.000, 1.299 / Estimate: 0.000, 0.760 / LogL: -7422.303
Init pinv, alpha: 0.036, 1.299 / Estimate: 0.044, 0.863 / LogL: -7420.626
Init pinv, alpha: 0.073, 1.299 / Estimate: 0.120, 1.135 / LogL: -7418.196
Init pinv, alpha: 0.109, 1.299 / Estimate: 0.122, 1.140 / LogL: -7418.169
Init pinv, alpha: 0.145, 1.299 / Estimate: 0.147, 1.264 / LogL: -7417.820
Init pinv, alpha: 0.181, 1.299 / Estimate: 0.170, 1.397 / LogL: -7417.915
Init pinv, alpha: 0.218, 1.299 / Estimate: 0.169, 1.387 / LogL: -7417.891
Init pinv, alpha: 0.254, 1.299 / Estimate: 0.168, 1.385 / LogL: -7417.886
Init pinv, alpha: 0.290, 1.299 / Estimate: 0.170, 1.395 / LogL: -7417.909
Init pinv, alpha: 0.327, 1.299 / Estimate: 0.171, 1.401 / LogL: -7417.925
Optimal pinv,alpha: 0.147, 1.264 / LogL: -7417.820

Parameters optimization took 3.298 sec
Wrote distance file to... 
Computing ML distances based on estimated model parameters...
Calculating distance matrix: done in 0.0323191 secs using 198.1% CPU
Computing ML distances took 0.032560 sec (of wall-clock time) 0.064479 sec (of CPU time)
Setting up auxiliary I and S matrices: done in 5.50747e-05 secs using 201.5% CPU
Constructing RapidNJ tree: done in 0.000207901 secs using 198.7% CPU
Computing RapidNJ tree took 0.000378 sec (of wall-clock time) 0.000749 sec (of CPU time)
Log-likelihood of RapidNJ tree: -7440.063
--------------------------------------------------------------------
|             INITIALIZING CANDIDATE TREE SET                      |
--------------------------------------------------------------------
Generating 98 parsimony trees... 0.355 second
Computing log-likelihood of 98 initial trees ... 1.637 seconds
Current best score: -7417.820

Do NNI search on 20 best initial trees
Optimizing NNI: done in 0.0787549 secs using 198.1% CPU
Estimate model parameters (epsilon = 0.100)
BETTER TREE FOUND at iteration 1: -7417.814
Optimizing NNI: done in 0.127991 secs using 197.5% CPU
Optimizing NNI: done in 0.129258 secs using 195.9% CPU
Optimizing NNI: done in 0.12789 secs using 198% CPU
Optimizing NNI: done in 0.254289 secs using 197.8% CPU
Optimizing NNI: done in 0.178137 secs using 197.8% CPU
Optimizing NNI: done in 0.243678 secs using 196.9% CPU
Optimizing NNI: done in 0.240789 secs using 197.5% CPU
Optimizing NNI: done in 0.358782 secs using 197.5% CPU
Optimizing NNI: done in 0.151842 secs using 197.8% CPU
Iteration 10 / LogL: -7418.818 / Time: 0h:0m:7s
Optimizing NNI: done in 0.206815 secs using 197.5% CPU
Optimizing NNI: done in 0.1887 secs using 197.7% CPU
Optimizing NNI: done in 0.190336 secs using 198.5% CPU
Optimizing NNI: done in 0.168487 secs using 197.9% CPU
Optimizing NNI: done in 0.266907 secs using 197.3% CPU
Optimizing NNI: done in 0.238839 secs using 198% CPU
Optimizing NNI: done in 0.281608 secs using 198% CPU
Optimizing NNI: done in 0.163383 secs using 197.9% CPU
Optimizing NNI: done in 0.219987 secs using 198% CPU
Optimizing NNI: done in 0.165804 secs using 197.9% CPU
Iteration 20 / LogL: -7418.835 / Time: 0h:0m:9s
Finish initializing candidate tree set (5)
Current best tree score: -7417.814 / CPU time: 6.121
Number of iterations: 20
--------------------------------------------------------------------
|               OPTIMIZING CANDIDATE TREE SET                      |
--------------------------------------------------------------------
Optimizing NNI: done in 0.268437 secs using 198.4% CPU
Optimizing NNI: done in 0.329615 secs using 197.3% CPU
Optimizing NNI: done in 0.307686 secs using 198.1% CPU
Optimizing NNI: done in 0.155179 secs using 196.6% CPU
Optimizing NNI: done in 0.203668 secs using 197.6% CPU
Optimizing NNI: done in 0.257141 secs using 198.1% CPU
Optimizing NNI: done in 0.28659 secs using 198.4% CPU
Optimizing NNI: done in 0.161808 secs using 198.5% CPU
Optimizing NNI: done in 0.290754 secs using 198.5% CPU
Optimizing NNI: done in 0.29472 secs using 198.5% CPU
Iteration 30 / LogL: -7417.874 / Time: 0h:0m:12s (0h:0m:30s left)
Optimizing NNI: done in 0.274106 secs using 198.5% CPU
Optimizing NNI: done in 0.288335 secs using 197.8% CPU
Optimizing NNI: done in 0.367208 secs using 198.5% CPU
Optimizing NNI: done in 0.255889 secs using 198.1% CPU
Optimizing NNI: done in 0.288092 secs using 197.4% CPU
Optimizing NNI: done in 0.267007 secs using 198.2% CPU
Optimizing NNI: done in 0.39571 secs using 197.5% CPU
Optimizing NNI: done in 0.290133 secs using 198.2% CPU
Optimizing NNI: done in 0.15263 secs using 196.6% CPU
Optimizing NNI: done in 0.288999 secs using 197.4% CPU
Iteration 40 / LogL: -7417.892 / Time: 0h:0m:15s (0h:0m:23s left)
Optimizing NNI: done in 0.304044 secs using 197.2% CPU
Optimizing NNI: done in 0.475307 secs using 198.6% CPU
Optimizing NNI: done in 0.347952 secs using 197.6% CPU
Optimizing NNI: done in 0.273949 secs using 198.4% CPU
Optimizing NNI: done in 0.231034 secs using 198.1% CPU
Optimizing NNI: done in 0.205557 secs using 198% CPU
Optimizing NNI: done in 0.330026 secs using 198.3% CPU
Optimizing NNI: done in 0.261514 secs using 198.1% CPU
Optimizing NNI: done in 0.304717 secs using 198.2% CPU
Optimizing NNI: done in 0.365492 secs using 197.9% CPU
Iteration 50 / LogL: -7420.394 / Time: 0h:0m:18s (0h:0m:19s left)
Log-likelihood cutoff on original alignment: -7471.843
Optimizing NNI: done in 0.200271 secs using 198% CPU
Optimizing NNI: done in 0.258832 secs using 197.8% CPU
Optimizing NNI: done in 0.283603 secs using 198% CPU
Optimizing NNI: done in 0.218341 secs using 197.7% CPU
Optimizing NNI: done in 0.277794 secs using 197.1% CPU
Optimizing NNI: done in 0.244428 secs using 197.7% CPU
Optimizing NNI: done in 0.124727 secs using 198.5% CPU
Optimizing NNI: done in 0.376383 secs using 198.1% CPU
Optimizing NNI: done in 0.146399 secs using 197.9% CPU
Optimizing NNI: done in 0.266119 secs using 198.5% CPU
Iteration 60 / LogL: -7420.440 / Time: 0h:0m:21s (0h:0m:14s left)
Optimizing NNI: done in 0.322875 secs using 197.8% CPU
Optimizing NNI: done in 0.268134 secs using 198.7% CPU
Optimizing NNI: done in 0.309298 secs using 198.4% CPU
Optimizing NNI: done in 0.184915 secs using 197.8% CPU
Optimizing NNI: done in 0.327562 secs using 198.4% CPU
Optimizing NNI: done in 0.253827 secs using 197.9% CPU
Optimizing NNI: done in 0.364318 secs using 198.1% CPU
Optimizing NNI: done in 0.214422 secs using 198.3% CPU
Optimizing NNI: done in 0.2607 secs using 198.1% CPU
Optimizing NNI: done in 0.44882 secs using 197.8% CPU
Iteration 70 / LogL: -7420.361 / Time: 0h:0m:24s (0h:0m:10s left)
Optimizing NNI: done in 0.367472 secs using 197.8% CPU
Optimizing NNI: done in 0.158331 secs using 198.3% CPU
Optimizing NNI: done in 0.240502 secs using 196.7% CPU
Optimizing NNI: done in 0.229448 secs using 196.7% CPU
Optimizing NNI: done in 0.299665 secs using 198.5% CPU
Optimizing NNI: done in 0.223663 secs using 198.4% CPU
Optimizing NNI: done in 0.272348 secs using 198.3% CPU
Optimizing NNI: done in 0.370934 secs using 196.8% CPU
Optimizing NNI: done in 0.310137 secs using 197.2% CPU
Optimizing NNI: done in 0.259186 secs using 197.7% CPU
Iteration 80 / LogL: -7418.006 / Time: 0h:0m:27s (0h:0m:7s left)
Optimizing NNI: done in 0.188853 secs using 197.9% CPU
Optimizing NNI: done in 0.290544 secs using 197.7% CPU
Optimizing NNI: done in 0.226901 secs using 197.9% CPU
Optimizing NNI: done in 0.212305 secs using 198.4% CPU
Optimizing NNI: done in 0.250802 secs using 198.1% CPU
Optimizing NNI: done in 0.296336 secs using 197.1% CPU
Optimizing NNI: done in 0.30164 secs using 198.1% CPU
Optimizing NNI: done in 0.259092 secs using 197.6% CPU
Optimizing NNI: done in 0.266397 secs using 197.7% CPU
Optimizing NNI: done in 0.169567 secs using 197.2% CPU
Iteration 90 / LogL: -7420.310 / Time: 0h:0m:29s (0h:0m:3s left)
Optimizing NNI: done in 0.272967 secs using 198.3% CPU
Optimizing NNI: done in 0.2762 secs using 197.2% CPU
Optimizing NNI: done in 0.266786 secs using 197.7% CPU
Optimizing NNI: done in 0.357554 secs using 197.7% CPU
Optimizing NNI: done in 0.319495 secs using 197.3% CPU
Optimizing NNI: done in 0.25278 secs using 197% CPU
Optimizing NNI: done in 0.394013 secs using 197.8% CPU
Optimizing NNI: done in 0.319122 secs using 197% CPU
Optimizing NNI: done in 0.157688 secs using 198.2% CPU
Optimizing NNI: done in 0.276971 secs using 196.7% CPU
Iteration 100 / LogL: -7423.517 / Time: 0h:0m:32s (0h:0m:0s left)
Log-likelihood cutoff on original alignment: -7471.843
NOTE: Bootstrap correlation coefficient of split occurrence frequencies: 0.999
Optimizing NNI: done in 0.270131 secs using 198.4% CPU
Optimizing NNI: done in 0.240884 secs using 196.7% CPU
TREE SEARCH COMPLETED AFTER 102 ITERATIONS / Time: 0h:0m:33s

--------------------------------------------------------------------
|                    FINALIZING TREE SEARCH                        |
--------------------------------------------------------------------
Performs final model parameters optimization
Estimate model parameters (epsilon = 0.010)
1. Initial log-likelihood: -7417.814
Optimal log-likelihood: -7417.809
Proportion of invariable sites: 0.149
Gamma shape alpha: 1.276
Parameters optimization took 1 rounds (0.056 sec)
BEST SCORE FOUND : -7417.809

Testing tree branches by SH-like aLRT with 1000 replicates...
0.174 sec.
Creating bootstrap support values...
Split supports printed to NEXUS file FungalCW_tree_20231129/216270at4751.aa.mfa.splits.nex
Total tree length: 4.112

Total number of iterations: 102
CPU time used for tree search: 58.636 sec (0h:0m:58s)
Wall-clock time used for tree search: 29.817 sec (0h:0m:29s)
Total CPU time used: 66.143 sec (0h:1m:6s)
Total wall-clock time used: 33.657 sec (0h:0m:33s)

Computing bootstrap consensus tree...
Reading input file FungalCW_tree_20231129/216270at4751.aa.mfa.splits.nex...
18 taxa and 94 splits.
Consensus tree written to FungalCW_tree_20231129/216270at4751.aa.mfa.contree
Reading input trees file FungalCW_tree_20231129/216270at4751.aa.mfa.contree
Log-likelihood of consensus tree: -7417.809

Analysis results written to: 
  IQ-TREE report:                FungalCW_tree_20231129/216270at4751.aa.mfa.iqtree
  Maximum-likelihood tree:       FungalCW_tree_20231129/216270at4751.aa.mfa.treefile
  Likelihood distances:          FungalCW_tree_20231129/216270at4751.aa.mfa.mldist

Ultrafast bootstrap approximation results written to:
  Split support values:          FungalCW_tree_20231129/216270at4751.aa.mfa.splits.nex
  Consensus tree:                FungalCW_tree_20231129/216270at4751.aa.mfa.contree
  Screen log file:               FungalCW_tree_20231129/216270at4751.aa.mfa.log

Date and Time: Wed Nov 29 01:34:05 2023
