IQ-TREE multicore version 2.2.2.6 COVID-edition for Linux 64-bit built May 27 2023
Developed by Bui Quang Minh, James Barbetti, Nguyen Lam Tung,
Olga Chernomor, Heiko Schmidt, Dominik Schrempf, Michael Woodhams, Ly Trong Nhan.

Host:    i29 (AVX2, FMA3, 503 GB RAM)
Command: iqtree2 -s FungalCW_tree_20231129/224775at4751.aa.mfa -gz -B 1000 -alrt 1000 -nt 2
Seed:    927067 (Using SPRNG - Scalable Parallel Random Number Generator)
Time:    Wed Nov 29 01:34:04 2023
Kernel:  AVX+FMA - 2 threads (2 CPU cores detected)

Reading alignment file FungalCW_tree_20231129/224775at4751.aa.mfa ... Fasta format detected
Reading fasta file: done in 0.000195026 secs using 39.48% CPU
Alignment most likely contains protein sequences
Constructing alignment: done in 0.000927925 secs using 76.95% CPU
Alignment has 17 sequences with 395 columns, 331 distinct patterns
234 parsimony-informative, 70 singleton sites, 91 constant sites
                                                               Gap/Ambiguity  Composition  p-value
Analyzing sequences: done in 2.90871e-05 secs using 44.69% CPU
   1  Basidiobolus_meristosporus_CBS_931.73.Basme2finSC.v1            10.89%    passed     99.61%
   2  Botrytis_cinerea_T4                                             10.63%    passed     90.24%
   3  Colletotrichum_graminicola_M1.001                               10.89%    passed     99.99%
   4  Colletotrichum_higginsianum_IMI_349063                          10.89%    passed    100.00%
   5  Fusarium_graminearum_PH-1                                       11.39%    passed     99.43%
   6  Fusarium_verticillioides_7600                                   10.89%    passed     99.88%
   7  Gilbertella_persicaria_var_persicaria_CBS_190.32-T.Gilper1.v1   12.66%    passed     99.88%
   8  Mortierella_elongata_AG-77                                      10.89%    passed     67.84%
   9  Mucor_mucedo_NRRL_3635                                           9.62%    passed     99.32%
  10  Neoconidiobolus_thromboides_FSU_785.Conth1.v1                   12.41%    passed     17.14%
  11  Phycomyces_blakesleeanus_NRRL_1555.Phybl2.v2                    17.72%    passed     99.91%
  12  Rhizopus_stolonifer_NRRL_66455                                  14.68%    passed     99.74%
  13  Trichoderma_harzianum_CBS_226.95                                10.89%    passed     99.97%
  14  Umbelopsis_ramanniana_NRRL_5844.Umbra1.v1                       10.89%    passed     95.37%
  15  Ustilago_maydis                                                 13.92%    passed     99.00%
  16  Zoophthora_radicans_ATCC_208865                                 11.90%    passed     32.23%
  17  Zymoseptoria_tritici_IP0323                                      9.62%    passed     99.61%
****  TOTAL                                                           11.81%  0 sequences failed composition chi2 test (p-value<5%; df=19)
Checking for duplicate sequences: done in 0.000108004 secs using 74.07% CPU


Create initial parsimony tree by phylogenetic likelihood library (PLL)... 0.003 seconds
Perform fast likelihood tree search using LG+I+G model...
Estimate model parameters (epsilon = 5.000)
Perform nearest neighbor interchange...
Optimizing NNI: done in 0.0467241 secs using 196.8% CPU
Estimate model parameters (epsilon = 1.000)
1. Initial log-likelihood: -6497.638
Optimal log-likelihood: -6497.608
Proportion of invariable sites: 0.101
Gamma shape alpha: 0.963
Parameters optimization took 1 rounds (0.039 sec)
Time for fast ML tree search: 0.172 seconds

NOTE: ModelFinder requires 10 MB RAM!
ModelFinder will test up to 1232 protein models (sample size: 395) ...
 No. Model         -LnL         df  AIC          AICc         BIC
  1  LG            6789.591     31  13641.181    13646.647    13764.527
  2  LG+I          6635.715     32  13335.429    13341.263    13462.753
  3  LG+G4         6498.651     32  13061.302    13067.137    13188.627
  4  LG+I+G4       6497.605     33  13061.210    13067.426    13192.513
  5  LG+R2         6534.046     33  13134.093    13140.309    13265.396
  6  LG+R3         6496.258     35  13062.515    13069.535    13201.776
  7  LG+R4         6493.892     37  13061.784    13069.661    13209.003
 14  LG+I+R2       6500.792     34  13069.584    13076.196    13204.867
 15  LG+I+R3       6494.257     36  13060.514    13067.955    13203.754
 16  LG+I+R4       6493.973     38  13063.945    13072.271    13215.143
 25  LG+F+G4       6502.834     51  13107.667    13123.131    13310.590
 26  LG+F+I+G4     6502.004     52  13108.007    13124.124    13314.909
 47  WAG+G4        6554.208     32  13172.416    13178.250    13299.740
 48  WAG+I+G4      6550.498     33  13166.996    13173.212    13298.299
 69  WAG+F+G4      6554.228     51  13210.455    13225.919    13413.378
 70  WAG+F+I+G4    6551.025     52  13206.049    13222.166    13412.951
 91  JTT+G4        6575.609     32  13215.217    13221.051    13342.541
 92  JTT+I+G4      6573.128     33  13212.256    13218.473    13343.560
113  JTT+F+G4      6571.434     51  13244.868    13260.332    13447.792
114  JTT+F+I+G4    6569.205     52  13242.410    13258.526    13449.312
WARNING: Normalizing state frequencies so that sum of them equals to 1
135  Q.pfam+G4     6511.738     32  13087.476    13093.311    13214.801
WARNING: Normalizing state frequencies so that sum of them equals to 1
136  Q.pfam+I+G4   6510.507     33  13087.014    13093.230    13218.318
WARNING: Normalizing state frequencies so that sum of them equals to 1
157  Q.pfam+F+G4   6513.038     51  13128.076    13143.540    13331.000
WARNING: Normalizing state frequencies so that sum of them equals to 1
158  Q.pfam+F+I+G4 6512.147     52  13128.293    13144.410    13335.195
WARNING: Normalizing state frequencies so that sum of them equals to 1
179  Q.bird+G4     6701.879     32  13467.757    13473.592    13595.082
WARNING: Normalizing state frequencies so that sum of them equals to 1
180  Q.bird+I+G4   6700.875     33  13467.750    13473.966    13599.053
WARNING: Normalizing state frequencies so that sum of them equals to 1
201  Q.bird+F+G4   6699.754     51  13501.507    13516.971    13704.430
WARNING: Normalizing state frequencies so that sum of them equals to 1
202  Q.bird+F+I+G4 6699.372     52  13502.743    13518.860    13709.645
WARNING: Normalizing state frequencies so that sum of them equals to 1
223  Q.mammal+G4   6657.960     32  13379.920    13385.754    13507.244
WARNING: Normalizing state frequencies so that sum of them equals to 1
224  Q.mammal+I+G4 6656.775     33  13379.549    13385.765    13510.852
WARNING: Normalizing state frequencies so that sum of them equals to 1
245  Q.mammal+F+G4 6653.538     51  13409.076    13424.539    13611.999
WARNING: Normalizing state frequencies so that sum of them equals to 1
246  Q.mammal+F+I+G4 6652.886     52  13409.771    13425.888    13616.673
267  Q.insect+G4   6500.452     32  13064.903    13070.737    13192.228
268  Q.insect+I+G4 6499.245     33  13064.490    13070.706    13195.793
289  Q.insect+F+G4 6504.489     51  13110.979    13126.442    13313.902
290  Q.insect+F+I+G4 6503.455     52  13110.911    13127.028    13317.813
WARNING: Normalizing state frequencies so that sum of them equals to 1
311  Q.plant+G4    6560.757     32  13185.515    13191.349    13312.839
WARNING: Normalizing state frequencies so that sum of them equals to 1
312  Q.plant+I+G4  6559.945     33  13185.890    13192.107    13317.194
WARNING: Normalizing state frequencies so that sum of them equals to 1
333  Q.plant+F+G4  6564.804     51  13231.607    13247.071    13434.531
WARNING: Normalizing state frequencies so that sum of them equals to 1
334  Q.plant+F+I+G4 6564.137     52  13232.274    13248.391    13439.176
WARNING: Normalizing state frequencies so that sum of them equals to 1
355  Q.yeast+G4    6503.707     32  13071.414    13077.249    13198.739
WARNING: Normalizing state frequencies so that sum of them equals to 1
356  Q.yeast+I+G4  6502.520     33  13071.039    13077.255    13202.342
WARNING: Normalizing state frequencies so that sum of them equals to 1
377  Q.yeast+F+G4  6494.577     51  13091.155    13106.618    13294.078
WARNING: Normalizing state frequencies so that sum of them equals to 1
378  Q.yeast+F+I+G4 6493.778     52  13091.555    13107.672    13298.457
399  JTTDCMut+G4   6576.257     32  13216.514    13222.348    13343.838
400  JTTDCMut+I+G4 6573.787     33  13213.574    13219.790    13344.877
421  JTTDCMut+F+G4 6572.347     51  13246.694    13262.157    13449.617
422  JTTDCMut+F+I+G4 6570.160     52  13244.321    13260.438    13451.223
443  DCMut+G4      6603.304     32  13270.608    13276.442    13397.932
444  DCMut+I+G4    6600.056     33  13266.113    13272.329    13397.416
465  DCMut+F+G4    6577.584     51  13257.168    13272.632    13460.092
466  DCMut+F+I+G4  6574.976     52  13253.951    13270.068    13460.853
487  VT+G4         6569.674     32  13203.348    13209.182    13330.672
488  VT+I+G4       6565.770     33  13197.540    13203.757    13328.844
509  VT+F+G4       6572.474     51  13246.949    13262.412    13449.872
510  VT+F+I+G4     6568.788     52  13241.577    13257.694    13448.479
531  PMB+G4        6625.022     32  13314.044    13319.878    13441.369
532  PMB+I+G4      6621.101     33  13308.202    13314.418    13439.505
553  PMB+F+G4      6614.980     51  13331.961    13347.424    13534.884
554  PMB+F+I+G4    6611.126     52  13326.252    13342.369    13533.154
575  Blosum62+G4   6610.429     32  13284.857    13290.691    13412.181
576  Blosum62+I+G4 6606.819     33  13279.638    13285.854    13410.942
597  Blosum62+F+G4 6607.343     51  13316.686    13332.150    13519.610
598  Blosum62+F+I+G4 6603.732     52  13311.465    13327.582    13518.367
619  Dayhoff+G4    6602.913     32  13269.826    13275.661    13397.151
620  Dayhoff+I+G4  6599.682     33  13265.363    13271.580    13396.667
641  Dayhoff+F+G4  6577.306     51  13256.611    13272.075    13459.534
642  Dayhoff+F+I+G4 6574.714     52  13253.427    13269.544    13460.329
663  mtREV+G4      6860.135     32  13784.270    13790.104    13911.594
664  mtREV+I+G4    6860.790     33  13787.579    13793.795    13918.882
685  mtREV+F+G4    6640.785     51  13383.570    13399.034    13586.493
686  mtREV+F+I+G4  6641.366     52  13386.733    13402.850    13593.635
707  mtART+G4      6871.677     32  13807.354    13813.189    13934.679
708  mtART+I+G4    6872.848     33  13811.696    13817.912    13943.000
729  mtART+F+G4    6621.655     51  13345.310    13360.773    13548.233
730  mtART+F+I+G4  6622.962     52  13349.924    13366.041    13556.826
751  mtZOA+G4      6750.065     32  13564.130    13569.964    13691.454
752  mtZOA+I+G4    6751.461     33  13568.921    13575.137    13700.224
773  mtZOA+F+G4    6567.036     51  13236.073    13251.536    13438.996
774  mtZOA+F+I+G4  6568.147     52  13240.295    13256.412    13447.197
795  mtMet+G4      6869.911     32  13803.823    13809.657    13931.147
796  mtMet+I+G4    6871.048     33  13808.095    13814.311    13939.398
817  mtMet+F+G4    6622.108     51  13346.215    13361.679    13549.138
818  mtMet+F+I+G4  6622.963     52  13349.927    13366.044    13556.829
839  mtVer+G4      6930.825     32  13925.650    13931.484    14052.974
840  mtVer+I+G4    6932.201     33  13930.403    13936.619    14061.706
861  mtVer+F+G4    6725.013     51  13552.027    13567.490    13754.950
862  mtVer+F+I+G4  6726.051     52  13556.101    13572.218    13763.003
883  mtInv+G4      6896.337     32  13856.674    13862.508    13983.998
884  mtInv+I+G4    6897.118     33  13860.236    13866.452    13991.539
905  mtInv+F+G4    6558.910     51  13219.820    13235.283    13422.743
906  mtInv+F+I+G4  6559.273     52  13222.546    13238.663    13429.448
927  mtMAM+G4      6997.755     32  14059.510    14065.344    14186.834
928  mtMAM+I+G4    6998.241     33  14062.482    14068.698    14193.785
949  mtMAM+F+G4    6779.313     51  13660.625    13676.089    13863.548
950  mtMAM+F+I+G4  6779.984     52  13663.967    13680.084    13870.869
WARNING: Normalizing state frequencies so that sum of them equals to 1
971  FLAVI+G4      6860.853     32  13785.705    13791.540    13913.030
WARNING: Normalizing state frequencies so that sum of them equals to 1
972  FLAVI+I+G4    6861.682     33  13789.363    13795.580    13920.667
WARNING: Normalizing state frequencies so that sum of them equals to 1
993  FLAVI+F+G4    6833.606     51  13769.211    13784.675    13972.135
WARNING: Normalizing state frequencies so that sum of them equals to 1
994  FLAVI+F+I+G4  6834.315     52  13772.630    13788.747    13979.532
1015  HIVb+G4       6757.131     32  13578.262    13584.097    13705.587
1016  HIVb+I+G4     6753.192     33  13572.385    13578.601    13703.688
1037  HIVb+F+G4     6721.026     51  13544.052    13559.516    13746.975
1038  HIVb+F+I+G4   6718.394     52  13540.788    13556.905    13747.690
1059  HIVw+G4       7007.333     32  14078.666    14084.500    14205.990
1060  HIVw+I+G4     7004.496     33  14074.992    14081.209    14206.296
1081  HIVw+F+G4     6881.798     51  13865.595    13881.059    14068.518
1082  HIVw+F+I+G4   6879.293     52  13862.585    13878.702    14069.488
1103  FLU+G4        6700.976     32  13465.952    13471.786    13593.276
1104  FLU+I+G4      6699.020     33  13464.041    13470.257    13595.344
1125  FLU+F+G4      6666.828     51  13435.657    13451.120    13638.580
1126  FLU+F+I+G4    6665.117     52  13434.234    13450.351    13641.136
1147  rtREV+G4      6554.868     32  13173.735    13179.569    13301.060
1148  rtREV+I+G4    6553.721     33  13173.443    13179.659    13304.746
1169  rtREV+F+G4    6527.526     51  13157.051    13172.515    13359.974
1170  rtREV+F+I+G4  6526.904     52  13157.809    13173.926    13364.711
1191  cpREV+G4      6616.758     32  13297.516    13303.350    13424.840
1192  cpREV+I+G4    6615.050     33  13296.101    13302.317    13427.404
1213  cpREV+F+G4    6605.586     51  13313.171    13328.635    13516.094
1214  cpREV+F+I+G4  6603.746     52  13311.491    13327.608    13518.393
Akaike Information Criterion:           LG+I+R3
Corrected Akaike Information Criterion: LG+G4
Bayesian Information Criterion:         LG+G4
Best-fit model: LG+G4 chosen according to BIC

All model information printed to FungalCW_tree_20231129/224775at4751.aa.mfa.model.gz
CPU time for ModelFinder: 35.786 seconds (0h:0m:35s)
Wall-clock time for ModelFinder: 18.153 seconds (0h:0m:18s)
Generating 1000 samples for ultrafast bootstrap (seed: 927067)...

NOTE: 5 MB RAM (0 GB) is required!
Estimate model parameters (epsilon = 0.100)
1. Initial log-likelihood: -6498.651
Optimal log-likelihood: -6498.651
Gamma shape alpha: 0.682
Parameters optimization took 1 rounds (0.031 sec)
Wrote distance file to... 
Computing ML distances based on estimated model parameters...
Calculating distance matrix: done in 0.023941 secs using 198% CPU
Computing ML distances took 0.024162 sec (of wall-clock time) 0.047846 sec (of CPU time)
Setting up auxiliary I and S matrices: done in 5.50747e-05 secs using 199.7% CPU
Constructing RapidNJ tree: done in 0.000265121 secs using 198.8% CPU
Computing RapidNJ tree took 0.000432 sec (of wall-clock time) 0.000857 sec (of CPU time)
Log-likelihood of RapidNJ tree: -6505.688
--------------------------------------------------------------------
|             INITIALIZING CANDIDATE TREE SET                      |
--------------------------------------------------------------------
Generating 98 parsimony trees... 0.314 second
Computing log-likelihood of 98 initial trees ... 1.145 seconds
Current best score: -6498.651

Do NNI search on 20 best initial trees
Optimizing NNI: done in 0.0524831 secs using 196.2% CPU
Estimate model parameters (epsilon = 0.100)
BETTER TREE FOUND at iteration 1: -6498.651
Optimizing NNI: done in 0.0923779 secs using 198% CPU
Optimizing NNI: done in 0.0969629 secs using 198% CPU
Optimizing NNI: done in 0.136522 secs using 196.6% CPU
Estimate model parameters (epsilon = 0.100)
UPDATE BEST LOG-LIKELIHOOD: -6497.283
Optimizing NNI: done in 0.1445 secs using 194.7% CPU
Optimizing NNI: done in 0.143676 secs using 198.3% CPU
Optimizing NNI: done in 0.202463 secs using 196% CPU
Optimizing NNI: done in 0.116652 secs using 197.1% CPU
Optimizing NNI: done in 0.14556 secs using 196% CPU
Optimizing NNI: done in 0.103299 secs using 196.4% CPU
Iteration 10 / LogL: -6501.004 / Time: 0h:0m:3s
Optimizing NNI: done in 0.241648 secs using 197.7% CPU
Optimizing NNI: done in 0.159602 secs using 197.3% CPU
Optimizing NNI: done in 0.10496 secs using 193.8% CPU
Optimizing NNI: done in 0.243079 secs using 192% CPU
Optimizing NNI: done in 0.140618 secs using 190.9% CPU
Optimizing NNI: done in 0.15923 secs using 197.6% CPU
Optimizing NNI: done in 0.118996 secs using 196.4% CPU
Optimizing NNI: done in 0.143449 secs using 197.2% CPU
Optimizing NNI: done in 0.193384 secs using 198% CPU
Optimizing NNI: done in 0.139569 secs using 196.6% CPU
Iteration 20 / LogL: -6497.519 / Time: 0h:0m:4s
Finish initializing candidate tree set (5)
Current best tree score: -6497.283 / CPU time: 4.502
Number of iterations: 20
--------------------------------------------------------------------
|               OPTIMIZING CANDIDATE TREE SET                      |
--------------------------------------------------------------------
Optimizing NNI: done in 0.160452 secs using 196.7% CPU
Optimizing NNI: done in 0.182806 secs using 198.1% CPU
Optimizing NNI: done in 0.232435 secs using 198.3% CPU
Optimizing NNI: done in 0.191331 secs using 197.6% CPU
Optimizing NNI: done in 0.145723 secs using 198.3% CPU
Optimizing NNI: done in 0.143484 secs using 198.2% CPU
Optimizing NNI: done in 0.193204 secs using 197.3% CPU
Optimizing NNI: done in 0.141029 secs using 196.7% CPU
Optimizing NNI: done in 0.137333 secs using 197.6% CPU
Optimizing NNI: done in 0.158207 secs using 198.3% CPU
Iteration 30 / LogL: -6519.527 / Time: 0h:0m:6s (0h:0m:15s left)
Optimizing NNI: done in 0.148074 secs using 197.6% CPU
Optimizing NNI: done in 0.154371 secs using 197.6% CPU
Optimizing NNI: done in 0.148084 secs using 196.9% CPU
Optimizing NNI: done in 0.163824 secs using 196.2% CPU
Optimizing NNI: done in 0.151054 secs using 198% CPU
Optimizing NNI: done in 0.155639 secs using 197.9% CPU
Optimizing NNI: done in 0.154139 secs using 198% CPU
Optimizing NNI: done in 0.191285 secs using 198.2% CPU
Optimizing NNI: done in 0.132612 secs using 198.2% CPU
Optimizing NNI: done in 0.187462 secs using 197.6% CPU
Iteration 40 / LogL: -6519.911 / Time: 0h:0m:8s (0h:0m:12s left)
Optimizing NNI: done in 0.141292 secs using 197.6% CPU
Optimizing NNI: done in 0.22398 secs using 197.8% CPU
Optimizing NNI: done in 0.125911 secs using 198.3% CPU
Optimizing NNI: done in 0.148928 secs using 197.5% CPU
Optimizing NNI: done in 0.139313 secs using 198.3% CPU
Optimizing NNI: done in 0.0897009 secs using 198% CPU
Optimizing NNI: done in 0.171117 secs using 197% CPU
Optimizing NNI: done in 0.165843 secs using 197.6% CPU
Optimizing NNI: done in 0.131478 secs using 196.1% CPU
Optimizing NNI: done in 0.16314 secs using 197.6% CPU
Iteration 50 / LogL: -6498.091 / Time: 0h:0m:9s (0h:0m:10s left)
Log-likelihood cutoff on original alignment: -6544.253
Optimizing NNI: done in 0.129207 secs using 198.3% CPU
Optimizing NNI: done in 0.253463 secs using 196.8% CPU
Optimizing NNI: done in 0.093287 secs using 198.2% CPU
Optimizing NNI: done in 0.200373 secs using 198.2% CPU
Optimizing NNI: done in 0.119941 secs using 198.2% CPU
Optimizing NNI: done in 0.197232 secs using 196.2% CPU
Optimizing NNI: done in 0.173047 secs using 198.3% CPU
Optimizing NNI: done in 0.147427 secs using 197.6% CPU
Optimizing NNI: done in 0.15711 secs using 197.7% CPU
Optimizing NNI: done in 0.172748 secs using 197.9% CPU
Iteration 60 / LogL: -6519.921 / Time: 0h:0m:11s (0h:0m:8s left)
Optimizing NNI: done in 0.192531 secs using 197.6% CPU
Optimizing NNI: done in 0.163853 secs using 196.5% CPU
Optimizing NNI: done in 0.157456 secs using 197.6% CPU
Optimizing NNI: done in 0.111997 secs using 193.6% CPU
Optimizing NNI: done in 0.217884 secs using 197.1% CPU
Optimizing NNI: done in 0.11014 secs using 197.1% CPU
Optimizing NNI: done in 0.139386 secs using 197.7% CPU
Optimizing NNI: done in 0.167416 secs using 198.4% CPU
Optimizing NNI: done in 0.109287 secs using 197.3% CPU
Optimizing NNI: done in 0.0998199 secs using 196.3% CPU
Iteration 70 / LogL: -6519.899 / Time: 0h:0m:13s (0h:0m:5s left)
Optimizing NNI: done in 0.153727 secs using 197% CPU
Optimizing NNI: done in 0.0966899 secs using 197.6% CPU
Optimizing NNI: done in 0.173689 secs using 198.3% CPU
Optimizing NNI: done in 0.17105 secs using 197.7% CPU
Optimizing NNI: done in 0.18599 secs using 197.6% CPU
Optimizing NNI: done in 0.154061 secs using 198.2% CPU
Optimizing NNI: done in 0.12939 secs using 197.4% CPU
Optimizing NNI: done in 0.131246 secs using 198.3% CPU
Optimizing NNI: done in 0.184076 secs using 198.3% CPU
Optimizing NNI: done in 0.15837 secs using 197.6% CPU
Iteration 80 / LogL: -6497.356 / Time: 0h:0m:14s (0h:0m:3s left)
Optimizing NNI: done in 0.196447 secs using 198.2% CPU
Optimizing NNI: done in 0.124521 secs using 198.2% CPU
Optimizing NNI: done in 0.228892 secs using 197.4% CPU
Optimizing NNI: done in 0.157515 secs using 197.2% CPU
Optimizing NNI: done in 0.120158 secs using 198.2% CPU
Optimizing NNI: done in 0.129203 secs using 198.3% CPU
Optimizing NNI: done in 0.22147 secs using 197.4% CPU
Optimizing NNI: done in 0.224084 secs using 198.2% CPU
Optimizing NNI: done in 0.166986 secs using 197% CPU
Optimizing NNI: done in 0.182115 secs using 197.3% CPU
Iteration 90 / LogL: -6519.926 / Time: 0h:0m:16s (0h:0m:2s left)
Optimizing NNI: done in 0.179161 secs using 198.4% CPU
Optimizing NNI: done in 0.231293 secs using 198.3% CPU
Optimizing NNI: done in 0.175791 secs using 197.3% CPU
Optimizing NNI: done in 0.128379 secs using 197.5% CPU
Optimizing NNI: done in 0.123264 secs using 198.4% CPU
Optimizing NNI: done in 0.154616 secs using 197.8% CPU
Optimizing NNI: done in 0.17029 secs using 198% CPU
Optimizing NNI: done in 0.242192 secs using 197.4% CPU
Optimizing NNI: done in 0.233033 secs using 197% CPU
Optimizing NNI: done in 0.168912 secs using 198.1% CPU
Iteration 100 / LogL: -6497.289 / Time: 0h:0m:18s (0h:0m:0s left)
Log-likelihood cutoff on original alignment: -6535.307
NOTE: Bootstrap correlation coefficient of split occurrence frequencies: 1.000
Optimizing NNI: done in 0.138415 secs using 197% CPU
Optimizing NNI: done in 0.186633 secs using 195.7% CPU
TREE SEARCH COMPLETED AFTER 102 ITERATIONS / Time: 0h:0m:19s

--------------------------------------------------------------------
|                    FINALIZING TREE SEARCH                        |
--------------------------------------------------------------------
Performs final model parameters optimization
Estimate model parameters (epsilon = 0.010)
1. Initial log-likelihood: -6497.283
Optimal log-likelihood: -6497.282
Gamma shape alpha: 0.681
Parameters optimization took 1 rounds (0.031 sec)
BEST SCORE FOUND : -6497.282

Testing tree branches by SH-like aLRT with 1000 replicates...
0.120 sec.
Creating bootstrap support values...
Split supports printed to NEXUS file FungalCW_tree_20231129/224775at4751.aa.mfa.splits.nex
Total tree length: 5.839

Total number of iterations: 102
CPU time used for tree search: 37.070 sec (0h:0m:37s)
Wall-clock time used for tree search: 18.936 sec (0h:0m:18s)
Total CPU time used: 37.881 sec (0h:0m:37s)
Total wall-clock time used: 19.384 sec (0h:0m:19s)

Computing bootstrap consensus tree...
Reading input file FungalCW_tree_20231129/224775at4751.aa.mfa.splits.nex...
17 taxa and 86 splits.
Consensus tree written to FungalCW_tree_20231129/224775at4751.aa.mfa.contree
Reading input trees file FungalCW_tree_20231129/224775at4751.aa.mfa.contree
Log-likelihood of consensus tree: -6497.282

Analysis results written to: 
  IQ-TREE report:                FungalCW_tree_20231129/224775at4751.aa.mfa.iqtree
  Maximum-likelihood tree:       FungalCW_tree_20231129/224775at4751.aa.mfa.treefile
  Likelihood distances:          FungalCW_tree_20231129/224775at4751.aa.mfa.mldist

Ultrafast bootstrap approximation results written to:
  Split support values:          FungalCW_tree_20231129/224775at4751.aa.mfa.splits.nex
  Consensus tree:                FungalCW_tree_20231129/224775at4751.aa.mfa.contree
  Screen log file:               FungalCW_tree_20231129/224775at4751.aa.mfa.log

Date and Time: Wed Nov 29 01:34:42 2023
