IQ-TREE multicore version 2.2.2.6 COVID-edition for Linux 64-bit built May 27 2023
Developed by Bui Quang Minh, James Barbetti, Nguyen Lam Tung,
Olga Chernomor, Heiko Schmidt, Dominik Schrempf, Michael Woodhams, Ly Trong Nhan.

Host:    i29 (AVX2, FMA3, 503 GB RAM)
Command: iqtree2 -s FungalCW_tree_20231129/225820at4751.aa.mfa -gz -B 1000 -alrt 1000 -nt 2
Seed:    296059 (Using SPRNG - Scalable Parallel Random Number Generator)
Time:    Wed Nov 29 01:34:18 2023
Kernel:  AVX+FMA - 2 threads (2 CPU cores detected)

Reading alignment file FungalCW_tree_20231129/225820at4751.aa.mfa ... Fasta format detected
Reading fasta file: done in 0.000245094 secs using 19.99% CPU
Alignment most likely contains protein sequences
Constructing alignment: done in 0.00137401 secs using 75.18% CPU
Alignment has 16 sequences with 542 columns, 532 distinct patterns
304 parsimony-informative, 198 singleton sites, 40 constant sites
                                                               Gap/Ambiguity  Composition  p-value
Analyzing sequences: done in 4.98295e-05 secs using 138.5% CPU
   1  Basidiobolus_meristosporus_CBS_931.73.Basme2finSC.v1            32.10%    passed     99.62%
   2  Botrytis_cinerea_T4                                             25.46%    failed      0.01%
   3  Colletotrichum_graminicola_M1.001                               25.46%    passed      7.12%
   4  Colletotrichum_higginsianum_IMI_349063                          25.46%    passed     18.43%
   5  Fusarium_graminearum_PH-1                                       26.94%    passed     99.77%
   6  Fusarium_verticillioides_7600                                   27.12%    passed     98.45%
   7  Gilbertella_persicaria_var_persicaria_CBS_190.32-T.Gilper1.v1   51.85%    passed     65.91%
   8  Mortierella_elongata_AG-77                                      32.10%    passed     84.81%
   9  Neoconidiobolus_thromboides_FSU_785.Conth1.v1                   39.11%    failed      0.00%
  10  Phycomyces_blakesleeanus_NRRL_1555.Phybl2.v2                    35.61%    passed     64.00%
  11  Rhizopus_stolonifer_NRRL_66455                                  39.48%    passed     35.79%
  12  Trichoderma_harzianum_CBS_226.95                                28.23%    passed     96.89%
  13  Umbelopsis_ramanniana_NRRL_5844.Umbra1.v1                       29.89%    passed     73.76%
  14  Ustilago_maydis                                                 30.81%    failed      0.98%
  15  Zoophthora_radicans_ATCC_208865                                 58.49%    failed      0.65%
  16  Zymoseptoria_tritici_IP0323                                     39.30%    passed     88.86%
WARNING: 2 sequences contain more than 50% gaps/ambiguity
****  TOTAL                                                           34.21%  4 sequences failed composition chi2 test (p-value<5%; df=19)
Checking for duplicate sequences: done in 0.000100136 secs using 195.7% CPU


Create initial parsimony tree by phylogenetic likelihood library (PLL)... 0.003 seconds
Perform fast likelihood tree search using LG+I+G model...
Estimate model parameters (epsilon = 5.000)
Perform nearest neighbor interchange...
Optimizing NNI: done in 0.421876 secs using 197.3% CPU
Estimate model parameters (epsilon = 1.000)
1. Initial log-likelihood: -11972.892
Optimal log-likelihood: -11972.619
Proportion of invariable sites: 0.044
Gamma shape alpha: 0.719
Parameters optimization took 1 rounds (0.057 sec)
Time for fast ML tree search: 0.753 seconds

NOTE: ModelFinder requires 15 MB RAM!
ModelFinder will test up to 1232 protein models (sample size: 542) ...
 No. Model         -LnL         df  AIC          AICc         BIC
  1  LG            12770.895    29  25599.790    25603.188    25724.352
  2  LG+I          12549.699    30  25159.398    25163.038    25288.256
  3  LG+G4         11980.529    30  24021.059    24024.699    24149.917
  4  LG+I+G4       11972.569    31  24007.139    24011.029    24140.292
  5  LG+R2         12065.254    31  24192.507    24196.398    24325.661
  6  LG+R3         11974.302    33  24014.605    24019.022    24156.349
  7  LG+R4         11958.202    35  23986.404    23991.385    24136.739
  8  LG+R5         11957.129    37  23988.257    23993.836    24147.182
 14  LG+I+R2       12015.540    32  24095.081    24099.230    24232.529
 15  LG+I+R3       11964.889    34  23997.779    24002.473    24143.818
 16  LG+I+R4       11957.555    36  23987.110    23992.385    24141.739
 17  LG+I+R5       11957.312    38  23990.624    23996.517    24153.844
 26  LG+F+I+G4     11943.632    50  23987.263    23997.650    24202.027
 29  LG+F+R4       11925.043    54  23958.085    23970.282    24190.030
 37  LG+F+I+R3     11932.225    53  23970.449    23982.179    24198.098
 38  LG+F+I+R4     11924.612    55  23959.224    23971.899    24195.464
 48  WAG+I+G4      11971.683    31  24005.366    24009.256    24138.520
 51  WAG+R4        11953.171    35  23976.343    23981.323    24126.677
 59  WAG+I+R3      11957.792    34  23983.583    23988.277    24129.622
 60  WAG+I+R4      11956.380    36  23984.760    23990.035    24139.390
 70  WAG+F+I+G4    11951.277    50  24002.554    24012.941    24217.317
 73  WAG+F+R4      11932.254    54  23972.509    23984.706    24204.453
 81  WAG+F+I+R3    11936.712    53  23979.424    23991.153    24207.073
 82  WAG+F+I+R4    11934.969    55  23979.939    23992.614    24216.179
 92  JTT+I+G4      11967.549    31  23997.097    24000.987    24130.251
 95  JTT+R4        11952.470    35  23974.941    23979.921    24125.275
103  JTT+I+R3      11958.334    34  23984.668    23989.362    24130.707
104  JTT+I+R4      11951.729    36  23975.458    23980.733    24130.088
114  JTT+F+I+G4    11970.003    50  24040.006    24050.393    24254.769
117  JTT+F+R4      11954.236    54  24016.472    24028.669    24248.416
125  JTT+F+I+R3    11960.159    53  24026.319    24038.048    24253.968
126  JTT+F+I+R4    11953.444    55  24016.887    24029.562    24253.127
WARNING: Normalizing state frequencies so that sum of them equals to 1
136  Q.pfam+I+G4   11956.970    31  23975.939    23979.829    24109.092
WARNING: Normalizing state frequencies so that sum of them equals to 1
139  Q.pfam+R4     11941.262    35  23952.525    23957.505    24102.859
WARNING: Normalizing state frequencies so that sum of them equals to 1
147  Q.pfam+I+R3   11948.071    34  23964.142    23968.836    24110.181
WARNING: Normalizing state frequencies so that sum of them equals to 1
148  Q.pfam+I+R4   11945.857    36  23963.713    23968.988    24118.343
WARNING: Normalizing state frequencies so that sum of them equals to 1
158  Q.pfam+F+I+G4 11937.073    50  23974.146    23984.533    24188.909
WARNING: Normalizing state frequencies so that sum of them equals to 1
161  Q.pfam+F+R4   11918.995    54  23945.989    23958.186    24177.934
WARNING: Normalizing state frequencies so that sum of them equals to 1
169  Q.pfam+F+I+R3 11925.545    53  23957.090    23968.820    24184.739
WARNING: Normalizing state frequencies so that sum of them equals to 1
170  Q.pfam+F+I+R4 11924.043    55  23958.085    23970.760    24194.325
WARNING: Normalizing state frequencies so that sum of them equals to 1
180  Q.bird+I+G4   12072.010    31  24206.019    24209.909    24339.172
WARNING: Normalizing state frequencies so that sum of them equals to 1
183  Q.bird+R4     12058.640    35  24187.279    24192.259    24337.614
WARNING: Normalizing state frequencies so that sum of them equals to 1
191  Q.bird+I+R3   12064.722    34  24197.444    24202.138    24343.483
WARNING: Normalizing state frequencies so that sum of them equals to 1
192  Q.bird+I+R4   12057.490    36  24186.981    24192.256    24341.610
WARNING: Normalizing state frequencies so that sum of them equals to 1
202  Q.bird+F+I+G4 12057.937    50  24215.874    24226.261    24430.637
WARNING: Normalizing state frequencies so that sum of them equals to 1
205  Q.bird+F+R4   12045.355    54  24198.710    24210.907    24430.654
WARNING: Normalizing state frequencies so that sum of them equals to 1
213  Q.bird+F+I+R3 12050.579    53  24207.157    24218.887    24434.806
WARNING: Normalizing state frequencies so that sum of them equals to 1
214  Q.bird+F+I+R4 12044.325    55  24198.650    24211.324    24434.889
WARNING: Normalizing state frequencies so that sum of them equals to 1
224  Q.mammal+I+G4 12035.260    31  24132.521    24136.411    24265.674
WARNING: Normalizing state frequencies so that sum of them equals to 1
227  Q.mammal+R4   12020.487    35  24110.974    24115.955    24261.309
WARNING: Normalizing state frequencies so that sum of them equals to 1
235  Q.mammal+I+R3 12028.472    34  24124.945    24129.639    24270.984
WARNING: Normalizing state frequencies so that sum of them equals to 1
236  Q.mammal+I+R4 12020.030    36  24112.060    24117.335    24266.690
WARNING: Normalizing state frequencies so that sum of them equals to 1
246  Q.mammal+F+I+G4 12014.559    50  24129.119    24139.506    24343.882
WARNING: Normalizing state frequencies so that sum of them equals to 1
249  Q.mammal+F+R4 12001.219    54  24110.438    24122.635    24342.382
WARNING: Normalizing state frequencies so that sum of them equals to 1
257  Q.mammal+F+I+R3 12007.537    53  24121.073    24132.803    24348.722
WARNING: Normalizing state frequencies so that sum of them equals to 1
258  Q.mammal+F+I+R4 12000.923    55  24111.846    24124.521    24348.086
268  Q.insect+I+G4 12044.084    31  24150.167    24154.057    24283.321
271  Q.insect+R4   12031.260    35  24132.519    24137.499    24282.853
279  Q.insect+I+R3 12038.380    34  24144.759    24149.453    24290.798
280  Q.insect+I+R4 12035.490    36  24142.980    24148.256    24297.610
290  Q.insect+F+I+G4 11944.662    50  23989.325    23999.712    24204.088
293  Q.insect+F+R4 11926.729    54  23961.458    23973.655    24193.402
301  Q.insect+F+I+R3 11933.564    53  23973.127    23984.857    24200.777
302  Q.insect+F+I+R4 11926.325    55  23962.651    23975.325    24198.890
WARNING: Normalizing state frequencies so that sum of them equals to 1
312  Q.plant+I+G4  12016.597    31  24095.194    24099.084    24228.347
WARNING: Normalizing state frequencies so that sum of them equals to 1
315  Q.plant+R4    12004.661    35  24079.323    24084.303    24229.657
WARNING: Normalizing state frequencies so that sum of them equals to 1
323  Q.plant+I+R3  12008.909    34  24085.818    24090.512    24231.857
WARNING: Normalizing state frequencies so that sum of them equals to 1
324  Q.plant+I+R4  12006.249    36  24084.499    24089.774    24239.128
WARNING: Normalizing state frequencies so that sum of them equals to 1
334  Q.plant+F+I+G4 11983.657    50  24067.314    24077.701    24282.077
WARNING: Normalizing state frequencies so that sum of them equals to 1
337  Q.plant+F+R4  11969.906    54  24047.812    24060.009    24279.756
WARNING: Normalizing state frequencies so that sum of them equals to 1
345  Q.plant+F+I+R3 11973.657    53  24053.314    24065.044    24280.963
WARNING: Normalizing state frequencies so that sum of them equals to 1
346  Q.plant+F+I+R4 11971.115    55  24052.230    24064.905    24288.470
WARNING: Normalizing state frequencies so that sum of them equals to 1
356  Q.yeast+I+G4  12062.110    31  24186.220    24190.111    24319.374
WARNING: Normalizing state frequencies so that sum of them equals to 1
359  Q.yeast+R4    12048.929    35  24167.858    24172.838    24318.192
WARNING: Normalizing state frequencies so that sum of them equals to 1
367  Q.yeast+I+R3  12054.216    34  24176.432    24181.127    24322.472
WARNING: Normalizing state frequencies so that sum of them equals to 1
368  Q.yeast+I+R4  12051.434    36  24174.868    24180.144    24329.498
WARNING: Normalizing state frequencies so that sum of them equals to 1
378  Q.yeast+F+I+G4 11945.384    50  23990.768    24001.155    24205.531
WARNING: Normalizing state frequencies so that sum of them equals to 1
381  Q.yeast+F+R4  11926.846    54  23961.693    23973.890    24193.637
WARNING: Normalizing state frequencies so that sum of them equals to 1
389  Q.yeast+F+I+R3 11932.130    53  23970.260    23981.989    24197.909
WARNING: Normalizing state frequencies so that sum of them equals to 1
390  Q.yeast+F+I+R4 11930.229    55  23970.457    23983.132    24206.697
400  JTTDCMut+I+G4 11969.381    31  24000.762    24004.652    24133.915
403  JTTDCMut+R4   11954.212    35  23978.423    23983.403    24128.757
411  JTTDCMut+I+R3 11959.973    34  23987.947    23992.641    24133.986
412  JTTDCMut+I+R4 11953.394    36  23978.787    23984.063    24133.417
422  JTTDCMut+F+I+G4 11969.554    50  24039.109    24049.496    24253.872
425  JTTDCMut+F+R4 11953.907    54  24015.814    24028.011    24247.758
433  JTTDCMut+F+I+R3 11959.745    53  24025.491    24037.220    24253.140
434  JTTDCMut+F+I+R4 11953.117    55  24016.234    24028.908    24252.473
444  DCMut+I+G4    12060.532    31  24183.065    24186.955    24316.218
447  DCMut+R4      12035.671    35  24141.343    24146.323    24291.677
455  DCMut+I+R3    12041.386    34  24150.772    24155.466    24296.811
456  DCMut+I+R4    12040.918    36  24153.836    24159.112    24308.466
466  DCMut+F+I+G4  11989.232    50  24078.464    24088.851    24293.228
469  DCMut+F+R4    11963.262    54  24034.524    24046.721    24266.468
477  DCMut+F+I+R3  11969.357    53  24044.714    24056.444    24272.364
478  DCMut+F+I+R4  11968.943    55  24047.887    24060.562    24284.126
488  VT+I+G4       11950.141    31  23962.281    23966.171    24095.434
491  VT+R4         11934.982    35  23939.964    23944.944    24090.298
499  VT+I+R3       11940.044    34  23948.088    23952.782    24094.127
500  VT+I+R4       11934.494    36  23940.988    23946.263    24095.618
510  VT+F+I+G4     11945.334    50  23990.668    24001.054    24205.431
513  VT+F+R4       11928.738    54  23965.477    23977.674    24197.421
521  VT+F+I+R3     11932.985    53  23971.969    23983.699    24199.618
522  VT+F+I+R4     11928.366    55  23966.732    23979.407    24202.971
532  PMB+I+G4      12002.420    31  24066.839    24070.730    24199.993
535  PMB+R4        11987.430    35  24044.861    24049.841    24195.195
543  PMB+I+R3      11993.691    34  24055.383    24060.077    24201.422
544  PMB+I+R4      11987.300    36  24046.600    24051.875    24201.229
554  PMB+F+I+G4    11968.907    50  24037.814    24048.201    24252.577
557  PMB+F+R4      11951.529    54  24011.057    24023.254    24243.001
565  PMB+F+I+R3    11955.461    53  24016.923    24028.652    24244.572
566  PMB+F+I+R4    11951.160    55  24012.320    24024.995    24248.560
576  Blosum62+I+G4 12015.645    31  24093.289    24097.179    24226.442
579  Blosum62+R4   12001.194    35  24072.388    24077.368    24222.722
587  Blosum62+I+R3 12008.535    34  24085.070    24089.764    24231.109
588  Blosum62+I+R4 12001.225    36  24074.450    24079.725    24229.079
598  Blosum62+F+I+G4 11970.122    50  24040.245    24050.632    24255.008
601  Blosum62+F+R4 11952.380    54  24012.761    24024.958    24244.705
609  Blosum62+F+I+R3 11957.335    53  24020.670    24032.399    24248.319
610  Blosum62+F+I+R4 11952.263    55  24014.526    24027.201    24250.766
620  Dayhoff+I+G4  12060.813    31  24183.626    24187.517    24316.780
623  Dayhoff+R4    12036.061    35  24142.122    24147.102    24292.456
631  Dayhoff+I+R3  12041.715    34  24151.430    24156.124    24297.469
632  Dayhoff+I+R4  12041.278    36  24154.555    24159.830    24309.185
642  Dayhoff+F+I+G4 11989.543    50  24079.086    24089.473    24293.849
645  Dayhoff+F+R4  11963.684    54  24035.367    24047.564    24267.311
653  Dayhoff+F+I+R3 11969.712    53  24045.424    24057.153    24273.073
654  Dayhoff+F+I+R4 11969.322    55  24048.645    24061.320    24284.884
664  mtREV+I+G4    12535.350    31  25132.700    25136.591    25265.854
667  mtREV+R4      12527.961    35  25125.921    25130.901    25276.255
675  mtREV+I+R3    12537.290    34  25142.580    25147.274    25288.619
676  mtREV+I+R4    12527.912    36  25127.824    25133.099    25282.454
686  mtREV+F+I+G4  12031.007    50  24162.015    24172.402    24376.778
689  mtREV+F+R4    12010.428    54  24128.856    24141.053    24360.800
697  mtREV+F+I+R3  12018.807    53  24143.614    24155.344    24371.263
698  mtREV+F+I+R4  12011.780    55  24133.559    24146.234    24369.799
708  mtART+I+G4    12691.315    31  25444.631    25448.521    25577.784
711  mtART+R4      12681.721    35  25433.442    25438.422    25583.776
719  mtART+I+R3    12704.804    34  25477.609    25482.303    25623.648
720  mtART+I+R4    12675.574    36  25423.148    25428.423    25577.777
730  mtART+F+I+G4  12100.967    50  24301.934    24312.321    24516.698
733  mtART+F+R4    12087.260    54  24282.521    24294.718    24514.465
741  mtART+F+I+R3  12095.461    53  24296.922    24308.651    24524.571
742  mtART+F+I+R4  12079.244    55  24268.488    24281.163    24504.728
752  mtZOA+I+G4    12495.884    31  25053.768    25057.658    25186.921
755  mtZOA+R4      12495.750    35  25061.501    25066.481    25211.835
763  mtZOA+I+R3    12503.402    34  25074.805    25079.499    25220.844
764  mtZOA+I+R4    12488.582    36  25049.164    25054.439    25203.794
774  mtZOA+F+I+G4  12048.433    50  24196.867    24207.254    24411.630
777  mtZOA+F+R4    12033.449    54  24174.899    24187.096    24406.843
785  mtZOA+F+I+R3  12040.225    53  24186.450    24198.180    24414.099
786  mtZOA+F+I+R4  12029.858    55  24169.716    24182.391    24405.956
796  mtMet+I+G4    12652.519    31  25367.037    25370.928    25500.191
799  mtMet+R4      12646.865    35  25363.730    25368.711    25514.065
807  mtMet+I+R3    12652.424    34  25372.849    25377.543    25518.888
808  mtMet+I+R4    12645.934    36  25363.867    25369.142    25518.497
818  mtMet+F+I+G4  12043.735    50  24187.470    24197.857    24402.234
821  mtMet+F+R4    12029.211    54  24166.422    24178.619    24398.366
829  mtMet+F+I+R3  12034.748    53  24175.496    24187.226    24403.145
830  mtMet+F+I+R4  12028.312    55  24166.624    24179.299    24402.863
840  mtVer+I+G4    12644.741    31  25351.483    25355.373    25484.636
843  mtVer+R4      12639.031    35  25348.062    25353.042    25498.397
851  mtVer+I+R3    12645.645    34  25359.290    25363.985    25505.329
852  mtVer+I+R4    12637.519    36  25347.037    25352.313    25501.667
862  mtVer+F+I+G4  12112.011    50  24324.022    24334.409    24538.786
865  mtVer+F+R4    12096.735    54  24301.470    24313.667    24533.414
873  mtVer+F+I+R3  12101.713    53  24309.425    24321.155    24537.074
874  mtVer+F+I+R4  12093.681    55  24297.362    24310.037    24533.602
884  mtInv+I+G4    12810.157    31  25682.314    25686.204    25815.467
887  mtInv+R4      12799.265    35  25668.530    25673.510    25818.864
895  mtInv+I+R3    12804.434    34  25676.868    25681.563    25822.907
896  mtInv+I+R4    12801.691    36  25675.382    25680.657    25830.012
906  mtInv+F+I+G4  12014.761    50  24129.523    24139.910    24344.286
909  mtInv+F+R4    11998.909    54  24105.818    24118.016    24337.763
917  mtInv+F+I+R3  12004.657    53  24115.313    24127.043    24342.962
918  mtInv+F+I+R4  11999.203    55  24108.405    24121.080    24344.645
928  mtMAM+I+G4    12689.568    31  25441.136    25445.026    25574.289
931  mtMAM+R4      12684.133    35  25438.266    25443.246    25588.600
939  mtMAM+I+R3    12696.190    34  25460.380    25465.074    25606.419
940  mtMAM+I+R4    12677.660    36  25427.320    25432.596    25581.950
950  mtMAM+F+I+G4  12156.335    50  24412.671    24423.058    24627.434
953  mtMAM+F+R4    12137.948    54  24383.895    24396.093    24615.840
961  mtMAM+F+I+R3  12146.221    53  24398.441    24410.171    24626.090
962  mtMAM+F+I+R4  12134.047    55  24378.093    24390.768    24614.333
WARNING: Normalizing state frequencies so that sum of them equals to 1
972  FLAVI+I+G4    12238.804    31  24539.608    24543.498    24672.761
WARNING: Normalizing state frequencies so that sum of them equals to 1
975  FLAVI+R4      12225.773    35  24521.546    24526.526    24671.880
WARNING: Normalizing state frequencies so that sum of them equals to 1
983  FLAVI+I+R3    12234.197    34  24536.394    24541.089    24682.433
WARNING: Normalizing state frequencies so that sum of them equals to 1
984  FLAVI+I+R4    12221.693    36  24515.386    24520.662    24670.016
WARNING: Normalizing state frequencies so that sum of them equals to 1
994  FLAVI+F+I+G4  12172.984    50  24445.967    24456.354    24660.730
WARNING: Normalizing state frequencies so that sum of them equals to 1
997  FLAVI+F+R4    12158.793    54  24425.586    24437.783    24657.530
WARNING: Normalizing state frequencies so that sum of them equals to 1
1005  FLAVI+F+I+R3  12167.322    53  24440.643    24452.373    24668.292
WARNING: Normalizing state frequencies so that sum of them equals to 1
1006  FLAVI+F+I+R4  12152.045    55  24414.090    24426.765    24650.330
1016  HIVb+I+G4     12112.153    31  24286.307    24290.197    24419.460
1019  HIVb+R4       12104.331    35  24278.661    24283.642    24428.996
1027  HIVb+I+R3     12110.271    34  24288.543    24293.237    24434.582
1028  HIVb+I+R4     12100.634    36  24273.268    24278.543    24427.897
1038  HIVb+F+I+G4   12061.829    50  24223.657    24234.044    24438.421
1041  HIVb+F+R4     12052.547    54  24213.093    24225.291    24445.038
1049  HIVb+F+I+R3   12057.572    53  24221.144    24232.874    24448.793
1050  HIVb+F+I+R4   12050.367    55  24210.735    24223.409    24446.974
1060  HIVw+I+G4     12451.095    31  24964.190    24968.080    25097.343
1063  HIVw+R4       12430.239    35  24930.479    24935.459    25080.813
1071  HIVw+I+R3     12440.196    34  24948.391    24953.086    25094.430
1072  HIVw+I+R4     12425.947    36  24923.895    24929.170    25078.524
1082  HIVw+F+I+G4   12222.612    50  24545.224    24555.611    24759.987
1085  HIVw+F+R4     12203.641    54  24515.282    24527.479    24747.226
1093  HIVw+F+I+R3   12211.936    53  24529.871    24541.601    24757.520
1094  HIVw+F+I+R4   12199.024    55  24508.048    24520.723    24744.288
1104  FLU+I+G4      12124.894    31  24311.787    24315.677    24444.940
1107  FLU+R4        12105.377    35  24280.753    24285.734    24431.088
1115  FLU+I+R3      12114.398    34  24296.797    24301.491    24442.836
1116  FLU+I+R4      12112.689    36  24297.378    24302.654    24452.008
1126  FLU+F+I+G4    12054.307    50  24208.615    24219.002    24423.378
1129  FLU+F+R4      12032.999    54  24173.997    24186.195    24405.942
1137  FLU+F+I+R3    12042.840    53  24191.679    24203.409    24419.328
1138  FLU+F+I+R4    12041.109    55  24192.218    24204.893    24428.458
1148  rtREV+I+G4    12015.354    31  24092.707    24096.597    24225.860
1151  rtREV+R4      11999.988    35  24069.976    24074.956    24220.310
1159  rtREV+I+R3    12006.310    34  24080.620    24085.314    24226.659
1160  rtREV+I+R4    11999.422    36  24070.845    24076.120    24225.474
1170  rtREV+F+I+G4  11940.367    50  23980.734    23991.121    24195.497
1173  rtREV+F+R4    11921.345    54  23950.690    23962.887    24182.634
1181  rtREV+F+I+R3  11928.896    53  23963.791    23975.521    24191.441
1182  rtREV+F+I+R4  11920.641    55  23951.281    23963.956    24187.521
1192  cpREV+I+G4    12039.340    31  24140.680    24144.570    24273.833
1195  cpREV+R4      12022.452    35  24114.903    24119.883    24265.237
1203  cpREV+I+R3    12030.488    34  24128.976    24133.670    24275.015
1204  cpREV+I+R4    12029.941    36  24131.882    24137.157    24286.511
1214  cpREV+F+I+G4  12004.426    50  24108.853    24119.240    24323.616
1217  cpREV+F+R4    11984.671    54  24077.342    24089.539    24309.286
1225  cpREV+F+I+R3  11992.603    53  24091.206    24102.936    24318.855
1226  cpREV+F+I+R4  11992.203    55  24094.407    24107.082    24330.646
Akaike Information Criterion:           VT+R4
Corrected Akaike Information Criterion: VT+R4
Bayesian Information Criterion:         VT+R4
Best-fit model: VT+R4 chosen according to BIC

All model information printed to FungalCW_tree_20231129/225820at4751.aa.mfa.model.gz
CPU time for ModelFinder: 560.621 seconds (0h:9m:20s)
Wall-clock time for ModelFinder: 284.264 seconds (0h:4m:44s)
Generating 1000 samples for ultrafast bootstrap (seed: 296059)...

NOTE: 7 MB RAM (0 GB) is required!
Estimate model parameters (epsilon = 0.100)
1. Initial log-likelihood: -11934.982
Optimal log-likelihood: -11934.934
Site proportion and rates:  (0.113,0.023) (0.253,0.165) (0.212,0.433) (0.422,2.047)
Parameters optimization took 1 rounds (0.155 sec)
Wrote distance file to... 
Computing ML distances based on estimated model parameters...
Calculating distance matrix: done in 0.0480201 secs using 197.9% CPU
Computing ML distances took 0.048307 sec (of wall-clock time) 0.095290 sec (of CPU time)
WARNING: Some pairwise ML distances are too long (saturated)
Setting up auxiliary I and S matrices: done in 6.91414e-05 secs using 160.5% CPU
Constructing RapidNJ tree: done in 0.000268936 secs
Computing RapidNJ tree took 0.000454 sec (of wall-clock time) 0.000143 sec (of CPU time)
Log-likelihood of RapidNJ tree: -11938.919
--------------------------------------------------------------------
|             INITIALIZING CANDIDATE TREE SET                      |
--------------------------------------------------------------------
Generating 98 parsimony trees... 0.406 second
Computing log-likelihood of 98 initial trees ... 1.763 seconds
Current best score: -11934.934

Do NNI search on 20 best initial trees
Optimizing NNI: done in 0.0847471 secs using 198.1% CPU
Estimate model parameters (epsilon = 0.100)
BETTER TREE FOUND at iteration 1: -11934.906
Optimizing NNI: done in 0.198114 secs using 197.4% CPU
Optimizing NNI: done in 0.42044 secs using 198% CPU
Optimizing NNI: done in 0.347003 secs using 197% CPU
Optimizing NNI: done in 0.426717 secs using 197.8% CPU
Optimizing NNI: done in 0.422915 secs using 195.6% CPU
Optimizing NNI: done in 0.417157 secs using 197.1% CPU
Optimizing NNI: done in 0.453388 secs using 197.8% CPU
Optimizing NNI: done in 0.548927 secs using 197.3% CPU
Optimizing NNI: done in 0.354534 secs using 197.8% CPU
Iteration 10 / LogL: -11940.554 / Time: 0h:0m:6s
Optimizing NNI: done in 0.478685 secs using 197.4% CPU
Optimizing NNI: done in 0.362552 secs using 195.1% CPU
Optimizing NNI: done in 0.40296 secs using 197.7% CPU
Optimizing NNI: done in 0.347592 secs using 197.8% CPU
Optimizing NNI: done in 0.376228 secs using 197.5% CPU
Optimizing NNI: done in 0.438959 secs using 197.2% CPU
Optimizing NNI: done in 0.364504 secs using 197.9% CPU
Optimizing NNI: done in 0.431976 secs using 198.1% CPU
Optimizing NNI: done in 0.425929 secs using 196.6% CPU
Optimizing NNI: done in 0.53862 secs using 197.9% CPU
Iteration 20 / LogL: -11942.772 / Time: 0h:0m:10s
Finish initializing candidate tree set (12)
Current best tree score: -11934.906 / CPU time: 10.289
Number of iterations: 20
--------------------------------------------------------------------
|               OPTIMIZING CANDIDATE TREE SET                      |
--------------------------------------------------------------------
Optimizing NNI: done in 0.303101 secs using 196.9% CPU
Optimizing NNI: done in 0.239479 secs using 198.2% CPU
Optimizing NNI: done in 0.315446 secs using 196.6% CPU
Optimizing NNI: done in 0.410964 secs using 197.7% CPU
Optimizing NNI: done in 0.338063 secs using 197.6% CPU
Optimizing NNI: done in 0.318292 secs using 196.6% CPU
Optimizing NNI: done in 0.250464 secs using 196.9% CPU
Optimizing NNI: done in 0.433898 secs using 198% CPU
Optimizing NNI: done in 0.252543 secs using 196.6% CPU
Optimizing NNI: done in 0.415725 secs using 197.8% CPU
Iteration 30 / LogL: -11938.532 / Time: 0h:0m:14s (0h:0m:34s left)
Optimizing NNI: done in 0.154063 secs using 198.2% CPU
Optimizing NNI: done in 0.172416 secs using 197.6% CPU
Optimizing NNI: done in 0.494164 secs using 196.7% CPU
Optimizing NNI: done in 0.290022 secs using 196.7% CPU
Optimizing NNI: done in 0.257775 secs using 196.8% CPU
Optimizing NNI: done in 0.219003 secs using 196.4% CPU
Optimizing NNI: done in 0.230647 secs using 197.4% CPU
Optimizing NNI: done in 0.2843 secs using 197.7% CPU
Optimizing NNI: done in 0.273181 secs using 196.3% CPU
Optimizing NNI: done in 0.16875 secs using 198% CPU
Iteration 40 / LogL: -11935.365 / Time: 0h:0m:16s (0h:0m:26s left)
Optimizing NNI: done in 0.248349 secs using 197.6% CPU
Optimizing NNI: done in 0.343553 secs using 197.8% CPU
Optimizing NNI: done in 0.292242 secs using 196.6% CPU
Optimizing NNI: done in 0.23507 secs using 197.5% CPU
Optimizing NNI: done in 0.296059 secs using 196.8% CPU
Optimizing NNI: done in 0.41066 secs using 197.1% CPU
Optimizing NNI: done in 0.603452 secs using 197.7% CPU
Optimizing NNI: done in 0.371843 secs using 197.6% CPU
Optimizing NNI: done in 0.230274 secs using 197.1% CPU
Optimizing NNI: done in 0.266718 secs using 198.1% CPU
Iteration 50 / LogL: -11935.441 / Time: 0h:0m:20s (0h:0m:21s left)
Log-likelihood cutoff on original alignment: -11963.491
Optimizing NNI: done in 0.37222 secs using 197.9% CPU
Optimizing NNI: done in 0.224136 secs using 196.6% CPU
Optimizing NNI: done in 0.131557 secs using 198.2% CPU
Optimizing NNI: done in 0.340648 secs using 197.7% CPU
Optimizing NNI: done in 0.235111 secs using 198.2% CPU
Optimizing NNI: done in 0.262129 secs using 196.7% CPU
Optimizing NNI: done in 0.311761 secs using 198.1% CPU
Optimizing NNI: done in 0.315348 secs using 197.2% CPU
Optimizing NNI: done in 0.263412 secs using 195.9% CPU
Optimizing NNI: done in 0.225352 secs using 197.3% CPU
Iteration 60 / LogL: -11934.944 / Time: 0h:0m:23s (0h:0m:16s left)
Optimizing NNI: done in 0.36004 secs using 197.8% CPU
Optimizing NNI: done in 0.322503 secs using 196.9% CPU
Optimizing NNI: done in 0.347339 secs using 197.2% CPU
Optimizing NNI: done in 0.187704 secs using 197.9% CPU
Optimizing NNI: done in 0.255164 secs using 198% CPU
Optimizing NNI: done in 0.316405 secs using 195.3% CPU
Optimizing NNI: done in 0.40449 secs using 197.6% CPU
Optimizing NNI: done in 0.457132 secs using 196.9% CPU
Optimizing NNI: done in 0.309787 secs using 197.1% CPU
Optimizing NNI: done in 0.411098 secs using 197.3% CPU
Iteration 70 / LogL: -11935.596 / Time: 0h:0m:26s (0h:0m:11s left)
Optimizing NNI: done in 0.312541 secs using 197.6% CPU
Optimizing NNI: done in 0.431525 secs using 197.1% CPU
Optimizing NNI: done in 0.275385 secs using 197% CPU
Optimizing NNI: done in 0.325114 secs using 197.8% CPU
Optimizing NNI: done in 0.253384 secs using 196.9% CPU
Optimizing NNI: done in 0.350722 secs using 197.6% CPU
Optimizing NNI: done in 0.170338 secs using 198% CPU
Optimizing NNI: done in 0.293372 secs using 197.8% CPU
Optimizing NNI: done in 0.32502 secs using 197.5% CPU
Optimizing NNI: done in 0.250125 secs using 197.8% CPU
Iteration 80 / LogL: -11934.937 / Time: 0h:0m:29s (0h:0m:7s left)
Optimizing NNI: done in 0.228716 secs using 197.2% CPU
Optimizing NNI: done in 0.33541 secs using 197.8% CPU
Optimizing NNI: done in 0.319051 secs using 198.2% CPU
Optimizing NNI: done in 0.404754 secs using 197.1% CPU
Optimizing NNI: done in 0.321014 secs using 198.1% CPU
Optimizing NNI: done in 0.291293 secs using 197.4% CPU
Optimizing NNI: done in 0.300399 secs using 197% CPU
Optimizing NNI: done in 0.293636 secs using 196.9% CPU
Optimizing NNI: done in 0.244044 secs using 196.5% CPU
Optimizing NNI: done in 0.185838 secs using 195.9% CPU
Iteration 90 / LogL: -11934.986 / Time: 0h:0m:32s (0h:0m:4s left)
Optimizing NNI: done in 0.398669 secs using 196.1% CPU
Optimizing NNI: done in 0.328784 secs using 197.6% CPU
Optimizing NNI: done in 0.23836 secs using 197.9% CPU
Optimizing NNI: done in 0.326738 secs using 197.2% CPU
Optimizing NNI: done in 0.318914 secs using 197.5% CPU
Optimizing NNI: done in 0.3845 secs using 197.5% CPU
Optimizing NNI: done in 0.17027 secs using 197.5% CPU
Optimizing NNI: done in 0.332983 secs using 197.5% CPU
Optimizing NNI: done in 0.329412 secs using 196% CPU
Optimizing NNI: done in 0.321515 secs using 197.2% CPU
Iteration 100 / LogL: -11935.679 / Time: 0h:0m:36s (0h:0m:0s left)
Log-likelihood cutoff on original alignment: -11963.491
NOTE: Bootstrap correlation coefficient of split occurrence frequencies: 0.999
Optimizing NNI: done in 0.401705 secs using 197.9% CPU
Optimizing NNI: done in 0.301591 secs using 197.4% CPU
TREE SEARCH COMPLETED AFTER 102 ITERATIONS / Time: 0h:0m:36s

--------------------------------------------------------------------
|                    FINALIZING TREE SEARCH                        |
--------------------------------------------------------------------
Performs final model parameters optimization
Estimate model parameters (epsilon = 0.010)
1. Initial log-likelihood: -11934.906
2. Current log-likelihood: -11934.891
3. Current log-likelihood: -11934.880
Optimal log-likelihood: -11934.871
Site proportion and rates:  (0.116,0.024) (0.261,0.171) (0.204,0.450) (0.419,2.053)
Parameters optimization took 3 rounds (0.424 sec)
BEST SCORE FOUND : -11934.871

Testing tree branches by SH-like aLRT with 1000 replicates...
0.172 sec.
Creating bootstrap support values...
Split supports printed to NEXUS file FungalCW_tree_20231129/225820at4751.aa.mfa.splits.nex
Total tree length: 37.469

Total number of iterations: 102
CPU time used for tree search: 71.638 sec (0h:1m:11s)
Wall-clock time used for tree search: 36.495 sec (0h:0m:36s)
Total CPU time used: 73.796 sec (0h:1m:13s)
Total wall-clock time used: 37.684 sec (0h:0m:37s)

Computing bootstrap consensus tree...
Reading input file FungalCW_tree_20231129/225820at4751.aa.mfa.splits.nex...
16 taxa and 106 splits.
Consensus tree written to FungalCW_tree_20231129/225820at4751.aa.mfa.contree
Reading input trees file FungalCW_tree_20231129/225820at4751.aa.mfa.contree
Log-likelihood of consensus tree: -11935.204

Analysis results written to: 
  IQ-TREE report:                FungalCW_tree_20231129/225820at4751.aa.mfa.iqtree
  Maximum-likelihood tree:       FungalCW_tree_20231129/225820at4751.aa.mfa.treefile
  Likelihood distances:          FungalCW_tree_20231129/225820at4751.aa.mfa.mldist

Ultrafast bootstrap approximation results written to:
  Split support values:          FungalCW_tree_20231129/225820at4751.aa.mfa.splits.nex
  Consensus tree:                FungalCW_tree_20231129/225820at4751.aa.mfa.contree
  Screen log file:               FungalCW_tree_20231129/225820at4751.aa.mfa.log

Date and Time: Wed Nov 29 01:39:40 2023
