IQ-TREE multicore version 2.2.2.6 COVID-edition for Linux 64-bit built May 27 2023
Developed by Bui Quang Minh, James Barbetti, Nguyen Lam Tung,
Olga Chernomor, Heiko Schmidt, Dominik Schrempf, Michael Woodhams, Ly Trong Nhan.

Host:    r11 (AVX2, FMA3, 503 GB RAM)
Command: iqtree2 -s FungalCW_tree_20231129/232698at4751.aa.mfa -gz -B 1000 -alrt 1000 -nt 2
Seed:    443990 (Using SPRNG - Scalable Parallel Random Number Generator)
Time:    Wed Nov 29 01:34:38 2023
Kernel:  AVX+FMA - 2 threads (2 CPU cores detected)

Reading alignment file FungalCW_tree_20231129/232698at4751.aa.mfa ... Fasta format detected
Reading fasta file: done in 0.000455141 secs
Alignment most likely contains protein sequences
Constructing alignment: done in 0.00103688 secs using 116.3% CPU
Alignment has 18 sequences with 1169 columns, 1013 distinct patterns
602 parsimony-informative, 319 singleton sites, 248 constant sites
                                                               Gap/Ambiguity  Composition  p-value
Analyzing sequences: done in 4.00543e-05 secs using 59.92% CPU
   1  Basidiobolus_meristosporus_CBS_931.73.Basme2finSC.v1            38.84%    passed     48.41%
   2  Botrytis_cinerea_T4                                             24.29%    passed     71.94%
   3  Capillidium_pumilum_ARSEF_79                                    37.30%    passed      8.36%
   4  Colletotrichum_graminicola_M1.001                               27.54%    passed     72.40%
   5  Colletotrichum_higginsianum_IMI_349063                          27.37%    passed     71.14%
   6  Fusarium_graminearum_PH-1                                       27.37%    passed     64.50%
   7  Fusarium_verticillioides_7600                                   26.52%    passed     36.62%
   8  Gilbertella_persicaria_var_persicaria_CBS_190.32-T.Gilper1.v1   34.30%    passed     73.97%
   9  Mortierella_elongata_AG-77                                      33.70%    passed     66.83%
  10  Mucor_mucedo_NRRL_3635                                          34.13%    passed     74.49%
  11  Neoconidiobolus_thromboides_FSU_785.Conth1.v1                   32.08%    passed     17.17%
  12  Phycomyces_blakesleeanus_NRRL_1555.Phybl2.v2                    33.62%    passed     97.02%
  13  Rhizopus_stolonifer_NRRL_66455                                  35.76%    passed     44.11%
  14  Trichoderma_harzianum_CBS_226.95                                27.72%    passed     92.37%
  15  Umbelopsis_ramanniana_NRRL_5844.Umbra1.v1                       29.60%    passed     95.07%
  16  Ustilago_maydis                                                 32.85%    failed      3.22%
  17  Zoophthora_radicans_ATCC_208865                                 34.73%    passed     91.49%
  18  Zymoseptoria_tritici_IP0323                                     25.66%    passed     63.20%
****  TOTAL                                                           31.30%  1 sequences failed composition chi2 test (p-value<5%; df=19)
Checking for duplicate sequences: done in 8.89301e-05 secs using 43.85% CPU


Create initial parsimony tree by phylogenetic likelihood library (PLL)... 0.003 seconds
Perform fast likelihood tree search using LG+I+G model...
Estimate model parameters (epsilon = 5.000)
Perform nearest neighbor interchange...
Optimizing NNI: done in 0.242855 secs using 198.7% CPU
Estimate model parameters (epsilon = 1.000)
1. Initial log-likelihood: -20303.159
Optimal log-likelihood: -20302.967
Proportion of invariable sites: 0.117
Gamma shape alpha: 0.986
Parameters optimization took 1 rounds (0.079 sec)
Time for fast ML tree search: 0.634 seconds

NOTE: ModelFinder requires 32 MB RAM!
ModelFinder will test up to 1232 protein models (sample size: 1169) ...
 No. Model         -LnL         df  AIC          AICc         BIC
  1  LG            21403.151    33  42872.302    42874.279    43039.411
  2  LG+I          20793.157    34  41654.315    41656.413    41826.487
  3  LG+G4         20322.864    34  40713.729    40715.827    40885.901
  4  LG+I+G4       20302.895    35  40675.789    40678.014    40853.026
  5  LG+R2         20466.696    35  41003.392    41005.616    41180.628
  6  LG+R3         20314.803    37  40703.607    40706.093    40890.971
  7  LG+R4         20298.567    39  40675.133    40677.897    40872.626
  8  LG+R5         20291.736    41  40665.473    40668.529    40873.093
 14  LG+I+R2       20376.380    36  40824.760    40827.113    41007.061
 15  LG+I+R3       20298.228    38  40672.456    40675.079    40864.884
 16  LG+I+R4       20296.982    40  40673.964    40676.872    40876.520
 26  LG+F+I+G4     20255.393    54  40618.786    40624.118    40892.236
 48  WAG+I+G4      20328.049    35  40726.098    40728.322    40903.335
 70  WAG+F+I+G4    20306.950    54  40721.900    40727.232    40995.351
 92  JTT+I+G4      20361.146    35  40792.292    40794.516    40969.528
114  JTT+F+I+G4    20291.905    54  40691.809    40697.141    40965.260
WARNING: Normalizing state frequencies so that sum of them equals to 1
136  Q.pfam+I+G4   20282.912    35  40635.823    40638.048    40813.060
WARNING: Normalizing state frequencies so that sum of them equals to 1
158  Q.pfam+F+I+G4 20253.373    54  40614.745    40620.077    40888.196
WARNING: Normalizing state frequencies so that sum of them equals to 1
180  Q.bird+I+G4   20678.290    35  41426.580    41428.804    41603.816
WARNING: Normalizing state frequencies so that sum of them equals to 1
202  Q.bird+F+I+G4 20576.251    54  41260.501    41265.833    41533.952
WARNING: Normalizing state frequencies so that sum of them equals to 1
224  Q.mammal+I+G4 20575.648    35  41221.296    41223.520    41398.533
WARNING: Normalizing state frequencies so that sum of them equals to 1
246  Q.mammal+F+I+G4 20476.564    54  41061.129    41066.461    41334.580
268  Q.insect+I+G4 20301.134    35  40672.267    40674.492    40849.504
290  Q.insect+F+I+G4 20220.110    54  40548.221    40553.553    40821.671
WARNING: Normalizing state frequencies so that sum of them equals to 1
312  Q.plant+I+G4  20415.021    35  40900.042    40902.267    41077.279
WARNING: Normalizing state frequencies so that sum of them equals to 1
334  Q.plant+F+I+G4 20361.813    54  40831.625    40836.958    41105.076
WARNING: Normalizing state frequencies so that sum of them equals to 1
356  Q.yeast+I+G4  20267.799    35  40605.598    40607.823    40782.835
WARNING: Normalizing state frequencies so that sum of them equals to 1
378  Q.yeast+F+I+G4 20204.029    54  40516.058    40521.390    40789.509
400  JTTDCMut+I+G4 20359.065    35  40788.129    40790.353    40965.366
422  JTTDCMut+F+I+G4 20291.611    54  40691.222    40696.554    40964.673
444  DCMut+I+G4    20425.836    35  40921.673    40923.897    41098.909
466  DCMut+F+I+G4  20306.580    54  40721.160    40726.492    40994.611
488  VT+I+G4       20316.225    35  40702.450    40704.674    40879.687
510  VT+F+I+G4     20295.673    54  40699.347    40704.679    40972.797
532  PMB+I+G4      20519.016    35  41108.031    41110.256    41285.268
554  PMB+F+I+G4    20404.775    54  40917.550    40922.882    41191.001
576  Blosum62+I+G4 20496.985    35  41063.970    41066.194    41241.207
598  Blosum62+F+I+G4 20392.036    54  40892.071    40897.403    41165.522
620  Dayhoff+I+G4  20425.776    35  40921.551    40923.775    41098.788
642  Dayhoff+F+I+G4 20306.696    54  40721.391    40726.723    40994.842
664  mtREV+I+G4    21422.272    35  42914.544    42916.769    43091.781
686  mtREV+F+I+G4  20508.191    54  41124.381    41129.713    41397.832
708  mtART+I+G4    21561.607    35  43193.214    43195.438    43370.451
730  mtART+F+I+G4  20554.792    54  41217.584    41222.916    41491.035
752  mtZOA+I+G4    21205.936    35  42481.871    42484.096    42659.108
774  mtZOA+F+I+G4  20411.386    54  40930.772    40936.104    41204.223
796  mtMet+I+G4    21489.682    35  43049.365    43051.589    43226.601
818  mtMet+F+I+G4  20481.209    54  41070.418    41075.750    41343.869
840  mtVer+I+G4    21607.001    35  43284.002    43286.226    43461.239
862  mtVer+F+I+G4  20721.799    54  41551.598    41556.930    41825.049
884  mtInv+I+G4    21650.878    35  43371.756    43373.981    43548.993
906  mtInv+F+I+G4  20367.878    54  40843.757    40849.089    41117.207
928  mtMAM+I+G4    21807.598    35  43685.197    43687.421    43862.433
950  mtMAM+F+I+G4  20842.797    54  41793.594    41798.926    42067.045
WARNING: Normalizing state frequencies so that sum of them equals to 1
972  FLAVI+I+G4    21116.065    35  42302.131    42304.355    42479.367
WARNING: Normalizing state frequencies so that sum of them equals to 1
994  FLAVI+F+I+G4  20917.882    54  41943.763    41949.095    42217.214
1016  HIVb+I+G4     20823.206    35  41716.412    41718.637    41893.649
1038  HIVb+F+I+G4   20621.234    54  41350.469    41355.801    41623.919
1060  HIVw+I+G4     21463.605    35  42997.211    42999.435    43174.447
1082  HIVw+F+I+G4   21008.490    54  42124.980    42130.312    42398.431
1104  FLU+I+G4      20719.956    35  41509.912    41512.136    41687.148
1126  FLU+F+I+G4    20567.744    54  41243.489    41248.821    41516.940
1148  rtREV+I+G4    20450.319    35  40970.638    40972.862    41147.875
1170  rtREV+F+I+G4  20264.017    54  40636.034    40641.366    40909.485
1192  cpREV+I+G4    20487.995    35  41045.991    41048.215    41223.227
1214  cpREV+F+I+G4  20396.384    54  40900.768    40906.100    41174.219
Akaike Information Criterion:           Q.yeast+F+I+G4
Corrected Akaike Information Criterion: Q.yeast+F+I+G4
Bayesian Information Criterion:         Q.yeast+I+G4
Best-fit model: Q.yeast+I+G4 chosen according to BIC

All model information printed to FungalCW_tree_20231129/232698at4751.aa.mfa.model.gz
CPU time for ModelFinder: 112.047 seconds (0h:1m:52s)
Wall-clock time for ModelFinder: 56.690 seconds (0h:0m:56s)
Generating 1000 samples for ultrafast bootstrap (seed: 443990)...
WARNING: Normalizing state frequencies so that sum of them equals to 1

NOTE: 15 MB RAM (0 GB) is required!
Estimate model parameters (epsilon = 0.100)
Thoroughly optimizing +I+G parameters from 10 start values...
Init pinv, alpha: 0.000, 0.998 / Estimate: 0.000, 0.604 / LogL: -20288.076
Init pinv, alpha: 0.024, 0.998 / Estimate: 0.120, 0.986 / LogL: -20267.814
Init pinv, alpha: 0.047, 0.998 / Estimate: 0.119, 0.983 / LogL: -20267.828
Init pinv, alpha: 0.071, 0.998 / Estimate: 0.120, 0.987 / LogL: -20267.813
Init pinv, alpha: 0.094, 0.998 / Estimate: 0.120, 0.988 / LogL: -20267.812
Init pinv, alpha: 0.118, 0.998 / Estimate: 0.120, 0.990 / LogL: -20267.814
Init pinv, alpha: 0.141, 0.998 / Estimate: 0.125, 1.010 / LogL: -20267.819
Init pinv, alpha: 0.165, 0.998 / Estimate: 0.125, 1.011 / LogL: -20267.815
Init pinv, alpha: 0.189, 0.998 / Estimate: 0.125, 1.015 / LogL: -20267.829
Init pinv, alpha: 0.212, 0.998 / Estimate: 0.124, 1.009 / LogL: -20267.808
Optimal pinv,alpha: 0.124, 1.009 / LogL: -20267.808

Parameters optimization took 8.395 sec
Wrote distance file to... 
Computing ML distances based on estimated model parameters...
Calculating distance matrix: done in 0.0325081 secs using 198.1% CPU
Computing ML distances took 0.032901 sec (of wall-clock time) 0.064960 sec (of CPU time)
Setting up auxiliary I and S matrices: done in 5.60284e-05 secs using 201.7% CPU
Constructing RapidNJ tree: done in 0.000247002 secs using 168% CPU
Computing RapidNJ tree took 0.000408 sec (of wall-clock time) 0.000654 sec (of CPU time)
Log-likelihood of RapidNJ tree: -20322.886
--------------------------------------------------------------------
|             INITIALIZING CANDIDATE TREE SET                      |
--------------------------------------------------------------------
Generating 98 parsimony trees... 0.445 second
Computing log-likelihood of 98 initial trees ... 3.191 seconds
Current best score: -20267.808

Do NNI search on 20 best initial trees
Optimizing NNI: done in 0.142904 secs using 197.6% CPU
Estimate model parameters (epsilon = 0.100)
BETTER TREE FOUND at iteration 1: -20267.798
Optimizing NNI: done in 0.373173 secs using 196.8% CPU
Optimizing NNI: done in 0.572073 secs using 197.3% CPU
Estimate model parameters (epsilon = 0.100)
BETTER TREE FOUND at iteration 3: -20260.438
Optimizing NNI: done in 0.445183 secs using 197.5% CPU
Optimizing NNI: done in 0.444543 secs using 197.1% CPU
Optimizing NNI: done in 0.514317 secs using 197.5% CPU
Optimizing NNI: done in 0.452004 secs using 197.5% CPU
Optimizing NNI: done in 0.459373 secs using 197.6% CPU
Optimizing NNI: done in 0.550276 secs using 197.7% CPU
Optimizing NNI: done in 0.512875 secs using 197.9% CPU
Iteration 10 / LogL: -20261.226 / Time: 0h:0m:17s
Optimizing NNI: done in 0.519091 secs using 198% CPU
Optimizing NNI: done in 0.413066 secs using 197.9% CPU
Optimizing NNI: done in 0.647502 secs using 197.6% CPU
Optimizing NNI: done in 0.676742 secs using 198% CPU
Optimizing NNI: done in 0.527105 secs using 198% CPU
Optimizing NNI: done in 0.5452 secs using 198% CPU
Optimizing NNI: done in 0.526291 secs using 197.9% CPU
Optimizing NNI: done in 0.664874 secs using 198.2% CPU
Optimizing NNI: done in 0.562049 secs using 198% CPU
Optimizing NNI: done in 0.5764 secs using 198.1% CPU
Iteration 20 / LogL: -20268.026 / Time: 0h:0m:23s
Finish initializing candidate tree set (4)
Current best tree score: -20260.438 / CPU time: 19.037
Number of iterations: 20
--------------------------------------------------------------------
|               OPTIMIZING CANDIDATE TREE SET                      |
--------------------------------------------------------------------
Optimizing NNI: done in 0.365211 secs using 197.8% CPU
Optimizing NNI: done in 0.614182 secs using 198% CPU
Optimizing NNI: done in 0.699367 secs using 198.1% CPU
Optimizing NNI: done in 0.70182 secs using 198.2% CPU
Optimizing NNI: done in 0.436716 secs using 197.8% CPU
Optimizing NNI: done in 0.585502 secs using 198.1% CPU
Optimizing NNI: done in 0.640396 secs using 198.3% CPU
Optimizing NNI: done in 0.785694 secs using 198.1% CPU
Optimizing NNI: done in 0.362089 secs using 198.3% CPU
Optimizing NNI: done in 0.608586 secs using 198.3% CPU
Iteration 30 / LogL: -20268.004 / Time: 0h:0m:33s (0h:1m:25s left)
Optimizing NNI: done in 0.276062 secs using 198.4% CPU
Optimizing NNI: done in 0.483966 secs using 198.3% CPU
Optimizing NNI: done in 0.614187 secs using 198.3% CPU
Optimizing NNI: done in 0.409928 secs using 198.2% CPU
Optimizing NNI: done in 0.446022 secs using 198.1% CPU
Optimizing NNI: done in 0.447552 secs using 197.3% CPU
Optimizing NNI: done in 0.467145 secs using 197.1% CPU
Optimizing NNI: done in 0.376138 secs using 197% CPU
Optimizing NNI: done in 0.592167 secs using 197.7% CPU
Optimizing NNI: done in 0.52491 secs using 197.7% CPU
Iteration 40 / LogL: -20260.695 / Time: 0h:0m:38s (0h:1m:2s left)
Optimizing NNI: done in 0.408833 secs using 197.8% CPU
Optimizing NNI: done in 0.583336 secs using 198.1% CPU
Optimizing NNI: done in 0.717868 secs using 198.1% CPU
Optimizing NNI: done in 0.530418 secs using 197.6% CPU
Optimizing NNI: done in 0.366261 secs using 197.3% CPU
Optimizing NNI: done in 0.505413 secs using 198.2% CPU
Optimizing NNI: done in 0.720175 secs using 198% CPU
Optimizing NNI: done in 0.391945 secs using 197.9% CPU
Optimizing NNI: done in 0.611078 secs using 197.9% CPU
Optimizing NNI: done in 0.406412 secs using 197.8% CPU
Iteration 50 / LogL: -20261.203 / Time: 0h:0m:44s (0h:0m:47s left)
Log-likelihood cutoff on original alignment: -20305.012
Optimizing NNI: done in 0.981015 secs using 197.9% CPU
Optimizing NNI: done in 0.779352 secs using 198.3% CPU
Optimizing NNI: done in 0.491053 secs using 197.6% CPU
Optimizing NNI: done in 0.697066 secs using 197.6% CPU
Optimizing NNI: done in 0.370374 secs using 198% CPU
Optimizing NNI: done in 0.717045 secs using 198% CPU
Optimizing NNI: done in 0.401223 secs using 197.1% CPU
Optimizing NNI: done in 0.271885 secs using 197.4% CPU
Optimizing NNI: done in 0.496337 secs using 197.3% CPU
Optimizing NNI: done in 0.420325 secs using 197.5% CPU
Iteration 60 / LogL: -20267.907 / Time: 0h:0m:49s (0h:0m:36s left)
Optimizing NNI: done in 0.613238 secs using 197.6% CPU
Optimizing NNI: done in 0.539754 secs using 197.6% CPU
Optimizing NNI: done in 0.393402 secs using 197.4% CPU
Optimizing NNI: done in 0.436709 secs using 197.7% CPU
Optimizing NNI: done in 0.387554 secs using 197.7% CPU
Optimizing NNI: done in 0.461795 secs using 198% CPU
Optimizing NNI: done in 0.428782 secs using 197.8% CPU
Optimizing NNI: done in 0.649275 secs using 198.1% CPU
Optimizing NNI: done in 0.577409 secs using 197.8% CPU
Optimizing NNI: done in 0.860126 secs using 198% CPU
Iteration 70 / LogL: -20260.686 / Time: 0h:0m:55s (0h:0m:26s left)
Optimizing NNI: done in 0.588415 secs using 198.2% CPU
Optimizing NNI: done in 0.507635 secs using 198% CPU
Optimizing NNI: done in 0.572573 secs using 197.9% CPU
Optimizing NNI: done in 0.527556 secs using 198.3% CPU
Optimizing NNI: done in 0.602508 secs using 197.9% CPU
Optimizing NNI: done in 0.497644 secs using 197.9% CPU
Optimizing NNI: done in 0.891989 secs using 198% CPU
Optimizing NNI: done in 0.82859 secs using 198.2% CPU
Optimizing NNI: done in 0.56647 secs using 198.2% CPU
Optimizing NNI: done in 0.512772 secs using 198% CPU
Iteration 80 / LogL: -20260.466 / Time: 0h:1m:1s (0h:0m:17s left)
Optimizing NNI: done in 0.404122 secs using 198% CPU
Optimizing NNI: done in 0.568328 secs using 197.9% CPU
Optimizing NNI: done in 0.660554 secs using 198.2% CPU
Optimizing NNI: done in 0.593471 secs using 198.1% CPU
Optimizing NNI: done in 0.360148 secs using 198.2% CPU
Optimizing NNI: done in 0.486325 secs using 198.2% CPU
Optimizing NNI: done in 0.518444 secs using 198% CPU
Optimizing NNI: done in 0.478535 secs using 198.3% CPU
Optimizing NNI: done in 0.472525 secs using 198.3% CPU
Optimizing NNI: done in 0.688223 secs using 197.8% CPU
Iteration 90 / LogL: -20261.703 / Time: 0h:1m:6s (0h:0m:9s left)
Optimizing NNI: done in 0.641846 secs using 197.9% CPU
Optimizing NNI: done in 0.481319 secs using 198.1% CPU
Optimizing NNI: done in 0.540708 secs using 198.2% CPU
Optimizing NNI: done in 0.341659 secs using 198.2% CPU
Optimizing NNI: done in 0.527001 secs using 198.2% CPU
Optimizing NNI: done in 0.553744 secs using 198.3% CPU
Optimizing NNI: done in 0.486356 secs using 197.9% CPU
Optimizing NNI: done in 0.460593 secs using 197.8% CPU
Optimizing NNI: done in 0.370161 secs using 198.1% CPU
Optimizing NNI: done in 0.526223 secs using 198.2% CPU
Iteration 100 / LogL: -20260.716 / Time: 0h:1m:12s (0h:0m:2s left)
Log-likelihood cutoff on original alignment: -20305.012
NOTE: Bootstrap correlation coefficient of split occurrence frequencies: 1.000
Optimizing NNI: done in 0.298313 secs using 198.1% CPU
Optimizing NNI: done in 0.483732 secs using 198.4% CPU
Optimizing NNI: done in 0.414528 secs using 198.4% CPU
Optimizing NNI: done in 0.523495 secs using 198.3% CPU
TREE SEARCH COMPLETED AFTER 104 ITERATIONS / Time: 0h:1m:13s

--------------------------------------------------------------------
|                    FINALIZING TREE SEARCH                        |
--------------------------------------------------------------------
Performs final model parameters optimization
Estimate model parameters (epsilon = 0.010)
1. Initial log-likelihood: -20260.438
Optimal log-likelihood: -20260.433
Proportion of invariable sites: 0.121
Gamma shape alpha: 0.979
Parameters optimization took 1 rounds (0.107 sec)
BEST SCORE FOUND : -20260.433

Testing tree branches by SH-like aLRT with 1000 replicates...
0.386 sec.
Creating bootstrap support values...
Split supports printed to NEXUS file FungalCW_tree_20231129/232698at4751.aa.mfa.splits.nex
Total tree length: 13.350

Total number of iterations: 104
CPU time used for tree search: 118.889 sec (0h:1m:58s)
Wall-clock time used for tree search: 65.002 sec (0h:1m:5s)
Total CPU time used: 137.375 sec (0h:2m:17s)
Total wall-clock time used: 74.430 sec (0h:1m:14s)

Computing bootstrap consensus tree...
Reading input file FungalCW_tree_20231129/232698at4751.aa.mfa.splits.nex...
18 taxa and 66 splits.
Consensus tree written to FungalCW_tree_20231129/232698at4751.aa.mfa.contree
Reading input trees file FungalCW_tree_20231129/232698at4751.aa.mfa.contree
Log-likelihood of consensus tree: -20260.433

Analysis results written to: 
  IQ-TREE report:                FungalCW_tree_20231129/232698at4751.aa.mfa.iqtree
  Maximum-likelihood tree:       FungalCW_tree_20231129/232698at4751.aa.mfa.treefile
  Likelihood distances:          FungalCW_tree_20231129/232698at4751.aa.mfa.mldist

Ultrafast bootstrap approximation results written to:
  Split support values:          FungalCW_tree_20231129/232698at4751.aa.mfa.splits.nex
  Consensus tree:                FungalCW_tree_20231129/232698at4751.aa.mfa.contree
  Screen log file:               FungalCW_tree_20231129/232698at4751.aa.mfa.log

Date and Time: Wed Nov 29 01:36:49 2023
