IQ-TREE multicore version 2.2.2.6 COVID-edition for Linux 64-bit built May 27 2023
Developed by Bui Quang Minh, James Barbetti, Nguyen Lam Tung,
Olga Chernomor, Heiko Schmidt, Dominik Schrempf, Michael Woodhams, Ly Trong Nhan.

Host:    r11 (AVX2, FMA3, 503 GB RAM)
Command: iqtree2 -s FungalCW_tree_20231129/234548at4751.aa.mfa -gz -B 1000 -alrt 1000 -nt 2
Seed:    518666 (Using SPRNG - Scalable Parallel Random Number Generator)
Time:    Wed Nov 29 01:34:39 2023
Kernel:  AVX+FMA - 2 threads (2 CPU cores detected)

Reading alignment file FungalCW_tree_20231129/234548at4751.aa.mfa ... Fasta format detected
Reading fasta file: done in 0.00104499 secs using 6.699% CPU
Alignment most likely contains protein sequences
Constructing alignment: done in 0.00285006 secs using 190.3% CPU
Alignment has 18 sequences with 2815 columns, 2726 distinct patterns
1436 parsimony-informative, 1280 singleton sites, 98 constant sites
                                                               Gap/Ambiguity  Composition  p-value
Analyzing sequences: done in 0.000128031 secs using 99.98% CPU
   1  Basidiobolus_meristosporus_CBS_931.73.Basme2finSC.v1            27.57%    passed     44.41%
   2  Botrytis_cinerea_T4                                             59.04%    failed      3.04%
   3  Capillidium_pumilum_ARSEF_79                                    89.20%    failed      0.16%
   4  Colletotrichum_graminicola_M1.001                               59.33%    failed      0.00%
   5  Colletotrichum_higginsianum_IMI_349063                          59.72%    failed      0.00%
   6  Fusarium_graminearum_PH-1                                       72.26%    passed     93.24%
   7  Fusarium_verticillioides_7600                                   60.11%    passed      9.97%
   8  Gilbertella_persicaria_var_persicaria_CBS_190.32-T.Gilper1.v1   36.70%    passed      9.88%
   9  Mortierella_elongata_AG-77                                      24.26%    passed      6.74%
  10  Mucor_mucedo_NRRL_3635                                          36.13%    passed     20.34%
  11  Neoconidiobolus_thromboides_FSU_785.Conth1.v1                   28.24%    failed      0.00%
  12  Phycomyces_blakesleeanus_NRRL_1555.Phybl2.v2                    35.45%    passed     67.79%
  13  Rhizopus_stolonifer_NRRL_66455                                  39.25%    failed      1.28%
  14  Trichoderma_harzianum_CBS_226.95                                60.21%    passed      7.65%
  15  Umbelopsis_ramanniana_NRRL_5844.Umbra1.v1                       26.07%    passed     16.72%
  16  Ustilago_maydis                                                 24.30%    failed      0.00%
  17  Zoophthora_radicans_ATCC_208865                                 65.75%    failed      0.00%
  18  Zymoseptoria_tritici_IP0323                                     60.82%    failed      0.00%
WARNING: 9 sequences contain more than 50% gaps/ambiguity
****  TOTAL                                                           48.02%  9 sequences failed composition chi2 test (p-value<5%; df=19)
Checking for duplicate sequences: done in 0.000136137 secs using 202% CPU


Create initial parsimony tree by phylogenetic likelihood library (PLL)... 0.005 seconds
Perform fast likelihood tree search using LG+I+G model...
Estimate model parameters (epsilon = 5.000)
Perform nearest neighbor interchange...
Optimizing NNI: done in 0.725275 secs using 197.4% CPU
Estimate model parameters (epsilon = 1.000)
1. Initial log-likelihood: -58192.626
Optimal log-likelihood: -58191.427
Proportion of invariable sites: 0.009
Gamma shape alpha: 1.004
Parameters optimization took 1 rounds (0.537 sec)
Time for fast ML tree search: 2.462 seconds

NOTE: ModelFinder requires 86 MB RAM!
ModelFinder will test up to 1232 protein models (sample size: 2815) ...
 No. Model         -LnL         df  AIC          AICc         BIC
  1  LG            59853.592    33  119773.185   119773.992   119969.294
  2  LG+I          59696.160    34  119460.320   119461.176   119662.372
  3  LG+G4         58206.091    34  116480.183   116481.039   116682.235
  4  LG+I+G4       58190.719    35  116451.437   116452.344   116659.432
  5  LG+R2         58302.338    35  116674.676   116675.582   116882.671
  6  LG+R3         58075.380    37  116224.759   116225.772   116444.640
  7  LG+R4         58067.507    39  116213.015   116214.139   116444.781
 14  LG+I+R2       58245.277    36  116562.554   116563.513   116776.492
 15  LG+I+R3       58055.551    38  116187.103   116188.170   116412.926
 16  LG+I+R4       58024.423    40  116128.847   116130.029   116366.556
 17  LG+I+R5       58022.602    42  116129.205   116130.508   116378.799
 38  LG+F+I+R4     57771.423    59  115660.847   115663.417   116011.467
 60  WAG+I+R4      58346.551    40  116773.101   116774.284   117010.810
 82  WAG+F+I+R4    57911.402    59  115940.805   115943.374   116291.425
104  JTT+I+R4      58319.156    40  116718.311   116719.494   116956.020
126  JTT+F+I+R4    57919.826    59  115957.652   115960.222   116308.273
WARNING: Normalizing state frequencies so that sum of them equals to 1
148  Q.pfam+I+R4   58011.866    40  116103.732   116104.914   116341.441
WARNING: Normalizing state frequencies so that sum of them equals to 1
170  Q.pfam+F+I+R4 57777.151    59  115672.303   115674.873   116022.923
WARNING: Normalizing state frequencies so that sum of them equals to 1
192  Q.bird+I+R4   58623.717    40  117327.434   117328.616   117565.142
WARNING: Normalizing state frequencies so that sum of them equals to 1
214  Q.bird+F+I+R4 58291.897    59  116701.793   116704.363   117052.414
WARNING: Normalizing state frequencies so that sum of them equals to 1
236  Q.mammal+I+R4 58483.126    40  117046.252   117047.434   117283.960
WARNING: Normalizing state frequencies so that sum of them equals to 1
258  Q.mammal+F+I+R4 58139.009    59  116396.017   116398.587   116746.638
280  Q.insect+I+R4 57856.299    40  115792.599   115793.781   116030.307
302  Q.insect+F+I+R4 57777.575    59  115673.151   115675.721   116023.771
WARNING: Normalizing state frequencies so that sum of them equals to 1
324  Q.plant+I+R4  58154.690    40  116389.379   116390.562   116627.088
WARNING: Normalizing state frequencies so that sum of them equals to 1
346  Q.plant+F+I+R4 57975.477    59  116068.954   116071.524   116419.575
WARNING: Normalizing state frequencies so that sum of them equals to 1
368  Q.yeast+I+R4  57821.744    40  115723.488   115724.671   115961.197
WARNING: Normalizing state frequencies so that sum of them equals to 1
390  Q.yeast+F+I+R4 57715.618    59  115549.236   115551.805   115899.856
412  JTTDCMut+I+R4 58332.931    40  116745.862   116747.045   116983.571
434  JTTDCMut+F+I+R4 57925.171    59  115968.342   115970.912   116318.962
456  DCMut+I+R4    58844.971    40  117769.942   117771.125   118007.651
478  DCMut+F+I+R4  58037.328    59  116192.656   116195.226   116543.276
500  VT+I+R4       58103.205    40  116286.410   116287.592   116524.119
522  VT+F+I+R4     57895.722    59  115909.444   115912.014   116260.064
544  PMB+I+R4      58496.148    40  117072.295   117073.478   117310.004
566  PMB+F+I+R4    58076.183    59  116270.367   116272.937   116620.987
588  Blosum62+I+R4 58430.403    40  116940.806   116941.989   117178.515
610  Blosum62+F+I+R4 58032.116    59  116182.232   116184.802   116532.852
632  Dayhoff+I+R4  58845.473    40  117770.946   117772.128   118008.654
654  Dayhoff+F+I+R4 58036.798    59  116191.595   116194.165   116542.216
676  mtREV+I+R4    60612.085    40  121304.169   121305.352   121541.878
698  mtREV+F+I+R4  58250.852    59  116619.705   116622.275   116970.325
720  mtART+I+R4    60983.549    40  122047.098   122048.280   122284.807
742  mtART+F+I+R4  58285.106    59  116688.212   116690.782   117038.832
764  mtZOA+I+R4    60268.562    40  120617.125   120618.307   120854.833
786  mtZOA+F+I+R4  58023.915    59  116165.831   116168.401   116516.451
808  mtMet+I+R4    60658.687    40  121397.375   121398.557   121635.083
830  mtMet+F+I+R4  58089.359    59  116296.718   116299.287   116647.338
852  mtVer+I+R4    60978.208    40  122036.416   122037.598   122274.125
874  mtVer+F+I+R4  58455.937    59  117029.875   117032.445   117380.495
896  mtInv+I+R4    61205.943    40  122491.886   122493.068   122729.595
918  mtInv+F+I+R4  57907.712    59  115933.423   115935.993   116284.043
940  mtMAM+I+R4    61202.042    40  122484.084   122485.267   122721.793
962  mtMAM+F+I+R4  58669.907    59  117457.815   117460.384   117808.435
WARNING: Normalizing state frequencies so that sum of them equals to 1
984  FLAVI+I+R4    59640.173    40  119360.345   119361.527   119598.054
WARNING: Normalizing state frequencies so that sum of them equals to 1
1006  FLAVI+F+I+R4  58770.230    59  117658.460   117661.030   118009.081
1028  HIVb+I+R4     59073.945    40  118227.890   118229.072   118465.598
1050  HIVb+F+I+R4   58349.515    59  116817.030   116819.600   117167.650
1072  HIVw+I+R4     60778.917    40  121637.833   121639.016   121875.542
1094  HIVw+F+I+R4   59047.117    59  118212.233   118214.803   118562.854
1116  FLU+I+R4      59018.226    40  118116.451   118117.634   118354.160
1138  FLU+F+I+R4    58292.672    59  116703.343   116705.913   117053.964
1160  rtREV+I+R4    58574.141    40  117228.282   117229.464   117465.991
1182  rtREV+F+I+R4  57853.470    59  115824.940   115827.510   116175.561
1204  cpREV+I+R4    58496.384    40  117072.767   117073.950   117310.476
1226  cpREV+F+I+R4  58037.511    59  116193.023   116195.593   116543.643
Akaike Information Criterion:           Q.yeast+F+I+R4
Corrected Akaike Information Criterion: Q.yeast+F+I+R4
Bayesian Information Criterion:         Q.yeast+F+I+R4
Best-fit model: Q.yeast+F+I+R4 chosen according to BIC

All model information printed to FungalCW_tree_20231129/234548at4751.aa.mfa.model.gz
CPU time for ModelFinder: 722.596 seconds (0h:12m:2s)
Wall-clock time for ModelFinder: 364.448 seconds (0h:6m:4s)
Generating 1000 samples for ultrafast bootstrap (seed: 518666)...
WARNING: Normalizing state frequencies so that sum of them equals to 1

NOTE: 41 MB RAM (0 GB) is required!
Estimate model parameters (epsilon = 0.100)
1. Initial log-likelihood: -57715.618
Optimal log-likelihood: -57715.595
Proportion of invariable sites: 0.006
Site proportion and rates:  (0.094,0.038) (0.349,0.105) (0.241,0.305) (0.311,2.850)
Parameters optimization took 1 rounds (0.522 sec)
Wrote distance file to... 
Computing ML distances based on estimated model parameters...
Calculating distance matrix: done in 0.0840249 secs using 199.3% CPU
Computing ML distances took 0.084301 sec (of wall-clock time) 0.168792 sec (of CPU time)
WARNING: Some pairwise ML distances are too long (saturated)
Setting up auxiliary I and S matrices: done in 2.88486e-05 secs using 197.6% CPU
Constructing RapidNJ tree: done in 0.00011301 secs using 199.1% CPU
Computing RapidNJ tree took 0.000202 sec (of wall-clock time) 0.000402 sec (of CPU time)
Log-likelihood of RapidNJ tree: -57827.312
--------------------------------------------------------------------
|             INITIALIZING CANDIDATE TREE SET                      |
--------------------------------------------------------------------
Generating 98 parsimony trees... 0.844 second
Computing log-likelihood of 98 initial trees ... 6.053 seconds
Current best score: -57715.595

Do NNI search on 20 best initial trees
Optimizing NNI: done in 0.384136 secs using 198.6% CPU
Estimate model parameters (epsilon = 0.100)
BETTER TREE FOUND at iteration 1: -57712.931
Optimizing NNI: done in 0.831499 secs using 198.6% CPU
Optimizing NNI: done in 1.05289 secs using 198.9% CPU
Optimizing NNI: done in 1.20656 secs using 198.9% CPU
Optimizing NNI: done in 1.13158 secs using 198.9% CPU
Optimizing NNI: done in 1.27984 secs using 198.9% CPU
Optimizing NNI: done in 0.91348 secs using 198.8% CPU
Optimizing NNI: done in 1.14927 secs using 198.9% CPU
Optimizing NNI: done in 1.06542 secs using 198.9% CPU
Optimizing NNI: done in 0.895683 secs using 198.8% CPU
Iteration 10 / LogL: -57760.628 / Time: 0h:0m:19s
Optimizing NNI: done in 1.14941 secs using 198.7% CPU
Optimizing NNI: done in 1.09886 secs using 198.8% CPU
Optimizing NNI: done in 1.39994 secs using 198.9% CPU
Optimizing NNI: done in 1.8764 secs using 198.8% CPU
Optimizing NNI: done in 1.12882 secs using 198.8% CPU
Optimizing NNI: done in 1.26915 secs using 198.9% CPU
Optimizing NNI: done in 1.13891 secs using 198.8% CPU
Optimizing NNI: done in 1.04359 secs using 198.9% CPU
Optimizing NNI: done in 1.28168 secs using 198.9% CPU
Optimizing NNI: done in 1.13827 secs using 199% CPU
Iteration 20 / LogL: -57723.415 / Time: 0h:0m:31s
Finish initializing candidate tree set (2)
Current best tree score: -57712.931 / CPU time: 30.664
Number of iterations: 20
--------------------------------------------------------------------
|               OPTIMIZING CANDIDATE TREE SET                      |
--------------------------------------------------------------------
Optimizing NNI: done in 0.825183 secs using 198.9% CPU
Optimizing NNI: done in 0.702977 secs using 198.9% CPU
Optimizing NNI: done in 0.714428 secs using 198.7% CPU
Optimizing NNI: done in 1.03275 secs using 198.9% CPU
Optimizing NNI: done in 0.930674 secs using 198.9% CPU
Optimizing NNI: done in 0.895813 secs using 198.9% CPU
Optimizing NNI: done in 0.925566 secs using 198.9% CPU
Optimizing NNI: done in 0.867426 secs using 198.9% CPU
Optimizing NNI: done in 0.780002 secs using 198.8% CPU
Optimizing NNI: done in 1.286 secs using 198.8% CPU
Iteration 30 / LogL: -57724.207 / Time: 0h:0m:41s (0h:1m:40s left)
Optimizing NNI: done in 1.04356 secs using 198.8% CPU
Optimizing NNI: done in 0.905999 secs using 199% CPU
Optimizing NNI: done in 0.732794 secs using 198.7% CPU
Optimizing NNI: done in 0.953813 secs using 198.9% CPU
Optimizing NNI: done in 1.20063 secs using 198.9% CPU
Optimizing NNI: done in 1.01261 secs using 198.9% CPU
Optimizing NNI: done in 0.826574 secs using 198.8% CPU
Optimizing NNI: done in 0.929801 secs using 198.9% CPU
Optimizing NNI: done in 1.21519 secs using 198.8% CPU
Optimizing NNI: done in 0.84466 secs using 198.7% CPU
Iteration 40 / LogL: -57723.493 / Time: 0h:0m:50s (0h:1m:19s left)
Optimizing NNI: done in 0.661365 secs using 198.9% CPU
Optimizing NNI: done in 1.12552 secs using 198.9% CPU
Optimizing NNI: done in 1.46283 secs using 198.9% CPU
Optimizing NNI: done in 1.28396 secs using 198.9% CPU
Optimizing NNI: done in 0.850082 secs using 198.8% CPU
Optimizing NNI: done in 1.51393 secs using 198.9% CPU
Optimizing NNI: done in 1.0009 secs using 198.9% CPU
Optimizing NNI: done in 0.846715 secs using 198.9% CPU
Optimizing NNI: done in 0.584782 secs using 198.9% CPU
Optimizing NNI: done in 1.27609 secs using 198.9% CPU
Iteration 50 / LogL: -57724.224 / Time: 0h:1m:1s (0h:1m:4s left)
Log-likelihood cutoff on original alignment: -57743.033
Optimizing NNI: done in 0.923812 secs using 198.9% CPU
Optimizing NNI: done in 1.20724 secs using 198.9% CPU
Optimizing NNI: done in 0.899811 secs using 198.7% CPU
Optimizing NNI: done in 0.671173 secs using 198.9% CPU
Optimizing NNI: done in 1.06091 secs using 198.9% CPU
Optimizing NNI: done in 0.765837 secs using 198.9% CPU
Optimizing NNI: done in 0.611708 secs using 198.9% CPU
Optimizing NNI: done in 1.1159 secs using 198.9% CPU
Optimizing NNI: done in 0.959353 secs using 198.9% CPU
Optimizing NNI: done in 1.32203 secs using 198.9% CPU
Iteration 60 / LogL: -57713.872 / Time: 0h:1m:11s (0h:0m:49s left)
Optimizing NNI: done in 1.20963 secs using 198.9% CPU
Optimizing NNI: done in 1.37673 secs using 198.9% CPU
Optimizing NNI: done in 1.15061 secs using 198.9% CPU
Optimizing NNI: done in 1.06297 secs using 198.9% CPU
Optimizing NNI: done in 0.858463 secs using 198.8% CPU
Optimizing NNI: done in 1.09543 secs using 198.9% CPU
Optimizing NNI: done in 0.786521 secs using 198.9% CPU
Optimizing NNI: done in 1.33085 secs using 198.8% CPU
Optimizing NNI: done in 0.973157 secs using 199% CPU
Optimizing NNI: done in 0.688628 secs using 198.9% CPU
Iteration 70 / LogL: -57725.313 / Time: 0h:1m:22s (0h:0m:36s left)
Optimizing NNI: done in 1.00709 secs using 198.9% CPU
Optimizing NNI: done in 0.672095 secs using 198.8% CPU
Optimizing NNI: done in 0.812173 secs using 198.9% CPU
Optimizing NNI: done in 0.805249 secs using 199% CPU
Optimizing NNI: done in 0.74486 secs using 198.9% CPU
Optimizing NNI: done in 0.701306 secs using 198.9% CPU
Optimizing NNI: done in 1.58019 secs using 199% CPU
Optimizing NNI: done in 1.00902 secs using 199% CPU
Optimizing NNI: done in 1.65001 secs using 198.8% CPU
Optimizing NNI: done in 0.77595 secs using 199% CPU
Iteration 80 / LogL: -57713.753 / Time: 0h:1m:32s (0h:0m:24s left)
Optimizing NNI: done in 0.775949 secs using 198.9% CPU
Optimizing NNI: done in 0.805313 secs using 198.9% CPU
Optimizing NNI: done in 0.856018 secs using 198.8% CPU
Optimizing NNI: done in 1.01563 secs using 198.9% CPU
Optimizing NNI: done in 1.15883 secs using 198.9% CPU
Optimizing NNI: done in 0.967086 secs using 198.9% CPU
Optimizing NNI: done in 0.838917 secs using 198.9% CPU
Optimizing NNI: done in 0.87027 secs using 198.8% CPU
Optimizing NNI: done in 0.704504 secs using 198.9% CPU
Optimizing NNI: done in 1.57093 secs using 199% CPU
Iteration 90 / LogL: -57713.206 / Time: 0h:1m:41s (0h:0m:12s left)
Optimizing NNI: done in 0.56347 secs using 198.8% CPU
Optimizing NNI: done in 1.0176 secs using 199% CPU
Optimizing NNI: done in 0.86915 secs using 199% CPU
Optimizing NNI: done in 0.831492 secs using 198.9% CPU
Optimizing NNI: done in 1.32114 secs using 198.9% CPU
Optimizing NNI: done in 0.667332 secs using 199% CPU
Optimizing NNI: done in 1.38828 secs using 199% CPU
Optimizing NNI: done in 0.931339 secs using 198.9% CPU
Optimizing NNI: done in 0.660664 secs using 198.9% CPU
Optimizing NNI: done in 1.01347 secs using 198.8% CPU
Iteration 100 / LogL: -57714.729 / Time: 0h:1m:51s (0h:0m:1s left)
Log-likelihood cutoff on original alignment: -57743.033
NOTE: Bootstrap correlation coefficient of split occurrence frequencies: 1.000
Optimizing NNI: done in 1.18306 secs using 198.8% CPU
Optimizing NNI: done in 1.2636 secs using 198.9% CPU
TREE SEARCH COMPLETED AFTER 102 ITERATIONS / Time: 0h:1m:53s

--------------------------------------------------------------------
|                    FINALIZING TREE SEARCH                        |
--------------------------------------------------------------------
Performs final model parameters optimization
Estimate model parameters (epsilon = 0.010)
1. Initial log-likelihood: -57712.931
2. Current log-likelihood: -57712.883
3. Current log-likelihood: -57712.866
4. Current log-likelihood: -57712.853
Optimal log-likelihood: -57712.842
Proportion of invariable sites: 0.006
Site proportion and rates:  (0.092,0.037) (0.348,0.104) (0.243,0.301) (0.312,2.846)
Parameters optimization took 4 rounds (1.890 sec)
BEST SCORE FOUND : -57712.842

Testing tree branches by SH-like aLRT with 1000 replicates...
0.751 sec.
Creating bootstrap support values...
Split supports printed to NEXUS file FungalCW_tree_20231129/234548at4751.aa.mfa.splits.nex
Total tree length: 123.823

Total number of iterations: 102
CPU time used for tree search: 223.760 sec (0h:3m:43s)
Wall-clock time used for tree search: 112.537 sec (0h:1m:52s)
Total CPU time used: 231.423 sec (0h:3m:51s)
Total wall-clock time used: 116.443 sec (0h:1m:56s)

Computing bootstrap consensus tree...
Reading input file FungalCW_tree_20231129/234548at4751.aa.mfa.splits.nex...
18 taxa and 68 splits.
Consensus tree written to FungalCW_tree_20231129/234548at4751.aa.mfa.contree
Reading input trees file FungalCW_tree_20231129/234548at4751.aa.mfa.contree
Log-likelihood of consensus tree: -57718.993

Analysis results written to: 
  IQ-TREE report:                FungalCW_tree_20231129/234548at4751.aa.mfa.iqtree
  Maximum-likelihood tree:       FungalCW_tree_20231129/234548at4751.aa.mfa.treefile
  Likelihood distances:          FungalCW_tree_20231129/234548at4751.aa.mfa.mldist

Ultrafast bootstrap approximation results written to:
  Split support values:          FungalCW_tree_20231129/234548at4751.aa.mfa.splits.nex
  Consensus tree:                FungalCW_tree_20231129/234548at4751.aa.mfa.contree
  Screen log file:               FungalCW_tree_20231129/234548at4751.aa.mfa.log

Date and Time: Wed Nov 29 01:42:41 2023
