IQ-TREE multicore version 2.2.2.6 COVID-edition for Linux 64-bit built May 27 2023
Developed by Bui Quang Minh, James Barbetti, Nguyen Lam Tung,
Olga Chernomor, Heiko Schmidt, Dominik Schrempf, Michael Woodhams, Ly Trong Nhan.

Host:    r11 (AVX2, FMA3, 503 GB RAM)
Command: iqtree2 -s FungalCW_tree_20231129/234698at4751.aa.mfa -gz -B 1000 -alrt 1000 -nt 2
Seed:    252771 (Using SPRNG - Scalable Parallel Random Number Generator)
Time:    Wed Nov 29 01:34:39 2023
Kernel:  AVX+FMA - 2 threads (2 CPU cores detected)

Reading alignment file FungalCW_tree_20231129/234698at4751.aa.mfa ... Fasta format detected
Reading fasta file: done in 0.000300884 secs using 66.14% CPU
Alignment most likely contains protein sequences
Constructing alignment: done in 0.000788927 secs using 84.29% CPU
Alignment has 17 sequences with 715 columns, 642 distinct patterns
506 parsimony-informative, 104 singleton sites, 105 constant sites
                                                               Gap/Ambiguity  Composition  p-value
Analyzing sequences: done in 3.50475e-05 secs using 99.86% CPU
   1  Basidiobolus_meristosporus_CBS_931.73.Basme2finSC.v1            16.08%    passed     84.85%
   2  Botrytis_cinerea_T4                                              7.69%    passed     69.80%
   3  Colletotrichum_graminicola_M1.001                                7.27%    passed     79.61%
   4  Colletotrichum_higginsianum_IMI_349063                           6.71%    passed     59.20%
   5  Fusarium_graminearum_PH-1                                       10.63%    passed     98.60%
   6  Fusarium_verticillioides_7600                                    7.41%    passed     92.60%
   7  Gilbertella_persicaria_var_persicaria_CBS_190.32-T.Gilper1.v1   13.29%    passed     50.03%
   8  Mortierella_elongata_AG-77                                      13.71%    passed     59.37%
   9  Mucor_mucedo_NRRL_3635                                          14.55%    passed     90.12%
  10  Neoconidiobolus_thromboides_FSU_785.Conth1.v1                   14.55%    passed      7.72%
  11  Phycomyces_blakesleeanus_NRRL_1555.Phybl2.v2                    13.99%    passed     99.80%
  12  Rhizopus_stolonifer_NRRL_66455                                  15.38%    passed     22.45%
  13  Trichoderma_harzianum_CBS_226.95                                 8.53%    passed     79.84%
  14  Umbelopsis_ramanniana_NRRL_5844.Umbra1.v1                       13.43%    passed     99.16%
  15  Ustilago_maydis                                                  7.13%    passed     27.57%
  16  Zoophthora_radicans_ATCC_208865                                 15.94%    passed     76.53%
  17  Zymoseptoria_tritici_IP0323                                      7.13%    passed      9.67%
****  TOTAL                                                           11.38%  0 sequences failed composition chi2 test (p-value<5%; df=19)
Checking for duplicate sequences: done in 5.98431e-05 secs using 193.8% CPU


Create initial parsimony tree by phylogenetic likelihood library (PLL)... 0.003 seconds
Perform fast likelihood tree search using LG+I+G model...
Estimate model parameters (epsilon = 5.000)
Perform nearest neighbor interchange...
Optimizing NNI: done in 0.287555 secs using 198.3% CPU
Estimate model parameters (epsilon = 1.000)
1. Initial log-likelihood: -20492.415
2. Current log-likelihood: -20490.117
Optimal log-likelihood: -20489.213
Proportion of invariable sites: 0.041
Gamma shape alpha: 0.370
Parameters optimization took 2 rounds (0.129 sec)
Time for fast ML tree search: 0.711 seconds

NOTE: ModelFinder requires 19 MB RAM!
ModelFinder will test up to 1232 protein models (sample size: 715) ...
 No. Model         -LnL         df  AIC          AICc         BIC
  1  LG            23591.444    31  47244.889    47247.794    47386.629
  2  LG+I          22747.529    32  45559.057    45562.154    45705.370
  3  LG+G4         20489.535    32  41043.070    41046.166    41189.383
  4  LG+I+G4       20488.870    33  41043.740    41047.036    41194.626
  5  LG+R2         20574.980    33  41215.961    41219.256    41366.846
  6  LG+R3         20399.608    35  40869.215    40872.927    41029.245
  7  LG+R4         20381.042    37  40836.084    40840.238    41005.259
  8  LG+R5         20381.745    39  40841.490    40846.112    41019.809
 14  LG+I+R2       20491.906    34  41051.812    41055.312    41207.270
 15  LG+I+R3       20396.470    36  40864.939    40868.869    41029.542
 16  LG+I+R4       20391.675    38  40859.349    40863.734    41033.096
 29  LG+F+R4       20210.909    56  40533.817    40543.520    40789.865
 51  WAG+R4        20363.434    37  40800.869    40805.023    40970.043
 73  WAG+F+R4      20218.912    56  40549.823    40559.525    40805.871
 95  JTT+R4        20429.646    37  40933.292    40937.445    41102.466
117  JTT+F+R4      20247.252    56  40606.505    40616.207    40862.553
WARNING: Normalizing state frequencies so that sum of them equals to 1
139  Q.pfam+R4     20332.963    37  40739.926    40744.080    40909.101
WARNING: Normalizing state frequencies so that sum of them equals to 1
161  Q.pfam+F+R4   20217.176    56  40546.352    40556.055    40802.400
WARNING: Normalizing state frequencies so that sum of them equals to 1
183  Q.bird+R4     20567.364    37  41208.728    41212.882    41377.903
WARNING: Normalizing state frequencies so that sum of them equals to 1
205  Q.bird+F+R4   20368.027    56  40848.054    40857.756    41104.102
WARNING: Normalizing state frequencies so that sum of them equals to 1
227  Q.mammal+R4   20523.341    37  41120.682    41124.836    41289.857
WARNING: Normalizing state frequencies so that sum of them equals to 1
249  Q.mammal+F+R4 20319.319    56  40750.637    40760.339    41006.685
271  Q.insect+R4   20423.687    37  40921.374    40925.528    41090.549
293  Q.insect+F+R4 20222.557    56  40557.114    40566.816    40813.162
WARNING: Normalizing state frequencies so that sum of them equals to 1
315  Q.plant+R4    20392.974    37  40859.948    40864.102    41029.122
WARNING: Normalizing state frequencies so that sum of them equals to 1
337  Q.plant+F+R4  20281.167    56  40674.333    40684.035    40930.381
WARNING: Normalizing state frequencies so that sum of them equals to 1
359  Q.yeast+R4    20353.627    37  40781.254    40785.408    40950.428
WARNING: Normalizing state frequencies so that sum of them equals to 1
381  Q.yeast+F+R4  20221.948    56  40555.897    40565.599    40811.945
403  JTTDCMut+R4   20427.603    37  40929.205    40933.359    41098.380
425  JTTDCMut+F+R4 20247.057    56  40606.114    40615.816    40862.162
447  DCMut+R4      20499.872    37  41073.744    41077.897    41242.918
469  DCMut+F+R4    20259.172    56  40630.343    40640.045    40886.391
491  VT+R4         20371.335    37  40816.670    40820.824    40985.845
513  VT+F+R4       20226.702    56  40565.405    40575.107    40821.452
535  PMB+R4        20567.386    37  41208.771    41212.925    41377.946
557  PMB+F+R4      20246.703    56  40605.405    40615.107    40861.453
579  Blosum62+R4   20547.332    37  41168.664    41172.817    41337.838
601  Blosum62+F+R4 20242.777    56  40597.555    40607.257    40853.602
623  Dayhoff+R4    20499.539    37  41073.078    41077.231    41242.252
645  Dayhoff+F+R4  20258.889    56  40629.778    40639.480    40885.826
667  mtREV+R4      21793.939    37  43661.879    43666.032    43831.053
689  mtREV+F+R4    20388.449    56  40888.899    40898.601    41144.947
711  mtART+R4      21926.314    37  43926.629    43930.783    44095.803
733  mtART+F+R4    20433.859    56  40979.719    40989.421    41235.766
755  mtZOA+R4      21632.490    37  43338.980    43343.134    43508.155
777  mtZOA+F+R4    20352.827    56  40817.654    40827.357    41073.702
799  mtMet+R4      21804.227    37  43682.454    43686.607    43851.628
821  mtMet+F+R4    20372.445    56  40856.890    40866.592    41112.938
843  mtVer+R4      21882.928    37  43839.857    43844.010    44009.031
865  mtVer+F+R4    20475.321    56  41062.642    41072.344    41318.689
887  mtInv+R4      22024.919    37  44123.837    44127.991    44293.012
909  mtInv+F+R4    20313.554    56  40739.108    40748.810    40995.156
931  mtMAM+R4      22000.230    37  44074.461    44078.614    44243.635
953  mtMAM+F+R4    20582.017    56  41276.035    41285.737    41532.083
WARNING: Normalizing state frequencies so that sum of them equals to 1
975  FLAVI+R4      20875.713    37  41825.426    41829.579    41994.600
WARNING: Normalizing state frequencies so that sum of them equals to 1
997  FLAVI+F+R4    20504.999    56  41121.997    41131.699    41378.045
1019  HIVb+R4       20758.284    37  41590.568    41594.721    41759.742
1041  HIVb+F+R4     20369.175    56  40850.351    40860.053    41106.399
1063  HIVw+R4       21164.744    37  42403.487    42407.641    42572.662
1085  HIVw+F+R4     20503.119    56  41118.239    41127.941    41374.287
1107  FLU+R4        20613.432    37  41300.863    41305.017    41470.038
1129  FLU+F+R4      20300.961    56  40713.923    40723.625    40969.971
1151  rtREV+R4      20581.832    37  41237.664    41241.817    41406.838
1173  rtREV+F+R4    20230.617    56  40573.233    40582.935    40829.281
1195  cpREV+R4      20632.082    37  41338.164    41342.318    41507.339
1217  cpREV+F+R4    20303.077    56  40718.154    40727.857    40974.202
Akaike Information Criterion:           LG+F+R4
Corrected Akaike Information Criterion: LG+F+R4
Bayesian Information Criterion:         LG+F+R4
Best-fit model: LG+F+R4 chosen according to BIC
NOTE: 8.021 seconds to dump checkpoint file, increase to 161.000

All model information printed to FungalCW_tree_20231129/234698at4751.aa.mfa.model.gz
CPU time for ModelFinder: 152.183 seconds (0h:2m:32s)
Wall-clock time for ModelFinder: 84.904 seconds (0h:1m:24s)
Generating 1000 samples for ultrafast bootstrap (seed: 252771)...

NOTE: 9 MB RAM (0 GB) is required!
Estimate model parameters (epsilon = 0.100)
1. Initial log-likelihood: -20210.909
2. Current log-likelihood: -20210.652
Optimal log-likelihood: -20210.554
Site proportion and rates:  (0.316,0.008) (0.176,0.069) (0.024,0.403) (0.484,2.015)
Parameters optimization took 2 rounds (0.353 sec)
NOTE: 6.584 seconds to dump checkpoint file, increase to 132.000
Wrote distance file to... 
Computing ML distances based on estimated model parameters...
Calculating distance matrix: done in 0.106147 secs using 197.2% CPU
Computing ML distances took 0.106493 sec (of wall-clock time) 0.209867 sec (of CPU time)
WARNING: Some pairwise ML distances are too long (saturated)
Setting up auxiliary I and S matrices: done in 5.50747e-05 secs using 199.7% CPU
Constructing RapidNJ tree: done in 0.000213861 secs using 200.1% CPU
Computing RapidNJ tree took 0.000348 sec (of wall-clock time) 0.000695 sec (of CPU time)
Log-likelihood of RapidNJ tree: -20521.098
--------------------------------------------------------------------
|             INITIALIZING CANDIDATE TREE SET                      |
--------------------------------------------------------------------
Generating 98 parsimony trees... 0.313 second
Computing log-likelihood of 98 initial trees ... 1.929 seconds
Current best score: -20210.554

Do NNI search on 20 best initial trees
Optimizing NNI: done in 0.084389 secs using 197.8% CPU
Estimate model parameters (epsilon = 0.100)
BETTER TREE FOUND at iteration 1: -20210.240
Optimizing NNI: done in 0.512197 secs using 198.2% CPU
Optimizing NNI: done in 0.532684 secs using 198.1% CPU
Optimizing NNI: done in 0.308651 secs using 197.1% CPU
Optimizing NNI: done in 0.427596 secs using 197.6% CPU
Optimizing NNI: done in 0.499087 secs using 197.6% CPU
Optimizing NNI: done in 0.516959 secs using 198.2% CPU
Optimizing NNI: done in 0.445522 secs using 198.1% CPU
Optimizing NNI: done in 0.462931 secs using 198% CPU
Optimizing NNI: done in 0.467141 secs using 198% CPU
Iteration 10 / LogL: -20281.063 / Time: 0h:0m:14s
Optimizing NNI: done in 0.371881 secs using 197.5% CPU
Optimizing NNI: done in 0.317524 secs using 198% CPU
Optimizing NNI: done in 0.450167 secs using 197.9% CPU
Optimizing NNI: done in 0.542704 secs using 197.7% CPU
Optimizing NNI: done in 0.410896 secs using 198.4% CPU
Optimizing NNI: done in 0.328342 secs using 198.1% CPU
Optimizing NNI: done in 0.519552 secs using 197.3% CPU
Optimizing NNI: done in 0.481872 secs using 197.6% CPU
Optimizing NNI: done in 0.360236 secs using 197.7% CPU
Optimizing NNI: done in 0.464873 secs using 198.2% CPU
Iteration 20 / LogL: -20239.169 / Time: 0h:0m:18s
Finish initializing candidate tree set (9)
Current best tree score: -20210.240 / CPU time: 11.309
Number of iterations: 20
--------------------------------------------------------------------
|               OPTIMIZING CANDIDATE TREE SET                      |
--------------------------------------------------------------------
Optimizing NNI: done in 0.303014 secs using 197.8% CPU
Optimizing NNI: done in 0.214962 secs using 197.8% CPU
Optimizing NNI: done in 0.227326 secs using 197.5% CPU
Optimizing NNI: done in 0.348708 secs using 197.5% CPU
Optimizing NNI: done in 0.297715 secs using 197.5% CPU
Optimizing NNI: done in 0.260229 secs using 197.3% CPU
Optimizing NNI: done in 0.311673 secs using 197.9% CPU
Optimizing NNI: done in 0.185588 secs using 197.5% CPU
Optimizing NNI: done in 0.393134 secs using 197.7% CPU
Optimizing NNI: done in 0.316549 secs using 197.2% CPU
Iteration 30 / LogL: -20210.384 / Time: 0h:0m:21s (0h:0m:53s left)
Optimizing NNI: done in 0.35852 secs using 197.8% CPU
Optimizing NNI: done in 0.24593 secs using 197.6% CPU
Optimizing NNI: done in 0.21157 secs using 197.8% CPU
Optimizing NNI: done in 0.310394 secs using 197.7% CPU
Optimizing NNI: done in 0.23682 secs using 197.8% CPU
Optimizing NNI: done in 0.466376 secs using 197.9% CPU
Optimizing NNI: done in 0.277322 secs using 197.9% CPU
Optimizing NNI: done in 0.417853 secs using 197.5% CPU
Optimizing NNI: done in 0.233437 secs using 198.3% CPU
Optimizing NNI: done in 0.329672 secs using 197.9% CPU
Iteration 40 / LogL: -20248.338 / Time: 0h:0m:25s (0h:0m:39s left)
Optimizing NNI: done in 0.282739 secs using 197.6% CPU
Optimizing NNI: done in 0.145433 secs using 197.6% CPU
Optimizing NNI: done in 0.243796 secs using 197.9% CPU
Optimizing NNI: done in 0.304451 secs using 197.8% CPU
Optimizing NNI: done in 0.346396 secs using 197.9% CPU
Optimizing NNI: done in 0.318173 secs using 198.3% CPU
Optimizing NNI: done in 0.225168 secs using 198.2% CPU
Optimizing NNI: done in 0.234711 secs using 197.9% CPU
Optimizing NNI: done in 0.291582 secs using 198% CPU
Optimizing NNI: done in 0.512096 secs using 198.2% CPU
Iteration 50 / LogL: -20248.176 / Time: 0h:0m:28s (0h:0m:29s left)
Log-likelihood cutoff on original alignment: -20241.631
Optimizing NNI: done in 0.436669 secs using 198% CPU
Optimizing NNI: done in 0.242973 secs using 198.3% CPU
Optimizing NNI: done in 0.55864 secs using 197.7% CPU
Optimizing NNI: done in 0.259344 secs using 198% CPU
Optimizing NNI: done in 0.320434 secs using 198.1% CPU
Optimizing NNI: done in 0.343391 secs using 197.9% CPU
Optimizing NNI: done in 0.336101 secs using 197.5% CPU
Optimizing NNI: done in 0.282722 secs using 198.1% CPU
Optimizing NNI: done in 0.173859 secs using 197.9% CPU
Optimizing NNI: done in 0.351301 secs using 198.1% CPU
Iteration 60 / LogL: -20238.483 / Time: 0h:0m:31s (0h:0m:21s left)
Optimizing NNI: done in 0.295953 secs using 198.2% CPU
Optimizing NNI: done in 0.356876 secs using 198.2% CPU
Optimizing NNI: done in 0.20447 secs using 198.2% CPU
Optimizing NNI: done in 0.267844 secs using 197.9% CPU
Optimizing NNI: done in 0.168027 secs using 197.9% CPU
Optimizing NNI: done in 0.271092 secs using 198.3% CPU
Optimizing NNI: done in 0.220134 secs using 198.6% CPU
Optimizing NNI: done in 0.409748 secs using 197.8% CPU
Optimizing NNI: done in 0.207903 secs using 198.2% CPU
Optimizing NNI: done in 0.38725 secs using 198.4% CPU
Iteration 70 / LogL: -20249.315 / Time: 0h:0m:34s (0h:0m:15s left)
Optimizing NNI: done in 0.475682 secs using 198.2% CPU
Optimizing NNI: done in 0.437336 secs using 198.4% CPU
Optimizing NNI: done in 0.375185 secs using 198.2% CPU
Optimizing NNI: done in 0.337051 secs using 198.2% CPU
Optimizing NNI: done in 0.352328 secs using 198.4% CPU
Optimizing NNI: done in 0.241718 secs using 198.5% CPU
Optimizing NNI: done in 0.258083 secs using 198.4% CPU
Optimizing NNI: done in 0.391154 secs using 198.1% CPU
Optimizing NNI: done in 0.222232 secs using 197.8% CPU
Optimizing NNI: done in 0.320058 secs using 197.8% CPU
Iteration 80 / LogL: -20248.980 / Time: 0h:0m:37s (0h:0m:10s left)
Optimizing NNI: done in 0.211836 secs using 198.2% CPU
Optimizing NNI: done in 0.296396 secs using 197.9% CPU
Optimizing NNI: done in 0.217055 secs using 198.1% CPU
Optimizing NNI: done in 0.317063 secs using 198.4% CPU
Optimizing NNI: done in 0.219878 secs using 198.2% CPU
Optimizing NNI: done in 0.330177 secs using 198.2% CPU
Optimizing NNI: done in 0.303471 secs using 198.2% CPU
Optimizing NNI: done in 0.501668 secs using 198.2% CPU
Optimizing NNI: done in 0.42181 secs using 198.4% CPU
Optimizing NNI: done in 0.266915 secs using 198.5% CPU
Iteration 90 / LogL: -20239.023 / Time: 0h:0m:41s (0h:0m:5s left)
Optimizing NNI: done in 0.158475 secs using 197.9% CPU
Optimizing NNI: done in 0.318503 secs using 197.7% CPU
Optimizing NNI: done in 0.211172 secs using 198.2% CPU
Optimizing NNI: done in 0.251812 secs using 198.2% CPU
Optimizing NNI: done in 0.246752 secs using 198.1% CPU
Optimizing NNI: done in 0.265462 secs using 197.9% CPU
Optimizing NNI: done in 0.224472 secs using 198.3% CPU
Optimizing NNI: done in 0.282774 secs using 198.3% CPU
Optimizing NNI: done in 0.383596 secs using 198.3% CPU
Optimizing NNI: done in 0.244709 secs using 198.4% CPU
Iteration 100 / LogL: -20210.541 / Time: 0h:0m:43s (0h:0m:0s left)
Log-likelihood cutoff on original alignment: -20240.117
NOTE: Bootstrap correlation coefficient of split occurrence frequencies: 0.999
Optimizing NNI: done in 0.197388 secs using 198.3% CPU
Optimizing NNI: done in 0.388284 secs using 198.4% CPU
TREE SEARCH COMPLETED AFTER 102 ITERATIONS / Time: 0h:0m:44s

--------------------------------------------------------------------
|                    FINALIZING TREE SEARCH                        |
--------------------------------------------------------------------
Performs final model parameters optimization
Estimate model parameters (epsilon = 0.010)
1. Initial log-likelihood: -20210.240
2. Current log-likelihood: -20210.044
3. Current log-likelihood: -20209.961
Optimal log-likelihood: -20209.950
Site proportion and rates:  (0.316,0.008) (0.176,0.068) (0.023,0.392) (0.485,2.015)
Parameters optimization took 3 rounds (0.530 sec)
BEST SCORE FOUND : -20209.950

Testing tree branches by SH-like aLRT with 1000 replicates...
0.223 sec.
Creating bootstrap support values...
Split supports printed to NEXUS file FungalCW_tree_20231129/234698at4751.aa.mfa.splits.nex
Total tree length: 123.155

Total number of iterations: 102
CPU time used for tree search: 72.637 sec (0h:1m:12s)
Wall-clock time used for tree search: 36.826 sec (0h:0m:36s)
Total CPU time used: 75.828 sec (0h:1m:15s)
Total wall-clock time used: 45.235 sec (0h:0m:45s)

Computing bootstrap consensus tree...
Reading input file FungalCW_tree_20231129/234698at4751.aa.mfa.splits.nex...
17 taxa and 68 splits.
Consensus tree written to FungalCW_tree_20231129/234698at4751.aa.mfa.contree
Reading input trees file FungalCW_tree_20231129/234698at4751.aa.mfa.contree
Log-likelihood of consensus tree: -20238.020

Analysis results written to: 
  IQ-TREE report:                FungalCW_tree_20231129/234698at4751.aa.mfa.iqtree
  Maximum-likelihood tree:       FungalCW_tree_20231129/234698at4751.aa.mfa.treefile
  Likelihood distances:          FungalCW_tree_20231129/234698at4751.aa.mfa.mldist

Ultrafast bootstrap approximation results written to:
  Split support values:          FungalCW_tree_20231129/234698at4751.aa.mfa.splits.nex
  Consensus tree:                FungalCW_tree_20231129/234698at4751.aa.mfa.contree
  Screen log file:               FungalCW_tree_20231129/234698at4751.aa.mfa.log

Date and Time: Wed Nov 29 01:36:49 2023
