IQ-TREE multicore version 2.2.2.6 COVID-edition for Linux 64-bit built May 27 2023
Developed by Bui Quang Minh, James Barbetti, Nguyen Lam Tung,
Olga Chernomor, Heiko Schmidt, Dominik Schrempf, Michael Woodhams, Ly Trong Nhan.

Host:    r11 (AVX2, FMA3, 503 GB RAM)
Command: iqtree2 -s FungalCW_tree_20231129/235640at4751.aa.mfa -gz -B 1000 -alrt 1000 -nt 2
Seed:    505953 (Using SPRNG - Scalable Parallel Random Number Generator)
Time:    Wed Nov 29 01:34:39 2023
Kernel:  AVX+FMA - 2 threads (2 CPU cores detected)

Reading alignment file FungalCW_tree_20231129/235640at4751.aa.mfa ... Fasta format detected
Reading fasta file: done in 0.000262022 secs using 50.38% CPU
Alignment most likely contains protein sequences
Constructing alignment: done in 0.000720978 secs using 201.4% CPU
Alignment has 18 sequences with 579 columns, 512 distinct patterns
295 parsimony-informative, 147 singleton sites, 137 constant sites
                                                               Gap/Ambiguity  Composition  p-value
Analyzing sequences: done in 3.50475e-05 secs using 99.86% CPU
   1  Basidiobolus_meristosporus_CBS_931.73.Basme2finSC.v1            25.04%    passed     98.86%
   2  Botrytis_cinerea_T4                                             14.85%    passed     93.16%
   3  Capillidium_pumilum_ARSEF_79                                    48.88%    passed     99.03%
   4  Colletotrichum_graminicola_M1.001                               15.37%    passed     93.46%
   5  Colletotrichum_higginsianum_IMI_349063                          15.03%    passed     95.86%
   6  Fusarium_graminearum_PH-1                                       17.10%    passed     99.75%
   7  Fusarium_verticillioides_7600                                   16.93%    passed     99.25%
   8  Gilbertella_persicaria_var_persicaria_CBS_190.32-T.Gilper1.v1   20.90%    passed     78.27%
   9  Mortierella_elongata_AG-77                                      24.53%    passed     95.23%
  10  Mucor_mucedo_NRRL_3635                                          22.97%    passed     99.52%
  11  Neoconidiobolus_thromboides_FSU_785.Conth1.v1                   25.04%    passed     37.13%
  12  Phycomyces_blakesleeanus_NRRL_1555.Phybl2.v2                    22.97%    passed     98.77%
  13  Rhizopus_stolonifer_NRRL_66455                                  23.14%    passed     97.30%
  14  Trichoderma_harzianum_CBS_226.95                                16.75%    passed     96.30%
  15  Umbelopsis_ramanniana_NRRL_5844.Umbra1.v1                       22.97%    passed     99.93%
  16  Ustilago_maydis                                                 39.90%    passed     28.47%
  17  Zoophthora_radicans_ATCC_208865                                 23.32%    passed     52.30%
  18  Zymoseptoria_tritici_IP0323                                     18.31%    passed     94.26%
****  TOTAL                                                           23.00%  0 sequences failed composition chi2 test (p-value<5%; df=19)
Checking for duplicate sequences: done in 5.91278e-05 secs using 186% CPU


Create initial parsimony tree by phylogenetic likelihood library (PLL)... 0.002 seconds
Perform fast likelihood tree search using LG+I+G model...
Estimate model parameters (epsilon = 5.000)
Perform nearest neighbor interchange...
Optimizing NNI: done in 0.139925 secs using 198.9% CPU
Estimate model parameters (epsilon = 1.000)
1. Initial log-likelihood: -8524.229
Optimal log-likelihood: -8523.755
Proportion of invariable sites: 0.090
Gamma shape alpha: 1.047
Parameters optimization took 1 rounds (0.079 sec)
Time for fast ML tree search: 0.372 seconds

NOTE: ModelFinder requires 16 MB RAM!
ModelFinder will test up to 1232 protein models (sample size: 579) ...
 No. Model         -LnL         df  AIC          AICc         BIC
  1  LG            8839.325     33  17744.649    17748.767    17888.572
  2  LG+I          8684.473     34  17436.946    17441.321    17585.230
  3  LG+G4         8523.896     34  17115.792    17120.167    17264.076
  4  LG+I+G4       8523.556     35  17117.113    17121.754    17269.758
  5  LG+R2         8541.924     35  17153.847    17158.488    17306.493
  6  LG+R3         8522.800     37  17119.599    17124.797    17280.968
  7  LG+R4         8522.080     39  17122.160    17127.948    17292.250
 14  LG+I+R2       8532.488     36  17136.975    17141.891    17293.982
 15  LG+I+R3       8522.833     38  17121.666    17127.155    17287.395
 16  LG+I+R4       8522.325     40  17124.650    17130.746    17299.102
 25  LG+F+G4       8525.395     53  17156.789    17167.692    17387.938
 26  LG+F+I+G4     8524.898     54  17157.796    17169.132    17393.306
 47  WAG+G4        8557.161     34  17182.321    17186.696    17330.606
 48  WAG+I+G4      8554.201     35  17178.403    17183.044    17331.049
 69  WAG+F+G4      8567.844     53  17241.688    17252.590    17472.837
 70  WAG+F+I+G4    8565.118     54  17238.236    17249.572    17473.746
 91  JTT+G4        8588.730     34  17245.460    17249.835    17393.744
 92  JTT+I+G4      8587.339     35  17244.678    17249.319    17397.323
113  JTT+F+G4      8555.363     53  17216.725    17227.628    17447.874
114  JTT+F+I+G4    8553.832     54  17215.664    17227.000    17451.174
WARNING: Normalizing state frequencies so that sum of them equals to 1
135  Q.pfam+G4     8535.095     34  17138.189    17142.564    17286.473
WARNING: Normalizing state frequencies so that sum of them equals to 1
136  Q.pfam+I+G4   8534.966     35  17139.932    17144.573    17292.578
WARNING: Normalizing state frequencies so that sum of them equals to 1
157  Q.pfam+F+G4   8526.932     53  17159.864    17170.767    17391.013
WARNING: Normalizing state frequencies so that sum of them equals to 1
158  Q.pfam+F+I+G4 8526.823     54  17161.647    17172.983    17397.157
WARNING: Normalizing state frequencies so that sum of them equals to 1
179  Q.bird+G4     8729.697     34  17527.394    17531.769    17675.678
WARNING: Normalizing state frequencies so that sum of them equals to 1
180  Q.bird+I+G4   8729.887     35  17529.775    17534.415    17682.420
WARNING: Normalizing state frequencies so that sum of them equals to 1
201  Q.bird+F+G4   8687.809     53  17481.618    17492.521    17712.767
WARNING: Normalizing state frequencies so that sum of them equals to 1
202  Q.bird+F+I+G4 8688.024     54  17484.048    17495.383    17719.558
WARNING: Normalizing state frequencies so that sum of them equals to 1
223  Q.mammal+G4   8677.053     34  17422.107    17426.482    17570.391
WARNING: Normalizing state frequencies so that sum of them equals to 1
224  Q.mammal+I+G4 8677.452     35  17424.904    17429.545    17577.550
WARNING: Normalizing state frequencies so that sum of them equals to 1
245  Q.mammal+F+G4 8630.305     53  17366.609    17377.512    17597.758
WARNING: Normalizing state frequencies so that sum of them equals to 1
246  Q.mammal+F+I+G4 8630.718     54  17369.436    17380.771    17604.946
267  Q.insect+G4   8507.722     34  17083.445    17087.820    17231.729
268  Q.insect+I+G4 8508.071     35  17086.143    17090.784    17238.788
289  Q.insect+F+G4 8503.561     53  17113.122    17124.025    17344.271
290  Q.insect+F+I+G4 8503.648     54  17115.295    17126.631    17350.806
WARNING: Normalizing state frequencies so that sum of them equals to 1
311  Q.plant+G4    8590.743     34  17249.486    17253.861    17397.770
WARNING: Normalizing state frequencies so that sum of them equals to 1
312  Q.plant+I+G4  8590.968     35  17251.935    17256.576    17404.581
WARNING: Normalizing state frequencies so that sum of them equals to 1
333  Q.plant+F+G4  8581.128     53  17268.256    17279.159    17499.405
WARNING: Normalizing state frequencies so that sum of them equals to 1
334  Q.plant+F+I+G4 8580.995     54  17269.990    17281.326    17505.500
WARNING: Normalizing state frequencies so that sum of them equals to 1
355  Q.yeast+G4    8500.745     34  17069.490    17073.865    17217.774
WARNING: Normalizing state frequencies so that sum of them equals to 1
356  Q.yeast+I+G4  8500.692     35  17071.383    17076.024    17224.029
WARNING: Normalizing state frequencies so that sum of them equals to 1
377  Q.yeast+F+G4  8495.188     53  17096.376    17107.278    17327.525
WARNING: Normalizing state frequencies so that sum of them equals to 1
378  Q.yeast+F+I+G4 8494.970     54  17097.940    17109.276    17333.450
399  JTTDCMut+G4   8584.836     34  17237.673    17242.048    17385.957
400  JTTDCMut+I+G4 8583.421     35  17236.843    17241.484    17389.488
421  JTTDCMut+F+G4 8554.236     53  17214.473    17225.375    17445.622
422  JTTDCMut+F+I+G4 8552.717     54  17213.435    17224.770    17448.945
443  DCMut+G4      8626.712     34  17321.424    17325.799    17469.708
444  DCMut+I+G4    8624.829     35  17319.658    17324.298    17472.303
465  DCMut+F+G4    8595.248     53  17296.496    17307.399    17527.645
466  DCMut+F+I+G4  8593.741     54  17295.482    17306.818    17530.992
487  VT+G4         8572.697     34  17213.393    17217.768    17361.678
488  VT+I+G4       8570.147     35  17210.294    17214.935    17362.940
509  VT+F+G4       8568.079     53  17242.159    17253.062    17473.308
510  VT+F+I+G4     8565.453     54  17238.906    17250.242    17474.416
531  PMB+G4        8667.414     34  17402.828    17407.203    17551.112
532  PMB+I+G4      8665.087     35  17400.174    17404.815    17552.820
553  PMB+F+G4      8633.529     53  17373.058    17383.961    17604.207
554  PMB+F+I+G4    8631.022     54  17370.045    17381.381    17605.555
575  Blosum62+G4   8641.236     34  17350.472    17354.847    17498.756
576  Blosum62+I+G4 8638.778     35  17347.557    17352.198    17500.202
597  Blosum62+F+G4 8623.509     53  17353.018    17363.921    17584.167
598  Blosum62+F+I+G4 8620.811     54  17349.623    17360.959    17585.133
619  Dayhoff+G4    8626.024     34  17320.047    17324.422    17468.332
620  Dayhoff+I+G4  8624.180     35  17318.360    17323.001    17471.006
641  Dayhoff+F+G4  8594.863     53  17295.725    17306.628    17526.874
642  Dayhoff+F+I+G4 8593.369     54  17294.737    17306.073    17530.248
663  mtREV+G4      9056.502     34  18181.004    18185.379    18329.288
664  mtREV+I+G4    9057.375     35  18184.751    18189.392    18337.396
685  mtREV+F+G4    8630.617     53  17367.235    17378.137    17598.384
686  mtREV+F+I+G4  8631.166     54  17370.333    17381.669    17605.843
707  mtART+G4      9162.725     34  18393.451    18397.826    18541.735
708  mtART+I+G4    9163.792     35  18397.585    18402.226    18550.231
729  mtART+F+G4    8696.214     53  17498.427    17509.330    17729.576
730  mtART+F+I+G4  8697.243     54  17502.487    17513.822    17737.997
751  mtZOA+G4      8989.872     34  18047.744    18052.119    18196.028
752  mtZOA+I+G4    8990.933     35  18051.865    18056.506    18204.511
773  mtZOA+F+G4    8608.951     53  17323.902    17334.805    17555.051
774  mtZOA+F+I+G4  8609.763     54  17327.526    17338.862    17563.037
795  mtMet+G4      9075.594     34  18219.189    18223.564    18367.473
796  mtMet+I+G4    9076.724     35  18223.447    18228.088    18376.093
817  mtMet+F+G4    8619.845     53  17345.690    17356.593    17576.839
818  mtMet+F+I+G4  8620.639     54  17349.278    17360.614    17584.789
839  mtVer+G4      9117.587     34  18303.174    18307.549    18451.458
840  mtVer+I+G4    9118.707     35  18307.415    18312.056    18460.060
861  mtVer+F+G4    8706.097     53  17518.193    17529.096    17749.342
862  mtVer+F+I+G4  8707.018     54  17522.036    17533.372    17757.546
883  mtInv+G4      9145.660     34  18359.320    18363.695    18507.604
884  mtInv+I+G4    9146.722     35  18363.443    18368.084    18516.089
905  mtInv+F+G4    8584.831     53  17275.662    17286.565    17506.811
906  mtInv+F+I+G4  8585.199     54  17278.398    17289.734    17513.908
927  mtMAM+G4      9191.694     34  18451.388    18455.763    18599.673
928  mtMAM+I+G4    9192.402     35  18454.803    18459.444    18607.449
949  mtMAM+F+G4    8762.732     53  17631.464    17642.366    17862.613
950  mtMAM+F+I+G4  8763.782     54  17635.563    17646.899    17871.074
WARNING: Normalizing state frequencies so that sum of them equals to 1
971  FLAVI+G4      8928.265     34  17924.530    17928.905    18072.814
WARNING: Normalizing state frequencies so that sum of them equals to 1
972  FLAVI+I+G4    8929.021     35  17928.043    17932.684    18080.688
WARNING: Normalizing state frequencies so that sum of them equals to 1
993  FLAVI+F+G4    8821.379     53  17748.759    17759.662    17979.908
WARNING: Normalizing state frequencies so that sum of them equals to 1
994  FLAVI+F+I+G4  8820.964     54  17749.928    17761.263    17985.438
1015  HIVb+G4       8777.822     34  17623.643    17628.018    17771.927
1016  HIVb+I+G4     8775.705     35  17621.411    17626.052    17774.056
1037  HIVb+F+G4     8698.645     53  17503.291    17514.194    17734.440
1038  HIVb+F+I+G4   8696.977     54  17501.954    17513.290    17737.464
1059  HIVw+G4       9115.191     34  18298.383    18302.758    18446.667
1060  HIVw+I+G4     9110.745     35  18291.491    18296.131    18444.136
1081  HIVw+F+G4     8927.030     53  17960.060    17970.963    18191.209
1082  HIVw+F+I+G4   8922.862     54  17953.724    17965.060    18189.234
1103  FLU+G4        8764.008     34  17596.015    17600.390    17744.300
1104  FLU+I+G4      8762.964     35  17595.927    17600.568    17748.573
1125  FLU+F+G4      8700.127     53  17506.253    17517.156    17737.402
1126  FLU+F+I+G4    8699.191     54  17506.382    17517.718    17741.892
1147  rtREV+G4      8591.757     34  17251.514    17255.889    17399.798
1148  rtREV+I+G4    8591.047     35  17252.094    17256.735    17404.739
1169  rtREV+F+G4    8559.616     53  17225.233    17236.136    17456.382
1170  rtREV+F+I+G4  8559.137     54  17226.274    17237.610    17461.784
1191  cpREV+G4      8639.259     34  17346.518    17350.893    17494.802
1192  cpREV+I+G4    8636.049     35  17342.098    17346.739    17494.743
1213  cpREV+F+G4    8613.583     53  17333.166    17344.069    17564.315
1214  cpREV+F+I+G4  8610.490     54  17328.979    17340.315    17564.489
Akaike Information Criterion:           Q.yeast+G4
Corrected Akaike Information Criterion: Q.yeast+G4
Bayesian Information Criterion:         Q.yeast+G4
Best-fit model: Q.yeast+G4 chosen according to BIC
NOTE: 3.713 seconds to dump checkpoint file, increase to 75.000

All model information printed to FungalCW_tree_20231129/235640at4751.aa.mfa.model.gz
CPU time for ModelFinder: 61.798 seconds (0h:1m:1s)
Wall-clock time for ModelFinder: 34.931 seconds (0h:0m:34s)
Generating 1000 samples for ultrafast bootstrap (seed: 505953)...
WARNING: Normalizing state frequencies so that sum of them equals to 1

NOTE: 7 MB RAM (0 GB) is required!
Estimate model parameters (epsilon = 0.100)
1. Initial log-likelihood: -8500.745
Optimal log-likelihood: -8500.742
Gamma shape alpha: 0.754
Parameters optimization took 1 rounds (0.044 sec)
Wrote distance file to... 
Computing ML distances based on estimated model parameters...
Calculating distance matrix: done in 0.0258532 secs using 198.6% CPU
Computing ML distances took 0.026099 sec (of wall-clock time) 0.051684 sec (of CPU time)
Setting up auxiliary I and S matrices: done in 4.91142e-05 secs using 197.5% CPU
Constructing RapidNJ tree: done in 0.000156164 secs using 199.1% CPU
Computing RapidNJ tree took 0.000297 sec (of wall-clock time) 0.000595 sec (of CPU time)
Log-likelihood of RapidNJ tree: -8509.326
--------------------------------------------------------------------
|             INITIALIZING CANDIDATE TREE SET                      |
--------------------------------------------------------------------
Generating 98 parsimony trees... 0.271 second
Computing log-likelihood of 98 initial trees ... 1.600 seconds
Current best score: -8500.742

Do NNI search on 20 best initial trees
Optimizing NNI: done in 0.102738 secs using 198% CPU
Estimate model parameters (epsilon = 0.100)
BETTER TREE FOUND at iteration 1: -8499.538
Optimizing NNI: done in 0.17659 secs using 198.4% CPU
Optimizing NNI: done in 0.174271 secs using 197.7% CPU
Estimate model parameters (epsilon = 0.100)
BETTER TREE FOUND at iteration 3: -8497.555
Optimizing NNI: done in 0.200768 secs using 198% CPU
Optimizing NNI: done in 0.245095 secs using 198% CPU
Optimizing NNI: done in 0.161693 secs using 198.6% CPU
Optimizing NNI: done in 0.266548 secs using 198.2% CPU
Optimizing NNI: done in 0.201497 secs using 198.1% CPU
Optimizing NNI: done in 0.262502 secs using 198.2% CPU
Optimizing NNI: done in 0.170635 secs using 198% CPU
Iteration 10 / LogL: -8500.189 / Time: 0h:0m:4s
Optimizing NNI: done in 0.268287 secs using 198.2% CPU
Optimizing NNI: done in 0.185722 secs using 198% CPU
Optimizing NNI: done in 0.230939 secs using 198.1% CPU
Optimizing NNI: done in 0.208582 secs using 198.3% CPU
Optimizing NNI: done in 0.231086 secs using 198.2% CPU
Optimizing NNI: done in 0.151803 secs using 198.2% CPU
Optimizing NNI: done in 0.268623 secs using 198.1% CPU
Optimizing NNI: done in 0.306896 secs using 198.3% CPU
Optimizing NNI: done in 0.209079 secs using 198.4% CPU
Optimizing NNI: done in 0.249635 secs using 198.4% CPU
Iteration 20 / LogL: -8506.502 / Time: 0h:0m:7s
Finish initializing candidate tree set (4)
Current best tree score: -8497.555 / CPU time: 6.373
Number of iterations: 20
--------------------------------------------------------------------
|               OPTIMIZING CANDIDATE TREE SET                      |
--------------------------------------------------------------------
Optimizing NNI: done in 0.416274 secs using 198% CPU
Optimizing NNI: done in 0.224886 secs using 197.9% CPU
Optimizing NNI: done in 0.26007 secs using 198.1% CPU
Optimizing NNI: done in 0.149589 secs using 198.4% CPU
Optimizing NNI: done in 0.22816 secs using 198.1% CPU
Optimizing NNI: done in 0.33034 secs using 198.2% CPU
Optimizing NNI: done in 0.148702 secs using 198.7% CPU
Optimizing NNI: done in 0.265563 secs using 198.3% CPU
Optimizing NNI: done in 0.369889 secs using 198.1% CPU
Optimizing NNI: done in 0.143765 secs using 198.2% CPU
Iteration 30 / LogL: -8497.795 / Time: 0h:0m:9s (0h:0m:24s left)
Optimizing NNI: done in 0.26613 secs using 198.4% CPU
Optimizing NNI: done in 0.269447 secs using 198.1% CPU
Optimizing NNI: done in 0.328333 secs using 198.2% CPU
Optimizing NNI: done in 0.285883 secs using 198.3% CPU
Optimizing NNI: done in 0.339243 secs using 198.2% CPU
Optimizing NNI: done in 0.147727 secs using 198% CPU
Optimizing NNI: done in 0.279034 secs using 198.1% CPU
Optimizing NNI: done in 0.229049 secs using 198.1% CPU
Optimizing NNI: done in 0.328799 secs using 198.2% CPU
Optimizing NNI: done in 0.237955 secs using 198.4% CPU
Iteration 40 / LogL: -8506.360 / Time: 0h:0m:12s (0h:0m:20s left)
Optimizing NNI: done in 0.202454 secs using 198.3% CPU
Optimizing NNI: done in 0.265673 secs using 198.1% CPU
Optimizing NNI: done in 0.118108 secs using 198.5% CPU
Optimizing NNI: done in 0.220772 secs using 198% CPU
Optimizing NNI: done in 0.360745 secs using 198.2% CPU
Optimizing NNI: done in 0.255173 secs using 198.1% CPU
Optimizing NNI: done in 0.145686 secs using 198.1% CPU
Optimizing NNI: done in 0.218173 secs using 198.5% CPU
Optimizing NNI: done in 0.242686 secs using 198.2% CPU
Optimizing NNI: done in 0.306889 secs using 198.2% CPU
Iteration 50 / LogL: -8501.631 / Time: 0h:0m:14s (0h:0m:16s left)
Log-likelihood cutoff on original alignment: -8526.625
Optimizing NNI: done in 0.276692 secs using 198.1% CPU
Optimizing NNI: done in 0.243629 secs using 197.7% CPU
Optimizing NNI: done in 0.254773 secs using 197.8% CPU
Optimizing NNI: done in 0.331612 secs using 198% CPU
Optimizing NNI: done in 0.371552 secs using 198.4% CPU
Optimizing NNI: done in 0.190501 secs using 198.3% CPU
Optimizing NNI: done in 0.26783 secs using 198.3% CPU
Optimizing NNI: done in 0.189466 secs using 198% CPU
Optimizing NNI: done in 0.287691 secs using 198.3% CPU
Optimizing NNI: done in 0.236715 secs using 198.3% CPU
Iteration 60 / LogL: -8506.379 / Time: 0h:0m:17s (0h:0m:12s left)
Optimizing NNI: done in 0.257827 secs using 198.1% CPU
Optimizing NNI: done in 0.227356 secs using 198.3% CPU
Optimizing NNI: done in 0.307389 secs using 198.1% CPU
Optimizing NNI: done in 0.18231 secs using 198.4% CPU
Optimizing NNI: done in 0.2131 secs using 197.8% CPU
Optimizing NNI: done in 0.25193 secs using 198% CPU
Optimizing NNI: done in 0.393869 secs using 198.1% CPU
Optimizing NNI: done in 0.257411 secs using 197.1% CPU
Optimizing NNI: done in 0.33605 secs using 196.8% CPU
Optimizing NNI: done in 0.291857 secs using 197.9% CPU
Iteration 70 / LogL: -8497.586 / Time: 0h:0m:20s (0h:0m:9s left)
Optimizing NNI: done in 0.308188 secs using 197.9% CPU
Optimizing NNI: done in 0.312155 secs using 198% CPU
Optimizing NNI: done in 0.184103 secs using 198.2% CPU
Optimizing NNI: done in 0.22187 secs using 198.3% CPU
Optimizing NNI: done in 0.257852 secs using 197% CPU
Optimizing NNI: done in 0.241778 secs using 197% CPU
Optimizing NNI: done in 0.218685 secs using 197.4% CPU
Optimizing NNI: done in 0.200696 secs using 197.5% CPU
Optimizing NNI: done in 0.23778 secs using 197.7% CPU
Optimizing NNI: done in 0.233228 secs using 197.4% CPU
Iteration 80 / LogL: -8501.945 / Time: 0h:0m:22s (0h:0m:6s left)
Optimizing NNI: done in 0.253448 secs using 197.7% CPU
Optimizing NNI: done in 0.214608 secs using 197.1% CPU
Optimizing NNI: done in 0.203462 secs using 198.2% CPU
Optimizing NNI: done in 0.294532 secs using 197.7% CPU
Optimizing NNI: done in 0.206976 secs using 198.2% CPU
Optimizing NNI: done in 0.289097 secs using 198% CPU
Optimizing NNI: done in 0.266498 secs using 198.4% CPU
Optimizing NNI: done in 0.305207 secs using 197.4% CPU
Optimizing NNI: done in 0.250082 secs using 197.9% CPU
Optimizing NNI: done in 0.177827 secs using 197.9% CPU
Iteration 90 / LogL: -8497.602 / Time: 0h:0m:25s (0h:0m:3s left)
Optimizing NNI: done in 0.325587 secs using 197.7% CPU
Optimizing NNI: done in 0.278168 secs using 198.1% CPU
Optimizing NNI: done in 0.207363 secs using 198% CPU
Optimizing NNI: done in 0.218225 secs using 197.8% CPU
Optimizing NNI: done in 0.151621 secs using 197.9% CPU
Optimizing NNI: done in 0.153714 secs using 197.8% CPU
Optimizing NNI: done in 0.292819 secs using 197.9% CPU
Optimizing NNI: done in 0.180987 secs using 198% CPU
Optimizing NNI: done in 0.265839 secs using 197.9% CPU
Optimizing NNI: done in 0.282189 secs using 197.5% CPU
Iteration 100 / LogL: -8497.935 / Time: 0h:0m:28s (0h:0m:0s left)
Log-likelihood cutoff on original alignment: -8526.906
NOTE: Bootstrap correlation coefficient of split occurrence frequencies: 0.999
Optimizing NNI: done in 0.39608 secs using 197.4% CPU
Optimizing NNI: done in 0.254643 secs using 197.5% CPU
Optimizing NNI: done in 0.189711 secs using 197.9% CPU
Optimizing NNI: done in 0.267337 secs using 197.6% CPU
TREE SEARCH COMPLETED AFTER 104 ITERATIONS / Time: 0h:0m:29s

--------------------------------------------------------------------
|                    FINALIZING TREE SEARCH                        |
--------------------------------------------------------------------
Performs final model parameters optimization
Estimate model parameters (epsilon = 0.010)
1. Initial log-likelihood: -8497.555
Optimal log-likelihood: -8497.555
Gamma shape alpha: 0.759
Parameters optimization took 1 rounds (0.048 sec)
BEST SCORE FOUND : -8497.555

Testing tree branches by SH-like aLRT with 1000 replicates...
0.205 sec.
Creating bootstrap support values...
Split supports printed to NEXUS file FungalCW_tree_20231129/235640at4751.aa.mfa.splits.nex
Total tree length: 6.504

Total number of iterations: 104
CPU time used for tree search: 56.396 sec (0h:0m:56s)
Wall-clock time used for tree search: 28.562 sec (0h:0m:28s)
Total CPU time used: 57.709 sec (0h:0m:57s)
Total wall-clock time used: 29.539 sec (0h:0m:29s)

Computing bootstrap consensus tree...
Reading input file FungalCW_tree_20231129/235640at4751.aa.mfa.splits.nex...
18 taxa and 99 splits.
Consensus tree written to FungalCW_tree_20231129/235640at4751.aa.mfa.contree
Reading input trees file FungalCW_tree_20231129/235640at4751.aa.mfa.contree
Log-likelihood of consensus tree: -8497.555

Analysis results written to: 
  IQ-TREE report:                FungalCW_tree_20231129/235640at4751.aa.mfa.iqtree
  Maximum-likelihood tree:       FungalCW_tree_20231129/235640at4751.aa.mfa.treefile
  Likelihood distances:          FungalCW_tree_20231129/235640at4751.aa.mfa.mldist

Ultrafast bootstrap approximation results written to:
  Split support values:          FungalCW_tree_20231129/235640at4751.aa.mfa.splits.nex
  Consensus tree:                FungalCW_tree_20231129/235640at4751.aa.mfa.contree
  Screen log file:               FungalCW_tree_20231129/235640at4751.aa.mfa.log

Date and Time: Wed Nov 29 01:35:44 2023
