IQ-TREE multicore version 2.2.2.6 COVID-edition for Linux 64-bit built May 27 2023
Developed by Bui Quang Minh, James Barbetti, Nguyen Lam Tung,
Olga Chernomor, Heiko Schmidt, Dominik Schrempf, Michael Woodhams, Ly Trong Nhan.

Host:    r11 (AVX2, FMA3, 503 GB RAM)
Command: iqtree2 -s FungalCW_tree_20231129/244066at4751.aa.mfa -gz -B 1000 -alrt 1000 -nt 2
Seed:    960720 (Using SPRNG - Scalable Parallel Random Number Generator)
Time:    Wed Nov 29 01:34:41 2023
Kernel:  AVX+FMA - 2 threads (2 CPU cores detected)

Reading alignment file FungalCW_tree_20231129/244066at4751.aa.mfa ... Fasta format detected
Reading fasta file: done in 0.000298977 secs using 93.99% CPU
Alignment most likely contains protein sequences
Constructing alignment: done in 0.000745058 secs using 102.8% CPU
Alignment has 15 sequences with 566 columns, 465 distinct patterns
271 parsimony-informative, 160 singleton sites, 135 constant sites
                                                               Gap/Ambiguity  Composition  p-value
Analyzing sequences: done in 3.98159e-05 secs using 65.3% CPU
   1  Basidiobolus_meristosporus_CBS_931.73.Basme2finSC.v1            21.38%    passed     92.68%
   2  Botrytis_cinerea_T4                                             20.67%    passed     95.79%
   3  Colletotrichum_graminicola_M1.001                               20.67%    passed     98.31%
   4  Colletotrichum_higginsianum_IMI_349063                          20.67%    passed     96.57%
   5  Fusarium_graminearum_PH-1                                       22.61%    passed     90.54%
   6  Fusarium_verticillioides_7600                                   21.38%    passed     96.14%
   7  Gilbertella_persicaria_var_persicaria_CBS_190.32-T.Gilper1.v1   19.61%    passed     57.79%
   8  Mortierella_elongata_AG-77                                      17.84%    passed     77.48%
   9  Mucor_mucedo_NRRL_3635                                          19.61%    passed     69.60%
  10  Phycomyces_blakesleeanus_NRRL_1555.Phybl2.v2                    21.20%    passed     99.09%
  11  Rhizopus_stolonifer_NRRL_66455                                  22.61%    passed     98.53%
  12  Trichoderma_harzianum_CBS_226.95                                21.20%    passed     91.98%
  13  Umbelopsis_ramanniana_NRRL_5844.Umbra1.v1                       19.61%    passed     89.86%
  14  Ustilago_maydis                                                 22.97%    passed     11.44%
  15  Zymoseptoria_tritici_IP0323                                     20.14%    passed     57.39%
****  TOTAL                                                           20.81%  0 sequences failed composition chi2 test (p-value<5%; df=19)
Checking for duplicate sequences: done in 5.31673e-05 secs


Create initial parsimony tree by phylogenetic likelihood library (PLL)... 0.001 seconds
Perform fast likelihood tree search using LG+I+G model...
Estimate model parameters (epsilon = 5.000)
Perform nearest neighbor interchange...
Optimizing NNI: done in 0.100942 secs using 197.6% CPU
Estimate model parameters (epsilon = 1.000)
1. Initial log-likelihood: -8643.773
Optimal log-likelihood: -8643.739
Proportion of invariable sites: 0.110
Gamma shape alpha: 0.782
Parameters optimization took 1 rounds (0.036 sec)
Time for fast ML tree search: 0.271 seconds

NOTE: ModelFinder requires 13 MB RAM!
ModelFinder will test up to 1232 protein models (sample size: 566) ...
 No. Model         -LnL         df  AIC          AICc         BIC
  1  LG            9147.367     27  18348.733    18351.544    18465.875
  2  LG+I          8881.051     28  17818.102    17821.126    17939.582
  3  LG+G4         8645.874     28  17347.747    17350.772    17469.228
  4  LG+I+G4       8643.739     29  17345.478    17348.724    17471.297
  5  LG+R2         8695.614     29  17449.229    17452.475    17575.048
  6  LG+R3         8646.034     31  17354.068    17357.784    17488.565
  7  LG+R4         8639.239     33  17344.479    17348.697    17487.653
  8  LG+R5         8638.027     35  17346.055    17350.810    17497.906
 14  LG+I+R2       8667.897     30  17395.794    17399.271    17525.952
 15  LG+I+R3       8642.897     32  17349.794    17353.756    17488.629
 16  LG+I+R4       8637.135     34  17342.270    17346.752    17489.782
 25  LG+F+G4       8618.094     47  17330.189    17338.899    17534.103
 26  LG+F+I+G4     8616.261     48  17328.522    17337.621    17536.775
 47  WAG+G4        8629.403     28  17314.805    17317.829    17436.286
 48  WAG+I+G4      8625.386     29  17308.772    17312.018    17434.591
 69  WAG+F+G4      8591.863     47  17277.725    17286.435    17481.639
 70  WAG+F+I+G4    8588.424     48  17272.848    17281.947    17481.101
 91  JTT+G4        8716.149     28  17488.297    17491.321    17609.778
 92  JTT+I+G4      8713.134     29  17484.269    17487.515    17610.088
113  JTT+F+G4      8667.266     47  17428.531    17437.242    17632.445
114  JTT+F+I+G4    8664.330     48  17424.661    17433.759    17632.913
WARNING: Normalizing state frequencies so that sum of them equals to 1
135  Q.pfam+G4     8636.068     28  17328.137    17331.161    17449.617
WARNING: Normalizing state frequencies so that sum of them equals to 1
136  Q.pfam+I+G4   8633.332     29  17324.665    17327.911    17450.484
WARNING: Normalizing state frequencies so that sum of them equals to 1
157  Q.pfam+F+G4   8616.455     47  17326.911    17335.621    17530.825
WARNING: Normalizing state frequencies so that sum of them equals to 1
158  Q.pfam+F+I+G4 8613.881     48  17323.763    17332.861    17532.015
WARNING: Normalizing state frequencies so that sum of them equals to 1
179  Q.bird+G4     8869.555     28  17795.110    17798.134    17916.590
WARNING: Normalizing state frequencies so that sum of them equals to 1
180  Q.bird+I+G4   8866.023     29  17790.046    17793.292    17915.865
WARNING: Normalizing state frequencies so that sum of them equals to 1
201  Q.bird+F+G4   8824.428     47  17742.855    17751.566    17946.769
WARNING: Normalizing state frequencies so that sum of them equals to 1
202  Q.bird+F+I+G4 8819.779     48  17735.557    17744.656    17943.810
WARNING: Normalizing state frequencies so that sum of them equals to 1
223  Q.mammal+G4   8810.730     28  17677.460    17680.484    17798.941
WARNING: Normalizing state frequencies so that sum of them equals to 1
224  Q.mammal+I+G4 8807.928     29  17673.857    17677.103    17799.676
WARNING: Normalizing state frequencies so that sum of them equals to 1
245  Q.mammal+F+G4 8768.141     47  17630.283    17638.993    17834.197
WARNING: Normalizing state frequencies so that sum of them equals to 1
246  Q.mammal+F+I+G4 8764.676     48  17625.353    17634.451    17833.605
267  Q.insect+G4   8679.673     28  17415.346    17418.370    17536.827
268  Q.insect+I+G4 8677.446     29  17412.892    17416.139    17538.712
289  Q.insect+F+G4 8661.705     47  17417.411    17426.121    17621.325
290  Q.insect+F+I+G4 8660.040     48  17416.080    17425.178    17624.332
WARNING: Normalizing state frequencies so that sum of them equals to 1
311  Q.plant+G4    8741.907     28  17539.814    17542.838    17661.295
WARNING: Normalizing state frequencies so that sum of them equals to 1
312  Q.plant+I+G4  8738.634     29  17535.269    17538.515    17661.088
WARNING: Normalizing state frequencies so that sum of them equals to 1
333  Q.plant+F+G4  8719.731     47  17533.462    17542.172    17737.375
WARNING: Normalizing state frequencies so that sum of them equals to 1
334  Q.plant+F+I+G4 8716.674     48  17529.348    17538.447    17737.601
WARNING: Normalizing state frequencies so that sum of them equals to 1
355  Q.yeast+G4    8661.428     28  17378.857    17381.881    17500.337
WARNING: Normalizing state frequencies so that sum of them equals to 1
356  Q.yeast+I+G4  8659.154     29  17376.308    17379.554    17502.127
WARNING: Normalizing state frequencies so that sum of them equals to 1
377  Q.yeast+F+G4  8644.669     47  17383.339    17392.049    17587.253
WARNING: Normalizing state frequencies so that sum of them equals to 1
378  Q.yeast+F+I+G4 8643.124     48  17382.249    17391.347    17590.501
399  JTTDCMut+G4   8712.927     28  17481.854    17484.879    17603.335
400  JTTDCMut+I+G4 8709.914     29  17477.828    17481.074    17603.647
421  JTTDCMut+F+G4 8664.760     47  17423.520    17432.230    17627.434
422  JTTDCMut+F+I+G4 8661.853     48  17419.706    17428.805    17627.959
443  DCMut+G4      8719.009     28  17494.017    17497.041    17615.498
444  DCMut+I+G4    8716.012     29  17490.025    17493.271    17615.844
465  DCMut+F+G4    8668.806     47  17431.613    17440.323    17635.527
466  DCMut+F+I+G4  8666.266     48  17428.533    17437.631    17636.785
487  VT+G4         8646.956     28  17349.912    17352.937    17471.393
488  VT+I+G4       8642.600     29  17343.200    17346.446    17469.019
509  VT+F+G4       8613.436     47  17320.872    17329.582    17524.786
510  VT+F+I+G4     8609.661     48  17315.321    17324.420    17523.574
531  PMB+G4        8715.757     28  17487.513    17490.537    17608.994
532  PMB+I+G4      8711.353     29  17480.706    17483.952    17606.525
553  PMB+F+G4      8627.918     47  17349.836    17358.547    17553.750
554  PMB+F+I+G4    8624.266     48  17344.532    17353.630    17552.784
575  Blosum62+G4   8704.738     28  17465.477    17468.501    17586.957
576  Blosum62+I+G4 8700.587     29  17459.174    17462.421    17584.994
597  Blosum62+F+G4 8628.430     47  17350.860    17359.570    17554.774
598  Blosum62+F+I+G4 8625.151     48  17346.303    17355.401    17554.555
619  Dayhoff+G4    8719.180     28  17494.361    17497.385    17615.841
620  Dayhoff+I+G4  8716.211     29  17490.422    17493.668    17616.241
641  Dayhoff+F+G4  8669.098     47  17432.196    17440.907    17636.110
642  Dayhoff+F+I+G4 8666.576     48  17429.152    17438.250    17637.404
663  mtREV+G4      9181.629     28  18419.258    18422.282    18540.738
664  mtREV+I+G4    9178.072     29  18414.145    18417.391    18539.964
685  mtREV+F+G4    8732.114     47  17558.227    17566.938    17762.141
686  mtREV+F+I+G4  8729.676     48  17555.353    17564.452    17763.605
707  mtART+G4      9301.566     28  18659.132    18662.156    18780.612
708  mtART+I+G4    9295.121     29  18648.242    18651.488    18774.061
729  mtART+F+G4    8814.006     47  17722.012    17730.722    17925.926
730  mtART+F+I+G4  8812.478     48  17720.957    17730.055    17929.209
751  mtZOA+G4      9138.703     28  18333.406    18336.430    18454.886
752  mtZOA+I+G4    9133.949     29  18325.898    18329.145    18451.718
773  mtZOA+F+G4    8754.581     47  17603.161    17611.871    17807.075
774  mtZOA+F+I+G4  8755.022     48  17606.043    17615.142    17814.296
795  mtMet+G4      9262.492     28  18580.984    18584.008    18702.465
796  mtMet+I+G4    9258.372     29  18574.743    18577.989    18700.562
817  mtMet+F+G4    8765.449     47  17624.897    17633.608    17828.811
818  mtMet+F+I+G4  8763.985     48  17623.971    17633.069    17832.223
839  mtVer+G4      9288.832     28  18633.663    18636.688    18755.144
840  mtVer+I+G4    9284.797     29  18627.594    18630.841    18753.414
861  mtVer+F+G4    8844.624     47  17783.248    17791.959    17987.162
862  mtVer+F+I+G4  8842.006     48  17780.011    17789.110    17988.264
883  mtInv+G4      9330.387     28  18716.775    18719.799    18838.255
884  mtInv+I+G4    9326.436     29  18710.872    18714.118    18836.691
905  mtInv+F+G4    8715.104     47  17524.209    17532.919    17728.122
906  mtInv+F+I+G4  8715.168     48  17526.337    17535.436    17734.589
927  mtMAM+G4      9378.544     28  18813.089    18816.113    18934.569
928  mtMAM+I+G4    9374.153     29  18806.306    18809.552    18932.125
949  mtMAM+F+G4    8898.115     47  17890.231    17898.941    18094.145
950  mtMAM+F+I+G4  8895.202     48  17886.404    17895.503    18094.657
WARNING: Normalizing state frequencies so that sum of them equals to 1
971  FLAVI+G4      9054.054     28  18164.108    18167.132    18285.589
WARNING: Normalizing state frequencies so that sum of them equals to 1
972  FLAVI+I+G4    9048.144     29  18154.288    18157.534    18280.107
WARNING: Normalizing state frequencies so that sum of them equals to 1
993  FLAVI+F+G4    8914.803     47  17923.605    17932.316    18127.519
WARNING: Normalizing state frequencies so that sum of them equals to 1
994  FLAVI+F+I+G4  8908.266     48  17912.532    17921.631    18120.784
1015  HIVb+G4       8945.324     28  17946.648    17949.672    18068.129
1016  HIVb+I+G4     8940.719     29  17939.437    17942.684    18065.257
1037  HIVb+F+G4     8821.924     47  17737.848    17746.559    17941.762
1038  HIVb+F+I+G4   8816.558     48  17729.116    17738.215    17937.369
1059  HIVw+G4       9250.990     28  18557.980    18561.004    18679.460
1060  HIVw+I+G4     9248.006     29  18554.012    18557.258    18679.831
1081  HIVw+F+G4     8954.520     47  18003.040    18011.750    18206.954
1082  HIVw+F+I+G4   8950.125     48  17996.251    18005.349    18204.503
1103  FLU+G4        8884.002     28  17824.004    17827.028    17945.485
1104  FLU+I+G4      8881.470     29  17820.940    17824.186    17946.759
1125  FLU+F+G4      8729.195     47  17552.391    17561.101    17756.305
1126  FLU+F+I+G4    8725.823     48  17547.646    17556.744    17755.898
1147  rtREV+G4      8699.058     28  17454.115    17457.139    17575.596
1148  rtREV+I+G4    8696.904     29  17451.807    17455.053    17577.626
1169  rtREV+F+G4    8605.688     47  17305.376    17314.086    17509.290
1170  rtREV+F+I+G4  8603.798     48  17303.597    17312.696    17511.849
1191  cpREV+G4      8719.693     28  17495.386    17498.410    17616.867
1192  cpREV+I+G4    8716.447     29  17490.895    17494.141    17616.714
1213  cpREV+F+G4    8635.882     47  17365.763    17374.474    17569.677
1214  cpREV+F+I+G4  8633.224     48  17362.448    17371.546    17570.700
Akaike Information Criterion:           WAG+F+I+G4
Corrected Akaike Information Criterion: WAG+F+I+G4
Bayesian Information Criterion:         WAG+I+G4
Best-fit model: WAG+I+G4 chosen according to BIC

All model information printed to FungalCW_tree_20231129/244066at4751.aa.mfa.model.gz
CPU time for ModelFinder: 58.533 seconds (0h:0m:58s)
Wall-clock time for ModelFinder: 33.562 seconds (0h:0m:33s)
Generating 1000 samples for ultrafast bootstrap (seed: 960720)...

NOTE: 6 MB RAM (0 GB) is required!
Estimate model parameters (epsilon = 0.100)
Thoroughly optimizing +I+G parameters from 10 start values...
Init pinv, alpha: 0.000, 0.968 / Estimate: 0.000, 0.639 / LogL: -8629.402
Init pinv, alpha: 0.027, 0.968 / Estimate: 0.032, 0.703 / LogL: -8628.138
Init pinv, alpha: 0.053, 0.968 / Estimate: 0.103, 0.909 / LogL: -8625.677
Init pinv, alpha: 0.080, 0.968 / Estimate: 0.104, 0.912 / LogL: -8625.658
Init pinv, alpha: 0.106, 0.968 / Estimate: 0.113, 0.946 / LogL: -8625.473
Init pinv, alpha: 0.133, 0.968 / Estimate: 0.132, 1.026 / LogL: -8625.292
Init pinv, alpha: 0.159, 0.968 / Estimate: 0.142, 1.072 / LogL: -8625.367
Init pinv, alpha: 0.186, 0.968 / Estimate: 0.144, 1.079 / LogL: -8625.388
Init pinv, alpha: 0.212, 0.968 / Estimate: 0.142, 1.073 / LogL: -8625.367
Init pinv, alpha: 0.239, 0.968 / Estimate: 0.144, 1.078 / LogL: -8625.383
Optimal pinv,alpha: 0.132, 1.026 / LogL: -8625.292

Parameters optimization took 2.393 sec
Wrote distance file to... 
Computing ML distances based on estimated model parameters...
Calculating distance matrix: done in 0.019182 secs using 199.2% CPU
Computing ML distances took 0.019434 sec (of wall-clock time) 0.038589 sec (of CPU time)
Setting up auxiliary I and S matrices: done in 3.79086e-05 secs using 192.6% CPU
Constructing RapidNJ tree: done in 0.000209093 secs using 199.4% CPU
Computing RapidNJ tree took 0.000328 sec (of wall-clock time) 0.000656 sec (of CPU time)
Log-likelihood of RapidNJ tree: -8649.167
--------------------------------------------------------------------
|             INITIALIZING CANDIDATE TREE SET                      |
--------------------------------------------------------------------
Generating 98 parsimony trees... 0.215 second
Computing log-likelihood of 97 initial trees ... 1.158 seconds
Current best score: -8625.292

Do NNI search on 20 best initial trees
Optimizing NNI: done in 0.0513511 secs using 197.5% CPU
Estimate model parameters (epsilon = 0.100)
BETTER TREE FOUND at iteration 1: -8625.292
Optimizing NNI: done in 0.1045 secs using 198.1% CPU
Optimizing NNI: done in 0.121421 secs using 198.4% CPU
Optimizing NNI: done in 0.181526 secs using 198.1% CPU
Optimizing NNI: done in 0.202638 secs using 197.9% CPU
Optimizing NNI: done in 0.108943 secs using 198% CPU
Optimizing NNI: done in 0.137389 secs using 198.1% CPU
Optimizing NNI: done in 0.162745 secs using 197% CPU
Optimizing NNI: done in 0.0993299 secs using 198% CPU
Optimizing NNI: done in 0.139524 secs using 197.2% CPU
Iteration 10 / LogL: -8625.714 / Time: 0h:0m:5s
Optimizing NNI: done in 0.15853 secs using 198.1% CPU
Optimizing NNI: done in 0.14877 secs using 198.5% CPU
Optimizing NNI: done in 0.143303 secs using 198% CPU
Optimizing NNI: done in 0.204795 secs using 198.1% CPU
Optimizing NNI: done in 0.149921 secs using 197.4% CPU
Optimizing NNI: done in 0.170541 secs using 198.5% CPU
Optimizing NNI: done in 0.178918 secs using 198.1% CPU
Optimizing NNI: done in 0.127608 secs using 198.1% CPU
Optimizing NNI: done in 0.100639 secs using 198.1% CPU
Optimizing NNI: done in 0.147873 secs using 198% CPU
Iteration 20 / LogL: -8625.512 / Time: 0h:0m:6s
Finish initializing candidate tree set (1)
Current best tree score: -8625.292 / CPU time: 4.321
Number of iterations: 20
--------------------------------------------------------------------
|               OPTIMIZING CANDIDATE TREE SET                      |
--------------------------------------------------------------------
Optimizing NNI: done in 0.195451 secs using 198.2% CPU
Optimizing NNI: done in 0.222905 secs using 198.1% CPU
Optimizing NNI: done in 0.200969 secs using 197.1% CPU
Optimizing NNI: done in 0.149174 secs using 198.5% CPU
Optimizing NNI: done in 0.280733 secs using 197.2% CPU
Optimizing NNI: done in 0.182647 secs using 198.3% CPU
Optimizing NNI: done in 0.101892 secs using 198% CPU
Optimizing NNI: done in 0.102194 secs using 199% CPU
Optimizing NNI: done in 0.227597 secs using 198.2% CPU
Optimizing NNI: done in 0.195489 secs using 197.8% CPU
Iteration 30 / LogL: -8625.693 / Time: 0h:0m:8s (0h:0m:21s left)
Optimizing NNI: done in 0.144676 secs using 198.7% CPU
Optimizing NNI: done in 0.128136 secs using 198.6% CPU
Optimizing NNI: done in 0.156259 secs using 198.2% CPU
Optimizing NNI: done in 0.165224 secs using 198.5% CPU
Optimizing NNI: done in 0.12204 secs using 198.8% CPU
Optimizing NNI: done in 0.231314 secs using 198.5% CPU
Optimizing NNI: done in 0.135127 secs using 198.1% CPU
Optimizing NNI: done in 0.20315 secs using 198.3% CPU
Optimizing NNI: done in 0.10225 secs using 197.6% CPU
Optimizing NNI: done in 0.193009 secs using 197.8% CPU
Iteration 40 / LogL: -8625.412 / Time: 0h:0m:10s (0h:0m:16s left)
Optimizing NNI: done in 0.124026 secs using 198.4% CPU
Optimizing NNI: done in 0.137429 secs using 198.3% CPU
Optimizing NNI: done in 0.110635 secs using 197.8% CPU
Optimizing NNI: done in 0.140841 secs using 197.4% CPU
Optimizing NNI: done in 0.169528 secs using 197.9% CPU
Optimizing NNI: done in 0.164819 secs using 197.7% CPU
Optimizing NNI: done in 0.177389 secs using 198.2% CPU
Optimizing NNI: done in 0.227776 secs using 197.6% CPU
Optimizing NNI: done in 0.143721 secs using 198.4% CPU
Optimizing NNI: done in 0.092217 secs using 198.9% CPU
Iteration 50 / LogL: -8625.432 / Time: 0h:0m:12s (0h:0m:12s left)
Log-likelihood cutoff on original alignment: -8667.567
Optimizing NNI: done in 0.184029 secs using 198% CPU
Optimizing NNI: done in 0.133181 secs using 197.6% CPU
Optimizing NNI: done in 0.296113 secs using 198% CPU
Optimizing NNI: done in 0.179853 secs using 198.5% CPU
Optimizing NNI: done in 0.248912 secs using 198.5% CPU
Optimizing NNI: done in 0.159837 secs using 198.6% CPU
Optimizing NNI: done in 0.208354 secs using 198.6% CPU
Optimizing NNI: done in 0.192784 secs using 198.2% CPU
Optimizing NNI: done in 0.140913 secs using 197.5% CPU
Optimizing NNI: done in 0.14465 secs using 198.5% CPU
Iteration 60 / LogL: -8625.361 / Time: 0h:0m:14s (0h:0m:9s left)
Optimizing NNI: done in 0.111843 secs using 198.8% CPU
Optimizing NNI: done in 0.167112 secs using 198.5% CPU
Optimizing NNI: done in 0.106357 secs using 198.2% CPU
Optimizing NNI: done in 0.198329 secs using 198% CPU
Optimizing NNI: done in 0.18063 secs using 198.1% CPU
Optimizing NNI: done in 0.162874 secs using 198.3% CPU
Optimizing NNI: done in 0.132093 secs using 198.5% CPU
Optimizing NNI: done in 0.193954 secs using 198.3% CPU
Optimizing NNI: done in 0.132794 secs using 198.1% CPU
Optimizing NNI: done in 0.13026 secs using 197.2% CPU
Iteration 70 / LogL: -8625.556 / Time: 0h:0m:15s (0h:0m:7s left)
Optimizing NNI: done in 0.153967 secs using 198.6% CPU
Optimizing NNI: done in 0.170971 secs using 198.7% CPU
Optimizing NNI: done in 0.137009 secs using 198% CPU
Optimizing NNI: done in 0.128852 secs using 198% CPU
Optimizing NNI: done in 0.237533 secs using 197.9% CPU
Optimizing NNI: done in 0.137267 secs using 198.6% CPU
Optimizing NNI: done in 0.141057 secs using 197.9% CPU
Optimizing NNI: done in 0.170527 secs using 198.2% CPU
Optimizing NNI: done in 0.136479 secs using 198.6% CPU
Optimizing NNI: done in 0.161413 secs using 197.2% CPU
Iteration 80 / LogL: -8625.407 / Time: 0h:0m:17s (0h:0m:4s left)
Optimizing NNI: done in 0.0928659 secs using 198.1% CPU
Optimizing NNI: done in 0.159337 secs using 198.5% CPU
Optimizing NNI: done in 0.149314 secs using 192.9% CPU
Optimizing NNI: done in 0.102583 secs using 198% CPU
Optimizing NNI: done in 0.143076 secs using 198.2% CPU
Optimizing NNI: done in 0.134397 secs using 197.7% CPU
Optimizing NNI: done in 0.0998821 secs using 198.8% CPU
Optimizing NNI: done in 0.21762 secs using 198% CPU
Optimizing NNI: done in 0.175382 secs using 198.3% CPU
Optimizing NNI: done in 0.222111 secs using 197.9% CPU
Iteration 90 / LogL: -8625.720 / Time: 0h:0m:18s (0h:0m:2s left)
Optimizing NNI: done in 0.171043 secs using 197.7% CPU
Optimizing NNI: done in 0.197909 secs using 197.6% CPU
Optimizing NNI: done in 0.184546 secs using 198.1% CPU
Optimizing NNI: done in 0.175028 secs using 197.5% CPU
Optimizing NNI: done in 0.166258 secs using 196.9% CPU
Optimizing NNI: done in 0.109898 secs using 197.4% CPU
Optimizing NNI: done in 0.157033 secs using 198.2% CPU
Optimizing NNI: done in 0.23428 secs using 198.4% CPU
Optimizing NNI: done in 0.148738 secs using 198% CPU
Optimizing NNI: done in 0.195235 secs using 197.8% CPU
Iteration 100 / LogL: -8625.735 / Time: 0h:0m:20s (0h:0m:0s left)
Log-likelihood cutoff on original alignment: -8663.917
NOTE: Bootstrap correlation coefficient of split occurrence frequencies: 1.000
Optimizing NNI: done in 0.135625 secs using 197.2% CPU
Optimizing NNI: done in 0.138216 secs using 198.2% CPU
TREE SEARCH COMPLETED AFTER 102 ITERATIONS / Time: 0h:0m:21s

--------------------------------------------------------------------
|                    FINALIZING TREE SEARCH                        |
--------------------------------------------------------------------
Performs final model parameters optimization
Estimate model parameters (epsilon = 0.010)
1. Initial log-likelihood: -8625.292
Optimal log-likelihood: -8625.292
Proportion of invariable sites: 0.132
Gamma shape alpha: 1.026
Parameters optimization took 1 rounds (0.039 sec)
BEST SCORE FOUND : -8625.292

Testing tree branches by SH-like aLRT with 1000 replicates...
0.151 sec.
Creating bootstrap support values...
Split supports printed to NEXUS file FungalCW_tree_20231129/244066at4751.aa.mfa.splits.nex
Total tree length: 6.588

Total number of iterations: 102
CPU time used for tree search: 36.456 sec (0h:0m:36s)
Wall-clock time used for tree search: 18.483 sec (0h:0m:18s)
Total CPU time used: 41.994 sec (0h:0m:41s)
Total wall-clock time used: 21.329 sec (0h:0m:21s)

Computing bootstrap consensus tree...
Reading input file FungalCW_tree_20231129/244066at4751.aa.mfa.splits.nex...
15 taxa and 62 splits.
Consensus tree written to FungalCW_tree_20231129/244066at4751.aa.mfa.contree
Reading input trees file FungalCW_tree_20231129/244066at4751.aa.mfa.contree
Log-likelihood of consensus tree: -8625.293

Analysis results written to: 
  IQ-TREE report:                FungalCW_tree_20231129/244066at4751.aa.mfa.iqtree
  Maximum-likelihood tree:       FungalCW_tree_20231129/244066at4751.aa.mfa.treefile
  Likelihood distances:          FungalCW_tree_20231129/244066at4751.aa.mfa.mldist

Ultrafast bootstrap approximation results written to:
  Split support values:          FungalCW_tree_20231129/244066at4751.aa.mfa.splits.nex
  Consensus tree:                FungalCW_tree_20231129/244066at4751.aa.mfa.contree
  Screen log file:               FungalCW_tree_20231129/244066at4751.aa.mfa.log

Date and Time: Wed Nov 29 01:35:36 2023
