IQ-TREE multicore version 2.2.2.6 COVID-edition for Linux 64-bit built May 27 2023
Developed by Bui Quang Minh, James Barbetti, Nguyen Lam Tung,
Olga Chernomor, Heiko Schmidt, Dominik Schrempf, Michael Woodhams, Ly Trong Nhan.

Host:    r11 (AVX2, FMA3, 503 GB RAM)
Command: iqtree2 -s FungalCW_tree_20231129/251613at4751.aa.mfa -gz -B 1000 -alrt 1000 -nt 2
Seed:    572281 (Using SPRNG - Scalable Parallel Random Number Generator)
Time:    Wed Nov 29 01:34:40 2023
Kernel:  AVX+FMA - 2 threads (2 CPU cores detected)

Reading alignment file FungalCW_tree_20231129/251613at4751.aa.mfa ... Fasta format detected
Reading fasta file: done in 0.000307083 secs using 19.86% CPU
Alignment most likely contains protein sequences
Constructing alignment: done in 0.000819921 secs using 94.03% CPU
Alignment has 16 sequences with 632 columns, 570 distinct patterns
416 parsimony-informative, 113 singleton sites, 103 constant sites
                                                               Gap/Ambiguity  Composition  p-value
Analyzing sequences: done in 4.69685e-05 secs using 27.68% CPU
   1  Basidiobolus_meristosporus_CBS_931.73.Basme2finSC.v1            26.42%    passed     99.74%
   2  Botrytis_cinerea_T4                                              9.65%    passed     92.53%
   3  Colletotrichum_graminicola_M1.001                               25.79%    passed     73.31%
   4  Colletotrichum_higginsianum_IMI_349063                          13.29%    passed     97.91%
   5  Fusarium_graminearum_PH-1                                       12.50%    passed     99.43%
   6  Fusarium_verticillioides_7600                                   14.72%    passed     99.17%
   7  Gilbertella_persicaria_var_persicaria_CBS_190.32-T.Gilper1.v1   34.18%    passed     36.21%
   8  Mortierella_elongata_AG-77                                      33.54%    passed     51.31%
   9  Mucor_mucedo_NRRL_3635                                          26.58%    passed     96.33%
  10  Phycomyces_blakesleeanus_NRRL_1555.Phybl2.v2                    30.22%    passed     68.33%
  11  Rhizopus_stolonifer_NRRL_66455                                  25.32%    passed     47.76%
  12  Trichoderma_harzianum_CBS_226.95                                20.25%    passed     92.38%
  13  Umbelopsis_ramanniana_NRRL_5844.Umbra1.v1                       20.41%    passed     92.95%
  14  Ustilago_maydis                                                 17.41%    passed     66.26%
  15  Zoophthora_radicans_ATCC_208865                                 20.57%    failed      2.17%
  16  Zymoseptoria_tritici_IP0323                                     12.50%    passed     94.87%
****  TOTAL                                                           21.46%  1 sequences failed composition chi2 test (p-value<5%; df=19)
Checking for duplicate sequences: done in 5.4121e-05 secs


Create initial parsimony tree by phylogenetic likelihood library (PLL)... 0.001 seconds
Perform fast likelihood tree search using LG+I+G model...
Estimate model parameters (epsilon = 5.000)
Perform nearest neighbor interchange...
Optimizing NNI: done in 0.0889721 secs using 198.5% CPU
Estimate model parameters (epsilon = 1.000)
1. Initial log-likelihood: -14376.681
Optimal log-likelihood: -14376.182
Proportion of invariable sites: 0.083
Gamma shape alpha: 0.564
Parameters optimization took 1 rounds (0.044 sec)
Time for fast ML tree search: 0.348 seconds

NOTE: ModelFinder requires 16 MB RAM!
ModelFinder will test up to 1232 protein models (sample size: 632) ...
 No. Model         -LnL         df  AIC          AICc         BIC
  1  LG            15642.817    29  31343.634    31346.524    31472.651
  2  LG+I          15186.057    30  30432.113    30435.208    30565.580
  3  LG+G4         14377.464    30  28814.928    28818.022    28948.394
  4  LG+I+G4       14376.054    31  28814.107    28817.414    28952.023
  5  LG+R2         14528.364    31  29118.728    29122.035    29256.644
  6  LG+R3         14389.685    33  28845.369    28849.122    28992.183
  7  LG+R4         14370.227    35  28810.453    28814.682    28966.164
  8  LG+R5         14361.897    37  28797.794    28802.528    28962.403
  9  LG+R6         14361.955    39  28801.910    28807.180    28975.416
 14  LG+I+R2       14439.161    32  28942.322    28945.848    29084.687
 15  LG+I+R3       14377.421    34  28822.842    28826.829    28974.104
 16  LG+I+R4       14362.246    36  28796.493    28800.970    28956.653
 17  LG+I+R5       14362.188    38  28800.375    28805.373    28969.433
 25  LG+F+G4       14330.006    49  28758.012    28766.431    28976.008
 26  LG+F+I+G4     14329.900    50  28759.801    28768.579    28982.245
 38  LG+F+I+R4     14313.685    55  28737.370    28748.065    28982.059
 47  WAG+G4        14400.324    30  28860.649    28863.744    28994.116
 48  WAG+I+G4      14402.041    31  28866.082    28869.389    29003.998
 60  WAG+I+R4      14389.649    36  28851.297    28855.775    29011.457
 69  WAG+F+G4      14325.037    49  28748.074    28756.493    28966.069
 70  WAG+F+I+G4    14327.944    50  28755.887    28764.665    28978.332
 82  WAG+F+I+R4    14313.613    55  28737.226    28747.920    28981.915
 91  JTT+G4        14398.799    30  28857.598    28860.693    28991.065
 92  JTT+I+G4      14402.360    31  28866.720    28870.027    29004.636
104  JTT+I+R4      14387.954    36  28847.909    28852.386    29008.069
113  JTT+F+G4      14359.504    49  28817.008    28825.427    29035.004
114  JTT+F+I+G4    14364.467    50  28828.935    28837.713    29051.379
126  JTT+F+I+R4    14348.551    55  28807.101    28817.796    29051.790
WARNING: Normalizing state frequencies so that sum of them equals to 1
135  Q.pfam+G4     14367.660    30  28795.320    28798.415    28928.787
WARNING: Normalizing state frequencies so that sum of them equals to 1
136  Q.pfam+I+G4   14368.543    31  28799.085    28802.392    28937.001
WARNING: Normalizing state frequencies so that sum of them equals to 1
148  Q.pfam+I+R4   14354.387    36  28780.774    28785.252    28940.934
WARNING: Normalizing state frequencies so that sum of them equals to 1
157  Q.pfam+F+G4   14331.106    49  28760.211    28768.631    28978.207
WARNING: Normalizing state frequencies so that sum of them equals to 1
158  Q.pfam+F+I+G4 14331.678    50  28763.357    28772.135    28985.801
WARNING: Normalizing state frequencies so that sum of them equals to 1
170  Q.pfam+F+I+R4 14316.515    55  28743.030    28753.725    28987.719
WARNING: Normalizing state frequencies so that sum of them equals to 1
179  Q.bird+G4     14504.839    30  29069.679    29072.773    29203.145
WARNING: Normalizing state frequencies so that sum of them equals to 1
180  Q.bird+I+G4   14517.721    31  29097.442    29100.748    29235.357
WARNING: Normalizing state frequencies so that sum of them equals to 1
192  Q.bird+I+R4   14491.941    36  29055.882    29060.359    29216.042
WARNING: Normalizing state frequencies so that sum of them equals to 1
201  Q.bird+F+G4   14480.786    49  29059.573    29067.992    29277.569
WARNING: Normalizing state frequencies so that sum of them equals to 1
202  Q.bird+F+I+G4 14481.118    50  29062.235    29071.013    29284.680
WARNING: Normalizing state frequencies so that sum of them equals to 1
214  Q.bird+F+I+R4 14467.858    55  29045.717    29056.411    29290.406
WARNING: Normalizing state frequencies so that sum of them equals to 1
223  Q.mammal+G4   14457.613    30  28975.226    28978.321    29108.693
WARNING: Normalizing state frequencies so that sum of them equals to 1
224  Q.mammal+I+G4 14466.284    31  28994.569    28997.875    29132.484
WARNING: Normalizing state frequencies so that sum of them equals to 1
236  Q.mammal+I+R4 14444.879    36  28961.757    28966.235    29121.917
WARNING: Normalizing state frequencies so that sum of them equals to 1
245  Q.mammal+F+G4 14435.020    49  28968.040    28976.459    29186.035
WARNING: Normalizing state frequencies so that sum of them equals to 1
246  Q.mammal+F+I+G4 14444.037    50  28988.073    28996.851    29210.518
WARNING: Normalizing state frequencies so that sum of them equals to 1
258  Q.mammal+F+I+R4 14422.591    55  28955.182    28965.876    29199.871
267  Q.insect+G4   14444.888    30  28949.775    28952.870    29083.242
268  Q.insect+I+G4 14446.025    31  28954.049    28957.356    29091.965
280  Q.insect+I+R4 14433.278    36  28938.556    28943.034    29098.716
289  Q.insect+F+G4 14355.332    49  28808.664    28817.083    29026.660
290  Q.insect+F+I+G4 14355.734    50  28811.468    28820.246    29033.913
302  Q.insect+F+I+R4 14341.284    55  28792.568    28803.263    29037.257
WARNING: Normalizing state frequencies so that sum of them equals to 1
311  Q.plant+G4    14455.146    30  28970.292    28973.387    29103.759
WARNING: Normalizing state frequencies so that sum of them equals to 1
312  Q.plant+I+G4  14458.106    31  28978.212    28981.519    29116.127
WARNING: Normalizing state frequencies so that sum of them equals to 1
324  Q.plant+I+R4  14440.628    36  28953.256    28957.733    29113.416
WARNING: Normalizing state frequencies so that sum of them equals to 1
333  Q.plant+F+G4  14407.884    49  28913.767    28922.186    29131.763
WARNING: Normalizing state frequencies so that sum of them equals to 1
334  Q.plant+F+I+G4 14410.577    50  28921.153    28929.931    29143.598
WARNING: Normalizing state frequencies so that sum of them equals to 1
346  Q.plant+F+I+R4 14390.785    55  28891.571    28902.265    29136.260
WARNING: Normalizing state frequencies so that sum of them equals to 1
355  Q.yeast+G4    14469.191    30  28998.382    29001.477    29131.849
WARNING: Normalizing state frequencies so that sum of them equals to 1
356  Q.yeast+I+G4  14472.356    31  29006.712    29010.019    29144.628
WARNING: Normalizing state frequencies so that sum of them equals to 1
368  Q.yeast+I+R4  14455.660    36  28983.320    28987.798    29143.480
WARNING: Normalizing state frequencies so that sum of them equals to 1
377  Q.yeast+F+G4  14340.594    49  28779.189    28787.608    28997.185
WARNING: Normalizing state frequencies so that sum of them equals to 1
378  Q.yeast+F+I+G4 14343.407    50  28786.815    28795.593    29009.259
WARNING: Normalizing state frequencies so that sum of them equals to 1
390  Q.yeast+F+I+R4 14324.997    55  28759.994    28770.689    29004.683
399  JTTDCMut+G4   14402.607    30  28865.214    28868.309    28998.681
400  JTTDCMut+I+G4 14405.351    31  28872.702    28876.008    29010.617
412  JTTDCMut+I+R4 14391.425    36  28854.851    28859.328    29015.011
421  JTTDCMut+F+G4 14359.701    49  28817.402    28825.821    29035.398
422  JTTDCMut+F+I+G4 14363.878    50  28827.756    28836.534    29050.200
434  JTTDCMut+F+I+R4 14348.509    55  28807.018    28817.712    29051.707
443  DCMut+G4      14530.895    30  29121.790    29124.885    29255.257
444  DCMut+I+G4    14528.257    31  29118.513    29121.820    29256.429
456  DCMut+I+R4    14517.035    36  29106.069    29110.547    29266.229
465  DCMut+F+G4    14388.012    49  28874.023    28882.442    29092.019
466  DCMut+F+I+G4  14386.538    50  28873.076    28881.854    29095.521
478  DCMut+F+I+R4  14372.995    55  28855.990    28866.685    29100.679
487  VT+G4         14363.754    30  28787.508    28790.603    28920.974
488  VT+I+G4       14365.001    31  28792.001    28795.308    28929.917
500  VT+I+R4       14353.476    36  28778.952    28783.429    28939.112
509  VT+F+G4       14326.585    49  28751.171    28759.590    28969.167
510  VT+F+I+G4     14328.911    50  28757.821    28766.599    28980.266
522  VT+F+I+R4     14315.747    55  28741.494    28752.189    28986.183
531  PMB+G4        14442.680    30  28945.360    28948.455    29078.827
532  PMB+I+G4      14437.893    31  28937.786    28941.092    29075.701
544  PMB+I+R4      14429.873    36  28931.746    28936.223    29091.906
553  PMB+F+G4      14352.950    49  28803.900    28812.319    29021.895
554  PMB+F+I+G4    14351.346    50  28802.691    28811.469    29025.136
566  PMB+F+I+R4    14340.504    55  28791.008    28801.702    29035.697
575  Blosum62+G4   14452.453    30  28964.907    28968.002    29098.373
576  Blosum62+I+G4 14449.051    31  28960.101    28963.408    29098.017
588  Blosum62+I+R4 14441.027    36  28954.054    28958.531    29114.214
597  Blosum62+F+G4 14351.761    49  28801.521    28809.940    29019.517
598  Blosum62+F+I+G4 14351.974    50  28803.949    28812.727    29026.393
610  Blosum62+F+I+R4 14340.164    55  28790.328    28801.023    29035.017
619  Dayhoff+G4    14531.192    30  29122.384    29125.478    29255.850
620  Dayhoff+I+G4  14528.633    31  29119.266    29122.572    29257.181
632  Dayhoff+I+R4  14517.359    36  29106.719    29111.196    29266.879
641  Dayhoff+F+G4  14388.362    49  28874.723    28883.142    29092.719
642  Dayhoff+F+I+G4 14386.919    50  28873.837    28882.615    29096.282
654  Dayhoff+F+I+R4 14373.248    55  28856.497    28867.191    29101.185
663  mtREV+G4      15112.373    30  30284.747    30287.842    30418.214
664  mtREV+I+G4    15100.244    31  30262.488    30265.795    30400.404
676  mtREV+I+R4    15094.706    36  30261.411    30265.888    30421.571
685  mtREV+F+G4    14464.038    49  29026.076    29034.495    29244.071
686  mtREV+F+I+G4  14459.978    50  29019.956    29028.734    29242.400
698  mtREV+F+I+R4  14441.229    55  28992.457    29003.152    29237.146
707  mtART+G4      15294.569    30  30649.138    30652.233    30782.605
708  mtART+I+G4    15273.167    31  30608.333    30611.640    30746.249
720  mtART+I+R4    15268.240    36  30608.480    30612.958    30768.641
729  mtART+F+G4    14545.299    49  29188.597    29197.017    29406.593
730  mtART+F+I+G4  14518.155    50  29136.311    29145.089    29358.755
742  mtART+F+I+R4  14504.145    55  29118.289    29128.984    29362.978
751  mtZOA+G4      15059.417    30  30178.834    30181.929    30312.301
752  mtZOA+I+G4    15042.689    31  30147.378    30150.685    30285.293
764  mtZOA+I+R4    15038.047    36  30148.094    30152.571    30308.254
773  mtZOA+F+G4    14457.007    49  29012.015    29020.434    29230.010
774  mtZOA+F+I+G4  14440.918    50  28981.837    28990.615    29204.281
786  mtZOA+F+I+R4  14424.449    55  28958.899    28969.593    29203.588
795  mtMet+G4      15262.707    30  30585.414    30588.509    30718.880
796  mtMet+I+G4    15251.078    31  30564.156    30567.462    30702.071
808  mtMet+I+R4    15241.821    36  30555.641    30560.118    30715.801
817  mtMet+F+G4    14466.938    49  29031.877    29040.296    29249.872
818  mtMet+F+I+G4  14461.023    50  29022.045    29030.823    29244.490
830  mtMet+F+I+R4  14444.598    55  28999.196    29009.890    29243.885
839  mtVer+G4      15256.458    30  30572.916    30576.011    30706.382
840  mtVer+I+G4    15245.884    31  30553.767    30557.074    30691.683
852  mtVer+I+R4    15235.228    36  30542.455    30546.932    30702.615
861  mtVer+F+G4    14564.908    49  29227.815    29236.235    29445.811
862  mtVer+F+I+G4  14555.216    50  29210.433    29219.210    29432.877
874  mtVer+F+I+R4  14535.451    55  29180.902    29191.596    29425.591
883  mtInv+G4      15443.069    30  30946.137    30949.232    31079.604
884  mtInv+I+G4    15430.244    31  30922.487    30925.794    31060.403
896  mtInv+I+R4    15418.678    36  30909.355    30913.833    31069.515
905  mtInv+F+G4    14412.295    49  28922.591    28931.010    29140.586
906  mtInv+F+I+G4  14407.739    50  28915.478    28924.256    29137.923
918  mtInv+F+I+R4  14392.052    55  28894.103    28904.798    29138.792
927  mtMAM+G4      15312.319    30  30684.638    30687.733    30818.105
928  mtMAM+I+G4    15296.668    31  30655.336    30658.643    30793.252
940  mtMAM+I+R4    15286.128    36  30644.255    30648.733    30804.415
949  mtMAM+F+G4    14650.947    49  29399.893    29408.313    29617.889
950  mtMAM+F+I+G4  14634.161    50  29368.323    29377.101    29590.767
962  mtMAM+F+I+R4  14615.378    55  29340.755    29351.450    29585.444
WARNING: Normalizing state frequencies so that sum of them equals to 1
971  FLAVI+G4      14742.387    30  29544.773    29547.868    29678.240
WARNING: Normalizing state frequencies so that sum of them equals to 1
972  FLAVI+I+G4    14747.316    31  29556.633    29559.939    29694.548
WARNING: Normalizing state frequencies so that sum of them equals to 1
984  FLAVI+I+R4    14723.661    36  29519.323    29523.800    29679.483
WARNING: Normalizing state frequencies so that sum of them equals to 1
993  FLAVI+F+G4    14616.502    49  29331.004    29339.423    29548.999
WARNING: Normalizing state frequencies so that sum of them equals to 1
994  FLAVI+F+I+G4  14620.130    50  29340.259    29349.037    29562.704
WARNING: Normalizing state frequencies so that sum of them equals to 1
1006  FLAVI+F+I+R4  14592.560    55  29295.120    29305.815    29539.809
1015  HIVb+G4       14583.090    30  29226.181    29229.275    29359.647
1016  HIVb+I+G4     14594.438    31  29250.876    29254.182    29388.791
1028  HIVb+I+R4     14570.637    36  29213.275    29217.752    29373.435
1037  HIVb+F+G4     14479.205    49  29056.411    29064.830    29274.407
1038  HIVb+F+I+G4   14491.228    50  29082.456    29091.234    29304.901
1050  HIVb+F+I+R4   14464.031    55  29038.062    29048.757    29282.751
1059  HIVw+G4       14978.612    30  30017.224    30020.319    30150.691
1060  HIVw+I+G4     14982.517    31  30027.034    30030.341    30164.950
1072  HIVw+I+R4     14961.576    36  29995.152    29999.630    30155.312
1081  HIVw+F+G4     14593.616    49  29285.233    29293.652    29503.228
1082  HIVw+F+I+G4   14593.806    50  29287.612    29296.390    29510.056
1094  HIVw+F+I+R4   14579.673    55  29269.347    29280.041    29514.036
1103  FLU+G4        14626.386    30  29312.771    29315.866    29446.238
1104  FLU+I+G4      14629.911    31  29321.822    29325.128    29459.737
1116  FLU+I+R4      14609.745    36  29291.489    29295.967    29451.649
1125  FLU+F+G4      14465.071    49  29028.142    29036.561    29246.137
1126  FLU+F+I+G4    14469.362    50  29038.724    29047.502    29261.169
1138  FLU+F+I+R4    14448.972    55  29007.945    29018.639    29252.634
1147  rtREV+G4      14488.663    30  29037.327    29040.422    29170.793
1148  rtREV+I+G4    14486.465    31  29034.931    29038.237    29172.846
1160  rtREV+I+R4    14476.686    36  29025.371    29029.849    29185.531
1169  rtREV+F+G4    14351.694    49  28801.388    28809.807    29019.384
1170  rtREV+F+I+G4  14350.644    50  28801.288    28810.066    29023.732
1182  rtREV+F+I+R4  14337.439    55  28784.877    28795.572    29029.566
1191  cpREV+G4      14464.074    30  28988.148    28991.243    29121.615
1192  cpREV+I+G4    14462.005    31  28986.010    28989.317    29123.926
1204  cpREV+I+R4    14451.567    36  28975.135    28979.612    29135.295
1213  cpREV+F+G4    14371.133    49  28840.265    28848.684    29058.261
1214  cpREV+F+I+G4  14369.586    50  28839.171    28847.949    29061.616
1226  cpREV+F+I+R4  14353.193    55  28816.386    28827.081    29061.075
Akaike Information Criterion:           WAG+F+I+R4
Corrected Akaike Information Criterion: WAG+F+I+R4
Bayesian Information Criterion:         VT+G4
Best-fit model: VT+G4 chosen according to BIC

All model information printed to FungalCW_tree_20231129/251613at4751.aa.mfa.model.gz
CPU time for ModelFinder: 383.855 seconds (0h:6m:23s)
Wall-clock time for ModelFinder: 194.006 seconds (0h:3m:14s)
Generating 1000 samples for ultrafast bootstrap (seed: 572281)...

NOTE: 8 MB RAM (0 GB) is required!
Estimate model parameters (epsilon = 0.100)
1. Initial log-likelihood: -14363.754
Optimal log-likelihood: -14363.710
Gamma shape alpha: 0.428
Parameters optimization took 1 rounds (0.041 sec)
Wrote distance file to... 
Computing ML distances based on estimated model parameters...
Calculating distance matrix: done in 0.0307081 secs using 199.1% CPU
Computing ML distances took 0.030918 sec (of wall-clock time) 0.061461 sec (of CPU time)
Setting up auxiliary I and S matrices: done in 3.40939e-05 secs using 196.5% CPU
Constructing RapidNJ tree: done in 0.000198841 secs using 162.4% CPU
Computing RapidNJ tree took 0.000306 sec (of wall-clock time) 0.000493 sec (of CPU time)
Log-likelihood of RapidNJ tree: -14444.447
--------------------------------------------------------------------
|             INITIALIZING CANDIDATE TREE SET                      |
--------------------------------------------------------------------
Generating 98 parsimony trees... 0.218 second
Computing log-likelihood of 98 initial trees ... 1.264 seconds
Current best score: -14363.710

Do NNI search on 20 best initial trees
Optimizing NNI: done in 0.0549979 secs using 198.7% CPU
Estimate model parameters (epsilon = 0.100)
BETTER TREE FOUND at iteration 1: -14363.694
Optimizing NNI: done in 0.170925 secs using 198.6% CPU
Optimizing NNI: done in 0.265698 secs using 198.3% CPU
Optimizing NNI: done in 0.224786 secs using 198.6% CPU
Optimizing NNI: done in 0.232182 secs using 198.6% CPU
Optimizing NNI: done in 0.22639 secs using 198.8% CPU
Optimizing NNI: done in 0.230796 secs using 198.5% CPU
Optimizing NNI: done in 0.258974 secs using 198.7% CPU
Optimizing NNI: done in 0.236041 secs using 198.7% CPU
Optimizing NNI: done in 0.283234 secs using 198.6% CPU
Iteration 10 / LogL: -14367.330 / Time: 0h:0m:4s
Optimizing NNI: done in 0.217786 secs using 198.1% CPU
Optimizing NNI: done in 0.26453 secs using 199% CPU
Optimizing NNI: done in 0.208953 secs using 198.7% CPU
Optimizing NNI: done in 0.239798 secs using 199% CPU
Optimizing NNI: done in 0.216908 secs using 198.7% CPU
Optimizing NNI: done in 0.203694 secs using 199% CPU
Optimizing NNI: done in 0.267139 secs using 198.7% CPU
Optimizing NNI: done in 0.261016 secs using 198.7% CPU
Optimizing NNI: done in 0.236012 secs using 198.8% CPU
Optimizing NNI: done in 0.2333 secs using 198.2% CPU
Iteration 20 / LogL: -14367.236 / Time: 0h:0m:6s
Finish initializing candidate tree set (7)
Current best tree score: -14363.694 / CPU time: 6.124
Number of iterations: 20
--------------------------------------------------------------------
|               OPTIMIZING CANDIDATE TREE SET                      |
--------------------------------------------------------------------
Optimizing NNI: done in 0.131825 secs using 198.7% CPU
Optimizing NNI: done in 0.189535 secs using 199.1% CPU
Optimizing NNI: done in 0.117672 secs using 199% CPU
Optimizing NNI: done in 0.179026 secs using 198.9% CPU
Optimizing NNI: done in 0.144294 secs using 198.5% CPU
Optimizing NNI: done in 0.177275 secs using 198.5% CPU
Optimizing NNI: done in 0.17114 secs using 198.7% CPU
Optimizing NNI: done in 0.166025 secs using 198.7% CPU
Optimizing NNI: done in 0.113091 secs using 199.2% CPU
Optimizing NNI: done in 0.137615 secs using 198.2% CPU
Iteration 30 / LogL: -14364.219 / Time: 0h:0m:8s (0h:0m:19s left)
Optimizing NNI: done in 0.334227 secs using 198.6% CPU
Optimizing NNI: done in 0.155756 secs using 198.2% CPU
Optimizing NNI: done in 0.186456 secs using 199.1% CPU
Optimizing NNI: done in 0.246023 secs using 198.8% CPU
Optimizing NNI: done in 0.153897 secs using 198.7% CPU
Optimizing NNI: done in 0.217961 secs using 198.3% CPU
Optimizing NNI: done in 0.167572 secs using 199.1% CPU
Optimizing NNI: done in 0.181214 secs using 198.8% CPU
Optimizing NNI: done in 0.15364 secs using 198.2% CPU
Optimizing NNI: done in 0.234207 secs using 198.6% CPU
Iteration 40 / LogL: -14363.735 / Time: 0h:0m:10s (0h:0m:15s left)
Optimizing NNI: done in 0.209855 secs using 198.2% CPU
Optimizing NNI: done in 0.118379 secs using 198.8% CPU
Optimizing NNI: done in 0.117772 secs using 197.7% CPU
Optimizing NNI: done in 0.22257 secs using 198.3% CPU
Optimizing NNI: done in 0.14446 secs using 198.5% CPU
Optimizing NNI: done in 0.261101 secs using 198.8% CPU
Optimizing NNI: done in 0.224028 secs using 198.7% CPU
Optimizing NNI: done in 0.187162 secs using 198.8% CPU
Optimizing NNI: done in 0.206546 secs using 199% CPU
Optimizing NNI: done in 0.118239 secs using 199.1% CPU
Iteration 50 / LogL: -14364.576 / Time: 0h:0m:12s (0h:0m:12s left)
Log-likelihood cutoff on original alignment: -14392.290
Optimizing NNI: done in 0.284671 secs using 198.2% CPU
Optimizing NNI: done in 0.212182 secs using 198.8% CPU
Optimizing NNI: done in 0.148387 secs using 199% CPU
Optimizing NNI: done in 0.203818 secs using 198.8% CPU
Optimizing NNI: done in 0.249705 secs using 198.8% CPU
Optimizing NNI: done in 0.105234 secs using 199.3% CPU
Optimizing NNI: done in 0.150147 secs using 198.9% CPU
Optimizing NNI: done in 0.336568 secs using 198.9% CPU
Optimizing NNI: done in 0.17037 secs using 199% CPU
Optimizing NNI: done in 0.209926 secs using 198.9% CPU
Iteration 60 / LogL: -14364.253 / Time: 0h:0m:14s (0h:0m:9s left)
Optimizing NNI: done in 0.152924 secs using 198.7% CPU
Optimizing NNI: done in 0.26454 secs using 199% CPU
Optimizing NNI: done in 0.153987 secs using 199.2% CPU
Optimizing NNI: done in 0.164961 secs using 198.7% CPU
Optimizing NNI: done in 0.453892 secs using 198.6% CPU
Optimizing NNI: done in 0.147171 secs using 199.2% CPU
Optimizing NNI: done in 0.169528 secs using 198.4% CPU
Optimizing NNI: done in 0.220199 secs using 199.1% CPU
Optimizing NNI: done in 0.0910988 secs using 198.6% CPU
Optimizing NNI: done in 0.193608 secs using 199% CPU
Iteration 70 / LogL: -14365.685 / Time: 0h:0m:16s (0h:0m:7s left)
Optimizing NNI: done in 0.219991 secs using 198.5% CPU
Optimizing NNI: done in 0.112998 secs using 198.6% CPU
Optimizing NNI: done in 0.209136 secs using 199.1% CPU
Optimizing NNI: done in 0.161765 secs using 198.9% CPU
Optimizing NNI: done in 0.183417 secs using 198.9% CPU
Optimizing NNI: done in 0.174785 secs using 198.7% CPU
Optimizing NNI: done in 0.200747 secs using 198.7% CPU
Optimizing NNI: done in 0.226326 secs using 198.6% CPU
Optimizing NNI: done in 0.162051 secs using 199.2% CPU
Optimizing NNI: done in 0.207611 secs using 198.8% CPU
Iteration 80 / LogL: -14363.804 / Time: 0h:0m:18s (0h:0m:4s left)
Optimizing NNI: done in 0.222207 secs using 198.7% CPU
Optimizing NNI: done in 0.184351 secs using 199.1% CPU
Optimizing NNI: done in 0.222291 secs using 198.8% CPU
Optimizing NNI: done in 0.198922 secs using 199.1% CPU
Optimizing NNI: done in 0.276227 secs using 198.5% CPU
Optimizing NNI: done in 0.224739 secs using 198.7% CPU
Optimizing NNI: done in 0.213523 secs using 198.8% CPU
Optimizing NNI: done in 0.231057 secs using 198.8% CPU
Optimizing NNI: done in 0.117101 secs using 198.7% CPU
Optimizing NNI: done in 0.144311 secs using 198.9% CPU
Iteration 90 / LogL: -14364.306 / Time: 0h:0m:20s (0h:0m:2s left)
Optimizing NNI: done in 0.20331 secs using 199.1% CPU
Optimizing NNI: done in 0.177347 secs using 198.5% CPU
Optimizing NNI: done in 0.188854 secs using 199.1% CPU
Optimizing NNI: done in 0.200151 secs using 199.1% CPU
Optimizing NNI: done in 0.184533 secs using 198.7% CPU
Optimizing NNI: done in 0.136547 secs using 198.6% CPU
Optimizing NNI: done in 0.215837 secs using 199% CPU
Optimizing NNI: done in 0.206072 secs using 198% CPU
Optimizing NNI: done in 0.180275 secs using 198.3% CPU
Optimizing NNI: done in 0.195319 secs using 199.1% CPU
Iteration 100 / LogL: -14364.015 / Time: 0h:0m:22s (0h:0m:0s left)
Log-likelihood cutoff on original alignment: -14390.675
NOTE: Bootstrap correlation coefficient of split occurrence frequencies: 0.999
Optimizing NNI: done in 0.152631 secs using 198.7% CPU
Optimizing NNI: done in 0.208947 secs using 198.4% CPU
TREE SEARCH COMPLETED AFTER 102 ITERATIONS / Time: 0h:0m:22s

--------------------------------------------------------------------
|                    FINALIZING TREE SEARCH                        |
--------------------------------------------------------------------
Performs final model parameters optimization
Estimate model parameters (epsilon = 0.010)
1. Initial log-likelihood: -14363.694
Optimal log-likelihood: -14363.687
Gamma shape alpha: 0.431
Parameters optimization took 1 rounds (0.038 sec)
BEST SCORE FOUND : -14363.687

Testing tree branches by SH-like aLRT with 1000 replicates...
0.165 sec.
Creating bootstrap support values...
Split supports printed to NEXUS file FungalCW_tree_20231129/251613at4751.aa.mfa.splits.nex
Total tree length: 33.900

Total number of iterations: 102
CPU time used for tree search: 44.390 sec (0h:0m:44s)
Wall-clock time used for tree search: 22.385 sec (0h:0m:22s)
Total CPU time used: 45.480 sec (0h:0m:45s)
Total wall-clock time used: 23.008 sec (0h:0m:23s)

Computing bootstrap consensus tree...
Reading input file FungalCW_tree_20231129/251613at4751.aa.mfa.splits.nex...
16 taxa and 72 splits.
Consensus tree written to FungalCW_tree_20231129/251613at4751.aa.mfa.contree
Reading input trees file FungalCW_tree_20231129/251613at4751.aa.mfa.contree
Log-likelihood of consensus tree: -14363.687

Analysis results written to: 
  IQ-TREE report:                FungalCW_tree_20231129/251613at4751.aa.mfa.iqtree
  Maximum-likelihood tree:       FungalCW_tree_20231129/251613at4751.aa.mfa.treefile
  Likelihood distances:          FungalCW_tree_20231129/251613at4751.aa.mfa.mldist

Ultrafast bootstrap approximation results written to:
  Split support values:          FungalCW_tree_20231129/251613at4751.aa.mfa.splits.nex
  Consensus tree:                FungalCW_tree_20231129/251613at4751.aa.mfa.contree
  Screen log file:               FungalCW_tree_20231129/251613at4751.aa.mfa.log

Date and Time: Wed Nov 29 01:38:17 2023
