IQ-TREE multicore version 2.2.2.6 COVID-edition for Linux 64-bit built May 27 2023
Developed by Bui Quang Minh, James Barbetti, Nguyen Lam Tung,
Olga Chernomor, Heiko Schmidt, Dominik Schrempf, Michael Woodhams, Ly Trong Nhan.

Host:    r11 (AVX2, FMA3, 503 GB RAM)
Command: iqtree2 -s FungalCW_tree_20231129/255378at4751.aa.mfa -gz -B 1000 -alrt 1000 -nt 2
Seed:    684389 (Using SPRNG - Scalable Parallel Random Number Generator)
Time:    Wed Nov 29 01:34:41 2023
Kernel:  AVX+FMA - 2 threads (2 CPU cores detected)

Reading alignment file FungalCW_tree_20231129/255378at4751.aa.mfa ... Fasta format detected
Reading fasta file: done in 0.000492096 secs using 43.08% CPU
Alignment most likely contains protein sequences
Constructing alignment: done in 0.00123191 secs using 152.8% CPU
Alignment has 17 sequences with 897 columns, 831 distinct patterns
393 parsimony-informative, 397 singleton sites, 107 constant sites
                                                               Gap/Ambiguity  Composition  p-value
Analyzing sequences: done in 5.88894e-05 secs using 50.94% CPU
   1  Basidiobolus_meristosporus_CBS_931.73.Basme2finSC.v1            45.93%    passed     86.92%
   2  Botrytis_cinerea_T4                                             43.03%    failed      0.00%
   3  Colletotrichum_graminicola_M1.001                               42.36%    passed     79.49%
   4  Colletotrichum_higginsianum_IMI_349063                          42.59%    passed     84.89%
   5  Fusarium_graminearum_PH-1                                       42.25%    passed     86.27%
   6  Fusarium_verticillioides_7600                                   42.14%    passed     85.27%
   7  Gilbertella_persicaria_var_persicaria_CBS_190.32-T.Gilper1.v1   42.47%    passed     96.86%
   8  Mortierella_elongata_AG-77                                      41.47%    failed      0.00%
   9  Mucor_mucedo_NRRL_3635                                          42.59%    passed     88.94%
  10  Neoconidiobolus_thromboides_FSU_785.Conth1.v1                   48.38%    passed     26.50%
  11  Phycomyces_blakesleeanus_NRRL_1555.Phybl2.v2                    44.93%    passed     83.15%
  12  Rhizopus_stolonifer_NRRL_66455                                  44.37%    passed     94.54%
  13  Trichoderma_harzianum_CBS_226.95                                32.66%    failed      4.53%
  14  Umbelopsis_ramanniana_NRRL_5844.Umbra1.v1                       42.81%    passed     87.00%
  15  Ustilago_maydis                                                 43.59%    passed     10.73%
  16  Zoophthora_radicans_ATCC_208865                                 45.37%    passed     93.31%
  17  Zymoseptoria_tritici_IP0323                                     46.04%    passed     90.42%
****  TOTAL                                                           43.12%  3 sequences failed composition chi2 test (p-value<5%; df=19)
Checking for duplicate sequences: done in 8.2016e-05 secs using 99.98% CPU


Create initial parsimony tree by phylogenetic likelihood library (PLL)... 0.003 seconds
Perform fast likelihood tree search using LG+I+G model...
Estimate model parameters (epsilon = 5.000)
Perform nearest neighbor interchange...
Optimizing NNI: done in 0.181433 secs using 198.2% CPU
Estimate model parameters (epsilon = 1.000)
1. Initial log-likelihood: -13888.217
Optimal log-likelihood: -13887.773
Proportion of invariable sites: 0.035
Gamma shape alpha: 1.079
Parameters optimization took 1 rounds (0.158 sec)
Time for fast ML tree search: 0.662 seconds

NOTE: ModelFinder requires 25 MB RAM!
ModelFinder will test up to 1232 protein models (sample size: 897) ...
 No. Model         -LnL         df  AIC          AICc         BIC
  1  LG            14382.979    31  28827.958    28830.252    28976.729
  2  LG+I          14254.966    32  28573.932    28576.377    28727.502
  3  LG+G4         13892.104    32  27848.208    27850.653    28001.778
  4  LG+I+G4       13887.616    33  27841.232    27843.832    27999.601
  5  LG+R2         13930.036    33  27926.072    27928.672    28084.440
  6  LG+R3         13888.444    35  27846.887    27849.814    28014.854
  7  LG+R4         13882.274    37  27838.547    27841.821    28016.112
 14  LG+I+R2       13903.441    34  27874.882    27877.643    28038.050
 15  LG+I+R3       13884.253    36  27840.506    27843.604    28013.272
 16  LG+I+R4       13882.393    38  27840.786    27844.241    28023.151
 25  LG+F+G4       13812.705    51  27727.409    27733.686    27972.161
 26  LG+F+I+G4     13808.827    52  27721.654    27728.185    27971.205
 47  WAG+G4        13901.236    32  27866.472    27868.917    28020.042
 48  WAG+I+G4      13896.194    33  27858.388    27860.988    28016.756
 69  WAG+F+G4      13841.522    51  27785.044    27791.321    28029.795
 70  WAG+F+I+G4    13837.310    52  27778.620    27785.151    28028.171
 91  JTT+G4        13961.025    32  27986.049    27988.494    28139.619
 92  JTT+I+G4      13955.303    33  27976.605    27979.206    28134.974
113  JTT+F+G4      13903.168    51  27908.335    27914.612    28153.087
114  JTT+F+I+G4    13898.394    52  27900.789    27907.320    28150.340
WARNING: Normalizing state frequencies so that sum of them equals to 1
135  Q.pfam+G4     13853.154    32  27770.309    27772.753    27923.878
WARNING: Normalizing state frequencies so that sum of them equals to 1
136  Q.pfam+I+G4   13848.831    33  27763.662    27766.262    27922.030
WARNING: Normalizing state frequencies so that sum of them equals to 1
157  Q.pfam+F+G4   13808.100    51  27718.201    27724.478    27962.953
WARNING: Normalizing state frequencies so that sum of them equals to 1
158  Q.pfam+F+I+G4 13804.270    52  27712.539    27719.070    27962.090
WARNING: Normalizing state frequencies so that sum of them equals to 1
179  Q.bird+G4     14132.435    32  28328.869    28331.314    28482.439
WARNING: Normalizing state frequencies so that sum of them equals to 1
180  Q.bird+I+G4   14126.457    33  28318.914    28321.514    28477.283
WARNING: Normalizing state frequencies so that sum of them equals to 1
201  Q.bird+F+G4   14071.419    51  28244.837    28251.114    28489.589
WARNING: Normalizing state frequencies so that sum of them equals to 1
202  Q.bird+F+I+G4 14066.216    52  28236.432    28242.963    28485.983
WARNING: Normalizing state frequencies so that sum of them equals to 1
223  Q.mammal+G4   14053.275    32  28170.549    28172.993    28324.119
WARNING: Normalizing state frequencies so that sum of them equals to 1
224  Q.mammal+I+G4 14048.151    33  28162.302    28164.902    28320.671
WARNING: Normalizing state frequencies so that sum of them equals to 1
245  Q.mammal+F+G4 13993.820    51  28089.640    28095.917    28334.392
WARNING: Normalizing state frequencies so that sum of them equals to 1
246  Q.mammal+F+I+G4 13989.440    52  28082.880    28089.411    28332.431
267  Q.insect+G4   13923.103    32  27910.207    27912.651    28063.776
268  Q.insect+I+G4 13918.116    33  27902.231    27904.832    28060.600
289  Q.insect+F+G4 13828.104    51  27758.207    27764.484    28002.959
290  Q.insect+F+I+G4 13823.718    52  27751.435    27757.966    28000.986
WARNING: Normalizing state frequencies so that sum of them equals to 1
311  Q.plant+G4    13961.622    32  27987.245    27989.689    28140.815
WARNING: Normalizing state frequencies so that sum of them equals to 1
312  Q.plant+I+G4  13956.547    33  27979.093    27981.694    28137.462
WARNING: Normalizing state frequencies so that sum of them equals to 1
333  Q.plant+F+G4  13909.064    51  27920.128    27926.405    28164.880
WARNING: Normalizing state frequencies so that sum of them equals to 1
334  Q.plant+F+I+G4 13904.518    52  27913.036    27919.567    28162.587
WARNING: Normalizing state frequencies so that sum of them equals to 1
355  Q.yeast+G4    13921.459    32  27906.917    27909.361    28060.487
WARNING: Normalizing state frequencies so that sum of them equals to 1
356  Q.yeast+I+G4  13916.395    33  27898.790    27901.390    28057.159
WARNING: Normalizing state frequencies so that sum of them equals to 1
377  Q.yeast+F+G4  13818.422    51  27738.844    27745.121    27983.596
WARNING: Normalizing state frequencies so that sum of them equals to 1
378  Q.yeast+F+I+G4 13813.847    52  27731.694    27738.225    27981.245
399  JTTDCMut+G4   13961.536    32  27987.073    27989.517    28140.643
400  JTTDCMut+I+G4 13955.667    33  27977.334    27979.935    28135.703
421  JTTDCMut+F+G4 13900.675    51  27903.351    27909.628    28148.103
422  JTTDCMut+F+I+G4 13895.933    52  27895.866    27902.397    28145.417
443  DCMut+G4      14045.281    32  28154.562    28157.006    28308.131
444  DCMut+I+G4    14037.695    33  28141.389    28143.989    28299.758
465  DCMut+F+G4    13909.900    51  27921.800    27928.077    28166.552
466  DCMut+F+I+G4  13903.791    52  27911.583    27918.114    28161.134
487  VT+G4         13911.639    32  27887.278    27889.722    28040.847
488  VT+I+G4       13906.591    33  27879.183    27881.783    28037.552
509  VT+F+G4       13860.014    51  27822.028    27828.304    28066.779
510  VT+F+I+G4     13855.483    52  27814.966    27821.497    28064.517
531  PMB+G4        13979.256    32  28022.512    28024.957    28176.082
532  PMB+I+G4      13976.101    33  28018.202    28020.802    28176.571
553  PMB+F+G4      13892.502    51  27887.003    27893.280    28131.755
554  PMB+F+I+G4    13889.412    52  27882.824    27889.355    28132.375
575  Blosum62+G4   13999.091    32  28062.183    28064.627    28215.753
576  Blosum62+I+G4 13995.854    33  28057.708    28060.308    28216.077
597  Blosum62+F+G4 13887.050    51  27876.100    27882.377    28120.852
598  Blosum62+F+I+G4 13883.749    52  27871.499    27878.029    28121.049
619  Dayhoff+G4    14044.842    32  28153.684    28156.128    28307.253
620  Dayhoff+I+G4  14037.243    33  28140.485    28143.085    28298.854
641  Dayhoff+F+G4  13909.614    51  27921.229    27927.506    28165.981
642  Dayhoff+F+I+G4 13903.493    52  27910.986    27917.517    28160.537
663  mtREV+G4      14641.660    32  29347.321    29349.765    29500.891
664  mtREV+I+G4    14639.592    33  29345.185    29347.785    29503.553
685  mtREV+F+G4    13970.285    51  28042.569    28048.846    28287.321
686  mtREV+F+I+G4  13967.486    52  28038.972    28045.503    28288.523
707  mtART+G4      14694.564    32  29453.127    29455.572    29606.697
708  mtART+I+G4    14693.390    33  29452.780    29455.380    29611.149
729  mtART+F+G4    13984.142    51  28070.284    28076.561    28315.035
730  mtART+F+I+G4  13980.987    52  28065.973    28072.504    28315.524
751  mtZOA+G4      14456.407    32  28976.814    28979.258    29130.383
752  mtZOA+I+G4    14455.091    33  28976.181    28978.781    29134.550
773  mtZOA+F+G4    13913.426    51  27928.851    27935.128    28173.603
774  mtZOA+F+I+G4  13910.556    52  27925.112    27931.643    28174.663
795  mtMet+G4      14717.543    32  29499.086    29501.531    29652.656
796  mtMet+I+G4    14716.662    33  29499.324    29501.924    29657.692
817  mtMet+F+G4    13973.933    51  28049.866    28056.143    28294.618
818  mtMet+F+I+G4  13971.429    52  28046.858    28053.389    28296.409
839  mtVer+G4      14803.809    32  29671.617    29674.062    29825.187
840  mtVer+I+G4    14802.090    33  29670.180    29672.780    29828.549
861  mtVer+F+G4    14117.172    51  28336.344    28342.621    28581.096
862  mtVer+F+I+G4  14113.105    52  28330.210    28336.740    28579.761
883  mtInv+G4      14826.013    32  29716.025    29718.470    29869.595
884  mtInv+I+G4    14825.205    33  29716.410    29719.010    29874.779
905  mtInv+F+G4    13908.457    51  27918.915    27925.192    28163.667
906  mtInv+F+I+G4  13905.168    52  27914.335    27920.866    28163.886
927  mtMAM+G4      14901.707    32  29867.413    29869.857    30020.983
928  mtMAM+I+G4    14900.108    33  29866.216    29868.816    30024.585
949  mtMAM+F+G4    14178.945    51  28459.890    28466.167    28704.642
950  mtMAM+F+I+G4  14176.748    52  28457.496    28464.027    28707.047
WARNING: Normalizing state frequencies so that sum of them equals to 1
971  FLAVI+G4      14385.714    32  28835.427    28837.871    28988.997
WARNING: Normalizing state frequencies so that sum of them equals to 1
972  FLAVI+I+G4    14381.242    33  28828.485    28831.085    28986.853
WARNING: Normalizing state frequencies so that sum of them equals to 1
993  FLAVI+F+G4    14222.593    51  28547.186    28553.463    28791.938
WARNING: Normalizing state frequencies so that sum of them equals to 1
994  FLAVI+F+I+G4  14218.094    52  28540.187    28546.718    28789.738
1015  HIVb+G4       14207.956    32  28479.912    28482.356    28633.482
1016  HIVb+I+G4     14201.757    33  28469.514    28472.114    28627.883
1037  HIVb+F+G4     14056.481    51  28214.962    28221.239    28459.714
1038  HIVb+F+I+G4   14052.633    52  28209.266    28215.797    28458.817
1059  HIVw+G4       14756.220    32  29576.440    29578.885    29730.010
1060  HIVw+I+G4     14746.452    33  29558.904    29561.504    29717.273
1081  HIVw+F+G4     14363.585    51  28829.169    28835.446    29073.921
1082  HIVw+F+I+G4   14356.412    52  28816.824    28823.354    29066.375
1103  FLU+G4        14115.299    32  28294.598    28297.042    28448.167
1104  FLU+I+G4      14108.874    33  28283.749    28286.349    28442.118
1125  FLU+F+G4      13974.791    51  28051.582    28057.859    28296.334
1126  FLU+F+I+G4    13970.767    52  28045.534    28052.064    28295.084
1147  rtREV+G4      14019.498    32  28102.995    28105.440    28256.565
1148  rtREV+I+G4    14014.845    33  28095.689    28098.289    28254.058
1169  rtREV+F+G4    13845.363    51  27792.726    27799.003    28037.478
1170  rtREV+F+I+G4  13841.090    52  27786.180    27792.710    28035.730
1191  cpREV+G4      13992.117    32  28048.234    28050.678    28201.803
1192  cpREV+I+G4    13988.880    33  28043.760    28046.361    28202.129
1213  cpREV+F+G4    13883.967    51  27869.933    27876.210    28114.685
1214  cpREV+F+I+G4  13881.268    52  27866.537    27873.067    28116.087
Akaike Information Criterion:           Q.pfam+F+I+G4
Corrected Akaike Information Criterion: Q.pfam+F+I+G4
Bayesian Information Criterion:         Q.pfam+I+G4
Best-fit model: Q.pfam+I+G4 chosen according to BIC

All model information printed to FungalCW_tree_20231129/255378at4751.aa.mfa.model.gz
CPU time for ModelFinder: 97.939 seconds (0h:1m:37s)
Wall-clock time for ModelFinder: 49.516 seconds (0h:0m:49s)
Generating 1000 samples for ultrafast bootstrap (seed: 684389)...
WARNING: Normalizing state frequencies so that sum of them equals to 1

NOTE: 12 MB RAM (0 GB) is required!
Estimate model parameters (epsilon = 0.100)
Thoroughly optimizing +I+G parameters from 10 start values...
Init pinv, alpha: 0.000, 1.085 / Estimate: 0.000, 0.926 / LogL: -13853.157
Init pinv, alpha: 0.013, 1.085 / Estimate: 0.025, 1.069 / LogL: -13848.895
Init pinv, alpha: 0.027, 1.085 / Estimate: 0.027, 1.080 / LogL: -13848.839
Init pinv, alpha: 0.040, 1.085 / Estimate: 0.032, 1.101 / LogL: -13848.876
Init pinv, alpha: 0.053, 1.085 / Estimate: 0.032, 1.105 / LogL: -13848.892
Init pinv, alpha: 0.066, 1.085 / Estimate: 0.032, 1.102 / LogL: -13848.875
Init pinv, alpha: 0.080, 1.085 / Estimate: 0.032, 1.105 / LogL: -13848.890
Init pinv, alpha: 0.093, 1.085 / Estimate: 0.032, 1.106 / LogL: -13848.902
Init pinv, alpha: 0.106, 1.085 / Estimate: 0.031, 1.101 / LogL: -13848.866
Init pinv, alpha: 0.119, 1.085 / Estimate: 0.031, 1.102 / LogL: -13848.870
Optimal pinv,alpha: 0.027, 1.080 / LogL: -13848.839

Parameters optimization took 3.917 sec
Wrote distance file to... 
Computing ML distances based on estimated model parameters...
Calculating distance matrix: done in 0.029824 secs using 198.7% CPU
Computing ML distances took 0.030067 sec (of wall-clock time) 0.059634 sec (of CPU time)
Setting up auxiliary I and S matrices: done in 3.98159e-05 secs using 193.4% CPU
Constructing RapidNJ tree: done in 0.000221014 secs using 200% CPU
Computing RapidNJ tree took 0.000334 sec (of wall-clock time) 0.000667 sec (of CPU time)
Log-likelihood of RapidNJ tree: -13874.144
--------------------------------------------------------------------
|             INITIALIZING CANDIDATE TREE SET                      |
--------------------------------------------------------------------
Generating 98 parsimony trees... 0.325 second
Computing log-likelihood of 98 initial trees ... 2.437 seconds
Current best score: -13848.839

Do NNI search on 20 best initial trees
Optimizing NNI: done in 0.106897 secs using 197.6% CPU
Estimate model parameters (epsilon = 0.100)
BETTER TREE FOUND at iteration 1: -13848.833
Optimizing NNI: done in 0.271256 secs using 198.4% CPU
Optimizing NNI: done in 0.289168 secs using 198.3% CPU
Optimizing NNI: done in 0.461423 secs using 198% CPU
Optimizing NNI: done in 0.280747 secs using 198% CPU
Optimizing NNI: done in 0.392053 secs using 198.2% CPU
Optimizing NNI: done in 0.380637 secs using 198.1% CPU
Optimizing NNI: done in 0.489071 secs using 198.2% CPU
Optimizing NNI: done in 0.417105 secs using 197.8% CPU
Optimizing NNI: done in 0.312733 secs using 198.1% CPU
Iteration 10 / LogL: -13849.798 / Time: 0h:0m:10s
Optimizing NNI: done in 0.426058 secs using 198% CPU
Optimizing NNI: done in 0.303278 secs using 197.6% CPU
Optimizing NNI: done in 0.314939 secs using 197.8% CPU
Optimizing NNI: done in 0.459912 secs using 197.7% CPU
Optimizing NNI: done in 0.44484 secs using 197.6% CPU
Optimizing NNI: done in 0.479634 secs using 197.8% CPU
Optimizing NNI: done in 0.335449 secs using 197.8% CPU
Optimizing NNI: done in 0.307119 secs using 197.2% CPU
Optimizing NNI: done in 0.41877 secs using 197.8% CPU
Optimizing NNI: done in 0.3914 secs using 197.9% CPU
Iteration 20 / LogL: -13849.006 / Time: 0h:0m:14s
Finish initializing candidate tree set (5)
Current best tree score: -13848.833 / CPU time: 10.258
Number of iterations: 20
--------------------------------------------------------------------
|               OPTIMIZING CANDIDATE TREE SET                      |
--------------------------------------------------------------------
Optimizing NNI: done in 0.567524 secs using 197.9% CPU
Optimizing NNI: done in 0.558996 secs using 197.3% CPU
Optimizing NNI: done in 0.314321 secs using 197.5% CPU
Optimizing NNI: done in 0.349816 secs using 197.8% CPU
Optimizing NNI: done in 0.53481 secs using 197.4% CPU
Optimizing NNI: done in 0.33017 secs using 197.4% CPU
Optimizing NNI: done in 0.612095 secs using 197.7% CPU
Optimizing NNI: done in 0.409579 secs using 197.4% CPU
Optimizing NNI: done in 0.709794 secs using 197.4% CPU
Optimizing NNI: done in 0.404116 secs using 198% CPU
Iteration 30 / LogL: -13849.404 / Time: 0h:0m:19s (0h:0m:47s left)
Optimizing NNI: done in 0.282762 secs using 197.5% CPU
Optimizing NNI: done in 0.426819 secs using 197.8% CPU
Optimizing NNI: done in 0.270283 secs using 197.8% CPU
Optimizing NNI: done in 0.452588 secs using 197.7% CPU
Optimizing NNI: done in 0.507455 secs using 197.9% CPU
Optimizing NNI: done in 0.56213 secs using 198.3% CPU
Optimizing NNI: done in 0.269371 secs using 198.4% CPU
Optimizing NNI: done in 0.503377 secs using 197.9% CPU
Optimizing NNI: done in 0.577612 secs using 198.2% CPU
Optimizing NNI: done in 0.330373 secs using 198.2% CPU
Iteration 40 / LogL: -13851.458 / Time: 0h:0m:23s (0h:0m:37s left)
Optimizing NNI: done in 0.436897 secs using 198.1% CPU
Optimizing NNI: done in 0.380121 secs using 197.9% CPU
Optimizing NNI: done in 0.524443 secs using 198.2% CPU
Optimizing NNI: done in 0.491735 secs using 198.3% CPU
Optimizing NNI: done in 0.524876 secs using 198.5% CPU
Optimizing NNI: done in 0.393266 secs using 198.2% CPU
Optimizing NNI: done in 0.369336 secs using 198.2% CPU
Optimizing NNI: done in 0.449535 secs using 198.3% CPU
Optimizing NNI: done in 0.295424 secs using 198.5% CPU
Optimizing NNI: done in 0.35062 secs using 198.3% CPU
Iteration 50 / LogL: -13849.006 / Time: 0h:0m:28s (0h:0m:29s left)
Log-likelihood cutoff on original alignment: -13878.122
Optimizing NNI: done in 0.471574 secs using 198.5% CPU
Optimizing NNI: done in 0.456148 secs using 198.5% CPU
Optimizing NNI: done in 0.558687 secs using 198.6% CPU
Optimizing NNI: done in 0.863986 secs using 198.6% CPU
Optimizing NNI: done in 0.40623 secs using 198.3% CPU
Optimizing NNI: done in 0.301931 secs using 198.1% CPU
Optimizing NNI: done in 0.392209 secs using 198.4% CPU
Optimizing NNI: done in 0.30052 secs using 198.2% CPU
Optimizing NNI: done in 0.52344 secs using 198.3% CPU
Optimizing NNI: done in 0.26465 secs using 198.2% CPU
Iteration 60 / LogL: -13849.517 / Time: 0h:0m:32s (0h:0m:22s left)
Optimizing NNI: done in 0.305405 secs using 197.8% CPU
Optimizing NNI: done in 0.582485 secs using 198.3% CPU
Optimizing NNI: done in 0.214606 secs using 198.5% CPU
Optimizing NNI: done in 0.412545 secs using 198.1% CPU
Optimizing NNI: done in 0.410012 secs using 198.1% CPU
Optimizing NNI: done in 0.47014 secs using 198.2% CPU
Optimizing NNI: done in 0.464149 secs using 198.4% CPU
Optimizing NNI: done in 0.389593 secs using 198.5% CPU
Optimizing NNI: done in 0.47474 secs using 198.5% CPU
Optimizing NNI: done in 0.341315 secs using 198.5% CPU
Iteration 70 / LogL: -13849.051 / Time: 0h:0m:36s (0h:0m:16s left)
Optimizing NNI: done in 0.461799 secs using 198.5% CPU
Optimizing NNI: done in 0.400736 secs using 198.7% CPU
Optimizing NNI: done in 0.434931 secs using 198.4% CPU
Optimizing NNI: done in 0.473464 secs using 198.4% CPU
Optimizing NNI: done in 0.322676 secs using 198.6% CPU
Optimizing NNI: done in 0.383309 secs using 198.3% CPU
Optimizing NNI: done in 0.365298 secs using 198% CPU
Optimizing NNI: done in 0.401757 secs using 198.2% CPU
Optimizing NNI: done in 0.407205 secs using 197.4% CPU
Optimizing NNI: done in 0.30727 secs using 197.5% CPU
Iteration 80 / LogL: -13849.950 / Time: 0h:0m:40s (0h:0m:10s left)
Optimizing NNI: done in 0.313887 secs using 197.6% CPU
Optimizing NNI: done in 0.285018 secs using 197.7% CPU
Optimizing NNI: done in 0.287445 secs using 197.9% CPU
Optimizing NNI: done in 0.339418 secs using 197.8% CPU
Optimizing NNI: done in 0.557468 secs using 197.9% CPU
Optimizing NNI: done in 0.438195 secs using 197.9% CPU
Optimizing NNI: done in 0.347231 secs using 198.4% CPU
Optimizing NNI: done in 0.384937 secs using 198.2% CPU
Optimizing NNI: done in 0.486531 secs using 197.9% CPU
Optimizing NNI: done in 0.944088 secs using 197.8% CPU
Iteration 90 / LogL: -13849.098 / Time: 0h:0m:45s (0h:0m:5s left)
Optimizing NNI: done in 0.283942 secs using 198.1% CPU
Optimizing NNI: done in 0.460632 secs using 198.4% CPU
Optimizing NNI: done in 0.355218 secs using 198.2% CPU
Optimizing NNI: done in 0.637807 secs using 198.2% CPU
Optimizing NNI: done in 0.427762 secs using 197.9% CPU
Optimizing NNI: done in 0.368767 secs using 198.1% CPU
Optimizing NNI: done in 0.456429 secs using 198.1% CPU
Optimizing NNI: done in 0.393385 secs using 197.9% CPU
Optimizing NNI: done in 0.391287 secs using 198.4% CPU
Optimizing NNI: done in 0.61964 secs using 198.2% CPU
Iteration 100 / LogL: -13849.096 / Time: 0h:0m:49s (0h:0m:0s left)
Log-likelihood cutoff on original alignment: -13878.122
NOTE: Bootstrap correlation coefficient of split occurrence frequencies: 0.999
Optimizing NNI: done in 0.556611 secs using 197.5% CPU
Optimizing NNI: done in 0.487585 secs using 197.3% CPU
TREE SEARCH COMPLETED AFTER 102 ITERATIONS / Time: 0h:0m:51s

--------------------------------------------------------------------
|                    FINALIZING TREE SEARCH                        |
--------------------------------------------------------------------
Performs final model parameters optimization
Estimate model parameters (epsilon = 0.010)
1. Initial log-likelihood: -13848.833
Optimal log-likelihood: -13848.830
Proportion of invariable sites: 0.028
Gamma shape alpha: 1.084
Parameters optimization took 1 rounds (0.082 sec)
BEST SCORE FOUND : -13848.830

Testing tree branches by SH-like aLRT with 1000 replicates...
0.300 sec.
Creating bootstrap support values...
Split supports printed to NEXUS file FungalCW_tree_20231129/255378at4751.aa.mfa.splits.nex
Total tree length: 18.755

Total number of iterations: 102
CPU time used for tree search: 92.540 sec (0h:1m:32s)
Wall-clock time used for tree search: 46.825 sec (0h:0m:46s)
Total CPU time used: 101.907 sec (0h:1m:41s)
Total wall-clock time used: 51.861 sec (0h:0m:51s)

Computing bootstrap consensus tree...
Reading input file FungalCW_tree_20231129/255378at4751.aa.mfa.splits.nex...
17 taxa and 69 splits.
Consensus tree written to FungalCW_tree_20231129/255378at4751.aa.mfa.contree
Reading input trees file FungalCW_tree_20231129/255378at4751.aa.mfa.contree
Log-likelihood of consensus tree: -13849.720

Analysis results written to: 
  IQ-TREE report:                FungalCW_tree_20231129/255378at4751.aa.mfa.iqtree
  Maximum-likelihood tree:       FungalCW_tree_20231129/255378at4751.aa.mfa.treefile
  Likelihood distances:          FungalCW_tree_20231129/255378at4751.aa.mfa.mldist

Ultrafast bootstrap approximation results written to:
  Split support values:          FungalCW_tree_20231129/255378at4751.aa.mfa.splits.nex
  Consensus tree:                FungalCW_tree_20231129/255378at4751.aa.mfa.contree
  Screen log file:               FungalCW_tree_20231129/255378at4751.aa.mfa.log

Date and Time: Wed Nov 29 01:36:23 2023
