IQ-TREE multicore version 2.2.2.6 COVID-edition for Linux 64-bit built May 27 2023
Developed by Bui Quang Minh, James Barbetti, Nguyen Lam Tung,
Olga Chernomor, Heiko Schmidt, Dominik Schrempf, Michael Woodhams, Ly Trong Nhan.

Host:    r11 (AVX2, FMA3, 503 GB RAM)
Command: iqtree2 -s FungalCW_tree_20231129/256914at4751.aa.mfa -gz -B 1000 -alrt 1000 -nt 2
Seed:    520206 (Using SPRNG - Scalable Parallel Random Number Generator)
Time:    Wed Nov 29 02:39:50 2023
Kernel:  AVX+FMA - 2 threads (2 CPU cores detected)

Reading alignment file FungalCW_tree_20231129/256914at4751.aa.mfa ... Fasta format detected
Reading fasta file: done in 0.000208855 secs using 94.8% CPU
Alignment most likely contains protein sequences
Constructing alignment: done in 0.000644922 secs using 167.2% CPU
Alignment has 17 sequences with 713 columns, 689 distinct patterns
387 parsimony-informative, 249 singleton sites, 77 constant sites
                                                               Gap/Ambiguity  Composition  p-value
Analyzing sequences: done in 2.59876e-05 secs using 96.2% CPU
   1  Basidiobolus_meristosporus_CBS_931.73.Basme2finSC.v1            38.43%    passed     75.00%
   2  Botrytis_cinerea_T4                                             25.95%    passed     45.88%
   3  Colletotrichum_graminicola_M1.001                               25.39%    passed     91.15%
   4  Colletotrichum_higginsianum_IMI_349063                          24.68%    passed     88.08%
   5  Fusarium_graminearum_PH-1                                       31.14%    passed     73.37%
   6  Fusarium_verticillioides_7600                                   22.44%    passed     78.56%
   7  Gilbertella_persicaria_var_persicaria_CBS_190.32-T.Gilper1.v1   40.81%    passed     88.22%
   8  Mortierella_elongata_AG-77                                      38.71%    passed     92.73%
   9  Mucor_mucedo_NRRL_3635                                          41.80%    passed     60.09%
  10  Neoconidiobolus_thromboides_FSU_785.Conth1.v1                   39.69%    passed      6.70%
  11  Phycomyces_blakesleeanus_NRRL_1555.Phybl2.v2                    46.00%    passed     81.46%
  12  Rhizopus_stolonifer_NRRL_66455                                  45.16%    passed     75.41%
  13  Trichoderma_harzianum_CBS_226.95                                25.67%    passed     93.61%
  14  Umbelopsis_ramanniana_NRRL_5844.Umbra1.v1                       36.75%    passed     76.66%
  15  Ustilago_maydis                                                 27.49%    passed     10.15%
  16  Zoophthora_radicans_ATCC_208865                                 39.41%    passed      7.38%
  17  Zymoseptoria_tritici_IP0323                                     18.09%    passed      5.06%
****  TOTAL                                                           33.39%  0 sequences failed composition chi2 test (p-value<5%; df=19)
Checking for duplicate sequences: done in 5.38826e-05 secs using 189.3% CPU


Create initial parsimony tree by phylogenetic likelihood library (PLL)... 0.001 seconds
Perform fast likelihood tree search using LG+I+G model...
Estimate model parameters (epsilon = 5.000)
Perform nearest neighbor interchange...
Optimizing NNI: done in 0.118049 secs using 198.5% CPU
Estimate model parameters (epsilon = 1.000)
1. Initial log-likelihood: -12531.976
2. Current log-likelihood: -12530.628
Optimal log-likelihood: -12529.920
Proportion of invariable sites: 0.008
Gamma shape alpha: 0.597
Parameters optimization took 2 rounds (0.110 sec)
Time for fast ML tree search: 0.480 seconds

NOTE: ModelFinder requires 21 MB RAM!
ModelFinder will test up to 1232 protein models (sample size: 713) ...
 No. Model         -LnL         df  AIC          AICc         BIC
  1  LG            13135.321    31  26332.643    26335.556    26474.297
  2  LG+I          13044.638    32  26153.276    26156.382    26299.499
  3  LG+G4         12528.436    32  25120.872    25123.978    25267.095
  4  LG+I+G4       12528.683    33  25123.365    25126.670    25274.158
  5  LG+R2         12576.355    33  25218.711    25222.016    25369.504
  6  LG+R3         12472.198    35  25014.397    25018.119    25174.329
  7  LG+R4         12460.346    37  24994.692    24998.858    25163.763
  8  LG+R5         12460.123    39  24998.245    25002.881    25176.455
 14  LG+I+R2       12539.473    34  25146.946    25150.456    25302.308
 15  LG+I+R3       12471.216    36  25014.433    25018.374    25178.934
 16  LG+I+R4       12460.717    38  24997.433    25001.831    25171.074
 17  LG+I+R5       12459.614    40  24999.228    25004.109    25182.007
 29  LG+F+R4       12379.179    56  24870.358    24880.090    25126.249
 38  LG+F+I+R4     12378.612    57  24871.225    24881.319    25131.685
 51  WAG+R4        12506.773    37  25087.546    25091.712    25256.617
 60  WAG+I+R4      12506.030    38  25088.060    25092.458    25261.700
 73  WAG+F+R4      12426.584    56  24965.168    24974.899    25221.059
 82  WAG+F+I+R4    12426.982    57  24967.965    24978.060    25228.425
 95  JTT+R4        12526.051    37  25126.102    25130.268    25295.172
104  JTT+I+R4      12526.473    38  25128.947    25133.345    25302.587
117  JTT+F+R4      12424.147    56  24960.294    24970.025    25216.185
126  JTT+F+I+R4    12425.344    57  24964.688    24974.782    25225.148
WARNING: Normalizing state frequencies so that sum of them equals to 1
139  Q.pfam+R4     12445.295    37  24964.590    24968.755    25133.660
WARNING: Normalizing state frequencies so that sum of them equals to 1
148  Q.pfam+I+R4   12445.431    38  24966.862    24971.260    25140.503
WARNING: Normalizing state frequencies so that sum of them equals to 1
161  Q.pfam+F+R4   12370.851    56  24853.702    24863.434    25109.593
WARNING: Normalizing state frequencies so that sum of them equals to 1
170  Q.pfam+F+I+R4 12371.335    57  24856.670    24866.764    25117.130
WARNING: Normalizing state frequencies so that sum of them equals to 1
183  Q.bird+R4     12642.584    37  25359.167    25363.333    25528.238
WARNING: Normalizing state frequencies so that sum of them equals to 1
192  Q.bird+I+R4   12642.428    38  25360.856    25365.253    25534.496
WARNING: Normalizing state frequencies so that sum of them equals to 1
205  Q.bird+F+R4   12551.977    56  25215.953    25225.685    25471.844
WARNING: Normalizing state frequencies so that sum of them equals to 1
214  Q.bird+F+I+R4 12549.838    57  25213.676    25223.771    25474.136
WARNING: Normalizing state frequencies so that sum of them equals to 1
227  Q.mammal+R4   12574.220    37  25222.440    25226.606    25391.511
WARNING: Normalizing state frequencies so that sum of them equals to 1
236  Q.mammal+I+R4 12574.504    38  25225.009    25229.406    25398.649
WARNING: Normalizing state frequencies so that sum of them equals to 1
249  Q.mammal+F+R4 12488.833    56  25089.667    25099.398    25345.558
WARNING: Normalizing state frequencies so that sum of them equals to 1
258  Q.mammal+F+I+R4 12487.928    57  25089.857    25099.951    25350.317
271  Q.insect+R4   12488.276    37  25050.552    25054.718    25219.623
280  Q.insect+I+R4 12488.567    38  25053.133    25057.531    25226.774
293  Q.insect+F+R4 12373.023    56  24858.046    24867.777    25113.937
302  Q.insect+F+I+R4 12372.491    57  24858.982    24869.077    25119.443
WARNING: Normalizing state frequencies so that sum of them equals to 1
315  Q.plant+R4    12528.963    37  25131.925    25136.091    25300.996
WARNING: Normalizing state frequencies so that sum of them equals to 1
324  Q.plant+I+R4  12529.296    38  25134.592    25138.990    25308.232
WARNING: Normalizing state frequencies so that sum of them equals to 1
337  Q.plant+F+R4  12438.598    56  24989.195    24998.927    25245.086
WARNING: Normalizing state frequencies so that sum of them equals to 1
346  Q.plant+F+I+R4 12437.786    57  24989.572    24999.667    25250.033
WARNING: Normalizing state frequencies so that sum of them equals to 1
359  Q.yeast+R4    12491.274    37  25056.549    25060.715    25225.620
WARNING: Normalizing state frequencies so that sum of them equals to 1
368  Q.yeast+I+R4  12491.580    38  25059.161    25063.558    25232.801
WARNING: Normalizing state frequencies so that sum of them equals to 1
381  Q.yeast+F+R4  12373.477    56  24858.954    24868.686    25114.845
WARNING: Normalizing state frequencies so that sum of them equals to 1
390  Q.yeast+F+I+R4 12372.591    57  24859.182    24869.277    25119.643
403  JTTDCMut+R4   12528.881    37  25131.763    25135.928    25300.833
412  JTTDCMut+I+R4 12529.278    38  25134.555    25138.953    25308.196
425  JTTDCMut+F+R4 12427.048    56  24966.096    24975.827    25221.987
434  JTTDCMut+F+I+R4 12428.267    57  24970.533    24980.628    25230.994
447  DCMut+R4      12607.007    37  25288.015    25292.181    25457.085
456  DCMut+I+R4    12605.441    38  25286.882    25291.279    25460.522
469  DCMut+F+R4    12470.222    56  25052.445    25062.176    25308.335
478  DCMut+F+I+R4  12469.044    57  25052.089    25062.183    25312.549
491  VT+R4         12518.169    37  25110.338    25114.504    25279.409
500  VT+I+R4       12517.674    38  25111.349    25115.746    25284.989
513  VT+F+R4       12433.913    56  24979.826    24989.558    25235.717
522  VT+F+I+R4     12433.567    57  24981.135    24991.229    25241.595
535  PMB+R4        12647.896    37  25369.793    25373.958    25538.863
544  PMB+I+R4      12657.677    38  25391.354    25395.752    25564.994
557  PMB+F+R4      12485.535    56  25083.071    25092.802    25338.962
566  PMB+F+I+R4    12485.059    57  25084.118    25094.213    25344.578
579  Blosum62+R4   12660.015    37  25394.030    25398.196    25563.101
588  Blosum62+I+R4 12660.438    38  25396.876    25401.273    25570.516
601  Blosum62+F+R4 12490.132    56  25092.264    25101.995    25348.155
610  Blosum62+F+I+R4 12489.451    57  25092.901    25102.996    25353.362
623  Dayhoff+R4    12606.890    37  25287.779    25291.945    25456.850
632  Dayhoff+I+R4  12605.347    38  25286.695    25291.092    25460.335
645  Dayhoff+F+R4  12470.456    56  25052.913    25062.644    25308.804
654  Dayhoff+F+I+R4 12469.258    57  25052.516    25062.610    25312.976
667  mtREV+R4      13318.268    37  26710.537    26714.702    26879.607
676  mtREV+I+R4    13318.897    38  26713.794    26718.191    26887.434
689  mtREV+F+R4    12587.782    56  25287.564    25297.295    25543.455
698  mtREV+F+I+R4  12584.255    57  25282.511    25292.606    25542.971
711  mtART+R4      13517.717    37  27109.433    27113.599    27278.504
720  mtART+I+R4    13518.474    38  27112.948    27117.345    27286.588
733  mtART+F+R4    12641.193    56  25394.386    25404.117    25650.277
742  mtART+F+I+R4  12642.140    57  25398.281    25408.375    25658.741
755  mtZOA+R4      13232.632    37  26539.263    26543.429    26708.334
764  mtZOA+I+R4    13232.497    38  26540.995    26545.392    26714.635
777  mtZOA+F+R4    12550.575    56  25213.151    25222.882    25469.042
786  mtZOA+F+I+R4  12550.129    57  25214.258    25224.353    25474.718
799  mtMet+R4      13396.778    37  26867.557    26871.722    27036.627
808  mtMet+I+R4    13397.257    38  26870.515    26874.912    27044.155
821  mtMet+F+R4    12572.577    56  25257.154    25266.885    25513.045
830  mtMet+F+I+R4  12570.383    57  25254.767    25264.861    25515.227
843  mtVer+R4      13416.928    37  26907.856    26912.022    27076.927
852  mtVer+I+R4    13418.000    38  26912.001    26916.398    27085.641
865  mtVer+F+R4    12699.836    56  25511.672    25521.404    25767.563
874  mtVer+F+I+R4  12700.567    57  25515.133    25525.228    25775.593
887  mtInv+R4      13537.250    37  27148.500    27152.666    27317.571
896  mtInv+I+R4    13534.906    38  27145.812    27150.210    27319.452
909  mtInv+F+R4    12506.233    56  25124.467    25134.199    25380.358
918  mtInv+F+I+R4  12504.231    57  25122.461    25132.556    25382.922
931  mtMAM+R4      13542.795    37  27159.589    27163.755    27328.660
940  mtMAM+I+R4    13544.693    38  27165.386    27169.784    27339.027
953  mtMAM+F+R4    12766.926    56  25645.852    25655.584    25901.743
962  mtMAM+F+I+R4  12766.924    57  25647.849    25657.944    25908.309
WARNING: Normalizing state frequencies so that sum of them equals to 1
975  FLAVI+R4      12927.826    37  25929.652    25933.818    26098.723
WARNING: Normalizing state frequencies so that sum of them equals to 1
984  FLAVI+I+R4    12928.122    38  25932.244    25936.642    26105.885
WARNING: Normalizing state frequencies so that sum of them equals to 1
997  FLAVI+F+R4    12740.447    56  25592.894    25602.626    25848.785
WARNING: Normalizing state frequencies so that sum of them equals to 1
1006  FLAVI+F+I+R4  12742.453    57  25598.907    25609.002    25859.367
1019  HIVb+R4       12783.696    37  25641.392    25645.558    25810.463
1028  HIVb+I+R4     12785.734    38  25647.468    25651.865    25821.108
1041  HIVb+F+R4     12575.899    56  25263.798    25273.530    25519.689
1050  HIVb+F+I+R4   12575.187    57  25264.375    25274.470    25524.835
1063  HIVw+R4       13236.057    37  26546.114    26550.280    26715.185
1072  HIVw+I+R4     13234.450    38  26544.901    26549.299    26718.541
1085  HIVw+F+R4     12833.315    56  25778.631    25788.362    26034.522
1094  HIVw+F+I+R4   12832.739    57  25779.478    25789.572    26039.938
1107  FLU+R4        12748.206    37  25570.412    25574.578    25739.482
1116  FLU+I+R4      12748.949    38  25573.899    25578.296    25747.539
1129  FLU+F+R4      12542.110    56  25196.219    25205.951    25452.110
1138  FLU+F+I+R4    12541.284    57  25196.567    25206.662    25457.028
1151  rtREV+R4      12593.156    37  25260.312    25264.478    25429.383
1160  rtREV+I+R4    12592.896    38  25261.792    25266.189    25435.432
1173  rtREV+F+R4    12397.546    56  24907.091    24916.823    25162.982
1182  rtREV+F+I+R4  12398.058    57  24910.116    24920.211    25170.577
1195  cpREV+R4      12643.641    37  25361.281    25365.447    25530.352
1204  cpREV+I+R4    12642.761    38  25361.521    25365.919    25535.162
1217  cpREV+F+R4    12523.809    56  25159.619    25169.350    25415.510
1226  cpREV+F+I+R4  12522.993    57  25159.986    25170.080    25420.446
Akaike Information Criterion:           Q.pfam+F+R4
Corrected Akaike Information Criterion: Q.pfam+F+R4
Bayesian Information Criterion:         Q.pfam+F+R4
Best-fit model: Q.pfam+F+R4 chosen according to BIC

All model information printed to FungalCW_tree_20231129/256914at4751.aa.mfa.model.gz
CPU time for ModelFinder: 393.277 seconds (0h:6m:33s)
Wall-clock time for ModelFinder: 197.654 seconds (0h:3m:17s)
Generating 1000 samples for ultrafast bootstrap (seed: 520206)...
WARNING: Normalizing state frequencies so that sum of them equals to 1

NOTE: 10 MB RAM (0 GB) is required!
Estimate model parameters (epsilon = 0.100)
1. Initial log-likelihood: -12370.851
Optimal log-likelihood: -12370.801
Site proportion and rates:  (0.262,0.038) (0.440,0.173) (0.083,0.959) (0.214,3.893)
Parameters optimization took 1 rounds (0.110 sec)
Wrote distance file to... 
Computing ML distances based on estimated model parameters...
Calculating distance matrix: done in 0.0295861 secs using 199.6% CPU
Computing ML distances took 0.029672 sec (of wall-clock time) 0.059192 sec (of CPU time)
WARNING: Some pairwise ML distances are too long (saturated)
Setting up auxiliary I and S matrices: done in 4.00543e-05 secs using 691.6% CPU
Constructing RapidNJ tree: done in 0.00018096 secs using 196.7% CPU
Computing RapidNJ tree took 0.000265 sec (of wall-clock time) 0.000723 sec (of CPU time)
Log-likelihood of RapidNJ tree: -12384.996
--------------------------------------------------------------------
|             INITIALIZING CANDIDATE TREE SET                      |
--------------------------------------------------------------------
Generating 98 parsimony trees... 0.181 second
Computing log-likelihood of 98 initial trees ... 1.209 seconds
Current best score: -12370.801

Do NNI search on 20 best initial trees
Optimizing NNI: done in 0.0528219 secs using 199.2% CPU
Estimate model parameters (epsilon = 0.100)
BETTER TREE FOUND at iteration 1: -12370.764
Optimizing NNI: done in 0.0911071 secs using 198.3% CPU
Optimizing NNI: done in 0.257046 secs using 199.4% CPU
Optimizing NNI: done in 0.232636 secs using 199.5% CPU
Optimizing NNI: done in 0.231826 secs using 199.4% CPU
Optimizing NNI: done in 0.22756 secs using 199.5% CPU
Optimizing NNI: done in 0.26457 secs using 199.6% CPU
Optimizing NNI: done in 0.227647 secs using 199.5% CPU
Optimizing NNI: done in 0.325232 secs using 199.4% CPU
Optimizing NNI: done in 0.25883 secs using 199.4% CPU
Iteration 10 / LogL: -12372.488 / Time: 0h:0m:4s
Optimizing NNI: done in 0.255546 secs using 199.4% CPU
Optimizing NNI: done in 0.341008 secs using 199.4% CPU
Optimizing NNI: done in 0.249421 secs using 199.4% CPU
Optimizing NNI: done in 0.255974 secs using 199.8% CPU
Optimizing NNI: done in 0.278318 secs using 199.4% CPU
Optimizing NNI: done in 0.273404 secs using 198.9% CPU
Optimizing NNI: done in 0.487707 secs using 199.4% CPU
Optimizing NNI: done in 0.222799 secs using 199.5% CPU
Optimizing NNI: done in 0.259701 secs using 199.4% CPU
Optimizing NNI: done in 0.273673 secs using 199.1% CPU
Iteration 20 / LogL: -12372.542 / Time: 0h:0m:6s
Finish initializing candidate tree set (2)
Current best tree score: -12370.764 / CPU time: 6.631
Number of iterations: 20
--------------------------------------------------------------------
|               OPTIMIZING CANDIDATE TREE SET                      |
--------------------------------------------------------------------
Optimizing NNI: done in 0.188008 secs using 199.4% CPU
Optimizing NNI: done in 0.209518 secs using 199.6% CPU
Optimizing NNI: done in 0.265821 secs using 199.7% CPU
Optimizing NNI: done in 0.358673 secs using 199.4% CPU
Optimizing NNI: done in 0.171212 secs using 199.6% CPU
Optimizing NNI: done in 0.189461 secs using 199.6% CPU
Optimizing NNI: done in 0.208896 secs using 199.4% CPU
Optimizing NNI: done in 0.170438 secs using 199.8% CPU
Optimizing NNI: done in 0.177225 secs using 199.4% CPU
Optimizing NNI: done in 0.332841 secs using 199.4% CPU
Iteration 30 / LogL: -12370.778 / Time: 0h:0m:9s (0h:0m:22s left)
Optimizing NNI: done in 0.152829 secs using 199.4% CPU
Optimizing NNI: done in 0.241932 secs using 199.3% CPU
Optimizing NNI: done in 0.253434 secs using 199.3% CPU
Optimizing NNI: done in 0.197882 secs using 199.5% CPU
Optimizing NNI: done in 0.330967 secs using 199.4% CPU
Optimizing NNI: done in 0.303621 secs using 198.9% CPU
Optimizing NNI: done in 0.216029 secs using 198.1% CPU
Optimizing NNI: done in 0.15135 secs using 199.5% CPU
Optimizing NNI: done in 0.184447 secs using 198.9% CPU
Optimizing NNI: done in 0.177186 secs using 199.7% CPU
Iteration 40 / LogL: -12371.113 / Time: 0h:0m:11s (0h:0m:18s left)
Optimizing NNI: done in 0.095361 secs using 200.1% CPU
Optimizing NNI: done in 0.197635 secs using 198.9% CPU
Optimizing NNI: done in 0.197379 secs using 199.7% CPU
Optimizing NNI: done in 0.272823 secs using 199.4% CPU
Optimizing NNI: done in 0.204497 secs using 199.7% CPU
Optimizing NNI: done in 0.155228 secs using 199.1% CPU
Optimizing NNI: done in 0.19765 secs using 199.6% CPU
Optimizing NNI: done in 0.283127 secs using 199.1% CPU
Optimizing NNI: done in 0.335786 secs using 199.4% CPU
Optimizing NNI: done in 0.1788 secs using 199.7% CPU
Iteration 50 / LogL: -12370.949 / Time: 0h:0m:13s (0h:0m:14s left)
Log-likelihood cutoff on original alignment: -12398.406
Optimizing NNI: done in 0.276197 secs using 198.8% CPU
Optimizing NNI: done in 0.224744 secs using 199% CPU
Optimizing NNI: done in 0.305481 secs using 199.5% CPU
Optimizing NNI: done in 0.238815 secs using 199.1% CPU
Optimizing NNI: done in 0.185564 secs using 199.4% CPU
Optimizing NNI: done in 0.192606 secs using 199.4% CPU
Optimizing NNI: done in 0.219037 secs using 199.6% CPU
Optimizing NNI: done in 0.252746 secs using 199.3% CPU
Optimizing NNI: done in 0.186122 secs using 199.4% CPU
Optimizing NNI: done in 0.17903 secs using 199.5% CPU
Iteration 60 / LogL: -12372.118 / Time: 0h:0m:16s (0h:0m:11s left)
Optimizing NNI: done in 0.230116 secs using 198.9% CPU
Optimizing NNI: done in 0.218761 secs using 199.7% CPU
Optimizing NNI: done in 0.266971 secs using 199.7% CPU
Optimizing NNI: done in 0.178967 secs using 199.9% CPU
Optimizing NNI: done in 0.170252 secs using 199.9% CPU
Optimizing NNI: done in 0.180325 secs using 199.4% CPU
Optimizing NNI: done in 0.228604 secs using 199.2% CPU
Optimizing NNI: done in 0.192696 secs using 198.8% CPU
Optimizing NNI: done in 0.316524 secs using 199.5% CPU
UPDATE BEST LOG-LIKELIHOOD: -12370.762
Optimizing NNI: done in 0.163651 secs using 199.4% CPU
Iteration 70 / LogL: -12370.770 / Time: 0h:0m:18s (0h:0m:8s left)
Optimizing NNI: done in 0.263729 secs using 199.7% CPU
Optimizing NNI: done in 0.231637 secs using 199.7% CPU
Optimizing NNI: done in 0.168414 secs using 199.4% CPU
Optimizing NNI: done in 0.211515 secs using 199.4% CPU
Optimizing NNI: done in 0.135262 secs using 199.4% CPU
Optimizing NNI: done in 0.133837 secs using 200% CPU
Optimizing NNI: done in 0.278525 secs using 199.4% CPU
Optimizing NNI: done in 0.3056 secs using 199.4% CPU
Optimizing NNI: done in 0.246062 secs using 199.4% CPU
Optimizing NNI: done in 0.268786 secs using 199.4% CPU
Iteration 80 / LogL: -12370.763 / Time: 0h:0m:20s (0h:0m:5s left)
Optimizing NNI: done in 0.254504 secs using 199.3% CPU
Optimizing NNI: done in 0.208305 secs using 199.7% CPU
Optimizing NNI: done in 0.205735 secs using 199.4% CPU
Optimizing NNI: done in 0.321141 secs using 198.5% CPU
Optimizing NNI: done in 0.206718 secs using 199.3% CPU
Optimizing NNI: done in 0.172224 secs using 199.4% CPU
Optimizing NNI: done in 0.209038 secs using 199.3% CPU
Optimizing NNI: done in 0.25352 secs using 199.6% CPU
Optimizing NNI: done in 0.238048 secs using 199.4% CPU
Optimizing NNI: done in 0.181351 secs using 199.4% CPU
Iteration 90 / LogL: -12372.241 / Time: 0h:0m:22s (0h:0m:2s left)
Optimizing NNI: done in 0.174235 secs using 199.7% CPU
Optimizing NNI: done in 0.235682 secs using 199.1% CPU
Optimizing NNI: done in 0.330861 secs using 199.6% CPU
Optimizing NNI: done in 0.323886 secs using 199.4% CPU
Optimizing NNI: done in 0.196951 secs using 199.7% CPU
Optimizing NNI: done in 0.247368 secs using 199.7% CPU
Optimizing NNI: done in 0.251649 secs using 199.4% CPU
Optimizing NNI: done in 0.220535 secs using 199.1% CPU
Optimizing NNI: done in 0.267274 secs using 199.6% CPU
Optimizing NNI: done in 0.106403 secs using 200.2% CPU
Iteration 100 / LogL: -12371.135 / Time: 0h:0m:25s (0h:0m:0s left)
Log-likelihood cutoff on original alignment: -12398.406
NOTE: Bootstrap correlation coefficient of split occurrence frequencies: 0.999
Optimizing NNI: done in 0.209752 secs using 198.8% CPU
Optimizing NNI: done in 0.239698 secs using 199.2% CPU
TREE SEARCH COMPLETED AFTER 102 ITERATIONS / Time: 0h:0m:25s

--------------------------------------------------------------------
|                    FINALIZING TREE SEARCH                        |
--------------------------------------------------------------------
Performs final model parameters optimization
Estimate model parameters (epsilon = 0.010)
1. Initial log-likelihood: -12370.762
2. Current log-likelihood: -12370.745
3. Current log-likelihood: -12370.729
4. Current log-likelihood: -12370.715
5. Current log-likelihood: -12370.703
Optimal log-likelihood: -12370.690
Site proportion and rates:  (0.261,0.037) (0.441,0.169) (0.085,0.944) (0.213,3.929)
Parameters optimization took 5 rounds (0.505 sec)
BEST SCORE FOUND : -12370.690

Testing tree branches by SH-like aLRT with 1000 replicates...
0.148 sec.
Creating bootstrap support values...
Split supports printed to NEXUS file FungalCW_tree_20231129/256914at4751.aa.mfa.splits.nex
Total tree length: 47.829

Total number of iterations: 102
CPU time used for tree search: 50.784 sec (0h:0m:50s)
Wall-clock time used for tree search: 25.495 sec (0h:0m:25s)
Total CPU time used: 52.763 sec (0h:0m:52s)
Total wall-clock time used: 26.550 sec (0h:0m:26s)

Computing bootstrap consensus tree...
Reading input file FungalCW_tree_20231129/256914at4751.aa.mfa.splits.nex...
17 taxa and 66 splits.
Consensus tree written to FungalCW_tree_20231129/256914at4751.aa.mfa.contree
Reading input trees file FungalCW_tree_20231129/256914at4751.aa.mfa.contree
Log-likelihood of consensus tree: -12372.143

Analysis results written to: 
  IQ-TREE report:                FungalCW_tree_20231129/256914at4751.aa.mfa.iqtree
  Maximum-likelihood tree:       FungalCW_tree_20231129/256914at4751.aa.mfa.treefile
  Likelihood distances:          FungalCW_tree_20231129/256914at4751.aa.mfa.mldist

Ultrafast bootstrap approximation results written to:
  Split support values:          FungalCW_tree_20231129/256914at4751.aa.mfa.splits.nex
  Consensus tree:                FungalCW_tree_20231129/256914at4751.aa.mfa.contree
  Screen log file:               FungalCW_tree_20231129/256914at4751.aa.mfa.log

Date and Time: Wed Nov 29 02:43:34 2023
