IQ-TREE multicore version 2.2.2.6 COVID-edition for Linux 64-bit built May 27 2023
Developed by Bui Quang Minh, James Barbetti, Nguyen Lam Tung,
Olga Chernomor, Heiko Schmidt, Dominik Schrempf, Michael Woodhams, Ly Trong Nhan.

Host:    r12 (AVX2, FMA3, 503 GB RAM)
Command: iqtree2 -s FungalCW_tree_20231129/257330at4751.aa.mfa -gz -B 1000 -alrt 1000 -nt 2
Seed:    536504 (Using SPRNG - Scalable Parallel Random Number Generator)
Time:    Wed Nov 29 02:22:42 2023
Kernel:  AVX+FMA - 2 threads (2 CPU cores detected)

Reading alignment file FungalCW_tree_20231129/257330at4751.aa.mfa ... Fasta format detected
Reading fasta file: done in 0.000257969 secs using 19.38% CPU
Alignment most likely contains protein sequences
Constructing alignment: done in 0.000796795 secs using 128.9% CPU
Alignment has 15 sequences with 635 columns, 601 distinct patterns
366 parsimony-informative, 208 singleton sites, 61 constant sites
                                                               Gap/Ambiguity  Composition  p-value
Analyzing sequences: done in 3.19481e-05 secs using 40.69% CPU
   1  Basidiobolus_meristosporus_CBS_931.73.Basme2finSC.v1            34.33%    passed     29.28%
   2  Botrytis_cinerea_T4                                              9.92%    passed     70.87%
   3  Colletotrichum_graminicola_M1.001                               13.86%    passed     99.61%
   4  Colletotrichum_higginsianum_IMI_349063                          13.54%    passed     98.94%
   5  Fusarium_graminearum_PH-1                                       17.32%    passed     99.72%
   6  Fusarium_verticillioides_7600                                   17.80%    passed     99.46%
   7  Gilbertella_persicaria_var_persicaria_CBS_190.32-T.Gilper1.v1   34.33%    passed     95.56%
   8  Mortierella_elongata_AG-77                                      31.34%    passed     86.29%
   9  Mucor_mucedo_NRRL_3635                                          34.96%    passed     94.63%
  10  Phycomyces_blakesleeanus_NRRL_1555.Phybl2.v2                    58.11%    passed     31.64%
  11  Rhizopus_stolonifer_NRRL_66455                                  34.02%    passed     79.10%
  12  Trichoderma_harzianum_CBS_226.95                                16.38%    passed     92.83%
  13  Umbelopsis_ramanniana_NRRL_5844.Umbra1.v1                       31.34%    passed     89.46%
  14  Ustilago_maydis                                                 23.15%    passed      7.98%
  15  Zymoseptoria_tritici_IP0323                                     14.17%    passed     53.93%
WARNING: 1 sequences contain more than 50% gaps/ambiguity
****  TOTAL                                                           25.64%  0 sequences failed composition chi2 test (p-value<5%; df=19)
Checking for duplicate sequences: done in 5.6982e-05 secs using 71.95% CPU


Create initial parsimony tree by phylogenetic likelihood library (PLL)... 0.001 seconds
Perform fast likelihood tree search using LG+I+G model...
Estimate model parameters (epsilon = 5.000)
Perform nearest neighbor interchange...
Optimizing NNI: done in 0.108616 secs using 197.6% CPU
Estimate model parameters (epsilon = 1.000)
1. Initial log-likelihood: -13462.757
2. Current log-likelihood: -13461.606
Optimal log-likelihood: -13460.798
Proportion of invariable sites: 0.013
Gamma shape alpha: 0.546
Parameters optimization took 2 rounds (0.162 sec)
Time for fast ML tree search: 0.508 seconds

NOTE: ModelFinder requires 16 MB RAM!
ModelFinder will test up to 1232 protein models (sample size: 635) ...
 No. Model         -LnL         df  AIC          AICc         BIC
  1  LG            14226.955    27  28507.911    28510.402    28628.159
  2  LG+I          14026.899    28  28109.799    28112.479    28234.500
  3  LG+G4         13458.455    28  26972.910    26975.590    27097.612
  4  LG+I+G4       13458.691    29  26975.382    26978.258    27104.537
  5  LG+R2         13557.240    29  27172.479    27175.355    27301.634
  6  LG+R3         13474.816    31  27011.631    27014.921    27149.693
  7  LG+R4         13443.443    33  26952.886    26956.620    27099.856
  8  LG+R5         13443.512    35  26957.024    26961.231    27112.901
 14  LG+I+R2       13515.496    30  27090.993    27094.072    27224.602
 15  LG+I+R3       13462.541    32  26989.082    26992.590    27131.598
 16  LG+I+R4       13443.735    34  26955.470    26959.437    27106.893
 17  LG+I+R5       13443.361    36  26958.722    26963.176    27119.052
 25  LG+F+G4       13279.598    47  26653.197    26660.883    26862.517
 26  LG+F+I+G4     13279.735    48  26655.471    26663.498    26869.245
 29  LG+F+R4       13261.548    52  26627.096    26636.567    26858.684
 38  LG+F+I+R4     13261.898    53  26629.797    26639.649    26865.839
 47  WAG+G4        13433.209    28  26922.417    26925.097    27047.119
 48  WAG+I+G4      13433.565    29  26925.130    26928.006    27054.285
 51  WAG+R4        13419.883    33  26905.767    26909.501    27052.736
 60  WAG+I+R4      13420.204    34  26908.409    26912.375    27059.832
 69  WAG+F+G4      13287.324    47  26668.648    26676.335    26877.968
 70  WAG+F+I+G4    13287.636    48  26671.273    26679.300    26885.047
 73  WAG+F+R4      13271.958    52  26647.915    26657.386    26879.504
 82  WAG+F+I+R4    13272.844    53  26651.689    26661.541    26887.731
 91  JTT+G4        13508.578    28  27073.155    27075.835    27197.857
 92  JTT+I+G4      13508.972    29  27075.944    27078.820    27205.099
 95  JTT+R4        13497.705    33  27061.410    27065.143    27208.379
104  JTT+I+R4      13498.381    34  27064.762    27068.728    27216.185
113  JTT+F+G4      13341.745    47  26777.491    26785.177    26986.811
114  JTT+F+I+G4    13342.029    48  26780.058    26788.085    26993.832
117  JTT+F+R4      13329.230    52  26762.459    26771.930    26994.048
126  JTT+F+I+R4    13330.012    53  26766.025    26775.877    27002.067
WARNING: Normalizing state frequencies so that sum of them equals to 1
135  Q.pfam+G4     13420.191    28  26896.382    26899.062    27021.083
WARNING: Normalizing state frequencies so that sum of them equals to 1
136  Q.pfam+I+G4   13420.461    29  26898.922    26901.798    27028.077
WARNING: Normalizing state frequencies so that sum of them equals to 1
139  Q.pfam+R4     13406.724    33  26879.448    26883.181    27026.417
WARNING: Normalizing state frequencies so that sum of them equals to 1
148  Q.pfam+I+R4   13407.441    34  26882.883    26886.850    27034.306
WARNING: Normalizing state frequencies so that sum of them equals to 1
157  Q.pfam+F+G4   13260.466    47  26614.932    26622.618    26824.252
WARNING: Normalizing state frequencies so that sum of them equals to 1
158  Q.pfam+F+I+G4 13260.716    48  26617.432    26625.459    26831.206
WARNING: Normalizing state frequencies so that sum of them equals to 1
161  Q.pfam+F+R4   13244.695    52  26593.391    26602.862    26824.979
WARNING: Normalizing state frequencies so that sum of them equals to 1
170  Q.pfam+F+I+R4 13245.646    53  26597.292    26607.144    26833.334
WARNING: Normalizing state frequencies so that sum of them equals to 1
179  Q.bird+G4     13709.022    28  27474.044    27476.724    27598.746
WARNING: Normalizing state frequencies so that sum of them equals to 1
180  Q.bird+I+G4   13709.420    29  27476.840    27479.716    27605.995
WARNING: Normalizing state frequencies so that sum of them equals to 1
183  Q.bird+R4     13691.554    33  27449.108    27452.842    27596.078
WARNING: Normalizing state frequencies so that sum of them equals to 1
192  Q.bird+I+R4   13691.345    34  27450.690    27454.657    27602.114
WARNING: Normalizing state frequencies so that sum of them equals to 1
201  Q.bird+F+G4   13492.696    47  27079.392    27087.079    27288.713
WARNING: Normalizing state frequencies so that sum of them equals to 1
202  Q.bird+F+I+G4 13492.952    48  27081.904    27089.931    27295.678
WARNING: Normalizing state frequencies so that sum of them equals to 1
205  Q.bird+F+R4   13475.273    52  27054.546    27064.016    27286.134
WARNING: Normalizing state frequencies so that sum of them equals to 1
214  Q.bird+F+I+R4 13475.382    53  27056.764    27066.616    27292.806
WARNING: Normalizing state frequencies so that sum of them equals to 1
223  Q.mammal+G4   13643.284    28  27342.567    27345.247    27467.269
WARNING: Normalizing state frequencies so that sum of them equals to 1
224  Q.mammal+I+G4 13643.798    29  27345.597    27348.473    27474.752
WARNING: Normalizing state frequencies so that sum of them equals to 1
227  Q.mammal+R4   13627.297    33  27320.594    27324.328    27467.563
WARNING: Normalizing state frequencies so that sum of them equals to 1
236  Q.mammal+I+R4 13627.632    34  27323.264    27327.230    27474.687
WARNING: Normalizing state frequencies so that sum of them equals to 1
245  Q.mammal+F+G4 13430.293    47  26954.585    26962.272    27163.906
WARNING: Normalizing state frequencies so that sum of them equals to 1
246  Q.mammal+F+I+G4 13430.524    48  26957.048    26965.075    27170.822
WARNING: Normalizing state frequencies so that sum of them equals to 1
249  Q.mammal+F+R4 13414.778    52  26933.556    26943.027    27165.144
WARNING: Normalizing state frequencies so that sum of them equals to 1
258  Q.mammal+F+I+R4 13415.456    53  26936.911    26946.763    27172.953
267  Q.insect+G4   13611.737    28  27279.474    27282.154    27404.176
268  Q.insect+I+G4 13612.197    29  27282.393    27285.269    27411.548
271  Q.insect+R4   13600.286    33  27266.573    27270.307    27413.542
280  Q.insect+I+R4 13600.985    34  27269.970    27273.936    27421.393
289  Q.insect+F+G4 13306.070    47  26706.140    26713.826    26915.460
290  Q.insect+F+I+G4 13306.288    48  26708.576    26716.603    26922.350
293  Q.insect+F+R4 13290.326    52  26684.651    26694.122    26916.240
302  Q.insect+F+I+R4 13291.153    53  26688.306    26698.158    26924.348
WARNING: Normalizing state frequencies so that sum of them equals to 1
311  Q.plant+G4    13622.011    28  27300.022    27302.702    27424.724
WARNING: Normalizing state frequencies so that sum of them equals to 1
312  Q.plant+I+G4  13622.190    29  27302.381    27305.257    27431.536
WARNING: Normalizing state frequencies so that sum of them equals to 1
315  Q.plant+R4    13606.632    33  27279.263    27282.997    27426.233
WARNING: Normalizing state frequencies so that sum of them equals to 1
324  Q.plant+I+R4  13607.254    34  27282.508    27286.474    27433.931
WARNING: Normalizing state frequencies so that sum of them equals to 1
333  Q.plant+F+G4  13393.991    47  26881.981    26889.668    27091.302
WARNING: Normalizing state frequencies so that sum of them equals to 1
334  Q.plant+F+I+G4 13394.120    48  26884.240    26892.267    27098.014
WARNING: Normalizing state frequencies so that sum of them equals to 1
337  Q.plant+F+R4  13376.131    52  26856.262    26865.733    27087.851
WARNING: Normalizing state frequencies so that sum of them equals to 1
346  Q.plant+F+I+R4 13376.408    53  26858.816    26868.668    27094.858
WARNING: Normalizing state frequencies so that sum of them equals to 1
355  Q.yeast+G4    13597.655    28  27251.309    27253.989    27376.011
WARNING: Normalizing state frequencies so that sum of them equals to 1
356  Q.yeast+I+G4  13597.988    29  27253.976    27256.852    27383.132
WARNING: Normalizing state frequencies so that sum of them equals to 1
359  Q.yeast+R4    13584.441    33  27234.882    27238.616    27381.852
WARNING: Normalizing state frequencies so that sum of them equals to 1
368  Q.yeast+I+R4  13585.164    34  27238.328    27242.295    27389.751
WARNING: Normalizing state frequencies so that sum of them equals to 1
377  Q.yeast+F+G4  13286.870    47  26667.739    26675.426    26877.059
WARNING: Normalizing state frequencies so that sum of them equals to 1
378  Q.yeast+F+I+G4 13287.031    48  26670.062    26678.089    26883.836
WARNING: Normalizing state frequencies so that sum of them equals to 1
381  Q.yeast+F+R4  13268.645    52  26641.290    26650.761    26872.878
WARNING: Normalizing state frequencies so that sum of them equals to 1
390  Q.yeast+F+I+R4 13269.534    53  26645.068    26654.920    26881.110
399  JTTDCMut+G4   13508.140    28  27072.281    27074.961    27196.982
400  JTTDCMut+I+G4 13508.478    29  27074.956    27077.832    27204.111
403  JTTDCMut+R4   13497.215    33  27060.429    27064.163    27207.399
412  JTTDCMut+I+R4 13497.940    34  27063.879    27067.846    27215.303
421  JTTDCMut+F+G4 13342.323    47  26778.646    26786.333    26987.967
422  JTTDCMut+F+I+G4 13342.705    48  26781.409    26789.437    26995.183
425  JTTDCMut+F+R4 13329.830    52  26763.660    26773.131    26995.248
434  JTTDCMut+F+I+R4 13330.568    53  26767.137    26776.989    27003.179
443  DCMut+G4      13553.912    28  27163.824    27166.503    27288.525
444  DCMut+I+G4    13554.518    29  27167.036    27169.912    27296.191
447  DCMut+R4      13541.645    33  27149.289    27153.023    27296.259
456  DCMut+I+R4    13542.317    34  27152.634    27156.601    27304.058
465  DCMut+F+G4    13349.104    47  26792.208    26799.894    27001.528
466  DCMut+F+I+G4  13349.649    48  26795.298    26803.326    27009.072
469  DCMut+F+R4    13334.545    52  26773.091    26782.561    27004.679
478  DCMut+F+I+R4  13335.400    53  26776.801    26786.653    27012.843
487  VT+G4         13421.938    28  26899.877    26902.556    27024.578
488  VT+I+G4       13422.422    29  26902.843    26905.719    27031.998
491  VT+R4         13412.523    33  26891.046    26894.780    27038.016
500  VT+I+R4       13412.826    34  26893.652    26897.618    27045.075
509  VT+F+G4       13271.364    47  26636.728    26644.415    26846.049
510  VT+F+I+G4     13271.874    48  26639.749    26647.776    26853.523
513  VT+F+R4       13260.204    52  26624.409    26633.879    26855.997
522  VT+F+I+R4     13260.753    53  26627.507    26637.359    26863.549
531  PMB+G4        13512.953    28  27081.907    27084.587    27206.608
532  PMB+I+G4      13513.132    29  27084.264    27087.140    27213.419
535  PMB+R4        13505.243    33  27076.486    27080.220    27223.455
544  PMB+I+R4      13505.534    34  27079.067    27083.034    27230.490
553  PMB+F+G4      13284.838    47  26663.676    26671.362    26872.996
554  PMB+F+I+G4    13285.395    48  26666.790    26674.817    26880.564
557  PMB+F+R4      13273.762    52  26651.524    26660.995    26883.113
566  PMB+F+I+R4    13274.212    53  26654.424    26664.276    26890.466
575  Blosum62+G4   13528.876    28  27113.751    27116.431    27238.453
576  Blosum62+I+G4 13529.235    29  27116.471    27119.347    27245.626
579  Blosum62+R4   13520.427    33  27106.854    27110.588    27253.824
588  Blosum62+I+R4 13520.755    34  27109.510    27113.476    27260.933
597  Blosum62+F+G4 13287.345    47  26668.690    26676.377    26878.011
598  Blosum62+F+I+G4 13287.889    48  26671.778    26679.805    26885.552
601  Blosum62+F+R4 13274.771    52  26653.543    26663.014    26885.131
610  Blosum62+F+I+R4 13275.560    53  26657.119    26666.971    26893.161
619  Dayhoff+G4    13554.557    28  27165.114    27167.794    27289.816
620  Dayhoff+I+G4  13555.173    29  27168.345    27171.221    27297.500
623  Dayhoff+R4    13542.198    33  27150.396    27154.130    27297.366
632  Dayhoff+I+R4  13542.877    34  27153.754    27157.720    27305.177
641  Dayhoff+F+G4  13349.752    47  26793.504    26801.190    27002.824
642  Dayhoff+F+I+G4 13350.298    48  26796.596    26804.624    27010.370
645  Dayhoff+F+R4  13335.070    52  26774.139    26783.610    27005.728
654  Dayhoff+F+I+R4 13335.869    53  26777.739    26787.591    27013.781
663  mtREV+G4      14140.585    28  28337.171    28339.850    28461.872
664  mtREV+I+G4    14141.118    29  28340.236    28343.112    28469.391
667  mtREV+R4      14123.623    33  28313.246    28316.980    28460.216
676  mtREV+I+R4    14124.139    34  28316.277    28320.244    28467.700
685  mtREV+F+G4    13405.670    47  26905.341    26913.027    27114.661
686  mtREV+F+I+G4  13405.705    48  26907.409    26915.437    27121.183
689  mtREV+F+R4    13376.070    52  26856.140    26865.610    27087.728
698  mtREV+F+I+R4  13376.020    53  26858.040    26867.892    27094.082
707  mtART+G4      14425.421    28  28906.842    28909.522    29031.544
708  mtART+I+G4    14425.500    29  28909.000    28911.876    29038.155
711  mtART+R4      14410.640    33  28887.280    28891.013    29034.249
720  mtART+I+R4    14408.981    34  28885.962    28889.928    29037.385
729  mtART+F+G4    13488.393    47  27070.787    27078.473    27280.107
730  mtART+F+I+G4  13488.400    48  27072.800    27080.827    27286.574
733  mtART+F+R4    13446.254    52  26996.509    27005.979    27228.097
742  mtART+F+I+R4  13444.946    53  26995.893    27005.745    27231.935
751  mtZOA+G4      14150.241    28  28356.481    28359.161    28481.183
752  mtZOA+I+G4    14150.314    29  28358.628    28361.504    28487.783
755  mtZOA+R4      14139.539    33  28345.079    28348.813    28492.049
764  mtZOA+I+R4    14139.929    34  28347.859    28351.825    28499.282
773  mtZOA+F+G4    13395.258    47  26884.516    26892.203    27093.836
774  mtZOA+F+I+G4  13395.253    48  26886.507    26894.534    27100.281
777  mtZOA+F+R4    13357.132    52  26818.265    26827.735    27049.853
786  mtZOA+F+I+R4  13356.807    53  26819.614    26829.466    27055.656
795  mtMet+G4      14362.069    28  28780.139    28782.819    28904.840
796  mtMet+I+G4    14361.136    29  28780.273    28783.149    28909.428
799  mtMet+R4      14356.193    33  28778.385    28782.119    28925.355
808  mtMet+I+R4    14358.961    34  28785.922    28789.888    28937.345
817  mtMet+F+G4    13409.005    47  26912.011    26919.697    27121.331
818  mtMet+F+I+G4  13409.060    48  26914.119    26922.147    27127.893
821  mtMet+F+R4    13382.312    52  26868.623    26878.094    27100.212
830  mtMet+F+I+R4  13382.342    53  26870.684    26880.536    27106.726
839  mtVer+G4      14278.761    28  28613.522    28616.202    28738.224
840  mtVer+I+G4    14277.996    29  28613.991    28616.867    28743.147
843  mtVer+R4      14268.643    33  28603.286    28607.020    28750.255
852  mtVer+I+R4    14268.893    34  28605.785    28609.752    28757.209
861  mtVer+F+G4    13511.036    47  27116.071    27123.758    27325.392
862  mtVer+F+I+G4  13511.111    48  27118.222    27126.249    27331.996
865  mtVer+F+R4    13483.456    52  27070.912    27080.383    27302.500
874  mtVer+F+I+R4  13483.479    53  27072.957    27082.809    27309.000
883  mtInv+G4      14556.240    28  29168.480    29171.160    29293.182
884  mtInv+I+G4    14555.102    29  29168.203    29171.079    29297.359
887  mtInv+R4      14548.282    33  29162.565    29166.299    29309.535
896  mtInv+I+R4    14548.400    34  29164.799    29168.766    29316.223
905  mtInv+F+G4    13360.378    47  26814.756    26822.442    27024.076
906  mtInv+F+I+G4  13360.458    48  26816.916    26824.943    27030.690
909  mtInv+F+R4    13335.313    52  26774.625    26784.096    27006.214
918  mtInv+F+I+R4  13335.372    53  26776.744    26786.596    27012.786
927  mtMAM+G4      14375.523    28  28807.045    28809.725    28931.747
928  mtMAM+I+G4    14374.056    29  28806.111    28808.987    28935.266
931  mtMAM+R4      14357.357    33  28780.715    28784.448    28927.684
940  mtMAM+I+R4    14359.643    34  28787.287    28791.253    28938.710
949  mtMAM+F+G4    13572.368    47  27238.736    27246.422    27448.056
950  mtMAM+F+I+G4  13572.364    48  27240.728    27248.755    27454.502
953  mtMAM+F+R4    13532.356    52  27168.713    27178.183    27400.301
962  mtMAM+F+I+R4  13531.502    53  27169.005    27178.857    27405.047
WARNING: Normalizing state frequencies so that sum of them equals to 1
971  FLAVI+G4      13968.117    28  27992.234    27994.914    28116.936
WARNING: Normalizing state frequencies so that sum of them equals to 1
972  FLAVI+I+G4    13968.379    29  27994.758    27997.634    28123.913
WARNING: Normalizing state frequencies so that sum of them equals to 1
975  FLAVI+R4      13942.881    33  27951.762    27955.495    28098.731
WARNING: Normalizing state frequencies so that sum of them equals to 1
984  FLAVI+I+R4    13942.057    34  27952.115    27956.082    28103.538
WARNING: Normalizing state frequencies so that sum of them equals to 1
993  FLAVI+F+G4    13681.998    47  27457.997    27465.683    27667.317
WARNING: Normalizing state frequencies so that sum of them equals to 1
994  FLAVI+F+I+G4  13682.152    48  27460.305    27468.332    27674.079
WARNING: Normalizing state frequencies so that sum of them equals to 1
997  FLAVI+F+R4    13657.713    52  27419.426    27428.896    27651.014
WARNING: Normalizing state frequencies so that sum of them equals to 1
1006  FLAVI+F+I+R4  13654.600    53  27415.200    27425.052    27651.242
1015  HIVb+G4       13816.188    28  27688.377    27691.057    27813.078
1016  HIVb+I+G4     13816.438    29  27690.877    27693.753    27820.032
1019  HIVb+R4       13801.859    33  27669.719    27673.452    27816.688
1028  HIVb+I+R4     13801.793    34  27671.586    27675.552    27823.009
1037  HIVb+F+G4     13517.559    47  27129.118    27136.804    27338.438
1038  HIVb+F+I+G4   13517.860    48  27131.721    27139.748    27345.495
1041  HIVb+F+R4     13502.636    52  27109.272    27118.743    27340.861
1050  HIVb+F+I+R4   13500.532    53  27107.064    27116.916    27343.106
1059  HIVw+G4       14306.948    28  28669.896    28672.576    28794.598
1060  HIVw+I+G4     14307.262    29  28672.524    28675.400    28801.679
1063  HIVw+R4       14283.530    33  28633.059    28636.793    28780.029
1072  HIVw+I+R4     14278.904    34  28625.807    28629.774    28777.231
1081  HIVw+F+G4     13729.116    47  27552.233    27559.919    27761.553
1082  HIVw+F+I+G4   13729.361    48  27554.721    27562.749    27768.495
1085  HIVw+F+R4     13705.051    52  27514.101    27523.572    27745.690
1094  HIVw+F+I+R4   13698.987    53  27503.974    27513.826    27740.016
1103  FLU+G4        13836.244    28  27728.487    27731.167    27853.189
1104  FLU+I+G4      13836.522    29  27731.043    27733.920    27860.199
1107  FLU+R4        13821.334    33  27708.668    27712.402    27855.638
1116  FLU+I+R4      13821.215    34  27710.430    27714.396    27861.853
1125  FLU+F+G4      13463.644    47  27021.288    27028.975    27230.609
1126  FLU+F+I+G4    13463.816    48  27023.632    27031.660    27237.406
1129  FLU+F+R4      13446.174    52  26996.347    27005.818    27227.936
1138  FLU+F+I+R4    13444.714    53  26995.429    27005.281    27231.471
1147  rtREV+G4      13523.955    28  27103.910    27106.590    27228.612
1148  rtREV+I+G4    13524.229    29  27106.459    27109.335    27235.614
1151  rtREV+R4      13508.487    33  27082.973    27086.707    27229.943
1160  rtREV+I+R4    13509.219    34  27086.437    27090.404    27237.860
1169  rtREV+F+G4    13293.092    47  26680.185    26687.871    26889.505
1170  rtREV+F+I+G4  13293.283    48  26682.567    26690.594    26896.341
1173  rtREV+F+R4    13274.726    52  26653.451    26662.922    26885.040
1182  rtREV+F+I+R4  13275.664    53  26657.329    26667.181    26893.371
1191  cpREV+G4      13593.906    28  27243.812    27246.491    27368.513
1192  cpREV+I+G4    13594.145    29  27246.289    27249.165    27375.444
1195  cpREV+R4      13576.274    33  27218.547    27222.281    27365.517
1204  cpREV+I+R4    13576.903    34  27221.806    27225.773    27373.230
1213  cpREV+F+G4    13377.345    47  26848.690    26856.376    27058.010
1214  cpREV+F+I+G4  13377.501    48  26851.002    26859.030    27064.776
1217  cpREV+F+R4    13354.726    52  26813.451    26822.922    27045.040
1226  cpREV+F+I+R4  13355.202    53  26816.404    26826.256    27052.447
Akaike Information Criterion:           Q.pfam+F+R4
Corrected Akaike Information Criterion: Q.pfam+F+R4
Bayesian Information Criterion:         Q.pfam+F+G4
Best-fit model: Q.pfam+F+G4 chosen according to BIC

All model information printed to FungalCW_tree_20231129/257330at4751.aa.mfa.model.gz
CPU time for ModelFinder: 417.481 seconds (0h:6m:57s)
Wall-clock time for ModelFinder: 210.957 seconds (0h:3m:30s)
Generating 1000 samples for ultrafast bootstrap (seed: 536504)...
WARNING: Normalizing state frequencies so that sum of them equals to 1

NOTE: 8 MB RAM (0 GB) is required!
Estimate model parameters (epsilon = 0.100)
1. Initial log-likelihood: -13260.466
Optimal log-likelihood: -13260.444
Gamma shape alpha: 0.497
Parameters optimization took 1 rounds (0.035 sec)
Wrote distance file to... 
Computing ML distances based on estimated model parameters...
Calculating distance matrix: done in 0.0219049 secs using 199.3% CPU
Computing ML distances took 0.022039 sec (of wall-clock time) 0.043912 sec (of CPU time)
WARNING: Some pairwise ML distances are too long (saturated)
Setting up auxiliary I and S matrices: done in 2.69413e-05 secs using 207.9% CPU
Constructing RapidNJ tree: done in 0.000148058 secs using 200.6% CPU
Computing RapidNJ tree took 0.000238 sec (of wall-clock time) 0.000475 sec (of CPU time)
Log-likelihood of RapidNJ tree: -13298.121
--------------------------------------------------------------------
|             INITIALIZING CANDIDATE TREE SET                      |
--------------------------------------------------------------------
Generating 98 parsimony trees... 0.185 second
Computing log-likelihood of 98 initial trees ... 1.086 seconds
Current best score: -13260.444

Do NNI search on 20 best initial trees
Optimizing NNI: done in 0.0785949 secs using 199.1% CPU
Estimate model parameters (epsilon = 0.100)
BETTER TREE FOUND at iteration 1: -13260.108
Optimizing NNI: done in 0.164411 secs using 198.5% CPU
Estimate model parameters (epsilon = 0.100)
BETTER TREE FOUND at iteration 2: -13258.991
Optimizing NNI: done in 0.139428 secs using 199.4% CPU
Optimizing NNI: done in 0.171312 secs using 199% CPU
Optimizing NNI: done in 0.197128 secs using 199.5% CPU
Optimizing NNI: done in 0.213795 secs using 199.1% CPU
Optimizing NNI: done in 0.195802 secs using 198.6% CPU
Optimizing NNI: done in 0.22888 secs using 199% CPU
Optimizing NNI: done in 0.248074 secs using 199.1% CPU
Optimizing NNI: done in 0.246822 secs using 199.1% CPU
Iteration 10 / LogL: -13259.187 / Time: 0h:0m:3s
Optimizing NNI: done in 0.159286 secs using 199.5% CPU
Optimizing NNI: done in 0.194541 secs using 199% CPU
Optimizing NNI: done in 0.245342 secs using 199% CPU
Optimizing NNI: done in 0.247219 secs using 199.1% CPU
Optimizing NNI: done in 0.172451 secs using 198.9% CPU
Optimizing NNI: done in 0.24301 secs using 199.1% CPU
Optimizing NNI: done in 0.20204 secs using 199.1% CPU
Optimizing NNI: done in 0.218437 secs using 198.4% CPU
Optimizing NNI: done in 0.216626 secs using 199.1% CPU
Optimizing NNI: done in 0.230094 secs using 199.1% CPU
Iteration 20 / LogL: -13259.148 / Time: 0h:0m:5s
Finish initializing candidate tree set (2)
Current best tree score: -13258.991 / CPU time: 5.432
Number of iterations: 20
--------------------------------------------------------------------
|               OPTIMIZING CANDIDATE TREE SET                      |
--------------------------------------------------------------------
Optimizing NNI: done in 0.164214 secs using 198.8% CPU
Optimizing NNI: done in 0.148964 secs using 199.2% CPU
Optimizing NNI: done in 0.197004 secs using 199.3% CPU
Optimizing NNI: done in 0.164353 secs using 199.4% CPU
Optimizing NNI: done in 0.210676 secs using 199.3% CPU
Optimizing NNI: done in 0.125495 secs using 199.4% CPU
Optimizing NNI: done in 0.150129 secs using 199.3% CPU
Optimizing NNI: done in 0.148217 secs using 199.6% CPU
Optimizing NNI: done in 0.124365 secs using 199.4% CPU
Optimizing NNI: done in 0.268473 secs using 198.8% CPU
Iteration 30 / LogL: -13259.036 / Time: 0h:0m:7s (0h:0m:18s left)
Optimizing NNI: done in 0.151796 secs using 199.7% CPU
Optimizing NNI: done in 0.132733 secs using 198.5% CPU
Optimizing NNI: done in 0.160964 secs using 199.1% CPU
Optimizing NNI: done in 0.0922291 secs using 199.4% CPU
UPDATE BEST LOG-LIKELIHOOD: -13258.991
Optimizing NNI: done in 0.149708 secs using 198.6% CPU
Optimizing NNI: done in 0.161957 secs using 199.3% CPU
Optimizing NNI: done in 0.174789 secs using 198.8% CPU
Optimizing NNI: done in 0.177181 secs using 199.5% CPU
Optimizing NNI: done in 0.232881 secs using 198.5% CPU
Optimizing NNI: done in 0.180559 secs using 199.3% CPU
Iteration 40 / LogL: -13259.017 / Time: 0h:0m:9s (0h:0m:14s left)
Optimizing NNI: done in 0.189084 secs using 199.4% CPU
Optimizing NNI: done in 0.141575 secs using 199.7% CPU
Optimizing NNI: done in 0.195687 secs using 199.1% CPU
Optimizing NNI: done in 0.102634 secs using 199.8% CPU
Optimizing NNI: done in 0.140127 secs using 199% CPU
Optimizing NNI: done in 0.197566 secs using 199.2% CPU
Optimizing NNI: done in 0.101308 secs using 199.3% CPU
Optimizing NNI: done in 0.199827 secs using 199.2% CPU
Optimizing NNI: done in 0.157766 secs using 199.1% CPU
Optimizing NNI: done in 0.220233 secs using 199.1% CPU
Iteration 50 / LogL: -13260.223 / Time: 0h:0m:10s (0h:0m:11s left)
Log-likelihood cutoff on original alignment: -13291.842
Optimizing NNI: done in 0.171331 secs using 199.1% CPU
Optimizing NNI: done in 0.170626 secs using 198.6% CPU
Optimizing NNI: done in 0.123992 secs using 199% CPU
Optimizing NNI: done in 0.172184 secs using 199.6% CPU
Optimizing NNI: done in 0.220458 secs using 198.9% CPU
Optimizing NNI: done in 0.187263 secs using 199% CPU
Optimizing NNI: done in 0.190682 secs using 199.3% CPU
Optimizing NNI: done in 0.18385 secs using 199.3% CPU
Optimizing NNI: done in 0.130784 secs using 199.7% CPU
Optimizing NNI: done in 0.203043 secs using 199.2% CPU
Iteration 60 / LogL: -13260.192 / Time: 0h:0m:12s (0h:0m:9s left)
Optimizing NNI: done in 0.157568 secs using 199.6% CPU
Optimizing NNI: done in 0.161323 secs using 199.7% CPU
Optimizing NNI: done in 0.161025 secs using 199.6% CPU
Optimizing NNI: done in 0.204647 secs using 199.3% CPU
Optimizing NNI: done in 0.25778 secs using 198.9% CPU
Optimizing NNI: done in 0.177316 secs using 199% CPU
Optimizing NNI: done in 0.245989 secs using 199.2% CPU
Optimizing NNI: done in 0.116934 secs using 199.3% CPU
Optimizing NNI: done in 0.197405 secs using 199.5% CPU
Optimizing NNI: done in 0.16161 secs using 199.4% CPU
Iteration 70 / LogL: -13259.493 / Time: 0h:0m:14s (0h:0m:6s left)
Optimizing NNI: done in 0.138621 secs using 199.5% CPU
Optimizing NNI: done in 0.189161 secs using 199.6% CPU
Optimizing NNI: done in 0.121664 secs using 199.6% CPU
Optimizing NNI: done in 0.131172 secs using 199.7% CPU
Optimizing NNI: done in 0.243507 secs using 199.4% CPU
Optimizing NNI: done in 0.146118 secs using 199.6% CPU
Optimizing NNI: done in 0.183799 secs using 199.3% CPU
Optimizing NNI: done in 0.156159 secs using 199.5% CPU
Optimizing NNI: done in 0.145161 secs using 199% CPU
Optimizing NNI: done in 0.133966 secs using 199.1% CPU
Iteration 80 / LogL: -13265.894 / Time: 0h:0m:16s (0h:0m:4s left)
Optimizing NNI: done in 0.192934 secs using 199.3% CPU
Optimizing NNI: done in 0.146207 secs using 199.7% CPU
Optimizing NNI: done in 0.146572 secs using 199.6% CPU
Optimizing NNI: done in 0.225126 secs using 199.1% CPU
Optimizing NNI: done in 0.124421 secs using 198.9% CPU
Optimizing NNI: done in 0.263707 secs using 199.2% CPU
Optimizing NNI: done in 0.220974 secs using 199% CPU
Optimizing NNI: done in 0.179244 secs using 199.2% CPU
Optimizing NNI: done in 0.225448 secs using 198.8% CPU
Optimizing NNI: done in 0.321215 secs using 199% CPU
Iteration 90 / LogL: -13259.011 / Time: 0h:0m:18s (0h:0m:2s left)
Optimizing NNI: done in 0.200544 secs using 199.4% CPU
Optimizing NNI: done in 0.203503 secs using 199.6% CPU
Optimizing NNI: done in 0.22603 secs using 199.2% CPU
Optimizing NNI: done in 0.171685 secs using 199.4% CPU
Optimizing NNI: done in 0.17738 secs using 199% CPU
Optimizing NNI: done in 0.0853329 secs using 199.2% CPU
Optimizing NNI: done in 0.156133 secs using 199.3% CPU
Optimizing NNI: done in 0.233935 secs using 199.2% CPU
Optimizing NNI: done in 0.150345 secs using 198.9% CPU
Optimizing NNI: done in 0.19273 secs using 199.3% CPU
Iteration 100 / LogL: -13259.085 / Time: 0h:0m:20s (0h:0m:0s left)
Log-likelihood cutoff on original alignment: -13292.445
NOTE: Bootstrap correlation coefficient of split occurrence frequencies: 0.992
Optimizing NNI: done in 0.161891 secs using 198.8% CPU
Optimizing NNI: done in 0.136014 secs using 199.2% CPU
Optimizing NNI: done in 0.191594 secs using 199.4% CPU
TREE SEARCH COMPLETED AFTER 103 ITERATIONS / Time: 0h:0m:20s

--------------------------------------------------------------------
|                    FINALIZING TREE SEARCH                        |
--------------------------------------------------------------------
Performs final model parameters optimization
Estimate model parameters (epsilon = 0.010)
1. Initial log-likelihood: -13258.991
Optimal log-likelihood: -13258.991
Gamma shape alpha: 0.486
Parameters optimization took 1 rounds (0.031 sec)
BEST SCORE FOUND : -13258.991

Testing tree branches by SH-like aLRT with 1000 replicates...
0.130 sec.
Creating bootstrap support values...
Split supports printed to NEXUS file FungalCW_tree_20231129/257330at4751.aa.mfa.splits.nex
Total tree length: 28.901

Total number of iterations: 103
CPU time used for tree search: 40.780 sec (0h:0m:40s)
Wall-clock time used for tree search: 20.509 sec (0h:0m:20s)
Total CPU time used: 41.592 sec (0h:0m:41s)
Total wall-clock time used: 20.998 sec (0h:0m:20s)

Computing bootstrap consensus tree...
Reading input file FungalCW_tree_20231129/257330at4751.aa.mfa.splits.nex...
15 taxa and 73 splits.
Consensus tree written to FungalCW_tree_20231129/257330at4751.aa.mfa.contree
Reading input trees file FungalCW_tree_20231129/257330at4751.aa.mfa.contree
Log-likelihood of consensus tree: -13258.991

Analysis results written to: 
  IQ-TREE report:                FungalCW_tree_20231129/257330at4751.aa.mfa.iqtree
  Maximum-likelihood tree:       FungalCW_tree_20231129/257330at4751.aa.mfa.treefile
  Likelihood distances:          FungalCW_tree_20231129/257330at4751.aa.mfa.mldist

Ultrafast bootstrap approximation results written to:
  Split support values:          FungalCW_tree_20231129/257330at4751.aa.mfa.splits.nex
  Consensus tree:                FungalCW_tree_20231129/257330at4751.aa.mfa.contree
  Screen log file:               FungalCW_tree_20231129/257330at4751.aa.mfa.log

Date and Time: Wed Nov 29 02:26:34 2023
