IQ-TREE multicore version 2.2.2.6 COVID-edition for Linux 64-bit built May 27 2023
Developed by Bui Quang Minh, James Barbetti, Nguyen Lam Tung,
Olga Chernomor, Heiko Schmidt, Dominik Schrempf, Michael Woodhams, Ly Trong Nhan.

Host:    r12 (AVX2, FMA3, 503 GB RAM)
Command: iqtree2 -s FungalCW_tree_20231129/260896at4751.aa.mfa -gz -B 1000 -alrt 1000 -nt 2
Seed:    369753 (Using SPRNG - Scalable Parallel Random Number Generator)
Time:    Wed Nov 29 02:22:42 2023
Kernel:  AVX+FMA - 2 threads (2 CPU cores detected)

Reading alignment file FungalCW_tree_20231129/260896at4751.aa.mfa ... Fasta format detected
Reading fasta file: done in 0.000192881 secs using 94.36% CPU
Alignment most likely contains protein sequences
Constructing alignment: done in 0.000464916 secs using 162.6% CPU
Alignment has 15 sequences with 403 columns, 391 distinct patterns
238 parsimony-informative, 115 singleton sites, 50 constant sites
                                                               Gap/Ambiguity  Composition  p-value
Analyzing sequences: done in 3.29018e-05 secs using 39.51% CPU
   1  Basidiobolus_meristosporus_CBS_931.73.Basme2finSC.v1            36.97%    passed     59.97%
   2  Colletotrichum_graminicola_M1.001                               21.34%    passed     83.76%
   3  Colletotrichum_higginsianum_IMI_349063                          21.34%    passed     91.91%
   4  Fusarium_graminearum_PH-1                                       21.84%    passed     52.25%
   5  Fusarium_verticillioides_7600                                   20.84%    passed     79.16%
   6  Gilbertella_persicaria_var_persicaria_CBS_190.32-T.Gilper1.v1   34.00%    passed     81.37%
   7  Mortierella_elongata_AG-77                                      13.40%    passed     14.47%
   8  Mucor_mucedo_NRRL_3635                                          36.72%    passed     65.54%
   9  Neoconidiobolus_thromboides_FSU_785.Conth1.v1                   28.78%    passed     10.91%
  10  Phycomyces_blakesleeanus_NRRL_1555.Phybl2.v2                    34.00%    passed     94.69%
  11  Rhizopus_stolonifer_NRRL_66455                                  34.00%    passed     92.16%
  12  Trichoderma_harzianum_CBS_226.95                                20.10%    passed     84.56%
  13  Umbelopsis_ramanniana_NRRL_5844.Umbra1.v1                       34.49%    passed     56.58%
  14  Ustilago_maydis                                                 24.57%    failed      3.40%
  15  Zymoseptoria_tritici_IP0323                                     19.85%    passed     39.66%
****  TOTAL                                                           26.82%  1 sequences failed composition chi2 test (p-value<5%; df=19)
Checking for duplicate sequences: done in 4.41074e-05 secs using 81.62% CPU


Create initial parsimony tree by phylogenetic likelihood library (PLL)... 0.001 seconds
Perform fast likelihood tree search using LG+I+G model...
Estimate model parameters (epsilon = 5.000)
Perform nearest neighbor interchange...
Optimizing NNI: done in 0.0560331 secs using 198.2% CPU
Estimate model parameters (epsilon = 1.000)
1. Initial log-likelihood: -8259.077
Optimal log-likelihood: -8258.537
Proportion of invariable sites: 0.060
Gamma shape alpha: 0.641
Parameters optimization took 1 rounds (0.049 sec)
Time for fast ML tree search: 0.250 seconds

NOTE: ModelFinder requires 11 MB RAM!
ModelFinder will test up to 1232 protein models (sample size: 403) ...
 No. Model         -LnL         df  AIC          AICc         BIC
  1  LG            8865.535     27  17785.070    17789.102    17893.041
  2  LG+I          8703.026     28  17462.052    17466.394    17574.022
  3  LG+G4         8264.742     28  16585.483    16589.825    16697.453
  4  LG+I+G4       8258.356     29  16574.711    16579.376    16690.680
  5  LG+R2         8299.682     29  16657.365    16662.030    16773.334
  6  LG+R3         8261.942     31  16585.884    16591.232    16709.851
  7  LG+R4         8250.469     33  16566.939    16573.020    16698.903
  8  LG+R5         8247.946     35  16565.892    16572.758    16705.855
 14  LG+I+R2       8273.375     30  16606.750    16611.750    16726.718
 15  LG+I+R3       8256.526     32  16577.051    16582.759    16705.017
 16  LG+I+R4       8248.030     34  16564.059    16570.527    16700.023
 17  LG+I+R5       8247.675     36  16567.350    16574.628    16711.311
 25  LG+F+G4       8228.977     47  16551.955    16564.665    16739.905
 26  LG+F+I+G4     8221.968     48  16539.936    16553.225    16731.885
 29  LG+F+R4       8214.771     52  16533.541    16549.290    16741.486
 38  LG+F+I+R4     8212.347     53  16530.694    16547.095    16742.638
 47  WAG+G4        8298.435     28  16652.869    16657.211    16764.839
 48  WAG+I+G4      8294.795     29  16647.589    16652.254    16763.558
 51  WAG+R4        8289.853     33  16645.706    16651.788    16777.671
 60  WAG+I+R4      8285.865     34  16639.731    16646.198    16775.694
 69  WAG+F+G4      8239.658     47  16573.317    16586.027    16761.267
 70  WAG+F+I+G4    8235.128     48  16566.255    16579.543    16758.204
 73  WAG+F+R4      8230.739     52  16565.478    16581.227    16773.423
 82  WAG+F+I+R4    8226.489     53  16558.979    16575.380    16770.922
 91  JTT+G4        8293.743     28  16643.486    16647.828    16755.456
 92  JTT+I+G4      8287.230     29  16632.461    16637.125    16748.430
 95  JTT+R4        8281.693     33  16629.387    16635.468    16761.351
104  JTT+I+R4      8278.926     34  16625.851    16632.319    16761.815
113  JTT+F+G4      8245.389     47  16584.777    16597.487    16772.727
114  JTT+F+I+G4    8238.486     48  16572.972    16586.261    16764.921
117  JTT+F+R4      8246.063     52  16596.125    16611.874    16804.070
126  JTT+F+I+R4    8230.025     53  16566.050    16582.451    16777.993
WARNING: Normalizing state frequencies so that sum of them equals to 1
135  Q.pfam+G4     8262.739     28  16581.478    16585.820    16693.448
WARNING: Normalizing state frequencies so that sum of them equals to 1
136  Q.pfam+I+G4   8255.472     29  16568.944    16573.609    16684.913
WARNING: Normalizing state frequencies so that sum of them equals to 1
139  Q.pfam+R4     8247.538     33  16561.076    16567.157    16693.041
WARNING: Normalizing state frequencies so that sum of them equals to 1
148  Q.pfam+I+R4   8245.321     34  16558.642    16565.109    16694.605
WARNING: Normalizing state frequencies so that sum of them equals to 1
157  Q.pfam+F+G4   8229.343     47  16552.686    16565.395    16740.636
WARNING: Normalizing state frequencies so that sum of them equals to 1
158  Q.pfam+F+I+G4 8221.820     48  16539.640    16552.928    16731.589
WARNING: Normalizing state frequencies so that sum of them equals to 1
161  Q.pfam+F+R4   8214.911     52  16533.822    16549.571    16741.767
WARNING: Normalizing state frequencies so that sum of them equals to 1
170  Q.pfam+F+I+R4 8212.201     53  16530.402    16546.803    16742.345
WARNING: Normalizing state frequencies so that sum of them equals to 1
179  Q.bird+G4     8374.718     28  16805.436    16809.779    16917.407
WARNING: Normalizing state frequencies so that sum of them equals to 1
180  Q.bird+I+G4   8357.798     29  16773.596    16778.261    16889.566
WARNING: Normalizing state frequencies so that sum of them equals to 1
183  Q.bird+R4     8352.243     33  16770.486    16776.567    16902.451
WARNING: Normalizing state frequencies so that sum of them equals to 1
192  Q.bird+I+R4   8353.851     34  16775.701    16782.169    16911.665
WARNING: Normalizing state frequencies so that sum of them equals to 1
201  Q.bird+F+G4   8321.601     47  16737.202    16749.912    16925.152
WARNING: Normalizing state frequencies so that sum of them equals to 1
202  Q.bird+F+I+G4 8302.830     48  16701.660    16714.948    16893.609
WARNING: Normalizing state frequencies so that sum of them equals to 1
205  Q.bird+F+R4   8318.860     52  16741.720    16757.468    16949.665
WARNING: Normalizing state frequencies so that sum of them equals to 1
214  Q.bird+F+I+R4 8297.277     53  16700.555    16716.956    16912.499
WARNING: Normalizing state frequencies so that sum of them equals to 1
223  Q.mammal+G4   8347.786     28  16751.573    16755.915    16863.543
WARNING: Normalizing state frequencies so that sum of them equals to 1
224  Q.mammal+I+G4 8332.893     29  16723.786    16728.451    16839.755
WARNING: Normalizing state frequencies so that sum of them equals to 1
227  Q.mammal+R4   8348.108     33  16762.217    16768.298    16894.181
WARNING: Normalizing state frequencies so that sum of them equals to 1
236  Q.mammal+I+R4 8327.800     34  16723.600    16730.068    16859.564
WARNING: Normalizing state frequencies so that sum of them equals to 1
245  Q.mammal+F+G4 8282.251     47  16658.502    16671.212    16846.452
WARNING: Normalizing state frequencies so that sum of them equals to 1
246  Q.mammal+F+I+G4 8267.262     48  16630.525    16643.813    16822.474
WARNING: Normalizing state frequencies so that sum of them equals to 1
249  Q.mammal+F+R4 8278.381     52  16660.762    16676.511    16868.707
WARNING: Normalizing state frequencies so that sum of them equals to 1
258  Q.mammal+F+I+R4 8260.634     53  16627.268    16643.669    16839.211
267  Q.insect+G4   8277.130     28  16610.259    16614.602    16722.229
268  Q.insect+I+G4 8268.461     29  16594.922    16599.587    16710.891
271  Q.insect+R4   8265.733     33  16597.466    16603.547    16729.431
280  Q.insect+I+R4 8260.866     34  16589.732    16596.200    16725.696
289  Q.insect+F+G4 8226.263     47  16546.527    16559.237    16734.477
290  Q.insect+F+I+G4 8217.406     48  16530.812    16544.100    16722.761
293  Q.insect+F+R4 8214.030     52  16532.060    16547.808    16740.005
302  Q.insect+F+I+R4 8210.072     53  16526.145    16542.546    16738.089
WARNING: Normalizing state frequencies so that sum of them equals to 1
311  Q.plant+G4    8313.127     28  16682.254    16686.596    16794.224
WARNING: Normalizing state frequencies so that sum of them equals to 1
312  Q.plant+I+G4  8299.403     29  16656.805    16661.470    16772.775
WARNING: Normalizing state frequencies so that sum of them equals to 1
315  Q.plant+R4    8321.498     33  16708.996    16715.078    16840.961
WARNING: Normalizing state frequencies so that sum of them equals to 1
324  Q.plant+I+R4  8299.739     34  16667.478    16673.945    16803.442
WARNING: Normalizing state frequencies so that sum of them equals to 1
333  Q.plant+F+G4  8267.311     47  16628.622    16641.332    16816.572
WARNING: Normalizing state frequencies so that sum of them equals to 1
334  Q.plant+F+I+G4 8253.305     48  16602.611    16615.899    16794.560
WARNING: Normalizing state frequencies so that sum of them equals to 1
337  Q.plant+F+R4  8271.461     52  16646.922    16662.670    16854.866
WARNING: Normalizing state frequencies so that sum of them equals to 1
346  Q.plant+F+I+R4 8251.304     53  16608.607    16625.009    16820.551
WARNING: Normalizing state frequencies so that sum of them equals to 1
355  Q.yeast+G4    8308.849     28  16673.697    16678.040    16785.668
WARNING: Normalizing state frequencies so that sum of them equals to 1
356  Q.yeast+I+G4  8299.074     29  16656.149    16660.814    16772.118
WARNING: Normalizing state frequencies so that sum of them equals to 1
359  Q.yeast+R4    8295.213     33  16656.425    16662.506    16788.390
WARNING: Normalizing state frequencies so that sum of them equals to 1
368  Q.yeast+I+R4  8290.381     34  16648.762    16655.229    16784.726
WARNING: Normalizing state frequencies so that sum of them equals to 1
377  Q.yeast+F+G4  8235.287     47  16564.573    16577.283    16752.524
WARNING: Normalizing state frequencies so that sum of them equals to 1
378  Q.yeast+F+I+G4 8225.099     48  16546.199    16559.487    16738.148
WARNING: Normalizing state frequencies so that sum of them equals to 1
381  Q.yeast+F+R4  8221.012     52  16546.025    16561.773    16753.970
WARNING: Normalizing state frequencies so that sum of them equals to 1
390  Q.yeast+F+I+R4 8217.711     53  16541.422    16557.824    16753.366
399  JTTDCMut+G4   8295.634     28  16647.269    16651.611    16759.239
400  JTTDCMut+I+G4 8289.309     29  16636.619    16641.284    16752.588
403  JTTDCMut+R4   8283.443     33  16632.885    16638.967    16764.850
412  JTTDCMut+I+R4 8280.393     34  16628.785    16635.253    16764.749
421  JTTDCMut+F+G4 8245.723     47  16585.446    16598.156    16773.396
422  JTTDCMut+F+I+G4 8238.960     48  16573.920    16587.208    16765.869
425  JTTDCMut+F+R4 8232.620     52  16569.241    16584.989    16777.185
434  JTTDCMut+F+I+R4 8230.334     53  16566.667    16583.069    16778.611
443  DCMut+G4      8394.637     28  16845.273    16849.616    16957.244
444  DCMut+I+G4    8393.585     29  16845.170    16849.835    16961.139
447  DCMut+R4      8385.156     33  16836.312    16842.394    16968.277
456  DCMut+I+R4    8384.190     34  16836.380    16842.847    16972.344
465  DCMut+F+G4    8257.877     47  16609.753    16622.463    16797.703
466  DCMut+F+I+G4  8255.616     48  16607.233    16620.521    16799.182
469  DCMut+F+R4    8248.942     52  16601.884    16617.633    16809.829
478  DCMut+F+I+R4  8248.145     53  16602.291    16618.692    16814.234
487  VT+G4         8258.369     28  16572.738    16577.080    16684.708
488  VT+I+G4       8254.305     29  16566.610    16571.275    16682.579
491  VT+R4         8245.092     33  16556.184    16562.265    16688.149
500  VT+I+R4       8242.551     34  16553.102    16559.569    16689.066
509  VT+F+G4       8225.640     47  16545.281    16557.991    16733.231
510  VT+F+I+G4     8221.209     48  16538.419    16551.707    16730.368
513  VT+F+R4       8211.814     52  16527.629    16543.377    16735.574
522  VT+F+I+R4     8210.500     53  16527.000    16543.401    16738.944
531  PMB+G4        8283.825     28  16623.649    16627.992    16735.620
532  PMB+I+G4      8279.304     29  16616.608    16621.272    16732.577
535  PMB+R4        8272.120     33  16610.240    16616.322    16742.205
544  PMB+I+R4      8270.214     34  16608.429    16614.896    16744.393
553  PMB+F+G4      8234.798     47  16563.595    16576.305    16751.545
554  PMB+F+I+G4    8230.235     48  16556.470    16569.758    16748.419
557  PMB+F+R4      8222.918     52  16549.837    16565.585    16757.781
566  PMB+F+I+R4    8220.998     53  16547.995    16564.396    16759.939
575  Blosum62+G4   8296.952     28  16649.904    16654.246    16761.874
576  Blosum62+I+G4 8292.608     29  16643.216    16647.881    16759.185
579  Blosum62+R4   8284.270     33  16634.540    16640.622    16766.505
588  Blosum62+I+R4 8282.442     34  16632.884    16639.351    16768.848
597  Blosum62+F+G4 8248.156     47  16590.313    16603.022    16778.263
598  Blosum62+F+I+G4 8243.613     48  16583.226    16596.514    16775.175
601  Blosum62+F+R4 8235.327     52  16574.653    16590.402    16782.598
610  Blosum62+F+I+R4 8233.334     53  16572.667    16589.068    16784.611
619  Dayhoff+G4    8394.738     28  16845.476    16849.818    16957.446
620  Dayhoff+I+G4  8393.719     29  16845.438    16850.103    16961.407
623  Dayhoff+R4    8385.267     33  16836.534    16842.616    16968.499
632  Dayhoff+I+R4  8384.301     34  16836.601    16843.069    16972.565
641  Dayhoff+F+G4  8257.929     47  16609.858    16622.568    16797.808
642  Dayhoff+F+I+G4 8255.710     48  16607.420    16620.708    16799.369
645  Dayhoff+F+R4  8248.980     52  16601.960    16617.709    16809.905
654  Dayhoff+F+I+R4 8248.233     53  16602.465    16618.866    16814.409
663  mtREV+G4      8570.619     28  17197.239    17201.581    17309.209
664  mtREV+I+G4    8560.701     29  17179.401    17184.066    17295.370
667  mtREV+R4      8559.207     33  17184.415    17190.496    17316.380
676  mtREV+I+R4    8551.635     34  17171.269    17177.737    17307.233
685  mtREV+F+G4    8290.445     47  16674.889    16687.599    16862.839
686  mtREV+F+I+G4  8279.345     48  16654.691    16667.979    16846.640
689  mtREV+F+R4    8271.199     52  16646.398    16662.146    16854.343
698  mtREV+F+I+R4  8269.102     53  16644.204    16660.605    16856.148
707  mtART+G4      8620.273     28  17296.546    17300.888    17408.516
708  mtART+I+G4    8613.075     29  17284.150    17288.815    17400.119
711  mtART+R4      8599.478     33  17264.955    17271.037    17396.920
720  mtART+I+R4    8600.046     34  17268.091    17274.559    17404.055
729  mtART+F+G4    8304.310     47  16702.619    16715.329    16890.569
730  mtART+F+I+G4  8294.285     48  16684.569    16697.857    16876.518
733  mtART+F+R4    8278.812     52  16661.625    16677.373    16869.569
742  mtART+F+I+R4  8278.751     53  16663.502    16679.903    16875.445
751  mtZOA+G4      8539.061     28  17134.123    17138.465    17246.093
752  mtZOA+I+G4    8530.390     29  17118.781    17123.446    17234.750
755  mtZOA+R4      8546.164     33  17158.328    17164.410    17290.293
764  mtZOA+I+R4    8531.733     34  17131.466    17137.934    17267.430
773  mtZOA+F+G4    8273.866     47  16641.732    16654.442    16829.682
774  mtZOA+F+I+G4  8262.461     48  16620.921    16634.209    16812.870
777  mtZOA+F+R4    8284.168     52  16672.335    16688.084    16880.280
786  mtZOA+F+I+R4  8262.798     53  16631.596    16647.997    16843.539
795  mtMet+G4      8604.916     28  17265.831    17270.174    17377.802
796  mtMet+I+G4    8594.832     29  17247.664    17252.329    17363.633
799  mtMet+R4      8602.988     33  17271.977    17278.058    17403.941
808  mtMet+I+R4    8590.477     34  17248.953    17255.420    17384.917
817  mtMet+F+G4    8282.291     47  16658.581    16671.291    16846.531
818  mtMet+F+I+G4  8270.576     48  16637.152    16650.440    16829.101
821  mtMet+F+R4    8285.778     52  16675.556    16691.305    16883.501
830  mtMet+F+I+R4  8263.956     53  16633.912    16650.313    16845.855
839  mtVer+G4      8647.759     28  17351.517    17355.859    17463.487
840  mtVer+I+G4    8638.403     29  17334.805    17339.470    17450.774
843  mtVer+R4      8652.375     33  17370.751    17376.832    17502.715
852  mtVer+I+R4    8631.541     34  17331.083    17337.550    17467.047
861  mtVer+F+G4    8338.551     47  16771.101    16783.811    16959.051
862  mtVer+F+I+G4  8327.513     48  16751.027    16764.315    16942.976
865  mtVer+F+R4    8353.794     52  16811.588    16827.337    17019.533
874  mtVer+F+I+R4  8320.970     53  16747.939    16764.340    16959.883
883  mtInv+G4      8685.435     28  17426.871    17431.213    17538.841
884  mtInv+I+G4    8676.724     29  17411.448    17416.113    17527.417
887  mtInv+R4      8678.592     33  17423.183    17429.265    17555.148
896  mtInv+I+R4    8669.878     34  17407.757    17414.224    17543.721
905  mtInv+F+G4    8256.834     47  16607.668    16620.378    16795.618
906  mtInv+F+I+G4  8246.484     48  16588.968    16602.256    16780.917
909  mtInv+F+R4    8256.322     52  16616.644    16632.393    16824.589
918  mtInv+F+I+R4  8241.327     53  16588.654    16605.056    16800.598
927  mtMAM+G4      8676.593     28  17409.187    17413.529    17521.157
928  mtMAM+I+G4    8668.105     29  17394.209    17398.874    17510.178
931  mtMAM+R4      8661.004     33  17388.008    17394.089    17519.973
940  mtMAM+I+R4    8655.135     34  17378.269    17384.737    17514.233
949  mtMAM+F+G4    8388.938     47  16871.876    16884.586    17059.826
950  mtMAM+F+I+G4  8376.832     48  16849.665    16862.953    17041.614
953  mtMAM+F+R4    8361.163     52  16826.325    16842.074    17034.270
962  mtMAM+F+I+R4  8360.625     53  16827.249    16843.651    17039.193
WARNING: Normalizing state frequencies so that sum of them equals to 1
971  FLAVI+G4      8495.397     28  17046.794    17051.136    17158.764
WARNING: Normalizing state frequencies so that sum of them equals to 1
972  FLAVI+I+G4    8480.623     29  17019.246    17023.911    17135.215
WARNING: Normalizing state frequencies so that sum of them equals to 1
975  FLAVI+R4      8484.429     33  17034.859    17040.940    17166.823
WARNING: Normalizing state frequencies so that sum of them equals to 1
984  FLAVI+I+R4    8471.786     34  17011.572    17018.039    17147.536
WARNING: Normalizing state frequencies so that sum of them equals to 1
993  FLAVI+F+G4    8399.697     47  16893.394    16906.104    17081.344
WARNING: Normalizing state frequencies so that sum of them equals to 1
994  FLAVI+F+I+G4  8385.842     48  16867.684    16880.972    17059.633
WARNING: Normalizing state frequencies so that sum of them equals to 1
997  FLAVI+F+R4    8378.001     52  16860.002    16875.750    17067.946
WARNING: Normalizing state frequencies so that sum of them equals to 1
1006  FLAVI+F+I+R4  8375.896     53  16857.791    16874.193    17069.735
1015  HIVb+G4       8396.829     28  16849.658    16854.000    16961.628
1016  HIVb+I+G4     8384.425     29  16826.849    16831.514    16942.818
1019  HIVb+R4       8407.092     33  16880.185    16886.266    17012.149
1028  HIVb+I+R4     8382.892     34  16833.783    16840.250    16969.747
1037  HIVb+F+G4     8328.095     47  16750.189    16762.899    16938.139
1038  HIVb+F+I+G4   8314.644     48  16725.288    16738.576    16917.237
1041  HIVb+F+R4     8338.472     52  16780.944    16796.692    16988.888
1050  HIVb+F+I+R4   8313.329     53  16732.658    16749.060    16944.602
1059  HIVw+G4       8668.676     28  17393.352    17397.695    17505.323
1060  HIVw+I+G4     8657.403     29  17372.806    17377.470    17488.775
1063  HIVw+R4       8668.345     33  17402.691    17408.772    17534.656
1072  HIVw+I+R4     8655.068     34  17378.135    17384.603    17514.099
1081  HIVw+F+G4     8425.200     47  16944.400    16957.109    17132.350
1082  HIVw+F+I+G4   8409.959     48  16915.917    16929.205    17107.866
1085  HIVw+F+R4     8403.021     52  16910.041    16925.790    17117.986
1094  HIVw+F+I+R4   8403.373     53  16912.746    16929.147    17124.690
1103  FLU+G4        8422.970     28  16901.941    16906.283    17013.911
1104  FLU+I+G4      8411.387     29  16880.774    16885.439    16996.744
1107  FLU+R4        8422.498     33  16910.996    16917.077    17042.961
1116  FLU+I+R4      8406.683     34  16881.367    16887.834    17017.330
1125  FLU+F+G4      8311.683     47  16717.366    16730.076    16905.316
1126  FLU+F+I+G4    8300.047     48  16696.095    16709.383    16888.044
1129  FLU+F+R4      8299.765     52  16703.530    16719.279    16911.475
1138  FLU+F+I+R4    8293.477     53  16692.954    16709.356    16904.898
1147  rtREV+G4      8325.236     28  16706.472    16710.814    16818.442
1148  rtREV+I+G4    8319.959     29  16697.918    16702.583    16813.887
1151  rtREV+R4      8326.406     33  16718.811    16724.892    16850.776
1160  rtREV+I+R4    8310.310     34  16688.620    16695.087    16824.584
1169  rtREV+F+G4    8239.521     47  16573.043    16585.752    16760.993
1170  rtREV+F+I+G4  8232.968     48  16561.937    16575.225    16753.886
1173  rtREV+F+R4    8239.487     52  16582.975    16598.723    16790.919
1182  rtREV+F+I+R4  8224.633     53  16555.266    16571.667    16767.210
1191  cpREV+G4      8322.741     28  16701.482    16705.825    16813.453
1192  cpREV+I+G4    8318.084     29  16694.169    16698.834    16810.138
1195  cpREV+R4      8322.497     33  16710.993    16717.075    16842.958
1204  cpREV+I+R4    8310.146     34  16688.293    16694.760    16824.256
1213  cpREV+F+G4    8259.603     47  16613.206    16625.915    16801.156
1214  cpREV+F+I+G4  8255.334     48  16606.669    16619.957    16798.618
1217  cpREV+F+R4    8261.963     52  16627.927    16643.676    16835.872
1226  cpREV+F+I+R4  8248.457     53  16602.914    16619.315    16814.857
Akaike Information Criterion:           Q.insect+F+I+R4
Corrected Akaike Information Criterion: Q.insect+F+I+R4
Bayesian Information Criterion:         VT+I+G4
Best-fit model: VT+I+G4 chosen according to BIC

All model information printed to FungalCW_tree_20231129/260896at4751.aa.mfa.model.gz
CPU time for ModelFinder: 247.566 seconds (0h:4m:7s)
Wall-clock time for ModelFinder: 129.059 seconds (0h:2m:9s)
Generating 1000 samples for ultrafast bootstrap (seed: 369753)...

NOTE: 5 MB RAM (0 GB) is required!
Estimate model parameters (epsilon = 0.100)
Thoroughly optimizing +I+G parameters from 10 start values...
Init pinv, alpha: 0.000, 0.754 / Estimate: 0.000, 0.582 / LogL: -8258.384
Init pinv, alpha: 0.014, 0.754 / Estimate: 0.058, 0.755 / LogL: -8254.324
Init pinv, alpha: 0.028, 0.754 / Estimate: 0.058, 0.754 / LogL: -8254.325
Init pinv, alpha: 0.041, 0.754 / Estimate: 0.058, 0.752 / LogL: -8254.322
Init pinv, alpha: 0.055, 0.754 / Estimate: 0.058, 0.750 / LogL: -8254.314
Init pinv, alpha: 0.069, 0.754 / Estimate: 0.065, 0.762 / LogL: -8254.324
Init pinv, alpha: 0.083, 0.754 / Estimate: 0.063, 0.759 / LogL: -8254.305
Init pinv, alpha: 0.096, 0.754 / Estimate: 0.064, 0.759 / LogL: -8254.317
Init pinv, alpha: 0.110, 0.754 / Estimate: 0.064, 0.762 / LogL: -8254.317
Init pinv, alpha: 0.124, 0.754 / Estimate: 0.063, 0.760 / LogL: -8254.302
Optimal pinv,alpha: 0.063, 0.760 / LogL: -8254.302

Parameters optimization took 1.187 sec
Wrote distance file to... 
Computing ML distances based on estimated model parameters...
Calculating distance matrix: done in 0.0267639 secs using 199.2% CPU
Computing ML distances took 0.026886 sec (of wall-clock time) 0.053510 sec (of CPU time)
WARNING: Some pairwise ML distances are too long (saturated)
Setting up auxiliary I and S matrices: done in 3.38554e-05 secs using 203.8% CPU
Constructing RapidNJ tree: done in 0.000176907 secs using 199.5% CPU
Computing RapidNJ tree took 0.000279 sec (of wall-clock time) 0.000556 sec (of CPU time)
Log-likelihood of RapidNJ tree: -8313.861
--------------------------------------------------------------------
|             INITIALIZING CANDIDATE TREE SET                      |
--------------------------------------------------------------------
Generating 98 parsimony trees... 0.153 second
Computing log-likelihood of 98 initial trees ... 0.847 seconds
Current best score: -8254.302

Do NNI search on 20 best initial trees
Optimizing NNI: done in 0.036283 secs using 198.2% CPU
Estimate model parameters (epsilon = 0.100)
BETTER TREE FOUND at iteration 1: -8254.295
Optimizing NNI: done in 0.123586 secs using 198.4% CPU
Optimizing NNI: done in 0.111902 secs using 198.2% CPU
Optimizing NNI: done in 0.11191 secs using 198.4% CPU
Optimizing NNI: done in 0.135358 secs using 198.4% CPU
Optimizing NNI: done in 0.097106 secs using 199% CPU
Optimizing NNI: done in 0.139512 secs using 198.8% CPU
Optimizing NNI: done in 0.276323 secs using 198.3% CPU
Optimizing NNI: done in 0.171915 secs using 198.4% CPU
Optimizing NNI: done in 0.136465 secs using 198.5% CPU
Iteration 10 / LogL: -8255.468 / Time: 0h:0m:3s
Optimizing NNI: done in 0.135456 secs using 198.9% CPU
Optimizing NNI: done in 0.182232 secs using 198.6% CPU
Optimizing NNI: done in 0.170695 secs using 198.9% CPU
Optimizing NNI: done in 0.152754 secs using 198.7% CPU
Optimizing NNI: done in 0.150618 secs using 198.8% CPU
Optimizing NNI: done in 0.124443 secs using 198.6% CPU
Optimizing NNI: done in 0.150268 secs using 199% CPU
Optimizing NNI: done in 0.153104 secs using 198.7% CPU
Optimizing NNI: done in 0.152368 secs using 198.9% CPU
Optimizing NNI: done in 0.150698 secs using 198% CPU
Iteration 20 / LogL: -8255.626 / Time: 0h:0m:5s
Finish initializing candidate tree set (3)
Current best tree score: -8254.295 / CPU time: 3.938
Number of iterations: 20
--------------------------------------------------------------------
|               OPTIMIZING CANDIDATE TREE SET                      |
--------------------------------------------------------------------
Optimizing NNI: done in 0.156475 secs using 198.9% CPU
Optimizing NNI: done in 0.265898 secs using 198.1% CPU
Optimizing NNI: done in 0.109995 secs using 197.4% CPU
Optimizing NNI: done in 0.17282 secs using 198.4% CPU
Optimizing NNI: done in 0.095083 secs using 198.7% CPU
Optimizing NNI: done in 0.188052 secs using 198.6% CPU
Optimizing NNI: done in 0.185867 secs using 198.5% CPU
Optimizing NNI: done in 0.141586 secs using 199% CPU
Optimizing NNI: done in 0.153814 secs using 198.8% CPU
Optimizing NNI: done in 0.200418 secs using 198.9% CPU
Iteration 30 / LogL: -8254.451 / Time: 0h:0m:7s (0h:0m:17s left)
Optimizing NNI: done in 0.159083 secs using 198.8% CPU
Optimizing NNI: done in 0.160224 secs using 199% CPU
Optimizing NNI: done in 0.188986 secs using 198.4% CPU
Optimizing NNI: done in 0.136451 secs using 198.9% CPU
Optimizing NNI: done in 0.168257 secs using 197.8% CPU
Optimizing NNI: done in 0.12095 secs using 198.5% CPU
Optimizing NNI: done in 0.0789311 secs using 199.5% CPU
Optimizing NNI: done in 0.175032 secs using 197.8% CPU
Optimizing NNI: done in 0.159824 secs using 198.6% CPU
Optimizing NNI: done in 0.137329 secs using 198.1% CPU
Iteration 40 / LogL: -8255.496 / Time: 0h:0m:8s (0h:0m:13s left)
Optimizing NNI: done in 0.154647 secs using 197.9% CPU
Optimizing NNI: done in 0.149283 secs using 198.4% CPU
Optimizing NNI: done in 0.143236 secs using 198.7% CPU
Optimizing NNI: done in 0.151393 secs using 198.4% CPU
Optimizing NNI: done in 0.148227 secs using 198.9% CPU
Optimizing NNI: done in 0.100636 secs using 198.5% CPU
Optimizing NNI: done in 0.141189 secs using 198.2% CPU
Optimizing NNI: done in 0.0980759 secs using 198.3% CPU
Optimizing NNI: done in 0.194991 secs using 198.8% CPU
Optimizing NNI: done in 0.0986691 secs using 198.5% CPU
Iteration 50 / LogL: -8256.703 / Time: 0h:0m:10s (0h:0m:10s left)
Log-likelihood cutoff on original alignment: -8290.526
Optimizing NNI: done in 0.1436 secs using 198.1% CPU
Optimizing NNI: done in 0.059567 secs using 199.3% CPU
Optimizing NNI: done in 0.197539 secs using 198.4% CPU
Optimizing NNI: done in 0.139745 secs using 198.5% CPU
Optimizing NNI: done in 0.156048 secs using 198.7% CPU
Optimizing NNI: done in 0.157801 secs using 198.5% CPU
Optimizing NNI: done in 0.143701 secs using 198.9% CPU
Optimizing NNI: done in 0.063252 secs using 199.5% CPU
Optimizing NNI: done in 0.119353 secs using 198.8% CPU
Optimizing NNI: done in 0.090925 secs using 198.7% CPU
Iteration 60 / LogL: -8255.034 / Time: 0h:0m:11s (0h:0m:7s left)
Optimizing NNI: done in 0.124963 secs using 199% CPU
Optimizing NNI: done in 0.097446 secs using 198.6% CPU
Optimizing NNI: done in 0.116958 secs using 198.5% CPU
Optimizing NNI: done in 0.24583 secs using 198.5% CPU
Optimizing NNI: done in 0.100825 secs using 199.4% CPU
Optimizing NNI: done in 0.128783 secs using 198.7% CPU
Optimizing NNI: done in 0.139332 secs using 198.7% CPU
Optimizing NNI: done in 0.230744 secs using 198.7% CPU
Optimizing NNI: done in 0.151328 secs using 198.6% CPU
Optimizing NNI: done in 0.152744 secs using 198.7% CPU
Iteration 70 / LogL: -8255.093 / Time: 0h:0m:13s (0h:0m:5s left)
Optimizing NNI: done in 0.151299 secs using 198.8% CPU
Optimizing NNI: done in 0.222133 secs using 198.7% CPU
Optimizing NNI: done in 0.115786 secs using 199.2% CPU
Optimizing NNI: done in 0.119239 secs using 198.5% CPU
Optimizing NNI: done in 0.0995622 secs using 199.2% CPU
Optimizing NNI: done in 0.109959 secs using 199.3% CPU
Optimizing NNI: done in 0.145842 secs using 198.6% CPU
Optimizing NNI: done in 0.145058 secs using 198.9% CPU
Optimizing NNI: done in 0.130104 secs using 198.5% CPU
Optimizing NNI: done in 0.121994 secs using 198.5% CPU
Iteration 80 / LogL: -8254.634 / Time: 0h:0m:14s (0h:0m:3s left)
Optimizing NNI: done in 0.10649 secs using 198.9% CPU
Optimizing NNI: done in 0.0883691 secs using 198.9% CPU
Optimizing NNI: done in 0.143807 secs using 198.6% CPU
Optimizing NNI: done in 0.142155 secs using 198.7% CPU
Optimizing NNI: done in 0.102952 secs using 199.2% CPU
Optimizing NNI: done in 0.133398 secs using 199% CPU
Optimizing NNI: done in 0.0880342 secs using 199.4% CPU
Optimizing NNI: done in 0.108938 secs using 197.8% CPU
Optimizing NNI: done in 0.096895 secs using 198.9% CPU
Optimizing NNI: done in 0.116472 secs using 198.8% CPU
Iteration 90 / LogL: -8255.077 / Time: 0h:0m:15s (0h:0m:1s left)
Optimizing NNI: done in 0.121609 secs using 198.8% CPU
Optimizing NNI: done in 0.11825 secs using 198.8% CPU
Optimizing NNI: done in 0.107767 secs using 199.1% CPU
Optimizing NNI: done in 0.193465 secs using 198.9% CPU
Optimizing NNI: done in 0.0609581 secs using 198.7% CPU
Optimizing NNI: done in 0.125328 secs using 198.8% CPU
Optimizing NNI: done in 0.201288 secs using 198.5% CPU
Optimizing NNI: done in 0.131961 secs using 199% CPU
Optimizing NNI: done in 0.101063 secs using 199.2% CPU
Optimizing NNI: done in 0.132615 secs using 199.2% CPU
Iteration 100 / LogL: -8254.435 / Time: 0h:0m:17s (0h:0m:0s left)
Log-likelihood cutoff on original alignment: -8290.526
NOTE: Bootstrap correlation coefficient of split occurrence frequencies: 0.999
Optimizing NNI: done in 0.170859 secs using 198.6% CPU
Optimizing NNI: done in 0.124344 secs using 198.8% CPU
TREE SEARCH COMPLETED AFTER 102 ITERATIONS / Time: 0h:0m:17s

--------------------------------------------------------------------
|                    FINALIZING TREE SEARCH                        |
--------------------------------------------------------------------
Performs final model parameters optimization
Estimate model parameters (epsilon = 0.010)
1. Initial log-likelihood: -8254.295
Optimal log-likelihood: -8254.293
Proportion of invariable sites: 0.062
Gamma shape alpha: 0.760
Parameters optimization took 1 rounds (0.027 sec)
BEST SCORE FOUND : -8254.293

Testing tree branches by SH-like aLRT with 1000 replicates...
0.097 sec.
Creating bootstrap support values...
Split supports printed to NEXUS file FungalCW_tree_20231129/260896at4751.aa.mfa.splits.nex
Total tree length: 29.613

Total number of iterations: 102
CPU time used for tree search: 31.514 sec (0h:0m:31s)
Wall-clock time used for tree search: 15.904 sec (0h:0m:15s)
Total CPU time used: 34.572 sec (0h:0m:34s)
Total wall-clock time used: 17.523 sec (0h:0m:17s)

Computing bootstrap consensus tree...
Reading input file FungalCW_tree_20231129/260896at4751.aa.mfa.splits.nex...
15 taxa and 96 splits.
Consensus tree written to FungalCW_tree_20231129/260896at4751.aa.mfa.contree
Reading input trees file FungalCW_tree_20231129/260896at4751.aa.mfa.contree
Log-likelihood of consensus tree: -8254.293

Analysis results written to: 
  IQ-TREE report:                FungalCW_tree_20231129/260896at4751.aa.mfa.iqtree
  Maximum-likelihood tree:       FungalCW_tree_20231129/260896at4751.aa.mfa.treefile
  Likelihood distances:          FungalCW_tree_20231129/260896at4751.aa.mfa.mldist

Ultrafast bootstrap approximation results written to:
  Split support values:          FungalCW_tree_20231129/260896at4751.aa.mfa.splits.nex
  Consensus tree:                FungalCW_tree_20231129/260896at4751.aa.mfa.contree
  Screen log file:               FungalCW_tree_20231129/260896at4751.aa.mfa.log

Date and Time: Wed Nov 29 02:25:09 2023
