IQ-TREE multicore version 2.2.2.6 COVID-edition for Linux 64-bit built May 27 2023
Developed by Bui Quang Minh, James Barbetti, Nguyen Lam Tung,
Olga Chernomor, Heiko Schmidt, Dominik Schrempf, Michael Woodhams, Ly Trong Nhan.

Host:    r11 (AVX2, FMA3, 503 GB RAM)
Command: iqtree2 -s FungalCW_tree_20231129/262317at4751.aa.mfa -gz -B 1000 -alrt 1000 -nt 2
Seed:    29812 (Using SPRNG - Scalable Parallel Random Number Generator)
Time:    Wed Nov 29 01:34:42 2023
Kernel:  AVX+FMA - 2 threads (2 CPU cores detected)

Reading alignment file FungalCW_tree_20231129/262317at4751.aa.mfa ... Fasta format detected
Reading fasta file: done in 0.000166893 secs using 49.73% CPU
Alignment most likely contains protein sequences
Constructing alignment: done in 0.000409126 secs using 173.8% CPU
Alignment has 17 sequences with 431 columns, 372 distinct patterns
234 parsimony-informative, 90 singleton sites, 107 constant sites
                                                               Gap/Ambiguity  Composition  p-value
Analyzing sequences: done in 2.40803e-05 secs using 99.67% CPU
   1  Basidiobolus_meristosporus_CBS_931.73.Basme2finSC.v1            24.83%    passed     97.37%
   2  Botrytis_cinerea_T4                                             19.49%    passed     90.86%
   3  Capillidium_pumilum_ARSEF_79                                    21.81%    passed     89.17%
   4  Colletotrichum_graminicola_M1.001                               18.56%    passed     99.19%
   5  Colletotrichum_higginsianum_IMI_349063                          18.56%    passed     99.61%
   6  Fusarium_graminearum_PH-1                                       19.72%    passed     65.37%
   7  Fusarium_verticillioides_7600                                   20.19%    passed     94.63%
   8  Gilbertella_persicaria_var_persicaria_CBS_190.32-T.Gilper1.v1   21.11%    passed     99.82%
   9  Mortierella_elongata_AG-77                                      25.75%    passed     98.88%
  10  Mucor_mucedo_NRRL_3635                                          21.11%    passed     99.29%
  11  Neoconidiobolus_thromboides_FSU_785.Conth1.v1                   30.86%    passed     96.90%
  12  Phycomyces_blakesleeanus_NRRL_1555.Phybl2.v2                    32.02%    passed     92.41%
  13  Rhizopus_stolonifer_NRRL_66455                                  21.11%    passed     99.78%
  14  Trichoderma_harzianum_CBS_226.95                                18.33%    passed     68.93%
  15  Ustilago_maydis                                                 21.81%    passed     86.21%
  16  Zoophthora_radicans_ATCC_208865                                 23.67%    passed     64.33%
  17  Zymoseptoria_tritici_IP0323                                     16.71%    passed     79.38%
****  TOTAL                                                           22.10%  0 sequences failed composition chi2 test (p-value<5%; df=19)
Checking for duplicate sequences: done in 7.79629e-05 secs using 115.4% CPU


Create initial parsimony tree by phylogenetic likelihood library (PLL)... 0.001 seconds
Perform fast likelihood tree search using LG+I+G model...
Estimate model parameters (epsilon = 5.000)
Perform nearest neighbor interchange...
Optimizing NNI: done in 0.0831571 secs using 198.1% CPU
Estimate model parameters (epsilon = 1.000)
1. Initial log-likelihood: -7188.925
Optimal log-likelihood: -7188.436
Proportion of invariable sites: 0.078
Gamma shape alpha: 0.886
Parameters optimization took 1 rounds (0.054 sec)
Time for fast ML tree search: 0.245 seconds

NOTE: ModelFinder requires 11 MB RAM!
ModelFinder will test up to 1232 protein models (sample size: 431) ...
 No. Model         -LnL         df  AIC          AICc         BIC
  1  LG            7505.321     31  15072.642    15077.615    15198.692
  2  LG+I          7370.091     32  14804.182    14809.488    14934.297
  3  LG+G4         7188.228     32  14440.457    14445.763    14570.572
  4  LG+I+G4       7188.028     33  14442.057    14447.709    14576.238
  5  LG+R2         7253.223     33  14572.447    14578.099    14706.628
  6  LG+R3         7172.659     35  14415.318    14421.697    14557.631
  7  LG+R4         7164.566     37  14403.132    14410.287    14553.578
  8  LG+R5         7164.097     39  14406.194    14414.173    14564.772
 14  LG+I+R2       7208.318     34  14484.636    14490.646    14622.883
 15  LG+I+R3       7172.503     36  14417.006    14423.768    14563.386
 16  LG+I+R4       7164.966     38  14405.932    14413.494    14560.445
 17  LG+I+R5       7163.891     40  14407.781    14416.191    14570.426
 28  LG+F+R3       7166.112     54  14440.224    14456.022    14659.794
 29  LG+F+R4       7158.271     56  14428.543    14445.613    14656.245
 37  LG+F+I+R3     7166.339     55  14442.678    14459.105    14666.314
 38  LG+F+I+R4     7159.279     57  14432.557    14450.284    14664.326
 50  WAG+R3        7184.375     35  14438.750    14445.130    14581.064
 51  WAG+R4        7179.802     37  14433.603    14440.758    14584.049
 59  WAG+I+R3      7185.049     36  14442.098    14448.860    14588.478
 60  WAG+I+R4      7183.284     38  14442.569    14450.130    14597.081
 72  WAG+F+R3      7184.312     54  14476.624    14492.422    14696.194
 73  WAG+F+R4      7179.338     56  14470.675    14487.745    14698.377
 81  WAG+F+I+R3    7184.410     55  14478.820    14495.247    14702.456
 82  WAG+F+I+R4    7182.746     57  14479.492    14497.218    14711.260
 94  JTT+R3        7191.180     35  14452.359    14458.739    14594.673
 95  JTT+R4        7186.132     37  14446.263    14453.419    14596.709
103  JTT+I+R3      7191.733     36  14455.466    14462.228    14601.846
104  JTT+I+R4      7188.864     38  14453.729    14461.290    14608.241
116  JTT+F+R3      7190.931     54  14489.862    14505.660    14709.432
117  JTT+F+R4      7185.952     56  14483.904    14500.973    14711.606
125  JTT+F+I+R3    7191.335     55  14492.669    14509.096    14716.305
126  JTT+F+I+R4    7188.703     57  14491.406    14509.132    14723.174
WARNING: Normalizing state frequencies so that sum of them equals to 1
138  Q.pfam+R3     7174.379     35  14418.758    14425.138    14561.072
WARNING: Normalizing state frequencies so that sum of them equals to 1
139  Q.pfam+R4     7166.005     37  14406.009    14413.164    14556.455
WARNING: Normalizing state frequencies so that sum of them equals to 1
147  Q.pfam+I+R3   7172.941     36  14417.881    14424.643    14564.261
WARNING: Normalizing state frequencies so that sum of them equals to 1
148  Q.pfam+I+R4   7166.745     38  14409.490    14417.051    14564.002
WARNING: Normalizing state frequencies so that sum of them equals to 1
160  Q.pfam+F+R3   7175.929     54  14459.857    14475.655    14679.427
WARNING: Normalizing state frequencies so that sum of them equals to 1
161  Q.pfam+F+R4   7168.000     56  14447.999    14465.069    14675.701
WARNING: Normalizing state frequencies so that sum of them equals to 1
169  Q.pfam+F+I+R3 7174.501     55  14459.002    14475.429    14682.638
WARNING: Normalizing state frequencies so that sum of them equals to 1
170  Q.pfam+F+I+R4 7168.615     57  14451.230    14468.956    14682.998
WARNING: Normalizing state frequencies so that sum of them equals to 1
182  Q.bird+R3     7356.183     35  14782.366    14788.746    14924.680
WARNING: Normalizing state frequencies so that sum of them equals to 1
183  Q.bird+R4     7341.938     37  14757.876    14765.031    14908.322
WARNING: Normalizing state frequencies so that sum of them equals to 1
191  Q.bird+I+R3   7354.477     36  14780.955    14787.716    14927.335
WARNING: Normalizing state frequencies so that sum of them equals to 1
192  Q.bird+I+R4   7343.505     38  14763.010    14770.571    14917.522
WARNING: Normalizing state frequencies so that sum of them equals to 1
204  Q.bird+F+R3   7346.414     54  14800.828    14816.626    15020.398
WARNING: Normalizing state frequencies so that sum of them equals to 1
205  Q.bird+F+R4   7333.364     56  14778.729    14795.798    15006.431
WARNING: Normalizing state frequencies so that sum of them equals to 1
213  Q.bird+F+I+R3 7346.411     55  14802.822    14819.248    15026.458
WARNING: Normalizing state frequencies so that sum of them equals to 1
214  Q.bird+F+I+R4 7334.454     57  14782.908    14800.635    15014.676
WARNING: Normalizing state frequencies so that sum of them equals to 1
226  Q.mammal+R3   7299.383     35  14668.766    14675.145    14811.080
WARNING: Normalizing state frequencies so that sum of them equals to 1
227  Q.mammal+R4   7287.934     37  14649.868    14657.023    14800.314
WARNING: Normalizing state frequencies so that sum of them equals to 1
235  Q.mammal+I+R3 7298.924     36  14669.848    14676.609    14816.227
WARNING: Normalizing state frequencies so that sum of them equals to 1
236  Q.mammal+I+R4 7289.393     38  14654.787    14662.348    14809.299
WARNING: Normalizing state frequencies so that sum of them equals to 1
248  Q.mammal+F+R3 7288.413     54  14684.827    14700.625    14904.397
WARNING: Normalizing state frequencies so that sum of them equals to 1
249  Q.mammal+F+R4 7277.982     56  14667.965    14685.034    14895.667
WARNING: Normalizing state frequencies so that sum of them equals to 1
257  Q.mammal+F+I+R3 7288.978     55  14687.955    14704.382    14911.591
WARNING: Normalizing state frequencies so that sum of them equals to 1
258  Q.mammal+F+I+R4 7279.180     57  14672.360    14690.087    14904.129
270  Q.insect+R3   7171.871     35  14413.743    14420.123    14556.057
271  Q.insect+R4   7162.013     37  14398.026    14405.182    14548.472
279  Q.insect+I+R3 7171.504     36  14415.009    14421.770    14561.388
280  Q.insect+I+R4 7163.443     38  14402.886    14410.447    14557.398
292  Q.insect+F+R3 7150.811     54  14409.622    14425.419    14629.191
293  Q.insect+F+R4 7141.654     56  14395.309    14412.378    14623.011
301  Q.insect+F+I+R3 7150.523     55  14411.046    14427.472    14634.682
302  Q.insect+F+I+R4 7143.059     57  14400.119    14417.846    14631.887
WARNING: Normalizing state frequencies so that sum of them equals to 1
314  Q.plant+R3    7240.762     35  14551.524    14557.904    14693.838
WARNING: Normalizing state frequencies so that sum of them equals to 1
315  Q.plant+R4    7226.203     37  14526.405    14533.560    14676.851
WARNING: Normalizing state frequencies so that sum of them equals to 1
323  Q.plant+I+R3  7239.524     36  14551.048    14557.810    14697.428
WARNING: Normalizing state frequencies so that sum of them equals to 1
324  Q.plant+I+R4  7228.100     38  14532.199    14539.760    14686.711
WARNING: Normalizing state frequencies so that sum of them equals to 1
336  Q.plant+F+R3  7238.070     54  14584.139    14599.937    14803.709
WARNING: Normalizing state frequencies so that sum of them equals to 1
337  Q.plant+F+R4  7225.117     56  14562.234    14579.303    14789.936
WARNING: Normalizing state frequencies so that sum of them equals to 1
345  Q.plant+F+I+R3 7237.684     55  14585.367    14601.794    14809.003
WARNING: Normalizing state frequencies so that sum of them equals to 1
346  Q.plant+F+I+R4 7226.912     57  14567.825    14585.551    14799.593
WARNING: Normalizing state frequencies so that sum of them equals to 1
358  Q.yeast+R3    7172.721     35  14415.443    14421.822    14557.756
WARNING: Normalizing state frequencies so that sum of them equals to 1
359  Q.yeast+R4    7163.593     37  14401.186    14408.342    14551.632
WARNING: Normalizing state frequencies so that sum of them equals to 1
367  Q.yeast+I+R3  7170.876     36  14413.753    14420.514    14560.133
WARNING: Normalizing state frequencies so that sum of them equals to 1
368  Q.yeast+I+R4  7164.477     38  14404.955    14412.516    14559.467
WARNING: Normalizing state frequencies so that sum of them equals to 1
380  Q.yeast+F+R3  7156.616     54  14421.231    14437.029    14640.801
WARNING: Normalizing state frequencies so that sum of them equals to 1
381  Q.yeast+F+R4  7149.344     56  14410.687    14427.757    14638.389
WARNING: Normalizing state frequencies so that sum of them equals to 1
389  Q.yeast+F+I+R3 7155.409     55  14420.819    14437.246    14644.455
WARNING: Normalizing state frequencies so that sum of them equals to 1
390  Q.yeast+F+I+R4 7149.859     57  14413.719    14431.445    14645.487
402  JTTDCMut+R3   7189.327     35  14448.654    14455.033    14590.967
403  JTTDCMut+R4   7183.852     37  14441.703    14448.858    14592.149
411  JTTDCMut+I+R3 7189.669     36  14451.337    14458.098    14597.717
412  JTTDCMut+I+R4 7187.046     38  14450.093    14457.654    14604.605
424  JTTDCMut+F+R3 7188.922     54  14485.844    14501.642    14705.414
425  JTTDCMut+F+R4 7183.651     56  14479.302    14496.371    14707.004
433  JTTDCMut+F+I+R3 7189.104     55  14488.209    14504.635    14711.845
434  JTTDCMut+F+I+R4 7186.623     57  14487.247    14504.973    14719.015
446  DCMut+R3      7196.353     35  14462.705    14469.085    14605.019
447  DCMut+R4      7189.541     37  14453.082    14460.237    14603.528
455  DCMut+I+R3    7197.524     36  14467.049    14473.810    14613.429
456  DCMut+I+R4    7191.740     38  14459.479    14467.040    14613.991
468  DCMut+F+R3    7186.842     54  14481.684    14497.482    14701.254
469  DCMut+F+R4    7179.637     56  14471.274    14488.343    14698.976
477  DCMut+F+I+R3  7187.133     55  14484.266    14500.692    14707.902
478  DCMut+F+I+R4  7181.436     57  14476.873    14494.599    14708.641
490  VT+R3         7189.939     35  14449.878    14456.258    14592.192
491  VT+R4         7185.425     37  14444.850    14452.005    14595.296
499  VT+I+R3       7190.024     36  14452.048    14458.810    14598.428
500  VT+I+R4       7188.684     38  14453.367    14460.928    14607.879
512  VT+F+R3       7191.335     54  14490.671    14506.469    14710.241
513  VT+F+R4       7187.047     56  14486.093    14503.163    14713.795
521  VT+F+I+R3     7191.051     55  14492.101    14508.528    14715.737
522  VT+F+I+R4     7189.980     57  14493.961    14511.687    14725.729
534  PMB+R3        7255.733     35  14581.466    14587.846    14723.780
535  PMB+R4        7249.636     37  14573.272    14580.428    14723.718
543  PMB+I+R3      7255.138     36  14582.277    14589.038    14728.657
544  PMB+I+R4      7250.854     38  14577.709    14585.270    14732.221
556  PMB+F+R3      7222.826     54  14553.651    14569.449    14773.221
557  PMB+F+R4      7217.395     56  14546.790    14563.859    14774.492
565  PMB+F+I+R3    7222.158     55  14554.315    14570.742    14777.951
566  PMB+F+I+R4    7218.022     57  14550.044    14567.771    14781.812
578  Blosum62+R3   7259.802     35  14589.605    14595.984    14731.918
579  Blosum62+R4   7253.488     37  14580.976    14588.131    14731.422
587  Blosum62+I+R3 7259.208     36  14590.416    14597.178    14736.796
588  Blosum62+I+R4 7254.984     38  14585.969    14593.530    14740.481
600  Blosum62+F+R3 7230.341     54  14568.682    14584.480    14788.252
601  Blosum62+F+R4 7224.156     56  14560.313    14577.382    14788.015
609  Blosum62+F+I+R3 7229.901     55  14569.801    14586.228    14793.437
610  Blosum62+F+I+R4 7225.457     57  14564.915    14582.641    14796.683
622  Dayhoff+R3    7196.206     35  14462.412    14468.791    14604.725
623  Dayhoff+R4    7189.333     37  14452.666    14459.821    14603.112
631  Dayhoff+I+R3  7196.691     36  14465.382    14472.143    14611.761
632  Dayhoff+I+R4  7191.524     38  14459.048    14466.609    14613.560
644  Dayhoff+F+R3  7186.876     54  14481.752    14497.550    14701.322
645  Dayhoff+F+R4  7179.606     56  14471.211    14488.281    14698.913
653  Dayhoff+F+I+R3 7186.518     55  14483.036    14499.462    14706.672
654  Dayhoff+F+I+R4 7181.391     57  14476.782    14494.509    14708.550
666  mtREV+R3      7601.344     35  15272.689    15279.069    15415.003
667  mtREV+R4      7588.204     37  15250.407    15257.563    15400.853
675  mtREV+I+R3    7601.309     36  15274.618    15281.379    15420.998
676  mtREV+I+R4    7589.344     38  15254.687    15262.248    15409.199
688  mtREV+F+R3    7293.331     54  14694.663    14710.461    14914.233
689  mtREV+F+R4    7285.227     56  14682.453    14699.523    14910.155
697  mtREV+F+I+R3  7294.937     55  14699.875    14716.301    14923.511
698  mtREV+F+I+R4  7286.609     57  14687.218    14704.944    14918.986
710  mtART+R3      7627.418     35  15324.836    15331.216    15467.150
711  mtART+R4      7601.977     37  15277.954    15285.109    15428.400
719  mtART+I+R3    7613.372     36  15298.743    15305.505    15445.123
720  mtART+I+R4    7602.475     38  15280.949    15288.510    15435.461
732  mtART+F+R3    7328.722     54  14765.444    14781.242    14985.014
733  mtART+F+R4    7309.445     56  14730.889    14747.959    14958.591
741  mtART+F+I+R3  7327.334     55  14764.667    14781.094    14988.303
742  mtART+F+I+R4  7311.680     57  14737.359    14755.086    14969.127
754  mtZOA+R3      7505.438     35  15080.877    15087.257    15223.191
755  mtZOA+R4      7481.339     37  15036.678    15043.833    15187.124
763  mtZOA+I+R3    7494.422     36  15060.843    15067.605    15207.223
764  mtZOA+I+R4    7482.560     38  15041.119    15048.681    15195.631
776  mtZOA+F+R3    7273.361     54  14654.721    14670.519    14874.291
777  mtZOA+F+R4    7258.593     56  14629.187    14646.256    14856.889
785  mtZOA+F+I+R3  7272.544     55  14655.087    14671.514    14878.723
786  mtZOA+F+I+R4  7260.433     57  14634.866    14652.592    14866.634
798  mtMet+R3      7627.133     35  15324.267    15330.646    15466.580
799  mtMet+R4      7611.392     37  15296.784    15303.939    15447.230
807  mtMet+I+R3    7622.069     36  15316.137    15322.899    15462.517
808  mtMet+I+R4    7612.348     38  15300.697    15308.258    15455.209
820  mtMet+F+R3    7301.056     54  14710.112    14725.910    14929.682
821  mtMet+F+R4    7294.082     56  14700.163    14717.233    14927.865
829  mtMet+F+I+R3  7302.129     55  14714.257    14730.684    14937.893
830  mtMet+F+I+R4  7295.333     57  14704.665    14722.392    14936.433
842  mtVer+R3      7710.166     35  15490.333    15496.713    15632.647
843  mtVer+R4      7694.192     37  15462.384    15469.539    15612.830
851  mtVer+I+R3    7706.918     36  15485.837    15492.598    15632.217
852  mtVer+I+R4    7694.304     38  15464.607    15472.168    15619.119
864  mtVer+F+R3    7410.901     54  14929.803    14945.601    15149.373
865  mtVer+F+R4    7402.225     56  14916.450    14933.520    15144.153
873  mtVer+F+I+R3  7411.557     55  14933.113    14949.540    15156.749
874  mtVer+F+I+R4  7410.468     57  14934.936    14952.662    15166.704
886  mtInv+R3      7662.371     35  15394.743    15401.122    15537.056
887  mtInv+R4      7649.047     37  15372.095    15379.250    15522.541
895  mtInv+I+R3    7658.490     36  15388.981    15395.742    15535.361
896  mtInv+I+R4    7650.504     38  15377.008    15384.569    15531.520
908  mtInv+F+R3    7249.770     54  14607.541    14623.339    14827.111
909  mtInv+F+R4    7241.898     56  14595.797    14612.866    14823.499
917  mtInv+F+I+R3  7251.448     55  14612.895    14629.322    14836.531
918  mtInv+F+I+R4  7243.672     57  14601.344    14619.070    14833.112
930  mtMAM+R3      7768.109     35  15606.218    15612.598    15748.532
931  mtMAM+R4      7746.817     37  15567.635    15574.790    15718.081
939  mtMAM+I+R3    7760.786     36  15593.571    15600.333    15739.951
940  mtMAM+I+R4    7746.297     38  15568.594    15576.156    15723.106
952  mtMAM+F+R3    7436.899     54  14981.798    14997.596    15201.368
953  mtMAM+F+R4    7421.127     56  14954.254    14971.324    15181.956
961  mtMAM+F+I+R3  7436.806     55  14983.612    15000.039    15207.248
962  mtMAM+F+I+R4  7423.608     57  14961.217    14978.943    15192.985
WARNING: Normalizing state frequencies so that sum of them equals to 1
974  FLAVI+R3      7481.400     35  15032.800    15039.180    15175.114
WARNING: Normalizing state frequencies so that sum of them equals to 1
975  FLAVI+R4      7465.994     37  15005.988    15013.143    15156.434
WARNING: Normalizing state frequencies so that sum of them equals to 1
983  FLAVI+I+R3    7481.519     36  15035.037    15041.799    15181.417
WARNING: Normalizing state frequencies so that sum of them equals to 1
984  FLAVI+I+R4    7468.809     38  15013.617    15021.178    15168.129
WARNING: Normalizing state frequencies so that sum of them equals to 1
996  FLAVI+F+R3    7407.820     54  14923.641    14939.439    15143.211
WARNING: Normalizing state frequencies so that sum of them equals to 1
997  FLAVI+F+R4    7394.574     56  14901.148    14918.217    15128.850
WARNING: Normalizing state frequencies so that sum of them equals to 1
1005  FLAVI+F+I+R3  7408.381     55  14926.761    14943.188    15150.397
WARNING: Normalizing state frequencies so that sum of them equals to 1
1006  FLAVI+F+I+R4  7397.566     57  14909.132    14926.859    15140.900
1018  HIVb+R3       7422.273     35  14914.546    14920.925    15056.859
1019  HIVb+R4       7413.548     37  14901.095    14908.250    15051.541
1027  HIVb+I+R3     7422.619     36  14917.239    14924.000    15063.619
1028  HIVb+I+R4     7414.533     38  14905.066    14912.627    15059.578
1040  HIVb+F+R3     7355.413     54  14818.827    14834.624    15038.396
1041  HIVb+F+R4     7347.191     56  14806.382    14823.451    15034.084
1049  HIVb+F+I+R3   7355.589     55  14821.179    14837.605    15044.814
1050  HIVb+F+I+R4   7348.273     57  14810.546    14828.272    15042.314
1062  HIVw+R3       7672.798     35  15415.596    15421.976    15557.910
1063  HIVw+R4       7659.648     37  15393.297    15400.452    15543.743
1071  HIVw+I+R3     7666.243     36  15404.486    15411.247    15550.866
1072  HIVw+I+R4     7660.083     38  15396.167    15403.728    15550.679
1084  HIVw+F+R3     7511.446     54  15130.891    15146.689    15350.461
1085  HIVw+F+R4     7501.004     56  15114.007    15131.077    15341.709
1093  HIVw+F+I+R3   7507.705     55  15125.409    15141.836    15349.045
1094  HIVw+F+I+R4   7501.718     57  15117.436    15135.162    15349.204
1106  FLU+R3        7313.215     35  14696.431    14702.810    14838.744
1107  FLU+R4        7301.559     37  14677.118    14684.273    14827.564
1115  FLU+I+R3      7312.582     36  14697.164    14703.926    14843.544
1116  FLU+I+R4      7303.400     38  14682.800    14690.361    14837.312
1128  FLU+F+R3      7261.835     54  14631.669    14647.467    14851.239
1129  FLU+F+R4      7252.870     56  14617.741    14634.810    14845.443
1137  FLU+F+I+R3    7261.861     55  14633.722    14650.149    14857.358
1138  FLU+F+I+R4    7254.357     57  14622.715    14640.441    14854.483
1150  rtREV+R3      7229.201     35  14528.402    14534.782    14670.716
1151  rtREV+R4      7220.138     37  14514.276    14521.431    14664.722
1159  rtREV+I+R3    7228.607     36  14529.214    14535.975    14675.594
1160  rtREV+I+R4    7221.390     38  14518.780    14526.341    14673.292
1172  rtREV+F+R3    7172.237     54  14452.474    14468.272    14672.044
1173  rtREV+F+R4    7164.068     56  14440.135    14457.205    14667.837
1181  rtREV+F+I+R3  7171.808     55  14453.615    14470.042    14677.251
1182  rtREV+F+I+R4  7165.056     57  14444.112    14461.838    14675.880
1194  cpREV+R3      7267.209     35  14604.418    14610.798    14746.732
1195  cpREV+R4      7260.627     37  14595.255    14602.410    14745.701
1203  cpREV+I+R3    7267.537     36  14607.074    14613.836    14753.454
1204  cpREV+I+R4    7261.824     38  14599.648    14607.209    14754.160
1216  cpREV+F+R3    7263.003     54  14634.005    14649.803    14853.575
1217  cpREV+F+R4    7254.127     56  14620.253    14637.323    14847.956
1225  cpREV+F+I+R3  7262.034     55  14634.068    14650.494    14857.704
1226  cpREV+F+I+R4  7255.303     57  14624.607    14642.333    14856.375
Akaike Information Criterion:           Q.insect+F+R4
Corrected Akaike Information Criterion: Q.insect+R4
Bayesian Information Criterion:         Q.insect+R4
Best-fit model: Q.insect+R4 chosen according to BIC

All model information printed to FungalCW_tree_20231129/262317at4751.aa.mfa.model.gz
CPU time for ModelFinder: 255.613 seconds (0h:4m:15s)
Wall-clock time for ModelFinder: 129.185 seconds (0h:2m:9s)
Generating 1000 samples for ultrafast bootstrap (seed: 29812)...

NOTE: 5 MB RAM (0 GB) is required!
Estimate model parameters (epsilon = 0.100)
1. Initial log-likelihood: -7162.013
Optimal log-likelihood: -7161.875
Site proportion and rates:  (0.298,0.075) (0.460,0.544) (0.187,1.545) (0.054,8.079)
Parameters optimization took 1 rounds (0.082 sec)
Wrote distance file to... 
Computing ML distances based on estimated model parameters...
Calculating distance matrix: done in 0.0215471 secs using 198.7% CPU
Computing ML distances took 0.021831 sec (of wall-clock time) 0.043345 sec (of CPU time)
Setting up auxiliary I and S matrices: done in 3.00407e-05 secs using 196.4% CPU
Constructing RapidNJ tree: done in 0.000170946 secs using 198.9% CPU
Computing RapidNJ tree took 0.000264 sec (of wall-clock time) 0.000526 sec (of CPU time)
Log-likelihood of RapidNJ tree: -7163.427
--------------------------------------------------------------------
|             INITIALIZING CANDIDATE TREE SET                      |
--------------------------------------------------------------------
Generating 98 parsimony trees... 0.173 second
Computing log-likelihood of 98 initial trees ... 0.805 seconds
Current best score: -7161.875

Do NNI search on 20 best initial trees
Optimizing NNI: done in 0.054332 secs using 198.6% CPU
Estimate model parameters (epsilon = 0.100)
BETTER TREE FOUND at iteration 1: -7159.692
Optimizing NNI: done in 0.069406 secs using 198.6% CPU
Estimate model parameters (epsilon = 0.100)
BETTER TREE FOUND at iteration 2: -7158.668
Optimizing NNI: done in 0.108669 secs using 197.7% CPU
Optimizing NNI: done in 0.0950639 secs using 198.7% CPU
Optimizing NNI: done in 0.0968971 secs using 199.7% CPU
Optimizing NNI: done in 0.110057 secs using 199.4% CPU
Optimizing NNI: done in 0.115245 secs using 198.6% CPU
Optimizing NNI: done in 0.111656 secs using 198.6% CPU
Optimizing NNI: done in 0.137277 secs using 198.4% CPU
Optimizing NNI: done in 0.105473 secs using 197.7% CPU
Iteration 10 / LogL: -7160.668 / Time: 0h:0m:2s
Optimizing NNI: done in 0.112982 secs using 199.2% CPU
Optimizing NNI: done in 0.109376 secs using 198.5% CPU
Optimizing NNI: done in 0.101703 secs using 197.7% CPU
Optimizing NNI: done in 0.104951 secs using 198.6% CPU
Optimizing NNI: done in 0.09319 secs using 198.6% CPU
Optimizing NNI: done in 0.0995629 secs using 198.6% CPU
Optimizing NNI: done in 0.109234 secs using 198.6% CPU
Optimizing NNI: done in 0.131342 secs using 198.8% CPU
Optimizing NNI: done in 0.110415 secs using 198.6% CPU
Optimizing NNI: done in 0.127054 secs using 198.6% CPU
Iteration 20 / LogL: -7159.921 / Time: 0h:0m:3s
Finish initializing candidate tree set (3)
Current best tree score: -7158.668 / CPU time: 3.349
Number of iterations: 20
--------------------------------------------------------------------
|               OPTIMIZING CANDIDATE TREE SET                      |
--------------------------------------------------------------------
Optimizing NNI: done in 0.123411 secs using 198.6% CPU
Optimizing NNI: done in 0.072556 secs using 198.7% CPU
Optimizing NNI: done in 0.111367 secs using 198.5% CPU
Optimizing NNI: done in 0.100074 secs using 198.6% CPU
Optimizing NNI: done in 0.135872 secs using 197.7% CPU
Optimizing NNI: done in 0.107672 secs using 198.6% CPU
Optimizing NNI: done in 0.182045 secs using 198.7% CPU
Optimizing NNI: done in 0.159776 secs using 198.5% CPU
Optimizing NNI: done in 0.140256 secs using 199.3% CPU
Optimizing NNI: done in 0.10477 secs using 198.7% CPU
Iteration 30 / LogL: -7158.774 / Time: 0h:0m:4s (0h:0m:12s left)
Optimizing NNI: done in 0.212136 secs using 198.6% CPU
Optimizing NNI: done in 0.161275 secs using 199.1% CPU
Optimizing NNI: done in 0.201746 secs using 198.6% CPU
Optimizing NNI: done in 0.122505 secs using 197.8% CPU
Optimizing NNI: done in 0.133908 secs using 198.3% CPU
Optimizing NNI: done in 0.088176 secs using 198.3% CPU
Optimizing NNI: done in 0.130931 secs using 199% CPU
Optimizing NNI: done in 0.109911 secs using 198.5% CPU
Optimizing NNI: done in 0.195274 secs using 198.6% CPU
Optimizing NNI: done in 0.099612 secs using 198.8% CPU
Iteration 40 / LogL: -7159.792 / Time: 0h:0m:6s (0h:0m:10s left)
Optimizing NNI: done in 0.181978 secs using 198.8% CPU
Optimizing NNI: done in 0.136978 secs using 198.3% CPU
Optimizing NNI: done in 0.17347 secs using 198.9% CPU
Optimizing NNI: done in 0.153523 secs using 198.6% CPU
Optimizing NNI: done in 0.228416 secs using 198.5% CPU
Optimizing NNI: done in 0.171771 secs using 198.6% CPU
Optimizing NNI: done in 0.103273 secs using 198.7% CPU
Optimizing NNI: done in 0.128908 secs using 198.7% CPU
Optimizing NNI: done in 0.0906401 secs using 197.1% CPU
Optimizing NNI: done in 0.100641 secs using 198.8% CPU
Iteration 50 / LogL: -7159.822 / Time: 0h:0m:8s (0h:0m:8s left)
Log-likelihood cutoff on original alignment: -7196.543
Optimizing NNI: done in 0.105531 secs using 198.6% CPU
Optimizing NNI: done in 0.0949349 secs using 197.7% CPU
Optimizing NNI: done in 0.179474 secs using 198.7% CPU
Optimizing NNI: done in 0.179976 secs using 198.7% CPU
Optimizing NNI: done in 0.13775 secs using 198.6% CPU
Optimizing NNI: done in 0.0996749 secs using 198.7% CPU
Optimizing NNI: done in 0.11851 secs using 198.1% CPU
Optimizing NNI: done in 0.124419 secs using 198.3% CPU
Optimizing NNI: done in 0.109589 secs using 198.7% CPU
Optimizing NNI: done in 0.110725 secs using 198.6% CPU
Iteration 60 / LogL: -7158.803 / Time: 0h:0m:9s (0h:0m:6s left)
Optimizing NNI: done in 0.13194 secs using 198.7% CPU
Optimizing NNI: done in 0.127653 secs using 198% CPU
Optimizing NNI: done in 0.10825 secs using 199.2% CPU
Optimizing NNI: done in 0.0658069 secs using 198.6% CPU
Optimizing NNI: done in 0.224544 secs using 198.7% CPU
Optimizing NNI: done in 0.0928662 secs using 197.5% CPU
Optimizing NNI: done in 0.143172 secs using 198.6% CPU
Optimizing NNI: done in 0.068341 secs using 196.9% CPU
Optimizing NNI: done in 0.111972 secs using 198.4% CPU
Optimizing NNI: done in 0.130801 secs using 198.4% CPU
Iteration 70 / LogL: -7166.945 / Time: 0h:0m:10s (0h:0m:4s left)
Optimizing NNI: done in 0.139885 secs using 199% CPU
Optimizing NNI: done in 0.0994089 secs using 197.1% CPU
Optimizing NNI: done in 0.068723 secs using 199.3% CPU
Optimizing NNI: done in 0.144032 secs using 197.9% CPU
Optimizing NNI: done in 0.193068 secs using 198.9% CPU
Optimizing NNI: done in 0.123924 secs using 198.7% CPU
Optimizing NNI: done in 0.148572 secs using 198.1% CPU
Optimizing NNI: done in 0.12059 secs using 198.5% CPU
Optimizing NNI: done in 0.108743 secs using 198.6% CPU
Optimizing NNI: done in 0.139359 secs using 198.7% CPU
Iteration 80 / LogL: -7158.730 / Time: 0h:0m:11s (0h:0m:3s left)
Optimizing NNI: done in 0.172981 secs using 198.7% CPU
Optimizing NNI: done in 0.101847 secs using 197.8% CPU
Optimizing NNI: done in 0.099216 secs using 199% CPU
Optimizing NNI: done in 0.10758 secs using 198.7% CPU
Optimizing NNI: done in 0.141387 secs using 198.4% CPU
Optimizing NNI: done in 0.0983429 secs using 199.2% CPU
Optimizing NNI: done in 0.160344 secs using 198.6% CPU
Optimizing NNI: done in 0.109048 secs using 198.6% CPU
Optimizing NNI: done in 0.216597 secs using 198.4% CPU
Optimizing NNI: done in 0.217774 secs using 198.3% CPU
Iteration 90 / LogL: -7159.108 / Time: 0h:0m:13s (0h:0m:1s left)
Optimizing NNI: done in 0.235062 secs using 198.9% CPU
Optimizing NNI: done in 0.175604 secs using 198.5% CPU
Optimizing NNI: done in 0.115438 secs using 198.7% CPU
Optimizing NNI: done in 0.176699 secs using 198.6% CPU
Optimizing NNI: done in 0.158614 secs using 198.9% CPU
Optimizing NNI: done in 0.104176 secs using 197.8% CPU
Optimizing NNI: done in 0.084444 secs using 199.2% CPU
Optimizing NNI: done in 0.064393 secs using 198.3% CPU
Optimizing NNI: done in 0.109977 secs using 198.5% CPU
Optimizing NNI: done in 0.0988331 secs using 198.8% CPU
Iteration 100 / LogL: -7158.692 / Time: 0h:0m:14s (0h:0m:0s left)
Log-likelihood cutoff on original alignment: -7196.543
NOTE: Bootstrap correlation coefficient of split occurrence frequencies: 1.000
Optimizing NNI: done in 0.140877 secs using 198.7% CPU
Optimizing NNI: done in 0.166707 secs using 199% CPU
Optimizing NNI: done in 0.182785 secs using 198.7% CPU
TREE SEARCH COMPLETED AFTER 103 ITERATIONS / Time: 0h:0m:15s

--------------------------------------------------------------------
|                    FINALIZING TREE SEARCH                        |
--------------------------------------------------------------------
Performs final model parameters optimization
Estimate model parameters (epsilon = 0.010)
1. Initial log-likelihood: -7158.668
2. Current log-likelihood: -7158.605
3. Current log-likelihood: -7158.594
4. Current log-likelihood: -7158.583
Optimal log-likelihood: -7158.570
Site proportion and rates:  (0.295,0.070) (0.459,0.537) (0.191,1.485) (0.056,8.029)
Parameters optimization took 4 rounds (0.282 sec)
BEST SCORE FOUND : -7158.570

Testing tree branches by SH-like aLRT with 1000 replicates...
0.100 sec.
Creating bootstrap support values...
Split supports printed to NEXUS file FungalCW_tree_20231129/262317at4751.aa.mfa.splits.nex
Total tree length: 10.499

Total number of iterations: 103
CPU time used for tree search: 29.842 sec (0h:0m:29s)
Wall-clock time used for tree search: 15.049 sec (0h:0m:15s)
Total CPU time used: 31.245 sec (0h:0m:31s)
Total wall-clock time used: 15.821 sec (0h:0m:15s)

Computing bootstrap consensus tree...
Reading input file FungalCW_tree_20231129/262317at4751.aa.mfa.splits.nex...
17 taxa and 62 splits.
Consensus tree written to FungalCW_tree_20231129/262317at4751.aa.mfa.contree
Reading input trees file FungalCW_tree_20231129/262317at4751.aa.mfa.contree
Log-likelihood of consensus tree: -7158.569

Analysis results written to: 
  IQ-TREE report:                FungalCW_tree_20231129/262317at4751.aa.mfa.iqtree
  Maximum-likelihood tree:       FungalCW_tree_20231129/262317at4751.aa.mfa.treefile
  Likelihood distances:          FungalCW_tree_20231129/262317at4751.aa.mfa.mldist

Ultrafast bootstrap approximation results written to:
  Split support values:          FungalCW_tree_20231129/262317at4751.aa.mfa.splits.nex
  Consensus tree:                FungalCW_tree_20231129/262317at4751.aa.mfa.contree
  Screen log file:               FungalCW_tree_20231129/262317at4751.aa.mfa.log

Date and Time: Wed Nov 29 01:37:07 2023
