IQ-TREE multicore version 2.2.2.6 COVID-edition for Linux 64-bit built May 27 2023
Developed by Bui Quang Minh, James Barbetti, Nguyen Lam Tung,
Olga Chernomor, Heiko Schmidt, Dominik Schrempf, Michael Woodhams, Ly Trong Nhan.

Host:    r12 (AVX2, FMA3, 503 GB RAM)
Command: iqtree2 -s FungalCW_tree_20231129/264038at4751.aa.mfa -gz -B 1000 -alrt 1000 -nt 2
Seed:    271925 (Using SPRNG - Scalable Parallel Random Number Generator)
Time:    Wed Nov 29 02:22:41 2023
Kernel:  AVX+FMA - 2 threads (2 CPU cores detected)

Reading alignment file FungalCW_tree_20231129/264038at4751.aa.mfa ... Fasta format detected
Reading fasta file: done in 0.000363111 secs using 49.85% CPU
Alignment most likely contains protein sequences
Constructing alignment: done in 0.0012641 secs using 177.9% CPU
Alignment has 17 sequences with 1424 columns, 1329 distinct patterns
930 parsimony-informative, 347 singleton sites, 147 constant sites
                                                               Gap/Ambiguity  Composition  p-value
Analyzing sequences: done in 4.50611e-05 secs using 99.86% CPU
   1  Basidiobolus_meristosporus_CBS_931.73.Basme2finSC.v1            69.59%    failed      4.65%
   2  Botrytis_cinerea_T4                                             16.85%    passed     55.33%
   3  Colletotrichum_graminicola_M1.001                               14.82%    passed     22.70%
   4  Colletotrichum_higginsianum_IMI_349063                          13.69%    passed     39.63%
   5  Fusarium_graminearum_PH-1                                       12.71%    passed     91.79%
   6  Fusarium_verticillioides_7600                                   14.89%    passed     86.14%
   7  Gilbertella_persicaria_var_persicaria_CBS_190.32-T.Gilper1.v1   24.09%    passed     61.66%
   8  Mortierella_elongata_AG-77                                      70.29%    failed      2.34%
   9  Mucor_mucedo_NRRL_3635                                          27.18%    passed     14.55%
  10  Neoconidiobolus_thromboides_FSU_785.Conth1.v1                   33.57%    failed      0.01%
  11  Phycomyces_blakesleeanus_NRRL_1555.Phybl2.v2                    71.35%    passed     47.56%
  12  Rhizopus_stolonifer_NRRL_66455                                  27.25%    passed     22.98%
  13  Trichoderma_harzianum_CBS_226.95                                13.83%    passed     79.30%
  14  Umbelopsis_ramanniana_NRRL_5844.Umbra1.v1                       21.84%    passed     25.29%
  15  Ustilago_maydis                                                 12.85%    failed      0.00%
  16  Zoophthora_radicans_ATCC_208865                                 67.06%    failed      0.03%
  17  Zymoseptoria_tritici_IP0323                                     21.00%    passed     13.72%
WARNING: 4 sequences contain more than 50% gaps/ambiguity
****  TOTAL                                                           31.35%  5 sequences failed composition chi2 test (p-value<5%; df=19)
Checking for duplicate sequences: done in 7.70092e-05 secs using 332.4% CPU


Create initial parsimony tree by phylogenetic likelihood library (PLL)... 0.005 seconds
Perform fast likelihood tree search using LG+I+G model...
Estimate model parameters (epsilon = 5.000)
Perform nearest neighbor interchange...
Optimizing NNI: done in 0.117814 secs using 197.8% CPU
Estimate model parameters (epsilon = 1.000)
1. Initial log-likelihood: -37268.588
2. Current log-likelihood: -37267.531
Optimal log-likelihood: -37267.430
Proportion of invariable sites: 0.068
Gamma shape alpha: 0.483
Parameters optimization took 2 rounds (0.185 sec)
Time for fast ML tree search: 0.907 seconds

NOTE: ModelFinder requires 40 MB RAM!
ModelFinder will test up to 1232 protein models (sample size: 1424) ...
 No. Model         -LnL         df  AIC          AICc         BIC
  1  LG            40756.252    31  81574.504    81575.930    81737.602
  2  LG+I          39688.635    32  79441.270    79442.789    79609.629
  3  LG+G4         37298.304    32  74660.608    74662.126    74828.967
  4  LG+I+G4       37267.340    33  74600.681    74602.295    74774.301
  5  LG+R2         37478.896    33  75023.791    75025.405    75197.411
  6  LG+R3         37182.533    35  74435.067    74436.882    74619.210
  7  LG+R4         37164.746    37  74403.492    74405.521    74598.157
  8  LG+R5         37120.845    39  74319.690    74321.944    74524.877
  9  LG+R6         37105.626    41  74293.252    74295.744    74508.963
 10  LG+R7         37105.138    43  74296.275    74299.017    74522.508
 14  LG+I+R2       37307.070    34  74682.140    74683.854    74861.022
 15  LG+I+R3       37153.142    36  74378.283    74380.204    74567.687
 16  LG+I+R4       37138.560    38  74353.120    74355.260    74553.047
 17  LG+I+R5       37114.797    40  74309.594    74311.966    74520.043
 18  LG+I+R6       37112.778    42  74309.556    74312.171    74530.527
 31  LG+F+R6       36903.840    60  73927.681    73933.051    74243.354
 53  WAG+R6        37099.865    41  74281.730    74284.222    74497.440
 75  WAG+F+R6      36917.507    60  73955.015    73960.385    74270.688
 97  JTT+R6        37089.487    41  74260.974    74263.466    74476.684
119  JTT+F+R6      36938.921    60  73997.842    74003.212    74313.515
WARNING: Normalizing state frequencies so that sum of them equals to 1
141  Q.pfam+R6     37056.558    41  74195.115    74197.607    74410.825
WARNING: Normalizing state frequencies so that sum of them equals to 1
163  Q.pfam+F+R6   36899.688    60  73919.377    73924.747    74235.050
WARNING: Normalizing state frequencies so that sum of them equals to 1
185  Q.bird+R6     37271.991    41  74625.982    74628.474    74841.692
WARNING: Normalizing state frequencies so that sum of them equals to 1
207  Q.bird+F+R6   37066.086    60  74252.173    74257.543    74567.846
WARNING: Normalizing state frequencies so that sum of them equals to 1
229  Q.mammal+R6   37219.599    41  74521.198    74523.690    74736.909
WARNING: Normalizing state frequencies so that sum of them equals to 1
251  Q.mammal+F+R6 37006.842    60  74133.684    74139.055    74449.358
273  Q.insect+R6   37376.208    41  74834.417    74836.909    75050.127
295  Q.insect+F+R6 36895.481    60  73910.962    73916.332    74226.635
WARNING: Normalizing state frequencies so that sum of them equals to 1
317  Q.plant+R6    37196.637    41  74475.275    74477.767    74690.985
WARNING: Normalizing state frequencies so that sum of them equals to 1
339  Q.plant+F+R6  36960.963    60  74041.927    74047.297    74357.600
WARNING: Normalizing state frequencies so that sum of them equals to 1
361  Q.yeast+R6    37347.818    41  74777.636    74780.128    74993.346
WARNING: Normalizing state frequencies so that sum of them equals to 1
383  Q.yeast+F+R6  36893.852    60  73907.704    73913.075    74223.378
405  JTTDCMut+R6   37095.312    41  74272.623    74275.115    74488.333
427  JTTDCMut+F+R6 36937.043    60  73994.087    73999.457    74309.760
449  DCMut+R6      37394.378    41  74870.756    74873.248    75086.466
471  DCMut+F+R6    36961.288    60  74042.575    74047.946    74358.249
493  VT+R6         37052.046    41  74186.092    74188.584    74401.802
515  VT+F+R6       36926.288    60  73972.576    73977.946    74288.249
537  PMB+R6        37315.322    41  74712.644    74715.136    74928.354
559  PMB+F+R6      36957.270    60  74034.540    74039.910    74350.213
581  Blosum62+R6   37326.096    41  74734.192    74736.684    74949.902
603  Blosum62+F+R6 36956.533    60  74033.066    74038.437    74348.740
625  Dayhoff+R6    37394.520    41  74871.040    74873.532    75086.751
647  Dayhoff+F+R6  36961.422    60  74042.845    74048.215    74358.518
669  mtREV+R6      39217.420    41  78516.840    78519.332    78732.550
691  mtREV+F+R6    37035.171    60  74190.341    74195.712    74506.015
713  mtART+R6      39558.536    41  79199.072    79201.564    79414.782
735  mtART+F+R6    37122.512    60  74365.024    74370.395    74680.698
757  mtZOA+R6      39097.689    41  78277.377    78279.869    78493.087
779  mtZOA+F+R6    37030.257    60  74180.513    74185.884    74496.187
801  mtMet+R6      39665.423    41  79412.846    79415.338    79628.556
823  mtMet+F+R6    37055.975    60  74231.951    74237.321    74547.624
845  mtVer+R6      39597.848    41  79277.697    79280.189    79493.407
867  mtVer+F+R6    37186.164    60  74492.328    74497.698    74808.001
889  mtInv+R6      40271.706    41  80625.411    80627.903    80841.122
911  mtInv+F+R6    37000.936    60  74121.872    74127.243    74437.546
933  mtMAM+R6      39481.846    41  79045.692    79048.184    79261.402
955  mtMAM+F+R6    37229.140    60  74578.279    74583.650    74893.953
WARNING: Normalizing state frequencies so that sum of them equals to 1
977  FLAVI+R6      37877.615    41  75837.231    75839.723    76052.941
WARNING: Normalizing state frequencies so that sum of them equals to 1
999  FLAVI+F+R6    37215.858    60  74551.717    74557.087    74867.390
1021  HIVb+R6       37543.725    41  75169.450    75171.942    75385.160
1043  HIVb+F+R6     37101.168    60  74322.335    74327.706    74638.009
1065  HIVw+R6       38368.881    41  76819.762    76822.254    77035.473
1087  HIVw+F+R6     37301.810    60  74723.620    74728.990    75039.293
1109  FLU+R6        37418.964    41  74919.929    74922.421    75135.639
1131  FLU+F+R6      37032.139    60  74184.279    74189.649    74499.952
1153  rtREV+R6      37291.967    41  74665.935    74668.427    74881.645
1175  rtREV+F+R6    36898.490    60  73916.981    73922.351    74232.654
1197  cpREV+R6      37380.465    41  74842.931    74845.423    75058.641
1219  cpREV+F+R6    36970.265    60  74060.530    74065.900    74376.203
Akaike Information Criterion:           Q.yeast+F+R6
Corrected Akaike Information Criterion: Q.yeast+F+R6
Bayesian Information Criterion:         Q.yeast+F+R6
Best-fit model: Q.yeast+F+R6 chosen according to BIC

All model information printed to FungalCW_tree_20231129/264038at4751.aa.mfa.model.gz
CPU time for ModelFinder: 441.070 seconds (0h:7m:21s)
Wall-clock time for ModelFinder: 223.132 seconds (0h:3m:43s)
Generating 1000 samples for ultrafast bootstrap (seed: 271925)...
WARNING: Normalizing state frequencies so that sum of them equals to 1

NOTE: 26 MB RAM (0 GB) is required!
Estimate model parameters (epsilon = 0.100)
1. Initial log-likelihood: -36893.852
Optimal log-likelihood: -36893.838
Site proportion and rates:  (0.112,0.001) (0.121,0.013) (0.119,0.037) (0.085,0.188) (0.169,1.727) (0.394,1.742)
Parameters optimization took 1 rounds (0.521 sec)
Wrote distance file to... 
Computing ML distances based on estimated model parameters...
Calculating distance matrix: done in 0.08482 secs using 199.4% CPU
Computing ML distances took 0.084988 sec (of wall-clock time) 0.169457 sec (of CPU time)
WARNING: Some pairwise ML distances are too long (saturated)
Setting up auxiliary I and S matrices: done in 4.69685e-05 secs using 97.94% CPU
Constructing RapidNJ tree: done in 0.000246048 secs using 54.46% CPU
Computing RapidNJ tree took 0.000355 sec (of wall-clock time) 0.000223 sec (of CPU time)
Log-likelihood of RapidNJ tree: -37495.585
--------------------------------------------------------------------
|             INITIALIZING CANDIDATE TREE SET                      |
--------------------------------------------------------------------
Generating 98 parsimony trees... 0.436 second
Computing log-likelihood of 98 initial trees ... 4.248 seconds
Current best score: -36893.838

Do NNI search on 20 best initial trees
Optimizing NNI: done in 0.370924 secs using 199.2% CPU
Estimate model parameters (epsilon = 0.100)
BETTER TREE FOUND at iteration 1: -36883.382
Optimizing NNI: done in 0.557411 secs using 198.7% CPU
Optimizing NNI: done in 0.872064 secs using 199.2% CPU
Optimizing NNI: done in 0.855447 secs using 198.9% CPU
Optimizing NNI: done in 0.891599 secs using 199% CPU
Optimizing NNI: done in 0.779111 secs using 199.2% CPU
Optimizing NNI: done in 0.78439 secs using 199.2% CPU
Optimizing NNI: done in 1.00521 secs using 199.1% CPU
Optimizing NNI: done in 0.918017 secs using 199% CPU
Optimizing NNI: done in 0.958702 secs using 199% CPU
Iteration 10 / LogL: -36984.174 / Time: 0h:0m:14s
Optimizing NNI: done in 1.03378 secs using 198.9% CPU
Optimizing NNI: done in 0.88504 secs using 199.2% CPU
Optimizing NNI: done in 0.993897 secs using 199.2% CPU
Optimizing NNI: done in 1.01672 secs using 199% CPU
Optimizing NNI: done in 0.88536 secs using 199.2% CPU
Optimizing NNI: done in 0.988447 secs using 199.2% CPU
Optimizing NNI: done in 0.768365 secs using 199.1% CPU
Optimizing NNI: done in 0.835353 secs using 199.2% CPU
Optimizing NNI: done in 0.783408 secs using 199.2% CPU
Optimizing NNI: done in 0.789933 secs using 199% CPU
Iteration 20 / LogL: -36982.342 / Time: 0h:0m:24s
Finish initializing candidate tree set (6)
Current best tree score: -36883.382 / CPU time: 22.892
Number of iterations: 20
--------------------------------------------------------------------
|               OPTIMIZING CANDIDATE TREE SET                      |
--------------------------------------------------------------------
Optimizing NNI: done in 0.58528 secs using 199.2% CPU
Optimizing NNI: done in 0.530237 secs using 199.1% CPU
Optimizing NNI: done in 0.577058 secs using 199% CPU
Optimizing NNI: done in 0.604207 secs using 199.2% CPU
Optimizing NNI: done in 0.750021 secs using 199.1% CPU
Optimizing NNI: done in 0.703838 secs using 199.1% CPU
Optimizing NNI: done in 0.674359 secs using 199.1% CPU
Optimizing NNI: done in 0.752868 secs using 199.1% CPU
Optimizing NNI: done in 0.478687 secs using 198.9% CPU
Optimizing NNI: done in 0.567436 secs using 199% CPU
Iteration 30 / LogL: -36992.268 / Time: 0h:0m:30s (0h:1m:14s left)
Optimizing NNI: done in 0.745396 secs using 199.1% CPU
Optimizing NNI: done in 0.460619 secs using 199% CPU
Optimizing NNI: done in 0.712549 secs using 199.1% CPU
Optimizing NNI: done in 0.447721 secs using 199.1% CPU
Optimizing NNI: done in 0.979018 secs using 199% CPU
Optimizing NNI: done in 0.666078 secs using 199.1% CPU
Optimizing NNI: done in 0.705486 secs using 199.2% CPU
Optimizing NNI: done in 0.99815 secs using 199.1% CPU
Optimizing NNI: done in 0.545969 secs using 199% CPU
Optimizing NNI: done in 0.445715 secs using 199.1% CPU
Iteration 40 / LogL: -36982.305 / Time: 0h:0m:37s (0h:0m:58s left)
Optimizing NNI: done in 0.616739 secs using 199% CPU
Optimizing NNI: done in 0.828407 secs using 198.8% CPU
Optimizing NNI: done in 0.714395 secs using 199.1% CPU
Optimizing NNI: done in 0.88862 secs using 199.1% CPU
Optimizing NNI: done in 0.495523 secs using 199.2% CPU
Optimizing NNI: done in 0.844474 secs using 199.1% CPU
Optimizing NNI: done in 0.702242 secs using 199.2% CPU
Optimizing NNI: done in 0.890377 secs using 199.1% CPU
Optimizing NNI: done in 0.656237 secs using 199.1% CPU
Optimizing NNI: done in 1.1738 secs using 198.8% CPU
Iteration 50 / LogL: -36982.045 / Time: 0h:0m:45s (0h:0m:46s left)
Log-likelihood cutoff on original alignment: -36909.336
Optimizing NNI: done in 0.784783 secs using 199.1% CPU
Optimizing NNI: done in 0.633627 secs using 199% CPU
Optimizing NNI: done in 0.509987 secs using 199.2% CPU
Optimizing NNI: done in 0.546255 secs using 199% CPU
Optimizing NNI: done in 0.492729 secs using 199.2% CPU
Optimizing NNI: done in 0.781326 secs using 199.1% CPU
Optimizing NNI: done in 0.653393 secs using 199% CPU
Optimizing NNI: done in 0.954781 secs using 199.1% CPU
Optimizing NNI: done in 0.869337 secs using 199.2% CPU
Optimizing NNI: done in 0.862741 secs using 199.2% CPU
Iteration 60 / LogL: -36886.627 / Time: 0h:0m:52s (0h:0m:36s left)
Optimizing NNI: done in 0.895672 secs using 199.1% CPU
Optimizing NNI: done in 0.650609 secs using 199.1% CPU
Optimizing NNI: done in 0.780115 secs using 199.2% CPU
Optimizing NNI: done in 0.485589 secs using 199.1% CPU
Optimizing NNI: done in 0.696195 secs using 199.2% CPU
Optimizing NNI: done in 1.07849 secs using 199.1% CPU
Optimizing NNI: done in 0.558552 secs using 199.1% CPU
Optimizing NNI: done in 0.543435 secs using 199.1% CPU
Optimizing NNI: done in 0.892881 secs using 199.2% CPU
Optimizing NNI: done in 0.641102 secs using 199.1% CPU
Iteration 70 / LogL: -36993.094 / Time: 0h:0m:59s (0h:0m:26s left)
Optimizing NNI: done in 0.647785 secs using 199.1% CPU
Optimizing NNI: done in 0.458198 secs using 199.4% CPU
Optimizing NNI: done in 0.885688 secs using 199.1% CPU
Optimizing NNI: done in 0.733075 secs using 199.1% CPU
Optimizing NNI: done in 0.716024 secs using 199.2% CPU
Optimizing NNI: done in 0.876839 secs using 199.2% CPU
Optimizing NNI: done in 0.726287 secs using 199.1% CPU
Optimizing NNI: done in 0.526793 secs using 199.1% CPU
Optimizing NNI: done in 0.678189 secs using 199.1% CPU
Optimizing NNI: done in 0.56858 secs using 199.1% CPU
Iteration 80 / LogL: -36901.669 / Time: 0h:1m:6s (0h:0m:17s left)
Optimizing NNI: done in 0.390586 secs using 199% CPU
Optimizing NNI: done in 0.805783 secs using 199% CPU
Optimizing NNI: done in 0.703918 secs using 199.2% CPU
Optimizing NNI: done in 0.390304 secs using 199% CPU
Optimizing NNI: done in 0.692598 secs using 199% CPU
Optimizing NNI: done in 0.664751 secs using 199.1% CPU
Optimizing NNI: done in 0.478653 secs using 199.1% CPU
Optimizing NNI: done in 0.741635 secs using 199.2% CPU
Optimizing NNI: done in 0.493553 secs using 199.1% CPU
Optimizing NNI: done in 0.877818 secs using 199.2% CPU
Iteration 90 / LogL: -36907.112 / Time: 0h:1m:13s (0h:0m:9s left)
Optimizing NNI: done in 0.376506 secs using 199.3% CPU
Optimizing NNI: done in 0.568113 secs using 199.1% CPU
Optimizing NNI: done in 0.561705 secs using 198.9% CPU
Optimizing NNI: done in 0.840175 secs using 199.2% CPU
Optimizing NNI: done in 0.99688 secs using 199.2% CPU
Optimizing NNI: done in 0.481469 secs using 199% CPU
Optimizing NNI: done in 0.585662 secs using 199% CPU
Optimizing NNI: done in 0.553507 secs using 199.2% CPU
Optimizing NNI: done in 0.69459 secs using 199% CPU
Optimizing NNI: done in 0.479549 secs using 199% CPU
Iteration 100 / LogL: -36900.884 / Time: 0h:1m:19s (0h:0m:0s left)
Log-likelihood cutoff on original alignment: -36907.815
NOTE: Bootstrap correlation coefficient of split occurrence frequencies: 0.959
NOTE: UFBoot does not converge, continue at least 100 more iterations
Optimizing NNI: done in 0.364071 secs using 199.2% CPU
Optimizing NNI: done in 0.737212 secs using 199.2% CPU
Optimizing NNI: done in 0.664486 secs using 198.9% CPU
Optimizing NNI: done in 1.10893 secs using 199.1% CPU
Optimizing NNI: done in 0.318642 secs using 199.1% CPU
Optimizing NNI: done in 0.860225 secs using 199.2% CPU
Optimizing NNI: done in 0.745161 secs using 199.1% CPU
Optimizing NNI: done in 0.537561 secs using 199.1% CPU
Optimizing NNI: done in 0.537178 secs using 199.1% CPU
Optimizing NNI: done in 0.889008 secs using 199.1% CPU
Iteration 110 / LogL: -36903.980 / Time: 0h:1m:26s (0h:1m:11s left)
Optimizing NNI: done in 0.65179 secs using 199% CPU
Optimizing NNI: done in 0.903974 secs using 199.1% CPU
Optimizing NNI: done in 0.611394 secs using 199.3% CPU
Optimizing NNI: done in 0.742821 secs using 199.1% CPU
Optimizing NNI: done in 0.653291 secs using 199.1% CPU
Optimizing NNI: done in 0.872277 secs using 199.2% CPU
Optimizing NNI: done in 0.638492 secs using 199.1% CPU
Optimizing NNI: done in 0.637274 secs using 199.1% CPU
Optimizing NNI: done in 0.898776 secs using 199.2% CPU
Optimizing NNI: done in 1.01589 secs using 199.1% CPU
Iteration 120 / LogL: -36904.746 / Time: 0h:1m:34s (0h:1m:3s left)
Optimizing NNI: done in 0.770833 secs using 199% CPU
Optimizing NNI: done in 1.01828 secs using 199.2% CPU
Optimizing NNI: done in 0.598984 secs using 199.2% CPU
Optimizing NNI: done in 0.664696 secs using 199.1% CPU
Optimizing NNI: done in 0.712844 secs using 199% CPU
Optimizing NNI: done in 0.631485 secs using 199.2% CPU
Optimizing NNI: done in 0.95278 secs using 199.1% CPU
Optimizing NNI: done in 0.716616 secs using 199.2% CPU
Optimizing NNI: done in 0.781134 secs using 199.1% CPU
Optimizing NNI: done in 0.778085 secs using 199.1% CPU
Iteration 130 / LogL: -36910.093 / Time: 0h:1m:41s (0h:0m:55s left)
Optimizing NNI: done in 0.708649 secs using 199.1% CPU
Optimizing NNI: done in 1.0234 secs using 199.2% CPU
Optimizing NNI: done in 0.696034 secs using 199.1% CPU
Optimizing NNI: done in 0.556636 secs using 198.7% CPU
Optimizing NNI: done in 0.9705 secs using 199% CPU
Optimizing NNI: done in 0.833014 secs using 199.2% CPU
Optimizing NNI: done in 0.45273 secs using 199.2% CPU
Optimizing NNI: done in 0.479444 secs using 199.2% CPU
Optimizing NNI: done in 0.810328 secs using 199.2% CPU
Optimizing NNI: done in 0.729238 secs using 199.1% CPU
Iteration 140 / LogL: -36890.241 / Time: 0h:1m:49s (0h:0m:47s left)
Optimizing NNI: done in 1.07623 secs using 199.1% CPU
Optimizing NNI: done in 0.579377 secs using 199.1% CPU
Optimizing NNI: done in 0.579994 secs using 199.1% CPU
Optimizing NNI: done in 0.507905 secs using 199.1% CPU
Optimizing NNI: done in 0.667634 secs using 199.2% CPU
Optimizing NNI: done in 0.513612 secs using 199.1% CPU
Optimizing NNI: done in 0.673997 secs using 199.2% CPU
Optimizing NNI: done in 0.684346 secs using 199.2% CPU
Optimizing NNI: done in 0.510624 secs using 199% CPU
Optimizing NNI: done in 0.700023 secs using 199.2% CPU
Iteration 150 / LogL: -36890.257 / Time: 0h:1m:55s (0h:0m:38s left)
Log-likelihood cutoff on original alignment: -36907.566
Optimizing NNI: done in 0.797991 secs using 199.2% CPU
Optimizing NNI: done in 0.474587 secs using 199.2% CPU
Optimizing NNI: done in 0.802597 secs using 199.2% CPU
Optimizing NNI: done in 0.660672 secs using 198.9% CPU
Optimizing NNI: done in 0.805402 secs using 199.1% CPU
Optimizing NNI: done in 0.577333 secs using 199.2% CPU
Optimizing NNI: done in 0.459677 secs using 199.2% CPU
Optimizing NNI: done in 0.455663 secs using 199% CPU
Optimizing NNI: done in 0.744401 secs using 199.1% CPU
Optimizing NNI: done in 0.688925 secs using 199.2% CPU
Iteration 160 / LogL: -36890.725 / Time: 0h:2m:2s (0h:0m:30s left)
Optimizing NNI: done in 0.944925 secs using 199.2% CPU
Optimizing NNI: done in 0.856043 secs using 199.2% CPU
Optimizing NNI: done in 0.757067 secs using 199.2% CPU
Optimizing NNI: done in 0.693176 secs using 199% CPU
Optimizing NNI: done in 0.919866 secs using 199.2% CPU
Optimizing NNI: done in 0.445956 secs using 199% CPU
Optimizing NNI: done in 0.793573 secs using 199% CPU
Optimizing NNI: done in 0.687558 secs using 199.3% CPU
Optimizing NNI: done in 1.08351 secs using 199% CPU
Optimizing NNI: done in 0.707678 secs using 199.1% CPU
Iteration 170 / LogL: -36926.012 / Time: 0h:2m:10s (0h:0m:23s left)
Optimizing NNI: done in 0.558898 secs using 199% CPU
Optimizing NNI: done in 0.732938 secs using 199.2% CPU
Optimizing NNI: done in 0.586452 secs using 199.2% CPU
Optimizing NNI: done in 0.626084 secs using 199.1% CPU
Optimizing NNI: done in 1.02795 secs using 199.1% CPU
Optimizing NNI: done in 0.716378 secs using 198.9% CPU
Optimizing NNI: done in 0.576491 secs using 199.2% CPU
Optimizing NNI: done in 0.71156 secs using 199% CPU
Optimizing NNI: done in 0.386496 secs using 199.2% CPU
Optimizing NNI: done in 0.864138 secs using 199.2% CPU
Iteration 180 / LogL: -36890.253 / Time: 0h:2m:17s (0h:0m:15s left)
Optimizing NNI: done in 0.501342 secs using 199% CPU
Optimizing NNI: done in 0.472861 secs using 199.2% CPU
Optimizing NNI: done in 0.711571 secs using 199.1% CPU
Optimizing NNI: done in 0.598992 secs using 199.2% CPU
Optimizing NNI: done in 0.585895 secs using 199.2% CPU
Optimizing NNI: done in 1.11745 secs using 199% CPU
Optimizing NNI: done in 0.764424 secs using 199% CPU
Optimizing NNI: done in 0.768816 secs using 199.1% CPU
Optimizing NNI: done in 0.700954 secs using 199.2% CPU
Optimizing NNI: done in 0.321806 secs using 199% CPU
Iteration 190 / LogL: -36885.929 / Time: 0h:2m:24s (0h:0m:7s left)
Optimizing NNI: done in 0.630544 secs using 199.2% CPU
Optimizing NNI: done in 0.69289 secs using 199.2% CPU
Optimizing NNI: done in 0.623651 secs using 199.1% CPU
Optimizing NNI: done in 0.484702 secs using 199.2% CPU
Optimizing NNI: done in 1.24906 secs using 199.2% CPU
Optimizing NNI: done in 0.507302 secs using 199.1% CPU
Optimizing NNI: done in 0.643677 secs using 199.2% CPU
Optimizing NNI: done in 0.4321 secs using 198.9% CPU
Optimizing NNI: done in 0.57017 secs using 199.1% CPU
Optimizing NNI: done in 0.708465 secs using 199.1% CPU
Iteration 200 / LogL: -36884.351 / Time: 0h:2m:30s (0h:0m:0s left)
Log-likelihood cutoff on original alignment: -36907.984
NOTE: Bootstrap correlation coefficient of split occurrence frequencies: 0.998
TREE SEARCH COMPLETED AFTER 200 ITERATIONS / Time: 0h:2m:30s

--------------------------------------------------------------------
|                    FINALIZING TREE SEARCH                        |
--------------------------------------------------------------------
Performs final model parameters optimization
Estimate model parameters (epsilon = 0.010)
1. Initial log-likelihood: -36883.382
2. Current log-likelihood: -36883.336
3. Current log-likelihood: -36883.309
4. Current log-likelihood: -36883.293
Optimal log-likelihood: -36883.284
Site proportion and rates:  (0.115,0.001) (0.132,0.013) (0.109,0.041) (0.083,0.199) (0.167,1.731) (0.394,1.746)
Parameters optimization took 4 rounds (1.877 sec)
BEST SCORE FOUND : -36883.284

Testing tree branches by SH-like aLRT with 1000 replicates...
0.401 sec.
Creating bootstrap support values...
Split supports printed to NEXUS file FungalCW_tree_20231129/264038at4751.aa.mfa.splits.nex
Total tree length: 346.914

Total number of iterations: 200
CPU time used for tree search: 297.833 sec (0h:4m:57s)
Wall-clock time used for tree search: 149.721 sec (0h:2m:29s)
Total CPU time used: 304.654 sec (0h:5m:4s)
Total wall-clock time used: 153.175 sec (0h:2m:33s)

Computing bootstrap consensus tree...
Reading input file FungalCW_tree_20231129/264038at4751.aa.mfa.splits.nex...
17 taxa and 76 splits.
Consensus tree written to FungalCW_tree_20231129/264038at4751.aa.mfa.contree
Reading input trees file FungalCW_tree_20231129/264038at4751.aa.mfa.contree
Log-likelihood of consensus tree: -36980.853

Analysis results written to: 
  IQ-TREE report:                FungalCW_tree_20231129/264038at4751.aa.mfa.iqtree
  Maximum-likelihood tree:       FungalCW_tree_20231129/264038at4751.aa.mfa.treefile
  Likelihood distances:          FungalCW_tree_20231129/264038at4751.aa.mfa.mldist

Ultrafast bootstrap approximation results written to:
  Split support values:          FungalCW_tree_20231129/264038at4751.aa.mfa.splits.nex
  Consensus tree:                FungalCW_tree_20231129/264038at4751.aa.mfa.contree
  Screen log file:               FungalCW_tree_20231129/264038at4751.aa.mfa.log

Date and Time: Wed Nov 29 02:28:58 2023
