IQ-TREE multicore version 2.2.2.6 COVID-edition for Linux 64-bit built May 27 2023
Developed by Bui Quang Minh, James Barbetti, Nguyen Lam Tung,
Olga Chernomor, Heiko Schmidt, Dominik Schrempf, Michael Woodhams, Ly Trong Nhan.

Host:    r12 (AVX2, FMA3, 503 GB RAM)
Command: iqtree2 -s FungalCW_tree_20231129/272711at4751.aa.mfa -gz -B 1000 -alrt 1000 -nt 2
Seed:    882905 (Using SPRNG - Scalable Parallel Random Number Generator)
Time:    Wed Nov 29 02:22:41 2023
Kernel:  AVX+FMA - 2 threads (2 CPU cores detected)

Reading alignment file FungalCW_tree_20231129/272711at4751.aa.mfa ... Fasta format detected
Reading fasta file: done in 0.000250816 secs using 85.32% CPU
Alignment most likely contains protein sequences
Constructing alignment: done in 0.000633955 secs using 146.7% CPU
Alignment has 16 sequences with 555 columns, 517 distinct patterns
261 parsimony-informative, 215 singleton sites, 79 constant sites
                                                               Gap/Ambiguity  Composition  p-value
Analyzing sequences: done in 4.00543e-05 secs using 42.44% CPU
   1  Basidiobolus_meristosporus_CBS_931.73.Basme2finSC.v1            31.71%    passed     99.18%
   2  Colletotrichum_graminicola_M1.001                               31.35%    passed     58.01%
   3  Colletotrichum_higginsianum_IMI_349063                          31.35%    passed     68.03%
   4  Fusarium_graminearum_PH-1                                       31.35%    passed     96.18%
   5  Fusarium_verticillioides_7600                                   31.53%    passed     96.51%
   6  Gilbertella_persicaria_var_persicaria_CBS_190.32-T.Gilper1.v1   31.53%    passed     97.45%
   7  Mortierella_elongata_AG-77                                      33.87%    passed     99.38%
   8  Mucor_mucedo_NRRL_3635                                          31.35%    passed     98.65%
   9  Neoconidiobolus_thromboides_FSU_785.Conth1.v1                   33.87%    failed      0.04%
  10  Phycomyces_blakesleeanus_NRRL_1555.Phybl2.v2                    32.43%    passed    100.00%
  11  Rhizopus_stolonifer_NRRL_66455                                  32.61%    passed     61.19%
  12  Trichoderma_harzianum_CBS_226.95                                31.17%    passed     88.36%
  13  Umbelopsis_ramanniana_NRRL_5844.Umbra1.v1                       34.95%    passed     98.41%
  14  Ustilago_maydis                                                 33.51%    passed     55.14%
  15  Zoophthora_radicans_ATCC_208865                                 31.17%    passed     58.63%
  16  Zymoseptoria_tritici_IP0323                                     35.32%    passed     98.84%
****  TOTAL                                                           32.44%  1 sequences failed composition chi2 test (p-value<5%; df=19)
Checking for duplicate sequences: done in 5.10216e-05 secs using 84.28% CPU


Create initial parsimony tree by phylogenetic likelihood library (PLL)... 0.001 seconds
Perform fast likelihood tree search using LG+I+G model...
Estimate model parameters (epsilon = 5.000)
Perform nearest neighbor interchange...
Optimizing NNI: done in 0.0458162 secs using 198.6% CPU
Estimate model parameters (epsilon = 1.000)
1. Initial log-likelihood: -8476.492
Optimal log-likelihood: -8476.388
Proportion of invariable sites: 0.058
Gamma shape alpha: 1.082
Parameters optimization took 1 rounds (0.038 sec)
Time for fast ML tree search: 0.225 seconds

NOTE: ModelFinder requires 15 MB RAM!
ModelFinder will test up to 1232 protein models (sample size: 555) ...
 No. Model         -LnL         df  AIC          AICc         BIC
  1  LG            8799.765     29  17657.529    17660.844    17782.779
  2  LG+I          8661.917     30  17383.834    17387.383    17513.403
  3  LG+G4         8478.058     30  17016.116    17019.665    17145.685
  4  LG+I+G4       8476.366     31  17014.733    17018.526    17148.621
  5  LG+R2         8505.388     31  17072.777    17076.570    17206.665
  6  LG+R3         8478.467     33  17022.934    17027.241    17165.460
  7  LG+R4         8473.158     35  17016.316    17021.171    17167.480
 14  LG+I+R2       8493.110     32  17050.221    17054.267    17188.428
 15  LG+I+R3       8474.079     34  17016.159    17020.736    17163.004
 16  LG+I+R4       8474.119     36  17020.238    17025.381    17175.721
 25  LG+F+G4       8452.509     49  17003.017    17012.720    17214.647
 26  LG+F+I+G4     8450.738     50  17001.475    17011.594    17217.424
 47  WAG+G4        8491.644     30  17043.289    17046.839    17172.858
 48  WAG+I+G4      8488.848     31  17039.696    17043.490    17173.584
 69  WAG+F+G4      8458.451     49  17014.902    17024.605    17226.531
 70  WAG+F+I+G4    8455.805     50  17011.609    17021.728    17227.558
 91  JTT+G4        8520.084     30  17100.167    17103.717    17229.736
 92  JTT+I+G4      8518.357     31  17098.715    17102.508    17232.603
113  JTT+F+G4      8459.677     49  17017.355    17027.058    17228.984
114  JTT+F+I+G4    8457.830     50  17015.660    17025.779    17231.609
WARNING: Normalizing state frequencies so that sum of them equals to 1
135  Q.pfam+G4     8481.872     30  17023.744    17027.293    17153.313
WARNING: Normalizing state frequencies so that sum of them equals to 1
136  Q.pfam+I+G4   8479.741     31  17021.482    17025.275    17155.370
WARNING: Normalizing state frequencies so that sum of them equals to 1
157  Q.pfam+F+G4   8457.645     49  17013.291    17022.994    17224.920
WARNING: Normalizing state frequencies so that sum of them equals to 1
158  Q.pfam+F+I+G4 8455.476     50  17010.952    17021.072    17226.901
WARNING: Normalizing state frequencies so that sum of them equals to 1
179  Q.bird+G4     8664.193     30  17388.386    17391.935    17517.955
WARNING: Normalizing state frequencies so that sum of them equals to 1
180  Q.bird+I+G4   8662.655     31  17387.310    17391.103    17521.198
WARNING: Normalizing state frequencies so that sum of them equals to 1
201  Q.bird+F+G4   8589.882     49  17277.765    17287.467    17489.394
WARNING: Normalizing state frequencies so that sum of them equals to 1
202  Q.bird+F+I+G4 8588.390     50  17276.781    17286.900    17492.729
WARNING: Normalizing state frequencies so that sum of them equals to 1
223  Q.mammal+G4   8621.550     30  17303.100    17306.650    17432.669
WARNING: Normalizing state frequencies so that sum of them equals to 1
224  Q.mammal+I+G4 8620.055     31  17302.111    17305.904    17435.999
WARNING: Normalizing state frequencies so that sum of them equals to 1
245  Q.mammal+F+G4 8548.748     49  17195.495    17205.198    17407.125
WARNING: Normalizing state frequencies so that sum of them equals to 1
246  Q.mammal+F+I+G4 8547.111     50  17194.221    17204.340    17410.169
267  Q.insect+G4   8465.005     30  16990.010    16993.560    17119.579
268  Q.insect+I+G4 8463.123     31  16988.245    16992.039    17122.133
289  Q.insect+F+G4 8436.056     49  16970.113    16979.816    17181.742
290  Q.insect+F+I+G4 8433.885     50  16967.770    16977.889    17183.719
WARNING: Normalizing state frequencies so that sum of them equals to 1
311  Q.plant+G4    8524.727     30  17109.454    17113.004    17239.023
WARNING: Normalizing state frequencies so that sum of them equals to 1
312  Q.plant+I+G4  8523.234     31  17108.468    17112.261    17242.356
WARNING: Normalizing state frequencies so that sum of them equals to 1
333  Q.plant+F+G4  8488.568     49  17075.136    17084.839    17286.765
WARNING: Normalizing state frequencies so that sum of them equals to 1
334  Q.plant+F+I+G4 8487.009     50  17074.018    17084.137    17289.966
WARNING: Normalizing state frequencies so that sum of them equals to 1
355  Q.yeast+G4    8456.052     30  16972.103    16975.653    17101.672
WARNING: Normalizing state frequencies so that sum of them equals to 1
356  Q.yeast+I+G4  8454.191     31  16970.381    16974.175    17104.269
WARNING: Normalizing state frequencies so that sum of them equals to 1
377  Q.yeast+F+G4  8432.153     49  16962.306    16972.009    17173.935
WARNING: Normalizing state frequencies so that sum of them equals to 1
378  Q.yeast+F+I+G4 8430.071     50  16960.142    16970.261    17176.090
399  JTTDCMut+G4   8518.786     30  17097.572    17101.122    17227.141
400  JTTDCMut+I+G4 8517.105     31  17096.211    17100.004    17230.099
421  JTTDCMut+F+G4 8460.295     49  17018.590    17028.293    17230.219
422  JTTDCMut+F+I+G4 8458.485     50  17016.969    17027.088    17232.918
443  DCMut+G4      8556.109     30  17172.218    17175.767    17301.787
444  DCMut+I+G4    8553.165     31  17168.329    17172.122    17302.217
465  DCMut+F+G4    8483.152     49  17064.303    17074.006    17275.933
466  DCMut+F+I+G4  8479.948     50  17059.897    17070.016    17275.845
487  VT+G4         8495.171     30  17050.343    17053.893    17179.912
488  VT+I+G4       8492.198     31  17046.397    17050.190    17180.285
509  VT+F+G4       8468.243     49  17034.487    17044.190    17246.116
510  VT+F+I+G4     8465.266     50  17030.531    17040.651    17246.480
531  PMB+G4        8593.343     30  17246.685    17250.235    17376.255
532  PMB+I+G4      8589.403     31  17240.807    17244.600    17374.695
553  PMB+F+G4      8523.901     49  17145.802    17155.505    17357.431
554  PMB+F+I+G4    8520.438     50  17140.875    17150.994    17356.824
575  Blosum62+G4   8570.718     30  17201.437    17204.986    17331.006
576  Blosum62+I+G4 8567.258     31  17196.515    17200.309    17330.403
597  Blosum62+F+G4 8513.681     49  17125.363    17135.066    17336.992
598  Blosum62+F+I+G4 8510.643     50  17121.286    17131.405    17337.234
619  Dayhoff+G4    8556.194     30  17172.387    17175.937    17301.956
620  Dayhoff+I+G4  8553.242     31  17168.483    17172.277    17302.371
641  Dayhoff+F+G4  8483.262     49  17064.523    17074.226    17276.153
642  Dayhoff+F+I+G4 8480.048     50  17060.096    17070.215    17276.044
663  mtREV+G4      8971.661     30  18003.322    18006.872    18132.891
664  mtREV+I+G4    8968.140     31  17998.281    18002.074    18132.169
685  mtREV+F+G4    8566.721     49  17231.443    17241.146    17443.072
686  mtREV+F+I+G4  8564.722     50  17229.444    17239.563    17445.392
707  mtART+G4      9007.208     30  18074.416    18077.966    18203.985
708  mtART+I+G4    9001.976     31  18065.953    18069.746    18199.841
729  mtART+F+G4    8582.694     49  17263.387    17273.090    17475.017
730  mtART+F+I+G4  8580.172     50  17260.345    17270.464    17476.293
751  mtZOA+G4      8878.204     30  17816.408    17819.957    17945.977
752  mtZOA+I+G4    8873.322     31  17808.645    17812.438    17942.533
773  mtZOA+F+G4    8517.670     49  17133.341    17143.044    17344.970
774  mtZOA+F+I+G4  8515.478     50  17130.957    17141.076    17346.905
795  mtMet+G4      8990.989     30  18041.977    18045.527    18171.546
796  mtMet+I+G4    8987.072     31  18036.145    18039.938    18170.033
817  mtMet+F+G4    8549.192     49  17196.385    17206.088    17408.014
818  mtMet+F+I+G4  8547.403     50  17194.807    17204.926    17410.755
839  mtVer+G4      9063.538     30  18187.075    18190.625    18316.644
840  mtVer+I+G4    9059.679     31  18181.358    18185.152    18315.246
861  mtVer+F+G4    8651.383     49  17400.767    17410.470    17612.396
862  mtVer+F+I+G4  8649.588     50  17399.176    17409.295    17615.125
883  mtInv+G4      9045.480     30  18150.959    18154.509    18280.529
884  mtInv+I+G4    9041.282     31  18144.563    18148.357    18278.451
905  mtInv+F+G4    8501.546     49  17101.091    17110.794    17312.720
906  mtInv+F+I+G4  8499.574     50  17099.149    17109.268    17315.097
927  mtMAM+G4      9132.509     30  18325.018    18328.567    18454.587
928  mtMAM+I+G4    9127.843     31  18317.687    18321.480    18451.575
949  mtMAM+F+G4    8717.982     49  17533.964    17543.667    17745.594
950  mtMAM+F+I+G4  8714.096     50  17528.191    17538.310    17744.140
WARNING: Normalizing state frequencies so that sum of them equals to 1
971  FLAVI+G4      8896.972     30  17853.943    17857.493    17983.512
WARNING: Normalizing state frequencies so that sum of them equals to 1
972  FLAVI+I+G4    8895.501     31  17853.003    17856.796    17986.891
WARNING: Normalizing state frequencies so that sum of them equals to 1
993  FLAVI+F+G4    8734.735     49  17567.470    17577.173    17779.100
WARNING: Normalizing state frequencies so that sum of them equals to 1
994  FLAVI+F+I+G4  8733.583     50  17567.167    17577.286    17783.115
1015  HIVb+G4       8731.580     30  17523.159    17526.709    17652.728
1016  HIVb+I+G4     8730.804     31  17523.608    17527.402    17657.496
1037  HIVb+F+G4     8607.406     49  17312.811    17322.514    17524.441
1038  HIVb+F+I+G4   8606.373     50  17312.745    17322.864    17528.694
1059  HIVw+G4       9056.894     30  18173.788    18177.337    18303.357
1060  HIVw+I+G4     9056.161     31  18174.321    18178.115    18308.209
1081  HIVw+F+G4     8774.868     49  17647.736    17657.439    17859.365
1082  HIVw+F+I+G4   8773.575     50  17647.151    17657.270    17863.099
1103  FLU+G4        8717.221     30  17494.441    17497.991    17624.010
1104  FLU+I+G4      8716.484     31  17494.969    17498.762    17628.857
1125  FLU+F+G4      8581.212     49  17260.423    17270.126    17472.053
1126  FLU+F+I+G4    8580.314     50  17260.629    17270.748    17476.577
1147  rtREV+G4      8547.954     30  17155.909    17159.458    17285.478
1148  rtREV+I+G4    8545.648     31  17153.296    17157.090    17287.184
1169  rtREV+F+G4    8467.353     49  17032.707    17042.410    17244.336
1170  rtREV+F+I+G4  8465.325     50  17030.651    17040.770    17246.599
1191  cpREV+G4      8552.553     30  17165.105    17168.655    17294.674
1192  cpREV+I+G4    8550.809     31  17163.619    17167.412    17297.507
1213  cpREV+F+G4    8482.938     49  17063.877    17073.579    17275.506
1214  cpREV+F+I+G4  8481.226     50  17062.452    17072.571    17278.400
Akaike Information Criterion:           Q.yeast+F+I+G4
Corrected Akaike Information Criterion: Q.yeast+F+I+G4
Bayesian Information Criterion:         Q.yeast+G4
Best-fit model: Q.yeast+G4 chosen according to BIC

All model information printed to FungalCW_tree_20231129/272711at4751.aa.mfa.model.gz
CPU time for ModelFinder: 44.017 seconds (0h:0m:44s)
Wall-clock time for ModelFinder: 22.900 seconds (0h:0m:22s)
Generating 1000 samples for ultrafast bootstrap (seed: 882905)...
WARNING: Normalizing state frequencies so that sum of them equals to 1

NOTE: 7 MB RAM (0 GB) is required!
Estimate model parameters (epsilon = 0.100)
1. Initial log-likelihood: -8456.052
Optimal log-likelihood: -8456.051
Gamma shape alpha: 0.807
Parameters optimization took 1 rounds (0.038 sec)
Wrote distance file to... 
Computing ML distances based on estimated model parameters...
Calculating distance matrix: done in 0.0199449 secs using 199.2% CPU
Computing ML distances took 0.020090 sec (of wall-clock time) 0.039958 sec (of CPU time)
Setting up auxiliary I and S matrices: done in 3.19481e-05 secs using 197.2% CPU
Constructing RapidNJ tree: done in 0.000215054 secs
Computing RapidNJ tree took 0.000341 sec (of wall-clock time) 0.000248 sec (of CPU time)
Log-likelihood of RapidNJ tree: -8602.151
--------------------------------------------------------------------
|             INITIALIZING CANDIDATE TREE SET                      |
--------------------------------------------------------------------
Generating 98 parsimony trees... 0.211 second
Computing log-likelihood of 98 initial trees ... 1.274 seconds
Current best score: -8456.051

Do NNI search on 20 best initial trees
Optimizing NNI: done in 0.056119 secs using 196.7% CPU
Estimate model parameters (epsilon = 0.100)
BETTER TREE FOUND at iteration 1: -8456.051
Optimizing NNI: done in 0.172347 secs using 198.9% CPU
Optimizing NNI: done in 0.103751 secs using 198.6% CPU
Optimizing NNI: done in 0.273318 secs using 198.3% CPU
Optimizing NNI: done in 0.159312 secs using 198.8% CPU
Optimizing NNI: done in 0.106623 secs using 198.4% CPU
Optimizing NNI: done in 0.175199 secs using 198.9% CPU
Optimizing NNI: done in 0.193457 secs using 198.4% CPU
Optimizing NNI: done in 0.211534 secs using 198.3% CPU
Optimizing NNI: done in 0.119752 secs using 198.8% CPU
Iteration 10 / LogL: -8458.973 / Time: 0h:0m:3s
Optimizing NNI: done in 0.160185 secs using 197.6% CPU
Optimizing NNI: done in 0.255067 secs using 198.7% CPU
Optimizing NNI: done in 0.256167 secs using 197.8% CPU
Optimizing NNI: done in 0.203462 secs using 197.6% CPU
Optimizing NNI: done in 0.126873 secs using 198.2% CPU
Optimizing NNI: done in 0.205937 secs using 197.7% CPU
Optimizing NNI: done in 0.144863 secs using 199% CPU
Optimizing NNI: done in 0.137341 secs using 198.9% CPU
Optimizing NNI: done in 0.221282 secs using 198.6% CPU
Optimizing NNI: done in 0.150788 secs using 198.7% CPU
Iteration 20 / LogL: -8456.808 / Time: 0h:0m:5s
Finish initializing candidate tree set (5)
Current best tree score: -8456.051 / CPU time: 5.023
Number of iterations: 20
--------------------------------------------------------------------
|               OPTIMIZING CANDIDATE TREE SET                      |
--------------------------------------------------------------------
Optimizing NNI: done in 0.104161 secs using 197.4% CPU
Optimizing NNI: done in 0.195931 secs using 198.5% CPU
Optimizing NNI: done in 0.110379 secs using 198.1% CPU
Optimizing NNI: done in 0.154961 secs using 198.4% CPU
Optimizing NNI: done in 0.195584 secs using 198.7% CPU
Optimizing NNI: done in 0.312141 secs using 198.3% CPU
Optimizing NNI: done in 0.202926 secs using 198.8% CPU
Optimizing NNI: done in 0.214363 secs using 198.8% CPU
Optimizing NNI: done in 0.218031 secs using 198.8% CPU
Optimizing NNI: done in 0.215101 secs using 198.9% CPU
Iteration 30 / LogL: -8463.119 / Time: 0h:0m:7s (0h:0m:17s left)
Optimizing NNI: done in 0.175779 secs using 198.4% CPU
Optimizing NNI: done in 0.312923 secs using 198.5% CPU
Optimizing NNI: done in 0.162936 secs using 198.4% CPU
Optimizing NNI: done in 0.202065 secs using 198.9% CPU
Optimizing NNI: done in 0.218942 secs using 198.1% CPU
Optimizing NNI: done in 0.225521 secs using 198.1% CPU
Optimizing NNI: done in 0.15049 secs using 199.2% CPU
Optimizing NNI: done in 0.23844 secs using 198.9% CPU
Optimizing NNI: done in 0.158994 secs using 198.5% CPU
Optimizing NNI: done in 0.243822 secs using 198.6% CPU
Iteration 40 / LogL: -8474.052 / Time: 0h:0m:9s (0h:0m:14s left)
Optimizing NNI: done in 0.174181 secs using 199% CPU
Optimizing NNI: done in 0.235645 secs using 198.7% CPU
Optimizing NNI: done in 0.171555 secs using 198.3% CPU
Optimizing NNI: done in 0.134392 secs using 199% CPU
Optimizing NNI: done in 0.237224 secs using 198.6% CPU
Optimizing NNI: done in 0.280293 secs using 198.6% CPU
Optimizing NNI: done in 0.166509 secs using 198.7% CPU
Optimizing NNI: done in 0.218711 secs using 198.7% CPU
Optimizing NNI: done in 0.230449 secs using 198.9% CPU
Optimizing NNI: done in 0.191698 secs using 198.2% CPU
Iteration 50 / LogL: -8456.629 / Time: 0h:0m:11s (0h:0m:12s left)
Log-likelihood cutoff on original alignment: -8498.082
Optimizing NNI: done in 0.192302 secs using 198.6% CPU
Optimizing NNI: done in 0.243532 secs using 198.6% CPU
Optimizing NNI: done in 0.104398 secs using 199.1% CPU
Optimizing NNI: done in 0.108329 secs using 198.3% CPU
Optimizing NNI: done in 0.151694 secs using 198.1% CPU
Optimizing NNI: done in 0.214602 secs using 198.5% CPU
Optimizing NNI: done in 0.287758 secs using 198.6% CPU
Optimizing NNI: done in 0.221937 secs using 198.6% CPU
Optimizing NNI: done in 0.199867 secs using 198.7% CPU
Optimizing NNI: done in 0.242172 secs using 198.9% CPU
Iteration 60 / LogL: -8460.797 / Time: 0h:0m:13s (0h:0m:9s left)
Optimizing NNI: done in 0.213505 secs using 198.9% CPU
Optimizing NNI: done in 0.233105 secs using 198.4% CPU
Optimizing NNI: done in 0.237956 secs using 198.2% CPU
Optimizing NNI: done in 0.109189 secs using 198.4% CPU
Optimizing NNI: done in 0.166611 secs using 198.5% CPU
Optimizing NNI: done in 0.184625 secs using 198.4% CPU
Optimizing NNI: done in 0.121808 secs using 198.1% CPU
Optimizing NNI: done in 0.239503 secs using 198.1% CPU
Optimizing NNI: done in 0.096467 secs using 198.6% CPU
Optimizing NNI: done in 0.161677 secs using 198.2% CPU
Iteration 70 / LogL: -8456.106 / Time: 0h:0m:15s (0h:0m:6s left)
Optimizing NNI: done in 0.12629 secs using 197.7% CPU
Optimizing NNI: done in 0.201326 secs using 198.3% CPU
Optimizing NNI: done in 0.194736 secs using 198.6% CPU
Optimizing NNI: done in 0.220474 secs using 198.8% CPU
Optimizing NNI: done in 0.208641 secs using 198.3% CPU
Optimizing NNI: done in 0.142832 secs using 198.7% CPU
Optimizing NNI: done in 0.146513 secs using 199% CPU
Optimizing NNI: done in 0.15676 secs using 198.6% CPU
Optimizing NNI: done in 0.323837 secs using 198.6% CPU
Optimizing NNI: done in 0.146007 secs using 198.5% CPU
Iteration 80 / LogL: -8456.521 / Time: 0h:0m:17s (0h:0m:4s left)
Optimizing NNI: done in 0.185598 secs using 198.7% CPU
Optimizing NNI: done in 0.20555 secs using 198.8% CPU
Optimizing NNI: done in 0.251662 secs using 198.6% CPU
Optimizing NNI: done in 0.145601 secs using 199% CPU
Optimizing NNI: done in 0.21858 secs using 198.8% CPU
Optimizing NNI: done in 0.165591 secs using 198.5% CPU
Optimizing NNI: done in 0.162535 secs using 198.4% CPU
Optimizing NNI: done in 0.100279 secs using 199.3% CPU
Optimizing NNI: done in 0.19062 secs using 199.2% CPU
Optimizing NNI: done in 0.145902 secs using 199.1% CPU
Iteration 90 / LogL: -8456.616 / Time: 0h:0m:19s (0h:0m:2s left)
Optimizing NNI: done in 0.183018 secs using 198.9% CPU
Optimizing NNI: done in 0.190448 secs using 199% CPU
Optimizing NNI: done in 0.251547 secs using 198.8% CPU
Optimizing NNI: done in 0.183883 secs using 198.2% CPU
Optimizing NNI: done in 0.218693 secs using 199% CPU
Optimizing NNI: done in 0.189561 secs using 198.9% CPU
Optimizing NNI: done in 0.202994 secs using 198.7% CPU
Optimizing NNI: done in 0.169905 secs using 198.2% CPU
Optimizing NNI: done in 0.10256 secs using 199.1% CPU
Optimizing NNI: done in 0.200758 secs using 198.9% CPU
Iteration 100 / LogL: -8463.059 / Time: 0h:0m:21s (0h:0m:0s left)
Log-likelihood cutoff on original alignment: -8498.260
NOTE: Bootstrap correlation coefficient of split occurrence frequencies: 1.000
Optimizing NNI: done in 0.128223 secs using 198.6% CPU
Optimizing NNI: done in 0.16467 secs using 198.7% CPU
TREE SEARCH COMPLETED AFTER 102 ITERATIONS / Time: 0h:0m:21s

--------------------------------------------------------------------
|                    FINALIZING TREE SEARCH                        |
--------------------------------------------------------------------
Performs final model parameters optimization
Estimate model parameters (epsilon = 0.010)
1. Initial log-likelihood: -8456.051
Optimal log-likelihood: -8456.051
Gamma shape alpha: 0.806
Parameters optimization took 1 rounds (0.034 sec)
BEST SCORE FOUND : -8456.051

Testing tree branches by SH-like aLRT with 1000 replicates...
0.138 sec.
Creating bootstrap support values...
Split supports printed to NEXUS file FungalCW_tree_20231129/272711at4751.aa.mfa.splits.nex
Total tree length: 10.972

Total number of iterations: 102
CPU time used for tree search: 42.204 sec (0h:0m:42s)
Wall-clock time used for tree search: 21.300 sec (0h:0m:21s)
Total CPU time used: 43.083 sec (0h:0m:43s)
Total wall-clock time used: 21.821 sec (0h:0m:21s)

Computing bootstrap consensus tree...
Reading input file FungalCW_tree_20231129/272711at4751.aa.mfa.splits.nex...
16 taxa and 67 splits.
Consensus tree written to FungalCW_tree_20231129/272711at4751.aa.mfa.contree
Reading input trees file FungalCW_tree_20231129/272711at4751.aa.mfa.contree
Log-likelihood of consensus tree: -8456.051

Analysis results written to: 
  IQ-TREE report:                FungalCW_tree_20231129/272711at4751.aa.mfa.iqtree
  Maximum-likelihood tree:       FungalCW_tree_20231129/272711at4751.aa.mfa.treefile
  Likelihood distances:          FungalCW_tree_20231129/272711at4751.aa.mfa.mldist

Ultrafast bootstrap approximation results written to:
  Split support values:          FungalCW_tree_20231129/272711at4751.aa.mfa.splits.nex
  Consensus tree:                FungalCW_tree_20231129/272711at4751.aa.mfa.contree
  Screen log file:               FungalCW_tree_20231129/272711at4751.aa.mfa.log

Date and Time: Wed Nov 29 02:23:26 2023
