IQ-TREE multicore version 2.2.2.6 COVID-edition for Linux 64-bit built May 27 2023
Developed by Bui Quang Minh, James Barbetti, Nguyen Lam Tung,
Olga Chernomor, Heiko Schmidt, Dominik Schrempf, Michael Woodhams, Ly Trong Nhan.

Host:    r12 (AVX2, FMA3, 503 GB RAM)
Command: iqtree2 -s FungalCW_tree_20231129/278643at4751.aa.mfa -gz -B 1000 -alrt 1000 -nt 2
Seed:    489055 (Using SPRNG - Scalable Parallel Random Number Generator)
Time:    Wed Nov 29 02:22:42 2023
Kernel:  AVX+FMA - 2 threads (2 CPU cores detected)

Reading alignment file FungalCW_tree_20231129/278643at4751.aa.mfa ... Fasta format detected
Reading fasta file: done in 0.000334978 secs using 100% CPU
Alignment most likely contains protein sequences
Constructing alignment: done in 0.000876904 secs using 198.3% CPU
Alignment has 17 sequences with 715 columns, 698 distinct patterns
435 parsimony-informative, 227 singleton sites, 53 constant sites
                                                               Gap/Ambiguity  Composition  p-value
Analyzing sequences: done in 5.60284e-05 secs using 99.95% CPU
   1  Basidiobolus_meristosporus_CBS_931.73.Basme2finSC.v1            24.90%    passed     14.31%
   2  Botrytis_cinerea_T4                                             25.03%    passed     15.60%
   3  Colletotrichum_graminicola_M1.001                               22.80%    failed      0.99%
   4  Colletotrichum_higginsianum_IMI_349063                          22.66%    failed      0.69%
   5  Fusarium_graminearum_PH-1                                       25.87%    passed     20.51%
   6  Fusarium_verticillioides_7600                                   26.01%    passed     23.09%
   7  Gilbertella_persicaria_var_persicaria_CBS_190.32-T.Gilper1.v1   27.55%    passed     17.22%
   8  Mortierella_elongata_AG-77                                      23.36%    passed     38.79%
   9  Mucor_mucedo_NRRL_3635                                          31.19%    passed     10.82%
  10  Neoconidiobolus_thromboides_FSU_785.Conth1.v1                   30.91%    failed      0.00%
  11  Phycomyces_blakesleeanus_NRRL_1555.Phybl2.v2                    27.27%    passed     32.55%
  12  Rhizopus_stolonifer_NRRL_66455                                  31.47%    failed      4.02%
  13  Trichoderma_harzianum_CBS_226.95                                26.01%    passed     41.66%
  14  Umbelopsis_ramanniana_NRRL_5844.Umbra1.v1                       30.35%    passed     74.14%
  15  Ustilago_maydis                                                 58.74%    passed      9.60%
  16  Zoophthora_radicans_ATCC_208865                                 29.51%    passed     11.49%
  17  Zymoseptoria_tritici_IP0323                                     26.43%    passed     29.27%
WARNING: 1 sequences contain more than 50% gaps/ambiguity
****  TOTAL                                                           28.83%  4 sequences failed composition chi2 test (p-value<5%; df=19)
Checking for duplicate sequences: done in 6.00815e-05 secs using 204.7% CPU


Create initial parsimony tree by phylogenetic likelihood library (PLL)... 0.003 seconds
Perform fast likelihood tree search using LG+I+G model...
Estimate model parameters (epsilon = 5.000)
Perform nearest neighbor interchange...
Optimizing NNI: done in 0.123166 secs using 198.3% CPU
Estimate model parameters (epsilon = 1.000)
1. Initial log-likelihood: -15540.154
Optimal log-likelihood: -15539.823
Proportion of invariable sites: 0.016
Gamma shape alpha: 0.811
Parameters optimization took 1 rounds (0.112 sec)
Time for fast ML tree search: 0.558 seconds

NOTE: ModelFinder requires 21 MB RAM!
ModelFinder will test up to 1232 protein models (sample size: 715) ...
 No. Model         -LnL         df  AIC          AICc         BIC
  1  LG            16161.941    31  32385.883    32388.788    32527.623
  2  LG+I          16055.883    32  32175.767    32178.864    32322.080
  3  LG+G4         15540.796    32  31145.592    31148.689    31291.905
  4  LG+I+G4       15539.681    33  31145.361    31148.657    31296.247
  5  LG+R2         15660.468    33  31386.936    31390.231    31537.821
  6  LG+R3         15532.078    35  31134.156    31137.867    31294.186
  7  LG+R4         15522.949    37  31119.899    31124.052    31289.073
  8  LG+R5         15522.297    39  31122.593    31127.215    31300.912
 14  LG+I+R2       15627.077    34  31322.154    31325.654    31477.612
 15  LG+I+R3       15528.158    36  31128.317    31132.246    31292.919
 16  LG+I+R4       15520.392    38  31116.784    31121.169    31290.531
 17  LG+I+R5       15520.188    40  31120.376    31125.243    31303.268
 25  LG+F+G4       15447.530    51  30997.061    31005.061    31230.247
 26  LG+F+I+G4     15445.879    52  30995.757    31004.083    31233.516
 28  LG+F+R3       15440.836    54  30989.671    30998.671    31236.575
 29  LG+F+R4       15430.708    56  30973.416    30983.118    31229.464
 37  LG+F+I+R3     15436.503    55  30983.005    30992.353    31234.481
 38  LG+F+I+R4     15427.688    57  30969.376    30979.440    31229.996
 47  WAG+G4        15575.048    32  31214.096    31217.193    31360.409
 48  WAG+I+G4      15573.540    33  31213.081    31216.376    31363.966
 50  WAG+R3        15561.575    35  31193.149    31196.861    31353.179
 51  WAG+R4        15556.997    37  31187.994    31192.148    31357.169
 59  WAG+I+R3      15558.524    36  31189.047    31192.976    31353.649
 60  WAG+I+R4      15554.999    38  31185.998    31190.382    31359.745
 69  WAG+F+G4      15467.750    51  31037.499    31045.499    31270.686
 70  WAG+F+I+G4    15466.077    52  31036.154    31044.481    31273.913
 72  WAG+F+R3      15455.928    54  31019.855    31028.855    31266.758
 73  WAG+F+R4      15450.331    56  31012.661    31022.364    31268.709
 81  WAG+F+I+R3    15452.474    55  31014.947    31024.295    31266.423
 82  WAG+F+I+R4    15447.884    57  31009.768    31019.832    31270.388
 91  JTT+G4        15603.885    32  31271.771    31274.868    31418.084
 92  JTT+I+G4      15602.099    33  31270.197    31273.493    31421.083
 94  JTT+R3        15600.013    35  31270.025    31273.737    31430.055
 95  JTT+R4        15590.511    37  31255.022    31259.176    31424.197
103  JTT+I+R3      15596.005    36  31264.010    31267.939    31428.612
104  JTT+I+R4      15588.010    38  31252.019    31256.404    31425.766
113  JTT+F+G4      15514.562    51  31131.125    31139.125    31364.311
114  JTT+F+I+G4    15511.840    52  31127.680    31136.006    31365.438
116  JTT+F+R3      15513.259    54  31134.518    31143.518    31381.421
117  JTT+F+R4      15502.138    56  31116.277    31125.979    31372.325
125  JTT+F+I+R3    15508.063    55  31126.126    31135.473    31377.601
126  JTT+F+I+R4    15498.474    57  31110.948    31121.012    31371.568
WARNING: Normalizing state frequencies so that sum of them equals to 1
135  Q.pfam+G4     15534.218    32  31132.436    31135.533    31278.749
WARNING: Normalizing state frequencies so that sum of them equals to 1
136  Q.pfam+I+G4   15533.059    33  31132.117    31135.413    31283.003
WARNING: Normalizing state frequencies so that sum of them equals to 1
138  Q.pfam+R3     15525.669    35  31121.338    31125.049    31281.368
WARNING: Normalizing state frequencies so that sum of them equals to 1
139  Q.pfam+R4     15517.466    37  31108.933    31113.087    31278.107
WARNING: Normalizing state frequencies so that sum of them equals to 1
147  Q.pfam+I+R3   15522.280    36  31116.559    31120.488    31281.161
WARNING: Normalizing state frequencies so that sum of them equals to 1
148  Q.pfam+I+R4   15515.359    38  31106.718    31111.103    31280.465
WARNING: Normalizing state frequencies so that sum of them equals to 1
157  Q.pfam+F+G4   15452.018    51  31006.037    31014.037    31239.223
WARNING: Normalizing state frequencies so that sum of them equals to 1
158  Q.pfam+F+I+G4 15450.455    52  31004.911    31013.237    31242.669
WARNING: Normalizing state frequencies so that sum of them equals to 1
160  Q.pfam+F+R3   15446.405    54  31000.810    31009.810    31247.713
WARNING: Normalizing state frequencies so that sum of them equals to 1
161  Q.pfam+F+R4   15436.309    56  30984.619    30994.321    31240.667
WARNING: Normalizing state frequencies so that sum of them equals to 1
169  Q.pfam+F+I+R3 15442.514    55  30995.027    31004.375    31246.503
WARNING: Normalizing state frequencies so that sum of them equals to 1
170  Q.pfam+F+I+R4 15433.759    57  30981.519    30991.583    31242.139
WARNING: Normalizing state frequencies so that sum of them equals to 1
179  Q.bird+G4     15751.882    32  31567.765    31570.861    31714.078
WARNING: Normalizing state frequencies so that sum of them equals to 1
180  Q.bird+I+G4   15747.996    33  31561.992    31565.287    31712.877
WARNING: Normalizing state frequencies so that sum of them equals to 1
182  Q.bird+R3     15762.993    35  31595.987    31599.698    31756.017
WARNING: Normalizing state frequencies so that sum of them equals to 1
183  Q.bird+R4     15739.709    37  31553.417    31557.571    31722.592
WARNING: Normalizing state frequencies so that sum of them equals to 1
191  Q.bird+I+R3   15754.954    36  31581.908    31585.838    31746.511
WARNING: Normalizing state frequencies so that sum of them equals to 1
192  Q.bird+I+R4   15734.970    38  31545.940    31550.325    31719.687
WARNING: Normalizing state frequencies so that sum of them equals to 1
201  Q.bird+F+G4   15691.011    51  31484.021    31492.021    31717.208
WARNING: Normalizing state frequencies so that sum of them equals to 1
202  Q.bird+F+I+G4 15686.395    52  31476.790    31485.116    31714.549
WARNING: Normalizing state frequencies so that sum of them equals to 1
204  Q.bird+F+R3   15705.329    54  31518.659    31527.659    31765.562
WARNING: Normalizing state frequencies so that sum of them equals to 1
205  Q.bird+F+R4   15678.814    56  31469.628    31479.330    31725.676
WARNING: Normalizing state frequencies so that sum of them equals to 1
213  Q.bird+F+I+R3 15695.961    55  31501.921    31511.269    31753.397
WARNING: Normalizing state frequencies so that sum of them equals to 1
214  Q.bird+F+I+R4 15673.324    57  31460.647    31470.711    31721.267
WARNING: Normalizing state frequencies so that sum of them equals to 1
223  Q.mammal+G4   15679.947    32  31423.895    31426.992    31570.208
WARNING: Normalizing state frequencies so that sum of them equals to 1
224  Q.mammal+I+G4 15676.569    33  31419.137    31422.432    31570.022
WARNING: Normalizing state frequencies so that sum of them equals to 1
226  Q.mammal+R3   15688.908    35  31447.816    31451.527    31607.846
WARNING: Normalizing state frequencies so that sum of them equals to 1
227  Q.mammal+R4   15668.174    37  31410.349    31414.503    31579.523
WARNING: Normalizing state frequencies so that sum of them equals to 1
235  Q.mammal+I+R3 15681.664    36  31435.327    31439.256    31599.929
WARNING: Normalizing state frequencies so that sum of them equals to 1
236  Q.mammal+I+R4 15663.843    38  31403.686    31408.070    31577.432
WARNING: Normalizing state frequencies so that sum of them equals to 1
245  Q.mammal+F+G4 15629.655    51  31361.310    31369.310    31594.496
WARNING: Normalizing state frequencies so that sum of them equals to 1
246  Q.mammal+F+I+G4 15626.089    52  31356.178    31364.504    31593.937
WARNING: Normalizing state frequencies so that sum of them equals to 1
248  Q.mammal+F+R3 15641.190    54  31390.381    31399.381    31637.284
WARNING: Normalizing state frequencies so that sum of them equals to 1
249  Q.mammal+F+R4 15617.904    56  31347.809    31357.511    31603.856
WARNING: Normalizing state frequencies so that sum of them equals to 1
257  Q.mammal+F+I+R3 15633.629    55  31377.258    31386.606    31628.734
WARNING: Normalizing state frequencies so that sum of them equals to 1
258  Q.mammal+F+I+R4 15614.027    57  31342.054    31352.118    31602.674
267  Q.insect+G4   15544.178    32  31152.356    31155.453    31298.669
268  Q.insect+I+G4 15542.022    33  31150.044    31153.339    31300.929
270  Q.insect+R3   15544.657    35  31159.314    31163.026    31319.344
271  Q.insect+R4   15531.833    37  31137.666    31141.820    31306.841
279  Q.insect+I+R3 15539.646    36  31151.291    31155.221    31315.894
280  Q.insect+I+R4 15528.364    38  31132.727    31137.112    31306.474
289  Q.insect+F+G4 15479.070    51  31060.139    31068.139    31293.325
290  Q.insect+F+I+G4 15476.606    52  31057.211    31065.537    31294.970
292  Q.insect+F+R3 15480.747    54  31069.495    31078.495    31316.398
293  Q.insect+F+R4 15467.618    56  31047.235    31056.937    31303.283
301  Q.insect+F+I+R3 15475.281    55  31060.563    31069.910    31312.038
302  Q.insect+F+I+R4 15463.901    57  31041.803    31051.866    31302.423
WARNING: Normalizing state frequencies so that sum of them equals to 1
311  Q.plant+G4    15625.268    32  31314.535    31317.632    31460.848
WARNING: Normalizing state frequencies so that sum of them equals to 1
312  Q.plant+I+G4  15622.902    33  31311.804    31315.100    31462.690
WARNING: Normalizing state frequencies so that sum of them equals to 1
314  Q.plant+R3    15629.052    35  31328.103    31331.815    31488.133
WARNING: Normalizing state frequencies so that sum of them equals to 1
315  Q.plant+R4    15610.771    37  31295.542    31299.695    31464.716
WARNING: Normalizing state frequencies so that sum of them equals to 1
323  Q.plant+I+R3  15622.636    36  31317.272    31321.201    31481.874
WARNING: Normalizing state frequencies so that sum of them equals to 1
324  Q.plant+I+R4  15607.183    38  31290.366    31294.751    31464.113
WARNING: Normalizing state frequencies so that sum of them equals to 1
333  Q.plant+F+G4  15546.139    51  31194.279    31202.279    31427.465
WARNING: Normalizing state frequencies so that sum of them equals to 1
334  Q.plant+F+I+G4 15543.462    52  31190.924    31199.250    31428.683
WARNING: Normalizing state frequencies so that sum of them equals to 1
336  Q.plant+F+R3  15552.132    54  31212.265    31221.265    31459.168
WARNING: Normalizing state frequencies so that sum of them equals to 1
337  Q.plant+F+R4  15532.415    56  31176.829    31186.531    31432.877
WARNING: Normalizing state frequencies so that sum of them equals to 1
345  Q.plant+F+I+R3 15545.262    55  31200.524    31209.871    31451.999
WARNING: Normalizing state frequencies so that sum of them equals to 1
346  Q.plant+F+I+R4 15528.575    57  31171.149    31181.213    31431.770
WARNING: Normalizing state frequencies so that sum of them equals to 1
355  Q.yeast+G4    15517.680    32  31099.359    31102.456    31245.672
WARNING: Normalizing state frequencies so that sum of them equals to 1
356  Q.yeast+I+G4  15515.694    33  31097.389    31100.684    31248.274
WARNING: Normalizing state frequencies so that sum of them equals to 1
358  Q.yeast+R3    15513.122    35  31096.244    31099.955    31256.274
WARNING: Normalizing state frequencies so that sum of them equals to 1
359  Q.yeast+R4    15503.327    37  31080.654    31084.808    31249.829
WARNING: Normalizing state frequencies so that sum of them equals to 1
367  Q.yeast+I+R3  15508.348    36  31088.696    31092.625    31253.298
WARNING: Normalizing state frequencies so that sum of them equals to 1
368  Q.yeast+I+R4  15500.058    38  31076.116    31080.501    31249.863
WARNING: Normalizing state frequencies so that sum of them equals to 1
377  Q.yeast+F+G4  15452.132    51  31006.263    31014.263    31239.450
WARNING: Normalizing state frequencies so that sum of them equals to 1
378  Q.yeast+F+I+G4 15450.256    52  31004.513    31012.839    31242.272
WARNING: Normalizing state frequencies so that sum of them equals to 1
380  Q.yeast+F+R3  15448.415    54  31004.830    31013.830    31251.733
WARNING: Normalizing state frequencies so that sum of them equals to 1
381  Q.yeast+F+R4  15438.680    56  30989.360    30999.062    31245.408
WARNING: Normalizing state frequencies so that sum of them equals to 1
389  Q.yeast+F+I+R3 15443.995    55  30997.991    31007.338    31249.466
WARNING: Normalizing state frequencies so that sum of them equals to 1
390  Q.yeast+F+I+R4 15435.755    57  30985.511    30995.575    31246.131
399  JTTDCMut+G4   15606.867    32  31277.734    31280.830    31424.047
400  JTTDCMut+I+G4 15605.118    33  31276.237    31279.532    31427.122
402  JTTDCMut+R3   15602.960    35  31275.921    31279.632    31435.951
403  JTTDCMut+R4   15593.458    37  31260.915    31265.069    31430.090
411  JTTDCMut+I+R3 15599.003    36  31270.005    31273.934    31434.607
412  JTTDCMut+I+R4 15591.033    38  31258.066    31262.451    31431.813
421  JTTDCMut+F+G4 15515.732    51  31133.464    31141.464    31366.650
422  JTTDCMut+F+I+G4 15513.072    52  31130.145    31138.471    31367.904
424  JTTDCMut+F+R3 15514.393    54  31136.785    31145.785    31383.688
425  JTTDCMut+F+R4 15503.270    56  31118.540    31128.242    31374.588
433  JTTDCMut+F+I+R3 15509.252    55  31128.504    31137.852    31379.980
434  JTTDCMut+F+I+R4 15499.680    57  31113.361    31123.425    31373.981
443  DCMut+G4      15687.782    32  31439.565    31442.661    31585.878
444  DCMut+I+G4    15685.343    33  31436.686    31439.981    31587.571
446  DCMut+R3      15680.264    35  31430.527    31434.238    31590.557
447  DCMut+R4      15673.794    37  31421.587    31425.741    31590.761
455  DCMut+I+R3    15675.971    36  31423.943    31427.872    31588.545
456  DCMut+I+R4    15671.337    38  31418.674    31423.059    31592.421
465  DCMut+F+G4    15505.902    51  31113.803    31121.803    31346.990
466  DCMut+F+I+G4  15503.448    52  31110.896    31119.222    31348.655
468  DCMut+F+R3    15500.103    54  31108.206    31117.206    31355.109
469  DCMut+F+R4    15492.075    56  31096.149    31105.852    31352.197
477  DCMut+F+I+R3  15495.471    55  31100.943    31110.290    31352.418
478  DCMut+F+I+R4  15489.173    57  31092.347    31102.411    31352.967
487  VT+G4         15541.162    32  31146.324    31149.421    31292.637
488  VT+I+G4       15539.598    33  31145.195    31148.491    31296.081
490  VT+R3         15530.506    35  31131.011    31134.722    31291.041
491  VT+R4         15525.900    37  31125.800    31129.953    31294.974
499  VT+I+R3       15527.600    36  31127.200    31131.129    31291.802
500  VT+I+R4       15524.216    38  31124.432    31128.817    31298.179
509  VT+F+G4       15482.508    51  31067.015    31075.015    31300.202
510  VT+F+I+G4     15480.618    52  31065.237    31073.563    31302.996
512  VT+F+R3       15473.289    54  31054.578    31063.578    31301.481
513  VT+F+R4       15468.022    56  31048.045    31057.747    31304.092
521  VT+F+I+R3     15469.946    55  31049.893    31059.240    31301.368
522  VT+F+I+R4     15465.843    57  31045.686    31055.750    31306.306
531  PMB+G4        15676.666    32  31417.332    31420.429    31563.645
532  PMB+I+G4      15674.348    33  31414.695    31417.990    31565.580
534  PMB+R3        15669.256    35  31408.513    31412.224    31568.543
535  PMB+R4        15663.443    37  31400.885    31405.039    31570.060
543  PMB+I+R3      15665.674    36  31403.348    31407.277    31567.950
544  PMB+I+R4      15661.598    38  31399.196    31403.580    31572.942
553  PMB+F+G4      15527.320    51  31156.639    31164.639    31389.826
554  PMB+F+I+G4    15525.419    52  31154.838    31163.164    31392.596
556  PMB+F+R3      15520.417    54  31148.834    31157.834    31395.737
557  PMB+F+R4      15513.758    56  31139.516    31149.218    31395.564
565  PMB+F+I+R3    15516.852    55  31143.704    31153.052    31395.180
566  PMB+F+I+R4    15511.891    57  31137.782    31147.846    31398.402
575  Blosum62+G4   15679.715    32  31423.431    31426.527    31569.744
576  Blosum62+I+G4 15677.941    33  31421.881    31425.176    31572.766
578  Blosum62+R3   15671.358    35  31412.717    31416.428    31572.747
579  Blosum62+R4   15665.134    37  31404.269    31408.422    31573.443
587  Blosum62+I+R3 15668.242    36  31408.483    31412.412    31573.085
588  Blosum62+I+R4 15663.544    38  31403.088    31407.472    31576.835
597  Blosum62+F+G4 15512.398    51  31126.795    31134.795    31359.982
598  Blosum62+F+I+G4 15510.794    52  31125.588    31133.914    31363.347
600  Blosum62+F+R3 15503.902    54  31115.803    31124.803    31362.706
601  Blosum62+F+R4 15497.735    56  31107.470    31117.172    31363.518
609  Blosum62+F+I+R3 15500.777    55  31111.554    31120.901    31363.029
610  Blosum62+F+I+R4 15495.994    57  31105.988    31116.052    31366.608
619  Dayhoff+G4    15687.445    32  31438.890    31441.987    31585.203
620  Dayhoff+I+G4  15684.996    33  31435.993    31439.288    31586.878
622  Dayhoff+R3    15679.935    35  31429.870    31433.581    31589.899
623  Dayhoff+R4    15673.429    37  31420.858    31425.012    31590.033
631  Dayhoff+I+R3  15675.620    36  31423.240    31427.169    31587.842
632  Dayhoff+I+R4  15670.959    38  31417.919    31422.303    31591.665
641  Dayhoff+F+G4  15505.577    51  31113.153    31121.153    31346.340
642  Dayhoff+F+I+G4 15503.113    52  31110.227    31118.553    31347.985
644  Dayhoff+F+R3  15499.798    54  31107.596    31116.596    31354.499
645  Dayhoff+F+R4  15491.723    56  31095.446    31105.148    31351.494
653  Dayhoff+F+I+R3 15495.146    55  31100.291    31109.639    31351.767
654  Dayhoff+F+I+R4 15488.805    57  31091.611    31101.675    31352.231
663  mtREV+G4      16284.905    32  32633.810    32636.907    32780.124
664  mtREV+I+G4    16281.927    33  32629.853    32633.149    32780.739
666  mtREV+R3      16292.111    35  32654.223    32657.934    32814.252
667  mtREV+R4      16267.253    37  32608.507    32612.660    32777.681
675  mtREV+I+R3    16282.022    36  32636.043    32639.973    32800.646
676  mtREV+I+R4    16265.964    38  32607.927    32612.312    32781.674
685  mtREV+F+G4    15660.911    51  31423.823    31431.823    31657.009
686  mtREV+F+I+G4  15658.152    52  31420.304    31428.631    31658.063
688  mtREV+F+R3    15652.960    54  31413.921    31422.921    31660.824
689  mtREV+F+R4    15643.076    56  31398.152    31407.854    31654.200
697  mtREV+F+I+R3  15647.022    55  31404.044    31413.391    31655.519
698  mtREV+F+I+R4  15639.460    57  31392.920    31402.984    31653.540
707  mtART+G4      16542.568    32  33149.136    33152.233    33295.449
708  mtART+I+G4    16540.798    33  33147.596    33150.891    33298.482
710  mtART+R3      16565.875    35  33201.749    33205.460    33361.779
711  mtART+R4      16513.988    37  33101.976    33106.129    33271.150
719  mtART+I+R3    16555.407    36  33182.813    33186.742    33347.415
720  mtART+I+R4    16511.944    38  33099.888    33104.273    33273.635
729  mtART+F+G4    15717.913    51  31537.827    31545.827    31771.013
730  mtART+F+I+G4  15716.277    52  31536.554    31544.880    31774.312
732  mtART+F+R3    15729.657    54  31567.314    31576.314    31814.217
733  mtART+F+R4    15694.036    56  31500.072    31509.774    31756.120
741  mtART+F+I+R3  15739.886    55  31589.773    31599.120    31841.248
742  mtART+F+I+R4  15692.393    57  31498.785    31508.849    31759.405
751  mtZOA+G4      16271.674    32  32607.348    32610.445    32753.661
752  mtZOA+I+G4    16269.442    33  32604.884    32608.179    32755.770
754  mtZOA+R3      16286.388    35  32642.776    32646.487    32802.806
755  mtZOA+R4      16245.967    37  32565.933    32570.087    32735.108
763  mtZOA+I+R3    16272.674    36  32617.348    32621.277    32781.950
764  mtZOA+I+R4    16245.527    38  32567.054    32571.439    32740.801
773  mtZOA+F+G4    15594.309    51  31290.618    31298.618    31523.804
774  mtZOA+F+I+G4  15592.503    52  31289.007    31297.333    31526.765
776  mtZOA+F+R3    15595.991    54  31299.982    31308.982    31546.885
777  mtZOA+F+R4    15575.865    56  31263.729    31273.431    31519.777
785  mtZOA+F+I+R3  15589.239    55  31288.479    31297.826    31539.954
786  mtZOA+F+I+R4  15574.453    57  31262.906    31272.970    31523.526
795  mtMet+G4      16410.327    32  32884.654    32887.751    33030.967
796  mtMet+I+G4    16407.035    33  32880.069    32883.364    33030.955
798  mtMet+R3      16426.315    35  32922.629    32926.340    33082.659
799  mtMet+R4      16393.234    37  32860.469    32864.622    33029.643
807  mtMet+I+R3    16414.864    36  32901.728    32905.657    33066.330
808  mtMet+I+R4    16392.867    38  32861.733    32866.118    33035.480
817  mtMet+F+G4    15620.208    51  31342.415    31350.415    31575.602
818  mtMet+F+I+G4  15617.876    52  31339.751    31348.077    31577.510
820  mtMet+F+R3    15623.457    54  31354.915    31363.915    31601.818
821  mtMet+F+R4    15606.633    56  31325.266    31334.968    31581.314
829  mtMet+F+I+R3  15617.143    55  31344.285    31353.633    31595.761
830  mtMet+F+I+R4  15603.674    57  31321.348    31331.412    31581.968
839  mtVer+G4      16382.954    32  32829.908    32833.004    32976.221
840  mtVer+I+G4    16379.660    33  32825.320    32828.615    32976.205
842  mtVer+R3      16404.399    35  32878.797    32882.509    33038.827
843  mtVer+R4      16369.529    37  32813.059    32817.213    32982.233
851  mtVer+I+R3    16396.111    36  32864.221    32868.150    33028.823
852  mtVer+I+R4    16368.458    38  32812.916    32817.300    32986.663
861  mtVer+F+G4    15734.063    51  31570.126    31578.126    31803.313
862  mtVer+F+I+G4  15731.668    52  31567.336    31575.662    31805.095
864  mtVer+F+R3    15742.277    54  31592.554    31601.554    31839.458
865  mtVer+F+R4    15720.534    56  31553.069    31562.771    31809.117
873  mtVer+F+I+R3  15735.532    55  31581.065    31590.412    31832.540
874  mtVer+F+I+R4  15716.280    57  31546.560    31556.624    31807.180
883  mtInv+G4      16593.287    32  33250.575    33253.671    33396.888
884  mtInv+I+G4    16590.030    33  33246.060    33249.355    33396.945
886  mtInv+R3      16606.802    35  33283.603    33287.314    33443.633
887  mtInv+R4      16578.032    37  33230.065    33234.218    33399.239
895  mtInv+I+R3    16595.525    36  33263.050    33266.980    33427.653
896  mtInv+I+R4    16577.590    38  33231.181    33235.566    33404.928
905  mtInv+F+G4    15545.947    51  31193.894    31201.894    31427.080
906  mtInv+F+I+G4  15544.525    52  31193.050    31201.376    31430.808
908  mtInv+F+R3    15545.354    54  31198.708    31207.708    31445.611
909  mtInv+F+R4    15531.387    56  31174.774    31184.477    31430.822
917  mtInv+F+I+R3  15540.428    55  31190.855    31200.203    31442.331
918  mtInv+F+I+R4  15529.191    57  31172.382    31182.446    31433.002
927  mtMAM+G4      16542.806    32  33149.613    33152.709    33295.926
928  mtMAM+I+G4    16539.408    33  33144.816    33148.111    33295.702
930  mtMAM+R3      16574.066    35  33218.131    33221.842    33378.161
931  mtMAM+R4      16516.752    37  33107.503    33111.657    33276.678
939  mtMAM+I+R3    16556.784    36  33185.567    33189.496    33350.169
940  mtMAM+I+R4    16515.233    38  33106.466    33110.851    33280.213
949  mtMAM+F+G4    15858.166    51  31818.332    31826.332    32051.518
950  mtMAM+F+I+G4  15853.784    52  31811.567    31819.894    32049.326
952  mtMAM+F+R3    15872.130    54  31852.261    31861.261    32099.164
953  mtMAM+F+R4    15838.469    56  31788.937    31798.639    32044.985
961  mtMAM+F+I+R3  15861.334    55  31832.669    31842.016    32084.144
962  mtMAM+F+I+R4  15836.143    57  31786.286    31796.350    32046.906
WARNING: Normalizing state frequencies so that sum of them equals to 1
971  FLAVI+G4      16103.053    32  32270.105    32273.202    32416.418
WARNING: Normalizing state frequencies so that sum of them equals to 1
972  FLAVI+I+G4    16101.320    33  32268.641    32271.936    32419.526
WARNING: Normalizing state frequencies so that sum of them equals to 1
974  FLAVI+R3      16115.638    35  32301.276    32304.987    32461.306
WARNING: Normalizing state frequencies so that sum of them equals to 1
975  FLAVI+R4      16090.182    37  32254.363    32258.517    32423.538
WARNING: Normalizing state frequencies so that sum of them equals to 1
983  FLAVI+I+R3    16109.784    36  32291.568    32295.497    32456.170
WARNING: Normalizing state frequencies so that sum of them equals to 1
984  FLAVI+I+R4    16087.214    38  32250.427    32254.812    32424.174
WARNING: Normalizing state frequencies so that sum of them equals to 1
993  FLAVI+F+G4    15877.562    51  31857.125    31865.125    32090.311
WARNING: Normalizing state frequencies so that sum of them equals to 1
994  FLAVI+F+I+G4  15874.043    52  31852.085    31860.412    32089.844
WARNING: Normalizing state frequencies so that sum of them equals to 1
996  FLAVI+F+R3    15892.702    54  31893.405    31902.405    32140.308
WARNING: Normalizing state frequencies so that sum of them equals to 1
997  FLAVI+F+R4    15863.784    56  31839.568    31849.270    32095.616
WARNING: Normalizing state frequencies so that sum of them equals to 1
1005  FLAVI+F+I+R3  15883.333    55  31876.666    31886.013    32128.141
WARNING: Normalizing state frequencies so that sum of them equals to 1
1006  FLAVI+F+I+R4  15858.395    57  31830.791    31840.855    32091.411
1015  HIVb+G4       15879.951    32  31823.903    31827.000    31970.216
1016  HIVb+I+G4     15877.097    33  31820.193    31823.488    31971.079
1018  HIVb+R3       15881.222    35  31832.445    31836.156    31992.474
1019  HIVb+R4       15865.991    37  31805.981    31810.135    31975.156
1027  HIVb+I+R3     15874.460    36  31820.920    31824.849    31985.522
1028  HIVb+I+R4     15861.725    38  31799.450    31803.835    31973.197
1037  HIVb+F+G4     15696.481    51  31494.962    31502.962    31728.148
1038  HIVb+F+I+G4   15691.480    52  31486.960    31495.286    31724.719
1040  HIVb+F+R3     15700.667    54  31509.335    31518.335    31756.238
1041  HIVb+F+R4     15682.953    56  31477.906    31487.608    31733.954
1049  HIVb+F+I+R3   15691.404    55  31492.809    31502.156    31744.284
1050  HIVb+F+I+R4   15676.597    57  31467.194    31477.258    31727.814
1059  HIVw+G4       16274.689    32  32613.379    32616.476    32759.692
1060  HIVw+I+G4     16272.722    33  32611.444    32614.739    32762.330
1062  HIVw+R3       16278.132    35  32626.263    32629.975    32786.293
1063  HIVw+R4       16257.257    37  32588.514    32592.667    32757.688
1071  HIVw+I+R3     16273.130    36  32618.260    32622.189    32782.862
1072  HIVw+I+R4     16254.492    38  32584.984    32589.368    32758.730
1081  HIVw+F+G4     15884.481    51  31870.962    31878.962    32104.148
1082  HIVw+F+I+G4   15879.463    52  31862.926    31871.252    32100.685
1084  HIVw+F+R3     15893.764    54  31895.528    31904.528    32142.431
1085  HIVw+F+R4     15870.332    56  31852.664    31862.366    32108.711
1093  HIVw+F+I+R3   15884.531    55  31879.063    31888.410    32130.538
1094  HIVw+F+I+R4   15863.300    57  31840.601    31850.665    32101.221
1103  FLU+G4        15756.600    32  31577.199    31580.296    31723.512
1104  FLU+I+G4      15755.360    33  31576.720    31580.015    31727.606
1106  FLU+R3        15756.706    35  31583.411    31587.123    31743.441
1107  FLU+R4        15742.361    37  31558.721    31562.875    31727.896
1115  FLU+I+R3      15752.535    36  31577.070    31580.999    31741.672
1116  FLU+I+R4      15740.376    38  31556.752    31561.137    31730.499
1125  FLU+F+G4      15587.971    51  31277.943    31285.943    31511.129
1126  FLU+F+I+G4    15586.593    52  31277.185    31285.512    31514.944
1128  FLU+F+R3      15591.762    54  31291.524    31300.524    31538.427
1129  FLU+F+R4      15574.084    56  31260.169    31269.871    31516.217
1137  FLU+F+I+R3    15587.086    55  31284.171    31293.519    31535.647
1138  FLU+F+I+R4    15572.082    57  31258.163    31268.227    31518.783
1147  rtREV+G4      15596.678    32  31257.356    31260.453    31403.669
1148  rtREV+I+G4    15595.251    33  31256.501    31259.796    31407.386
1150  rtREV+R3      15587.571    35  31245.142    31248.853    31405.172
1151  rtREV+R4      15578.023    37  31230.046    31234.200    31399.221
1159  rtREV+I+R3    15583.784    36  31239.569    31243.498    31404.171
1160  rtREV+I+R4    15575.902    38  31227.803    31232.188    31401.550
1169  rtREV+F+G4    15483.952    51  31069.904    31077.904    31303.091
1170  rtREV+F+I+G4  15482.168    52  31068.335    31076.662    31306.094
1172  rtREV+F+R3    15475.848    54  31059.696    31068.696    31306.599
1173  rtREV+F+R4    15466.402    56  31044.804    31054.507    31300.852
1181  rtREV+F+I+R3  15471.556    55  31053.111    31062.459    31304.587
1182  rtREV+F+I+R4  15463.682    57  31041.364    31051.428    31301.985
1191  cpREV+G4      15666.798    32  31397.595    31400.692    31543.908
1192  cpREV+I+G4    15666.816    33  31399.631    31402.926    31550.517
1194  cpREV+R3      15652.790    35  31375.579    31379.291    31535.609
1195  cpREV+R4      15645.515    37  31365.029    31369.183    31534.204
1203  cpREV+I+R3    15651.384    36  31374.767    31378.696    31539.369
1204  cpREV+I+R4    15644.991    38  31365.983    31370.367    31539.729
1213  cpREV+F+G4    15518.329    51  31138.658    31146.658    31371.844
1214  cpREV+F+I+G4  15518.180    52  31140.360    31148.686    31378.118
1216  cpREV+F+R3    15505.317    54  31118.635    31127.635    31365.538
1217  cpREV+F+R4    15498.092    56  31108.184    31117.886    31364.232
1225  cpREV+F+I+R3  15503.638    55  31117.276    31126.623    31368.751
1226  cpREV+F+I+R4  15497.682    57  31109.364    31119.428    31369.984
Akaike Information Criterion:           LG+F+I+R4
Corrected Akaike Information Criterion: LG+F+I+R4
Bayesian Information Criterion:         LG+F+R4
Best-fit model: LG+F+R4 chosen according to BIC

All model information printed to FungalCW_tree_20231129/278643at4751.aa.mfa.model.gz
CPU time for ModelFinder: 490.186 seconds (0h:8m:10s)
Wall-clock time for ModelFinder: 249.932 seconds (0h:4m:9s)
Generating 1000 samples for ultrafast bootstrap (seed: 489055)...

NOTE: 10 MB RAM (0 GB) is required!
Estimate model parameters (epsilon = 0.100)
1. Initial log-likelihood: -15430.708
Optimal log-likelihood: -15430.654
Site proportion and rates:  (0.212,0.067) (0.381,0.327) (0.229,0.907) (0.178,3.666)
Parameters optimization took 1 rounds (0.134 sec)
Wrote distance file to... 
Computing ML distances based on estimated model parameters...
Calculating distance matrix: done in 0.0289378 secs using 199.6% CPU
Computing ML distances took 0.029067 sec (of wall-clock time) 0.057933 sec (of CPU time)
WARNING: Some pairwise ML distances are too long (saturated)
Setting up auxiliary I and S matrices: done in 4.79221e-05 secs using 100.2% CPU
Constructing RapidNJ tree: done in 0.000236988 secs using 235.5% CPU
Computing RapidNJ tree took 0.000347 sec (of wall-clock time) 0.000687 sec (of CPU time)
Log-likelihood of RapidNJ tree: -15464.756
--------------------------------------------------------------------
|             INITIALIZING CANDIDATE TREE SET                      |
--------------------------------------------------------------------
Generating 98 parsimony trees... 0.251 second
Computing log-likelihood of 98 initial trees ... 1.452 seconds
Current best score: -15430.654

Do NNI search on 20 best initial trees
Optimizing NNI: done in 0.063982 secs using 199.1% CPU
Estimate model parameters (epsilon = 0.100)
BETTER TREE FOUND at iteration 1: -15430.618
Optimizing NNI: done in 0.263378 secs using 199.4% CPU
Optimizing NNI: done in 0.295979 secs using 199.3% CPU
Optimizing NNI: done in 0.273859 secs using 198.8% CPU
Optimizing NNI: done in 0.257551 secs using 199.4% CPU
Optimizing NNI: done in 0.290353 secs using 199.1% CPU
Optimizing NNI: done in 0.241474 secs using 199.1% CPU
Optimizing NNI: done in 0.257571 secs using 199.1% CPU
Optimizing NNI: done in 0.290858 secs using 199.1% CPU
Optimizing NNI: done in 0.255066 secs using 199.1% CPU
Iteration 10 / LogL: -15432.647 / Time: 0h:0m:4s
Optimizing NNI: done in 0.280123 secs using 198.7% CPU
Optimizing NNI: done in 0.229701 secs using 198.4% CPU
Optimizing NNI: done in 0.238024 secs using 199.3% CPU
Optimizing NNI: done in 0.284012 secs using 199.1% CPU
Optimizing NNI: done in 0.27726 secs using 199.4% CPU
Optimizing NNI: done in 0.275856 secs using 199.1% CPU
Optimizing NNI: done in 0.232897 secs using 199.1% CPU
Optimizing NNI: done in 0.277629 secs using 199.1% CPU
Optimizing NNI: done in 0.255421 secs using 198.7% CPU
Optimizing NNI: done in 0.25975 secs using 198.8% CPU
Iteration 20 / LogL: -15430.855 / Time: 0h:0m:7s
Finish initializing candidate tree set (2)
Current best tree score: -15430.618 / CPU time: 7.014
Number of iterations: 20
--------------------------------------------------------------------
|               OPTIMIZING CANDIDATE TREE SET                      |
--------------------------------------------------------------------
Optimizing NNI: done in 0.262111 secs using 199.3% CPU
Optimizing NNI: done in 0.206238 secs using 198.6% CPU
Optimizing NNI: done in 0.191388 secs using 198.9% CPU
Optimizing NNI: done in 0.344627 secs using 199.1% CPU
Optimizing NNI: done in 0.149574 secs using 199.7% CPU
Optimizing NNI: done in 0.173859 secs using 199.2% CPU
Optimizing NNI: done in 0.26177 secs using 199% CPU
Optimizing NNI: done in 0.158098 secs using 199.1% CPU
Optimizing NNI: done in 0.172193 secs using 199% CPU
Optimizing NNI: done in 0.353347 secs using 199.2% CPU
Iteration 30 / LogL: -15431.044 / Time: 0h:0m:9s (0h:0m:23s left)
Optimizing NNI: done in 0.274088 secs using 199.2% CPU
Optimizing NNI: done in 0.397292 secs using 199.2% CPU
Optimizing NNI: done in 0.209905 secs using 199.1% CPU
Optimizing NNI: done in 0.179167 secs using 199.2% CPU
Optimizing NNI: done in 0.153598 secs using 199.4% CPU
Optimizing NNI: done in 0.30571 secs using 199.2% CPU
Optimizing NNI: done in 0.149153 secs using 198.8% CPU
Optimizing NNI: done in 0.24645 secs using 199.1% CPU
Optimizing NNI: done in 0.21156 secs using 199.2% CPU
Optimizing NNI: done in 0.178631 secs using 198.2% CPU
Iteration 40 / LogL: -15432.420 / Time: 0h:0m:12s (0h:0m:18s left)
Optimizing NNI: done in 0.289515 secs using 199.4% CPU
Optimizing NNI: done in 0.13761 secs using 199.6% CPU
Optimizing NNI: done in 0.344798 secs using 198.9% CPU
Optimizing NNI: done in 0.165893 secs using 199.4% CPU
Optimizing NNI: done in 0.312597 secs using 199.2% CPU
Optimizing NNI: done in 0.281386 secs using 198.8% CPU
Optimizing NNI: done in 0.193044 secs using 199.6% CPU
Optimizing NNI: done in 0.320417 secs using 199% CPU
Optimizing NNI: done in 0.179335 secs using 199.1% CPU
Optimizing NNI: done in 0.39221 secs using 199.2% CPU
Iteration 50 / LogL: -15430.688 / Time: 0h:0m:14s (0h:0m:15s left)
Log-likelihood cutoff on original alignment: -15459.630
Optimizing NNI: done in 0.416881 secs using 199.1% CPU
Optimizing NNI: done in 0.195722 secs using 199.4% CPU
Optimizing NNI: done in 0.274835 secs using 199.4% CPU
Optimizing NNI: done in 0.192598 secs using 199.3% CPU
Optimizing NNI: done in 0.340474 secs using 199.3% CPU
Optimizing NNI: done in 0.252224 secs using 199.4% CPU
Optimizing NNI: done in 0.176248 secs using 199.3% CPU
Optimizing NNI: done in 0.253862 secs using 198.6% CPU
Optimizing NNI: done in 0.210305 secs using 199.2% CPU
Optimizing NNI: done in 0.234825 secs using 198.7% CPU
Iteration 60 / LogL: -15463.643 / Time: 0h:0m:17s (0h:0m:12s left)
Optimizing NNI: done in 0.192864 secs using 199% CPU
Optimizing NNI: done in 0.161931 secs using 199.4% CPU
Optimizing NNI: done in 0.205568 secs using 199.5% CPU
Optimizing NNI: done in 0.329189 secs using 199.1% CPU
Optimizing NNI: done in 0.1609 secs using 199.2% CPU
Optimizing NNI: done in 0.345088 secs using 199.1% CPU
Optimizing NNI: done in 0.214466 secs using 199.1% CPU
Optimizing NNI: done in 0.298966 secs using 199.2% CPU
Optimizing NNI: done in 0.161924 secs using 199.1% CPU
Optimizing NNI: done in 0.233686 secs using 199.1% CPU
Iteration 70 / LogL: -15455.595 / Time: 0h:0m:19s (0h:0m:8s left)
Optimizing NNI: done in 0.208314 secs using 199.3% CPU
Optimizing NNI: done in 0.445679 secs using 199.1% CPU
Optimizing NNI: done in 0.243608 secs using 199.1% CPU
Optimizing NNI: done in 0.243739 secs using 199.1% CPU
Optimizing NNI: done in 0.264077 secs using 199.1% CPU
Optimizing NNI: done in 0.238264 secs using 199.1% CPU
Optimizing NNI: done in 0.215557 secs using 199.4% CPU
Optimizing NNI: done in 0.187217 secs using 199% CPU
Optimizing NNI: done in 0.219932 secs using 199.1% CPU
Optimizing NNI: done in 0.238294 secs using 198.9% CPU
Iteration 80 / LogL: -15430.770 / Time: 0h:0m:22s (0h:0m:5s left)
Optimizing NNI: done in 0.148898 secs using 199.2% CPU
Optimizing NNI: done in 0.128572 secs using 199.7% CPU
Optimizing NNI: done in 0.296287 secs using 199.1% CPU
Optimizing NNI: done in 0.227181 secs using 199.1% CPU
Optimizing NNI: done in 0.243965 secs using 199.1% CPU
Optimizing NNI: done in 0.249851 secs using 199.1% CPU
Optimizing NNI: done in 0.202139 secs using 199.1% CPU
Optimizing NNI: done in 0.217489 secs using 199.1% CPU
Optimizing NNI: done in 0.129322 secs using 199.1% CPU
Optimizing NNI: done in 0.154543 secs using 199.4% CPU
Iteration 90 / LogL: -15455.375 / Time: 0h:0m:24s (0h:0m:3s left)
Optimizing NNI: done in 0.293412 secs using 198.7% CPU
Optimizing NNI: done in 0.168291 secs using 199.5% CPU
Optimizing NNI: done in 0.205529 secs using 199.3% CPU
Optimizing NNI: done in 0.20646 secs using 198.8% CPU
Optimizing NNI: done in 0.22861 secs using 199.1% CPU
Optimizing NNI: done in 0.382788 secs using 198.9% CPU
Optimizing NNI: done in 0.203809 secs using 199.1% CPU
Optimizing NNI: done in 0.3265 secs using 198.8% CPU
Optimizing NNI: done in 0.325372 secs using 199.1% CPU
Optimizing NNI: done in 0.263678 secs using 198.8% CPU
Iteration 100 / LogL: -15475.826 / Time: 0h:0m:27s (0h:0m:0s left)
Log-likelihood cutoff on original alignment: -15459.630
NOTE: Bootstrap correlation coefficient of split occurrence frequencies: 0.992
Optimizing NNI: done in 0.202031 secs using 199.1% CPU
Optimizing NNI: done in 0.255976 secs using 198.7% CPU
TREE SEARCH COMPLETED AFTER 102 ITERATIONS / Time: 0h:0m:27s

--------------------------------------------------------------------
|                    FINALIZING TREE SEARCH                        |
--------------------------------------------------------------------
Performs final model parameters optimization
Estimate model parameters (epsilon = 0.010)
1. Initial log-likelihood: -15430.618
2. Current log-likelihood: -15430.598
3. Current log-likelihood: -15430.584
4. Current log-likelihood: -15430.574
Optimal log-likelihood: -15430.566
Site proportion and rates:  (0.214,0.067) (0.392,0.333) (0.222,0.951) (0.172,3.739)
Parameters optimization took 4 rounds (0.482 sec)
BEST SCORE FOUND : -15430.566

Testing tree branches by SH-like aLRT with 1000 replicates...
0.167 sec.
Creating bootstrap support values...
Split supports printed to NEXUS file FungalCW_tree_20231129/278643at4751.aa.mfa.splits.nex
Total tree length: 37.072

Total number of iterations: 102
CPU time used for tree search: 54.233 sec (0h:0m:54s)
Wall-clock time used for tree search: 27.299 sec (0h:0m:27s)
Total CPU time used: 56.263 sec (0h:0m:56s)
Total wall-clock time used: 28.350 sec (0h:0m:28s)

Computing bootstrap consensus tree...
Reading input file FungalCW_tree_20231129/278643at4751.aa.mfa.splits.nex...
17 taxa and 66 splits.
Consensus tree written to FungalCW_tree_20231129/278643at4751.aa.mfa.contree
Reading input trees file FungalCW_tree_20231129/278643at4751.aa.mfa.contree
Log-likelihood of consensus tree: -15430.565

Analysis results written to: 
  IQ-TREE report:                FungalCW_tree_20231129/278643at4751.aa.mfa.iqtree
  Maximum-likelihood tree:       FungalCW_tree_20231129/278643at4751.aa.mfa.treefile
  Likelihood distances:          FungalCW_tree_20231129/278643at4751.aa.mfa.mldist

Ultrafast bootstrap approximation results written to:
  Split support values:          FungalCW_tree_20231129/278643at4751.aa.mfa.splits.nex
  Consensus tree:                FungalCW_tree_20231129/278643at4751.aa.mfa.contree
  Screen log file:               FungalCW_tree_20231129/278643at4751.aa.mfa.log

Date and Time: Wed Nov 29 02:27:20 2023
