IQ-TREE multicore version 2.2.2.6 COVID-edition for Linux 64-bit built May 27 2023
Developed by Bui Quang Minh, James Barbetti, Nguyen Lam Tung,
Olga Chernomor, Heiko Schmidt, Dominik Schrempf, Michael Woodhams, Ly Trong Nhan.

Host:    r12 (AVX2, FMA3, 503 GB RAM)
Command: iqtree2 -s FungalCW_tree_20231129/280937at4751.aa.mfa -gz -B 1000 -alrt 1000 -nt 2
Seed:    14211 (Using SPRNG - Scalable Parallel Random Number Generator)
Time:    Wed Nov 29 02:22:43 2023
Kernel:  AVX+FMA - 2 threads (2 CPU cores detected)

Reading alignment file FungalCW_tree_20231129/280937at4751.aa.mfa ... Fasta format detected
Reading fasta file: done in 0.000263929 secs using 87.9% CPU
Alignment most likely contains protein sequences
Constructing alignment: done in 0.000580072 secs using 127.9% CPU
Alignment has 18 sequences with 352 columns, 289 distinct patterns
192 parsimony-informative, 64 singleton sites, 96 constant sites
                                                               Gap/Ambiguity  Composition  p-value
Analyzing sequences: done in 3.91006e-05 secs using 51.15% CPU
   1  Basidiobolus_meristosporus_CBS_931.73.Basme2finSC.v1            16.48%    passed     93.29%
   2  Botrytis_cinerea_T4                                             12.50%    passed     93.30%
   3  Capillidium_pumilum_ARSEF_79                                    26.14%    passed     96.10%
   4  Colletotrichum_graminicola_M1.001                               13.92%    passed     97.02%
   5  Colletotrichum_higginsianum_IMI_349063                          13.07%    passed     94.45%
   6  Fusarium_graminearum_PH-1                                       12.78%    passed     95.25%
   7  Fusarium_verticillioides_7600                                   12.78%    passed     96.50%
   8  Gilbertella_persicaria_var_persicaria_CBS_190.32-T.Gilper1.v1   15.06%    passed     99.96%
   9  Mortierella_elongata_AG-77                                      14.49%    passed     99.96%
  10  Mucor_mucedo_NRRL_3635                                          15.34%    passed     99.49%
  11  Neoconidiobolus_thromboides_FSU_785.Conth1.v1                   15.06%    passed     43.29%
  12  Phycomyces_blakesleeanus_NRRL_1555.Phybl2.v2                    14.77%    passed     98.06%
  13  Rhizopus_stolonifer_NRRL_66455                                  14.77%    passed     99.99%
  14  Trichoderma_harzianum_CBS_226.95                                12.78%    passed     98.05%
  15  Umbelopsis_ramanniana_NRRL_5844.Umbra1.v1                       15.06%    passed     99.96%
  16  Ustilago_maydis                                                 13.64%    passed     19.88%
  17  Zoophthora_radicans_ATCC_208865                                 13.07%    passed     89.54%
  18  Zymoseptoria_tritici_IP0323                                     12.78%    passed     99.85%
****  TOTAL                                                           14.69%  0 sequences failed composition chi2 test (p-value<5%; df=19)
Checking for duplicate sequences: done in 6.58035e-05 secs using 101.8% CPU


Create initial parsimony tree by phylogenetic likelihood library (PLL)... 0.001 seconds
Perform fast likelihood tree search using LG+I+G model...
Estimate model parameters (epsilon = 5.000)
Perform nearest neighbor interchange...
Optimizing NNI: done in 0.05018 secs using 197.1% CPU
Estimate model parameters (epsilon = 1.000)
1. Initial log-likelihood: -6430.274
Optimal log-likelihood: -6430.112
Proportion of invariable sites: 0.146
Gamma shape alpha: 0.748
Parameters optimization took 1 rounds (0.031 sec)
Time for fast ML tree search: 0.173 seconds

NOTE: ModelFinder requires 9 MB RAM!
ModelFinder will test up to 1232 protein models (sample size: 352) ...
 No. Model         -LnL         df  AIC          AICc         BIC
  1  LG            6920.954     33  13907.909    13914.966    14035.409
  2  LG+I          6649.919     34  13367.838    13375.345    13499.201
  3  LG+G4         6433.024     34  12934.047    12941.555    13065.411
  4  LG+I+G4       6429.885     35  12929.770    12937.745    13064.997
  5  LG+R2         6489.099     35  13048.198    13056.173    13183.426
  6  LG+R3         6448.064     37  12970.128    12979.083    13113.082
  7  LG+R4         6438.781     39  12955.561    12965.561    13106.243
  8  LG+R5         6435.054     41  12952.108    12963.218    13110.517
 14  LG+I+R2       6450.291     36  12972.582    12981.039    13111.673
 15  LG+I+R3       6429.406     38  12934.811    12944.281    13081.629
 16  LG+I+R4       6428.935     40  12937.870    12948.416    13092.415
 25  LG+F+G4       6419.158     53  12944.315    12963.523    13149.087
 26  LG+F+I+G4     6415.921     54  12939.841    12959.841    13148.477
 47  WAG+G4        6424.522     34  12917.044    12924.551    13048.407
 48  WAG+I+G4      6418.882     35  12907.765    12915.739    13042.992
 69  WAG+F+G4      6414.197     53  12934.395    12953.603    13139.167
 70  WAG+F+I+G4    6408.847     54  12925.694    12945.694    13134.330
 91  JTT+G4        6497.006     34  13062.011    13069.519    13193.375
 92  JTT+I+G4      6493.523     35  13057.046    13065.020    13192.273
113  JTT+F+G4      6487.075     53  13080.150    13099.358    13284.922
114  JTT+F+I+G4    6483.938     54  13075.876    13095.876    13284.512
WARNING: Normalizing state frequencies so that sum of them equals to 1
135  Q.pfam+G4     6437.814     34  12943.627    12951.135    13074.991
WARNING: Normalizing state frequencies so that sum of them equals to 1
136  Q.pfam+I+G4   6434.336     35  12938.671    12946.646    13073.899
WARNING: Normalizing state frequencies so that sum of them equals to 1
157  Q.pfam+F+G4   6423.311     53  12952.622    12971.830    13157.394
WARNING: Normalizing state frequencies so that sum of them equals to 1
158  Q.pfam+F+I+G4 6420.042     54  12948.084    12968.084    13156.720
WARNING: Normalizing state frequencies so that sum of them equals to 1
179  Q.bird+G4     6627.652     34  13323.304    13330.812    13454.668
WARNING: Normalizing state frequencies so that sum of them equals to 1
180  Q.bird+I+G4   6626.995     35  13323.990    13331.964    13459.217
WARNING: Normalizing state frequencies so that sum of them equals to 1
201  Q.bird+F+G4   6629.779     53  13365.558    13384.766    13570.330
WARNING: Normalizing state frequencies so that sum of them equals to 1
202  Q.bird+F+I+G4 6628.592     54  13365.184    13385.184    13573.821
WARNING: Normalizing state frequencies so that sum of them equals to 1
223  Q.mammal+G4   6579.700     34  13227.400    13234.907    13358.763
WARNING: Normalizing state frequencies so that sum of them equals to 1
224  Q.mammal+I+G4 6579.238     35  13228.475    13236.450    13363.702
WARNING: Normalizing state frequencies so that sum of them equals to 1
245  Q.mammal+F+G4 6574.859     53  13255.718    13274.927    13460.491
WARNING: Normalizing state frequencies so that sum of them equals to 1
246  Q.mammal+F+I+G4 6573.859     54  13255.718    13275.718    13464.354
267  Q.insect+G4   6464.519     34  12997.037    13004.545    13128.401
268  Q.insect+I+G4 6462.046     35  12994.092    13002.066    13129.319
289  Q.insect+F+G4 6453.687     53  13013.374    13032.582    13218.147
290  Q.insect+F+I+G4 6451.555     54  13011.110    13031.110    13219.746
WARNING: Normalizing state frequencies so that sum of them equals to 1
311  Q.plant+G4    6532.410     34  13132.821    13140.329    13264.184
WARNING: Normalizing state frequencies so that sum of them equals to 1
312  Q.plant+I+G4  6531.735     35  13133.469    13141.444    13268.696
WARNING: Normalizing state frequencies so that sum of them equals to 1
333  Q.plant+F+G4  6529.505     53  13165.010    13184.218    13369.782
WARNING: Normalizing state frequencies so that sum of them equals to 1
334  Q.plant+F+I+G4 6528.361     54  13164.721    13184.721    13373.357
WARNING: Normalizing state frequencies so that sum of them equals to 1
355  Q.yeast+G4    6462.069     34  12992.138    12999.646    13123.502
WARNING: Normalizing state frequencies so that sum of them equals to 1
356  Q.yeast+I+G4  6459.295     35  12988.591    12996.565    13123.818
WARNING: Normalizing state frequencies so that sum of them equals to 1
377  Q.yeast+F+G4  6441.429     53  12988.858    13008.066    13193.631
WARNING: Normalizing state frequencies so that sum of them equals to 1
378  Q.yeast+F+I+G4 6438.916     54  12985.831    13005.831    13194.468
399  JTTDCMut+G4   6495.502     34  13059.005    13066.513    13190.368
400  JTTDCMut+I+G4 6492.012     35  13054.023    13061.998    13189.250
421  JTTDCMut+F+G4 6485.403     53  13076.805    13096.013    13281.578
422  JTTDCMut+F+I+G4 6482.289     54  13072.578    13092.578    13281.214
443  DCMut+G4      6479.173     34  13026.346    13033.854    13157.710
444  DCMut+I+G4    6475.207     35  13020.414    13028.388    13155.641
465  DCMut+F+G4    6473.983     53  13053.967    13073.175    13258.739
466  DCMut+F+I+G4  6470.514     54  13049.029    13069.029    13257.665
487  VT+G4         6433.037     34  12934.075    12941.583    13065.438
488  VT+I+G4       6427.080     35  12924.160    12932.134    13059.387
509  VT+F+G4       6423.855     53  12953.710    12972.918    13158.482
510  VT+F+I+G4     6417.969     54  12943.937    12963.937    13152.573
531  PMB+G4        6450.708     34  12969.415    12976.923    13100.779
532  PMB+I+G4      6444.151     35  12958.302    12966.277    13093.529
553  PMB+F+G4      6424.954     53  12955.908    12975.116    13160.681
554  PMB+F+I+G4    6418.515     54  12945.029    12965.029    13153.665
575  Blosum62+G4   6445.360     34  12958.720    12966.228    13090.083
576  Blosum62+I+G4 6438.961     35  12947.921    12955.896    13083.148
597  Blosum62+F+G4 6422.777     53  12951.554    12970.762    13156.327
598  Blosum62+F+I+G4 6416.240     54  12940.481    12960.481    13149.117
619  Dayhoff+G4    6479.448     34  13026.896    13034.404    13158.260
620  Dayhoff+I+G4  6475.495     35  13020.990    13028.964    13156.217
641  Dayhoff+F+G4  6474.250     53  13054.500    13073.708    13259.273
642  Dayhoff+F+I+G4 6470.798     54  13049.596    13069.596    13258.232
663  mtREV+G4      6801.637     34  13671.274    13678.782    13802.637
664  mtREV+I+G4    6796.431     35  13662.862    13670.836    13798.089
685  mtREV+F+G4    6538.641     53  13183.282    13202.491    13388.055
686  mtREV+F+I+G4  6534.278     54  13176.557    13196.557    13385.193
707  mtART+G4      6861.214     34  13790.428    13797.936    13921.792
708  mtART+I+G4    6854.660     35  13779.320    13787.295    13914.547
729  mtART+F+G4    6598.754     53  13303.508    13322.716    13508.280
730  mtART+F+I+G4  6592.477     54  13292.953    13312.953    13501.589
751  mtZOA+G4      6734.084     34  13536.168    13543.676    13667.531
752  mtZOA+I+G4    6728.446     35  13526.891    13534.866    13662.118
773  mtZOA+F+G4    6536.623     53  13179.246    13198.454    13384.018
774  mtZOA+F+I+G4  6533.143     54  13174.286    13194.286    13382.922
795  mtMet+G4      6835.312     34  13738.625    13746.133    13869.988
796  mtMet+I+G4    6831.697     35  13733.395    13741.369    13868.622
817  mtMet+F+G4    6578.912     53  13263.824    13283.032    13468.597
818  mtMet+F+I+G4  6576.002     54  13260.005    13280.005    13468.641
839  mtVer+G4      6900.340     34  13868.679    13876.187    14000.043
840  mtVer+I+G4    6899.475     35  13868.950    13876.924    14004.177
861  mtVer+F+G4    6666.178     53  13438.356    13457.564    13643.129
862  mtVer+F+I+G4  6665.107     54  13438.214    13458.214    13646.850
883  mtInv+G4      6854.532     34  13777.065    13784.573    13908.428
884  mtInv+I+G4    6850.653     35  13771.307    13779.282    13906.534
905  mtInv+F+G4    6525.460     53  13156.920    13176.128    13361.692
906  mtInv+F+I+G4  6521.734     54  13151.469    13171.469    13360.105
927  mtMAM+G4      7005.101     34  14078.201    14085.709    14209.565
928  mtMAM+I+G4    6999.149     35  14068.298    14076.273    14203.525
949  mtMAM+F+G4    6729.702     53  13565.403    13584.612    13770.176
950  mtMAM+F+I+G4  6723.731     54  13555.461    13575.461    13764.098
WARNING: Normalizing state frequencies so that sum of them equals to 1
971  FLAVI+G4      6799.907     34  13667.813    13675.321    13799.177
WARNING: Normalizing state frequencies so that sum of them equals to 1
972  FLAVI+I+G4    6799.120     35  13668.240    13676.215    13803.467
WARNING: Normalizing state frequencies so that sum of them equals to 1
993  FLAVI+F+G4    6750.712     53  13607.423    13626.631    13812.196
WARNING: Normalizing state frequencies so that sum of them equals to 1
994  FLAVI+F+I+G4  6749.916     54  13607.832    13627.832    13816.468
1015  HIVb+G4       6701.654     34  13471.308    13478.815    13602.671
1016  HIVb+I+G4     6696.092     35  13462.184    13470.158    13597.411
1037  HIVb+F+G4     6644.711     53  13395.421    13414.629    13600.194
1038  HIVb+F+I+G4   6640.557     54  13389.114    13409.114    13597.750
1059  HIVw+G4       6914.831     34  13897.662    13905.170    14029.026
1060  HIVw+I+G4     6911.739     35  13893.477    13901.452    14028.704
1081  HIVw+F+G4     6784.356     53  13674.712    13693.921    13879.485
1082  HIVw+F+I+G4   6781.432     54  13670.864    13690.864    13879.500
1103  FLU+G4        6619.362     34  13306.725    13314.232    13438.088
1104  FLU+I+G4      6617.150     35  13304.299    13312.274    13439.527
1125  FLU+F+G4      6558.771     53  13223.543    13242.751    13428.315
1126  FLU+F+I+G4    6555.860     54  13219.721    13239.721    13428.357
1147  rtREV+G4      6458.431     34  12984.862    12992.370    13116.225
1148  rtREV+I+G4    6454.020     35  12978.040    12986.014    13113.267
1169  rtREV+F+G4    6422.387     53  12950.774    12969.982    13155.547
1170  rtREV+F+I+G4  6418.277     54  12944.554    12964.554    13153.190
1191  cpREV+G4      6500.628     34  13069.255    13076.763    13200.619
1192  cpREV+I+G4    6495.423     35  13060.845    13068.820    13196.072
1213  cpREV+F+G4    6452.730     53  13011.461    13030.669    13216.233
1214  cpREV+F+I+G4  6447.227     54  13002.455    13022.455    13211.091
Akaike Information Criterion:           WAG+I+G4
Corrected Akaike Information Criterion: WAG+I+G4
Bayesian Information Criterion:         WAG+I+G4
Best-fit model: WAG+I+G4 chosen according to BIC

All model information printed to FungalCW_tree_20231129/280937at4751.aa.mfa.model.gz
CPU time for ModelFinder: 33.929 seconds (0h:0m:33s)
Wall-clock time for ModelFinder: 20.762 seconds (0h:0m:20s)
Generating 1000 samples for ultrafast bootstrap (seed: 14211)...

NOTE: 4 MB RAM (0 GB) is required!
Estimate model parameters (epsilon = 0.100)
Thoroughly optimizing +I+G parameters from 10 start values...
Init pinv, alpha: 0.000, 1.015 / Estimate: 0.000, 0.531 / LogL: -6424.522
Init pinv, alpha: 0.030, 1.015 / Estimate: 0.039, 0.588 / LogL: -6423.295
Init pinv, alpha: 0.061, 1.015 / Estimate: 0.181, 1.014 / LogL: -6418.886
Init pinv, alpha: 0.091, 1.015 / Estimate: 0.179, 1.003 / LogL: -6418.915
Init pinv, alpha: 0.121, 1.015 / Estimate: 0.181, 1.013 / LogL: -6418.887
Init pinv, alpha: 0.152, 1.015 / Estimate: 0.181, 1.011 / LogL: -6418.891
Init pinv, alpha: 0.182, 1.015 / Estimate: 0.185, 1.028 / LogL: -6418.856
Init pinv, alpha: 0.212, 1.015 / Estimate: 0.197, 1.084 / LogL: -6418.868
Init pinv, alpha: 0.242, 1.015 / Estimate: 0.197, 1.086 / LogL: -6418.872
Init pinv, alpha: 0.273, 1.015 / Estimate: 0.195, 1.078 / LogL: -6418.859
Optimal pinv,alpha: 0.185, 1.028 / LogL: -6418.856

Parameters optimization took 2.358 sec
Wrote distance file to... 
Computing ML distances based on estimated model parameters...
Calculating distance matrix: done in 0.0230341 secs using 199.1% CPU
Computing ML distances took 0.023152 sec (of wall-clock time) 0.046013 sec (of CPU time)
Setting up auxiliary I and S matrices: done in 3.60012e-05 secs using 300% CPU
Constructing RapidNJ tree: done in 0.000262022 secs using 188.5% CPU
Computing RapidNJ tree took 0.000371 sec (of wall-clock time) 0.000676 sec (of CPU time)
Log-likelihood of RapidNJ tree: -6456.050
--------------------------------------------------------------------
|             INITIALIZING CANDIDATE TREE SET                      |
--------------------------------------------------------------------
Generating 98 parsimony trees... 0.218 second
Computing log-likelihood of 98 initial trees ... 0.846 seconds
Current best score: -6418.856

Do NNI search on 20 best initial trees
Optimizing NNI: done in 0.036665 secs using 198.3% CPU
Estimate model parameters (epsilon = 0.100)
BETTER TREE FOUND at iteration 1: -6418.845
Optimizing NNI: done in 0.0983579 secs using 197.3% CPU
Estimate model parameters (epsilon = 0.100)
BETTER TREE FOUND at iteration 2: -6415.176
Optimizing NNI: done in 0.115253 secs using 198.4% CPU
Estimate model parameters (epsilon = 0.100)
BETTER TREE FOUND at iteration 3: -6414.539
Optimizing NNI: done in 0.114693 secs using 198.4% CPU
Optimizing NNI: done in 0.111296 secs using 198.3% CPU
Optimizing NNI: done in 0.110739 secs using 198.4% CPU
Optimizing NNI: done in 0.137685 secs using 196.9% CPU
Optimizing NNI: done in 0.09761 secs using 197.9% CPU
Optimizing NNI: done in 0.117214 secs using 198.8% CPU
Optimizing NNI: done in 0.102471 secs using 197.4% CPU
Iteration 10 / LogL: -6421.967 / Time: 0h:0m:4s
Optimizing NNI: done in 0.104274 secs using 198.1% CPU
Optimizing NNI: done in 0.107738 secs using 198.3% CPU
Optimizing NNI: done in 0.14119 secs using 198.3% CPU
Optimizing NNI: done in 0.118163 secs using 198.3% CPU
Optimizing NNI: done in 0.099762 secs using 197.3% CPU
Optimizing NNI: done in 0.0958488 secs using 198.3% CPU
Optimizing NNI: done in 0.119129 secs using 197.8% CPU
Optimizing NNI: done in 0.111855 secs using 197.8% CPU
Optimizing NNI: done in 0.136192 secs using 198.3% CPU
Optimizing NNI: done in 0.0983908 secs using 198.3% CPU
Iteration 20 / LogL: -6415.402 / Time: 0h:0m:6s
Finish initializing candidate tree set (10)
Current best tree score: -6414.539 / CPU time: 3.462
Number of iterations: 20
--------------------------------------------------------------------
|               OPTIMIZING CANDIDATE TREE SET                      |
--------------------------------------------------------------------
Optimizing NNI: done in 0.100564 secs using 198.7% CPU
Optimizing NNI: done in 0.163444 secs using 197.8% CPU
Optimizing NNI: done in 0.117613 secs using 198.1% CPU
Optimizing NNI: done in 0.090414 secs using 198% CPU
Optimizing NNI: done in 0.107246 secs using 197.6% CPU
Optimizing NNI: done in 0.178384 secs using 198.6% CPU
Optimizing NNI: done in 0.12991 secs using 198.4% CPU
Optimizing NNI: done in 0.162374 secs using 198.2% CPU
Optimizing NNI: done in 0.137116 secs using 198.3% CPU
Optimizing NNI: done in 0.170886 secs using 198.4% CPU
Iteration 30 / LogL: -6415.205 / Time: 0h:0m:7s (0h:0m:18s left)
Optimizing NNI: done in 0.146774 secs using 198.6% CPU
Optimizing NNI: done in 0.122134 secs using 199% CPU
Optimizing NNI: done in 0.111261 secs using 199.1% CPU
Optimizing NNI: done in 0.131207 secs using 198.7% CPU
Optimizing NNI: done in 0.11276 secs using 198.4% CPU
Optimizing NNI: done in 0.124176 secs using 198.5% CPU
Optimizing NNI: done in 0.133206 secs using 197.8% CPU
Optimizing NNI: done in 0.134033 secs using 198.6% CPU
Optimizing NNI: done in 0.119025 secs using 197.5% CPU
Optimizing NNI: done in 0.10895 secs using 198.6% CPU
Iteration 40 / LogL: -6415.363 / Time: 0h:0m:8s (0h:0m:14s left)
Optimizing NNI: done in 0.116125 secs using 197.5% CPU
Optimizing NNI: done in 0.129658 secs using 197.9% CPU
Optimizing NNI: done in 0.109774 secs using 198.5% CPU
Optimizing NNI: done in 0.112644 secs using 197.6% CPU
Optimizing NNI: done in 0.124741 secs using 198.6% CPU
Optimizing NNI: done in 0.143442 secs using 198.7% CPU
Optimizing NNI: done in 0.128183 secs using 198.2% CPU
Optimizing NNI: done in 0.10092 secs using 198.4% CPU
Optimizing NNI: done in 0.0917981 secs using 198.6% CPU
Optimizing NNI: done in 0.186368 secs using 198.5% CPU
Iteration 50 / LogL: -6416.322 / Time: 0h:0m:10s (0h:0m:10s left)
Log-likelihood cutoff on original alignment: -6445.391
Optimizing NNI: done in 0.155401 secs using 198.3% CPU
Optimizing NNI: done in 0.137958 secs using 198.2% CPU
Optimizing NNI: done in 0.102554 secs using 198.4% CPU
Optimizing NNI: done in 0.11028 secs using 198.8% CPU
Optimizing NNI: done in 0.106333 secs using 198.8% CPU
Optimizing NNI: done in 0.170086 secs using 198.6% CPU
Optimizing NNI: done in 0.124771 secs using 197.8% CPU
Optimizing NNI: done in 0.103782 secs using 198.6% CPU
Optimizing NNI: done in 0.0885549 secs using 198.9% CPU
Optimizing NNI: done in 0.119097 secs using 197.4% CPU
Iteration 60 / LogL: -6418.404 / Time: 0h:0m:11s (0h:0m:8s left)
Optimizing NNI: done in 0.133788 secs using 198.3% CPU
Optimizing NNI: done in 0.130655 secs using 197.7% CPU
Optimizing NNI: done in 0.109694 secs using 198.5% CPU
Optimizing NNI: done in 0.118184 secs using 199.2% CPU
Optimizing NNI: done in 0.165772 secs using 198.8% CPU
Optimizing NNI: done in 0.154695 secs using 199% CPU
Optimizing NNI: done in 0.150831 secs using 198.6% CPU
Optimizing NNI: done in 0.123978 secs using 198.3% CPU
Optimizing NNI: done in 0.126003 secs using 198.4% CPU
Optimizing NNI: done in 0.120615 secs using 197.6% CPU
Iteration 70 / LogL: -6416.085 / Time: 0h:0m:12s (0h:0m:6s left)
Optimizing NNI: done in 0.161031 secs using 199% CPU
Optimizing NNI: done in 0.0727 secs using 199.1% CPU
Optimizing NNI: done in 0.121928 secs using 197.6% CPU
Optimizing NNI: done in 0.0842981 secs using 197.6% CPU
Optimizing NNI: done in 0.148394 secs using 198.6% CPU
Optimizing NNI: done in 0.135537 secs using 198.4% CPU
Optimizing NNI: done in 0.110452 secs using 198.7% CPU
Optimizing NNI: done in 0.139836 secs using 198.1% CPU
Optimizing NNI: done in 0.10667 secs using 199.2% CPU
Optimizing NNI: done in 0.0937619 secs using 197.6% CPU
Iteration 80 / LogL: -6414.604 / Time: 0h:0m:14s (0h:0m:4s left)
Optimizing NNI: done in 0.114737 secs using 197.9% CPU
Optimizing NNI: done in 0.179308 secs using 198.2% CPU
Optimizing NNI: done in 0.114605 secs using 198.9% CPU
Optimizing NNI: done in 0.137406 secs using 198.4% CPU
Optimizing NNI: done in 0.132851 secs using 198.1% CPU
Optimizing NNI: done in 0.14871 secs using 197.8% CPU
Optimizing NNI: done in 0.129411 secs using 198.8% CPU
Optimizing NNI: done in 0.0968349 secs using 198.9% CPU
Optimizing NNI: done in 0.127042 secs using 199.1% CPU
Optimizing NNI: done in 0.148608 secs using 198.6% CPU
Iteration 90 / LogL: -6415.189 / Time: 0h:0m:15s (0h:0m:2s left)
Optimizing NNI: done in 0.180037 secs using 198.8% CPU
Optimizing NNI: done in 0.213258 secs using 197.6% CPU
Optimizing NNI: done in 0.107722 secs using 198% CPU
Optimizing NNI: done in 0.143227 secs using 198% CPU
Optimizing NNI: done in 0.135747 secs using 198.3% CPU
Optimizing NNI: done in 0.188302 secs using 198.7% CPU
Optimizing NNI: done in 0.119335 secs using 198.5% CPU
Optimizing NNI: done in 0.134307 secs using 198.5% CPU
Optimizing NNI: done in 0.197236 secs using 198.5% CPU
Optimizing NNI: done in 0.144326 secs using 198.3% CPU
Iteration 100 / LogL: -6418.621 / Time: 0h:0m:17s (0h:0m:0s left)
Log-likelihood cutoff on original alignment: -6444.462
NOTE: Bootstrap correlation coefficient of split occurrence frequencies: 0.999
Optimizing NNI: done in 0.12194 secs using 197.9% CPU
Optimizing NNI: done in 0.121656 secs using 198.8% CPU
Optimizing NNI: done in 0.115448 secs using 198.2% CPU
Optimizing NNI: done in 0.150319 secs using 198.2% CPU
TREE SEARCH COMPLETED AFTER 104 ITERATIONS / Time: 0h:0m:17s

--------------------------------------------------------------------
|                    FINALIZING TREE SEARCH                        |
--------------------------------------------------------------------
Performs final model parameters optimization
Estimate model parameters (epsilon = 0.010)
1. Initial log-likelihood: -6414.539
Optimal log-likelihood: -6414.538
Proportion of invariable sites: 0.177
Gamma shape alpha: 0.938
Parameters optimization took 1 rounds (0.028 sec)
BEST SCORE FOUND : -6414.538

Testing tree branches by SH-like aLRT with 1000 replicates...
0.098 sec.
Creating bootstrap support values...
Split supports printed to NEXUS file FungalCW_tree_20231129/280937at4751.aa.mfa.splits.nex
Total tree length: 7.631

Total number of iterations: 104
CPU time used for tree search: 29.831 sec (0h:0m:29s)
Wall-clock time used for tree search: 15.083 sec (0h:0m:15s)
Total CPU time used: 35.208 sec (0h:0m:35s)
Total wall-clock time used: 17.802 sec (0h:0m:17s)

Computing bootstrap consensus tree...
Reading input file FungalCW_tree_20231129/280937at4751.aa.mfa.splits.nex...
18 taxa and 109 splits.
Consensus tree written to FungalCW_tree_20231129/280937at4751.aa.mfa.contree
Reading input trees file FungalCW_tree_20231129/280937at4751.aa.mfa.contree
Log-likelihood of consensus tree: -6420.095

Analysis results written to: 
  IQ-TREE report:                FungalCW_tree_20231129/280937at4751.aa.mfa.iqtree
  Maximum-likelihood tree:       FungalCW_tree_20231129/280937at4751.aa.mfa.treefile
  Likelihood distances:          FungalCW_tree_20231129/280937at4751.aa.mfa.mldist

Ultrafast bootstrap approximation results written to:
  Split support values:          FungalCW_tree_20231129/280937at4751.aa.mfa.splits.nex
  Consensus tree:                FungalCW_tree_20231129/280937at4751.aa.mfa.contree
  Screen log file:               FungalCW_tree_20231129/280937at4751.aa.mfa.log

Date and Time: Wed Nov 29 02:23:21 2023
