IQ-TREE multicore version 2.2.2.6 COVID-edition for Linux 64-bit built May 27 2023
Developed by Bui Quang Minh, James Barbetti, Nguyen Lam Tung,
Olga Chernomor, Heiko Schmidt, Dominik Schrempf, Michael Woodhams, Ly Trong Nhan.

Host:    r11 (AVX2, FMA3, 503 GB RAM)
Command: iqtree2 -s FungalCW_tree_20231129/284176at4751.aa.mfa -gz -B 1000 -alrt 1000 -nt 2
Seed:    48374 (Using SPRNG - Scalable Parallel Random Number Generator)
Time:    Wed Nov 29 01:34:42 2023
Kernel:  AVX+FMA - 2 threads (2 CPU cores detected)

Reading alignment file FungalCW_tree_20231129/284176at4751.aa.mfa ... Fasta format detected
Reading fasta file: done in 0.000154018 secs using 25.32% CPU
Alignment most likely contains protein sequences
Constructing alignment: done in 0.000539064 secs using 50.09% CPU
Alignment has 13 sequences with 609 columns, 593 distinct patterns
323 parsimony-informative, 235 singleton sites, 51 constant sites
                                               Gap/Ambiguity  Composition  p-value
Analyzing sequences: done in 2.28882e-05 secs using 100.5% CPU
   1  Botrytis_cinerea_T4                             25.62%    passed     20.19%
   2  Colletotrichum_graminicola_M1.001               17.57%    passed     79.05%
   3  Colletotrichum_higginsianum_IMI_349063          17.24%    passed     72.50%
   4  Fusarium_graminearum_PH-1                       18.88%    passed     86.15%
   5  Fusarium_verticillioides_7600                   18.06%    passed     63.40%
   6  Mortierella_elongata_AG-77                      40.39%    failed      0.17%
   7  Mucor_mucedo_NRRL_3635                          71.10%    passed      5.77%
   8  Neoconidiobolus_thromboides_FSU_785.Conth1.v1   58.95%    failed      0.00%
   9  Phycomyces_blakesleeanus_NRRL_1555.Phybl2.v2    56.98%    passed     17.91%
  10  Rhizopus_stolonifer_NRRL_66455                  69.46%    passed     16.40%
  11  Trichoderma_harzianum_CBS_226.95                20.03%    passed     99.11%
  12  Ustilago_maydis                                 32.51%    passed      6.86%
  13  Zymoseptoria_tritici_IP0323                     21.51%    passed     15.78%
WARNING: 4 sequences contain more than 50% gaps/ambiguity
****  TOTAL                                           36.02%  2 sequences failed composition chi2 test (p-value<5%; df=19)
Checking for duplicate sequences: done in 3.88622e-05 secs using 198.1% CPU


Create initial parsimony tree by phylogenetic likelihood library (PLL)... 0.001 seconds
Perform fast likelihood tree search using LG+I+G model...
Estimate model parameters (epsilon = 5.000)
Perform nearest neighbor interchange...
Optimizing NNI: done in 0.134836 secs using 197.8% CPU
Estimate model parameters (epsilon = 1.000)
1. Initial log-likelihood: -11989.792
Optimal log-likelihood: -11989.087
Proportion of invariable sites: 0.051
Gamma shape alpha: 0.743
Parameters optimization took 1 rounds (0.056 sec)
Time for fast ML tree search: 0.373 seconds

NOTE: ModelFinder requires 14 MB RAM!
ModelFinder will test up to 1232 protein models (sample size: 609) ...
 No. Model         -LnL         df  AIC          AICc         BIC
  1  LG            12475.305    23  24996.610    24998.497    25098.081
  2  LG+I          12293.870    24  24635.740    24637.795    24741.623
  3  LG+G4         12006.018    24  24060.037    24062.091    24165.920
  4  LG+I+G4       11988.874    25  24027.749    24029.979    24138.044
  5  LG+R2         12047.183    25  24144.365    24146.595    24254.661
  6  LG+R3         11978.068    27  24010.135    24012.738    24129.254
  7  LG+R4         11967.187    29  23992.374    23995.379    24120.316
  8  LG+R5         11967.059    31  23996.119    23999.557    24132.885
 14  LG+I+R2       11999.480    26  24050.959    24053.371    24165.666
 15  LG+I+R3       11982.395    28  24020.791    24023.591    24144.322
 16  LG+I+R4       11971.410    30  24002.821    24006.039    24135.175
 17  LG+I+R5       11970.076    32  24004.152    24007.819    24145.331
 28  LG+F+R3       11872.090    46  23836.179    23843.873    24039.123
 29  LG+F+R4       11861.961    48  23819.921    23828.321    24031.688
 50  WAG+R3        11961.200    27  23976.400    23979.003    24095.519
 51  WAG+R4        11957.385    29  23972.769    23975.774    24100.712
 72  WAG+F+R3      11851.502    46  23795.004    23802.698    23997.948
 73  WAG+F+R4      11847.177    48  23790.355    23798.755    24002.122
 94  JTT+R3        11996.576    27  24047.152    24049.755    24166.271
 95  JTT+R4        11992.216    29  24042.431    24045.437    24170.374
116  JTT+F+R3      11892.248    46  23876.496    23884.190    24079.439
117  JTT+F+R4      11888.478    48  23872.956    23881.356    24084.724
WARNING: Normalizing state frequencies so that sum of them equals to 1
138  Q.pfam+R3     11974.269    27  24002.538    24005.141    24121.657
WARNING: Normalizing state frequencies so that sum of them equals to 1
139  Q.pfam+R4     11964.119    29  23986.238    23989.243    24114.180
WARNING: Normalizing state frequencies so that sum of them equals to 1
160  Q.pfam+F+R3   11870.659    46  23833.318    23841.012    24036.262
WARNING: Normalizing state frequencies so that sum of them equals to 1
161  Q.pfam+F+R4   11861.905    48  23819.810    23828.210    24031.577
WARNING: Normalizing state frequencies so that sum of them equals to 1
182  Q.bird+R3     12084.012    27  24222.025    24224.627    24341.144
WARNING: Normalizing state frequencies so that sum of them equals to 1
183  Q.bird+R4     12072.916    29  24203.833    24206.838    24331.775
WARNING: Normalizing state frequencies so that sum of them equals to 1
204  Q.bird+F+R3   11986.636    46  24065.272    24072.966    24268.215
WARNING: Normalizing state frequencies so that sum of them equals to 1
205  Q.bird+F+R4   11975.583    48  24047.165    24055.565    24258.933
WARNING: Normalizing state frequencies so that sum of them equals to 1
226  Q.mammal+R3   12054.859    27  24163.719    24166.321    24282.838
WARNING: Normalizing state frequencies so that sum of them equals to 1
227  Q.mammal+R4   12045.097    29  24148.194    24151.199    24276.137
WARNING: Normalizing state frequencies so that sum of them equals to 1
248  Q.mammal+F+R3 11952.053    46  23996.107    24003.801    24199.051
WARNING: Normalizing state frequencies so that sum of them equals to 1
249  Q.mammal+F+R4 11943.045    48  23982.090    23990.490    24193.857
270  Q.insect+R3   12055.274    27  24164.547    24167.150    24283.667
271  Q.insect+R4   12046.152    29  24150.304    24153.309    24278.247
292  Q.insect+F+R3 11888.534    46  23869.067    23876.761    24072.011
293  Q.insect+F+R4 11880.287    48  23856.575    23864.975    24068.342
WARNING: Normalizing state frequencies so that sum of them equals to 1
314  Q.plant+R3    12051.276    27  24156.552    24159.154    24275.671
WARNING: Normalizing state frequencies so that sum of them equals to 1
315  Q.plant+R4    12037.956    29  24133.912    24136.918    24261.855
WARNING: Normalizing state frequencies so that sum of them equals to 1
336  Q.plant+F+R3  11936.815    46  23965.630    23973.324    24168.574
WARNING: Normalizing state frequencies so that sum of them equals to 1
337  Q.plant+F+R4  11924.796    48  23945.592    23953.992    24157.359
WARNING: Normalizing state frequencies so that sum of them equals to 1
358  Q.yeast+R3    12062.573    27  24179.147    24181.749    24298.266
WARNING: Normalizing state frequencies so that sum of them equals to 1
359  Q.yeast+R4    12051.782    29  24161.565    24164.570    24289.507
WARNING: Normalizing state frequencies so that sum of them equals to 1
380  Q.yeast+F+R3  11891.554    46  23875.108    23882.802    24078.052
WARNING: Normalizing state frequencies so that sum of them equals to 1
381  Q.yeast+F+R4  11882.197    48  23860.395    23868.795    24072.162
402  JTTDCMut+R3   11996.220    27  24046.441    24049.043    24165.560
403  JTTDCMut+R4   11991.676    29  24041.351    24044.356    24169.294
424  JTTDCMut+F+R3 11891.777    46  23875.554    23883.248    24078.498
425  JTTDCMut+F+R4 11887.875    48  23871.750    23880.150    24083.517
446  DCMut+R3      12052.039    27  24158.078    24160.681    24277.197
447  DCMut+R4      12044.072    29  24146.144    24149.149    24274.087
468  DCMut+F+R3    11886.952    46  23865.904    23873.598    24068.848
469  DCMut+F+R4    11879.380    48  23854.760    23863.160    24066.528
490  VT+R3         11950.396    27  23954.792    23957.395    24073.911
491  VT+R4         11948.236    29  23954.472    23957.478    24082.415
512  VT+F+R3       11850.287    46  23792.575    23800.269    23995.518
513  VT+F+R4       11848.471    48  23792.942    23801.342    24004.709
534  PMB+R3        12027.269    27  24108.538    24111.140    24227.657
535  PMB+R4        12025.251    29  24108.503    24111.508    24236.446
556  PMB+F+R3      11849.834    46  23791.668    23799.362    23994.612
557  PMB+F+R4      11847.830    48  23791.661    23800.061    24003.428
578  Blosum62+R3   12038.042    27  24130.084    24132.687    24249.203
579  Blosum62+R4   12034.459    29  24126.917    24129.923    24254.860
600  Blosum62+F+R3 11856.873    46  23805.747    23813.441    24008.690
601  Blosum62+F+R4 11853.988    48  23803.975    23812.375    24015.743
622  Dayhoff+R3    12052.016    27  24158.031    24160.634    24277.150
623  Dayhoff+R4    12044.002    29  24146.005    24149.010    24273.948
644  Dayhoff+F+R3  11886.906    46  23865.812    23873.506    24068.756
645  Dayhoff+F+R4  11879.338    48  23854.677    23863.077    24066.444
666  mtREV+R3      12851.239    27  25756.479    25759.081    25875.598
667  mtREV+R4      12841.124    29  25740.248    25743.253    25868.190
688  mtREV+F+R3    11968.661    46  24029.323    24037.017    24232.266
689  mtREV+F+R4    11949.857    48  23995.715    24004.115    24207.482
710  mtART+R3      12972.019    27  25998.038    26000.641    26117.157
711  mtART+R4      12964.535    29  25987.071    25990.076    26115.013
732  mtART+F+R3    12006.418    46  24104.837    24112.531    24307.781
733  mtART+F+R4    11988.203    48  24072.407    24080.807    24284.174
754  mtZOA+R3      12782.781    27  25619.563    25622.165    25738.682
755  mtZOA+R4      12771.440    29  25600.880    25603.885    25728.822
776  mtZOA+F+R3    11978.798    46  24049.596    24057.290    24252.540
777  mtZOA+F+R4    11957.721    48  24011.443    24019.843    24223.210
798  mtMet+R3      12917.585    27  25889.170    25891.772    26008.289
799  mtMet+R4      12905.324    29  25868.649    25871.654    25996.592
820  mtMet+F+R3    11984.805    46  24061.610    24069.304    24264.554
821  mtMet+F+R4    11965.193    48  24026.385    24034.785    24238.153
842  mtVer+R3      12928.644    27  25911.288    25913.890    26030.407
843  mtVer+R4      12917.047    29  25892.095    25895.100    26020.038
864  mtVer+F+R3    12048.724    46  24189.447    24197.141    24392.391
865  mtVer+F+R4    12026.671    48  24149.343    24157.743    24361.110
886  mtInv+R3      13041.615    27  26137.231    26139.833    26256.350
887  mtInv+R4      13033.835    29  26125.671    26128.676    26253.614
908  mtInv+F+R3    11939.955    46  23971.910    23979.604    24174.854
909  mtInv+F+R4    11923.883    48  23943.766    23952.166    24155.534
930  mtMAM+R3      13012.420    27  26078.839    26081.441    26197.958
931  mtMAM+R4      12997.136    29  26052.271    26055.276    26180.214
952  mtMAM+F+R3    12097.608    46  24287.216    24294.910    24490.159
953  mtMAM+F+R4    12081.157    48  24258.315    24266.715    24470.082
WARNING: Normalizing state frequencies so that sum of them equals to 1
974  FLAVI+R3      12269.338    27  24592.676    24595.279    24711.795
WARNING: Normalizing state frequencies so that sum of them equals to 1
975  FLAVI+R4      12257.360    29  24572.720    24575.726    24700.663
WARNING: Normalizing state frequencies so that sum of them equals to 1
996  FLAVI+F+R3    12076.050    46  24244.100    24251.794    24447.043
WARNING: Normalizing state frequencies so that sum of them equals to 1
997  FLAVI+F+R4    12059.204    48  24214.407    24222.807    24426.174
1018  HIVb+R3       12121.120    27  24296.239    24298.842    24415.359
1019  HIVb+R4       12111.716    29  24281.432    24284.437    24409.374
1040  HIVb+F+R3     11974.399    46  24040.798    24048.492    24243.742
1041  HIVb+F+R4     11965.161    48  24026.323    24034.723    24238.090
1062  HIVw+R3       12420.559    27  24895.119    24897.721    25014.238
1063  HIVw+R4       12404.948    29  24867.896    24870.901    24995.838
1084  HIVw+F+R3     12067.632    46  24227.265    24234.959    24430.208
1085  HIVw+F+R4     12056.219    48  24208.437    24216.837    24420.205
1106  FLU+R3        12126.374    27  24306.748    24309.350    24425.867
1107  FLU+R4        12115.650    29  24289.300    24292.305    24417.243
1128  FLU+F+R3      11940.344    46  23972.688    23980.382    24175.632
1129  FLU+F+R4      11928.649    48  23953.297    23961.697    24165.065
1150  rtREV+R3      12037.816    27  24129.631    24132.233    24248.750
1151  rtREV+R4      12027.681    29  24113.363    24116.368    24241.305
1172  rtREV+F+R3    11879.494    46  23850.988    23858.682    24053.932
1173  rtREV+F+R4    11870.733    48  23837.466    23845.866    24049.233
1194  cpREV+R3      12102.018    27  24258.035    24260.637    24377.154
1195  cpREV+R4      12092.162    29  24242.323    24245.328    24370.266
1216  cpREV+F+R3    11900.456    46  23892.911    23900.605    24095.855
1217  cpREV+F+R4    11892.184    48  23880.368    23888.768    24092.135
Akaike Information Criterion:           WAG+F+R4
Corrected Akaike Information Criterion: WAG+F+R4
Bayesian Information Criterion:         PMB+F+R3
Best-fit model: PMB+F+R3 chosen according to BIC

All model information printed to FungalCW_tree_20231129/284176at4751.aa.mfa.model.gz
CPU time for ModelFinder: 103.284 seconds (0h:1m:43s)
Wall-clock time for ModelFinder: 52.283 seconds (0h:0m:52s)
Generating 1000 samples for ultrafast bootstrap (seed: 48374)...

NOTE: 6 MB RAM (0 GB) is required!
Estimate model parameters (epsilon = 0.100)
1. Initial log-likelihood: -11849.834
Optimal log-likelihood: -11849.807
Site proportion and rates:  (0.094,0.013) (0.296,0.204) (0.610,1.538)
Parameters optimization took 1 rounds (0.053 sec)
Wrote distance file to... 
Computing ML distances based on estimated model parameters...
Calculating distance matrix: done in 0.0119879 secs using 198.5% CPU
Computing ML distances took 0.012087 sec (of wall-clock time) 0.023951 sec (of CPU time)
WARNING: Some pairwise ML distances are too long (saturated)
Setting up auxiliary I and S matrices: done in 3.91006e-05 secs using 191.8% CPU
Constructing RapidNJ tree: done in 0.000142813 secs using 204.5% CPU
Computing RapidNJ tree took 0.000243 sec (of wall-clock time) 0.000482 sec (of CPU time)
Log-likelihood of RapidNJ tree: -11881.246
--------------------------------------------------------------------
|             INITIALIZING CANDIDATE TREE SET                      |
--------------------------------------------------------------------
Generating 98 parsimony trees... 0.173 second
Computing log-likelihood of 98 initial trees ... 0.702 seconds
Current best score: -11849.807

Do NNI search on 20 best initial trees
Optimizing NNI: done in 0.0926712 secs using 197.4% CPU
Estimate model parameters (epsilon = 0.100)
BETTER TREE FOUND at iteration 1: -11844.920
Optimizing NNI: done in 0.0980549 secs using 198.5% CPU
Optimizing NNI: done in 0.0915921 secs using 199.6% CPU
Optimizing NNI: done in 0.120293 secs using 198.3% CPU
Optimizing NNI: done in 0.127736 secs using 198.6% CPU
Optimizing NNI: done in 0.163643 secs using 197.5% CPU
Optimizing NNI: done in 0.0956359 secs using 197.3% CPU
Optimizing NNI: done in 0.104245 secs using 197.7% CPU
Optimizing NNI: done in 0.108887 secs using 198.2% CPU
Optimizing NNI: done in 0.089402 secs using 198.6% CPU
Iteration 10 / LogL: -11845.058 / Time: 0h:0m:2s
Optimizing NNI: done in 0.120674 secs using 198.7% CPU
Optimizing NNI: done in 0.143133 secs using 197.9% CPU
Optimizing NNI: done in 0.100725 secs using 197.4% CPU
Optimizing NNI: done in 0.102935 secs using 198.2% CPU
Optimizing NNI: done in 0.108254 secs using 198.3% CPU
Optimizing NNI: done in 0.0942352 secs using 196.9% CPU
Optimizing NNI: done in 0.140389 secs using 197.7% CPU
Optimizing NNI: done in 0.090085 secs using 198.5% CPU
Optimizing NNI: done in 0.170047 secs using 198.1% CPU
Optimizing NNI: done in 0.152635 secs using 197.6% CPU
Iteration 20 / LogL: -11845.140 / Time: 0h:0m:3s
Finish initializing candidate tree set (6)
Current best tree score: -11844.920 / CPU time: 3.281
Number of iterations: 20
--------------------------------------------------------------------
|               OPTIMIZING CANDIDATE TREE SET                      |
--------------------------------------------------------------------
Optimizing NNI: done in 0.114519 secs using 198.7% CPU
Optimizing NNI: done in 0.0826888 secs using 199.3% CPU
Optimizing NNI: done in 0.106811 secs using 198.5% CPU
Optimizing NNI: done in 0.13432 secs using 198.1% CPU
Optimizing NNI: done in 0.0943031 secs using 198.5% CPU
Optimizing NNI: done in 0.21752 secs using 198.2% CPU
Optimizing NNI: done in 0.126876 secs using 198.7% CPU
Optimizing NNI: done in 0.115784 secs using 199.4% CPU
Optimizing NNI: done in 0.0895181 secs using 199.4% CPU
Optimizing NNI: done in 0.0914991 secs using 199.1% CPU
Iteration 30 / LogL: -11845.188 / Time: 0h:0m:4s (0h:0m:11s left)
Optimizing NNI: done in 0.157276 secs using 198.5% CPU
Optimizing NNI: done in 0.0896859 secs using 198.9% CPU
Optimizing NNI: done in 0.0509338 secs using 199.8% CPU
Optimizing NNI: done in 0.248518 secs using 197.9% CPU
Optimizing NNI: done in 0.143775 secs using 198.5% CPU
Optimizing NNI: done in 0.144943 secs using 198.5% CPU
Optimizing NNI: done in 0.0723391 secs using 198.9% CPU
Optimizing NNI: done in 0.260223 secs using 198.2% CPU
Optimizing NNI: done in 0.124603 secs using 198.8% CPU
Optimizing NNI: done in 0.078182 secs using 198.2% CPU
Iteration 40 / LogL: -11846.469 / Time: 0h:0m:6s (0h:0m:9s left)
Optimizing NNI: done in 0.114202 secs using 199% CPU
Optimizing NNI: done in 0.126833 secs using 198.9% CPU
Optimizing NNI: done in 0.083781 secs using 199.2% CPU
Optimizing NNI: done in 0.196351 secs using 198.2% CPU
Optimizing NNI: done in 0.055829 secs using 199.3% CPU
Optimizing NNI: done in 0.0734389 secs using 197.9% CPU
Optimizing NNI: done in 0.0867131 secs using 198.8% CPU
Optimizing NNI: done in 0.137406 secs using 198.6% CPU
Optimizing NNI: done in 0.110947 secs using 197.6% CPU
Optimizing NNI: done in 0.052274 secs using 199.2% CPU
Iteration 50 / LogL: -11845.978 / Time: 0h:0m:7s (0h:0m:7s left)
Log-likelihood cutoff on original alignment: -11871.311
Optimizing NNI: done in 0.0724809 secs using 198.3% CPU
Optimizing NNI: done in 0.058908 secs using 199.3% CPU
Optimizing NNI: done in 0.0798671 secs using 198.5% CPU
Optimizing NNI: done in 0.084898 secs using 198.8% CPU
Optimizing NNI: done in 0.058321 secs using 199.9% CPU
Optimizing NNI: done in 0.060796 secs using 198.3% CPU
Optimizing NNI: done in 0.0588851 secs using 198.9% CPU
Optimizing NNI: done in 0.0476332 secs using 200.1% CPU
Optimizing NNI: done in 0.0781229 secs using 199.6% CPU
Optimizing NNI: done in 0.110891 secs using 198.9% CPU
Iteration 60 / LogL: -11846.127 / Time: 0h:0m:7s (0h:0m:5s left)
Optimizing NNI: done in 0.127423 secs using 198.1% CPU
Optimizing NNI: done in 0.0922689 secs using 197.7% CPU
Optimizing NNI: done in 0.074506 secs using 198.5% CPU
Optimizing NNI: done in 0.06972 secs using 198.7% CPU
Optimizing NNI: done in 0.113521 secs using 198.4% CPU
Optimizing NNI: done in 0.0922921 secs using 198.5% CPU
Optimizing NNI: done in 0.0949481 secs using 198.6% CPU
Optimizing NNI: done in 0.0897081 secs using 197.4% CPU
Optimizing NNI: done in 0.0802088 secs using 198.7% CPU
Optimizing NNI: done in 0.105219 secs using 198.6% CPU
Iteration 70 / LogL: -11845.680 / Time: 0h:0m:8s (0h:0m:4s left)
Optimizing NNI: done in 0.116284 secs using 198.4% CPU
Optimizing NNI: done in 0.14514 secs using 198% CPU
Optimizing NNI: done in 0.0922649 secs using 199.1% CPU
Optimizing NNI: done in 0.0578389 secs using 199.2% CPU
Optimizing NNI: done in 0.074306 secs using 198.1% CPU
Optimizing NNI: done in 0.0854189 secs using 199% CPU
Optimizing NNI: done in 0.0878 secs using 198.6% CPU
Optimizing NNI: done in 0.075211 secs using 198.3% CPU
Optimizing NNI: done in 0.095047 secs using 199.1% CPU
Optimizing NNI: done in 0.0609579 secs using 199.2% CPU
Iteration 80 / LogL: -11846.721 / Time: 0h:0m:9s (0h:0m:2s left)
Optimizing NNI: done in 0.0755038 secs using 197.4% CPU
Optimizing NNI: done in 0.081182 secs using 198.4% CPU
Optimizing NNI: done in 0.0967531 secs using 198% CPU
Optimizing NNI: done in 0.0502369 secs using 198.6% CPU
Optimizing NNI: done in 0.0613649 secs using 199.1% CPU
Optimizing NNI: done in 0.050504 secs using 198.8% CPU
Optimizing NNI: done in 0.0709529 secs using 197.7% CPU
Optimizing NNI: done in 0.115633 secs using 197.8% CPU
Optimizing NNI: done in 0.0804811 secs using 198.7% CPU
Optimizing NNI: done in 0.0750198 secs using 198.9% CPU
Iteration 90 / LogL: -11845.131 / Time: 0h:0m:10s (0h:0m:1s left)
Optimizing NNI: done in 0.0605659 secs using 198.6% CPU
Optimizing NNI: done in 0.0587721 secs using 198.9% CPU
Optimizing NNI: done in 0.09674 secs using 199% CPU
Optimizing NNI: done in 0.119171 secs using 199% CPU
Optimizing NNI: done in 0.111913 secs using 198.3% CPU
Optimizing NNI: done in 0.085084 secs using 198.2% CPU
Optimizing NNI: done in 0.105575 secs using 199% CPU
Optimizing NNI: done in 0.0779028 secs using 199.3% CPU
Optimizing NNI: done in 0.0475588 secs using 196.9% CPU
UPDATE BEST LOG-LIKELIHOOD: -11844.918
Optimizing NNI: done in 0.092077 secs using 198.2% CPU
Iteration 100 / LogL: -11846.432 / Time: 0h:0m:11s (0h:0m:0s left)
Log-likelihood cutoff on original alignment: -11871.311
NOTE: Bootstrap correlation coefficient of split occurrence frequencies: 0.999
Optimizing NNI: done in 0.147387 secs using 198.5% CPU
Optimizing NNI: done in 0.080411 secs using 199.5% CPU
TREE SEARCH COMPLETED AFTER 102 ITERATIONS / Time: 0h:0m:11s

--------------------------------------------------------------------
|                    FINALIZING TREE SEARCH                        |
--------------------------------------------------------------------
Performs final model parameters optimization
Estimate model parameters (epsilon = 0.010)
1. Initial log-likelihood: -11844.918
Optimal log-likelihood: -11844.904
Site proportion and rates:  (0.092,0.013) (0.298,0.208) (0.610,1.535)
Parameters optimization took 1 rounds (0.050 sec)
BEST SCORE FOUND : -11844.904

Testing tree branches by SH-like aLRT with 1000 replicates...
0.092 sec.
Creating bootstrap support values...
Split supports printed to NEXUS file FungalCW_tree_20231129/284176at4751.aa.mfa.splits.nex
Total tree length: 36.786

Total number of iterations: 102
CPU time used for tree search: 23.204 sec (0h:0m:23s)
Wall-clock time used for tree search: 11.744 sec (0h:0m:11s)
Total CPU time used: 23.880 sec (0h:0m:23s)
Total wall-clock time used: 12.106 sec (0h:0m:12s)

Computing bootstrap consensus tree...
Reading input file FungalCW_tree_20231129/284176at4751.aa.mfa.splits.nex...
13 taxa and 98 splits.
Consensus tree written to FungalCW_tree_20231129/284176at4751.aa.mfa.contree
Reading input trees file FungalCW_tree_20231129/284176at4751.aa.mfa.contree
Log-likelihood of consensus tree: -11844.921

Analysis results written to: 
  IQ-TREE report:                FungalCW_tree_20231129/284176at4751.aa.mfa.iqtree
  Maximum-likelihood tree:       FungalCW_tree_20231129/284176at4751.aa.mfa.treefile
  Likelihood distances:          FungalCW_tree_20231129/284176at4751.aa.mfa.mldist

Ultrafast bootstrap approximation results written to:
  Split support values:          FungalCW_tree_20231129/284176at4751.aa.mfa.splits.nex
  Consensus tree:                FungalCW_tree_20231129/284176at4751.aa.mfa.contree
  Screen log file:               FungalCW_tree_20231129/284176at4751.aa.mfa.log

Date and Time: Wed Nov 29 01:35:46 2023
