IQ-TREE multicore version 2.2.2.6 COVID-edition for Linux 64-bit built May 27 2023
Developed by Bui Quang Minh, James Barbetti, Nguyen Lam Tung,
Olga Chernomor, Heiko Schmidt, Dominik Schrempf, Michael Woodhams, Ly Trong Nhan.

Host:    r12 (AVX2, FMA3, 503 GB RAM)
Command: iqtree2 -s FungalCW_tree_20231129/284127at4751.aa.mfa -gz -B 1000 -alrt 1000 -nt 2
Seed:    440243 (Using SPRNG - Scalable Parallel Random Number Generator)
Time:    Wed Nov 29 02:22:42 2023
Kernel:  AVX+FMA - 2 threads (2 CPU cores detected)

Reading alignment file FungalCW_tree_20231129/284127at4751.aa.mfa ... Fasta format detected
Reading fasta file: done in 0.000221968 secs using 50.01% CPU
Alignment most likely contains protein sequences
Constructing alignment: done in 0.000490189 secs using 134.2% CPU
Alignment has 18 sequences with 452 columns, 290 distinct patterns
162 parsimony-informative, 61 singleton sites, 228 constant sites
                                                               Gap/Ambiguity  Composition  p-value
Analyzing sequences: done in 2.40803e-05 secs using 99.67% CPU
   1  Basidiobolus_meristosporus_CBS_931.73.Basme2finSC.v1            15.71%    passed     99.98%
   2  Botrytis_cinerea_T4                                             12.61%    passed    100.00%
   3  Capillidium_pumilum_ARSEF_79                                    30.53%    passed     99.95%
   4  Colletotrichum_graminicola_M1.001                               11.50%    passed     99.99%
   5  Colletotrichum_higginsianum_IMI_349063                          11.28%    passed     99.86%
   6  Fusarium_graminearum_PH-1                                       11.06%    passed    100.00%
   7  Fusarium_verticillioides_7600                                   11.06%    passed     99.99%
   8  Gilbertella_persicaria_var_persicaria_CBS_190.32-T.Gilper1.v1   15.49%    passed    100.00%
   9  Mortierella_elongata_AG-77                                      15.27%    passed     99.98%
  10  Mucor_mucedo_NRRL_3635                                          15.49%    passed    100.00%
  11  Neoconidiobolus_thromboides_FSU_785.Conth1.v1                   14.60%    passed     99.96%
  12  Phycomyces_blakesleeanus_NRRL_1555.Phybl2.v2                    15.49%    passed     99.99%
  13  Rhizopus_stolonifer_NRRL_66455                                  15.49%    passed     99.99%
  14  Trichoderma_harzianum_CBS_226.95                                13.50%    passed     99.96%
  15  Umbelopsis_ramanniana_NRRL_5844.Umbra1.v1                       14.82%    passed     99.92%
  16  Ustilago_maydis                                                 17.48%    passed    100.00%
  17  Zoophthora_radicans_ATCC_208865                                 14.60%    passed    100.00%
  18  Zymoseptoria_tritici_IP0323                                     12.17%    passed     99.92%
****  TOTAL                                                           14.90%  0 sequences failed composition chi2 test (p-value<5%; df=19)
Checking for duplicate sequences: done in 4.72069e-05 secs using 186.4% CPU


Create initial parsimony tree by phylogenetic likelihood library (PLL)... 0.001 seconds
Perform fast likelihood tree search using LG+I+G model...
Estimate model parameters (epsilon = 5.000)
Perform nearest neighbor interchange...
Optimizing NNI: done in 0.0524821 secs using 197.7% CPU
Estimate model parameters (epsilon = 1.000)
1. Initial log-likelihood: -4741.418
Optimal log-likelihood: -4741.281
Proportion of invariable sites: 0.257
Gamma shape alpha: 0.540
Parameters optimization took 1 rounds (0.050 sec)
Time for fast ML tree search: 0.182 seconds

NOTE: ModelFinder requires 9 MB RAM!
ModelFinder will test up to 1232 protein models (sample size: 452) ...
 No. Model         -LnL         df  AIC          AICc         BIC
  1  LG            5069.515     33  10205.030    10210.399    10340.782
  2  LG+I          4828.649     34  9725.299     9731.006     9865.164
  3  LG+G4         4749.194     34  9566.388     9572.096     9706.253
  4  LG+I+G4       4741.198     35  9552.395     9558.453     9696.374
  5  LG+R2         4781.779     35  9633.559     9639.617     9777.538
  6  LG+R3         4737.025     37  9548.051     9554.843     9700.257
  7  LG+R4         4726.986     39  9531.972     9539.545     9692.406
  8  LG+R5         4726.872     41  9535.744     9544.144     9704.405
 14  LG+I+R2       4739.243     36  9550.485     9556.905     9698.578
 15  LG+I+R3       4727.730     38  9531.460     9538.637     9687.780
 16  LG+I+R4       4726.884     40  9533.768     9541.749     9698.316
 26  LG+F+I+G4     4734.111     54  9576.223     9591.185     9798.362
 29  LG+F+R4       4720.510     58  9557.021     9574.436     9795.614
 37  LG+F+I+R3     4721.164     57  9556.328     9573.110     9790.808
 48  WAG+I+G4      4743.704     35  9557.409     9563.466     9701.387
 51  WAG+R4        4734.879     39  9547.757     9555.330     9708.191
 59  WAG+I+R3      4734.974     38  9545.948     9553.124     9702.268
 70  WAG+F+I+G4    4744.450     54  9596.899     9611.862     9819.038
 73  WAG+F+R4      4735.604     58  9587.208     9604.622     9825.801
 81  WAG+F+I+R3    4735.709     57  9585.419     9602.201     9819.899
 92  JTT+I+G4      4791.953     35  9653.906     9659.964     9797.885
 95  JTT+R4        4780.817     39  9639.634     9647.207     9800.067
103  JTT+I+R3      4781.347     38  9638.693     9645.870     9795.013
114  JTT+F+I+G4    4789.805     54  9687.610     9702.572     9909.749
117  JTT+F+R4      4778.291     58  9672.582     9689.997     9911.175
125  JTT+F+I+R3    4778.931     57  9671.863     9688.644     9906.343
WARNING: Normalizing state frequencies so that sum of them equals to 1
136  Q.pfam+I+G4   4744.619     35  9559.237     9565.295     9703.216
WARNING: Normalizing state frequencies so that sum of them equals to 1
139  Q.pfam+R4     4731.519     39  9541.037     9548.610     9701.471
WARNING: Normalizing state frequencies so that sum of them equals to 1
147  Q.pfam+I+R3   4732.381     38  9540.761     9547.938     9697.081
WARNING: Normalizing state frequencies so that sum of them equals to 1
158  Q.pfam+F+I+G4 4741.566     54  9591.132     9606.094     9813.271
WARNING: Normalizing state frequencies so that sum of them equals to 1
161  Q.pfam+F+R4   4728.956     58  9573.912     9591.327     9812.505
WARNING: Normalizing state frequencies so that sum of them equals to 1
169  Q.pfam+F+I+R3 4730.075     57  9574.150     9590.932     9808.630
WARNING: Normalizing state frequencies so that sum of them equals to 1
180  Q.bird+I+G4   4904.550     35  9879.100     9885.157     10023.079
WARNING: Normalizing state frequencies so that sum of them equals to 1
183  Q.bird+R4     4892.624     39  9863.248     9870.820     10023.681
WARNING: Normalizing state frequencies so that sum of them equals to 1
191  Q.bird+I+R3   4895.057     38  9866.113     9873.290     10022.433
WARNING: Normalizing state frequencies so that sum of them equals to 1
202  Q.bird+F+I+G4 4901.228     54  9910.457     9925.419     10132.595
WARNING: Normalizing state frequencies so that sum of them equals to 1
205  Q.bird+F+R4   4889.544     58  9895.088     9912.503     10133.682
WARNING: Normalizing state frequencies so that sum of them equals to 1
213  Q.bird+F+I+R3 4893.486     57  9900.972     9917.754     10135.452
WARNING: Normalizing state frequencies so that sum of them equals to 1
224  Q.mammal+I+G4 4871.741     35  9813.483     9819.540     9957.462
WARNING: Normalizing state frequencies so that sum of them equals to 1
227  Q.mammal+R4   4862.359     39  9802.719     9810.292     9963.152
WARNING: Normalizing state frequencies so that sum of them equals to 1
235  Q.mammal+I+R3 4864.297     38  9804.595     9811.772     9960.915
WARNING: Normalizing state frequencies so that sum of them equals to 1
246  Q.mammal+F+I+G4 4864.298     54  9836.597     9851.559     10058.736
WARNING: Normalizing state frequencies so that sum of them equals to 1
249  Q.mammal+F+R4 4854.895     58  9825.791     9843.206     10064.385
WARNING: Normalizing state frequencies so that sum of them equals to 1
257  Q.mammal+F+I+R3 4858.094     57  9830.188     9846.970     10064.668
268  Q.insect+I+G4 4765.138     35  9600.277     9606.334     9744.255
271  Q.insect+R4   4751.218     39  9580.436     9588.009     9740.870
279  Q.insect+I+R3 4752.263     38  9580.526     9587.703     9736.846
290  Q.insect+F+I+G4 4757.233     54  9622.466     9637.429     9844.605
293  Q.insect+F+R4 4743.903     58  9603.806     9621.221     9842.399
301  Q.insect+F+I+R3 4744.594     57  9603.188     9619.970     9837.668
WARNING: Normalizing state frequencies so that sum of them equals to 1
312  Q.plant+I+G4  4820.726     35  9711.451     9717.509     9855.430
WARNING: Normalizing state frequencies so that sum of them equals to 1
315  Q.plant+R4    4803.897     39  9685.793     9693.366     9846.227
WARNING: Normalizing state frequencies so that sum of them equals to 1
323  Q.plant+I+R3  4805.043     38  9686.087     9693.263     9842.406
WARNING: Normalizing state frequencies so that sum of them equals to 1
334  Q.plant+F+I+G4 4818.374     54  9744.749     9759.711     9966.888
WARNING: Normalizing state frequencies so that sum of them equals to 1
337  Q.plant+F+R4  4801.625     58  9719.250     9736.664     9957.843
WARNING: Normalizing state frequencies so that sum of them equals to 1
345  Q.plant+F+I+R3 4802.554     57  9719.109     9735.890     9953.589
WARNING: Normalizing state frequencies so that sum of them equals to 1
356  Q.yeast+I+G4  4754.524     35  9579.048     9585.105     9723.027
WARNING: Normalizing state frequencies so that sum of them equals to 1
359  Q.yeast+R4    4737.932     39  9553.864     9561.437     9714.298
WARNING: Normalizing state frequencies so that sum of them equals to 1
367  Q.yeast+I+R3  4739.219     38  9554.439     9561.615     9710.758
WARNING: Normalizing state frequencies so that sum of them equals to 1
378  Q.yeast+F+I+G4 4744.129     54  9596.258     9611.220     9818.397
WARNING: Normalizing state frequencies so that sum of them equals to 1
381  Q.yeast+F+R4  4728.850     58  9573.700     9591.115     9812.294
WARNING: Normalizing state frequencies so that sum of them equals to 1
389  Q.yeast+F+I+R3 4729.864     57  9573.727     9590.509     9808.207
400  JTTDCMut+I+G4 4789.805     35  9649.609     9655.667     9793.588
403  JTTDCMut+R4   4778.188     39  9634.377     9641.950     9794.810
411  JTTDCMut+I+R3 4778.666     38  9633.332     9640.509     9789.652
422  JTTDCMut+F+I+G4 4788.160     54  9684.319     9699.282     9906.458
425  JTTDCMut+F+R4 4776.141     58  9668.281     9685.696     9906.875
433  JTTDCMut+F+I+R3 4776.723     57  9667.447     9684.228     9901.927
444  DCMut+I+G4    4785.898     35  9641.796     9647.854     9785.775
447  DCMut+R4      4773.703     39  9625.407     9632.980     9785.840
455  DCMut+I+R3    4773.662     38  9623.323     9630.500     9779.643
466  DCMut+F+I+G4  4785.725     54  9679.450     9694.412     9901.589
469  DCMut+F+R4    4773.290     58  9662.581     9679.996     9901.174
477  DCMut+F+I+R3  4773.234     57  9660.468     9677.249     9894.947
488  VT+I+G4       4758.621     35  9587.242     9593.299     9731.221
491  VT+R4         4752.065     39  9582.129     9589.702     9742.563
499  VT+I+R3       4752.419     38  9580.838     9588.015     9737.158
510  VT+F+I+G4     4755.112     54  9618.225     9633.187     9840.363
513  VT+F+R4       4749.071     58  9614.143     9631.557     9852.736
521  VT+F+I+R3     4749.394     57  9612.788     9629.570     9847.268
532  PMB+I+G4      4784.463     35  9638.925     9644.983     9782.904
535  PMB+R4        4779.813     39  9637.627     9645.199     9798.060
543  PMB+I+R3      4780.336     38  9636.673     9643.849     9792.993
554  PMB+F+I+G4    4766.063     54  9640.127     9655.089     9862.266
557  PMB+F+R4      4761.361     58  9638.721     9656.136     9877.315
565  PMB+F+I+R3    4761.760     57  9637.520     9654.301     9871.999
576  Blosum62+I+G4 4779.886     35  9629.772     9635.830     9773.751
579  Blosum62+R4   4774.036     39  9626.071     9633.644     9786.505
587  Blosum62+I+R3 4774.415     38  9624.830     9632.007     9781.150
598  Blosum62+F+I+G4 4767.297     54  9642.595     9657.557     9864.733
601  Blosum62+F+R4 4761.882     58  9639.765     9657.179     9878.358
609  Blosum62+F+I+R3 4762.182     57  9638.363     9655.145     9872.843
620  Dayhoff+I+G4  4786.132     35  9642.264     9648.322     9786.243
623  Dayhoff+R4    4773.882     39  9625.763     9633.336     9786.197
631  Dayhoff+I+R3  4773.840     38  9623.681     9630.857     9780.001
642  Dayhoff+F+I+G4 4786.065     54  9680.130     9695.092     9902.268
645  Dayhoff+F+R4  4773.561     58  9663.122     9680.537     9901.716
653  Dayhoff+F+I+R3 4773.504     57  9661.008     9677.789     9895.488
664  mtREV+I+G4    5034.611     35  10139.222    10145.280    10283.201
667  mtREV+R4      5025.879     39  10129.757    10137.330    10290.191
675  mtREV+I+R3    5026.844     38  10129.688    10136.865    10286.008
686  mtREV+F+I+G4  4833.556     54  9775.111     9790.074     9997.250
689  mtREV+F+R4    4822.609     58  9761.218     9778.633     9999.812
697  mtREV+F+I+R3  4823.104     57  9760.207     9776.989     9994.687
708  mtART+I+G4    5079.025     35  10228.050    10234.108    10372.029
711  mtART+R4      5072.126     39  10222.251    10229.824    10382.685
719  mtART+I+R3    5075.075     38  10226.150    10233.327    10382.470
730  mtART+F+I+G4  4873.893     54  9855.786     9870.748     10077.925
733  mtART+F+R4    4863.899     58  9843.798     9861.213     10082.391
741  mtART+F+I+R3  4865.435     57  9844.870     9861.651     10079.350
752  mtZOA+I+G4    4980.474     35  10030.948    10037.006    10174.927
755  mtZOA+R4      4972.431     39  10022.863    10030.436    10183.296
763  mtZOA+I+R3    4975.782     38  10027.565    10034.742    10183.885
774  mtZOA+F+I+G4  4817.014     54  9742.029     9756.991     9964.167
777  mtZOA+F+R4    4805.485     58  9726.971     9744.386     9965.564
785  mtZOA+F+I+R3  4807.191     57  9728.381     9745.163     9962.861
796  mtMet+I+G4    5060.016     35  10190.032    10196.090    10334.011
799  mtMet+R4      5051.191     39  10180.381    10187.954    10340.815
807  mtMet+I+R3    5053.425     38  10182.850    10190.027    10339.170
818  mtMet+F+I+G4  4852.940     54  9813.880     9828.842     10036.019
821  mtMet+F+R4    4843.291     58  9802.582     9819.996     10041.175
829  mtMet+F+I+R3  4845.643     57  9805.285     9822.067     10039.765
840  mtVer+I+G4    5099.943     35  10269.886    10275.943    10413.865
843  mtVer+R4      5091.632     39  10261.265    10268.837    10421.698
851  mtVer+I+R3    5094.033     38  10264.067    10271.244    10420.387
862  mtVer+F+I+G4  4915.741     54  9939.483     9954.445     10161.622
865  mtVer+F+R4    4903.323     58  9922.646     9940.061     10161.240
873  mtVer+F+I+R3  4908.046     57  9930.091     9946.873     10164.571
884  mtInv+I+G4    5090.143     35  10250.285    10256.343    10394.264
887  mtInv+R4      5082.189     39  10242.379    10249.951    10402.812
895  mtInv+I+R3    5083.786     38  10243.572    10250.749    10399.892
906  mtInv+F+I+G4  4815.384     54  9738.767     9753.730     9960.906
909  mtInv+F+R4    4804.844     58  9725.689     9743.103     9964.282
917  mtInv+F+I+R3  4805.826     57  9725.653     9742.435     9960.133
928  mtMAM+I+G4    5163.104     35  10396.208    10402.266    10540.187
931  mtMAM+R4      5154.695     39  10387.390    10394.963    10547.824
939  mtMAM+I+R3    5158.471     38  10392.941    10400.118    10549.261
950  mtMAM+F+I+G4  4975.318     54  10058.637    10073.599    10280.775
953  mtMAM+F+R4    4964.145     58  10044.290    10061.704    10282.883
961  mtMAM+F+I+R3  4968.115     57  10050.231    10067.012    10284.711
WARNING: Normalizing state frequencies so that sum of them equals to 1
972  FLAVI+I+G4    5012.925     35  10095.850    10101.908    10239.829
WARNING: Normalizing state frequencies so that sum of them equals to 1
975  FLAVI+R4      5000.601     39  10079.202    10086.775    10239.635
WARNING: Normalizing state frequencies so that sum of them equals to 1
983  FLAVI+I+R3    5004.457     38  10084.914    10092.091    10241.234
WARNING: Normalizing state frequencies so that sum of them equals to 1
994  FLAVI+F+I+G4  4978.912     54  10065.825    10080.787    10287.964
WARNING: Normalizing state frequencies so that sum of them equals to 1
997  FLAVI+F+R4    4965.247     58  10046.495    10063.910    10285.088
WARNING: Normalizing state frequencies so that sum of them equals to 1
1005  FLAVI+F+I+R3  4970.469     57  10054.938    10071.720    10289.418
1016  HIVb+I+G4     4936.116     35  9942.231     9948.289     10086.210
1019  HIVb+R4       4926.464     39  9930.927     9938.500     10091.361
1027  HIVb+I+R3     4926.738     38  9929.476     9936.653     10085.796
1038  HIVb+F+I+G4   4907.492     54  9922.985     9937.947     10145.123
1041  HIVb+F+R4     4897.225     58  9910.450     9927.865     10149.044
1049  HIVb+F+I+R3   4898.557     57  9911.114     9927.895     10145.593
1060  HIVw+I+G4     5102.685     35  10275.371    10281.428    10419.350
1063  HIVw+R4       5086.023     39  10250.047    10257.620    10410.481
1071  HIVw+I+R3     5088.391     38  10252.781    10259.958    10409.101
1082  HIVw+F+I+G4   5022.525     54  10153.051    10168.013    10375.189
1085  HIVw+F+R4     5006.912     58  10129.824    10147.238    10368.417
1093  HIVw+F+I+R3   5010.012     57  10134.025    10150.806    10368.505
1104  FLU+I+G4      4904.470     35  9878.940     9884.998     10022.919
1107  FLU+R4        4890.799     39  9859.598     9867.171     10020.032
1115  FLU+I+R3      4891.845     38  9859.690     9866.866     10016.010
1126  FLU+F+I+G4    4873.339     54  9854.678     9869.640     10076.816
1129  FLU+F+R4      4862.211     58  9840.422     9857.837     10079.016
1137  FLU+F+I+R3    4864.035     57  9842.070     9858.852     10076.550
1148  rtREV+I+G4    4755.724     35  9581.448     9587.506     9725.427
1151  rtREV+R4      4743.165     39  9564.331     9571.903     9724.764
1159  rtREV+I+R3    4743.852     38  9563.705     9570.881     9720.025
1170  rtREV+F+I+G4  4730.986     54  9569.973     9584.935     9792.112
1173  rtREV+F+R4    4718.371     58  9552.741     9570.156     9791.335
1181  rtREV+F+I+R3  4719.075     57  9552.151     9568.932     9786.630
1192  cpREV+I+G4    4790.703     35  9651.406     9657.464     9795.385
1195  cpREV+R4      4781.956     39  9641.913     9649.486     9802.346
1203  cpREV+I+R3    4782.129     38  9640.258     9647.434     9796.578
1214  cpREV+F+I+G4  4768.303     54  9644.605     9659.568     9866.744
1217  cpREV+F+R4    4760.019     58  9636.039     9653.454     9874.632
1225  cpREV+F+I+R3  4759.883     57  9633.765     9650.547     9868.245
Akaike Information Criterion:           LG+I+R3
Corrected Akaike Information Criterion: LG+I+R3
Bayesian Information Criterion:         LG+I+R3
Best-fit model: LG+I+R3 chosen according to BIC

All model information printed to FungalCW_tree_20231129/284127at4751.aa.mfa.model.gz
CPU time for ModelFinder: 70.144 seconds (0h:1m:10s)
Wall-clock time for ModelFinder: 40.205 seconds (0h:0m:40s)
Generating 1000 samples for ultrafast bootstrap (seed: 440243)...

NOTE: 3 MB RAM (0 GB) is required!
Estimate model parameters (epsilon = 0.100)
1. Initial log-likelihood: -4727.730
Optimal log-likelihood: -4727.684
Proportion of invariable sites: 0.415
Site proportion and rates:  (0.387,0.492) (0.153,2.159) (0.045,10.555)
Parameters optimization took 1 rounds (0.046 sec)
Wrote distance file to... 
Computing ML distances based on estimated model parameters...
Calculating distance matrix: done in 0.021647 secs using 199.2% CPU
Computing ML distances took 0.021754 sec (of wall-clock time) 0.043317 sec (of CPU time)
Setting up auxiliary I and S matrices: done in 5.6982e-05 secs using 101.8% CPU
Constructing RapidNJ tree: done in 0.000434875 secs using 169% CPU
Computing RapidNJ tree took 0.000565 sec (of wall-clock time) 0.000864 sec (of CPU time)
Log-likelihood of RapidNJ tree: -4730.231
--------------------------------------------------------------------
|             INITIALIZING CANDIDATE TREE SET                      |
--------------------------------------------------------------------
Generating 98 parsimony trees... 0.187 second
Computing log-likelihood of 98 initial trees ... 0.593 seconds
Current best score: -4727.684

Do NNI search on 20 best initial trees
Optimizing NNI: done in 0.0252531 secs using 198.5% CPU
Estimate model parameters (epsilon = 0.100)
BETTER TREE FOUND at iteration 1: -4727.660
Optimizing NNI: done in 0.0368059 secs using 195.7% CPU
Optimizing NNI: done in 0.0524359 secs using 198.6% CPU
Optimizing NNI: done in 0.069031 secs using 198.6% CPU
Optimizing NNI: done in 0.0617111 secs using 198.6% CPU
Optimizing NNI: done in 0.0584729 secs using 197.4% CPU
Optimizing NNI: done in 0.0790939 secs using 198.5% CPU
Optimizing NNI: done in 0.0519199 secs using 196.7% CPU
Optimizing NNI: done in 0.077178 secs using 199.2% CPU
Optimizing NNI: done in 0.0903511 secs using 198.9% CPU
Iteration 10 / LogL: -4727.695 / Time: 0h:0m:1s
Optimizing NNI: done in 0.0662911 secs using 198.6% CPU
Optimizing NNI: done in 0.0909729 secs using 198.6% CPU
Optimizing NNI: done in 0.061023 secs using 198.6% CPU
Optimizing NNI: done in 0.102633 secs using 198.9% CPU
Optimizing NNI: done in 0.0732329 secs using 199.2% CPU
Optimizing NNI: done in 0.0703731 secs using 199.2% CPU
Optimizing NNI: done in 0.0725949 secs using 197.6% CPU
Optimizing NNI: done in 0.0679471 secs using 198.3% CPU
Optimizing NNI: done in 0.0769081 secs using 198.6% CPU
Optimizing NNI: done in 0.102398 secs using 199.1% CPU
Iteration 20 / LogL: -4727.823 / Time: 0h:0m:2s
Finish initializing candidate tree set (1)
Current best tree score: -4727.660 / CPU time: 2.248
Number of iterations: 20
--------------------------------------------------------------------
|               OPTIMIZING CANDIDATE TREE SET                      |
--------------------------------------------------------------------
Optimizing NNI: done in 0.071507 secs using 198.6% CPU
Optimizing NNI: done in 0.114129 secs using 199% CPU
Optimizing NNI: done in 0.133776 secs using 197.9% CPU
Optimizing NNI: done in 0.0829971 secs using 199.2% CPU
Optimizing NNI: done in 0.073308 secs using 198.8% CPU
Optimizing NNI: done in 0.073401 secs using 198.5% CPU
Optimizing NNI: done in 0.116319 secs using 198.5% CPU
Optimizing NNI: done in 0.0748332 secs using 198.4% CPU
Optimizing NNI: done in 0.101311 secs using 199% CPU
Optimizing NNI: done in 0.0779212 secs using 199% CPU
Iteration 30 / LogL: -4727.728 / Time: 0h:0m:3s (0h:0m:8s left)
Optimizing NNI: done in 0.0811181 secs using 198.4% CPU
Optimizing NNI: done in 0.10076 secs using 198.7% CPU
Optimizing NNI: done in 0.067271 secs using 199.3% CPU
Optimizing NNI: done in 0.125086 secs using 199% CPU
Optimizing NNI: done in 0.0692861 secs using 198.7% CPU
Optimizing NNI: done in 0.0658271 secs using 199.7% CPU
Optimizing NNI: done in 0.080282 secs using 198.7% CPU
Optimizing NNI: done in 0.0529089 secs using 200.1% CPU
Optimizing NNI: done in 0.0835719 secs using 198% CPU
Optimizing NNI: done in 0.0801151 secs using 199.1% CPU
Iteration 40 / LogL: -4728.109 / Time: 0h:0m:4s (0h:0m:6s left)
Optimizing NNI: done in 0.0626361 secs using 198.6% CPU
Optimizing NNI: done in 0.110228 secs using 198% CPU
Optimizing NNI: done in 0.07534 secs using 199.9% CPU
Optimizing NNI: done in 0.0883241 secs using 199.4% CPU
Optimizing NNI: done in 0.0917041 secs using 199.2% CPU
Optimizing NNI: done in 0.0762029 secs using 199.4% CPU
Optimizing NNI: done in 0.0790601 secs using 198% CPU
Optimizing NNI: done in 0.0964231 secs using 198.1% CPU
Optimizing NNI: done in 0.0845311 secs using 199.6% CPU
Optimizing NNI: done in 0.0742719 secs using 199.5% CPU
Iteration 50 / LogL: -4727.665 / Time: 0h:0m:5s (0h:0m:5s left)
Log-likelihood cutoff on original alignment: -4763.618
Optimizing NNI: done in 0.0654459 secs using 198.4% CPU
Optimizing NNI: done in 0.0712769 secs using 199.2% CPU
Optimizing NNI: done in 0.0921199 secs using 199.1% CPU
Optimizing NNI: done in 0.0979021 secs using 198.7% CPU
Optimizing NNI: done in 0.0888691 secs using 198.7% CPU
Optimizing NNI: done in 0.092885 secs using 197.6% CPU
Optimizing NNI: done in 0.077219 secs using 199.1% CPU
Optimizing NNI: done in 0.049943 secs using 198.7% CPU
Optimizing NNI: done in 0.076611 secs using 199.6% CPU
Optimizing NNI: done in 0.067925 secs using 198.8% CPU
Iteration 60 / LogL: -4730.159 / Time: 0h:0m:6s (0h:0m:4s left)
Optimizing NNI: done in 0.152577 secs using 199% CPU
Optimizing NNI: done in 0.0921221 secs using 199.4% CPU
Optimizing NNI: done in 0.0933301 secs using 198% CPU
Optimizing NNI: done in 0.0801852 secs using 199% CPU
Optimizing NNI: done in 0.0671561 secs using 198.9% CPU
Optimizing NNI: done in 0.143351 secs using 197.9% CPU
Optimizing NNI: done in 0.078706 secs using 198.6% CPU
Optimizing NNI: done in 0.106443 secs using 198.8% CPU
Optimizing NNI: done in 0.083631 secs using 198.7% CPU
Optimizing NNI: done in 0.0787289 secs using 199.3% CPU
Iteration 70 / LogL: -4730.170 / Time: 0h:0m:7s (0h:0m:3s left)
Optimizing NNI: done in 0.080431 secs using 199.6% CPU
Optimizing NNI: done in 0.0796251 secs using 199.6% CPU
Optimizing NNI: done in 0.077682 secs using 198.5% CPU
Optimizing NNI: done in 0.071336 secs using 198.8% CPU
Optimizing NNI: done in 0.104363 secs using 198.7% CPU
Optimizing NNI: done in 0.110976 secs using 198.6% CPU
Optimizing NNI: done in 0.047457 secs using 197.6% CPU
Optimizing NNI: done in 0.0881341 secs using 199.2% CPU
Optimizing NNI: done in 0.077632 secs using 197.9% CPU
Optimizing NNI: done in 0.0957761 secs using 198.8% CPU
Iteration 80 / LogL: -4727.743 / Time: 0h:0m:8s (0h:0m:2s left)
Optimizing NNI: done in 0.0927839 secs using 199.3% CPU
Optimizing NNI: done in 0.0512891 secs using 200.1% CPU
Optimizing NNI: done in 0.0942709 secs using 199.5% CPU
Optimizing NNI: done in 0.0654459 secs using 199.4% CPU
Optimizing NNI: done in 0.13141 secs using 199% CPU
Optimizing NNI: done in 0.0735929 secs using 199.3% CPU
Optimizing NNI: done in 0.123485 secs using 199% CPU
Optimizing NNI: done in 0.0373659 secs using 200.3% CPU
Optimizing NNI: done in 0.0682881 secs using 199.5% CPU
Optimizing NNI: done in 0.0671341 secs using 198.8% CPU
Iteration 90 / LogL: -4728.067 / Time: 0h:0m:8s (0h:0m:1s left)
Optimizing NNI: done in 0.080647 secs using 199.6% CPU
Optimizing NNI: done in 0.0802011 secs using 199.2% CPU
Optimizing NNI: done in 0.08376 secs using 198.9% CPU
Optimizing NNI: done in 0.092418 secs using 199.2% CPU
Optimizing NNI: done in 0.066287 secs using 199.2% CPU
Optimizing NNI: done in 0.0782521 secs using 198.9% CPU
Optimizing NNI: done in 0.0710561 secs using 199.9% CPU
Optimizing NNI: done in 0.085089 secs using 199.4% CPU
Optimizing NNI: done in 0.066515 secs using 198.9% CPU
Optimizing NNI: done in 0.0876122 secs using 198.9% CPU
Iteration 100 / LogL: -4727.714 / Time: 0h:0m:9s (0h:0m:0s left)
Log-likelihood cutoff on original alignment: -4762.593
NOTE: Bootstrap correlation coefficient of split occurrence frequencies: 0.999
Optimizing NNI: done in 0.072614 secs using 198.7% CPU
Optimizing NNI: done in 0.0633168 secs using 199.4% CPU
TREE SEARCH COMPLETED AFTER 102 ITERATIONS / Time: 0h:0m:9s

--------------------------------------------------------------------
|                    FINALIZING TREE SEARCH                        |
--------------------------------------------------------------------
Performs final model parameters optimization
Estimate model parameters (epsilon = 0.010)
1. Initial log-likelihood: -4727.660
Optimal log-likelihood: -4727.649
Proportion of invariable sites: 0.416
Site proportion and rates:  (0.391,0.497) (0.150,2.203) (0.044,10.885)
Parameters optimization took 1 rounds (0.043 sec)
BEST SCORE FOUND : -4727.649

Testing tree branches by SH-like aLRT with 1000 replicates...
0.100 sec.
Creating bootstrap support values...
Split supports printed to NEXUS file FungalCW_tree_20231129/284127at4751.aa.mfa.splits.nex
Total tree length: 3.972

Total number of iterations: 102
CPU time used for tree search: 19.148 sec (0h:0m:19s)
Wall-clock time used for tree search: 9.675 sec (0h:0m:9s)
Total CPU time used: 19.881 sec (0h:0m:19s)
Total wall-clock time used: 10.111 sec (0h:0m:10s)

Computing bootstrap consensus tree...
Reading input file FungalCW_tree_20231129/284127at4751.aa.mfa.splits.nex...
18 taxa and 94 splits.
Consensus tree written to FungalCW_tree_20231129/284127at4751.aa.mfa.contree
Reading input trees file FungalCW_tree_20231129/284127at4751.aa.mfa.contree
Log-likelihood of consensus tree: -4727.648

Analysis results written to: 
  IQ-TREE report:                FungalCW_tree_20231129/284127at4751.aa.mfa.iqtree
  Maximum-likelihood tree:       FungalCW_tree_20231129/284127at4751.aa.mfa.treefile
  Likelihood distances:          FungalCW_tree_20231129/284127at4751.aa.mfa.mldist

Ultrafast bootstrap approximation results written to:
  Split support values:          FungalCW_tree_20231129/284127at4751.aa.mfa.splits.nex
  Consensus tree:                FungalCW_tree_20231129/284127at4751.aa.mfa.contree
  Screen log file:               FungalCW_tree_20231129/284127at4751.aa.mfa.log

Date and Time: Wed Nov 29 02:23:32 2023
