IQ-TREE multicore version 2.2.2.6 COVID-edition for Linux 64-bit built May 27 2023
Developed by Bui Quang Minh, James Barbetti, Nguyen Lam Tung,
Olga Chernomor, Heiko Schmidt, Dominik Schrempf, Michael Woodhams, Ly Trong Nhan.

Host:    r11 (AVX2, FMA3, 503 GB RAM)
Command: iqtree2 -s FungalCW_tree_20231129/289686at4751.aa.mfa -gz -B 1000 -alrt 1000 -nt 2
Seed:    528822 (Using SPRNG - Scalable Parallel Random Number Generator)
Time:    Wed Nov 29 02:39:50 2023
Kernel:  AVX+FMA - 2 threads (2 CPU cores detected)

Reading alignment file FungalCW_tree_20231129/289686at4751.aa.mfa ... Fasta format detected
Reading fasta file: done in 0.000133038 secs
Alignment most likely contains protein sequences
Constructing alignment: done in 0.000357151 secs using 201.6% CPU
Alignment has 18 sequences with 383 columns, 372 distinct patterns
219 parsimony-informative, 137 singleton sites, 27 constant sites
                                                               Gap/Ambiguity  Composition  p-value
Analyzing sequences: done in 1.90735e-05 secs using 94.37% CPU
   1  Basidiobolus_meristosporus_CBS_931.73.Basme2finSC.v1            27.42%    passed     90.24%
   2  Botrytis_cinerea_T4                                             43.34%    passed     79.30%
   3  Capillidium_pumilum_ARSEF_79                                    36.81%    passed     34.39%
   4  Colletotrichum_graminicola_M1.001                               44.39%    passed     57.68%
   5  Colletotrichum_higginsianum_IMI_349063                          44.13%    passed     93.35%
   6  Fusarium_graminearum_PH-1                                       44.39%    passed     92.63%
   7  Fusarium_verticillioides_7600                                   44.39%    passed     85.86%
   8  Gilbertella_persicaria_var_persicaria_CBS_190.32-T.Gilper1.v1   31.85%    passed     12.19%
   9  Mortierella_elongata_AG-77                                      53.79%    passed     98.66%
  10  Mucor_mucedo_NRRL_3635                                          23.50%    passed     82.85%
  11  Neoconidiobolus_thromboides_FSU_785.Conth1.v1                   51.44%    passed     86.22%
  12  Phycomyces_blakesleeanus_NRRL_1555.Phybl2.v2                    25.07%    passed     88.58%
  13  Rhizopus_stolonifer_NRRL_66455                                  23.76%    passed     98.61%
  14  Trichoderma_harzianum_CBS_226.95                                42.56%    passed     59.83%
  15  Umbelopsis_ramanniana_NRRL_5844.Umbra1.v1                       47.78%    passed     82.86%
  16  Ustilago_maydis                                                 14.62%    failed      0.00%
  17  Zoophthora_radicans_ATCC_208865                                 22.19%    failed      2.46%
  18  Zymoseptoria_tritici_IP0323                                     44.13%    passed     26.43%
WARNING: 2 sequences contain more than 50% gaps/ambiguity
****  TOTAL                                                           36.97%  2 sequences failed composition chi2 test (p-value<5%; df=19)
Checking for duplicate sequences: done in 4.3869e-05 secs using 198.3% CPU


Create initial parsimony tree by phylogenetic likelihood library (PLL)... 0.001 seconds
Perform fast likelihood tree search using LG+I+G model...
Estimate model parameters (epsilon = 5.000)
Perform nearest neighbor interchange...
Optimizing NNI: done in 0.153614 secs using 199.6% CPU
Estimate model parameters (epsilon = 1.000)
1. Initial log-likelihood: -9156.569
Optimal log-likelihood: -9156.391
Proportion of invariable sites: 0.037
Gamma shape alpha: 0.641
Parameters optimization took 1 rounds (0.025 sec)
Time for fast ML tree search: 0.328 seconds

NOTE: ModelFinder requires 12 MB RAM!
ModelFinder will test up to 1232 protein models (sample size: 383) ...
 No. Model         -LnL         df  AIC          AICc         BIC
  1  LG            9687.104     33  19440.208    19446.638    19570.494
  2  LG+I          9494.365     34  19056.729    19063.568    19190.962
  3  LG+G4         9161.814     34  18391.628    18398.468    18525.862
  4  LG+I+G4       9156.337     35  18382.674    18389.936    18520.855
  5  LG+R2         9232.394     35  18534.789    18542.051    18672.970
  6  LG+R3         9169.716     37  18413.431    18421.582    18559.509
  7  LG+R4         9151.109     39  18380.217    18389.314    18534.191
  8  LG+R5         9148.676     41  18379.352    18389.452    18541.222
 14  LG+I+R2       9207.278     36  18486.556    18494.255    18628.685
 15  LG+I+R3       9159.006     38  18394.013    18402.629    18544.038
 16  LG+I+R4       9146.640     40  18373.280    18382.870    18531.201
 17  LG+I+R5       9144.916     42  18373.832    18384.456    18539.650
 25  LG+F+G4       9083.129     53  18272.258    18289.656    18481.504
 26  LG+F+I+G4     9076.867     54  18261.735    18279.845    18474.929
 47  WAG+G4        9173.365     34  18414.730    18421.569    18548.963
 48  WAG+I+G4      9163.414     35  18396.827    18404.090    18535.009
 69  WAG+F+G4      9073.392     53  18252.783    18270.182    18462.029
 70  WAG+F+I+G4    9065.008     54  18238.016    18256.125    18451.210
 91  JTT+G4        9201.858     34  18471.716    18478.555    18605.949
 92  JTT+I+G4      9194.399     35  18458.798    18466.061    18596.980
113  JTT+F+G4      9098.419     53  18302.839    18320.237    18512.085
114  JTT+F+I+G4    9092.285     54  18292.571    18310.680    18505.765
WARNING: Normalizing state frequencies so that sum of them equals to 1
135  Q.pfam+G4     9161.104     34  18390.208    18397.047    18524.441
WARNING: Normalizing state frequencies so that sum of them equals to 1
136  Q.pfam+I+G4   9155.495     35  18380.990    18388.252    18519.171
WARNING: Normalizing state frequencies so that sum of them equals to 1
157  Q.pfam+F+G4   9076.021     53  18258.043    18275.441    18467.289
WARNING: Normalizing state frequencies so that sum of them equals to 1
158  Q.pfam+F+I+G4 9070.773     54  18249.545    18267.655    18462.739
WARNING: Normalizing state frequencies so that sum of them equals to 1
179  Q.bird+G4     9294.754     34  18657.509    18664.348    18791.742
WARNING: Normalizing state frequencies so that sum of them equals to 1
180  Q.bird+I+G4   9289.344     35  18648.689    18655.951    18786.870
WARNING: Normalizing state frequencies so that sum of them equals to 1
201  Q.bird+F+G4   9179.035     53  18464.071    18481.469    18673.317
WARNING: Normalizing state frequencies so that sum of them equals to 1
202  Q.bird+F+I+G4 9176.121     54  18460.241    18478.351    18673.435
WARNING: Normalizing state frequencies so that sum of them equals to 1
223  Q.mammal+G4   9266.401     34  18600.802    18607.642    18735.036
WARNING: Normalizing state frequencies so that sum of them equals to 1
224  Q.mammal+I+G4 9261.394     35  18592.788    18600.050    18730.969
WARNING: Normalizing state frequencies so that sum of them equals to 1
245  Q.mammal+F+G4 9142.047     53  18390.095    18407.493    18599.341
WARNING: Normalizing state frequencies so that sum of them equals to 1
246  Q.mammal+F+I+G4 9139.180     54  18386.360    18404.470    18599.554
267  Q.insect+G4   9158.779     34  18385.558    18392.397    18519.791
268  Q.insect+I+G4 9154.266     35  18378.532    18385.794    18516.713
289  Q.insect+F+G4 9079.471     53  18264.942    18282.340    18474.188
290  Q.insect+F+I+G4 9074.577     54  18257.153    18275.263    18470.347
WARNING: Normalizing state frequencies so that sum of them equals to 1
311  Q.plant+G4    9224.410     34  18516.820    18523.659    18651.053
WARNING: Normalizing state frequencies so that sum of them equals to 1
312  Q.plant+I+G4  9217.667     35  18505.333    18512.595    18643.514
WARNING: Normalizing state frequencies so that sum of them equals to 1
333  Q.plant+F+G4  9129.138     53  18364.276    18381.674    18573.522
WARNING: Normalizing state frequencies so that sum of them equals to 1
334  Q.plant+F+I+G4 9122.653     54  18353.306    18371.415    18566.499
WARNING: Normalizing state frequencies so that sum of them equals to 1
355  Q.yeast+G4    9157.367     34  18382.733    18389.573    18516.967
WARNING: Normalizing state frequencies so that sum of them equals to 1
356  Q.yeast+I+G4  9151.879     35  18373.758    18381.020    18511.939
WARNING: Normalizing state frequencies so that sum of them equals to 1
377  Q.yeast+F+G4  9081.767     53  18269.534    18286.932    18478.780
WARNING: Normalizing state frequencies so that sum of them equals to 1
378  Q.yeast+F+I+G4 9076.395     54  18260.790    18278.900    18473.984
399  JTTDCMut+G4   9202.604     34  18473.209    18480.048    18607.442
400  JTTDCMut+I+G4 9195.041     35  18460.082    18467.344    18598.263
421  JTTDCMut+F+G4 9098.435     53  18302.870    18320.268    18512.116
422  JTTDCMut+F+I+G4 9092.209     54  18292.419    18310.529    18505.613
443  DCMut+G4      9247.401     34  18562.803    18569.642    18697.036
444  DCMut+I+G4    9234.585     35  18539.169    18546.432    18677.351
465  DCMut+F+G4    9108.005     53  18322.009    18339.407    18531.255
466  DCMut+F+I+G4  9097.003     54  18302.006    18320.116    18515.200
487  VT+G4         9131.139     34  18330.278    18337.117    18464.511
488  VT+I+G4       9123.492     35  18316.984    18324.247    18455.166
509  VT+F+G4       9056.633     53  18219.267    18236.665    18428.512
510  VT+F+I+G4     9049.893     54  18207.787    18225.897    18420.981
531  PMB+G4        9216.705     34  18501.409    18508.248    18635.643
532  PMB+I+G4      9208.895     35  18487.790    18495.052    18625.971
553  PMB+F+G4      9064.697     53  18235.394    18252.792    18444.640
554  PMB+F+I+G4    9057.956     54  18223.912    18242.022    18437.106
575  Blosum62+G4   9185.293     34  18438.585    18445.424    18572.818
576  Blosum62+I+G4 9178.577     35  18427.155    18434.417    18565.336
597  Blosum62+F+G4 9065.280     53  18236.559    18253.957    18445.805
598  Blosum62+F+I+G4 9058.870     54  18225.741    18243.850    18438.934
619  Dayhoff+G4    9247.943     34  18563.886    18570.725    18698.120
620  Dayhoff+I+G4  9235.151     35  18540.301    18547.563    18678.482
641  Dayhoff+F+G4  9108.635     53  18323.269    18340.667    18532.515
642  Dayhoff+F+I+G4 9097.621     54  18303.241    18321.351    18516.435
663  mtREV+G4      9598.283     34  19264.567    19271.406    19398.800
664  mtREV+I+G4    9594.609     35  19259.218    19266.481    19397.400
685  mtREV+F+G4    9164.535     53  18435.070    18452.468    18644.316
686  mtREV+F+I+G4  9157.539     54  18423.079    18441.189    18636.273
707  mtART+G4      9721.799     34  19511.599    19518.438    19645.832
708  mtART+I+G4    9719.424     35  19508.847    19516.109    19647.028
729  mtART+F+G4    9189.513     53  18485.025    18502.423    18694.271
730  mtART+F+I+G4  9185.210     54  18478.419    18496.529    18691.613
751  mtZOA+G4      9613.609     34  19295.219    19302.058    19429.452
752  mtZOA+I+G4    9610.969     35  19291.937    19299.199    19430.118
773  mtZOA+F+G4    9162.479     53  18430.959    18448.357    18640.204
774  mtZOA+F+I+G4  9155.479     54  18418.958    18437.068    18632.152
795  mtMet+G4      9663.306     34  19394.612    19401.451    19528.845
796  mtMet+I+G4    9659.315     35  19388.630    19395.892    19526.811
817  mtMet+F+G4    9168.845     53  18443.689    18461.087    18652.935
818  mtMet+F+I+G4  9160.799     54  18429.598    18447.708    18642.792
839  mtVer+G4      9678.196     34  19424.392    19431.231    19558.625
840  mtVer+I+G4    9673.785     35  19417.569    19424.831    19555.750
861  mtVer+F+G4    9238.329     53  18582.657    18600.056    18791.903
862  mtVer+F+I+G4  9229.769     54  18567.539    18585.649    18780.733
883  mtInv+G4      9758.617     34  19585.235    19592.074    19719.468
884  mtInv+I+G4    9754.867     35  19579.733    19586.996    19717.915
905  mtInv+F+G4    9130.203     53  18366.407    18383.805    18575.653
906  mtInv+F+I+G4  9121.225     54  18350.451    18368.560    18563.645
927  mtMAM+G4      9737.419     34  19542.839    19549.678    19677.072
928  mtMAM+I+G4    9733.622     35  19537.244    19544.506    19675.425
949  mtMAM+F+G4    9269.600     53  18645.201    18662.599    18854.447
950  mtMAM+F+I+G4  9266.830     54  18641.660    18659.770    18854.854
WARNING: Normalizing state frequencies so that sum of them equals to 1
971  FLAVI+G4      9457.705     34  18983.410    18990.250    19117.644
WARNING: Normalizing state frequencies so that sum of them equals to 1
972  FLAVI+I+G4    9454.471     35  18978.942    18986.204    19117.123
WARNING: Normalizing state frequencies so that sum of them equals to 1
993  FLAVI+F+G4    9257.063     53  18620.126    18637.524    18829.371
WARNING: Normalizing state frequencies so that sum of them equals to 1
994  FLAVI+F+I+G4  9253.286     54  18614.571    18632.681    18827.765
1015  HIVb+G4       9349.680     34  18767.361    18774.200    18901.594
1016  HIVb+I+G4     9344.785     35  18759.570    18766.832    18897.751
1037  HIVb+F+G4     9188.042     53  18482.084    18499.482    18691.330
1038  HIVb+F+I+G4   9183.578     54  18475.156    18493.265    18688.349
1059  HIVw+G4       9659.221     34  19386.443    19393.282    19520.676
1060  HIVw+I+G4     9651.430     35  19372.861    19380.123    19511.042
1081  HIVw+F+G4     9298.944     53  18703.888    18721.286    18913.134
1082  HIVw+F+I+G4   9293.094     54  18694.188    18712.298    18907.382
1103  FLU+G4        9392.825     34  18853.650    18860.489    18987.883
1104  FLU+I+G4      9385.083     35  18840.166    18847.428    18978.347
1125  FLU+F+G4      9190.675     53  18487.349    18504.747    18696.595
1126  FLU+F+I+G4    9185.075     54  18478.150    18496.260    18691.344
1147  rtREV+G4      9208.789     34  18485.577    18492.416    18619.810
1148  rtREV+I+G4    9202.505     35  18475.011    18482.273    18613.192
1169  rtREV+F+G4    9071.360     53  18248.720    18266.118    18457.966
1170  rtREV+F+I+G4  9064.530     54  18237.059    18255.169    18450.253
1191  cpREV+G4      9270.395     34  18608.790    18615.629    18743.023
1192  cpREV+I+G4    9261.105     35  18592.210    18599.472    18730.391
1213  cpREV+F+G4    9108.841     53  18323.681    18341.079    18532.927
1214  cpREV+F+I+G4  9097.387     54  18302.775    18320.884    18515.969
Akaike Information Criterion:           VT+F+I+G4
Corrected Akaike Information Criterion: VT+F+I+G4
Bayesian Information Criterion:         VT+F+I+G4
Best-fit model: VT+F+I+G4 chosen according to BIC

All model information printed to FungalCW_tree_20231129/289686at4751.aa.mfa.model.gz
CPU time for ModelFinder: 50.133 seconds (0h:0m:50s)
Wall-clock time for ModelFinder: 25.188 seconds (0h:0m:25s)
Generating 1000 samples for ultrafast bootstrap (seed: 528822)...

NOTE: 5 MB RAM (0 GB) is required!
Estimate model parameters (epsilon = 0.100)
Thoroughly optimizing +I+G parameters from 10 start values...
Init pinv, alpha: 0.000, 0.738 / Estimate: 0.000, 0.606 / LogL: -9056.625
Init pinv, alpha: 0.008, 0.738 / Estimate: 0.038, 0.739 / LogL: -9049.875
Init pinv, alpha: 0.016, 0.738 / Estimate: 0.038, 0.747 / LogL: -9049.845
Init pinv, alpha: 0.023, 0.738 / Estimate: 0.038, 0.749 / LogL: -9049.837
Init pinv, alpha: 0.031, 0.738 / Estimate: 0.038, 0.748 / LogL: -9049.841
Init pinv, alpha: 0.039, 0.738 / Estimate: 0.039, 0.747 / LogL: -9049.847
Init pinv, alpha: 0.047, 0.738 / Estimate: 0.040, 0.753 / LogL: -9049.837
Init pinv, alpha: 0.055, 0.738 / Estimate: 0.040, 0.756 / LogL: -9049.828
Init pinv, alpha: 0.063, 0.738 / Estimate: 0.040, 0.761 / LogL: -9049.823
Init pinv, alpha: 0.070, 0.738 / Estimate: 0.040, 0.761 / LogL: -9049.824
Optimal pinv,alpha: 0.040, 0.761 / LogL: -9049.823

Parameters optimization took 0.878 sec
Wrote distance file to... 
Computing ML distances based on estimated model parameters...
Calculating distance matrix: done in 0.034236 secs using 199.5% CPU
Computing ML distances took 0.034308 sec (of wall-clock time) 0.068426 sec (of CPU time)
WARNING: Some pairwise ML distances are too long (saturated)
Setting up auxiliary I and S matrices: done in 2.5034e-05 secs using 195.7% CPU
Constructing RapidNJ tree: done in 9.29832e-05 secs using 199% CPU
Computing RapidNJ tree took 0.000162 sec (of wall-clock time) 0.000323 sec (of CPU time)
Log-likelihood of RapidNJ tree: -9067.164
--------------------------------------------------------------------
|             INITIALIZING CANDIDATE TREE SET                      |
--------------------------------------------------------------------
Generating 98 parsimony trees... 0.190 second
Computing log-likelihood of 98 initial trees ... 0.720 seconds
Current best score: -9049.823

Do NNI search on 20 best initial trees
Optimizing NNI: done in 0.077729 secs using 199.3% CPU
Estimate model parameters (epsilon = 0.100)
BETTER TREE FOUND at iteration 1: -9043.114
Optimizing NNI: done in 0.131276 secs using 198.6% CPU
Estimate model parameters (epsilon = 0.100)
BETTER TREE FOUND at iteration 2: -9041.581
Optimizing NNI: done in 0.139349 secs using 198.6% CPU
Optimizing NNI: done in 0.138633 secs using 199.3% CPU
Optimizing NNI: done in 0.141702 secs using 199.5% CPU
Optimizing NNI: done in 0.129095 secs using 199.2% CPU
Optimizing NNI: done in 0.177687 secs using 199.1% CPU
Optimizing NNI: done in 0.136396 secs using 199.9% CPU
Optimizing NNI: done in 0.133189 secs using 199.8% CPU
Optimizing NNI: done in 0.153354 secs using 198.6% CPU
Iteration 10 / LogL: -9043.083 / Time: 0h:0m:3s
Optimizing NNI: done in 0.139812 secs using 198.4% CPU
Optimizing NNI: done in 0.142177 secs using 199.4% CPU
Optimizing NNI: done in 0.171211 secs using 199.7% CPU
Optimizing NNI: done in 0.158669 secs using 199.3% CPU
Optimizing NNI: done in 0.156363 secs using 199.3% CPU
Optimizing NNI: done in 0.125792 secs using 199.5% CPU
Optimizing NNI: done in 0.157911 secs using 199.8% CPU
Optimizing NNI: done in 0.133567 secs using 198.9% CPU
Optimizing NNI: done in 0.246309 secs using 199.6% CPU
Optimizing NNI: done in 0.187984 secs using 199.8% CPU
Iteration 20 / LogL: -9045.579 / Time: 0h:0m:5s
Finish initializing candidate tree set (12)
Current best tree score: -9041.581 / CPU time: 4.028
Number of iterations: 20
--------------------------------------------------------------------
|               OPTIMIZING CANDIDATE TREE SET                      |
--------------------------------------------------------------------
Optimizing NNI: done in 0.139291 secs using 199.3% CPU
Optimizing NNI: done in 0.156935 secs using 199.3% CPU
Optimizing NNI: done in 0.206119 secs using 199.3% CPU
Optimizing NNI: done in 0.131141 secs using 200% CPU
Optimizing NNI: done in 0.156082 secs using 199.9% CPU
Optimizing NNI: done in 0.135282 secs using 198.4% CPU
Optimizing NNI: done in 0.145684 secs using 199.3% CPU
Optimizing NNI: done in 0.12114 secs using 198.6% CPU
Optimizing NNI: done in 0.121926 secs using 199.4% CPU
Optimizing NNI: done in 0.112306 secs using 199.3% CPU
Iteration 30 / LogL: -9041.794 / Time: 0h:0m:6s (0h:0m:16s left)
Optimizing NNI: done in 0.107471 secs using 200% CPU
Optimizing NNI: done in 0.161695 secs using 199.3% CPU
Optimizing NNI: done in 0.0774038 secs using 199.8% CPU
Optimizing NNI: done in 0.134486 secs using 199% CPU
Optimizing NNI: done in 0.171806 secs using 199.6% CPU
Optimizing NNI: done in 0.116761 secs using 199.4% CPU
Optimizing NNI: done in 0.150718 secs using 199% CPU
Optimizing NNI: done in 0.191903 secs using 199.3% CPU
Optimizing NNI: done in 0.141607 secs using 199.3% CPU
Optimizing NNI: done in 0.107514 secs using 199.4% CPU
Iteration 40 / LogL: -9041.644 / Time: 0h:0m:7s (0h:0m:12s left)
Optimizing NNI: done in 0.094501 secs using 199.4% CPU
Optimizing NNI: done in 0.0897219 secs using 199.4% CPU
Optimizing NNI: done in 0.123386 secs using 199.4% CPU
Optimizing NNI: done in 0.114895 secs using 199.3% CPU
Optimizing NNI: done in 0.219294 secs using 198.8% CPU
Optimizing NNI: done in 0.153132 secs using 199.3% CPU
Optimizing NNI: done in 0.117219 secs using 199.4% CPU
Optimizing NNI: done in 0.0716338 secs using 199.7% CPU
Optimizing NNI: done in 0.182675 secs using 199.5% CPU
Optimizing NNI: done in 0.183332 secs using 199.3% CPU
Iteration 50 / LogL: -9041.974 / Time: 0h:0m:9s (0h:0m:9s left)
Log-likelihood cutoff on original alignment: -9073.971
Optimizing NNI: done in 0.0634451 secs using 199.3% CPU
Optimizing NNI: done in 0.133841 secs using 199.3% CPU
Optimizing NNI: done in 0.139365 secs using 198.3% CPU
Optimizing NNI: done in 0.104731 secs using 200.2% CPU
Optimizing NNI: done in 0.183343 secs using 199.7% CPU
Optimizing NNI: done in 0.101522 secs using 199.3% CPU
Optimizing NNI: done in 0.102774 secs using 199.3% CPU
Optimizing NNI: done in 0.125313 secs using 198.4% CPU
Optimizing NNI: done in 0.19186 secs using 199.3% CPU
Optimizing NNI: done in 0.122376 secs using 199.3% CPU
Iteration 60 / LogL: -9043.229 / Time: 0h:0m:10s (0h:0m:7s left)
Optimizing NNI: done in 0.124615 secs using 199.8% CPU
Optimizing NNI: done in 0.148263 secs using 199.5% CPU
Optimizing NNI: done in 0.135367 secs using 198.6% CPU
Optimizing NNI: done in 0.171046 secs using 199.3% CPU
Optimizing NNI: done in 0.102353 secs using 199.9% CPU
Optimizing NNI: done in 0.127449 secs using 198.7% CPU
Optimizing NNI: done in 0.132476 secs using 199.7% CPU
Optimizing NNI: done in 0.0885792 secs using 199.6% CPU
Optimizing NNI: done in 0.102108 secs using 200.2% CPU
Optimizing NNI: done in 0.120356 secs using 199.4% CPU
Iteration 70 / LogL: -9041.983 / Time: 0h:0m:11s (0h:0m:5s left)
Optimizing NNI: done in 0.193672 secs using 198.8% CPU
Optimizing NNI: done in 0.148108 secs using 199.3% CPU
Optimizing NNI: done in 0.19595 secs using 199.3% CPU
Optimizing NNI: done in 0.103326 secs using 199.7% CPU
Optimizing NNI: done in 0.114223 secs using 199.3% CPU
Optimizing NNI: done in 0.128831 secs using 199.3% CPU
Optimizing NNI: done in 0.133869 secs using 199.4% CPU
Optimizing NNI: done in 0.141779 secs using 199.9% CPU
Optimizing NNI: done in 0.214619 secs using 199.3% CPU
Optimizing NNI: done in 0.085598 secs using 198.6% CPU
Iteration 80 / LogL: -9042.201 / Time: 0h:0m:13s (0h:0m:3s left)
Optimizing NNI: done in 0.13482 secs using 199.9% CPU
Optimizing NNI: done in 0.0983391 secs using 198.2% CPU
Optimizing NNI: done in 0.122913 secs using 199.4% CPU
Optimizing NNI: done in 0.125048 secs using 199.3% CPU
Optimizing NNI: done in 0.0992529 secs using 199.4% CPU
Optimizing NNI: done in 0.178055 secs using 199.5% CPU
Optimizing NNI: done in 0.103649 secs using 199.3% CPU
Optimizing NNI: done in 0.104196 secs using 199.3% CPU
Optimizing NNI: done in 0.158262 secs using 199.3% CPU
Optimizing NNI: done in 0.131306 secs using 199.3% CPU
Iteration 90 / LogL: -9041.614 / Time: 0h:0m:14s (0h:0m:1s left)
Optimizing NNI: done in 0.07952 secs using 199.5% CPU
Optimizing NNI: done in 0.12725 secs using 199.4% CPU
Optimizing NNI: done in 0.115763 secs using 199.3% CPU
Optimizing NNI: done in 0.158637 secs using 199.8% CPU
Optimizing NNI: done in 0.154384 secs using 198.6% CPU
Optimizing NNI: done in 0.114272 secs using 198.5% CPU
Optimizing NNI: done in 0.090637 secs using 198.9% CPU
Optimizing NNI: done in 0.092613 secs using 198.7% CPU
Optimizing NNI: done in 0.118274 secs using 200.1% CPU
Optimizing NNI: done in 0.120815 secs using 199.4% CPU
Iteration 100 / LogL: -9042.372 / Time: 0h:0m:16s (0h:0m:0s left)
Log-likelihood cutoff on original alignment: -9073.971
NOTE: Bootstrap correlation coefficient of split occurrence frequencies: 0.999
Optimizing NNI: done in 0.074621 secs using 199.4% CPU
Optimizing NNI: done in 0.150666 secs using 198.9% CPU
Optimizing NNI: done in 0.128224 secs using 199.6% CPU
TREE SEARCH COMPLETED AFTER 103 ITERATIONS / Time: 0h:0m:16s

--------------------------------------------------------------------
|                    FINALIZING TREE SEARCH                        |
--------------------------------------------------------------------
Performs final model parameters optimization
Estimate model parameters (epsilon = 0.010)
1. Initial log-likelihood: -9041.581
Optimal log-likelihood: -9041.574
Proportion of invariable sites: 0.040
Gamma shape alpha: 0.750
Parameters optimization took 1 rounds (0.026 sec)
BEST SCORE FOUND : -9041.574

Testing tree branches by SH-like aLRT with 1000 replicates...
0.082 sec.
Creating bootstrap support values...
Split supports printed to NEXUS file FungalCW_tree_20231129/289686at4751.aa.mfa.splits.nex
Total tree length: 40.764

Total number of iterations: 103
CPU time used for tree search: 30.610 sec (0h:0m:30s)
Wall-clock time used for tree search: 15.399 sec (0h:0m:15s)
Total CPU time used: 32.876 sec (0h:0m:32s)
Total wall-clock time used: 16.552 sec (0h:0m:16s)

Computing bootstrap consensus tree...
Reading input file FungalCW_tree_20231129/289686at4751.aa.mfa.splits.nex...
18 taxa and 151 splits.
Consensus tree written to FungalCW_tree_20231129/289686at4751.aa.mfa.contree
Reading input trees file FungalCW_tree_20231129/289686at4751.aa.mfa.contree
Log-likelihood of consensus tree: -9041.574

Analysis results written to: 
  IQ-TREE report:                FungalCW_tree_20231129/289686at4751.aa.mfa.iqtree
  Maximum-likelihood tree:       FungalCW_tree_20231129/289686at4751.aa.mfa.treefile
  Likelihood distances:          FungalCW_tree_20231129/289686at4751.aa.mfa.mldist

Ultrafast bootstrap approximation results written to:
  Split support values:          FungalCW_tree_20231129/289686at4751.aa.mfa.splits.nex
  Consensus tree:                FungalCW_tree_20231129/289686at4751.aa.mfa.contree
  Screen log file:               FungalCW_tree_20231129/289686at4751.aa.mfa.log

Date and Time: Wed Nov 29 02:40:32 2023
