IQ-TREE multicore version 2.2.2.6 COVID-edition for Linux 64-bit built May 27 2023
Developed by Bui Quang Minh, James Barbetti, Nguyen Lam Tung,
Olga Chernomor, Heiko Schmidt, Dominik Schrempf, Michael Woodhams, Ly Trong Nhan.

Host:    c04 (AVX, FMA3, 503 GB RAM)
Command: iqtree2 -s FungalCW_tree_20231129/292336at4751.aa.mfa -gz -B 1000 -alrt 1000 -nt 2
Seed:    216875 (Using SPRNG - Scalable Parallel Random Number Generator)
Time:    Wed Nov 29 01:35:15 2023
Kernel:  AVX+FMA - 2 threads (2 CPU cores detected)

Reading alignment file FungalCW_tree_20231129/292336at4751.aa.mfa ... Fasta format detected
Reading fasta file: done in 0.000633955 secs using 77.92% CPU
Alignment most likely contains protein sequences
Constructing alignment: done in 0.00192094 secs using 146.2% CPU
Alignment has 17 sequences with 652 columns, 602 distinct patterns
399 parsimony-informative, 172 singleton sites, 81 constant sites
                                                               Gap/Ambiguity  Composition  p-value
Analyzing sequences: done in 4.69685e-05 secs using 100.1% CPU
   1  Basidiobolus_meristosporus_CBS_931.73.Basme2finSC.v1            34.20%    passed     82.97%
   2  Botrytis_cinerea_T4                                             15.64%    passed     99.62%
   3  Colletotrichum_graminicola_M1.001                               13.19%    passed     75.44%
   4  Colletotrichum_higginsianum_IMI_349063                          13.50%    passed     95.67%
   5  Fusarium_graminearum_PH-1                                       13.80%    passed     99.99%
   6  Fusarium_verticillioides_7600                                   12.73%    passed     99.97%
   7  Gilbertella_persicaria_var_persicaria_CBS_190.32-T.Gilper1.v1   26.53%    passed     99.20%
   8  Mortierella_elongata_AG-77                                      26.69%    passed     88.70%
   9  Mucor_mucedo_NRRL_3635                                          26.99%    passed     89.48%
  10  Neoconidiobolus_thromboides_FSU_785.Conth1.v1                   29.91%    passed     66.46%
  11  Phycomyces_blakesleeanus_NRRL_1555.Phybl2.v2                    26.53%    passed     93.19%
  12  Rhizopus_stolonifer_NRRL_66455                                  30.83%    passed     96.16%
  13  Trichoderma_harzianum_CBS_226.95                                14.42%    passed     91.50%
  14  Umbelopsis_ramanniana_NRRL_5844.Umbra1.v1                       24.08%    passed     95.22%
  15  Ustilago_maydis                                                 10.28%    passed     45.76%
  16  Zoophthora_radicans_ATCC_208865                                 28.37%    failed      2.03%
  17  Zymoseptoria_tritici_IP0323                                     21.17%    passed     73.74%
****  TOTAL                                                           21.70%  1 sequences failed composition chi2 test (p-value<5%; df=19)
Checking for duplicate sequences: done in 0.000194073 secs using 65.95% CPU


Create initial parsimony tree by phylogenetic likelihood library (PLL)... 0.005 seconds
Perform fast likelihood tree search using LG+I+G model...
Estimate model parameters (epsilon = 5.000)
Perform nearest neighbor interchange...
Optimizing NNI: done in 0.455671 secs using 196.4% CPU
Estimate model parameters (epsilon = 1.000)
1. Initial log-likelihood: -13648.256
Optimal log-likelihood: -13648.131
Proportion of invariable sites: 0.049
Gamma shape alpha: 0.793
Parameters optimization took 1 rounds (0.149 sec)
Time for fast ML tree search: 1.357 seconds

NOTE: ModelFinder requires 18 MB RAM!
ModelFinder will test up to 1232 protein models (sample size: 652) ...
 No. Model         -LnL         df  AIC          AICc         BIC
  1  LG            14382.038    31  28826.076    28829.276    28964.957
  2  LG+I          14111.086    32  28286.172    28289.584    28429.533
  3  LG+G4         13649.044    32  27362.089    27365.501    27505.450
  4  LG+I+G4       13648.115    33  27362.229    27365.860    27510.071
  5  LG+R2         13760.411    33  27586.821    27590.452    27734.663
  6  LG+R3         13656.781    35  27383.562    27387.653    27540.363
  7  LG+R4         13645.128    37  27364.256    27368.836    27530.018
  8  LG+R5         13644.361    39  27366.723    27371.821    27541.445
 14  LG+I+R2       13705.842    34  27479.685    27483.542    27632.007
 15  LG+I+R3       13651.233    36  27374.466    27378.797    27535.747
 16  LG+I+R4       13644.041    38  27364.083    27368.918    27534.325
 17  LG+I+R5       13638.698    40  27357.396    27362.764    27536.597
 25  LG+F+G4       13577.549    51  27257.097    27265.937    27485.580
 26  LG+F+I+G4     13576.172    52  27256.343    27265.545    27489.305
 47  WAG+G4        13627.190    32  27318.380    27321.792    27461.741
 48  WAG+I+G4      13623.480    33  27312.960    27316.591    27460.801
 69  WAG+F+G4      13594.110    51  27290.221    27299.061    27518.703
 70  WAG+F+I+G4    13590.670    52  27285.341    27294.543    27518.303
 91  JTT+G4        13751.463    32  27566.925    27570.337    27710.286
 92  JTT+I+G4      13749.489    33  27564.978    27568.609    27712.820
113  JTT+F+G4      13670.696    51  27443.392    27452.232    27671.874
114  JTT+F+I+G4    13668.356    52  27440.713    27449.915    27673.675
WARNING: Normalizing state frequencies so that sum of them equals to 1
135  Q.pfam+G4     13646.638    32  27357.275    27360.687    27500.637
WARNING: Normalizing state frequencies so that sum of them equals to 1
136  Q.pfam+I+G4   13645.544    33  27357.089    27360.720    27504.930
WARNING: Normalizing state frequencies so that sum of them equals to 1
157  Q.pfam+F+G4   13570.445    51  27242.891    27251.731    27471.373
WARNING: Normalizing state frequencies so that sum of them equals to 1
158  Q.pfam+F+I+G4 13568.664    52  27241.328    27250.530    27474.291
WARNING: Normalizing state frequencies so that sum of them equals to 1
179  Q.bird+G4     14016.860    32  28097.719    28101.131    28241.081
WARNING: Normalizing state frequencies so that sum of them equals to 1
180  Q.bird+I+G4   14017.652    33  28101.303    28104.934    28249.145
WARNING: Normalizing state frequencies so that sum of them equals to 1
201  Q.bird+F+G4   13926.876    51  27955.752    27964.592    28184.234
WARNING: Normalizing state frequencies so that sum of them equals to 1
202  Q.bird+F+I+G4 13927.326    52  27958.651    27967.853    28191.614
WARNING: Normalizing state frequencies so that sum of them equals to 1
223  Q.mammal+G4   13931.736    32  27927.472    27930.884    28070.833
WARNING: Normalizing state frequencies so that sum of them equals to 1
224  Q.mammal+I+G4 13931.764    33  27929.528    27933.159    28077.370
WARNING: Normalizing state frequencies so that sum of them equals to 1
245  Q.mammal+F+G4 13839.351    51  27780.701    27789.541    28009.184
WARNING: Normalizing state frequencies so that sum of them equals to 1
246  Q.mammal+F+I+G4 13838.957    52  27781.914    27791.116    28014.876
267  Q.insect+G4   13683.083    32  27430.166    27433.577    27573.527
268  Q.insect+I+G4 13682.277    33  27430.554    27434.185    27578.395
289  Q.insect+F+G4 13582.511    51  27267.021    27275.861    27495.503
290  Q.insect+F+I+G4 13581.269    52  27266.539    27275.741    27499.501
WARNING: Normalizing state frequencies so that sum of them equals to 1
311  Q.plant+G4    13809.131    32  27682.262    27685.674    27825.624
WARNING: Normalizing state frequencies so that sum of them equals to 1
312  Q.plant+I+G4  13809.515    33  27685.030    27688.661    27832.872
WARNING: Normalizing state frequencies so that sum of them equals to 1
333  Q.plant+F+G4  13726.243    51  27554.485    27563.325    27782.968
WARNING: Normalizing state frequencies so that sum of them equals to 1
334  Q.plant+F+I+G4 13726.200    52  27556.400    27565.602    27789.362
WARNING: Normalizing state frequencies so that sum of them equals to 1
355  Q.yeast+G4    13646.977    32  27357.953    27361.365    27501.315
WARNING: Normalizing state frequencies so that sum of them equals to 1
356  Q.yeast+I+G4  13646.594    33  27359.189    27362.820    27507.030
WARNING: Normalizing state frequencies so that sum of them equals to 1
377  Q.yeast+F+G4  13547.577    51  27197.154    27205.994    27425.636
WARNING: Normalizing state frequencies so that sum of them equals to 1
378  Q.yeast+F+I+G4 13546.450    52  27196.901    27206.103    27429.863
399  JTTDCMut+G4   13746.990    32  27557.980    27561.392    27701.341
400  JTTDCMut+I+G4 13744.930    33  27555.860    27559.491    27703.702
421  JTTDCMut+F+G4 13668.978    51  27439.956    27448.796    27668.439
422  JTTDCMut+F+I+G4 13666.594    52  27437.188    27446.390    27670.151
443  DCMut+G4      13670.093    32  27404.185    27407.597    27547.547
444  DCMut+I+G4    13666.223    33  27398.446    27402.077    27546.287
465  DCMut+F+G4    13601.325    51  27304.651    27313.491    27533.133
466  DCMut+F+I+G4  13597.489    52  27298.978    27308.180    27531.940
487  VT+G4         13667.086    32  27398.173    27401.585    27541.534
488  VT+I+G4       13663.019    33  27392.039    27395.670    27539.880
509  VT+F+G4       13616.508    51  27335.016    27343.856    27563.498
510  VT+F+I+G4     13612.174    52  27328.347    27337.549    27561.310
531  PMB+G4        13813.884    32  27691.769    27695.181    27835.130
532  PMB+I+G4      13808.487    33  27682.973    27686.604    27830.814
553  PMB+F+G4      13677.755    51  27457.510    27466.350    27685.992
554  PMB+F+I+G4    13673.280    52  27450.560    27459.762    27683.522
575  Blosum62+G4   13777.880    32  27619.759    27623.171    27763.121
576  Blosum62+I+G4 13773.349    33  27612.699    27616.330    27760.540
597  Blosum62+F+G4 13662.913    51  27427.826    27436.666    27656.308
598  Blosum62+F+I+G4 13659.011    52  27422.023    27431.225    27654.985
619  Dayhoff+G4    13670.383    32  27404.766    27408.178    27548.127
620  Dayhoff+I+G4  13666.533    33  27399.065    27402.696    27546.907
641  Dayhoff+F+G4  13601.641    51  27305.283    27314.123    27533.765
642  Dayhoff+F+I+G4 13597.802    52  27299.605    27308.807    27532.567
663  mtREV+G4      14596.176    32  29256.353    29259.765    29399.714
664  mtREV+I+G4    14593.457    33  29252.913    29256.545    29400.755
685  mtREV+F+G4    13851.353    51  27804.705    27813.545    28033.188
686  mtREV+F+I+G4  13849.679    52  27803.359    27812.561    28036.321
707  mtART+G4      14728.470    32  29520.941    29524.353    29664.302
708  mtART+I+G4    14723.649    33  29513.299    29516.930    29661.140
729  mtART+F+G4    13896.250    51  27894.500    27903.340    28122.982
730  mtART+F+I+G4  13897.583    52  27899.166    27908.368    28132.128
751  mtZOA+G4      14458.540    32  28981.080    28984.491    29124.441
752  mtZOA+I+G4    14454.263    33  28974.527    28978.158    29122.368
773  mtZOA+F+G4    13782.949    51  27667.898    27676.738    27896.381
774  mtZOA+F+I+G4  13783.274    52  27670.548    27679.750    27903.510
795  mtMet+G4      14638.296    32  29340.591    29344.003    29483.952
796  mtMet+I+G4    14635.937    33  29337.874    29341.505    29485.716
817  mtMet+F+G4    13834.929    51  27771.859    27780.699    28000.341
818  mtMet+F+I+G4  13835.188    52  27774.376    27783.578    28007.339
839  mtVer+G4      14705.468    32  29474.936    29478.348    29618.298
840  mtVer+I+G4    14703.476    33  29472.952    29476.583    29620.793
861  mtVer+F+G4    14009.752    51  28121.505    28130.345    28349.987
862  mtVer+F+I+G4  14010.580    52  28125.160    28134.362    28358.122
883  mtInv+G4      14735.325    32  29534.651    29538.063    29678.012
884  mtInv+I+G4    14732.825    33  29531.650    29535.281    29679.491
905  mtInv+F+G4    13745.866    51  27593.731    27602.571    27822.214
906  mtInv+F+I+G4  13746.174    52  27596.348    27605.550    27829.310
927  mtMAM+G4      14885.746    32  29835.492    29838.904    29978.854
928  mtMAM+I+G4    14878.038    33  29822.076    29825.707    29969.917
949  mtMAM+F+G4    14108.509    51  28319.018    28327.858    28547.500
950  mtMAM+F+I+G4  14104.271    52  28312.542    28321.744    28545.504
WARNING: Normalizing state frequencies so that sum of them equals to 1
971  FLAVI+G4      14378.816    32  28821.632    28825.044    28964.994
WARNING: Normalizing state frequencies so that sum of them equals to 1
972  FLAVI+I+G4    14373.819    33  28813.638    28817.269    28961.480
WARNING: Normalizing state frequencies so that sum of them equals to 1
993  FLAVI+F+G4    14173.389    51  28448.777    28457.617    28677.259
WARNING: Normalizing state frequencies so that sum of them equals to 1
994  FLAVI+F+I+G4  14167.048    52  28438.095    28447.297    28671.058
1015  HIVb+G4       14115.248    32  28294.496    28297.908    28437.858
1016  HIVb+I+G4     14112.664    33  28291.329    28294.960    28439.170
1037  HIVb+F+G4     13907.113    51  27916.227    27925.067    28144.709
1038  HIVb+F+I+G4   13903.434    52  27910.867    27920.069    28143.830
1059  HIVw+G4       14664.826    32  29393.652    29397.064    29537.014
1060  HIVw+I+G4     14662.415    33  29390.831    29394.462    29538.672
1081  HIVw+F+G4     14243.902    51  28589.804    28598.644    28818.287
1082  HIVw+F+I+G4   14242.147    52  28588.293    28597.495    28821.256
1103  FLU+G4        14065.446    32  28194.893    28198.305    28338.254
1104  FLU+I+G4      14064.461    33  28194.922    28198.553    28342.764
1125  FLU+F+G4      13857.504    51  27817.009    27825.849    28045.491
1126  FLU+F+I+G4    13853.310    52  27810.621    27819.823    28043.583
1147  rtREV+G4      13729.296    32  27522.593    27526.005    27665.954
1148  rtREV+I+G4    13728.601    33  27523.201    27526.832    27671.043
1169  rtREV+F+G4    13602.258    51  27306.516    27315.356    27534.999
1170  rtREV+F+I+G4  13601.043    52  27306.086    27315.288    27539.048
1191  cpREV+G4      13879.311    32  27822.622    27826.034    27965.983
1192  cpREV+I+G4    13877.417    33  27820.833    27824.464    27968.675
1213  cpREV+F+G4    13706.921    51  27515.841    27524.681    27744.323
1214  cpREV+F+I+G4  13705.561    52  27515.122    27524.324    27748.084
Akaike Information Criterion:           Q.yeast+F+I+G4
Corrected Akaike Information Criterion: Q.yeast+F+G4
Bayesian Information Criterion:         Q.yeast+F+G4
Best-fit model: Q.yeast+F+G4 chosen according to BIC

All model information printed to FungalCW_tree_20231129/292336at4751.aa.mfa.model.gz
CPU time for ModelFinder: 200.438 seconds (0h:3m:20s)
Wall-clock time for ModelFinder: 101.770 seconds (0h:1m:41s)
Generating 1000 samples for ultrafast bootstrap (seed: 216875)...
WARNING: Normalizing state frequencies so that sum of them equals to 1

NOTE: 8 MB RAM (0 GB) is required!
Estimate model parameters (epsilon = 0.100)
1. Initial log-likelihood: -13547.577
Optimal log-likelihood: -13547.564
Gamma shape alpha: 0.655
Parameters optimization took 1 rounds (0.131 sec)
Wrote distance file to... 
Computing ML distances based on estimated model parameters...
Calculating distance matrix: done in 0.0488441 secs using 194.1% CPU
Computing ML distances took 0.049059 sec (of wall-clock time) 0.095209 sec (of CPU time)
Setting up auxiliary I and S matrices: done in 7.48634e-05 secs using 199% CPU
Constructing RapidNJ tree: done in 0.000411987 secs using 199.8% CPU
Computing RapidNJ tree took 0.000585 sec (of wall-clock time) 0.001165 sec (of CPU time)
Log-likelihood of RapidNJ tree: -13560.800
--------------------------------------------------------------------
|             INITIALIZING CANDIDATE TREE SET                      |
--------------------------------------------------------------------
Generating 98 parsimony trees... 0.544 second
Computing log-likelihood of 98 initial trees ... 4.116 seconds
Current best score: -13547.564

Do NNI search on 20 best initial trees
Optimizing NNI: done in 0.188299 secs using 197.7% CPU
Estimate model parameters (epsilon = 0.100)
BETTER TREE FOUND at iteration 1: -13547.563
Optimizing NNI: done in 0.538487 secs using 197.2% CPU
Optimizing NNI: done in 0.698353 secs using 196.4% CPU
Optimizing NNI: done in 0.5029 secs using 196.6% CPU
Optimizing NNI: done in 0.48596 secs using 196.7% CPU
Optimizing NNI: done in 0.5589 secs using 197% CPU
Optimizing NNI: done in 0.698913 secs using 196.4% CPU
Optimizing NNI: done in 0.551463 secs using 196.8% CPU
Optimizing NNI: done in 0.477592 secs using 197.1% CPU
Optimizing NNI: done in 0.593557 secs using 197.3% CPU
Iteration 10 / LogL: -13549.434 / Time: 0h:0m:10s
Optimizing NNI: done in 0.929047 secs using 197.2% CPU
Optimizing NNI: done in 0.510895 secs using 197.5% CPU
Optimizing NNI: done in 0.586997 secs using 197.3% CPU
Optimizing NNI: done in 0.69136 secs using 197.3% CPU
Optimizing NNI: done in 0.515412 secs using 197.5% CPU
Optimizing NNI: done in 0.547176 secs using 197% CPU
Optimizing NNI: done in 0.738915 secs using 197.2% CPU
Optimizing NNI: done in 0.616473 secs using 197.5% CPU
Optimizing NNI: done in 0.725151 secs using 196.9% CPU
Optimizing NNI: done in 0.767075 secs using 197.4% CPU
Iteration 20 / LogL: -13547.701 / Time: 0h:0m:17s
Finish initializing candidate tree set (2)
Current best tree score: -13547.563 / CPU time: 16.920
Number of iterations: 20
--------------------------------------------------------------------
|               OPTIMIZING CANDIDATE TREE SET                      |
--------------------------------------------------------------------
Optimizing NNI: done in 0.473247 secs using 197.4% CPU
Optimizing NNI: done in 0.603186 secs using 197.4% CPU
Optimizing NNI: done in 0.764841 secs using 197.1% CPU
Optimizing NNI: done in 0.679391 secs using 197.1% CPU
Optimizing NNI: done in 0.713952 secs using 197% CPU
Optimizing NNI: done in 0.570695 secs using 197.1% CPU
Optimizing NNI: done in 0.811153 secs using 197.6% CPU
Optimizing NNI: done in 0.718532 secs using 197.1% CPU
Optimizing NNI: done in 0.513737 secs using 197.5% CPU
Optimizing NNI: done in 0.666368 secs using 197.3% CPU
Iteration 30 / LogL: -13547.608 / Time: 0h:0m:24s (0h:0m:59s left)
Optimizing NNI: done in 0.749118 secs using 197% CPU
Optimizing NNI: done in 0.506199 secs using 197.1% CPU
Optimizing NNI: done in 0.853977 secs using 196.6% CPU
Optimizing NNI: done in 0.520803 secs using 196.6% CPU
Optimizing NNI: done in 0.653759 secs using 197.2% CPU
Optimizing NNI: done in 0.849493 secs using 197.3% CPU
Optimizing NNI: done in 0.492091 secs using 197.5% CPU
Optimizing NNI: done in 1.06975 secs using 196.6% CPU
Optimizing NNI: done in 0.576787 secs using 196.4% CPU
Optimizing NNI: done in 0.565098 secs using 196.8% CPU
Iteration 40 / LogL: -13547.705 / Time: 0h:0m:31s (0h:0m:48s left)
Optimizing NNI: done in 0.651706 secs using 195.9% CPU
Optimizing NNI: done in 0.71593 secs using 195.7% CPU
Optimizing NNI: done in 0.55383 secs using 196% CPU
Optimizing NNI: done in 0.627125 secs using 196.5% CPU
Optimizing NNI: done in 0.940591 secs using 196.7% CPU
Optimizing NNI: done in 0.699081 secs using 196.7% CPU
Optimizing NNI: done in 0.653921 secs using 196.6% CPU
Optimizing NNI: done in 0.583375 secs using 196.6% CPU
Optimizing NNI: done in 0.803403 secs using 196.4% CPU
Optimizing NNI: done in 0.382692 secs using 195.9% CPU
Iteration 50 / LogL: -13549.006 / Time: 0h:0m:38s (0h:0m:39s left)
Log-likelihood cutoff on original alignment: -13579.485
Optimizing NNI: done in 0.576289 secs using 195.6% CPU
Optimizing NNI: done in 0.612567 secs using 196% CPU
Optimizing NNI: done in 0.730012 secs using 196% CPU
Optimizing NNI: done in 0.623263 secs using 195.8% CPU
Optimizing NNI: done in 0.506855 secs using 196.8% CPU
Optimizing NNI: done in 0.569454 secs using 195.8% CPU
Optimizing NNI: done in 0.887202 secs using 196% CPU
Optimizing NNI: done in 0.558214 secs using 195.6% CPU
Optimizing NNI: done in 0.725244 secs using 196.2% CPU
Optimizing NNI: done in 0.3581 secs using 195.6% CPU
Iteration 60 / LogL: -13547.678 / Time: 0h:0m:44s (0h:0m:30s left)
Optimizing NNI: done in 0.464442 secs using 196.2% CPU
Optimizing NNI: done in 0.607001 secs using 195.9% CPU
Optimizing NNI: done in 0.515677 secs using 195.7% CPU
Optimizing NNI: done in 0.550932 secs using 196% CPU
Optimizing NNI: done in 0.580087 secs using 196.3% CPU
Optimizing NNI: done in 0.521038 secs using 196.2% CPU
Optimizing NNI: done in 0.645662 secs using 196.1% CPU
Optimizing NNI: done in 0.346618 secs using 195.8% CPU
Optimizing NNI: done in 0.602014 secs using 195.9% CPU
Optimizing NNI: done in 0.464529 secs using 196.4% CPU
Iteration 70 / LogL: -13548.547 / Time: 0h:0m:50s (0h:0m:22s left)
Optimizing NNI: done in 0.652786 secs using 196.4% CPU
Optimizing NNI: done in 0.817771 secs using 196.7% CPU
Optimizing NNI: done in 0.453383 secs using 196.1% CPU
Optimizing NNI: done in 0.598738 secs using 196.6% CPU
Optimizing NNI: done in 0.529528 secs using 196.1% CPU
Optimizing NNI: done in 0.765072 secs using 195.7% CPU
Optimizing NNI: done in 0.514727 secs using 196.4% CPU
Optimizing NNI: done in 0.68665 secs using 195.8% CPU
Optimizing NNI: done in 0.762746 secs using 196.3% CPU
Optimizing NNI: done in 0.737565 secs using 196.4% CPU
Iteration 80 / LogL: -13547.623 / Time: 0h:0m:56s (0h:0m:15s left)
Optimizing NNI: done in 0.535443 secs using 196.7% CPU
Optimizing NNI: done in 0.590674 secs using 196.2% CPU
Optimizing NNI: done in 0.579215 secs using 196.4% CPU
Optimizing NNI: done in 0.568231 secs using 196.5% CPU
Optimizing NNI: done in 0.546081 secs using 196.1% CPU
Optimizing NNI: done in 0.532983 secs using 196.6% CPU
Optimizing NNI: done in 0.837465 secs using 196.2% CPU
Optimizing NNI: done in 0.460447 secs using 196.1% CPU
Optimizing NNI: done in 0.653144 secs using 195.8% CPU
Optimizing NNI: done in 0.588717 secs using 196.7% CPU
Iteration 90 / LogL: -13547.623 / Time: 0h:1m:2s (0h:0m:7s left)
Optimizing NNI: done in 0.663226 secs using 196.5% CPU
Optimizing NNI: done in 0.51094 secs using 196.8% CPU
Optimizing NNI: done in 0.579349 secs using 196.3% CPU
Optimizing NNI: done in 0.569942 secs using 196.8% CPU
Optimizing NNI: done in 0.438808 secs using 196.6% CPU
Optimizing NNI: done in 0.688335 secs using 195.7% CPU
Optimizing NNI: done in 0.638103 secs using 195.8% CPU
Optimizing NNI: done in 0.925355 secs using 196.2% CPU
Optimizing NNI: done in 0.676642 secs using 196.5% CPU
Optimizing NNI: done in 0.447376 secs using 195.3% CPU
Iteration 100 / LogL: -13547.601 / Time: 0h:1m:9s (0h:0m:0s left)
Log-likelihood cutoff on original alignment: -13578.593
NOTE: Bootstrap correlation coefficient of split occurrence frequencies: 1.000
Optimizing NNI: done in 0.528938 secs using 196.1% CPU
Optimizing NNI: done in 0.815427 secs using 196% CPU
TREE SEARCH COMPLETED AFTER 102 ITERATIONS / Time: 0h:1m:10s

--------------------------------------------------------------------
|                    FINALIZING TREE SEARCH                        |
--------------------------------------------------------------------
Performs final model parameters optimization
Estimate model parameters (epsilon = 0.010)
1. Initial log-likelihood: -13547.563
Optimal log-likelihood: -13547.563
Gamma shape alpha: 0.654
Parameters optimization took 1 rounds (0.114 sec)
BEST SCORE FOUND : -13547.563

Testing tree branches by SH-like aLRT with 1000 replicates...
0.338 sec.
Creating bootstrap support values...
Split supports printed to NEXUS file FungalCW_tree_20231129/292336at4751.aa.mfa.splits.nex
Total tree length: 14.755

Total number of iterations: 102
CPU time used for tree search: 137.260 sec (0h:2m:17s)
Wall-clock time used for tree search: 70.063 sec (0h:1m:10s)
Total CPU time used: 139.465 sec (0h:2m:19s)
Total wall-clock time used: 71.250 sec (0h:1m:11s)

Computing bootstrap consensus tree...
Reading input file FungalCW_tree_20231129/292336at4751.aa.mfa.splits.nex...
17 taxa and 71 splits.
Consensus tree written to FungalCW_tree_20231129/292336at4751.aa.mfa.contree
Reading input trees file FungalCW_tree_20231129/292336at4751.aa.mfa.contree
Log-likelihood of consensus tree: -13548.517

Analysis results written to: 
  IQ-TREE report:                FungalCW_tree_20231129/292336at4751.aa.mfa.iqtree
  Maximum-likelihood tree:       FungalCW_tree_20231129/292336at4751.aa.mfa.treefile
  Likelihood distances:          FungalCW_tree_20231129/292336at4751.aa.mfa.mldist

Ultrafast bootstrap approximation results written to:
  Split support values:          FungalCW_tree_20231129/292336at4751.aa.mfa.splits.nex
  Consensus tree:                FungalCW_tree_20231129/292336at4751.aa.mfa.contree
  Screen log file:               FungalCW_tree_20231129/292336at4751.aa.mfa.log

Date and Time: Wed Nov 29 01:38:08 2023
