IQ-TREE multicore version 2.2.2.6 COVID-edition for Linux 64-bit built May 27 2023
Developed by Bui Quang Minh, James Barbetti, Nguyen Lam Tung,
Olga Chernomor, Heiko Schmidt, Dominik Schrempf, Michael Woodhams, Ly Trong Nhan.

Host:    c04 (AVX, FMA3, 503 GB RAM)
Command: iqtree2 -s FungalCW_tree_20231129/296643at4751.aa.mfa -gz -B 1000 -alrt 1000 -nt 2
Seed:    216859 (Using SPRNG - Scalable Parallel Random Number Generator)
Time:    Wed Nov 29 01:35:15 2023
Kernel:  AVX+FMA - 2 threads (2 CPU cores detected)

Reading alignment file FungalCW_tree_20231129/296643at4751.aa.mfa ... Fasta format detected
Reading fasta file: done in 0.000438929 secs using 85.44% CPU
Alignment most likely contains protein sequences
Constructing alignment: done in 0.00118613 secs using 145.5% CPU
Alignment has 17 sequences with 446 columns, 421 distinct patterns
245 parsimony-informative, 144 singleton sites, 57 constant sites
                                                               Gap/Ambiguity  Composition  p-value
Analyzing sequences: done in 4.69685e-05 secs using 97.94% CPU
   1  Basidiobolus_meristosporus_CBS_931.73.Basme2finSC.v1            51.57%    passed     93.73%
   2  Botrytis_cinerea_T4                                             28.70%    passed     93.60%
   3  Colletotrichum_graminicola_M1.001                               31.84%    passed     55.71%
   4  Colletotrichum_higginsianum_IMI_349063                          32.29%    passed     81.75%
   5  Fusarium_graminearum_PH-1                                       29.37%    passed     84.47%
   6  Fusarium_verticillioides_7600                                   29.60%    passed     81.93%
   7  Gilbertella_persicaria_var_persicaria_CBS_190.32-T.Gilper1.v1   31.61%    passed     78.03%
   8  Mortierella_elongata_AG-77                                      32.06%    passed     86.21%
   9  Mucor_mucedo_NRRL_3635                                          32.74%    passed     96.57%
  10  Neoconidiobolus_thromboides_FSU_785.Conth1.v1                   30.94%    passed     31.73%
  11  Phycomyces_blakesleeanus_NRRL_1555.Phybl2.v2                    56.95%    passed     95.34%
  12  Rhizopus_stolonifer_NRRL_66455                                  38.12%    passed     98.57%
  13  Trichoderma_harzianum_CBS_226.95                                31.17%    passed     74.06%
  14  Umbelopsis_ramanniana_NRRL_5844.Umbra1.v1                       30.94%    passed     99.52%
  15  Ustilago_maydis                                                 31.17%    failed      4.58%
  16  Zoophthora_radicans_ATCC_208865                                 32.06%    passed     20.32%
  17  Zymoseptoria_tritici_IP0323                                     22.87%    passed     91.98%
WARNING: 2 sequences contain more than 50% gaps/ambiguity
****  TOTAL                                                           33.76%  1 sequences failed composition chi2 test (p-value<5%; df=19)
Checking for duplicate sequences: done in 0.00013113 secs using 199.8% CPU


Create initial parsimony tree by phylogenetic likelihood library (PLL)... 0.003 seconds
Perform fast likelihood tree search using LG+I+G model...
Estimate model parameters (epsilon = 5.000)
Perform nearest neighbor interchange...
Optimizing NNI: done in 0.284003 secs using 196.2% CPU
Estimate model parameters (epsilon = 1.000)
1. Initial log-likelihood: -9139.759
2. Current log-likelihood: -9138.492
Optimal log-likelihood: -9137.687
Proportion of invariable sites: 0.013
Gamma shape alpha: 0.423
Parameters optimization took 2 rounds (0.348 sec)
Time for fast ML tree search: 1.220 seconds

NOTE: ModelFinder requires 13 MB RAM!
ModelFinder will test up to 1232 protein models (sample size: 446) ...
 No. Model         -LnL         df  AIC          AICc         BIC
  1  LG            9791.301     31  19644.602    19649.395    19771.712
  2  LG+I          9612.584     32  19289.168    19294.282    19420.378
  3  LG+G4         9135.966     32  18335.933    18341.047    18467.143
  4  LG+I+G4       9136.163     33  18338.326    18343.772    18473.636
  5  LG+R2         9262.940     33  18591.879    18597.326    18727.190
  6  LG+R3         9151.951     35  18373.902    18380.048    18517.413
  7  LG+R4         9129.457     37  18332.915    18339.807    18484.626
  8  LG+R5         9113.260     39  18304.520    18312.205    18464.433
  9  LG+R6         9103.317     41  18288.633    18297.158    18456.746
 10  LG+R7         9097.092     43  18280.184    18289.597    18456.498
 11  LG+R8         9096.991     45  18283.981    18294.331    18468.496
 14  LG+I+R2       9187.948     34  18443.895    18449.686    18583.306
 15  LG+I+R3       9129.160     36  18330.320    18336.833    18477.931
 16  LG+I+R4       9114.204     38  18304.408    18311.690    18460.220
 17  LG+I+R5       9103.278     40  18286.557    18294.656    18450.570
 18  LG+I+R6       9101.641     42  18287.282    18296.244    18459.495
 31  LG+F+R6       9069.466     60  18258.931    18277.944    18504.950
 32  LG+F+R7       9063.678     62  18251.356    18271.753    18505.576
 38  LG+F+I+R4     9083.171     57  18280.343    18297.384    18514.061
 39  LG+F+I+R5     9070.823     59  18259.647    18277.989    18501.565
 40  LG+F+I+R6     9068.449     61  18258.898    18278.596    18509.018
 53  WAG+R6        9128.301     41  18338.603    18347.128    18506.716
 54  WAG+R7        9126.857     43  18339.714    18349.127    18516.028
 60  WAG+I+R4      9135.119     38  18346.239    18353.522    18502.051
 61  WAG+I+R5      9130.133     40  18340.265    18348.364    18504.278
 75  WAG+F+R6      9085.460     60  18290.920    18309.933    18536.939
 76  WAG+F+R7      9080.097     62  18284.195    18304.592    18538.414
 82  WAG+F+I+R4    9092.484     57  18298.967    18316.009    18532.686
 83  WAG+F+I+R5    9083.899     59  18285.797    18304.139    18527.716
 84  WAG+F+I+R6    9080.314     61  18282.629    18302.327    18532.748
 97  JTT+R6        9145.504     41  18373.007    18381.532    18541.120
 98  JTT+R7        9144.085     43  18374.169    18383.582    18550.483
104  JTT+I+R4      9165.285     38  18406.570    18413.852    18562.382
105  JTT+I+R5      9156.110     40  18392.220    18400.319    18556.233
106  JTT+I+R6      9150.784     42  18385.567    18394.530    18557.781
119  JTT+F+R6      9129.192     60  18378.383    18397.396    18624.402
120  JTT+F+R7      9123.113     62  18370.227    18390.624    18624.447
126  JTT+F+I+R4    9142.148     57  18398.296    18415.337    18632.014
127  JTT+F+I+R5    9131.804     59  18381.608    18399.950    18623.527
128  JTT+F+I+R6    9129.122     61  18380.245    18399.942    18630.364
WARNING: Normalizing state frequencies so that sum of them equals to 1
141  Q.pfam+R6     9090.925     41  18263.850    18272.375    18431.963
WARNING: Normalizing state frequencies so that sum of them equals to 1
142  Q.pfam+R7     9085.840     43  18257.680    18267.093    18433.994
WARNING: Normalizing state frequencies so that sum of them equals to 1
148  Q.pfam+I+R4   9100.252     38  18276.505    18283.787    18432.317
WARNING: Normalizing state frequencies so that sum of them equals to 1
149  Q.pfam+I+R5   9090.938     40  18261.877    18269.975    18425.889
WARNING: Normalizing state frequencies so that sum of them equals to 1
150  Q.pfam+I+R6   9088.901     42  18261.802    18270.765    18434.016
WARNING: Normalizing state frequencies so that sum of them equals to 1
163  Q.pfam+F+R6   9065.375     60  18250.750    18269.763    18496.769
WARNING: Normalizing state frequencies so that sum of them equals to 1
164  Q.pfam+F+R7   9060.157     62  18244.313    18264.710    18498.533
WARNING: Normalizing state frequencies so that sum of them equals to 1
170  Q.pfam+F+I+R4 9076.225     57  18266.449    18283.490    18500.167
WARNING: Normalizing state frequencies so that sum of them equals to 1
171  Q.pfam+F+I+R5 9066.005     59  18250.010    18268.352    18491.929
WARNING: Normalizing state frequencies so that sum of them equals to 1
172  Q.pfam+F+I+R6 9063.565     61  18249.130    18268.828    18499.250
WARNING: Normalizing state frequencies so that sum of them equals to 1
185  Q.bird+R6     9226.681     41  18535.362    18543.887    18703.475
WARNING: Normalizing state frequencies so that sum of them equals to 1
186  Q.bird+R7     9225.995     43  18537.990    18547.402    18714.303
WARNING: Normalizing state frequencies so that sum of them equals to 1
192  Q.bird+I+R4   9261.288     38  18598.576    18605.859    18754.388
WARNING: Normalizing state frequencies so that sum of them equals to 1
193  Q.bird+I+R5   9245.159     40  18570.319    18578.418    18734.332
WARNING: Normalizing state frequencies so that sum of them equals to 1
194  Q.bird+I+R6   9236.612     42  18557.223    18566.186    18729.436
WARNING: Normalizing state frequencies so that sum of them equals to 1
207  Q.bird+F+R6   9220.953     60  18561.906    18580.919    18807.925
WARNING: Normalizing state frequencies so that sum of them equals to 1
208  Q.bird+F+R7   9217.626     62  18559.253    18579.650    18813.472
WARNING: Normalizing state frequencies so that sum of them equals to 1
214  Q.bird+F+I+R4 9254.890     57  18623.781    18640.822    18857.499
WARNING: Normalizing state frequencies so that sum of them equals to 1
215  Q.bird+F+I+R5 9238.148     59  18594.295    18612.637    18836.214
WARNING: Normalizing state frequencies so that sum of them equals to 1
216  Q.bird+F+I+R6 9212.289     61  18546.578    18566.276    18796.697
WARNING: Normalizing state frequencies so that sum of them equals to 1
229  Q.mammal+R6   9177.622     41  18437.245    18445.769    18605.358
WARNING: Normalizing state frequencies so that sum of them equals to 1
230  Q.mammal+R7   9176.861     43  18439.721    18449.134    18616.035
WARNING: Normalizing state frequencies so that sum of them equals to 1
236  Q.mammal+I+R4 9206.234     38  18488.468    18495.750    18644.280
WARNING: Normalizing state frequencies so that sum of them equals to 1
237  Q.mammal+I+R5 9192.955     40  18465.909    18474.008    18629.922
WARNING: Normalizing state frequencies so that sum of them equals to 1
238  Q.mammal+I+R6 9185.920     42  18455.839    18464.802    18628.052
WARNING: Normalizing state frequencies so that sum of them equals to 1
251  Q.mammal+F+R6 9178.505     60  18477.009    18496.022    18723.028
WARNING: Normalizing state frequencies so that sum of them equals to 1
252  Q.mammal+F+R7 9175.901     62  18475.802    18496.199    18730.022
WARNING: Normalizing state frequencies so that sum of them equals to 1
258  Q.mammal+F+I+R4 9205.324     57  18524.647    18541.689    18758.366
WARNING: Normalizing state frequencies so that sum of them equals to 1
259  Q.mammal+F+I+R5 9191.801     59  18501.602    18519.944    18743.521
WARNING: Normalizing state frequencies so that sum of them equals to 1
260  Q.mammal+F+I+R6 9190.958     61  18503.916    18523.613    18754.035
273  Q.insect+R6   9134.678     41  18351.355    18359.880    18519.468
274  Q.insect+R7   9128.949     43  18343.899    18353.312    18520.213
280  Q.insect+I+R4 9149.272     38  18374.544    18381.827    18530.356
281  Q.insect+I+R5 9138.128     40  18356.255    18364.354    18520.268
282  Q.insect+I+R6 9137.038     42  18358.076    18367.039    18530.289
295  Q.insect+F+R6 9085.505     60  18291.010    18310.023    18537.029
296  Q.insect+F+R7 9079.388     62  18282.775    18303.172    18536.995
302  Q.insect+F+I+R4 9101.268     57  18316.537    18333.578    18550.255
303  Q.insect+F+I+R5 9089.328     59  18296.655    18314.997    18538.574
304  Q.insect+F+I+R6 9087.450     61  18296.901    18316.598    18547.020
WARNING: Normalizing state frequencies so that sum of them equals to 1
317  Q.plant+R6    9176.000     41  18434.001    18442.525    18602.114
WARNING: Normalizing state frequencies so that sum of them equals to 1
318  Q.plant+R7    9170.009     43  18426.019    18435.432    18602.333
WARNING: Normalizing state frequencies so that sum of them equals to 1
324  Q.plant+I+R4  9193.773     38  18463.545    18470.828    18619.358
WARNING: Normalizing state frequencies so that sum of them equals to 1
325  Q.plant+I+R5  9179.886     40  18439.772    18447.871    18603.784
WARNING: Normalizing state frequencies so that sum of them equals to 1
326  Q.plant+I+R6  9172.933     42  18429.866    18438.828    18602.079
WARNING: Normalizing state frequencies so that sum of them equals to 1
339  Q.plant+F+R6  9130.573     60  18381.145    18400.158    18627.164
WARNING: Normalizing state frequencies so that sum of them equals to 1
340  Q.plant+F+R7  9124.106     62  18372.212    18392.609    18626.432
WARNING: Normalizing state frequencies so that sum of them equals to 1
346  Q.plant+F+I+R4 9149.103     57  18412.207    18429.248    18645.925
WARNING: Normalizing state frequencies so that sum of them equals to 1
347  Q.plant+F+I+R5 9134.229     59  18386.458    18404.800    18628.376
WARNING: Normalizing state frequencies so that sum of them equals to 1
348  Q.plant+F+I+R6 9123.905     61  18369.810    18389.508    18619.930
WARNING: Normalizing state frequencies so that sum of them equals to 1
361  Q.yeast+R6    9138.787     41  18359.573    18368.098    18527.686
WARNING: Normalizing state frequencies so that sum of them equals to 1
362  Q.yeast+R7    9136.233     43  18358.466    18367.879    18534.780
WARNING: Normalizing state frequencies so that sum of them equals to 1
368  Q.yeast+I+R4  9162.708     38  18401.416    18408.699    18557.228
WARNING: Normalizing state frequencies so that sum of them equals to 1
369  Q.yeast+I+R5  9150.107     40  18380.214    18388.313    18544.227
WARNING: Normalizing state frequencies so that sum of them equals to 1
370  Q.yeast+I+R6  9148.703     42  18381.407    18390.370    18553.620
WARNING: Normalizing state frequencies so that sum of them equals to 1
383  Q.yeast+F+R6  9079.864     60  18279.729    18298.742    18525.748
WARNING: Normalizing state frequencies so that sum of them equals to 1
384  Q.yeast+F+R7  9073.494     62  18270.987    18291.384    18525.207
WARNING: Normalizing state frequencies so that sum of them equals to 1
390  Q.yeast+F+I+R4 9096.718     57  18307.437    18324.478    18541.155
WARNING: Normalizing state frequencies so that sum of them equals to 1
391  Q.yeast+F+I+R5 9083.686     59  18285.372    18303.714    18527.290
WARNING: Normalizing state frequencies so that sum of them equals to 1
392  Q.yeast+F+I+R6 9081.482     61  18284.965    18304.662    18535.084
405  JTTDCMut+R6   9146.196     41  18374.391    18382.916    18542.504
406  JTTDCMut+R7   9144.820     43  18375.641    18385.054    18551.955
412  JTTDCMut+I+R4 9165.688     38  18407.375    18414.658    18563.187
413  JTTDCMut+I+R5 9156.621     40  18393.241    18401.340    18557.254
414  JTTDCMut+I+R6 9151.271     42  18386.542    18395.505    18558.755
427  JTTDCMut+F+R6 9127.172     60  18374.345    18393.358    18620.364
428  JTTDCMut+F+R7 9121.312     62  18366.624    18387.021    18620.844
434  JTTDCMut+F+I+R4 9140.031     57  18394.062    18411.104    18627.781
435  JTTDCMut+F+I+R5 9129.794     59  18377.588    18395.930    18619.506
436  JTTDCMut+F+I+R6 9127.166     61  18376.331    18396.029    18626.451
449  DCMut+R6      9215.940     41  18513.880    18522.405    18681.993
450  DCMut+R7      9208.854     43  18503.707    18513.120    18680.021
456  DCMut+I+R4    9228.381     38  18532.762    18540.045    18688.574
457  DCMut+I+R5    9217.638     40  18515.276    18523.375    18679.289
458  DCMut+I+R6    9214.855     42  18513.709    18522.672    18685.923
471  DCMut+F+R6    9121.043     60  18362.086    18381.099    18608.105
472  DCMut+F+R7    9114.114     62  18352.228    18372.625    18606.448
478  DCMut+F+I+R4  9133.900     57  18381.800    18398.841    18615.518
479  DCMut+F+I+R5  9122.333     59  18362.665    18381.007    18604.584
480  DCMut+F+I+R6  9120.925     61  18363.850    18383.547    18613.969
493  VT+R6         9111.813     41  18305.627    18314.151    18473.740
494  VT+R7         9109.897     43  18305.794    18315.207    18482.108
500  VT+I+R4       9121.252     38  18318.504    18325.787    18474.316
501  VT+I+R5       9116.777     40  18313.554    18321.653    18477.567
515  VT+F+R6       9100.202     60  18320.404    18339.417    18566.423
516  VT+F+R7       9095.373     62  18314.745    18335.142    18568.965
522  VT+F+I+R4     9107.418     57  18328.836    18345.877    18562.554
523  VT+F+I+R5     9100.639     59  18319.279    18337.621    18561.198
524  VT+F+I+R6     9097.103     61  18316.205    18335.903    18566.325
537  PMB+R6        9172.610     41  18427.220    18435.745    18595.333
538  PMB+R7        9171.012     43  18428.024    18437.437    18604.338
544  PMB+I+R4      9169.065     38  18414.129    18421.412    18569.941
545  PMB+I+R5      9166.011     40  18412.021    18420.120    18576.034
559  PMB+F+R6      9115.830     60  18351.660    18370.673    18597.680
560  PMB+F+R7      9111.489     62  18346.978    18367.375    18601.198
566  PMB+F+I+R4    9117.889     57  18349.778    18366.820    18583.497
567  PMB+F+I+R5    9113.333     59  18344.667    18363.009    18586.585
581  Blosum62+R6   9189.902     41  18461.804    18470.329    18629.917
582  Blosum62+R7   9188.553     43  18463.105    18472.518    18639.419
588  Blosum62+I+R4 9196.226     38  18468.451    18475.734    18624.263
589  Blosum62+I+R5 9192.110     40  18464.220    18472.319    18628.233
603  Blosum62+F+R6 9113.829     60  18347.657    18366.670    18593.676
604  Blosum62+F+R7 9109.469     62  18342.937    18363.334    18597.157
610  Blosum62+F+I+R4 9120.004     57  18354.007    18371.049    18587.725
611  Blosum62+F+I+R5 9113.130     59  18344.261    18362.603    18586.180
612  Blosum62+F+I+R6 9109.562     61  18341.123    18360.821    18591.242
625  Dayhoff+R6    9216.002     41  18514.004    18522.529    18682.117
626  Dayhoff+R7    9208.897     43  18503.795    18513.208    18680.109
632  Dayhoff+I+R4  9228.579     38  18533.158    18540.441    18688.971
633  Dayhoff+I+R5  9217.730     40  18515.460    18523.558    18679.472
634  Dayhoff+I+R6  9214.943     42  18513.887    18522.849    18686.100
647  Dayhoff+F+R6  9121.190     60  18362.380    18381.393    18608.399
648  Dayhoff+F+R7  9114.246     62  18352.491    18372.888    18606.711
654  Dayhoff+F+I+R4 9134.195     57  18382.390    18399.431    18616.108
655  Dayhoff+F+I+R5 9122.522     59  18363.044    18381.386    18604.963
656  Dayhoff+F+I+R6 9121.125     61  18364.249    18383.947    18614.368
669  mtREV+R6      9495.813     41  19073.627    19082.152    19241.740
670  mtREV+R7      9491.949     43  19069.898    19079.311    19246.212
676  mtREV+I+R4    9507.812     38  19091.624    19098.906    19247.436
677  mtREV+I+R5    9503.925     40  19087.849    19095.948    19251.862
691  mtREV+F+R6    9124.985     60  18369.970    18388.983    18615.989
692  mtREV+F+R7    9119.743     62  18363.486    18383.883    18617.705
698  mtREV+F+I+R4  9142.144     57  18398.288    18415.330    18632.007
699  mtREV+F+I+R5  9128.768     59  18375.537    18393.879    18617.455
700  mtREV+F+I+R6  9118.903     61  18359.806    18379.504    18609.926
713  mtART+R6      9679.962     41  19441.923    19450.448    19610.036
714  mtART+R7      9678.929     43  19443.858    19453.271    19620.172
720  mtART+I+R4    9682.557     38  19441.115    19448.397    19596.927
721  mtART+I+R5    9678.242     40  19436.484    19444.582    19600.496
735  mtART+F+R6    9170.152     60  18460.304    18479.317    18706.324
736  mtART+F+R7    9162.217     62  18448.434    18468.831    18702.654
742  mtART+F+I+R4  9201.887     57  18517.774    18534.816    18751.493
743  mtART+F+I+R5  9176.548     59  18471.096    18489.438    18713.014
744  mtART+F+I+R6  9164.993     61  18451.987    18471.685    18702.106
757  mtZOA+R6      9529.030     41  19140.060    19148.585    19308.173
758  mtZOA+R7      9527.135     43  19140.269    19149.682    19316.583
764  mtZOA+I+R4    9565.569     38  19207.138    19214.421    19362.950
765  mtZOA+I+R5    9544.268     40  19168.536    19176.635    19332.549
766  mtZOA+I+R6    9520.952     42  19125.904    19134.867    19298.118
779  mtZOA+F+R6    9140.456     60  18400.912    18419.925    18646.931
780  mtZOA+F+R7    9132.866     62  18389.732    18410.129    18643.951
786  mtZOA+F+I+R4  9169.138     57  18452.277    18469.318    18685.995
787  mtZOA+F+I+R5  9147.141     59  18412.282    18430.624    18654.201
788  mtZOA+F+I+R6  9136.269     61  18394.538    18414.236    18644.658
801  mtMet+R6      9646.785     41  19375.570    19384.095    19543.683
802  mtMet+R7      9646.062     43  19378.124    19387.537    19554.437
808  mtMet+I+R4    9644.873     38  19365.745    19373.028    19521.557
809  mtMet+I+R5    9643.369     40  19366.738    19374.837    19530.751
823  mtMet+F+R6    9164.638     60  18449.276    18468.289    18695.295
824  mtMet+F+R7    9157.144     62  18438.288    18458.685    18692.508
830  mtMet+F+I+R4  9191.860     57  18497.719    18514.760    18731.437
831  mtMet+F+I+R5  9173.837     59  18465.674    18484.016    18707.593
832  mtMet+F+I+R6  9153.334     61  18428.668    18448.366    18678.788
845  mtVer+R6      9612.485     41  19306.969    19315.494    19475.083
846  mtVer+R7      9611.451     43  19308.903    19318.316    19485.216
852  mtVer+I+R4    9650.935     38  19377.871    19385.153    19533.683
853  mtVer+I+R5    9629.552     40  19339.104    19347.203    19503.117
854  mtVer+I+R6    9599.901     42  19283.801    19292.764    19456.015
867  mtVer+F+R6    9233.702     60  18587.404    18606.417    18833.423
868  mtVer+F+R7    9225.475     62  18574.951    18595.347    18829.170
874  mtVer+F+I+R4  9259.989     57  18633.978    18651.019    18867.696
875  mtVer+F+I+R5  9241.321     59  18600.641    18618.983    18842.560
876  mtVer+F+I+R6  9224.165     61  18570.330    18590.028    18820.449
889  mtInv+R6      9787.198     41  19656.396    19664.920    19824.509
890  mtInv+R7      9786.453     43  19658.906    19668.318    19835.219
896  mtInv+I+R4    9786.213     38  19648.427    19655.709    19804.239
WARNING: Log-likelihood -9787.66 of mtInv+I+R5 worse than mtInv+I+R4 -9786.21
897  mtInv+I+R5    9787.656     40  19655.313    19663.412    19819.325
911  mtInv+F+R6    9122.739     60  18365.478    18384.491    18611.497
912  mtInv+F+R7    9115.674     62  18355.348    18375.745    18609.568
918  mtInv+F+I+R4  9140.632     57  18395.264    18412.305    18628.982
919  mtInv+F+I+R5  9126.185     59  18370.370    18388.712    18612.289
920  mtInv+F+I+R6  9118.549     61  18359.098    18378.796    18609.218
933  mtMAM+R6      9660.180     41  19402.359    19410.884    19570.472
934  mtMAM+R7      9659.518     43  19405.036    19414.449    19581.349
940  mtMAM+I+R4    9708.518     38  19493.036    19500.318    19648.848
941  mtMAM+I+R5    9657.289     40  19394.578    19402.677    19558.590
WARNING: Log-likelihood -9658.72 of mtMAM+I+R6 worse than mtMAM+I+R5 -9657.29
942  mtMAM+I+R6    9658.722     42  19401.444    19410.406    19573.657
955  mtMAM+F+R6    9249.130     60  18618.259    18637.272    18864.278
956  mtMAM+F+R7    9241.532     62  18607.064    18627.461    18861.283
962  mtMAM+F+I+R4  9281.568     57  18677.136    18694.178    18910.855
963  mtMAM+F+I+R5  9260.024     59  18638.048    18656.390    18879.967
964  mtMAM+F+I+R6  9239.266     61  18600.533    18620.231    18850.652
WARNING: Normalizing state frequencies so that sum of them equals to 1
977  FLAVI+R6      9428.345     41  18938.690    18947.214    19106.803
WARNING: Normalizing state frequencies so that sum of them equals to 1
978  FLAVI+R7      9427.279     43  18940.559    18949.972    19116.872
WARNING: Normalizing state frequencies so that sum of them equals to 1
984  FLAVI+I+R4    9465.659     38  19007.317    19014.600    19163.129
WARNING: Normalizing state frequencies so that sum of them equals to 1
985  FLAVI+I+R5    9445.591     40  18971.182    18979.281    19135.194
WARNING: Normalizing state frequencies so that sum of them equals to 1
986  FLAVI+I+R6    9427.239     42  18938.477    18947.440    19110.691
WARNING: Normalizing state frequencies so that sum of them equals to 1
999  FLAVI+F+R6    9329.972     60  18779.944    18798.957    19025.964
WARNING: Normalizing state frequencies so that sum of them equals to 1
1000  FLAVI+F+R7    9321.057     62  18766.114    18786.510    19020.333
WARNING: Normalizing state frequencies so that sum of them equals to 1
1006  FLAVI+F+I+R4  9369.291     57  18852.581    18869.622    19086.299
WARNING: Normalizing state frequencies so that sum of them equals to 1
1007  FLAVI+F+I+R5  9345.898     59  18809.796    18828.138    19051.715
WARNING: Normalizing state frequencies so that sum of them equals to 1
1008  FLAVI+F+I+R6  9337.881     61  18797.761    18817.459    19047.881
1021  HIVb+R6       9284.715     41  18651.431    18659.955    18819.544
1022  HIVb+R7       9281.996     43  18649.993    18659.406    18826.306
1028  HIVb+I+R4     9277.162     38  18630.325    18637.607    18786.137
1029  HIVb+I+R5     9272.024     40  18624.048    18632.146    18788.060
1043  HIVb+F+R6     9223.443     60  18566.885    18585.898    18812.904
1044  HIVb+F+R7     9216.329     62  18556.658    18577.055    18810.878
1050  HIVb+F+I+R4   9248.686     57  18611.373    18628.414    18845.091
1051  HIVb+F+I+R5   9229.300     59  18576.600    18594.942    18818.519
1052  HIVb+F+I+R6   9210.944     61  18543.887    18563.585    18794.007
1065  HIVw+R6       9614.540     41  19311.080    19319.605    19479.193
1066  HIVw+R7       9609.621     43  19305.241    19314.654    19481.555
1072  HIVw+I+R4     9646.945     38  19369.891    19377.173    19525.703
1073  HIVw+I+R5     9627.561     40  19335.122    19343.221    19499.135
1074  HIVw+I+R6     9626.379     42  19336.759    19345.722    19508.972
1087  HIVw+F+R6     9393.171     60  18906.343    18925.356    19152.362
1088  HIVw+F+R7     9383.173     62  18890.346    18910.743    19144.566
1094  HIVw+F+I+R4   9411.680     57  18937.359    18954.400    19171.077
1095  HIVw+F+I+R5   9392.787     59  18903.574    18921.916    19145.493
1096  HIVw+F+I+R6   9379.756     61  18881.513    18901.211    19131.632
1109  FLU+R6        9277.314     41  18636.628    18645.152    18804.741
1110  FLU+R7        9274.291     43  18634.582    18643.995    18810.895
1116  FLU+I+R4      9273.324     38  18622.648    18629.931    18778.460
1117  FLU+I+R5      9266.510     40  18613.020    18621.119    18777.033
1118  FLU+I+R6      9259.727     42  18603.454    18612.417    18775.668
1131  FLU+F+R6      9182.129     60  18484.257    18503.270    18730.276
1132  FLU+F+R7      9179.668     62  18483.335    18503.732    18737.555
1138  FLU+F+I+R4    9213.842     57  18541.683    18558.725    18775.402
1139  FLU+F+I+R5    9195.933     59  18509.867    18528.209    18751.786
1140  FLU+F+I+R6    9170.162     61  18462.325    18482.022    18712.444
1153  rtREV+R6      9124.368     41  18330.735    18339.260    18498.849
1154  rtREV+R7      9121.172     43  18328.345    18337.758    18504.658
1160  rtREV+I+R4    9132.873     38  18341.747    18349.029    18497.559
1161  rtREV+I+R5    9127.782     40  18335.564    18343.663    18499.577
1175  rtREV+F+R6    9066.784     60  18253.567    18272.580    18499.586
1176  rtREV+F+R7    9061.845     62  18247.690    18268.087    18501.910
1182  rtREV+F+I+R4  9079.799     57  18273.597    18290.638    18507.315
1183  rtREV+F+I+R5  9068.849     59  18255.698    18274.040    18497.617
1184  rtREV+F+I+R6  9066.836     61  18255.671    18275.369    18505.791
1197  cpREV+R6      9190.937     41  18463.874    18472.399    18631.987
1198  cpREV+R7      9185.438     43  18456.877    18466.290    18633.191
1204  cpREV+I+R4    9190.409     38  18456.818    18464.100    18612.630
1205  cpREV+I+R5    9184.979     40  18449.959    18458.058    18613.972
1219  cpREV+F+R6    9136.360     60  18392.720    18411.733    18638.739
1220  cpREV+F+R7    9130.406     62  18384.811    18405.208    18639.031
1226  cpREV+F+I+R4  9143.934     57  18401.868    18418.909    18635.586
1227  cpREV+F+I+R5  9131.683     59  18381.365    18399.707    18623.284
1228  cpREV+F+I+R6  9129.260     61  18380.521    18400.219    18630.640
Akaike Information Criterion:           Q.pfam+F+R7
Corrected Akaike Information Criterion: Q.pfam+F+R7
Bayesian Information Criterion:         Q.pfam+I+R5
Best-fit model: Q.pfam+I+R5 chosen according to BIC

All model information printed to FungalCW_tree_20231129/296643at4751.aa.mfa.model.gz
CPU time for ModelFinder: 1576.080 seconds (0h:26m:16s)
Wall-clock time for ModelFinder: 805.359 seconds (0h:13m:25s)
Generating 1000 samples for ultrafast bootstrap (seed: 216859)...
WARNING: Normalizing state frequencies so that sum of them equals to 1

NOTE: 7 MB RAM (0 GB) is required!
Estimate model parameters (epsilon = 0.100)
1. Initial log-likelihood: -9090.938
Optimal log-likelihood: -9090.925
Proportion of invariable sites: 0.076
Site proportion and rates:  (0.326,0.078) (0.190,0.236) (0.106,0.348) (0.059,0.566) (0.243,3.538)
Parameters optimization took 1 rounds (0.371 sec)
Wrote distance file to... 
Computing ML distances based on estimated model parameters...
Calculating distance matrix: done in 0.109236 secs using 196.8% CPU
Computing ML distances took 0.109555 sec (of wall-clock time) 0.215629 sec (of CPU time)
WARNING: Some pairwise ML distances are too long (saturated)
Setting up auxiliary I and S matrices: done in 0.00049901 secs using 25.05% CPU
Constructing RapidNJ tree: done in 0.000414848 secs
Computing RapidNJ tree took 0.001094 sec (of wall-clock time) 0.000174 sec (of CPU time)
Log-likelihood of RapidNJ tree: -9102.223
--------------------------------------------------------------------
|             INITIALIZING CANDIDATE TREE SET                      |
--------------------------------------------------------------------
Generating 98 parsimony trees... 0.468 second
Computing log-likelihood of 98 initial trees ... 3.477 seconds
Current best score: -9090.925

Do NNI search on 20 best initial trees
Optimizing NNI: done in 0.450344 secs using 195.1% CPU
Estimate model parameters (epsilon = 0.100)
BETTER TREE FOUND at iteration 1: -9075.716
Optimizing NNI: done in 0.501072 secs using 195.4% CPU
Optimizing NNI: done in 0.724476 secs using 194.7% CPU
Optimizing NNI: done in 0.705228 secs using 195.4% CPU
Optimizing NNI: done in 0.705642 secs using 195.6% CPU
Optimizing NNI: done in 0.842461 secs using 195.6% CPU
Optimizing NNI: done in 0.810593 secs using 196.4% CPU
Optimizing NNI: done in 0.887921 secs using 195.6% CPU
Optimizing NNI: done in 0.541445 secs using 196.1% CPU
Optimizing NNI: done in 0.627902 secs using 196% CPU
Iteration 10 / LogL: -9076.642 / Time: 0h:0m:16s
Optimizing NNI: done in 0.84171 secs using 195.6% CPU
Optimizing NNI: done in 0.840739 secs using 195.6% CPU
Optimizing NNI: done in 0.877271 secs using 196.1% CPU
Optimizing NNI: done in 0.758641 secs using 195.7% CPU
Optimizing NNI: done in 0.642929 secs using 195.7% CPU
Optimizing NNI: done in 0.678934 secs using 195.3% CPU
Optimizing NNI: done in 0.890081 secs using 196% CPU
Optimizing NNI: done in 0.776799 secs using 195.9% CPU
Optimizing NNI: done in 0.810651 secs using 195.6% CPU
Optimizing NNI: done in 0.863039 secs using 195.6% CPU
Iteration 20 / LogL: -9075.842 / Time: 0h:0m:24s
Finish initializing candidate tree set (2)
Current best tree score: -9075.716 / CPU time: 23.380
Number of iterations: 20
--------------------------------------------------------------------
|               OPTIMIZING CANDIDATE TREE SET                      |
--------------------------------------------------------------------
Optimizing NNI: done in 0.430988 secs using 195.9% CPU
Optimizing NNI: done in 0.494343 secs using 195.8% CPU
Estimate model parameters (epsilon = 0.100)
UPDATE BEST LOG-LIKELIHOOD: -9075.286
Optimizing NNI: done in 0.899802 secs using 195.3% CPU
Optimizing NNI: done in 0.574546 secs using 195.2% CPU
Optimizing NNI: done in 0.573738 secs using 196.3% CPU
Optimizing NNI: done in 0.404807 secs using 195.3% CPU
Estimate model parameters (epsilon = 0.100)
UPDATE BEST LOG-LIKELIHOOD: -9075.104
Optimizing NNI: done in 0.384988 secs using 196.8% CPU
Optimizing NNI: done in 0.43314 secs using 195.8% CPU
Optimizing NNI: done in 0.594754 secs using 196% CPU
Optimizing NNI: done in 0.647814 secs using 196.7% CPU
Iteration 30 / LogL: -9075.127 / Time: 0h:0m:31s (0h:1m:16s left)
Optimizing NNI: done in 0.652297 secs using 195.9% CPU
Optimizing NNI: done in 0.632565 secs using 196% CPU
Optimizing NNI: done in 0.536678 secs using 196% CPU
Optimizing NNI: done in 0.665834 secs using 195.1% CPU
Optimizing NNI: done in 0.572174 secs using 194.7% CPU
Optimizing NNI: done in 0.596398 secs using 196.3% CPU
Optimizing NNI: done in 0.503883 secs using 196.5% CPU
Optimizing NNI: done in 0.463086 secs using 195.4% CPU
Optimizing NNI: done in 0.551237 secs using 195.4% CPU
Optimizing NNI: done in 0.685882 secs using 196.2% CPU
Iteration 40 / LogL: -9075.147 / Time: 0h:0m:37s (0h:0m:58s left)
Optimizing NNI: done in 0.506877 secs using 196.1% CPU
Optimizing NNI: done in 0.534146 secs using 195.1% CPU
Optimizing NNI: done in 0.561716 secs using 195.7% CPU
Optimizing NNI: done in 0.520915 secs using 196.1% CPU
Optimizing NNI: done in 0.288546 secs using 194.9% CPU
UPDATE BEST LOG-LIKELIHOOD: -9075.100
Optimizing NNI: done in 0.317594 secs using 194.6% CPU
Optimizing NNI: done in 0.421609 secs using 196.1% CPU
Optimizing NNI: done in 0.391097 secs using 196% CPU
Optimizing NNI: done in 0.316414 secs using 195.9% CPU
Optimizing NNI: done in 0.498015 secs using 194.7% CPU
Iteration 50 / LogL: -9075.297 / Time: 0h:0m:41s (0h:0m:43s left)
Log-likelihood cutoff on original alignment: -9112.594
Optimizing NNI: done in 0.775279 secs using 195.7% CPU
Optimizing NNI: done in 0.384191 secs using 195.8% CPU
Optimizing NNI: done in 0.505313 secs using 196.1% CPU
Optimizing NNI: done in 0.583999 secs using 195.6% CPU
Optimizing NNI: done in 0.606052 secs using 195.8% CPU
Optimizing NNI: done in 0.527052 secs using 196.4% CPU
Optimizing NNI: done in 0.616998 secs using 196.5% CPU
Optimizing NNI: done in 0.445656 secs using 195.7% CPU
Optimizing NNI: done in 0.329684 secs using 196.2% CPU
Optimizing NNI: done in 0.595986 secs using 195.6% CPU
Iteration 60 / LogL: -9075.289 / Time: 0h:0m:47s (0h:0m:32s left)
Optimizing NNI: done in 0.524347 secs using 196.4% CPU
Optimizing NNI: done in 0.812721 secs using 195.7% CPU
Optimizing NNI: done in 0.381893 secs using 196.2% CPU
Optimizing NNI: done in 0.428004 secs using 194.4% CPU
Optimizing NNI: done in 0.60893 secs using 195.7% CPU
Optimizing NNI: done in 0.500622 secs using 196% CPU
Optimizing NNI: done in 0.619555 secs using 195.6% CPU
Optimizing NNI: done in 0.56875 secs using 194.8% CPU
Optimizing NNI: done in 0.518529 secs using 195.8% CPU
Optimizing NNI: done in 0.486391 secs using 195.6% CPU
Iteration 70 / LogL: -9075.108 / Time: 0h:0m:53s (0h:0m:23s left)
Optimizing NNI: done in 0.741606 secs using 196.1% CPU
Optimizing NNI: done in 0.586732 secs using 196.2% CPU
Optimizing NNI: done in 0.648611 secs using 196.1% CPU
Optimizing NNI: done in 0.731718 secs using 196.1% CPU
Optimizing NNI: done in 0.721942 secs using 195.6% CPU
Optimizing NNI: done in 0.500023 secs using 195.3% CPU
Optimizing NNI: done in 0.688239 secs using 195.9% CPU
Optimizing NNI: done in 0.491674 secs using 195.4% CPU
Optimizing NNI: done in 0.418081 secs using 196.1% CPU
Optimizing NNI: done in 0.587025 secs using 196% CPU
Iteration 80 / LogL: -9075.154 / Time: 0h:0m:59s (0h:0m:15s left)
Optimizing NNI: done in 0.495198 secs using 195.6% CPU
Optimizing NNI: done in 0.356818 secs using 195.1% CPU
Optimizing NNI: done in 0.426738 secs using 194.9% CPU
Optimizing NNI: done in 0.381896 secs using 196.2% CPU
Optimizing NNI: done in 0.870112 secs using 195.9% CPU
Optimizing NNI: done in 0.547019 secs using 195.9% CPU
Optimizing NNI: done in 0.420597 secs using 196% CPU
UPDATE BEST LOG-LIKELIHOOD: -9075.095
Optimizing NNI: done in 0.679277 secs using 195.6% CPU
Optimizing NNI: done in 0.630412 secs using 195.3% CPU
Optimizing NNI: done in 0.277545 secs using 195.4% CPU
Iteration 90 / LogL: -9075.122 / Time: 0h:1m:4s (0h:0m:7s left)
Optimizing NNI: done in 0.56351 secs using 196.5% CPU
Optimizing NNI: done in 0.541106 secs using 195.8% CPU
Optimizing NNI: done in 0.907367 secs using 196% CPU
Optimizing NNI: done in 0.383837 secs using 195.9% CPU
Optimizing NNI: done in 0.324399 secs using 196% CPU
Optimizing NNI: done in 0.550484 secs using 196.1% CPU
Optimizing NNI: done in 0.659874 secs using 196.3% CPU
Optimizing NNI: done in 0.554642 secs using 195.7% CPU
Optimizing NNI: done in 0.413862 secs using 196.5% CPU
Optimizing NNI: done in 0.677181 secs using 195.2% CPU
Iteration 100 / LogL: -9075.131 / Time: 0h:1m:10s (0h:0m:0s left)
Log-likelihood cutoff on original alignment: -9109.322
NOTE: Bootstrap correlation coefficient of split occurrence frequencies: 0.999
Optimizing NNI: done in 0.583365 secs using 195.5% CPU
Optimizing NNI: done in 0.422523 secs using 196.6% CPU
TREE SEARCH COMPLETED AFTER 102 ITERATIONS / Time: 0h:1m:11s

--------------------------------------------------------------------
|                    FINALIZING TREE SEARCH                        |
--------------------------------------------------------------------
Performs final model parameters optimization
Estimate model parameters (epsilon = 0.010)
1. Initial log-likelihood: -9075.095
2. Current log-likelihood: -9075.032
3. Current log-likelihood: -9074.980
4. Current log-likelihood: -9074.931
5. Current log-likelihood: -9074.884
6. Current log-likelihood: -9074.840
7. Current log-likelihood: -9074.796
8. Current log-likelihood: -9074.753
9. Current log-likelihood: -9074.709
10. Current log-likelihood: -9074.666
11. Current log-likelihood: -9074.622
12. Current log-likelihood: -9074.575
13. Current log-likelihood: -9074.526
14. Current log-likelihood: -9074.475
15. Current log-likelihood: -9074.421
16. Current log-likelihood: -9074.364
17. Current log-likelihood: -9074.304
18. Current log-likelihood: -9074.240
19. Current log-likelihood: -9074.174
20. Current log-likelihood: -9074.105
21. Current log-likelihood: -9074.034
22. Current log-likelihood: -9073.961
23. Current log-likelihood: -9073.885
24. Current log-likelihood: -9073.809
25. Current log-likelihood: -9073.732
26. Current log-likelihood: -9073.656
27. Current log-likelihood: -9073.582
28. Current log-likelihood: -9073.510
29. Current log-likelihood: -9073.443
30. Current log-likelihood: -9073.381
31. Current log-likelihood: -9073.325
32. Current log-likelihood: -9073.275
33. Current log-likelihood: -9073.232
34. Current log-likelihood: -9073.195
35. Current log-likelihood: -9073.164
36. Current log-likelihood: -9073.138
37. Current log-likelihood: -9073.116
38. Current log-likelihood: -9073.098
39. Current log-likelihood: -9073.082
40. Current log-likelihood: -9073.069
41. Current log-likelihood: -9073.058
Optimal log-likelihood: -9073.048
Proportion of invariable sites: 0.042
Site proportion and rates:  (0.121,0.017) (0.293,0.075) (0.245,0.221) (0.064,0.500) (0.235,3.779)
Parameters optimization took 41 rounds (14.379 sec)
BEST SCORE FOUND : -9073.048

Testing tree branches by SH-like aLRT with 1000 replicates...
0.270 sec.
Creating bootstrap support values...
Split supports printed to NEXUS file FungalCW_tree_20231129/296643at4751.aa.mfa.splits.nex
Total tree length: 76.218

Total number of iterations: 102
CPU time used for tree search: 138.186 sec (0h:2m:18s)
Wall-clock time used for tree search: 70.784 sec (0h:1m:10s)
Total CPU time used: 168.493 sec (0h:2m:48s)
Total wall-clock time used: 86.327 sec (0h:1m:26s)

Computing bootstrap consensus tree...
Reading input file FungalCW_tree_20231129/296643at4751.aa.mfa.splits.nex...
17 taxa and 94 splits.
Consensus tree written to FungalCW_tree_20231129/296643at4751.aa.mfa.contree
Reading input trees file FungalCW_tree_20231129/296643at4751.aa.mfa.contree
Log-likelihood of consensus tree: -9073.179

Analysis results written to: 
  IQ-TREE report:                FungalCW_tree_20231129/296643at4751.aa.mfa.iqtree
  Maximum-likelihood tree:       FungalCW_tree_20231129/296643at4751.aa.mfa.treefile
  Likelihood distances:          FungalCW_tree_20231129/296643at4751.aa.mfa.mldist

Ultrafast bootstrap approximation results written to:
  Split support values:          FungalCW_tree_20231129/296643at4751.aa.mfa.splits.nex
  Consensus tree:                FungalCW_tree_20231129/296643at4751.aa.mfa.contree
  Screen log file:               FungalCW_tree_20231129/296643at4751.aa.mfa.log

Date and Time: Wed Nov 29 01:50:07 2023
