IQ-TREE multicore version 2.2.2.6 COVID-edition for Linux 64-bit built May 27 2023
Developed by Bui Quang Minh, James Barbetti, Nguyen Lam Tung,
Olga Chernomor, Heiko Schmidt, Dominik Schrempf, Michael Woodhams, Ly Trong Nhan.

Host:    c05 (AVX, FMA3, 503 GB RAM)
Command: iqtree2 -s FungalCW_tree_20231129/299509at4751.aa.mfa -gz -B 1000 -alrt 1000 -nt 2
Seed:    695185 (Using SPRNG - Scalable Parallel Random Number Generator)
Time:    Wed Nov 29 01:36:04 2023
Kernel:  AVX+FMA - 2 threads (2 CPU cores detected)

Reading alignment file FungalCW_tree_20231129/299509at4751.aa.mfa ... Fasta format detected
Reading fasta file: done in 0.000348091 secs using 19.82% CPU
Alignment most likely contains protein sequences
Constructing alignment: done in 0.00133491 secs using 72.07% CPU
Alignment has 16 sequences with 457 columns, 375 distinct patterns
236 parsimony-informative, 93 singleton sites, 128 constant sites
                                                               Gap/Ambiguity  Composition  p-value
Analyzing sequences: done in 3.69549e-05 secs using 100.1% CPU
   1  Basidiobolus_meristosporus_CBS_931.73.Basme2finSC.v1            19.26%    passed     84.60%
   2  Colletotrichum_graminicola_M1.001                               20.13%    passed     99.84%
   3  Colletotrichum_higginsianum_IMI_349063                          20.79%    passed     98.17%
   4  Fusarium_graminearum_PH-1                                       19.91%    passed     98.22%
   5  Fusarium_verticillioides_7600                                   19.91%    passed     97.22%
   6  Gilbertella_persicaria_var_persicaria_CBS_190.32-T.Gilper1.v1   19.69%    passed     97.85%
   7  Mortierella_elongata_AG-77                                      17.29%    passed     93.40%
   8  Mucor_mucedo_NRRL_3635                                          19.69%    passed    100.00%
   9  Neoconidiobolus_thromboides_FSU_785.Conth1.v1                   20.35%    passed     70.22%
  10  Phycomyces_blakesleeanus_NRRL_1555.Phybl2.v2                    21.44%    passed     98.97%
  11  Rhizopus_stolonifer_NRRL_66455                                  20.13%    passed     99.89%
  12  Trichoderma_harzianum_CBS_226.95                                20.13%    passed     94.24%
  13  Umbelopsis_ramanniana_NRRL_5844.Umbra1.v1                       20.35%    passed     98.38%
  14  Ustilago_maydis                                                 16.63%    passed     96.99%
  15  Zoophthora_radicans_ATCC_208865                                 18.82%    passed     69.07%
  16  Zymoseptoria_tritici_IP0323                                     16.19%    passed     94.59%
****  TOTAL                                                           19.42%  0 sequences failed composition chi2 test (p-value<5%; df=19)
Checking for duplicate sequences: done in 0.000151157 secs using 91.96% CPU


Create initial parsimony tree by phylogenetic likelihood library (PLL)... 0.004 seconds
NOTE: 4.023 seconds to dump checkpoint file, increase to 81.000
Perform fast likelihood tree search using LG+I+G model...
Estimate model parameters (epsilon = 5.000)
Perform nearest neighbor interchange...
Optimizing NNI: done in 0.246937 secs using 195.6% CPU
Estimate model parameters (epsilon = 1.000)
1. Initial log-likelihood: -6372.791
Optimal log-likelihood: -6372.724
Proportion of invariable sites: 0.146
Gamma shape alpha: 1.070
Parameters optimization took 1 rounds (0.085 sec)
Time for fast ML tree search: 0.592 seconds

NOTE: ModelFinder requires 11 MB RAM!
ModelFinder will test up to 1232 protein models (sample size: 457) ...
 No. Model         -LnL         df  AIC          AICc         BIC
  1  LG            6664.775     29  13387.550    13391.625    13507.166
  2  LG+I          6477.690     30  13015.380    13019.746    13139.120
  3  LG+G4         6376.987     30  12813.974    12818.340    12937.715
  4  LG+I+G4       6372.707     31  12807.414    12812.082    12935.279
  5  LG+R2         6404.297     31  12870.594    12875.262    12998.459
  6  LG+R3         6373.459     33  12812.919    12818.223    12949.033
  7  LG+R4         6370.337     35  12810.674    12816.659    12955.038
 14  LG+I+R2       6380.614     32  12825.229    12830.210    12957.219
 15  LG+I+R3       6369.996     34  12807.992    12813.632    12948.232
 16  LG+I+R4       6369.984     36  12811.969    12818.312    12960.458
 25  LG+F+G4       6376.162     49  12850.324    12862.364    13052.434
 26  LG+F+I+G4     6371.823     50  12843.646    12856.208    13049.880
 47  WAG+G4        6384.797     30  12829.594    12833.960    12953.334
 48  WAG+I+G4      6376.946     31  12815.892    12820.560    12943.757
 69  WAG+F+G4      6385.556     49  12869.111    12881.150    13071.221
 70  WAG+F+I+G4    6378.495     50  12856.991    12869.552    13063.225
 91  JTT+G4        6457.148     30  12974.295    12978.662    13098.036
 92  JTT+I+G4      6450.637     31  12963.274    12967.942    13091.139
113  JTT+F+G4      6449.152     49  12996.304    13008.343    13198.414
114  JTT+F+I+G4    6443.072     50  12986.145    12998.706    13192.379
WARNING: Normalizing state frequencies so that sum of them equals to 1
135  Q.pfam+G4     6387.561     30  12835.121    12839.487    12958.862
WARNING: Normalizing state frequencies so that sum of them equals to 1
136  Q.pfam+I+G4   6383.645     31  12829.291    12833.959    12957.156
WARNING: Normalizing state frequencies so that sum of them equals to 1
157  Q.pfam+F+G4   6385.886     49  12869.772    12881.811    13071.881
WARNING: Normalizing state frequencies so that sum of them equals to 1
158  Q.pfam+F+I+G4 6382.268     50  12864.536    12877.098    13070.770
WARNING: Normalizing state frequencies so that sum of them equals to 1
179  Q.bird+G4     6606.575     30  13273.150    13277.516    13396.890
WARNING: Normalizing state frequencies so that sum of them equals to 1
180  Q.bird+I+G4   6602.804     31  13267.609    13272.277    13395.474
WARNING: Normalizing state frequencies so that sum of them equals to 1
201  Q.bird+F+G4   6595.991     49  13289.983    13302.022    13492.092
WARNING: Normalizing state frequencies so that sum of them equals to 1
202  Q.bird+F+I+G4 6593.033     50  13286.066    13298.628    13492.300
WARNING: Normalizing state frequencies so that sum of them equals to 1
223  Q.mammal+G4   6568.729     30  13197.459    13201.825    13321.199
WARNING: Normalizing state frequencies so that sum of them equals to 1
224  Q.mammal+I+G4 6564.892     31  13191.785    13196.453    13319.650
WARNING: Normalizing state frequencies so that sum of them equals to 1
245  Q.mammal+F+G4 6553.522     49  13205.043    13217.082    13407.153
WARNING: Normalizing state frequencies so that sum of them equals to 1
246  Q.mammal+F+I+G4 6550.754     50  13201.509    13214.070    13407.743
267  Q.insect+G4   6436.755     30  12933.510    12937.876    13057.251
268  Q.insect+I+G4 6433.805     31  12929.609    12934.277    13057.474
289  Q.insect+F+G4 6431.195     49  12960.391    12972.430    13162.500
290  Q.insect+F+I+G4 6427.961     50  12955.923    12968.484    13162.157
WARNING: Normalizing state frequencies so that sum of them equals to 1
311  Q.plant+G4    6497.535     30  13055.070    13059.436    13178.810
WARNING: Normalizing state frequencies so that sum of them equals to 1
312  Q.plant+I+G4  6494.053     31  13050.106    13054.774    13177.971
WARNING: Normalizing state frequencies so that sum of them equals to 1
333  Q.plant+F+G4  6487.504     49  13073.007    13085.047    13275.117
WARNING: Normalizing state frequencies so that sum of them equals to 1
334  Q.plant+F+I+G4 6483.862     50  13067.724    13080.286    13273.959
WARNING: Normalizing state frequencies so that sum of them equals to 1
355  Q.yeast+G4    6427.719     30  12915.437    12919.803    13039.178
WARNING: Normalizing state frequencies so that sum of them equals to 1
356  Q.yeast+I+G4  6424.313     31  12910.627    12915.295    13038.492
WARNING: Normalizing state frequencies so that sum of them equals to 1
377  Q.yeast+F+G4  6401.263     49  12900.526    12912.565    13102.635
WARNING: Normalizing state frequencies so that sum of them equals to 1
378  Q.yeast+F+I+G4 6397.597     50  12895.195    12907.756    13101.429
399  JTTDCMut+G4   6453.444     30  12966.887    12971.253    13090.628
400  JTTDCMut+I+G4 6446.890     31  12955.781    12960.449    13083.646
421  JTTDCMut+F+G4 6446.043     49  12990.085    13002.124    13192.195
422  JTTDCMut+F+I+G4 6439.968     50  12979.937    12992.499    13186.171
443  DCMut+G4      6457.410     30  12974.821    12979.187    13098.561
444  DCMut+I+G4    6446.958     31  12955.917    12960.585    13083.782
465  DCMut+F+G4    6440.854     49  12979.709    12991.748    13181.818
466  DCMut+F+I+G4  6432.028     50  12964.056    12976.618    13170.291
487  VT+G4         6413.847     30  12887.694    12892.060    13011.434
488  VT+I+G4       6407.190     31  12876.380    12881.048    13004.245
509  VT+F+G4       6410.007     49  12918.014    12930.053    13120.123
510  VT+F+I+G4     6403.578     50  12907.157    12919.718    13113.391
531  PMB+G4        6455.620     30  12971.241    12975.607    13094.981
532  PMB+I+G4      6449.768     31  12961.535    12966.203    13089.400
553  PMB+F+G4      6441.020     49  12980.040    12992.079    13182.149
554  PMB+F+I+G4    6435.076     50  12970.151    12982.713    13176.386
575  Blosum62+G4   6434.358     30  12928.716    12933.082    13052.456
576  Blosum62+I+G4 6429.030     31  12920.060    12924.728    13047.925
597  Blosum62+F+G4 6426.428     49  12950.856    12962.896    13152.966
598  Blosum62+F+I+G4 6420.851     50  12941.703    12954.264    13147.937
619  Dayhoff+G4    6456.972     30  12973.943    12978.309    13097.684
620  Dayhoff+I+G4  6446.517     31  12955.034    12959.702    13082.899
641  Dayhoff+F+G4  6440.427     49  12978.853    12990.893    13180.963
642  Dayhoff+F+I+G4 6431.601     50  12963.201    12975.763    13169.436
663  mtREV+G4      6841.675     30  13743.350    13747.716    13867.091
664  mtREV+I+G4    6840.169     31  13742.338    13747.006    13870.203
685  mtREV+F+G4    6498.172     49  13094.344    13106.383    13296.453
686  mtREV+F+I+G4  6494.726     50  13089.452    13102.013    13295.686
707  mtART+G4      6936.492     30  13932.984    13937.350    14056.724
708  mtART+I+G4    6935.984     31  13933.969    13938.637    14061.834
729  mtART+F+G4    6562.350     49  13222.701    13234.740    13424.810
730  mtART+F+I+G4  6562.950     50  13225.900    13238.461    13432.134
751  mtZOA+G4      6768.206     30  13596.412    13600.778    13720.152
752  mtZOA+I+G4    6767.403     31  13596.806    13601.474    13724.671
773  mtZOA+F+G4    6476.593     49  13051.186    13063.225    13253.295
774  mtZOA+F+I+G4  6474.776     50  13049.551    13062.113    13255.786
795  mtMet+G4      6874.480     30  13808.961    13813.327    13932.701
796  mtMet+I+G4    6873.350     31  13808.700    13813.368    13936.565
817  mtMet+F+G4    6508.820     49  13115.641    13127.680    13317.750
818  mtMet+F+I+G4  6506.386     50  13112.771    13125.333    13319.005
839  mtVer+G4      6916.875     30  13893.751    13898.117    14017.491
840  mtVer+I+G4    6916.395     31  13894.791    13899.459    14022.656
861  mtVer+F+G4    6601.141     49  13300.282    13312.321    13502.391
862  mtVer+F+I+G4  6599.449     50  13298.898    13311.460    13505.133
883  mtInv+G4      6921.940     30  13903.881    13908.247    14027.621
884  mtInv+I+G4    6920.718     31  13903.436    13908.104    14031.301
905  mtInv+F+G4    6462.692     49  13023.385    13035.424    13225.494
906  mtInv+F+I+G4  6459.497     50  13018.994    13031.556    13225.229
927  mtMAM+G4      7011.245     30  14082.489    14086.856    14206.230
928  mtMAM+I+G4    7010.476     31  14082.951    14087.620    14210.817
949  mtMAM+F+G4    6670.514     49  13439.029    13451.068    13641.138
950  mtMAM+F+I+G4  6671.102     50  13442.205    13454.766    13648.439
WARNING: Normalizing state frequencies so that sum of them equals to 1
971  FLAVI+G4      6725.313     30  13510.626    13514.992    13634.366
WARNING: Normalizing state frequencies so that sum of them equals to 1
972  FLAVI+I+G4    6722.562     31  13507.124    13511.792    13634.989
WARNING: Normalizing state frequencies so that sum of them equals to 1
993  FLAVI+F+G4    6703.564     49  13505.129    13517.168    13707.238
WARNING: Normalizing state frequencies so that sum of them equals to 1
994  FLAVI+F+I+G4  6700.519     50  13501.038    13513.600    13707.272
1015  HIVb+G4       6594.824     30  13249.648    13254.014    13373.388
1016  HIVb+I+G4     6587.969     31  13237.939    13242.607    13365.804
1037  HIVb+F+G4     6557.946     49  13213.891    13225.931    13416.001
1038  HIVb+F+I+G4   6551.219     50  13202.438    13215.000    13408.672
1059  HIVw+G4       6855.219     30  13770.437    13774.804    13894.178
1060  HIVw+I+G4     6847.890     31  13757.779    13762.447    13885.644
1081  HIVw+F+G4     6736.510     49  13571.019    13583.059    13773.129
1082  HIVw+F+I+G4   6729.057     50  13558.113    13570.675    13764.348
1103  FLU+G4        6584.215     30  13228.430    13232.797    13352.171
1104  FLU+I+G4      6578.126     31  13218.252    13222.920    13346.117
1125  FLU+F+G4      6514.596     49  13127.191    13139.231    13329.301
1126  FLU+F+I+G4    6509.240     50  13118.479    13131.041    13324.713
1147  rtREV+G4      6430.392     30  12920.784    12925.150    13044.524
1148  rtREV+I+G4    6425.926     31  12913.852    12918.520    13041.717
1169  rtREV+F+G4    6404.434     49  12906.867    12918.907    13108.977
1170  rtREV+F+I+G4  6400.596     50  12901.192    12913.753    13107.426
1191  cpREV+G4      6451.244     30  12962.488    12966.854    13086.228
1192  cpREV+I+G4    6444.820     31  12951.640    12956.308    13079.505
1213  cpREV+F+G4    6398.133     49  12894.267    12906.306    13096.376
1214  cpREV+F+I+G4  6390.283     50  12880.566    12893.128    13086.801
Akaike Information Criterion:           LG+I+G4
Corrected Akaike Information Criterion: LG+I+G4
Bayesian Information Criterion:         LG+I+G4
Best-fit model: LG+I+G4 chosen according to BIC

All model information printed to FungalCW_tree_20231129/299509at4751.aa.mfa.model.gz
CPU time for ModelFinder: 86.434 seconds (0h:1m:26s)
Wall-clock time for ModelFinder: 48.026 seconds (0h:0m:48s)
Generating 1000 samples for ultrafast bootstrap (seed: 695185)...

NOTE: 5 MB RAM (0 GB) is required!
Estimate model parameters (epsilon = 0.100)
Thoroughly optimizing +I+G parameters from 10 start values...
Init pinv, alpha: 0.000, 1.079 / Estimate: 0.000, 0.644 / LogL: -6376.987
Init pinv, alpha: 0.031, 1.079 / Estimate: 0.124, 0.971 / LogL: -6373.052
Init pinv, alpha: 0.062, 1.079 / Estimate: 0.124, 0.975 / LogL: -6373.036
Init pinv, alpha: 0.093, 1.079 / Estimate: 0.128, 0.988 / LogL: -6372.973
Init pinv, alpha: 0.124, 1.079 / Estimate: 0.133, 1.011 / LogL: -6372.882
Init pinv, alpha: 0.156, 1.079 / Estimate: 0.156, 1.118 / LogL: -6372.677
Init pinv, alpha: 0.187, 1.079 / Estimate: 0.168, 1.184 / LogL: -6372.737
Init pinv, alpha: 0.218, 1.079 / Estimate: 0.170, 1.194 / LogL: -6372.758
Init pinv, alpha: 0.249, 1.079 / Estimate: 0.169, 1.186 / LogL: -6372.740
Init pinv, alpha: 0.280, 1.079 / Estimate: 0.170, 1.193 / LogL: -6372.754
Optimal pinv,alpha: 0.156, 1.118 / LogL: -6372.677

Parameters optimization took 6.323 sec
Wrote distance file to... 
Computing ML distances based on estimated model parameters...
Calculating distance matrix: done in 0.030396 secs using 192.8% CPU
Computing ML distances took 0.030617 sec (of wall-clock time) 0.058937 sec (of CPU time)
Setting up auxiliary I and S matrices: done in 6.8903e-05 secs using 200.3% CPU
Constructing RapidNJ tree: done in 0.000439882 secs using 199.4% CPU
Computing RapidNJ tree took 0.000636 sec (of wall-clock time) 0.001269 sec (of CPU time)
Log-likelihood of RapidNJ tree: -6376.843
--------------------------------------------------------------------
|             INITIALIZING CANDIDATE TREE SET                      |
--------------------------------------------------------------------
Generating 98 parsimony trees... 0.354 second
Computing log-likelihood of 98 initial trees ... 2.536 seconds
Current best score: -6372.677

Do NNI search on 20 best initial trees
Optimizing NNI: done in 0.107777 secs using 194.4% CPU
Estimate model parameters (epsilon = 0.100)
BETTER TREE FOUND at iteration 1: -6372.676
Optimizing NNI: done in 0.16922 secs using 196.1% CPU
Optimizing NNI: done in 0.265684 secs using 196.2% CPU
Optimizing NNI: done in 0.239337 secs using 195.6% CPU
Optimizing NNI: done in 0.406773 secs using 194.2% CPU
Optimizing NNI: done in 0.313416 secs using 195.9% CPU
Optimizing NNI: done in 0.24429 secs using 194.4% CPU
Optimizing NNI: done in 0.293765 secs using 196.1% CPU
Optimizing NNI: done in 0.357331 secs using 195.5% CPU
Optimizing NNI: done in 0.336016 secs using 194.4% CPU
Iteration 10 / LogL: -6372.735 / Time: 0h:0m:12s
Optimizing NNI: done in 0.308183 secs using 195.7% CPU
Optimizing NNI: done in 0.473755 secs using 196.2% CPU
Optimizing NNI: done in 0.332018 secs using 194.8% CPU
Optimizing NNI: done in 0.333647 secs using 195.2% CPU
Optimizing NNI: done in 0.309461 secs using 196.3% CPU
Optimizing NNI: done in 0.347487 secs using 195.3% CPU
Optimizing NNI: done in 0.26498 secs using 196.3% CPU
Optimizing NNI: done in 0.335058 secs using 196% CPU
Optimizing NNI: done in 0.340598 secs using 195.2% CPU
Optimizing NNI: done in 0.516181 secs using 195.4% CPU
Iteration 20 / LogL: -6372.693 / Time: 0h:0m:16s
Finish initializing candidate tree set (1)
Current best tree score: -6372.676 / CPU time: 9.407
Number of iterations: 20
--------------------------------------------------------------------
|               OPTIMIZING CANDIDATE TREE SET                      |
--------------------------------------------------------------------
Optimizing NNI: done in 0.431644 secs using 196.3% CPU
Optimizing NNI: done in 0.37511 secs using 195.4% CPU
Optimizing NNI: done in 0.456808 secs using 196.5% CPU
Optimizing NNI: done in 0.381085 secs using 194.6% CPU
Optimizing NNI: done in 0.288155 secs using 195.3% CPU
Optimizing NNI: done in 0.34797 secs using 195.8% CPU
Optimizing NNI: done in 0.360718 secs using 195.9% CPU
Optimizing NNI: done in 0.325354 secs using 195.4% CPU
Optimizing NNI: done in 0.262637 secs using 197.1% CPU
Optimizing NNI: done in 0.279175 secs using 197.1% CPU
Iteration 30 / LogL: -6372.858 / Time: 0h:0m:19s (0h:0m:48s left)
Optimizing NNI: done in 0.369248 secs using 196% CPU
Optimizing NNI: done in 0.329924 secs using 194.8% CPU
Optimizing NNI: done in 0.386378 secs using 196% CPU
Optimizing NNI: done in 0.342096 secs using 196.8% CPU
Optimizing NNI: done in 0.231864 secs using 196.5% CPU
Optimizing NNI: done in 0.301079 secs using 195.8% CPU
Optimizing NNI: done in 0.222059 secs using 195.8% CPU
Optimizing NNI: done in 0.296005 secs using 195.6% CPU
Optimizing NNI: done in 0.304515 secs using 196.3% CPU
Optimizing NNI: done in 0.309882 secs using 196.4% CPU
Iteration 40 / LogL: -6372.712 / Time: 0h:0m:22s (0h:0m:35s left)
Optimizing NNI: done in 0.225156 secs using 195.1% CPU
Optimizing NNI: done in 0.230432 secs using 196% CPU
Optimizing NNI: done in 0.440164 secs using 196.3% CPU
Optimizing NNI: done in 0.307545 secs using 196.5% CPU
Optimizing NNI: done in 0.234563 secs using 195.7% CPU
Optimizing NNI: done in 0.206322 secs using 193.9% CPU
Optimizing NNI: done in 0.230355 secs using 196.8% CPU
Optimizing NNI: done in 0.273899 secs using 197.4% CPU
Optimizing NNI: done in 0.302398 secs using 197.2% CPU
Optimizing NNI: done in 0.426449 secs using 197.7% CPU
Iteration 50 / LogL: -6372.779 / Time: 0h:0m:26s (0h:0m:27s left)
Log-likelihood cutoff on original alignment: -6413.453
Optimizing NNI: done in 0.390898 secs using 197.3% CPU
Optimizing NNI: done in 0.338905 secs using 196.6% CPU
Optimizing NNI: done in 0.326407 secs using 196.3% CPU
Optimizing NNI: done in 0.453359 secs using 197.9% CPU
Optimizing NNI: done in 0.591096 secs using 197.2% CPU
Optimizing NNI: done in 0.222034 secs using 198% CPU
Optimizing NNI: done in 0.296635 secs using 197.6% CPU
Optimizing NNI: done in 0.231608 secs using 196.3% CPU
Optimizing NNI: done in 0.389739 secs using 196.2% CPU
Optimizing NNI: done in 0.460728 secs using 197.4% CPU
Iteration 60 / LogL: -6372.685 / Time: 0h:0m:29s (0h:0m:20s left)
Optimizing NNI: done in 0.426612 secs using 197% CPU
Optimizing NNI: done in 0.312903 secs using 194.9% CPU
Optimizing NNI: done in 0.409555 secs using 195.4% CPU
Optimizing NNI: done in 0.489828 secs using 195.7% CPU
Optimizing NNI: done in 0.328104 secs using 195.9% CPU
Optimizing NNI: done in 0.36916 secs using 197.4% CPU
Optimizing NNI: done in 0.387689 secs using 197.8% CPU
Optimizing NNI: done in 0.405878 secs using 197.1% CPU
Optimizing NNI: done in 0.386169 secs using 197.7% CPU
Optimizing NNI: done in 0.318167 secs using 196.4% CPU
Iteration 70 / LogL: -6372.764 / Time: 0h:0m:33s (0h:0m:15s left)
Optimizing NNI: done in 0.293353 secs using 195.5% CPU
Optimizing NNI: done in 0.287495 secs using 197% CPU
Optimizing NNI: done in 0.435047 secs using 195.7% CPU
Optimizing NNI: done in 0.287941 secs using 195.7% CPU
Optimizing NNI: done in 0.328915 secs using 196% CPU
Optimizing NNI: done in 0.440156 secs using 196.4% CPU
Optimizing NNI: done in 0.283297 secs using 195.6% CPU
Optimizing NNI: done in 0.310423 secs using 195.9% CPU
Optimizing NNI: done in 0.331271 secs using 195.9% CPU
Optimizing NNI: done in 0.367579 secs using 195.8% CPU
Iteration 80 / LogL: -6372.702 / Time: 0h:0m:37s (0h:0m:9s left)
Optimizing NNI: done in 0.275819 secs using 195.7% CPU
Optimizing NNI: done in 0.283107 secs using 194.9% CPU
Optimizing NNI: done in 0.360358 secs using 195.7% CPU
Optimizing NNI: done in 0.234287 secs using 195.8% CPU
Optimizing NNI: done in 0.35614 secs using 195.3% CPU
Optimizing NNI: done in 0.404468 secs using 195% CPU
Optimizing NNI: done in 0.359728 secs using 195.6% CPU
Optimizing NNI: done in 0.367147 secs using 196.4% CPU
Optimizing NNI: done in 0.361909 secs using 193.7% CPU
Optimizing NNI: done in 0.293404 secs using 194.3% CPU
Iteration 90 / LogL: -6372.886 / Time: 0h:0m:40s (0h:0m:5s left)
Optimizing NNI: done in 0.410153 secs using 194.7% CPU
Optimizing NNI: done in 0.301139 secs using 196.1% CPU
Optimizing NNI: done in 0.322425 secs using 195.4% CPU
Optimizing NNI: done in 0.391057 secs using 195.5% CPU
Optimizing NNI: done in 0.283095 secs using 195.6% CPU
Optimizing NNI: done in 0.232351 secs using 196% CPU
Optimizing NNI: done in 0.290182 secs using 196.4% CPU
Optimizing NNI: done in 0.206484 secs using 195.9% CPU
Optimizing NNI: done in 0.491677 secs using 196.1% CPU
Optimizing NNI: done in 0.404542 secs using 195% CPU
Iteration 100 / LogL: -6372.723 / Time: 0h:0m:44s (0h:0m:0s left)
Log-likelihood cutoff on original alignment: -6413.453
NOTE: Bootstrap correlation coefficient of split occurrence frequencies: 1.000
Optimizing NNI: done in 0.229053 secs using 194.9% CPU
Optimizing NNI: done in 0.376221 secs using 195.8% CPU
TREE SEARCH COMPLETED AFTER 102 ITERATIONS / Time: 0h:0m:45s

--------------------------------------------------------------------
|                    FINALIZING TREE SEARCH                        |
--------------------------------------------------------------------
Performs final model parameters optimization
Estimate model parameters (epsilon = 0.010)
1. Initial log-likelihood: -6372.676
Optimal log-likelihood: -6372.676
Proportion of invariable sites: 0.156
Gamma shape alpha: 1.122
Parameters optimization took 1 rounds (0.085 sec)
BEST SCORE FOUND : -6372.676

Testing tree branches by SH-like aLRT with 1000 replicates...
0.230 sec.
Creating bootstrap support values...
Split supports printed to NEXUS file FungalCW_tree_20231129/299509at4751.aa.mfa.splits.nex
Total tree length: 5.449

Total number of iterations: 102
CPU time used for tree search: 75.288 sec (0h:1m:15s)
Wall-clock time used for tree search: 38.561 sec (0h:0m:38s)
Total CPU time used: 88.974 sec (0h:1m:28s)
Total wall-clock time used: 45.638 sec (0h:0m:45s)

Computing bootstrap consensus tree...
Reading input file FungalCW_tree_20231129/299509at4751.aa.mfa.splits.nex...
16 taxa and 59 splits.
Consensus tree written to FungalCW_tree_20231129/299509at4751.aa.mfa.contree
Reading input trees file FungalCW_tree_20231129/299509at4751.aa.mfa.contree
Log-likelihood of consensus tree: -6372.676

Analysis results written to: 
  IQ-TREE report:                FungalCW_tree_20231129/299509at4751.aa.mfa.iqtree
  Maximum-likelihood tree:       FungalCW_tree_20231129/299509at4751.aa.mfa.treefile
  Likelihood distances:          FungalCW_tree_20231129/299509at4751.aa.mfa.mldist

Ultrafast bootstrap approximation results written to:
  Split support values:          FungalCW_tree_20231129/299509at4751.aa.mfa.splits.nex
  Consensus tree:                FungalCW_tree_20231129/299509at4751.aa.mfa.contree
  Screen log file:               FungalCW_tree_20231129/299509at4751.aa.mfa.log

Date and Time: Wed Nov 29 01:37:38 2023
