IQ-TREE multicore version 2.2.2.6 COVID-edition for Linux 64-bit built May 27 2023
Developed by Bui Quang Minh, James Barbetti, Nguyen Lam Tung,
Olga Chernomor, Heiko Schmidt, Dominik Schrempf, Michael Woodhams, Ly Trong Nhan.

Host:    c05 (AVX, FMA3, 503 GB RAM)
Command: iqtree2 -s FungalCW_tree_20231129/299583at4751.aa.mfa -gz -B 1000 -alrt 1000 -nt 2
Seed:    306602 (Using SPRNG - Scalable Parallel Random Number Generator)
Time:    Wed Nov 29 01:35:30 2023
Kernel:  AVX+FMA - 2 threads (2 CPU cores detected)

Reading alignment file FungalCW_tree_20231129/299583at4751.aa.mfa ... Fasta format detected
Reading fasta file: done in 0.000458002 secs using 21.62% CPU
Alignment most likely contains protein sequences
Constructing alignment: done in 0.00142503 secs using 112.6% CPU
Alignment has 16 sequences with 469 columns, 435 distinct patterns
306 parsimony-informative, 103 singleton sites, 60 constant sites
                                                               Gap/Ambiguity  Composition  p-value
Analyzing sequences: done in 3.60012e-05 secs using 200% CPU
   1  Basidiobolus_meristosporus_CBS_931.73.Basme2finSC.v1            21.11%    passed     79.79%
   2  Botrytis_cinerea_T4                                             15.35%    passed     89.16%
   3  Colletotrichum_graminicola_M1.001                               16.84%    passed     91.48%
   4  Colletotrichum_higginsianum_IMI_349063                          13.86%    passed     94.91%
   5  Fusarium_graminearum_PH-1                                       15.35%    passed     99.27%
   6  Fusarium_verticillioides_7600                                   22.81%    passed     97.82%
   7  Gilbertella_persicaria_var_persicaria_CBS_190.32-T.Gilper1.v1   14.93%    passed     23.06%
   8  Mortierella_elongata_AG-77                                      23.88%    passed     99.79%
   9  Mucor_mucedo_NRRL_3635                                          15.57%    passed     56.51%
  10  Neoconidiobolus_thromboides_FSU_785.Conth1.v1                   17.91%    passed     27.21%
  11  Phycomyces_blakesleeanus_NRRL_1555.Phybl2.v2                    13.86%    passed     96.90%
  12  Rhizopus_stolonifer_NRRL_66455                                  32.41%    passed     90.44%
  13  Trichoderma_harzianum_CBS_226.95                                14.93%    passed     96.14%
  14  Umbelopsis_ramanniana_NRRL_5844.Umbra1.v1                       13.86%    passed     84.48%
  15  Zoophthora_radicans_ATCC_208865                                 11.73%    passed     23.68%
  16  Zymoseptoria_tritici_IP0323                                     15.99%    passed     15.83%
****  TOTAL                                                           17.52%  0 sequences failed composition chi2 test (p-value<5%; df=19)
Checking for duplicate sequences: done in 0.00014782 secs using 194.2% CPU


Create initial parsimony tree by phylogenetic likelihood library (PLL)... 0.003 seconds
Perform fast likelihood tree search using LG+I+G model...
Estimate model parameters (epsilon = 5.000)
Perform nearest neighbor interchange...
Optimizing NNI: done in 0.509154 secs using 195.9% CPU
Estimate model parameters (epsilon = 1.000)
1. Initial log-likelihood: -11838.675
Optimal log-likelihood: -11837.990
Proportion of invariable sites: 0.092
Gamma shape alpha: 0.575
Parameters optimization took 1 rounds (0.176 sec)
Time for fast ML tree search: 1.206 seconds

NOTE: ModelFinder requires 13 MB RAM!
ModelFinder will test up to 1232 protein models (sample size: 469) ...
 No. Model         -LnL         df  AIC          AICc         BIC
  1  LG            12942.784    29  25943.568    25947.532    26063.936
  2  LG+I          12478.453    30  25016.906    25021.152    25141.424
  3  LG+G4         11858.469    30  23776.938    23781.184    23901.456
  4  LG+I+G4       11837.785    31  23737.570    23742.110    23866.239
  5  LG+R2         11871.325    31  23804.651    23809.191    23933.320
  6  LG+R3         11854.243    33  23774.485    23779.644    23911.455
  7  LG+R4         11837.449    35  23744.898    23750.718    23890.169
  8  LG+R5         11829.817    37  23733.633    23740.158    23887.206
  9  LG+R6         11814.209    39  23706.418    23713.691    23868.292
 10  LG+R7         11814.461    41  23710.923    23718.989    23881.098
 14  LG+I+R2       11849.470    32  23762.940    23767.784    23895.760
 15  LG+I+R3       11823.425    34  23714.851    23720.335    23855.971
 16  LG+I+R4       11819.730    36  23711.461    23717.627    23860.882
 37  LG+F+I+R3     11762.964    53  23631.928    23645.720    23851.909
 38  LG+F+I+R4     11757.841    55  23625.681    23640.596    23853.964
 59  WAG+I+R3      11783.606    34  23635.212    23640.696    23776.333
 60  WAG+I+R4      11782.847    36  23637.695    23643.862    23787.117
 81  WAG+F+I+R3    11707.249    53  23520.498    23534.291    23740.480
 82  WAG+F+I+R4    11702.656    55  23515.312    23530.228    23743.596
103  JTT+I+R3      11765.136    34  23598.272    23603.756    23739.393
104  JTT+I+R4      11758.762    36  23589.524    23595.691    23738.946
125  JTT+F+I+R3    11702.804    53  23511.607    23525.400    23731.589
126  JTT+F+I+R4    11697.075    55  23504.150    23519.065    23732.433
WARNING: Normalizing state frequencies so that sum of them equals to 1
147  Q.pfam+I+R3   11801.328    34  23670.656    23676.140    23811.776
WARNING: Normalizing state frequencies so that sum of them equals to 1
148  Q.pfam+I+R4   11795.193    36  23662.386    23668.552    23811.807
WARNING: Normalizing state frequencies so that sum of them equals to 1
169  Q.pfam+F+I+R3 11750.270    53  23606.541    23620.334    23826.523
WARNING: Normalizing state frequencies so that sum of them equals to 1
170  Q.pfam+F+I+R4 11744.398    55  23598.796    23613.711    23827.079
WARNING: Normalizing state frequencies so that sum of them equals to 1
191  Q.bird+I+R3   11869.088    34  23806.177    23811.661    23947.297
WARNING: Normalizing state frequencies so that sum of them equals to 1
192  Q.bird+I+R4   11862.763    36  23797.525    23803.692    23946.947
WARNING: Normalizing state frequencies so that sum of them equals to 1
213  Q.bird+F+I+R3 11794.681    53  23695.361    23709.154    23915.343
WARNING: Normalizing state frequencies so that sum of them equals to 1
214  Q.bird+F+I+R4 11786.709    55  23683.418    23698.333    23911.701
WARNING: Normalizing state frequencies so that sum of them equals to 1
235  Q.mammal+I+R3 11838.197    34  23744.393    23749.877    23885.514
WARNING: Normalizing state frequencies so that sum of them equals to 1
236  Q.mammal+I+R4 11830.536    36  23733.073    23739.239    23882.494
WARNING: Normalizing state frequencies so that sum of them equals to 1
257  Q.mammal+F+I+R3 11756.061    53  23618.122    23631.914    23838.104
WARNING: Normalizing state frequencies so that sum of them equals to 1
258  Q.mammal+F+I+R4 11748.358    55  23606.715    23621.630    23834.998
279  Q.insect+I+R3 11825.451    34  23718.901    23724.385    23860.022
280  Q.insect+I+R4 11819.789    36  23711.578    23717.744    23860.999
301  Q.insect+F+I+R3 11726.744    53  23559.488    23573.280    23779.469
302  Q.insect+F+I+R4 11720.538    55  23551.076    23565.991    23779.359
WARNING: Normalizing state frequencies so that sum of them equals to 1
323  Q.plant+I+R3  11839.534    34  23747.068    23752.552    23888.189
WARNING: Normalizing state frequencies so that sum of them equals to 1
324  Q.plant+I+R4  11833.996    36  23739.991    23746.158    23889.413
WARNING: Normalizing state frequencies so that sum of them equals to 1
345  Q.plant+F+I+R3 11777.707    53  23661.414    23675.207    23881.396
WARNING: Normalizing state frequencies so that sum of them equals to 1
346  Q.plant+F+I+R4 11772.320    55  23654.640    23669.555    23882.923
WARNING: Normalizing state frequencies so that sum of them equals to 1
367  Q.yeast+I+R3  11844.901    34  23757.802    23763.285    23898.922
WARNING: Normalizing state frequencies so that sum of them equals to 1
368  Q.yeast+I+R4  11838.765    36  23749.529    23755.696    23898.951
WARNING: Normalizing state frequencies so that sum of them equals to 1
389  Q.yeast+F+I+R3 11749.167    53  23604.334    23618.127    23824.316
WARNING: Normalizing state frequencies so that sum of them equals to 1
390  Q.yeast+F+I+R4 11743.265    55  23596.529    23611.444    23824.812
411  JTTDCMut+I+R3 11768.703    34  23605.406    23610.890    23746.526
412  JTTDCMut+I+R4 11762.105    36  23596.209    23602.376    23745.631
433  JTTDCMut+F+I+R3 11704.822    53  23515.643    23529.436    23735.625
434  JTTDCMut+F+I+R4 11699.096    55  23508.193    23523.108    23736.476
455  DCMut+I+R3    11927.735    34  23923.471    23928.955    24064.591
456  DCMut+I+R4    11922.439    36  23916.878    23923.045    24066.300
477  DCMut+F+I+R3  11750.845    53  23607.690    23621.483    23827.672
478  DCMut+F+I+R4  11748.650    55  23607.300    23622.216    23835.584
499  VT+I+R3       11704.314    34  23476.629    23482.113    23617.749
500  VT+I+R4       11698.206    36  23468.413    23474.580    23617.835
521  VT+F+I+R3     11663.798    53  23433.596    23447.389    23653.578
522  VT+F+I+R4     11657.991    55  23425.983    23440.898    23654.266
543  PMB+I+R3      11748.160    34  23564.320    23569.804    23705.440
544  PMB+I+R4      11741.694    36  23555.388    23561.555    23704.810
565  PMB+F+I+R3    11663.061    53  23432.121    23445.914    23652.103
566  PMB+F+I+R4    11656.863    55  23423.726    23438.641    23652.009
587  Blosum62+I+R3 11758.114    34  23584.227    23589.711    23725.348
588  Blosum62+I+R4 11751.662    36  23575.324    23581.491    23724.746
609  Blosum62+F+I+R3 11676.726    53  23459.453    23473.246    23679.435
610  Blosum62+F+I+R4 11670.296    55  23450.592    23465.508    23678.876
631  Dayhoff+I+R3  11929.393    34  23926.785    23932.269    24067.906
632  Dayhoff+I+R4  11923.282    36  23918.565    23924.731    24067.986
653  Dayhoff+F+I+R3 11751.564    53  23609.128    23622.921    23829.110
654  Dayhoff+F+I+R4 11749.260    55  23608.520    23623.436    23836.803
675  mtREV+I+R3    12287.489    34  24642.977    24648.461    24784.098
676  mtREV+I+R4    12275.562    36  24623.124    24629.291    24772.546
697  mtREV+F+I+R3  11812.121    53  23730.243    23744.036    23950.225
698  mtREV+F+I+R4  11802.117    55  23714.234    23729.149    23942.517
719  mtART+I+R3    12396.310    34  24860.619    24866.103    25001.740
720  mtART+I+R4    12372.394    36  24816.788    24822.954    24966.209
741  mtART+F+I+R3  11908.077    53  23922.154    23935.946    24142.135
742  mtART+F+I+R4  11888.086    55  23886.171    23901.086    24114.454
763  mtZOA+I+R3    12265.350    34  24598.700    24604.183    24739.820
764  mtZOA+I+R4    12247.634    36  24567.267    24573.434    24716.689
785  mtZOA+F+I+R3  11850.513    53  23807.025    23820.818    24027.007
786  mtZOA+F+I+R4  11835.452    55  23780.904    23795.819    24009.187
807  mtMet+I+R3    12331.456    34  24730.912    24736.396    24872.033
808  mtMet+I+R4    12325.313    36  24722.627    24728.794    24872.049
829  mtMet+F+I+R3  11807.819    53  23721.637    23735.430    23941.619
830  mtMet+F+I+R4  11793.217    55  23696.434    23711.349    23924.717
851  mtVer+I+R3    12422.751    34  24913.503    24918.987    25054.623
852  mtVer+I+R4    12415.829    36  24903.658    24909.824    25053.079
873  mtVer+F+I+R3  11884.213    53  23874.425    23888.218    24094.407
874  mtVer+F+I+R4  11863.560    55  23837.121    23852.036    24065.404
895  mtInv+I+R3    12430.531    34  24929.061    24934.545    25070.182
896  mtInv+I+R4    12427.197    36  24926.393    24932.560    25075.815
917  mtInv+F+I+R3  11767.887    53  23641.774    23655.566    23861.756
918  mtInv+F+I+R4  11757.568    55  23625.136    23640.051    23853.419
939  mtMAM+I+R3    12413.160    34  24894.320    24899.804    25035.441
940  mtMAM+I+R4    12399.198    36  24870.396    24876.562    25019.817
961  mtMAM+F+I+R3  11934.055    53  23974.110    23987.903    24194.092
962  mtMAM+F+I+R4  11920.208    55  23950.416    23965.331    24178.699
WARNING: Normalizing state frequencies so that sum of them equals to 1
983  FLAVI+I+R3    12106.572    34  24281.145    24286.629    24422.265
WARNING: Normalizing state frequencies so that sum of them equals to 1
984  FLAVI+I+R4    12091.242    36  24254.484    24260.651    24403.906
WARNING: Normalizing state frequencies so that sum of them equals to 1
1005  FLAVI+F+I+R3  11904.664    53  23915.328    23929.121    24135.310
WARNING: Normalizing state frequencies so that sum of them equals to 1
1006  FLAVI+F+I+R4  11880.937    55  23871.875    23886.790    24100.158
1027  HIVb+I+R3     11971.554    34  24011.109    24016.593    24152.229
1028  HIVb+I+R4     11963.976    36  23999.952    24006.118    24149.373
1049  HIVb+F+I+R3   11812.415    53  23730.830    23744.623    23950.812
1050  HIVb+F+I+R4   11802.633    55  23715.265    23730.181    23943.549
1071  HIVw+I+R3     12214.620    34  24497.239    24502.723    24638.360
1072  HIVw+I+R4     12194.569    36  24461.138    24467.304    24610.559
1093  HIVw+F+I+R3   11865.952    53  23837.904    23851.697    24057.886
1094  HIVw+F+I+R4   11856.101    55  23822.201    23837.117    24050.484
1115  FLU+I+R3      11934.082    34  23936.163    23941.647    24077.284
1116  FLU+I+R4      11923.714    36  23919.428    23925.595    24068.850
1137  FLU+F+I+R3    11798.091    53  23702.182    23715.974    23922.164
1138  FLU+F+I+R4    11793.190    55  23696.380    23711.296    23924.663
1159  rtREV+I+R3    11923.251    34  23914.502    23919.986    24055.623
1160  rtREV+I+R4    11914.828    36  23901.656    23907.823    24051.078
1181  rtREV+F+I+R3  11758.508    53  23623.016    23636.808    23842.998
1182  rtREV+F+I+R4  11751.714    55  23613.427    23628.342    23841.710
1203  cpREV+I+R3    11849.193    34  23766.386    23771.870    23907.506
1204  cpREV+I+R4    11839.745    36  23751.489    23757.656    23900.911
1225  cpREV+F+I+R3  11756.618    53  23619.237    23633.029    23839.219
1226  cpREV+F+I+R4  11747.722    55  23605.444    23620.359    23833.727
Akaike Information Criterion:           PMB+F+I+R4
Corrected Akaike Information Criterion: PMB+F+I+R4
Bayesian Information Criterion:         VT+I+R3
Best-fit model: VT+I+R3 chosen according to BIC

All model information printed to FungalCW_tree_20231129/299583at4751.aa.mfa.model.gz
CPU time for ModelFinder: 493.423 seconds (0h:8m:13s)
Wall-clock time for ModelFinder: 253.910 seconds (0h:4m:13s)
Generating 1000 samples for ultrafast bootstrap (seed: 306602)...

NOTE: 5 MB RAM (0 GB) is required!
Estimate model parameters (epsilon = 0.100)
1. Initial log-likelihood: -11704.314
Optimal log-likelihood: -11704.296
Proportion of invariable sites: 0.091
Site proportion and rates:  (0.204,0.090) (0.228,0.727) (0.477,1.711)
Parameters optimization took 1 rounds (0.142 sec)
Wrote distance file to... 
Computing ML distances based on estimated model parameters...
Calculating distance matrix: done in 0.0396421 secs using 196.9% CPU
Computing ML distances took 0.039856 sec (of wall-clock time) 0.078420 sec (of CPU time)
WARNING: Some pairwise ML distances are too long (saturated)
Setting up auxiliary I and S matrices: done in 5.98431e-05 secs using 197.2% CPU
Constructing RapidNJ tree: done in 0.000386 secs using 198.7% CPU
Computing RapidNJ tree took 0.000549 sec (of wall-clock time) 0.001094 sec (of CPU time)
Log-likelihood of RapidNJ tree: -11773.533
--------------------------------------------------------------------
|             INITIALIZING CANDIDATE TREE SET                      |
--------------------------------------------------------------------
Generating 98 parsimony trees... 0.374 second
Computing log-likelihood of 98 initial trees ... 2.076 seconds
Current best score: -11704.296

Do NNI search on 20 best initial trees
Optimizing NNI: done in 0.153804 secs using 195.4% CPU
Estimate model parameters (epsilon = 0.100)
BETTER TREE FOUND at iteration 1: -11700.992
Optimizing NNI: done in 0.440538 secs using 196.5% CPU
Estimate model parameters (epsilon = 0.100)
BETTER TREE FOUND at iteration 2: -11651.602
Optimizing NNI: done in 0.570767 secs using 196.2% CPU
Optimizing NNI: done in 0.456534 secs using 196.6% CPU
Optimizing NNI: done in 0.555543 secs using 196.4% CPU
Optimizing NNI: done in 1.28533 secs using 196.5% CPU
Optimizing NNI: done in 0.6218 secs using 196.7% CPU
Estimate model parameters (epsilon = 0.100)
BETTER TREE FOUND at iteration 7: -11645.460
Optimizing NNI: done in 0.419123 secs using 197.1% CPU
Optimizing NNI: done in 0.996003 secs using 196.8% CPU
Optimizing NNI: done in 0.681844 secs using 196.5% CPU
Iteration 10 / LogL: -11652.299 / Time: 0h:0m:11s
Optimizing NNI: done in 1.20854 secs using 196.6% CPU
Optimizing NNI: done in 0.470041 secs using 196.7% CPU
Optimizing NNI: done in 0.528556 secs using 195.5% CPU
Optimizing NNI: done in 0.513705 secs using 195.6% CPU
Optimizing NNI: done in 0.446949 secs using 196.2% CPU
Optimizing NNI: done in 0.488937 secs using 196.5% CPU
Optimizing NNI: done in 0.368728 secs using 196.1% CPU
Optimizing NNI: done in 1.28535 secs using 196.5% CPU
Optimizing NNI: done in 0.36688 secs using 195.4% CPU
Optimizing NNI: done in 1.29528 secs using 196.1% CPU
Iteration 20 / LogL: -11675.184 / Time: 0h:0m:18s
Finish initializing candidate tree set (12)
Current best tree score: -11645.460 / CPU time: 17.835
Number of iterations: 20
--------------------------------------------------------------------
|               OPTIMIZING CANDIDATE TREE SET                      |
--------------------------------------------------------------------
Optimizing NNI: done in 0.263233 secs using 196.1% CPU
Optimizing NNI: done in 0.364663 secs using 194.9% CPU
Optimizing NNI: done in 0.409395 secs using 196.6% CPU
Optimizing NNI: done in 0.247178 secs using 196.9% CPU
Optimizing NNI: done in 0.351027 secs using 196.5% CPU
Optimizing NNI: done in 0.164629 secs using 196.8% CPU
Optimizing NNI: done in 0.24607 secs using 197% CPU
Optimizing NNI: done in 0.247778 secs using 196.4% CPU
Optimizing NNI: done in 0.224417 secs using 196.7% CPU
Optimizing NNI: done in 0.475778 secs using 195.7% CPU
Iteration 30 / LogL: -11651.888 / Time: 0h:0m:21s (0h:0m:57s left)
Optimizing NNI: done in 0.279258 secs using 196.8% CPU
Optimizing NNI: done in 0.35791 secs using 196.9% CPU
Optimizing NNI: done in 0.386576 secs using 196% CPU
Optimizing NNI: done in 0.203835 secs using 194.7% CPU
Optimizing NNI: done in 0.359618 secs using 196% CPU
Optimizing NNI: done in 0.440366 secs using 195.5% CPU
Optimizing NNI: done in 0.325588 secs using 194.8% CPU
Optimizing NNI: done in 0.410698 secs using 195.5% CPU
Optimizing NNI: done in 0.268141 secs using 196.5% CPU
Optimizing NNI: done in 0.544536 secs using 196.2% CPU
Iteration 40 / LogL: -11645.867 / Time: 0h:0m:25s (0h:0m:43s left)
Optimizing NNI: done in 0.310883 secs using 195.6% CPU
Optimizing NNI: done in 0.311645 secs using 196.7% CPU
Optimizing NNI: done in 0.248843 secs using 194.5% CPU
Optimizing NNI: done in 0.317949 secs using 195.6% CPU
Optimizing NNI: done in 0.37422 secs using 196.3% CPU
Optimizing NNI: done in 0.187788 secs using 196.2% CPU
Optimizing NNI: done in 0.253315 secs using 196.4% CPU
Optimizing NNI: done in 0.314483 secs using 195.3% CPU
Optimizing NNI: done in 0.536501 secs using 196.6% CPU
Optimizing NNI: done in 0.341748 secs using 196.4% CPU
Iteration 50 / LogL: -11655.161 / Time: 0h:0m:28s (0h:0m:33s left)
Log-likelihood cutoff on original alignment: -11706.422
Optimizing NNI: done in 0.562379 secs using 196% CPU
Optimizing NNI: done in 0.423536 secs using 196.4% CPU
Optimizing NNI: done in 0.219265 secs using 196.2% CPU
Optimizing NNI: done in 0.282126 secs using 195.6% CPU
Optimizing NNI: done in 0.457854 secs using 195.4% CPU
Optimizing NNI: done in 0.247813 secs using 195.3% CPU
Optimizing NNI: done in 0.391553 secs using 195.8% CPU
Optimizing NNI: done in 0.322697 secs using 195.3% CPU
Optimizing NNI: done in 0.316449 secs using 196.3% CPU
Optimizing NNI: done in 0.304177 secs using 195.3% CPU
Iteration 60 / LogL: -11651.682 / Time: 0h:0m:32s (0h:0m:25s left)
Optimizing NNI: done in 0.25447 secs using 194.3% CPU
Optimizing NNI: done in 0.624657 secs using 195.7% CPU
Optimizing NNI: done in 0.56422 secs using 196.6% CPU
Optimizing NNI: done in 0.523444 secs using 196.3% CPU
Optimizing NNI: done in 0.410399 secs using 196.3% CPU
Optimizing NNI: done in 0.426291 secs using 196.6% CPU
Optimizing NNI: done in 0.546001 secs using 195.9% CPU
Optimizing NNI: done in 0.292115 secs using 195.9% CPU
Optimizing NNI: done in 0.337479 secs using 196.6% CPU
Optimizing NNI: done in 0.175765 secs using 196.1% CPU
Iteration 70 / LogL: -11646.094 / Time: 0h:0m:36s (0h:0m:19s left)
Optimizing NNI: done in 0.472424 secs using 196.2% CPU
Optimizing NNI: done in 0.310683 secs using 196.8% CPU
Optimizing NNI: done in 0.272754 secs using 196.6% CPU
Optimizing NNI: done in 0.356139 secs using 196.2% CPU
Optimizing NNI: done in 0.513449 secs using 196.2% CPU
Optimizing NNI: done in 0.398235 secs using 196.5% CPU
Optimizing NNI: done in 0.323205 secs using 196.9% CPU
Optimizing NNI: done in 0.620356 secs using 196.4% CPU
Optimizing NNI: done in 0.510985 secs using 196% CPU
Optimizing NNI: done in 0.50289 secs using 195.9% CPU
Iteration 80 / LogL: -11650.850 / Time: 0h:0m:41s (0h:0m:14s left)
Optimizing NNI: done in 0.60305 secs using 196.4% CPU
Optimizing NNI: done in 0.365132 secs using 195.6% CPU
Optimizing NNI: done in 0.237563 secs using 196.8% CPU
Optimizing NNI: done in 0.55062 secs using 196.2% CPU
Optimizing NNI: done in 0.191561 secs using 196.2% CPU
Optimizing NNI: done in 0.27002 secs using 195.1% CPU
Optimizing NNI: done in 0.287721 secs using 196.8% CPU
Optimizing NNI: done in 0.434793 secs using 196.6% CPU
Optimizing NNI: done in 0.85054 secs using 196.3% CPU
Optimizing NNI: done in 0.773097 secs using 196.6% CPU
Iteration 90 / LogL: -11651.985 / Time: 0h:0m:45s (0h:0m:8s left)
Optimizing NNI: done in 0.37739 secs using 196.4% CPU
Optimizing NNI: done in 0.537639 secs using 195.2% CPU
Optimizing NNI: done in 0.341328 secs using 196.4% CPU
Optimizing NNI: done in 0.187551 secs using 196.8% CPU
Optimizing NNI: done in 0.346982 secs using 195.8% CPU
Optimizing NNI: done in 0.390494 secs using 196.2% CPU
Optimizing NNI: done in 0.53703 secs using 196.5% CPU
Optimizing NNI: done in 0.265907 secs using 195.9% CPU
Optimizing NNI: done in 0.331552 secs using 196.8% CPU
Optimizing NNI: done in 0.353838 secs using 196% CPU
Iteration 100 / LogL: -11645.472 / Time: 0h:0m:49s (0h:0m:3s left)
Log-likelihood cutoff on original alignment: -11706.422
NOTE: Bootstrap correlation coefficient of split occurrence frequencies: 0.998
Optimizing NNI: done in 0.335741 secs using 196.6% CPU
Optimizing NNI: done in 0.451821 secs using 196.7% CPU
Optimizing NNI: done in 0.191222 secs using 196.3% CPU
Optimizing NNI: done in 0.38846 secs using 196.4% CPU
Optimizing NNI: done in 0.335236 secs using 196.3% CPU
Optimizing NNI: done in 0.533993 secs using 196.1% CPU
Optimizing NNI: done in 0.566825 secs using 196.7% CPU
Optimizing NNI: done in 0.542314 secs using 195.5% CPU
TREE SEARCH COMPLETED AFTER 108 ITERATIONS / Time: 0h:0m:53s

--------------------------------------------------------------------
|                    FINALIZING TREE SEARCH                        |
--------------------------------------------------------------------
Performs final model parameters optimization
Estimate model parameters (epsilon = 0.010)
1. Initial log-likelihood: -11645.460
2. Current log-likelihood: -11645.446
3. Current log-likelihood: -11645.433
Optimal log-likelihood: -11645.419
Proportion of invariable sites: 0.087
Site proportion and rates:  (0.217,0.073) (0.158,0.784) (0.537,1.601)
Parameters optimization took 3 rounds (0.387 sec)
BEST SCORE FOUND : -11645.419

Testing tree branches by SH-like aLRT with 1000 replicates...
0.201 sec.
Creating bootstrap support values...
Split supports printed to NEXUS file FungalCW_tree_20231129/299583at4751.aa.mfa.splits.nex
Total tree length: 31.341

Total number of iterations: 108
CPU time used for tree search: 102.959 sec (0h:1m:42s)
Wall-clock time used for tree search: 52.631 sec (0h:0m:52s)
Total CPU time used: 105.535 sec (0h:1m:45s)
Total wall-clock time used: 54.015 sec (0h:0m:54s)

Computing bootstrap consensus tree...
Reading input file FungalCW_tree_20231129/299583at4751.aa.mfa.splits.nex...
16 taxa and 94 splits.
Consensus tree written to FungalCW_tree_20231129/299583at4751.aa.mfa.contree
Reading input trees file FungalCW_tree_20231129/299583at4751.aa.mfa.contree
Log-likelihood of consensus tree: -11646.024

Analysis results written to: 
  IQ-TREE report:                FungalCW_tree_20231129/299583at4751.aa.mfa.iqtree
  Maximum-likelihood tree:       FungalCW_tree_20231129/299583at4751.aa.mfa.treefile
  Likelihood distances:          FungalCW_tree_20231129/299583at4751.aa.mfa.mldist

Ultrafast bootstrap approximation results written to:
  Split support values:          FungalCW_tree_20231129/299583at4751.aa.mfa.splits.nex
  Consensus tree:                FungalCW_tree_20231129/299583at4751.aa.mfa.contree
  Screen log file:               FungalCW_tree_20231129/299583at4751.aa.mfa.log

Date and Time: Wed Nov 29 01:40:39 2023
