IQ-TREE multicore version 2.2.2.6 COVID-edition for Linux 64-bit built May 27 2023
Developed by Bui Quang Minh, James Barbetti, Nguyen Lam Tung,
Olga Chernomor, Heiko Schmidt, Dominik Schrempf, Michael Woodhams, Ly Trong Nhan.

Host:    i24 (AVX2, FMA3, 503 GB RAM)
Command: iqtree2 -s FungalCW_tree_20231129/304733at4751.aa.mfa -gz -B 1000 -alrt 1000 -nt 2
Seed:    965645 (Using SPRNG - Scalable Parallel Random Number Generator)
Time:    Wed Nov 29 01:35:04 2023
Kernel:  AVX+FMA - 2 threads (2 CPU cores detected)

Reading alignment file FungalCW_tree_20231129/304733at4751.aa.mfa ... Fasta format detected
Reading fasta file: done in 0.000207901 secs using 67.34% CPU
Alignment most likely contains protein sequences
Constructing alignment: done in 0.00092411 secs using 185.8% CPU
Alignment has 18 sequences with 420 columns, 402 distinct patterns
226 parsimony-informative, 125 singleton sites, 69 constant sites
                                                               Gap/Ambiguity  Composition  p-value
Analyzing sequences: done in 2.90871e-05 secs using 99.7% CPU
   1  Basidiobolus_meristosporus_CBS_931.73.Basme2finSC.v1            32.14%    passed     93.90%
   2  Botrytis_cinerea_T4                                             32.62%    passed     98.05%
   3  Capillidium_pumilum_ARSEF_79                                    80.48%    passed     47.86%
   4  Colletotrichum_graminicola_M1.001                               30.48%    passed     55.74%
   5  Colletotrichum_higginsianum_IMI_349063                          20.00%    passed     24.25%
   6  Fusarium_graminearum_PH-1                                       30.48%    passed     82.59%
   7  Fusarium_verticillioides_7600                                   30.24%    passed     93.97%
   8  Gilbertella_persicaria_var_persicaria_CBS_190.32-T.Gilper1.v1   34.76%    passed     84.23%
   9  Mortierella_elongata_AG-77                                      32.86%    passed     47.02%
  10  Mucor_mucedo_NRRL_3635                                          42.14%    passed     32.50%
  11  Neoconidiobolus_thromboides_FSU_785.Conth1.v1                   32.38%    passed     98.09%
  12  Phycomyces_blakesleeanus_NRRL_1555.Phybl2.v2                    36.90%    passed     62.41%
  13  Rhizopus_stolonifer_NRRL_66455                                  31.43%    passed     99.81%
  14  Trichoderma_harzianum_CBS_226.95                                71.19%    failed      4.33%
  15  Umbelopsis_ramanniana_NRRL_5844.Umbra1.v1                       32.38%    passed     99.87%
  16  Ustilago_maydis                                                 32.14%    passed     22.87%
  17  Zoophthora_radicans_ATCC_208865                                 35.00%    passed     98.84%
  18  Zymoseptoria_tritici_IP0323                                     30.48%    passed     98.07%
WARNING: 2 sequences contain more than 50% gaps/ambiguity
****  TOTAL                                                           37.12%  1 sequences failed composition chi2 test (p-value<5%; df=19)
Checking for duplicate sequences: done in 0.000102043 secs using 196% CPU


Create initial parsimony tree by phylogenetic likelihood library (PLL)... 0.003 seconds
Perform fast likelihood tree search using LG+I+G model...
Estimate model parameters (epsilon = 5.000)
Perform nearest neighbor interchange...
Optimizing NNI: done in 0.245249 secs using 197.8% CPU
Estimate model parameters (epsilon = 1.000)
1. Initial log-likelihood: -6641.592
Optimal log-likelihood: -6641.562
Proportion of invariable sites: 0.063
Gamma shape alpha: 2.097
Parameters optimization took 1 rounds (0.046 sec)
Time for fast ML tree search: 0.485 seconds

NOTE: ModelFinder requires 13 MB RAM!
ModelFinder will test up to 1232 protein models (sample size: 420) ...
 No. Model         -LnL         df  AIC          AICc         BIC
  1  LG            6769.108     33  13604.215    13610.029    13737.544
  2  LG+I          6701.409     34  13470.819    13477.001    13608.188
  3  LG+G4         6646.616     34  13361.233    13367.415    13498.601
  4  LG+I+G4       6641.523     35  13353.046    13359.608    13494.455
  5  LG+R2         6652.871     35  13375.741    13382.304    13517.150
  6  LG+R3         6642.574     37  13359.148    13366.509    13508.637
  7  LG+R4         6641.311     39  13360.623    13368.833    13518.193
 14  LG+I+R2       6644.847     36  13361.695    13368.651    13507.144
 15  LG+I+R3       6640.977     38  13357.955    13365.734    13511.484
 25  LG+F+G4       6647.643     53  13401.287    13416.926    13615.420
 26  LG+F+I+G4     6642.717     54  13393.433    13409.707    13611.607
 47  WAG+G4        6689.055     34  13446.110    13452.291    13583.478
 48  WAG+I+G4      6682.226     35  13434.452    13441.015    13575.861
 69  WAG+F+G4      6693.480     53  13492.961    13508.600    13707.094
 70  WAG+F+I+G4    6687.917     54  13483.834    13500.108    13702.008
 91  JTT+G4        6709.445     34  13486.890    13493.071    13624.258
 92  JTT+I+G4      6701.870     35  13473.740    13480.302    13615.149
113  JTT+F+G4      6680.658     53  13467.316    13482.956    13681.450
114  JTT+F+I+G4    6675.143     54  13458.285    13474.559    13676.459
WARNING: Normalizing state frequencies so that sum of them equals to 1
135  Q.pfam+G4     6653.036     34  13374.072    13380.254    13511.440
WARNING: Normalizing state frequencies so that sum of them equals to 1
136  Q.pfam+I+G4   6648.022     35  13366.044    13372.607    13507.453
WARNING: Normalizing state frequencies so that sum of them equals to 1
157  Q.pfam+F+G4   6648.716     53  13403.431    13419.071    13617.565
WARNING: Normalizing state frequencies so that sum of them equals to 1
158  Q.pfam+F+I+G4 6644.132     54  13396.265    13412.539    13614.438
WARNING: Normalizing state frequencies so that sum of them equals to 1
179  Q.bird+G4     6836.553     34  13741.107    13747.289    13878.476
WARNING: Normalizing state frequencies so that sum of them equals to 1
180  Q.bird+I+G4   6830.668     35  13731.337    13737.899    13872.745
WARNING: Normalizing state frequencies so that sum of them equals to 1
201  Q.bird+F+G4   6774.565     53  13655.131    13670.770    13869.264
WARNING: Normalizing state frequencies so that sum of them equals to 1
202  Q.bird+F+I+G4 6771.896     54  13651.793    13668.067    13869.966
WARNING: Normalizing state frequencies so that sum of them equals to 1
223  Q.mammal+G4   6797.772     34  13663.543    13669.725    13800.912
WARNING: Normalizing state frequencies so that sum of them equals to 1
224  Q.mammal+I+G4 6792.243     35  13654.486    13661.048    13795.894
WARNING: Normalizing state frequencies so that sum of them equals to 1
245  Q.mammal+F+G4 6729.698     53  13565.395    13581.035    13779.529
WARNING: Normalizing state frequencies so that sum of them equals to 1
246  Q.mammal+F+I+G4 6727.037     54  13562.073    13578.347    13780.247
267  Q.insect+G4   6643.525     34  13355.049    13361.231    13492.418
268  Q.insect+I+G4 6638.188     35  13346.375    13352.938    13487.784
289  Q.insect+F+G4 6630.825     53  13367.650    13383.289    13581.783
290  Q.insect+F+I+G4 6625.641     54  13359.283    13375.557    13577.457
WARNING: Normalizing state frequencies so that sum of them equals to 1
311  Q.plant+G4    6708.963     34  13485.925    13492.107    13623.294
WARNING: Normalizing state frequencies so that sum of them equals to 1
312  Q.plant+I+G4  6704.637     35  13479.274    13485.836    13620.683
WARNING: Normalizing state frequencies so that sum of them equals to 1
333  Q.plant+F+G4  6678.738     53  13463.477    13479.116    13677.610
WARNING: Normalizing state frequencies so that sum of them equals to 1
334  Q.plant+F+I+G4 6675.488     54  13458.975    13475.249    13677.149
WARNING: Normalizing state frequencies so that sum of them equals to 1
355  Q.yeast+G4    6647.855     34  13363.709    13369.891    13501.078
WARNING: Normalizing state frequencies so that sum of them equals to 1
356  Q.yeast+I+G4  6641.771     35  13353.543    13360.105    13494.952
WARNING: Normalizing state frequencies so that sum of them equals to 1
377  Q.yeast+F+G4  6639.226     53  13384.453    13400.092    13598.586
WARNING: Normalizing state frequencies so that sum of them equals to 1
378  Q.yeast+F+I+G4 6633.410     54  13374.820    13391.094    13592.994
399  JTTDCMut+G4   6708.151     34  13484.302    13490.483    13621.670
400  JTTDCMut+I+G4 6700.551     35  13471.102    13477.665    13612.511
421  JTTDCMut+F+G4 6681.534     53  13469.068    13484.708    13683.202
422  JTTDCMut+F+I+G4 6675.948     54  13459.897    13476.171    13678.070
443  DCMut+G4      6764.625     34  13597.250    13603.432    13734.619
444  DCMut+I+G4    6756.166     35  13582.332    13588.894    13723.741
465  DCMut+F+G4    6737.851     53  13581.703    13597.342    13795.836
466  DCMut+F+I+G4  6731.209     54  13570.418    13586.692    13788.592
487  VT+G4         6698.707     34  13465.415    13471.596    13602.783
488  VT+I+G4       6691.371     35  13452.741    13459.304    13594.150
509  VT+F+G4       6697.072     53  13500.143    13515.783    13714.277
510  VT+F+I+G4     6690.950     54  13489.900    13506.174    13708.073
531  PMB+G4        6762.473     34  13592.946    13599.128    13730.314
532  PMB+I+G4      6756.113     35  13582.226    13588.789    13723.635
553  PMB+F+G4      6736.491     53  13578.981    13594.620    13793.115
554  PMB+F+I+G4    6731.013     54  13570.027    13586.301    13788.201
575  Blosum62+G4   6756.147     34  13580.295    13586.476    13717.663
576  Blosum62+I+G4 6749.662     35  13569.325    13575.887    13710.734
597  Blosum62+F+G4 6746.677     53  13599.354    13614.993    13813.487
598  Blosum62+F+I+G4 6740.707     54  13589.414    13605.688    13807.588
619  Dayhoff+G4    6764.311     34  13596.621    13602.803    13733.990
620  Dayhoff+I+G4  6755.851     35  13581.703    13588.265    13723.112
641  Dayhoff+F+G4  6737.701     53  13581.402    13597.041    13795.535
642  Dayhoff+F+I+G4 6731.051     54  13570.101    13586.375    13788.275
663  mtREV+G4      7032.280     34  14132.560    14138.742    14269.929
664  mtREV+I+G4    7029.936     35  14129.871    14136.434    14271.280
685  mtREV+F+G4    6745.899     53  13597.798    13613.438    13811.932
686  mtREV+F+I+G4  6743.508     54  13595.016    13611.290    13813.189
707  mtART+G4      7042.173     34  14152.347    14158.529    14289.715
708  mtART+I+G4    7040.777     35  14151.554    14158.116    14292.963
729  mtART+F+G4    6765.267     53  13636.533    13652.172    13850.667
730  mtART+F+I+G4  6764.214     54  13636.427    13652.701    13854.601
751  mtZOA+G4      6942.308     34  13952.615    13958.797    14089.984
752  mtZOA+I+G4    6939.490     35  13948.981    13955.543    14090.390
773  mtZOA+F+G4    6711.785     53  13529.570    13545.209    13743.703
774  mtZOA+F+I+G4  6708.944     54  13525.888    13542.162    13744.062
795  mtMet+G4      7020.610     34  14109.220    14115.402    14246.589
796  mtMet+I+G4    7016.641     35  14103.282    14109.844    14244.691
817  mtMet+F+G4    6732.590     53  13571.180    13586.820    13785.314
818  mtMet+F+I+G4  6729.276     54  13566.551    13582.825    13784.725
839  mtVer+G4      7106.021     34  14280.041    14286.223    14417.410
840  mtVer+I+G4    7102.903     35  14275.807    14282.369    14417.216
861  mtVer+F+G4    6817.856     53  13741.711    13757.351    13955.845
862  mtVer+F+I+G4  6815.852     54  13739.703    13755.977    13957.877
883  mtInv+G4      7045.391     34  14158.781    14164.963    14296.150
884  mtInv+I+G4    7041.773     35  14153.545    14160.108    14294.954
905  mtInv+F+G4    6690.359     53  13486.718    13502.357    13700.851
906  mtInv+F+I+G4  6685.917     54  13479.835    13496.109    13698.009
927  mtMAM+G4      7155.619     34  14379.238    14385.419    14516.606
928  mtMAM+I+G4    7154.288     35  14378.576    14385.138    14519.985
949  mtMAM+F+G4    6863.913     53  13833.826    13849.466    14047.960
950  mtMAM+F+I+G4  6862.882     54  13833.763    13850.037    14051.937
WARNING: Normalizing state frequencies so that sum of them equals to 1
971  FLAVI+G4      7008.331     34  14084.663    14090.845    14222.032
WARNING: Normalizing state frequencies so that sum of them equals to 1
972  FLAVI+I+G4    7004.894     35  14079.788    14086.350    14221.197
WARNING: Normalizing state frequencies so that sum of them equals to 1
993  FLAVI+F+G4    6882.239     53  13870.478    13886.117    14084.611
WARNING: Normalizing state frequencies so that sum of them equals to 1
994  FLAVI+F+I+G4  6881.067     54  13870.134    13886.408    14088.308
1015  HIVb+G4       6886.129     34  13840.259    13846.441    13977.628
1016  HIVb+I+G4     6881.969     35  13833.937    13840.500    13975.346
1037  HIVb+F+G4     6797.840     53  13701.680    13717.319    13915.814
1038  HIVb+F+I+G4   6796.132     54  13700.264    13716.538    13918.438
1059  HIVw+G4       7203.812     34  14475.623    14481.805    14612.992
1060  HIVw+I+G4     7197.301     35  14464.601    14471.164    14606.010
1081  HIVw+F+G4     7005.088     53  14116.176    14131.816    14330.310
1082  HIVw+F+I+G4   7001.250     54  14110.499    14126.773    14328.673
1103  FLU+G4        6873.082     34  13814.163    13820.345    13951.532
1104  FLU+I+G4      6867.804     35  13805.609    13812.171    13947.018
1125  FLU+F+G4      6795.623     53  13697.246    13712.885    13911.379
1126  FLU+F+I+G4    6792.408     54  13692.815    13709.089    13910.989
1147  rtREV+G4      6716.486     34  13500.971    13507.153    13638.340
1148  rtREV+I+G4    6711.500     35  13493.001    13499.563    13634.410
1169  rtREV+F+G4    6665.401     53  13436.802    13452.441    13650.935
1170  rtREV+F+I+G4  6660.789     54  13429.577    13445.851    13647.751
1191  cpREV+G4      6747.947     34  13563.894    13570.076    13701.263
1192  cpREV+I+G4    6743.200     35  13556.400    13562.963    13697.809
1213  cpREV+F+G4    6737.128     53  13580.255    13595.895    13794.389
1214  cpREV+F+I+G4  6733.234     54  13574.468    13590.742    13792.641
Akaike Information Criterion:           Q.insect+I+G4
Corrected Akaike Information Criterion: Q.insect+I+G4
Bayesian Information Criterion:         Q.insect+I+G4
Best-fit model: Q.insect+I+G4 chosen according to BIC

All model information printed to FungalCW_tree_20231129/304733at4751.aa.mfa.model.gz
CPU time for ModelFinder: 46.555 seconds (0h:0m:46s)
Wall-clock time for ModelFinder: 23.797 seconds (0h:0m:23s)
Generating 1000 samples for ultrafast bootstrap (seed: 965645)...

NOTE: 6 MB RAM (0 GB) is required!
Estimate model parameters (epsilon = 0.100)
Thoroughly optimizing +I+G parameters from 10 start values...
Init pinv, alpha: 0.000, 1.882 / Estimate: 0.000, 1.278 / LogL: -6643.519
Init pinv, alpha: 0.018, 1.882 / Estimate: 0.056, 1.818 / LogL: -6638.233
Init pinv, alpha: 0.037, 1.882 / Estimate: 0.056, 1.817 / LogL: -6638.236
Init pinv, alpha: 0.055, 1.882 / Estimate: 0.057, 1.837 / LogL: -6638.215
Init pinv, alpha: 0.073, 1.882 / Estimate: 0.065, 1.914 / LogL: -6638.206
Init pinv, alpha: 0.091, 1.882 / Estimate: 0.066, 1.923 / LogL: -6638.213
Init pinv, alpha: 0.110, 1.882 / Estimate: 0.065, 1.912 / LogL: -6638.198
Init pinv, alpha: 0.128, 1.882 / Estimate: 0.065, 1.919 / LogL: -6638.204
Init pinv, alpha: 0.146, 1.882 / Estimate: 0.066, 1.923 / LogL: -6638.210
Init pinv, alpha: 0.164, 1.882 / Estimate: 0.066, 1.928 / LogL: -6638.216
Optimal pinv,alpha: 0.065, 1.912 / LogL: -6638.198

Parameters optimization took 2.613 sec
Wrote distance file to... 
Computing ML distances based on estimated model parameters...
Calculating distance matrix: done in 0.0332088 secs using 197.9% CPU
Computing ML distances took 0.033501 sec (of wall-clock time) 0.066234 sec (of CPU time)
WARNING: Some pairwise ML distances are too long (saturated)
Setting up auxiliary I and S matrices: done in 5.88894e-05 secs using 197% CPU
Constructing RapidNJ tree: done in 0.00020504 secs using 199% CPU
Computing RapidNJ tree took 0.000363 sec (of wall-clock time) 0.000721 sec (of CPU time)
Log-likelihood of RapidNJ tree: -6642.405
--------------------------------------------------------------------
|             INITIALIZING CANDIDATE TREE SET                      |
--------------------------------------------------------------------
Generating 98 parsimony trees... 0.312 second
Computing log-likelihood of 98 initial trees ... 1.497 seconds
Current best score: -6638.198

Do NNI search on 20 best initial trees
Optimizing NNI: done in 0.0689509 secs using 193.7% CPU
Estimate model parameters (epsilon = 0.100)
BETTER TREE FOUND at iteration 1: -6638.186
Optimizing NNI: done in 0.167793 secs using 196.9% CPU
Optimizing NNI: done in 0.195473 secs using 197.5% CPU
Estimate model parameters (epsilon = 0.100)
BETTER TREE FOUND at iteration 3: -6637.608
Optimizing NNI: done in 0.176393 secs using 195.7% CPU
Optimizing NNI: done in 0.247952 secs using 198.2% CPU
BETTER TREE FOUND at iteration 5: -6637.607
Optimizing NNI: done in 0.200341 secs using 197.5% CPU
Optimizing NNI: done in 0.214653 secs using 197.1% CPU
Optimizing NNI: done in 0.140274 secs using 197.4% CPU
Optimizing NNI: done in 0.276448 secs using 197.7% CPU
Optimizing NNI: done in 0.489118 secs using 196.7% CPU
Iteration 10 / LogL: -6640.677 / Time: 0h:0m:7s
Optimizing NNI: done in 0.19049 secs using 196.9% CPU
Optimizing NNI: done in 0.30594 secs using 196.8% CPU
Optimizing NNI: done in 0.331853 secs using 197.9% CPU
Estimate model parameters (epsilon = 0.100)
UPDATE BEST LOG-LIKELIHOOD: -6637.504
Optimizing NNI: done in 0.214084 secs using 197.6% CPU
Optimizing NNI: done in 0.399266 secs using 197.8% CPU
Optimizing NNI: done in 0.214816 secs using 197.5% CPU
Optimizing NNI: done in 0.346536 secs using 197.5% CPU
Optimizing NNI: done in 0.347224 secs using 197.2% CPU
Optimizing NNI: done in 0.280167 secs using 197.8% CPU
Optimizing NNI: done in 0.167615 secs using 197.7% CPU
Iteration 20 / LogL: -6685.969 / Time: 0h:0m:10s
Finish initializing candidate tree set (10)
Current best tree score: -6637.504 / CPU time: 7.063
Number of iterations: 20
--------------------------------------------------------------------
|               OPTIMIZING CANDIDATE TREE SET                      |
--------------------------------------------------------------------
Optimizing NNI: done in 0.24583 secs using 196.9% CPU
Optimizing NNI: done in 0.272258 secs using 197.4% CPU
Optimizing NNI: done in 0.140428 secs using 198.1% CPU
Optimizing NNI: done in 0.65801 secs using 197.5% CPU
Optimizing NNI: done in 0.173243 secs using 197.6% CPU
Optimizing NNI: done in 0.353549 secs using 197.9% CPU
Optimizing NNI: done in 0.299269 secs using 198.1% CPU
Optimizing NNI: done in 0.229985 secs using 198.1% CPU
Optimizing NNI: done in 0.309413 secs using 196.8% CPU
Optimizing NNI: done in 0.376906 secs using 197.8% CPU
Iteration 30 / LogL: -6637.691 / Time: 0h:0m:13s (0h:0m:35s left)
Optimizing NNI: done in 0.263166 secs using 197% CPU
Optimizing NNI: done in 0.21879 secs using 197.2% CPU
Optimizing NNI: done in 0.309885 secs using 197.7% CPU
Optimizing NNI: done in 0.437434 secs using 197.6% CPU
Optimizing NNI: done in 0.422153 secs using 197.1% CPU
Optimizing NNI: done in 0.282647 secs using 197.4% CPU
Optimizing NNI: done in 0.254233 secs using 197.6% CPU
Optimizing NNI: done in 0.21063 secs using 197.6% CPU
Optimizing NNI: done in 0.306812 secs using 197.5% CPU
Optimizing NNI: done in 0.241556 secs using 197.6% CPU
Iteration 40 / LogL: -6638.192 / Time: 0h:0m:16s (0h:0m:28s left)
Optimizing NNI: done in 0.311143 secs using 197.2% CPU
Optimizing NNI: done in 0.258179 secs using 197.8% CPU
Optimizing NNI: done in 0.307007 secs using 197.8% CPU
Optimizing NNI: done in 0.249964 secs using 197.4% CPU
Optimizing NNI: done in 0.264692 secs using 197.7% CPU
Optimizing NNI: done in 0.408575 secs using 197.1% CPU
Optimizing NNI: done in 0.3074 secs using 198.1% CPU
Optimizing NNI: done in 0.317586 secs using 197.7% CPU
Optimizing NNI: done in 0.197502 secs using 197.5% CPU
Optimizing NNI: done in 0.203003 secs using 196.6% CPU
UPDATE BEST LOG-LIKELIHOOD: -6637.503
Iteration 50 / LogL: -6637.503 / Time: 0h:0m:19s (0h:0m:22s left)
Log-likelihood cutoff on original alignment: -6671.846
Optimizing NNI: done in 0.428079 secs using 197.3% CPU
Optimizing NNI: done in 0.20851 secs using 198% CPU
Optimizing NNI: done in 0.190751 secs using 196.8% CPU
Optimizing NNI: done in 0.215904 secs using 198% CPU
Optimizing NNI: done in 0.294915 secs using 197.4% CPU
Optimizing NNI: done in 0.243693 secs using 197.6% CPU
Optimizing NNI: done in 0.358232 secs using 197.5% CPU
Optimizing NNI: done in 0.212191 secs using 198.1% CPU
Optimizing NNI: done in 0.329231 secs using 197.3% CPU
Optimizing NNI: done in 0.317592 secs using 198.2% CPU
Iteration 60 / LogL: -6639.612 / Time: 0h:0m:22s (0h:0m:17s left)
Optimizing NNI: done in 0.148025 secs using 197.6% CPU
Optimizing NNI: done in 0.244916 secs using 198.5% CPU
Optimizing NNI: done in 0.330389 secs using 197.8% CPU
Optimizing NNI: done in 0.237342 secs using 196.1% CPU
Optimizing NNI: done in 0.201479 secs using 195.7% CPU
Optimizing NNI: done in 0.26355 secs using 197.7% CPU
Optimizing NNI: done in 0.212588 secs using 198.1% CPU
Optimizing NNI: done in 0.275252 secs using 198.1% CPU
Optimizing NNI: done in 0.247153 secs using 197.1% CPU
Optimizing NNI: done in 0.241575 secs using 197.7% CPU
Iteration 70 / LogL: -6639.845 / Time: 0h:0m:25s (0h:0m:12s left)
Optimizing NNI: done in 0.313116 secs using 197.7% CPU
Optimizing NNI: done in 0.175094 secs using 197% CPU
Optimizing NNI: done in 0.291691 secs using 198.2% CPU
Optimizing NNI: done in 0.202269 secs using 197.1% CPU
Optimizing NNI: done in 0.361331 secs using 197.9% CPU
Optimizing NNI: done in 0.212746 secs using 198.1% CPU
Optimizing NNI: done in 0.315254 secs using 197.4% CPU
Optimizing NNI: done in 0.305817 secs using 198.2% CPU
Optimizing NNI: done in 0.176208 secs using 197.4% CPU
Optimizing NNI: done in 0.264694 secs using 196.7% CPU
Iteration 80 / LogL: -6637.715 / Time: 0h:0m:28s (0h:0m:8s left)
Optimizing NNI: done in 0.336809 secs using 198% CPU
Optimizing NNI: done in 0.269714 secs using 197.9% CPU
UPDATE BEST LOG-LIKELIHOOD: -6637.496
Optimizing NNI: done in 0.238075 secs using 197% CPU
Optimizing NNI: done in 0.286748 secs using 197.7% CPU
Optimizing NNI: done in 0.289145 secs using 197.4% CPU
Optimizing NNI: done in 0.195538 secs using 198.1% CPU
Optimizing NNI: done in 0.19363 secs using 198.2% CPU
Optimizing NNI: done in 0.305261 secs using 198.1% CPU
Optimizing NNI: done in 0.288545 secs using 198.3% CPU
Optimizing NNI: done in 0.241162 secs using 198.4% CPU
Iteration 90 / LogL: -6637.641 / Time: 0h:0m:32s (0h:0m:5s left)
Optimizing NNI: done in 0.186592 secs using 197.3% CPU
Optimizing NNI: done in 0.167569 secs using 197.3% CPU
Optimizing NNI: done in 0.368378 secs using 196.5% CPU
Optimizing NNI: done in 0.207481 secs using 197.9% CPU
Optimizing NNI: done in 0.362461 secs using 197.9% CPU
Optimizing NNI: done in 0.258219 secs using 197.2% CPU
Optimizing NNI: done in 0.219912 secs using 198.4% CPU
Optimizing NNI: done in 0.246825 secs using 197.2% CPU
UPDATE BEST LOG-LIKELIHOOD: -6637.493
Optimizing NNI: done in 0.25647 secs using 198.4% CPU
Optimizing NNI: done in 0.204033 secs using 197.8% CPU
Iteration 100 / LogL: -6640.148 / Time: 0h:0m:35s (0h:0m:1s left)
Log-likelihood cutoff on original alignment: -6671.846
NOTE: Bootstrap correlation coefficient of split occurrence frequencies: 1.000
Optimizing NNI: done in 0.249909 secs using 198% CPU
Optimizing NNI: done in 0.351479 secs using 197.5% CPU
Optimizing NNI: done in 0.110978 secs using 198.1% CPU
Optimizing NNI: done in 0.354506 secs using 197% CPU
Optimizing NNI: done in 0.252782 secs using 197.9% CPU
Optimizing NNI: done in 0.20444 secs using 198.5% CPU
TREE SEARCH COMPLETED AFTER 106 ITERATIONS / Time: 0h:0m:37s

--------------------------------------------------------------------
|                    FINALIZING TREE SEARCH                        |
--------------------------------------------------------------------
Performs final model parameters optimization
Estimate model parameters (epsilon = 0.010)
1. Initial log-likelihood: -6637.493
Optimal log-likelihood: -6637.486
Proportion of invariable sites: 0.062
Gamma shape alpha: 1.890
Parameters optimization took 1 rounds (0.047 sec)
BEST SCORE FOUND : -6637.486

Testing tree branches by SH-like aLRT with 1000 replicates...
0.141 sec.
Creating bootstrap support values...
Split supports printed to NEXUS file FungalCW_tree_20231129/304733at4751.aa.mfa.splits.nex
Total tree length: 9.127

Total number of iterations: 106
CPU time used for tree search: 62.577 sec (0h:1m:2s)
Wall-clock time used for tree search: 33.784 sec (0h:0m:33s)
Total CPU time used: 69.465 sec (0h:1m:9s)
Total wall-clock time used: 40.176 sec (0h:0m:40s)

Computing bootstrap consensus tree...
Reading input file FungalCW_tree_20231129/304733at4751.aa.mfa.splits.nex...
18 taxa and 102 splits.
Consensus tree written to FungalCW_tree_20231129/304733at4751.aa.mfa.contree
Reading input trees file FungalCW_tree_20231129/304733at4751.aa.mfa.contree
Log-likelihood of consensus tree: -6639.708

Analysis results written to: 
  IQ-TREE report:                FungalCW_tree_20231129/304733at4751.aa.mfa.iqtree
  Maximum-likelihood tree:       FungalCW_tree_20231129/304733at4751.aa.mfa.treefile
  Likelihood distances:          FungalCW_tree_20231129/304733at4751.aa.mfa.mldist

Ultrafast bootstrap approximation results written to:
  Split support values:          FungalCW_tree_20231129/304733at4751.aa.mfa.splits.nex
  Consensus tree:                FungalCW_tree_20231129/304733at4751.aa.mfa.contree
  Screen log file:               FungalCW_tree_20231129/304733at4751.aa.mfa.log

Date and Time: Wed Nov 29 01:36:10 2023
