IQ-TREE multicore version 2.2.2.6 COVID-edition for Linux 64-bit built May 27 2023
Developed by Bui Quang Minh, James Barbetti, Nguyen Lam Tung,
Olga Chernomor, Heiko Schmidt, Dominik Schrempf, Michael Woodhams, Ly Trong Nhan.

Host:    i28 (AVX2, FMA3, 503 GB RAM)
Command: iqtree2 -s FungalCW_tree_20231129/306594at4751.aa.mfa -gz -B 1000 -alrt 1000 -nt 2
Seed:    316924 (Using SPRNG - Scalable Parallel Random Number Generator)
Time:    Wed Nov 29 01:35:05 2023
Kernel:  AVX+FMA - 2 threads (2 CPU cores detected)

Reading alignment file FungalCW_tree_20231129/306594at4751.aa.mfa ... Fasta format detected
Reading fasta file: done in 0.000349998 secs using 49.71% CPU
Alignment most likely contains protein sequences
Constructing alignment: done in 0.00187111 secs using 111.9% CPU
Alignment has 18 sequences with 818 columns, 764 distinct patterns
378 parsimony-informative, 351 singleton sites, 89 constant sites
                                                               Gap/Ambiguity  Composition  p-value
Analyzing sequences: done in 5.4121e-05 secs using 53.58% CPU
   1  Basidiobolus_meristosporus_CBS_931.73.Basme2finSC.v1            47.07%    passed     92.72%
   2  Botrytis_cinerea_T4                                             43.03%    passed     23.64%
   3  Capillidium_pumilum_ARSEF_79                                    24.21%    passed      7.63%
   4  Colletotrichum_graminicola_M1.001                               44.01%    passed     93.69%
   5  Colletotrichum_higginsianum_IMI_349063                          46.58%    passed     90.09%
   6  Fusarium_graminearum_PH-1                                       44.01%    passed     95.78%
   7  Fusarium_verticillioides_7600                                   44.99%    passed     98.04%
   8  Gilbertella_persicaria_var_persicaria_CBS_190.32-T.Gilper1.v1   48.90%    passed     94.71%
   9  Mortierella_elongata_AG-77                                      45.48%    passed     80.63%
  10  Mucor_mucedo_NRRL_3635                                          45.84%    passed     98.65%
  11  Neoconidiobolus_thromboides_FSU_785.Conth1.v1                   44.62%    failed      0.00%
  12  Phycomyces_blakesleeanus_NRRL_1555.Phybl2.v2                    46.70%    passed     95.44%
  13  Rhizopus_stolonifer_NRRL_66455                                  47.43%    passed     99.22%
  14  Trichoderma_harzianum_CBS_226.95                                44.25%    passed     71.13%
  15  Umbelopsis_ramanniana_NRRL_5844.Umbra1.v1                       47.80%    passed     83.19%
  16  Ustilago_maydis                                                 44.01%    passed     15.29%
  17  Zoophthora_radicans_ATCC_208865                                 46.70%    passed     80.15%
  18  Zymoseptoria_tritici_IP0323                                     44.13%    passed     72.98%
****  TOTAL                                                           44.43%  1 sequences failed composition chi2 test (p-value<5%; df=19)
Checking for duplicate sequences: done in 0.00012207 secs


Create initial parsimony tree by phylogenetic likelihood library (PLL)... 0.003 seconds
Perform fast likelihood tree search using LG+I+G model...
Estimate model parameters (epsilon = 5.000)
Perform nearest neighbor interchange...
Optimizing NNI: done in 0.210252 secs using 197.6% CPU
Estimate model parameters (epsilon = 1.000)
1. Initial log-likelihood: -14893.222
Optimal log-likelihood: -14892.876
Proportion of invariable sites: 0.035
Gamma shape alpha: 1.255
Parameters optimization took 1 rounds (0.165 sec)
Time for fast ML tree search: 0.813 seconds

NOTE: ModelFinder requires 24 MB RAM!
ModelFinder will test up to 1232 protein models (sample size: 818) ...
 No. Model         -LnL         df  AIC          AICc         BIC
  1  LG            15355.250    33  30776.500    30779.362    30931.827
  2  LG+I          15207.944    34  30483.889    30486.928    30643.922
  3  LG+G4         14901.803    34  29871.606    29874.645    30031.639
  4  LG+I+G4       14892.850    35  29855.699    29858.922    30020.439
  5  LG+R2         14968.468    35  30006.935    30010.158    30171.676
  6  LG+R3         14891.697    37  29857.393    29860.998    30031.547
  7  LG+R4         14881.721    39  29841.443    29845.453    30025.010
  8  LG+R5         14877.415    41  29836.829    29841.267    30029.811
 14  LG+I+R2       14940.907    36  29953.813    29957.224    30123.260
 15  LG+I+R3       14880.462    38  29836.924    29840.729    30015.785
 16  LG+I+R4       14877.327    40  29834.654    29838.875    30022.928
 26  LG+F+I+G4     14787.545    54  29683.090    29690.875    29937.261
 29  LG+F+R4       14774.366    58  29664.732    29673.749    29937.730
 37  LG+F+I+R3     14774.879    57  29663.758    29672.458    29932.049
 38  LG+F+I+R4     14772.079    59  29662.158    29671.499    29939.863
 48  WAG+I+G4      14879.459    35  29828.918    29832.140    29993.658
 51  WAG+R4        14868.296    39  29814.592    29818.602    29998.160
 59  WAG+I+R3      14867.819    38  29811.637    29815.442    29990.498
 60  WAG+I+R4      14866.427    40  29812.855    29817.076    30001.129
 70  WAG+F+I+G4    14816.635    54  29741.270    29749.055    29995.441
 73  WAG+F+R4      14805.062    58  29726.123    29735.141    29999.121
 81  WAG+F+I+R3    14804.938    57  29723.877    29732.577    29992.168
 82  WAG+F+I+R4    14803.659    59  29725.318    29734.659    30003.023
 92  JTT+I+G4      14970.808    35  30011.615    30014.838    30176.355
 95  JTT+R4        14960.991    39  29999.982    30003.992    30183.550
103  JTT+I+R3      14960.148    38  29996.296    30000.101    30175.157
104  JTT+I+R4      14957.537    40  29995.074    29999.295    30183.349
114  JTT+F+I+G4    14875.664    54  29859.327    29867.112    30113.498
117  JTT+F+R4      14866.484    58  29848.967    29857.984    30121.965
NOTE: 5.282 seconds to dump checkpoint file, increase to 106.000
125  JTT+F+I+R3    14865.799    57  29845.597    29854.297    30113.888
126  JTT+F+I+R4    14863.303    59  29844.605    29853.946    30122.310
WARNING: Normalizing state frequencies so that sum of them equals to 1
136  Q.pfam+I+G4   14858.350    35  29786.701    29789.923    29951.441
WARNING: Normalizing state frequencies so that sum of them equals to 1
139  Q.pfam+R4     14847.829    39  29773.658    29777.668    29957.225
WARNING: Normalizing state frequencies so that sum of them equals to 1
147  Q.pfam+I+R3   14846.551    38  29769.102    29772.907    29947.962
WARNING: Normalizing state frequencies so that sum of them equals to 1
148  Q.pfam+I+R4   14843.174    40  29766.349    29770.570    29954.623
WARNING: Normalizing state frequencies so that sum of them equals to 1
158  Q.pfam+F+I+G4 14784.644    54  29677.289    29685.074    29931.460
WARNING: Normalizing state frequencies so that sum of them equals to 1
161  Q.pfam+F+R4   14774.419    58  29664.837    29673.854    29937.835
WARNING: Normalizing state frequencies so that sum of them equals to 1
169  Q.pfam+F+I+R3 14773.160    57  29660.320    29669.020    29928.611
WARNING: Normalizing state frequencies so that sum of them equals to 1
170  Q.pfam+F+I+R4 14770.350    59  29658.700    29668.041    29936.405
WARNING: Normalizing state frequencies so that sum of them equals to 1
180  Q.bird+I+G4   15150.522    35  30371.043    30374.266    30535.784
WARNING: Normalizing state frequencies so that sum of them equals to 1
183  Q.bird+R4     15141.400    39  30360.800    30364.810    30544.367
WARNING: Normalizing state frequencies so that sum of them equals to 1
191  Q.bird+I+R3   15150.625    38  30377.249    30381.054    30556.110
WARNING: Normalizing state frequencies so that sum of them equals to 1
192  Q.bird+I+R4   15136.663    40  30353.326    30357.547    30541.601
WARNING: Normalizing state frequencies so that sum of them equals to 1
202  Q.bird+F+I+G4 15040.613    54  30189.226    30197.011    30443.396
WARNING: Normalizing state frequencies so that sum of them equals to 1
205  Q.bird+F+R4   15030.456    58  30176.912    30185.929    30449.910
WARNING: Normalizing state frequencies so that sum of them equals to 1
213  Q.bird+F+I+R3 15040.693    57  30195.386    30204.086    30463.678
WARNING: Normalizing state frequencies so that sum of them equals to 1
214  Q.bird+F+I+R4 15026.897    59  30171.793    30181.134    30449.498
WARNING: Normalizing state frequencies so that sum of them equals to 1
224  Q.mammal+I+G4 15081.897    35  30233.793    30237.016    30398.533
WARNING: Normalizing state frequencies so that sum of them equals to 1
227  Q.mammal+R4   15074.666    39  30227.332    30231.342    30410.900
WARNING: Normalizing state frequencies so that sum of them equals to 1
235  Q.mammal+I+R3 15079.791    38  30235.582    30239.386    30414.442
WARNING: Normalizing state frequencies so that sum of them equals to 1
236  Q.mammal+I+R4 15069.443    40  30218.886    30223.107    30407.160
WARNING: Normalizing state frequencies so that sum of them equals to 1
246  Q.mammal+F+I+G4 14982.000    54  30071.999    30079.785    30326.170
WARNING: Normalizing state frequencies so that sum of them equals to 1
249  Q.mammal+F+R4 14973.652    58  30063.304    30072.321    30336.302
WARNING: Normalizing state frequencies so that sum of them equals to 1
257  Q.mammal+F+I+R3 14979.832    57  30073.665    30082.365    30341.956
WARNING: Normalizing state frequencies so that sum of them equals to 1
258  Q.mammal+F+I+R4 14969.662    59  30057.324    30066.664    30335.029
268  Q.insect+I+G4 14925.062    35  29920.125    29923.347    30084.865
271  Q.insect+R4   14915.628    39  29909.257    29913.267    30092.824
279  Q.insect+I+R3 14916.933    38  29909.867    29913.672    30088.728
280  Q.insect+I+R4 14910.836    40  29901.672    29905.894    30089.947
290  Q.insect+F+I+G4 14840.869    54  29789.738    29797.523    30043.909
293  Q.insect+F+R4 14828.666    58  29773.332    29782.349    30046.330
301  Q.insect+F+I+R3 14829.665    57  29773.331    29782.031    30041.622
302  Q.insect+F+I+R4 14824.565    59  29767.130    29776.470    30044.834
WARNING: Normalizing state frequencies so that sum of them equals to 1
312  Q.plant+I+G4  14956.079    35  29982.157    29985.380    30146.897
WARNING: Normalizing state frequencies so that sum of them equals to 1
315  Q.plant+R4    14946.701    39  29971.402    29975.412    30154.970
WARNING: Normalizing state frequencies so that sum of them equals to 1
323  Q.plant+I+R3  14948.494    38  29972.989    29976.794    30151.849
WARNING: Normalizing state frequencies so that sum of them equals to 1
324  Q.plant+I+R4  14940.879    40  29961.758    29965.980    30150.033
WARNING: Normalizing state frequencies so that sum of them equals to 1
334  Q.plant+F+I+G4 14906.163    54  29920.326    29928.111    30174.497
WARNING: Normalizing state frequencies so that sum of them equals to 1
337  Q.plant+F+R4  14897.225    58  29910.450    29919.468    30183.448
WARNING: Normalizing state frequencies so that sum of them equals to 1
345  Q.plant+F+I+R3 14898.163    57  29910.326    29919.026    30178.617
WARNING: Normalizing state frequencies so that sum of them equals to 1
346  Q.plant+F+I+R4 14891.297    59  29900.594    29909.935    30178.299
WARNING: Normalizing state frequencies so that sum of them equals to 1
356  Q.yeast+I+G4  14867.857    35  29805.714    29808.937    29970.455
WARNING: Normalizing state frequencies so that sum of them equals to 1
359  Q.yeast+R4    14855.037    39  29788.074    29792.084    29971.642
WARNING: Normalizing state frequencies so that sum of them equals to 1
367  Q.yeast+I+R3  14856.946    38  29789.892    29793.696    29968.752
WARNING: Normalizing state frequencies so that sum of them equals to 1
368  Q.yeast+I+R4  14850.280    40  29780.560    29784.782    29968.835
WARNING: Normalizing state frequencies so that sum of them equals to 1
378  Q.yeast+F+I+G4 14804.738    54  29717.475    29725.260    29971.646
WARNING: Normalizing state frequencies so that sum of them equals to 1
381  Q.yeast+F+R4  14791.348    58  29698.696    29707.713    29971.694
WARNING: Normalizing state frequencies so that sum of them equals to 1
389  Q.yeast+F+I+R3 14791.785    57  29697.570    29706.270    29965.861
WARNING: Normalizing state frequencies so that sum of them equals to 1
390  Q.yeast+F+I+R4 14786.824    59  29691.648    29700.988    29969.353
400  JTTDCMut+I+G4 14970.571    35  30011.142    30014.364    30175.882
403  JTTDCMut+R4   14960.450    39  29998.899    30002.909    30182.467
411  JTTDCMut+I+R3 14959.714    38  29995.427    29999.232    30174.288
412  JTTDCMut+I+R4 14957.159    40  29994.318    29998.539    30182.592
422  JTTDCMut+F+I+G4 14878.298    54  29864.597    29872.382    30118.767
425  JTTDCMut+F+R4 14868.867    58  29853.734    29862.752    30126.732
433  JTTDCMut+F+I+R3 14868.216    57  29850.431    29859.131    30118.722
434  JTTDCMut+F+I+R4 14865.733    59  29849.465    29858.806    30127.170
444  DCMut+I+G4    14992.433    35  30054.867    30058.089    30219.607
447  DCMut+R4      14975.019    39  30028.039    30032.049    30211.606
455  DCMut+I+R3    14976.776    38  30029.553    30033.358    30208.414
456  DCMut+I+R4    14974.927    40  30029.853    30034.075    30218.128
466  DCMut+F+I+G4  14878.555    54  29865.111    29872.896    30119.281
469  DCMut+F+R4    14860.977    58  29837.955    29846.972    30110.953
477  DCMut+F+I+R3  14862.458    57  29838.917    29847.617    30107.208
478  DCMut+F+I+R4  14860.514    59  29839.029    29848.369    30116.733
488  VT+I+G4       14889.166    35  29848.331    29851.554    30013.071
491  VT+R4         14879.628    39  29837.257    29841.267    30020.824
499  VT+I+R3       14879.270    38  29834.540    29838.345    30013.401
500  VT+I+R4       14878.466    40  29836.932    29841.153    30025.206
510  VT+F+I+G4     14821.372    54  29750.745    29758.530    30004.915
513  VT+F+R4       14812.051    58  29740.102    29749.119    30013.100
521  VT+F+I+R3     14811.849    57  29737.697    29746.397    30005.988
522  VT+F+I+R4     14811.285    59  29740.569    29749.910    30018.274
532  PMB+I+G4      14986.363    35  30042.726    30045.949    30207.466
535  PMB+R4        14978.627    39  30035.255    30039.265    30218.823
543  PMB+I+R3      14978.464    38  30032.928    30036.733    30211.788
544  PMB+I+R4      14978.182    40  30036.364    30040.586    30224.639
554  PMB+F+I+G4    14869.259    54  29846.518    29854.303    30100.688
557  PMB+F+R4      14861.239    58  29838.479    29847.496    30111.477
565  PMB+F+I+R3    14861.047    57  29836.095    29844.795    30104.386
566  PMB+F+I+R4    14860.762    59  29839.525    29848.865    30117.230
576  Blosum62+I+G4 14990.990    35  30051.981    30055.203    30216.721
579  Blosum62+R4   14981.483    39  30040.966    30044.976    30224.534
587  Blosum62+I+R3 14981.380    38  30038.760    30042.565    30217.620
588  Blosum62+I+R4 14981.143    40  30042.287    30046.508    30230.561
598  Blosum62+F+I+G4 14859.110    54  29826.220    29834.005    30080.390
601  Blosum62+F+R4 14849.961    58  29815.923    29824.940    30088.921
609  Blosum62+F+I+R3 14849.927    57  29813.855    29822.555    30082.146
610  Blosum62+F+I+R4 14849.622    59  29817.245    29826.585    30094.950
620  Dayhoff+I+G4  14992.698    35  30055.396    30058.618    30220.136
623  Dayhoff+R4    14975.193    39  30028.386    30032.397    30211.954
631  Dayhoff+I+R3  14976.923    38  30029.846    30033.651    30208.707
632  Dayhoff+I+R4  14975.051    40  30030.102    30034.324    30218.377
642  Dayhoff+F+I+G4 14878.757    54  29865.513    29873.298    30119.684
645  Dayhoff+F+R4  14861.016    58  29838.031    29847.048    30111.029
653  Dayhoff+F+I+R3 14862.545    57  29839.090    29847.790    30107.381
654  Dayhoff+F+I+R4 14860.579    59  29839.158    29848.498    30116.863
664  mtREV+I+G4    15590.719    35  31251.437    31254.660    31416.177
667  mtREV+R4      15580.039    39  31238.078    31242.088    31421.646
675  mtREV+I+R3    15587.567    38  31251.135    31254.940    31429.996
676  mtREV+I+R4    15577.305    40  31234.611    31238.832    31422.885
686  mtREV+F+I+G4  14977.738    54  30063.475    30071.260    30317.646
689  mtREV+F+R4    14965.881    58  30047.763    30056.780    30320.761
697  mtREV+F+I+R3  14966.748    57  30047.495    30056.195    30315.786
698  mtREV+F+I+R4  14961.109    59  30040.219    30049.559    30317.924
708  mtART+I+G4    15704.159    35  31478.318    31481.541    31643.059
711  mtART+R4      15693.581    39  31465.163    31469.173    31648.730
719  mtART+I+R3    15713.655    38  31503.309    31507.114    31682.170
720  mtART+I+R4    15690.307    40  31460.615    31464.836    31648.889
730  mtART+F+I+G4  15052.823    54  30213.647    30221.432    30467.817
733  mtART+F+R4    15038.478    58  30192.956    30201.973    30465.954
741  mtART+F+I+R3  15048.528    57  30211.057    30219.757    30479.348
742  mtART+F+I+R4  15035.606    59  30189.211    30198.552    30466.916
752  mtZOA+I+G4    15436.775    35  30943.550    30946.773    31108.290
755  mtZOA+R4      15425.088    39  30928.176    30932.186    31111.743
763  mtZOA+I+R3    15440.619    38  30957.238    30961.043    31136.099
764  mtZOA+I+R4    15423.564    40  30927.127    30931.349    31115.402
774  mtZOA+F+I+G4  14926.867    54  29961.734    29969.519    30215.904
777  mtZOA+F+R4    14911.805    58  29939.611    29948.628    30212.609
785  mtZOA+F+I+R3  14918.618    57  29951.236    29959.936    30219.527
786  mtZOA+F+I+R4  14909.517    59  29937.034    29946.374    30214.739
796  mtMet+I+G4    15597.138    35  31264.276    31267.498    31429.016
799  mtMet+R4      15586.722    39  31251.444    31255.454    31435.012
807  mtMet+I+R3    15600.472    38  31276.943    31280.748    31455.804
808  mtMet+I+R4    15585.488    40  31250.977    31255.198    31439.251
818  mtMet+F+I+G4  14962.292    54  30032.584    30040.369    30286.755
821  mtMet+F+R4    14948.587    58  30013.175    30022.192    30286.173
829  mtMet+F+I+R3  14956.411    57  30026.822    30035.522    30295.113
830  mtMet+F+I+R4  14946.165    59  30010.330    30019.671    30288.035
840  mtVer+I+G4    15702.196    35  31474.391    31477.614    31639.131
843  mtVer+R4      15691.715    39  31461.429    31465.440    31644.997
851  mtVer+I+R3    15712.945    38  31501.890    31505.695    31680.751
852  mtVer+I+R4    15690.976    40  31461.951    31466.173    31650.226
862  mtVer+F+I+G4  15106.572    54  30321.144    30328.929    30575.315
865  mtVer+F+R4    15095.179    58  30306.358    30315.375    30579.356
873  mtVer+F+I+R3  15105.720    57  30325.441    30334.141    30593.732
874  mtVer+F+I+R4  15091.016    59  30300.032    30309.373    30577.737
884  mtInv+I+G4    15714.079    35  31498.157    31501.380    31662.897
887  mtInv+R4      15706.555    39  31491.110    31495.120    31674.677
895  mtInv+I+R3    15714.060    38  31504.120    31507.925    31682.980
896  mtInv+I+R4    15704.557    40  31489.115    31493.336    31677.389
906  mtInv+F+I+G4  14899.966    54  29907.932    29915.717    30162.103
909  mtInv+F+R4    14886.342    58  29888.684    29897.701    30161.682
917  mtInv+F+I+R3  14890.718    57  29895.436    29904.136    30163.727
918  mtInv+F+I+R4  14883.989    59  29885.978    29895.319    30163.683
928  mtMAM+I+G4    15841.291    35  31752.582    31755.805    31917.322
931  mtMAM+R4      15827.899    39  31733.798    31737.808    31917.366
939  mtMAM+I+R3    15858.050    38  31792.100    31795.905    31970.960
940  mtMAM+I+R4    15826.513    40  31733.027    31737.248    31921.301
950  mtMAM+F+I+G4  15198.471    54  30504.942    30512.727    30759.113
953  mtMAM+F+R4    15181.485    58  30478.971    30487.988    30751.969
961  mtMAM+F+I+R3  15198.162    57  30510.324    30519.024    30778.615
962  mtMAM+F+I+R4  15176.918    59  30471.836    30481.177    30749.541
WARNING: Normalizing state frequencies so that sum of them equals to 1
972  FLAVI+I+G4    15468.143    35  31006.285    31009.508    31171.025
WARNING: Normalizing state frequencies so that sum of them equals to 1
975  FLAVI+R4      15457.922    39  30993.843    30997.854    31177.411
WARNING: Normalizing state frequencies so that sum of them equals to 1
983  FLAVI+I+R3    15467.887    38  31011.774    31015.579    31190.635
WARNING: Normalizing state frequencies so that sum of them equals to 1
984  FLAVI+I+R4    15453.886    40  30987.772    30991.994    31176.047
WARNING: Normalizing state frequencies so that sum of them equals to 1
994  FLAVI+F+I+G4  15327.002    54  30762.005    30769.790    31016.175
WARNING: Normalizing state frequencies so that sum of them equals to 1
997  FLAVI+F+R4    15318.954    58  30753.907    30762.924    31026.905
WARNING: Normalizing state frequencies so that sum of them equals to 1
1005  FLAVI+F+I+R3  15326.638    57  30767.276    30775.976    31035.567
WARNING: Normalizing state frequencies so that sum of them equals to 1
1006  FLAVI+F+I+R4  15312.253    59  30742.505    30751.846    31020.210
1016  HIVb+I+G4     15314.013    35  30698.025    30701.248    30862.765
1019  HIVb+R4       15309.247    39  30696.493    30700.504    30880.061
1027  HIVb+I+R3     15310.777    38  30697.553    30701.358    30876.414
1028  HIVb+I+R4     15303.939    40  30687.878    30692.100    30876.153
1038  HIVb+F+I+G4   15070.970    54  30249.941    30257.726    30504.112
1041  HIVb+F+R4     15064.836    58  30245.672    30254.689    30518.670
1049  HIVb+F+I+R3   15065.235    57  30244.471    30253.171    30512.762
1050  HIVb+F+I+R4   15056.329    59  30230.658    30239.998    30508.363
1060  HIVw+I+G4     15782.284    35  31634.568    31637.790    31799.308
1063  HIVw+R4       15770.148    39  31618.296    31622.307    31801.864
1071  HIVw+I+R3     15780.544    38  31637.088    31640.893    31815.949
1072  HIVw+I+R4     15765.714    40  31611.428    31615.650    31799.703
1082  HIVw+F+I+G4   15362.339    54  30832.677    30840.462    31086.848
1085  HIVw+F+R4     15351.073    58  30818.146    30827.164    31091.145
1093  HIVw+F+I+R3   15357.256    57  30828.512    30837.212    31096.803
1094  HIVw+F+I+R4   15346.042    59  30810.085    30819.425    31087.790
1104  FLU+I+G4      15133.260    35  30336.521    30339.743    30501.261
1107  FLU+R4        15126.127    39  30330.254    30334.264    30513.822
1115  FLU+I+R3      15128.815    38  30333.631    30337.436    30512.492
1116  FLU+I+R4      15120.855    40  30321.710    30325.931    30509.985
1126  FLU+F+I+G4    14974.309    54  30056.618    30064.403    30310.788
1129  FLU+F+R4      14966.538    58  30049.077    30058.094    30322.075
1137  FLU+F+I+R3    14967.405    57  30048.809    30057.509    30317.101
1138  FLU+F+I+R4    14960.132    59  30038.265    30047.605    30315.970
1148  rtREV+I+G4    15051.923    35  30173.846    30177.068    30338.586
1151  rtREV+R4      15038.621    39  30155.242    30159.252    30338.809
1159  rtREV+I+R3    15039.322    38  30154.645    30158.449    30333.505
1160  rtREV+I+R4    15037.233    40  30154.466    30158.687    30342.740
1170  rtREV+F+I+G4  14838.380    54  29784.761    29792.546    30038.931
1173  rtREV+F+R4    14824.799    58  29765.598    29774.615    30038.596
1181  rtREV+F+I+R3  14825.713    57  29765.425    29774.125    30033.717
1182  rtREV+F+I+R4  14823.330    59  29764.661    29774.001    30042.366
1192  cpREV+I+G4    15002.305    35  30074.610    30077.832    30239.350
1195  cpREV+R4      14993.405    39  30064.809    30068.819    30248.377
1203  cpREV+I+R3    14992.285    38  30060.570    30064.375    30239.431
1204  cpREV+I+R4    14991.284    40  30062.568    30066.790    30250.843
1214  cpREV+F+I+G4  14867.395    54  29842.790    29850.575    30096.961
1217  cpREV+F+R4    14859.166    58  29834.333    29843.350    30107.331
1225  cpREV+F+I+R3  14857.606    57  29829.212    29837.912    30097.503
1226  cpREV+F+I+R4  14856.755    59  29831.510    29840.851    30109.215
Akaike Information Criterion:           Q.pfam+F+I+R4
Corrected Akaike Information Criterion: Q.pfam+F+I+R4
Bayesian Information Criterion:         Q.pfam+F+I+R3
Best-fit model: Q.pfam+F+I+R3 chosen according to BIC

All model information printed to FungalCW_tree_20231129/306594at4751.aa.mfa.model.gz
CPU time for ModelFinder: 767.779 seconds (0h:12m:47s)
Wall-clock time for ModelFinder: 394.288 seconds (0h:6m:34s)
Generating 1000 samples for ultrafast bootstrap (seed: 316924)...
WARNING: Normalizing state frequencies so that sum of them equals to 1

NOTE: 9 MB RAM (0 GB) is required!
Estimate model parameters (epsilon = 0.100)
1. Initial log-likelihood: -14773.160
Optimal log-likelihood: -14773.156
Proportion of invariable sites: 0.036
Site proportion and rates:  (0.263,0.189) (0.542,0.736) (0.159,3.478)
Parameters optimization took 1 rounds (0.138 sec)
Wrote distance file to... 
Computing ML distances based on estimated model parameters...
Calculating distance matrix: done in 0.0336752 secs using 197.5% CPU
Computing ML distances took 0.034010 sec (of wall-clock time) 0.066887 sec (of CPU time)
Setting up auxiliary I and S matrices: done in 6.60419e-05 secs using 199.9% CPU
Constructing RapidNJ tree: done in 0.000279903 secs using 200.1% CPU
Computing RapidNJ tree took 0.000490 sec (of wall-clock time) 0.000971 sec (of CPU time)
Log-likelihood of RapidNJ tree: -14796.518
--------------------------------------------------------------------
|             INITIALIZING CANDIDATE TREE SET                      |
--------------------------------------------------------------------
Generating 98 parsimony trees... 0.455 second
Computing log-likelihood of 98 initial trees ... 2.139 seconds
Current best score: -14773.156

Do NNI search on 20 best initial trees
Optimizing NNI: done in 0.10053 secs using 196.1% CPU
Estimate model parameters (epsilon = 0.100)
BETTER TREE FOUND at iteration 1: -14773.155
Optimizing NNI: done in 0.210783 secs using 198.3% CPU
Optimizing NNI: done in 0.323117 secs using 198.4% CPU
Optimizing NNI: done in 0.278991 secs using 198% CPU
Optimizing NNI: done in 0.279744 secs using 198.4% CPU
Optimizing NNI: done in 0.43802 secs using 197.8% CPU
Optimizing NNI: done in 0.324965 secs using 197.7% CPU
Optimizing NNI: done in 0.281479 secs using 197.6% CPU
Optimizing NNI: done in 0.323618 secs using 197.3% CPU
Optimizing NNI: done in 0.32725 secs using 197% CPU
Iteration 10 / LogL: -14774.087 / Time: 0h:0m:6s
Optimizing NNI: done in 0.347965 secs using 197.1% CPU
Optimizing NNI: done in 0.47615 secs using 197.7% CPU
Optimizing NNI: done in 0.36402 secs using 197.4% CPU
Optimizing NNI: done in 0.308557 secs using 197% CPU
Optimizing NNI: done in 0.441928 secs using 198% CPU
Optimizing NNI: done in 0.483262 secs using 198.1% CPU
Optimizing NNI: done in 0.303975 secs using 197.9% CPU
Optimizing NNI: done in 0.415122 secs using 197.5% CPU
Optimizing NNI: done in 0.486678 secs using 197.9% CPU
Optimizing NNI: done in 0.308929 secs using 197.4% CPU
Iteration 20 / LogL: -14774.530 / Time: 0h:0m:10s
Finish initializing candidate tree set (1)
Current best tree score: -14773.155 / CPU time: 9.661
Number of iterations: 20
--------------------------------------------------------------------
|               OPTIMIZING CANDIDATE TREE SET                      |
--------------------------------------------------------------------
Optimizing NNI: done in 0.269995 secs using 197.6% CPU
Optimizing NNI: done in 0.316429 secs using 197.9% CPU
Optimizing NNI: done in 0.269407 secs using 197.9% CPU
Optimizing NNI: done in 0.45814 secs using 198% CPU
Optimizing NNI: done in 0.566121 secs using 197.5% CPU
Optimizing NNI: done in 0.243206 secs using 198.6% CPU
Optimizing NNI: done in 0.201217 secs using 198.1% CPU
Optimizing NNI: done in 0.294112 secs using 197.4% CPU
Optimizing NNI: done in 0.265187 secs using 197.6% CPU
Optimizing NNI: done in 0.269082 secs using 198.4% CPU
Iteration 30 / LogL: -14773.171 / Time: 0h:0m:13s (0h:0m:32s left)
Optimizing NNI: done in 0.471855 secs using 197.7% CPU
Optimizing NNI: done in 0.405451 secs using 198.5% CPU
Optimizing NNI: done in 0.245931 secs using 198.6% CPU
Optimizing NNI: done in 0.262886 secs using 197.8% CPU
Optimizing NNI: done in 0.361637 secs using 197.5% CPU
Optimizing NNI: done in 0.232688 secs using 198.7% CPU
Optimizing NNI: done in 0.24943 secs using 198.7% CPU
Optimizing NNI: done in 0.246124 secs using 198.2% CPU
Optimizing NNI: done in 0.306809 secs using 198.2% CPU
Optimizing NNI: done in 0.194792 secs using 198.3% CPU
Iteration 40 / LogL: -14773.488 / Time: 0h:0m:16s (0h:0m:25s left)
Optimizing NNI: done in 0.311118 secs using 197.9% CPU
Optimizing NNI: done in 0.351184 secs using 198.5% CPU
Optimizing NNI: done in 0.407432 secs using 198.8% CPU
Optimizing NNI: done in 0.309676 secs using 198.1% CPU
Optimizing NNI: done in 0.198885 secs using 198.3% CPU
Optimizing NNI: done in 0.255938 secs using 198.5% CPU
Optimizing NNI: done in 0.258759 secs using 198.8% CPU
Optimizing NNI: done in 0.244289 secs using 198.7% CPU
Optimizing NNI: done in 0.26552 secs using 198% CPU
Optimizing NNI: done in 0.248747 secs using 198.4% CPU
Iteration 50 / LogL: -14773.254 / Time: 0h:0m:19s (0h:0m:20s left)
Log-likelihood cutoff on original alignment: -14804.850
Optimizing NNI: done in 0.448785 secs using 198.3% CPU
Optimizing NNI: done in 0.274707 secs using 198% CPU
Optimizing NNI: done in 0.259622 secs using 198.7% CPU
Optimizing NNI: done in 0.233595 secs using 198.6% CPU
Optimizing NNI: done in 0.324683 secs using 198.4% CPU
Optimizing NNI: done in 0.435574 secs using 198.7% CPU
Optimizing NNI: done in 0.268398 secs using 198.7% CPU
Optimizing NNI: done in 0.427315 secs using 198.2% CPU
Optimizing NNI: done in 0.314306 secs using 198.6% CPU
Optimizing NNI: done in 0.363488 secs using 197.8% CPU
Iteration 60 / LogL: -14773.236 / Time: 0h:0m:23s (0h:0m:16s left)
Optimizing NNI: done in 0.30476 secs using 198.3% CPU
Optimizing NNI: done in 0.346492 secs using 197% CPU
Optimizing NNI: done in 0.3387 secs using 198.7% CPU
Optimizing NNI: done in 0.190177 secs using 198.2% CPU
Optimizing NNI: done in 0.251073 secs using 198.6% CPU
Optimizing NNI: done in 0.263675 secs using 198.5% CPU
Optimizing NNI: done in 0.473684 secs using 198.2% CPU
Optimizing NNI: done in 0.355784 secs using 198.1% CPU
Optimizing NNI: done in 0.240081 secs using 198.2% CPU
Optimizing NNI: done in 0.356279 secs using 198.1% CPU
Iteration 70 / LogL: -14773.167 / Time: 0h:0m:26s (0h:0m:11s left)
Optimizing NNI: done in 0.296652 secs using 197.9% CPU
Optimizing NNI: done in 0.399128 secs using 198.5% CPU
Optimizing NNI: done in 0.451172 secs using 198.5% CPU
Optimizing NNI: done in 0.210918 secs using 198.2% CPU
Optimizing NNI: done in 0.244704 secs using 198.6% CPU
Optimizing NNI: done in 0.438777 secs using 197.8% CPU
Optimizing NNI: done in 0.350818 secs using 198.5% CPU
Optimizing NNI: done in 0.240264 secs using 198.2% CPU
Optimizing NNI: done in 0.407023 secs using 198.6% CPU
Optimizing NNI: done in 0.245887 secs using 198.2% CPU
Iteration 80 / LogL: -14773.522 / Time: 0h:0m:29s (0h:0m:7s left)
Optimizing NNI: done in 0.258733 secs using 198.7% CPU
Optimizing NNI: done in 0.27178 secs using 198.2% CPU
Optimizing NNI: done in 0.347093 secs using 198.7% CPU
Optimizing NNI: done in 0.210101 secs using 197.7% CPU
Optimizing NNI: done in 0.294734 secs using 197.9% CPU
Optimizing NNI: done in 0.232388 secs using 197.8% CPU
Optimizing NNI: done in 0.268582 secs using 198.6% CPU
Optimizing NNI: done in 0.48244 secs using 198.2% CPU
Optimizing NNI: done in 0.291125 secs using 198.4% CPU
Optimizing NNI: done in 0.249475 secs using 198.3% CPU
Iteration 90 / LogL: -14773.658 / Time: 0h:0m:32s (0h:0m:4s left)
Optimizing NNI: done in 0.308932 secs using 197.8% CPU
Optimizing NNI: done in 0.284763 secs using 198.8% CPU
Optimizing NNI: done in 0.279898 secs using 198.3% CPU
Optimizing NNI: done in 0.331464 secs using 198.6% CPU
Optimizing NNI: done in 0.235629 secs using 198.7% CPU
Optimizing NNI: done in 0.446996 secs using 198.3% CPU
Optimizing NNI: done in 0.227904 secs using 198.1% CPU
Optimizing NNI: done in 0.370783 secs using 198.3% CPU
Optimizing NNI: done in 0.338768 secs using 197.9% CPU
Optimizing NNI: done in 0.259726 secs using 198.4% CPU
Iteration 100 / LogL: -14773.245 / Time: 0h:0m:36s (0h:0m:0s left)
Log-likelihood cutoff on original alignment: -14804.277
NOTE: Bootstrap correlation coefficient of split occurrence frequencies: 1.000
Optimizing NNI: done in 0.495253 secs using 197.6% CPU
Optimizing NNI: done in 0.39867 secs using 197.7% CPU
TREE SEARCH COMPLETED AFTER 102 ITERATIONS / Time: 0h:0m:37s

--------------------------------------------------------------------
|                    FINALIZING TREE SEARCH                        |
--------------------------------------------------------------------
Performs final model parameters optimization
Estimate model parameters (epsilon = 0.010)
1. Initial log-likelihood: -14773.155
Optimal log-likelihood: -14773.155
Proportion of invariable sites: 0.036
Site proportion and rates:  (0.264,0.189) (0.542,0.736) (0.158,3.487)
Parameters optimization took 1 rounds (0.101 sec)
BEST SCORE FOUND : -14773.155

Testing tree branches by SH-like aLRT with 1000 replicates...
0.243 sec.
Creating bootstrap support values...
Split supports printed to NEXUS file FungalCW_tree_20231129/306594at4751.aa.mfa.splits.nex
Total tree length: 19.690

Total number of iterations: 102
CPU time used for tree search: 71.977 sec (0h:1m:11s)
Wall-clock time used for tree search: 36.545 sec (0h:0m:36s)
Total CPU time used: 73.615 sec (0h:1m:13s)
Total wall-clock time used: 37.487 sec (0h:0m:37s)

Computing bootstrap consensus tree...
Reading input file FungalCW_tree_20231129/306594at4751.aa.mfa.splits.nex...
18 taxa and 70 splits.
Consensus tree written to FungalCW_tree_20231129/306594at4751.aa.mfa.contree
Reading input trees file FungalCW_tree_20231129/306594at4751.aa.mfa.contree
Log-likelihood of consensus tree: -14773.155

Analysis results written to: 
  IQ-TREE report:                FungalCW_tree_20231129/306594at4751.aa.mfa.iqtree
  Maximum-likelihood tree:       FungalCW_tree_20231129/306594at4751.aa.mfa.treefile
  Likelihood distances:          FungalCW_tree_20231129/306594at4751.aa.mfa.mldist

Ultrafast bootstrap approximation results written to:
  Split support values:          FungalCW_tree_20231129/306594at4751.aa.mfa.splits.nex
  Consensus tree:                FungalCW_tree_20231129/306594at4751.aa.mfa.contree
  Screen log file:               FungalCW_tree_20231129/306594at4751.aa.mfa.log

Date and Time: Wed Nov 29 01:42:17 2023
