IQ-TREE multicore version 2.2.2.6 COVID-edition for Linux 64-bit built May 27 2023
Developed by Bui Quang Minh, James Barbetti, Nguyen Lam Tung,
Olga Chernomor, Heiko Schmidt, Dominik Schrempf, Michael Woodhams, Ly Trong Nhan.

Host:    i28 (AVX2, FMA3, 503 GB RAM)
Command: iqtree2 -s FungalCW_tree_20231129/308816at4751.aa.mfa -gz -B 1000 -alrt 1000 -nt 2
Seed:    983606 (Using SPRNG - Scalable Parallel Random Number Generator)
Time:    Wed Nov 29 01:35:04 2023
Kernel:  AVX+FMA - 2 threads (2 CPU cores detected)

Reading alignment file FungalCW_tree_20231129/308816at4751.aa.mfa ... Fasta format detected
Reading fasta file: done in 0.000270844 secs using 74.58% CPU
Alignment most likely contains protein sequences
Constructing alignment: done in 0.000990868 secs using 91.84% CPU
Alignment has 18 sequences with 620 columns, 562 distinct patterns
331 parsimony-informative, 185 singleton sites, 104 constant sites
                                                               Gap/Ambiguity  Composition  p-value
Analyzing sequences: done in 5.88894e-05 secs using 100.2% CPU
   1  Basidiobolus_meristosporus_CBS_931.73.Basme2finSC.v1            26.29%    passed     81.03%
   2  Botrytis_cinerea_T4                                             19.84%    passed     90.11%
   3  Capillidium_pumilum_ARSEF_79                                    73.55%    passed     90.97%
   4  Colletotrichum_graminicola_M1.001                               17.26%    passed     42.78%
   5  Colletotrichum_higginsianum_IMI_349063                          17.26%    passed     41.83%
   6  Fusarium_graminearum_PH-1                                       24.35%    passed     97.48%
   7  Fusarium_verticillioides_7600                                   24.19%    passed     95.07%
   8  Gilbertella_persicaria_var_persicaria_CBS_190.32-T.Gilper1.v1   26.77%    passed     73.04%
   9  Mortierella_elongata_AG-77                                      23.55%    passed     95.54%
  10  Mucor_mucedo_NRRL_3635                                          23.39%    passed     51.42%
  11  Neoconidiobolus_thromboides_FSU_785.Conth1.v1                   28.39%    passed      5.58%
  12  Phycomyces_blakesleeanus_NRRL_1555.Phybl2.v2                    26.29%    passed     99.74%
  13  Rhizopus_stolonifer_NRRL_66455                                  25.97%    passed     59.75%
  14  Trichoderma_harzianum_CBS_226.95                                19.19%    passed     86.00%
  15  Umbelopsis_ramanniana_NRRL_5844.Umbra1.v1                       23.39%    passed     90.49%
  16  Ustilago_maydis                                                 24.84%    failed      0.07%
  17  Zoophthora_radicans_ATCC_208865                                 26.13%    passed     79.50%
  18  Zymoseptoria_tritici_IP0323                                     18.87%    passed     42.44%
WARNING: 1 sequences contain more than 50% gaps/ambiguity
****  TOTAL                                                           26.08%  1 sequences failed composition chi2 test (p-value<5%; df=19)
Checking for duplicate sequences: done in 0.000100136 secs using 99.86% CPU


Create initial parsimony tree by phylogenetic likelihood library (PLL)... 0.004 seconds
Perform fast likelihood tree search using LG+I+G model...
Estimate model parameters (epsilon = 5.000)
Perform nearest neighbor interchange...
Optimizing NNI: done in 0.133453 secs using 197.1% CPU
Estimate model parameters (epsilon = 1.000)
1. Initial log-likelihood: -10958.767
Optimal log-likelihood: -10958.499
Proportion of invariable sites: 0.071
Gamma shape alpha: 1.049
Parameters optimization took 1 rounds (0.066 sec)
Time for fast ML tree search: 0.526 seconds

NOTE: ModelFinder requires 18 MB RAM!
ModelFinder will test up to 1232 protein models (sample size: 620) ...
 No. Model         -LnL         df  AIC          AICc         BIC
  1  LG            11407.950    33  22881.900    22885.730    23028.081
  2  LG+I          11213.577    34  22495.153    22499.221    22645.764
  3  LG+G4         10962.379    34  21992.757    21996.825    22143.368
  4  LG+I+G4       10958.484    35  21986.967    21991.282    22142.007
  5  LG+R2         11003.330    35  22076.660    22080.975    22231.700
  6  LG+R3         10961.263    37  21996.526    22001.358    22160.426
  7  LG+R4         10958.342    39  21994.685    22000.064    22167.444
 14  LG+I+R2       10984.721    36  22041.443    22046.012    22200.912
 15  LG+I+R3       10957.377    38  21990.753    21995.855    22159.083
 16  LG+I+R4       10957.072    40  21994.143    21999.808    22171.332
 25  LG+F+G4       10974.598    53  22055.195    22065.309    22289.971
 26  LG+F+I+G4     10970.121    54  22048.242    22058.755    22287.446
 47  WAG+G4        11030.429    34  22128.858    22132.927    22279.469
 48  WAG+I+G4      11023.492    35  22116.984    22121.299    22272.024
 69  WAG+F+G4      11051.969    53  22209.938    22220.051    22444.713
 70  WAG+F+I+G4    11045.566    54  22199.133    22209.646    22438.338
 91  JTT+G4        11049.027    34  22166.054    22170.123    22316.665
 92  JTT+I+G4      11044.213    35  22158.425    22162.740    22313.465
113  JTT+F+G4      11030.904    53  22167.807    22177.920    22402.582
114  JTT+F+I+G4    11025.666    54  22159.332    22169.846    22398.537
WARNING: Normalizing state frequencies so that sum of them equals to 1
135  Q.pfam+G4     10968.199    34  22004.398    22008.466    22155.008
WARNING: Normalizing state frequencies so that sum of them equals to 1
136  Q.pfam+I+G4   10963.809    35  21997.618    22001.933    22152.658
WARNING: Normalizing state frequencies so that sum of them equals to 1
157  Q.pfam+F+G4   10980.652    53  22067.304    22077.417    22302.079
WARNING: Normalizing state frequencies so that sum of them equals to 1
158  Q.pfam+F+I+G4 10975.853    54  22059.707    22070.220    22298.912
WARNING: Normalizing state frequencies so that sum of them equals to 1
179  Q.bird+G4     11245.073    34  22558.146    22562.214    22708.756
WARNING: Normalizing state frequencies so that sum of them equals to 1
180  Q.bird+I+G4   11240.156    35  22550.311    22554.626    22705.351
WARNING: Normalizing state frequencies so that sum of them equals to 1
201  Q.bird+F+G4   11195.428    53  22496.855    22506.968    22731.630
WARNING: Normalizing state frequencies so that sum of them equals to 1
202  Q.bird+F+I+G4 11190.930    54  22489.860    22500.374    22729.065
WARNING: Normalizing state frequencies so that sum of them equals to 1
223  Q.mammal+G4   11178.120    34  22424.239    22428.308    22574.850
WARNING: Normalizing state frequencies so that sum of them equals to 1
224  Q.mammal+I+G4 11173.251    35  22416.503    22420.818    22571.543
WARNING: Normalizing state frequencies so that sum of them equals to 1
245  Q.mammal+F+G4 11124.324    53  22354.648    22364.761    22589.423
WARNING: Normalizing state frequencies so that sum of them equals to 1
246  Q.mammal+F+I+G4 11119.738    54  22347.477    22357.990    22586.681
267  Q.insect+G4   10962.454    34  21992.908    21996.977    22143.519
268  Q.insect+I+G4 10957.971    35  21985.941    21990.256    22140.981
289  Q.insect+F+G4 10929.628    53  21965.256    21975.370    22200.032
290  Q.insect+F+I+G4 10924.388    54  21956.775    21967.288    22195.980
WARNING: Normalizing state frequencies so that sum of them equals to 1
311  Q.plant+G4    11054.520    34  22177.041    22181.109    22327.651
WARNING: Normalizing state frequencies so that sum of them equals to 1
312  Q.plant+I+G4  11049.935    35  22169.869    22174.184    22324.909
WARNING: Normalizing state frequencies so that sum of them equals to 1
333  Q.plant+F+G4  11055.530    53  22217.060    22227.174    22451.836
WARNING: Normalizing state frequencies so that sum of them equals to 1
334  Q.plant+F+I+G4 11050.969    54  22209.938    22220.451    22449.143
WARNING: Normalizing state frequencies so that sum of them equals to 1
355  Q.yeast+G4    10967.935    34  22003.871    22007.939    22154.481
WARNING: Normalizing state frequencies so that sum of them equals to 1
356  Q.yeast+I+G4  10963.563    35  21997.126    22001.442    22152.167
WARNING: Normalizing state frequencies so that sum of them equals to 1
377  Q.yeast+F+G4  10932.597    53  21971.195    21981.308    22205.970
WARNING: Normalizing state frequencies so that sum of them equals to 1
378  Q.yeast+F+I+G4 10927.499    54  21962.997    21973.511    22202.202
399  JTTDCMut+G4   11045.504    34  22159.009    22163.077    22309.619
400  JTTDCMut+I+G4 11040.611    35  22151.222    22155.537    22306.262
421  JTTDCMut+F+G4 11030.156    53  22166.312    22176.425    22401.087
422  JTTDCMut+F+I+G4 11024.893    54  22157.785    22168.299    22396.990
443  DCMut+G4      11081.649    34  22231.299    22235.367    22381.909
444  DCMut+I+G4    11075.009    35  22220.018    22224.333    22375.059
465  DCMut+F+G4    11026.524    53  22159.048    22169.161    22393.823
466  DCMut+F+I+G4  11020.634    54  22149.269    22159.782    22388.474
487  VT+G4         11063.773    34  22195.546    22199.614    22346.157
488  VT+I+G4       11056.864    35  22183.727    22188.042    22338.767
509  VT+F+G4       11065.133    53  22236.266    22246.379    22471.041
510  VT+F+I+G4     11057.672    54  22223.345    22233.858    22462.550
531  PMB+G4        11198.076    34  22464.151    22468.220    22614.762
532  PMB+I+G4      11190.496    35  22450.993    22455.308    22606.033
553  PMB+F+G4      11144.362    53  22394.725    22404.838    22629.500
554  PMB+F+I+G4    11137.013    54  22382.025    22392.538    22621.230
575  Blosum62+G4   11180.676    34  22429.353    22433.421    22579.963
576  Blosum62+I+G4 11173.124    35  22416.247    22420.562    22571.288
597  Blosum62+F+G4 11145.150    53  22396.301    22406.414    22631.076
598  Blosum62+F+I+G4 11137.729    54  22383.458    22393.971    22622.662
619  Dayhoff+G4    11081.225    34  22230.450    22234.518    22381.060
620  Dayhoff+I+G4  11074.616    35  22219.231    22223.546    22374.271
641  Dayhoff+F+G4  11026.506    53  22159.012    22169.125    22393.787
642  Dayhoff+F+I+G4 11020.625    54  22149.249    22159.763    22388.454
663  mtREV+G4      11852.506    34  23773.011    23777.079    23923.621
664  mtREV+I+G4    11850.772    35  23771.545    23775.860    23926.585
685  mtREV+F+G4    11265.918    53  22637.836    22647.949    22872.611
686  mtREV+F+I+G4  11262.907    54  22633.814    22644.327    22873.019
707  mtART+G4      11843.402    34  23754.805    23758.873    23905.415
708  mtART+I+G4    11839.232    35  23748.465    23752.780    23903.505
729  mtART+F+G4    11220.136    53  22546.273    22556.386    22781.048
730  mtART+F+I+G4  11218.915    54  22545.830    22556.343    22785.034
751  mtZOA+G4      11595.520    34  23259.040    23263.108    23409.650
752  mtZOA+I+G4    11592.139    35  23254.277    23258.592    23409.317
773  mtZOA+F+G4    11117.788    53  22341.577    22351.690    22576.352
774  mtZOA+F+I+G4  11116.087    54  22340.175    22350.688    22579.380
795  mtMet+G4      11871.400    34  23810.799    23814.868    23961.410
796  mtMet+I+G4    11868.807    35  23807.614    23811.930    23962.655
817  mtMet+F+G4    11202.474    53  22510.948    22521.061    22745.723
818  mtMet+F+I+G4  11200.082    54  22508.164    22518.677    22747.368
839  mtVer+G4      11973.204    34  24014.408    24018.476    24165.018
840  mtVer+I+G4    11971.223    35  24012.446    24016.761    24167.486
861  mtVer+F+G4    11397.588    53  22901.175    22911.288    23135.951
862  mtVer+F+I+G4  11394.843    54  22897.685    22908.199    23136.890
883  mtInv+G4      11942.116    34  23952.232    23956.300    24102.842
884  mtInv+I+G4    11938.224    35  23946.448    23950.763    24101.488
905  mtInv+F+G4    11124.045    53  22354.091    22364.204    22588.866
906  mtInv+F+I+G4  11120.901    54  22349.802    22360.315    22589.006
927  mtMAM+G4      12059.684    34  24187.368    24191.437    24337.979
928  mtMAM+I+G4    12058.345    35  24186.690    24191.005    24341.730
949  mtMAM+F+G4    11487.398    53  23080.796    23090.909    23315.571
950  mtMAM+F+I+G4  11484.516    54  23077.032    23087.546    23316.237
WARNING: Normalizing state frequencies so that sum of them equals to 1
971  FLAVI+G4      11517.078    34  23102.155    23106.223    23252.765
WARNING: Normalizing state frequencies so that sum of them equals to 1
972  FLAVI+I+G4    11511.386    35  23092.771    23097.086    23247.811
WARNING: Normalizing state frequencies so that sum of them equals to 1
993  FLAVI+F+G4    11399.438    53  22904.876    22914.989    23139.651
WARNING: Normalizing state frequencies so that sum of them equals to 1
994  FLAVI+F+I+G4  11394.635    54  22897.271    22907.784    23136.475
1015  HIVb+G4       11298.642    34  22665.284    22669.352    22815.894
1016  HIVb+I+G4     11293.324    35  22656.649    22660.964    22811.689
1037  HIVb+F+G4     11220.451    53  22546.902    22557.015    22781.677
1038  HIVb+F+I+G4   11214.863    54  22537.725    22548.238    22776.930
1059  HIVw+G4       11849.976    34  23767.953    23772.021    23918.563
1060  HIVw+I+G4     11846.588    35  23763.176    23767.492    23918.217
1081  HIVw+F+G4     11547.088    53  23200.175    23210.288    23434.950
1082  HIVw+F+I+G4   11542.584    54  23193.168    23203.681    23432.373
1103  FLU+G4        11274.577    34  22617.154    22621.222    22767.765
1104  FLU+I+G4      11270.946    35  22611.893    22616.208    22766.933
1125  FLU+F+G4      11158.665    53  22423.330    22433.443    22658.105
1126  FLU+F+I+G4    11154.541    54  22417.082    22427.595    22656.286
1147  rtREV+G4      11064.012    34  22196.024    22200.093    22346.635
1148  rtREV+I+G4    11059.742    35  22189.485    22193.800    22344.525
1169  rtREV+F+G4    10986.421    53  22078.841    22088.954    22313.616
1170  rtREV+F+I+G4  10981.702    54  22071.405    22081.918    22310.609
1191  cpREV+G4      11179.223    34  22426.445    22430.514    22577.056
1192  cpREV+I+G4    11172.900    35  22415.800    22420.115    22570.840
1213  cpREV+F+G4    11170.905    53  22447.811    22457.924    22682.586
1214  cpREV+F+I+G4  11164.989    54  22437.979    22448.492    22677.184
Akaike Information Criterion:           Q.insect+F+I+G4
Corrected Akaike Information Criterion: Q.insect+F+I+G4
Bayesian Information Criterion:         Q.insect+I+G4
Best-fit model: Q.insect+I+G4 chosen according to BIC

All model information printed to FungalCW_tree_20231129/308816at4751.aa.mfa.model.gz
CPU time for ModelFinder: 68.288 seconds (0h:1m:8s)
Wall-clock time for ModelFinder: 36.023 seconds (0h:0m:36s)
Generating 1000 samples for ultrafast bootstrap (seed: 983606)...

NOTE: 8 MB RAM (0 GB) is required!
Estimate model parameters (epsilon = 0.100)
Thoroughly optimizing +I+G parameters from 10 start values...
Init pinv, alpha: 0.000, 0.995 / Estimate: 0.000, 0.753 / LogL: -10962.440
Init pinv, alpha: 0.019, 0.995 / Estimate: 0.066, 0.961 / LogL: -10958.077
Init pinv, alpha: 0.037, 0.995 / Estimate: 0.066, 0.962 / LogL: -10958.068
Init pinv, alpha: 0.056, 0.995 / Estimate: 0.065, 0.960 / LogL: -10958.089
Init pinv, alpha: 0.075, 0.995 / Estimate: 0.075, 0.999 / LogL: -10957.943
Init pinv, alpha: 0.093, 0.995 / Estimate: 0.082, 1.026 / LogL: -10957.982
Init pinv, alpha: 0.112, 0.995 / Estimate: 0.083, 1.031 / LogL: -10957.998
Init pinv, alpha: 0.130, 0.995 / Estimate: 0.082, 1.028 / LogL: -10957.983
Init pinv, alpha: 0.149, 0.995 / Estimate: 0.083, 1.031 / LogL: -10957.995
Init pinv, alpha: 0.168, 0.995 / Estimate: 0.083, 1.034 / LogL: -10958.005
Optimal pinv,alpha: 0.075, 0.999 / LogL: -10957.943

Parameters optimization took 3.755 sec
Wrote distance file to... 
Computing ML distances based on estimated model parameters...
Calculating distance matrix: done in 0.0347159 secs using 196% CPU
Computing ML distances took 0.035015 sec (of wall-clock time) 0.068631 sec (of CPU time)
Setting up auxiliary I and S matrices: done in 6.69956e-05 secs using 200% CPU
Constructing RapidNJ tree: done in 0.000198841 secs using 199.7% CPU
Computing RapidNJ tree took 0.000378 sec (of wall-clock time) 0.000749 sec (of CPU time)
Log-likelihood of RapidNJ tree: -10957.942
--------------------------------------------------------------------
|             INITIALIZING CANDIDATE TREE SET                      |
--------------------------------------------------------------------
Generating 99 parsimony trees... 0.371 second
Computing log-likelihood of 99 initial trees ... 1.938 seconds
Current best score: -10957.942

Do NNI search on 20 best initial trees
Optimizing NNI: done in 0.121459 secs using 198.2% CPU
Estimate model parameters (epsilon = 0.100)
BETTER TREE FOUND at iteration 1: -10957.147
Optimizing NNI: done in 0.24511 secs using 197.3% CPU
Optimizing NNI: done in 0.269487 secs using 195.9% CPU
Optimizing NNI: done in 0.333357 secs using 197% CPU
Optimizing NNI: done in 0.227154 secs using 197.5% CPU
Optimizing NNI: done in 0.19077 secs using 198.1% CPU
Optimizing NNI: done in 0.191554 secs using 197.1% CPU
Optimizing NNI: done in 0.380997 secs using 197% CPU
Optimizing NNI: done in 0.255942 secs using 198.1% CPU
Optimizing NNI: done in 0.391119 secs using 197.4% CPU
Iteration 10 / LogL: -10957.213 / Time: 0h:0m:9s
Optimizing NNI: done in 0.231235 secs using 196.4% CPU
Optimizing NNI: done in 0.333324 secs using 196.8% CPU
Optimizing NNI: done in 0.226716 secs using 197.8% CPU
Optimizing NNI: done in 0.298752 secs using 197.5% CPU
Optimizing NNI: done in 0.229854 secs using 197.6% CPU
Optimizing NNI: done in 0.336266 secs using 197.2% CPU
Optimizing NNI: done in 0.2748 secs using 197.7% CPU
Optimizing NNI: done in 0.295636 secs using 197.4% CPU
Optimizing NNI: done in 0.349155 secs using 198.1% CPU
Optimizing NNI: done in 0.254146 secs using 198% CPU
Iteration 20 / LogL: -10958.005 / Time: 0h:0m:12s
Finish initializing candidate tree set (2)
Current best tree score: -10957.147 / CPU time: 7.910
Number of iterations: 20
--------------------------------------------------------------------
|               OPTIMIZING CANDIDATE TREE SET                      |
--------------------------------------------------------------------
Optimizing NNI: done in 0.239192 secs using 197.6% CPU
Optimizing NNI: done in 0.250117 secs using 198% CPU
Optimizing NNI: done in 0.308435 secs using 198.1% CPU
Optimizing NNI: done in 0.227539 secs using 196.4% CPU
Optimizing NNI: done in 0.232189 secs using 197.2% CPU
Optimizing NNI: done in 0.321137 secs using 197.4% CPU
Optimizing NNI: done in 0.334397 secs using 197.8% CPU
Optimizing NNI: done in 0.242156 secs using 198.2% CPU
Optimizing NNI: done in 0.28241 secs using 198.2% CPU
Optimizing NNI: done in 0.215254 secs using 197.7% CPU
Iteration 30 / LogL: -10957.171 / Time: 0h:0m:14s (0h:0m:36s left)
Optimizing NNI: done in 0.305768 secs using 197.7% CPU
Optimizing NNI: done in 0.280473 secs using 198% CPU
Optimizing NNI: done in 0.370827 secs using 194.4% CPU
Optimizing NNI: done in 0.246112 secs using 198.5% CPU
Optimizing NNI: done in 0.3727 secs using 198.2% CPU
Optimizing NNI: done in 0.248243 secs using 197.6% CPU
Optimizing NNI: done in 0.26752 secs using 197.4% CPU
Optimizing NNI: done in 0.418507 secs using 197.2% CPU
Optimizing NNI: done in 0.236866 secs using 197.6% CPU
Optimizing NNI: done in 0.301357 secs using 198.1% CPU
Iteration 40 / LogL: -10957.248 / Time: 0h:0m:17s (0h:0m:28s left)
Optimizing NNI: done in 0.234739 secs using 198% CPU
Optimizing NNI: done in 0.36849 secs using 197.7% CPU
Optimizing NNI: done in 0.226771 secs using 197.5% CPU
Optimizing NNI: done in 0.254741 secs using 198.1% CPU
Optimizing NNI: done in 0.18001 secs using 198.4% CPU
Optimizing NNI: done in 0.253897 secs using 198.5% CPU
Optimizing NNI: done in 0.349306 secs using 198.4% CPU
Optimizing NNI: done in 0.316748 secs using 197.5% CPU
Optimizing NNI: done in 0.419577 secs using 198.4% CPU
Optimizing NNI: done in 0.243372 secs using 197.6% CPU
Iteration 50 / LogL: -10957.611 / Time: 0h:0m:20s (0h:0m:21s left)
Log-likelihood cutoff on original alignment: -11001.934
Optimizing NNI: done in 0.158262 secs using 197.3% CPU
Optimizing NNI: done in 0.237167 secs using 198.3% CPU
Optimizing NNI: done in 0.536889 secs using 198% CPU
Optimizing NNI: done in 0.240159 secs using 197.7% CPU
Optimizing NNI: done in 0.433186 secs using 197.1% CPU
Optimizing NNI: done in 0.241008 secs using 197.7% CPU
Optimizing NNI: done in 0.311639 secs using 197.3% CPU
Optimizing NNI: done in 0.29881 secs using 197% CPU
Optimizing NNI: done in 0.302436 secs using 197.6% CPU
Optimizing NNI: done in 0.299741 secs using 197.6% CPU
Iteration 60 / LogL: -10957.162 / Time: 0h:0m:24s (0h:0m:16s left)
Optimizing NNI: done in 0.251513 secs using 198.3% CPU
Optimizing NNI: done in 0.396081 secs using 197.2% CPU
Optimizing NNI: done in 0.265341 secs using 197.6% CPU
Optimizing NNI: done in 0.245591 secs using 198.4% CPU
Optimizing NNI: done in 0.219744 secs using 195.2% CPU
Optimizing NNI: done in 0.261238 secs using 198.4% CPU
Optimizing NNI: done in 0.32259 secs using 196.2% CPU
Optimizing NNI: done in 0.27636 secs using 198% CPU
Optimizing NNI: done in 0.257305 secs using 197.7% CPU
Optimizing NNI: done in 0.181776 secs using 197.7% CPU
Iteration 70 / LogL: -10980.359 / Time: 0h:0m:27s (0h:0m:12s left)
Optimizing NNI: done in 0.242376 secs using 198.3% CPU
Optimizing NNI: done in 0.212032 secs using 198.1% CPU
Optimizing NNI: done in 0.199008 secs using 197.6% CPU
Optimizing NNI: done in 0.27337 secs using 198.2% CPU
Optimizing NNI: done in 0.249501 secs using 198.2% CPU
Optimizing NNI: done in 0.21678 secs using 198.5% CPU
Optimizing NNI: done in 0.316175 secs using 198.7% CPU
Optimizing NNI: done in 0.365175 secs using 198.1% CPU
Optimizing NNI: done in 0.229226 secs using 198.8% CPU
Optimizing NNI: done in 0.180495 secs using 198.7% CPU
Iteration 80 / LogL: -10957.348 / Time: 0h:0m:29s (0h:0m:7s left)
Optimizing NNI: done in 0.299911 secs using 198.4% CPU
Optimizing NNI: done in 0.253711 secs using 197.3% CPU
Optimizing NNI: done in 0.266156 secs using 197.5% CPU
Optimizing NNI: done in 0.325694 secs using 197.9% CPU
Optimizing NNI: done in 0.317613 secs using 197.7% CPU
Optimizing NNI: done in 0.247306 secs using 197.4% CPU
Optimizing NNI: done in 0.293097 secs using 197.2% CPU
Optimizing NNI: done in 0.392052 secs using 197.8% CPU
Optimizing NNI: done in 0.433142 secs using 197.2% CPU
Optimizing NNI: done in 0.222013 secs using 197.9% CPU
Iteration 90 / LogL: -10957.221 / Time: 0h:0m:32s (0h:0m:4s left)
Optimizing NNI: done in 0.368436 secs using 197.5% CPU
Optimizing NNI: done in 0.176479 secs using 197.5% CPU
Optimizing NNI: done in 0.357445 secs using 197.6% CPU
Optimizing NNI: done in 0.348764 secs using 197.9% CPU
Optimizing NNI: done in 0.40701 secs using 198.1% CPU
Optimizing NNI: done in 0.315249 secs using 198% CPU
Optimizing NNI: done in 0.413631 secs using 197.6% CPU
Optimizing NNI: done in 0.183697 secs using 198.2% CPU
Optimizing NNI: done in 0.240326 secs using 197.5% CPU
Optimizing NNI: done in 0.252859 secs using 198.3% CPU
Iteration 100 / LogL: -10957.404 / Time: 0h:0m:36s (0h:0m:0s left)
Log-likelihood cutoff on original alignment: -11001.934
NOTE: Bootstrap correlation coefficient of split occurrence frequencies: 1.000
Optimizing NNI: done in 0.235933 secs using 197.3% CPU
Optimizing NNI: done in 0.186492 secs using 197.1% CPU
TREE SEARCH COMPLETED AFTER 102 ITERATIONS / Time: 0h:0m:36s

--------------------------------------------------------------------
|                    FINALIZING TREE SEARCH                        |
--------------------------------------------------------------------
Performs final model parameters optimization
Estimate model parameters (epsilon = 0.010)
1. Initial log-likelihood: -10957.147
Optimal log-likelihood: -10957.146
Proportion of invariable sites: 0.075
Gamma shape alpha: 0.999
Parameters optimization took 1 rounds (0.066 sec)
BEST SCORE FOUND : -10957.146

Testing tree branches by SH-like aLRT with 1000 replicates...
0.192 sec.
Creating bootstrap support values...
Split supports printed to NEXUS file FungalCW_tree_20231129/308816at4751.aa.mfa.splits.nex
Total tree length: 11.185

Total number of iterations: 102
CPU time used for tree search: 63.810 sec (0h:1m:3s)
Wall-clock time used for tree search: 32.453 sec (0h:0m:32s)
Total CPU time used: 72.472 sec (0h:1m:12s)
Total wall-clock time used: 36.950 sec (0h:0m:36s)

Computing bootstrap consensus tree...
Reading input file FungalCW_tree_20231129/308816at4751.aa.mfa.splits.nex...
18 taxa and 71 splits.
Consensus tree written to FungalCW_tree_20231129/308816at4751.aa.mfa.contree
Reading input trees file FungalCW_tree_20231129/308816at4751.aa.mfa.contree
Log-likelihood of consensus tree: -10957.146

Analysis results written to: 
  IQ-TREE report:                FungalCW_tree_20231129/308816at4751.aa.mfa.iqtree
  Maximum-likelihood tree:       FungalCW_tree_20231129/308816at4751.aa.mfa.treefile
  Likelihood distances:          FungalCW_tree_20231129/308816at4751.aa.mfa.mldist

Ultrafast bootstrap approximation results written to:
  Split support values:          FungalCW_tree_20231129/308816at4751.aa.mfa.splits.nex
  Consensus tree:                FungalCW_tree_20231129/308816at4751.aa.mfa.contree
  Screen log file:               FungalCW_tree_20231129/308816at4751.aa.mfa.log

Date and Time: Wed Nov 29 01:36:18 2023
