IQ-TREE multicore version 2.2.2.6 COVID-edition for Linux 64-bit built May 27 2023
Developed by Bui Quang Minh, James Barbetti, Nguyen Lam Tung,
Olga Chernomor, Heiko Schmidt, Dominik Schrempf, Michael Woodhams, Ly Trong Nhan.

Host:    i28 (AVX2, FMA3, 503 GB RAM)
Command: iqtree2 -s FungalCW_tree_20231129/316920at4751.aa.mfa -gz -B 1000 -alrt 1000 -nt 2
Seed:    173026 (Using SPRNG - Scalable Parallel Random Number Generator)
Time:    Wed Nov 29 01:35:35 2023
Kernel:  AVX+FMA - 2 threads (2 CPU cores detected)

Reading alignment file FungalCW_tree_20231129/316920at4751.aa.mfa ... Fasta format detected
Reading fasta file: done in 0.000282049 secs using 25.17% CPU
Alignment most likely contains protein sequences
Constructing alignment: done in 0.00155282 secs using 156.6% CPU
Alignment has 17 sequences with 672 columns, 664 distinct patterns
468 parsimony-informative, 163 singleton sites, 41 constant sites
                                                               Gap/Ambiguity  Composition  p-value
Analyzing sequences: done in 4.60148e-05 secs using 197.8% CPU
   1  Basidiobolus_meristosporus_CBS_931.73.Basme2finSC.v1            39.43%    passed     23.14%
   2  Botrytis_cinerea_T4                                             19.35%    passed     71.55%
   3  Capillidium_pumilum_ARSEF_79                                    45.83%    passed     19.43%
   4  Colletotrichum_graminicola_M1.001                               19.94%    passed     90.63%
   5  Colletotrichum_higginsianum_IMI_349063                          19.79%    passed     97.68%
   6  Fusarium_verticillioides_7600                                   19.20%    passed     71.97%
   7  Gilbertella_persicaria_var_persicaria_CBS_190.32-T.Gilper1.v1   41.82%    passed     24.34%
   8  Mortierella_elongata_AG-77                                      24.11%    passed     78.16%
   9  Mucor_mucedo_NRRL_3635                                          29.61%    passed      9.06%
  10  Neoconidiobolus_thromboides_FSU_785.Conth1.v1                   31.99%    passed     14.30%
  11  Phycomyces_blakesleeanus_NRRL_1555.Phybl2.v2                    30.80%    passed     78.91%
  12  Rhizopus_stolonifer_NRRL_66455                                  30.65%    passed     36.86%
  13  Trichoderma_harzianum_CBS_226.95                                20.98%    passed     83.09%
  14  Umbelopsis_ramanniana_NRRL_5844.Umbra1.v1                       24.55%    passed     76.37%
  15  Ustilago_maydis                                                 18.90%    passed     83.60%
  16  Zoophthora_radicans_ATCC_208865                                 29.46%    passed     76.12%
  17  Zymoseptoria_tritici_IP0323                                     16.96%    passed     83.93%
****  TOTAL                                                           27.26%  0 sequences failed composition chi2 test (p-value<5%; df=19)
Checking for duplicate sequences: done in 0.000112057 secs using 121.4% CPU


Create initial parsimony tree by phylogenetic likelihood library (PLL)... 0.006 seconds
Perform fast likelihood tree search using LG+I+G model...
Estimate model parameters (epsilon = 5.000)
Perform nearest neighbor interchange...
Optimizing NNI: done in 0.478728 secs using 197.1% CPU
Estimate model parameters (epsilon = 1.000)
1. Initial log-likelihood: -18987.558
2. Current log-likelihood: -18986.482
Optimal log-likelihood: -18986.155
Proportion of invariable sites: 0.023
Gamma shape alpha: 0.722
Parameters optimization took 2 rounds (0.189 sec)
Time for fast ML tree search: 1.029 seconds

NOTE: ModelFinder requires 20 MB RAM!
ModelFinder will test up to 1232 protein models (sample size: 672) ...
 No. Model         -LnL         df  AIC          AICc         BIC
  1  LG            20001.731    31  40065.463    40068.563    40205.281
  2  LG+I          19801.947    32  39667.894    39671.199    39812.222
  3  LG+G4         18994.361    32  38052.722    38056.027    38197.050
  4  LG+I+G4       18986.159    33  38038.319    38041.836    38187.157
  5  LG+R2         19055.808    33  38177.616    38181.134    38326.455
  6  LG+R3         18973.145    35  38016.290    38020.253    38174.150
  7  LG+R4         18967.583    37  38009.165    38013.601    38176.045
 14  LG+I+R2       19020.976    34  38109.953    38113.689    38263.301
 15  LG+I+R3       18964.970    36  38001.940    38006.135    38164.309
 16  LG+I+R4       18961.157    38  37998.313    38002.996    38169.703
 28  LG+F+R3       18824.334    54  37756.668    37766.295    38000.222
 37  LG+F+I+R3     18817.255    55  37744.511    37754.511    37992.575
 38  LG+F+I+R4     18812.809    57  37739.618    37750.386    37996.702
 50  WAG+R3        18975.011    35  38020.022    38023.984    38177.881
 59  WAG+I+R3      18968.147    36  38008.295    38012.490    38170.664
 60  WAG+I+R4      18967.819    38  38011.638    38016.320    38183.028
 72  WAG+F+R3      18826.492    54  37760.983    37770.611    38004.537
 81  WAG+F+I+R3    18820.477    55  37750.954    37760.954    37999.018
 82  WAG+F+I+R4    18819.085    57  37752.169    37762.938    38009.254
 94  JTT+R3        18980.104    35  38030.208    38034.170    38188.067
103  JTT+I+R3      18972.710    36  38017.421    38021.616    38179.790
104  JTT+I+R4      18970.619    38  38017.238    38021.921    38188.628
116  JTT+F+R3      18824.212    54  37756.425    37766.052    37999.979
125  JTT+F+I+R3    18817.909    55  37745.819    37755.819    37993.883
126  JTT+F+I+R4    18814.941    57  37743.882    37754.650    38000.966
WARNING: Normalizing state frequencies so that sum of them equals to 1
138  Q.pfam+R3     18958.507    35  37987.015    37990.977    38144.874
WARNING: Normalizing state frequencies so that sum of them equals to 1
147  Q.pfam+I+R3   18950.873    36  37973.745    37977.940    38136.114
WARNING: Normalizing state frequencies so that sum of them equals to 1
148  Q.pfam+I+R4   18947.869    38  37971.738    37976.420    38143.128
WARNING: Normalizing state frequencies so that sum of them equals to 1
160  Q.pfam+F+R3   18815.768    54  37739.535    37749.163    37983.089
WARNING: Normalizing state frequencies so that sum of them equals to 1
169  Q.pfam+F+I+R3 18809.708    55  37729.416    37739.416    37977.480
WARNING: Normalizing state frequencies so that sum of them equals to 1
170  Q.pfam+F+I+R4 18805.584    57  37725.168    37735.936    37982.252
WARNING: Normalizing state frequencies so that sum of them equals to 1
182  Q.bird+R3     19149.287    35  38368.574    38372.536    38526.433
WARNING: Normalizing state frequencies so that sum of them equals to 1
191  Q.bird+I+R3   19139.385    36  38350.769    38354.965    38513.139
WARNING: Normalizing state frequencies so that sum of them equals to 1
192  Q.bird+I+R4   19130.710    38  38337.419    38342.102    38508.809
WARNING: Normalizing state frequencies so that sum of them equals to 1
204  Q.bird+F+R3   18920.305    54  37948.609    37958.237    38192.163
WARNING: Normalizing state frequencies so that sum of them equals to 1
213  Q.bird+F+I+R3 18913.547    55  37937.094    37947.094    38185.158
WARNING: Normalizing state frequencies so that sum of them equals to 1
214  Q.bird+F+I+R4 18904.496    57  37922.993    37933.761    38180.077
WARNING: Normalizing state frequencies so that sum of them equals to 1
226  Q.mammal+R3   19136.076    35  38342.152    38346.115    38500.011
WARNING: Normalizing state frequencies so that sum of them equals to 1
235  Q.mammal+I+R3 19127.295    36  38326.591    38330.786    38488.960
WARNING: Normalizing state frequencies so that sum of them equals to 1
236  Q.mammal+I+R4 19122.970    38  38321.941    38326.623    38493.331
WARNING: Normalizing state frequencies so that sum of them equals to 1
248  Q.mammal+F+R3 18887.850    54  37883.700    37893.327    38127.254
WARNING: Normalizing state frequencies so that sum of them equals to 1
257  Q.mammal+F+I+R3 18881.506    55  37873.012    37883.012    38121.076
WARNING: Normalizing state frequencies so that sum of them equals to 1
258  Q.mammal+F+I+R4 18874.567    57  37863.134    37873.902    38120.218
270  Q.insect+R3   19071.371    35  38212.742    38216.704    38370.601
279  Q.insect+I+R3 19062.670    36  38197.341    38201.536    38359.710
280  Q.insect+I+R4 19055.542    38  38187.085    38191.767    38358.475
292  Q.insect+F+R3 18828.114    54  37764.228    37773.855    38007.782
301  Q.insect+F+I+R3 18821.757    55  37753.514    37763.514    38001.578
302  Q.insect+F+I+R4 18813.811    57  37741.622    37752.391    37998.707
WARNING: Normalizing state frequencies so that sum of them equals to 1
314  Q.plant+R3    18990.570    35  38051.141    38055.103    38209.000
WARNING: Normalizing state frequencies so that sum of them equals to 1
323  Q.plant+I+R3  18981.894    36  38035.788    38039.983    38198.157
WARNING: Normalizing state frequencies so that sum of them equals to 1
324  Q.plant+I+R4  18974.095    38  38024.190    38028.873    38195.580
WARNING: Normalizing state frequencies so that sum of them equals to 1
336  Q.plant+F+R3  18855.642    54  37819.284    37828.911    38062.838
WARNING: Normalizing state frequencies so that sum of them equals to 1
345  Q.plant+F+I+R3 18848.249    55  37806.498    37816.498    38054.562
WARNING: Normalizing state frequencies so that sum of them equals to 1
346  Q.plant+F+I+R4 18841.672    57  37797.345    37808.113    38054.429
WARNING: Normalizing state frequencies so that sum of them equals to 1
358  Q.yeast+R3    19081.162    35  38232.325    38236.287    38390.184
WARNING: Normalizing state frequencies so that sum of them equals to 1
367  Q.yeast+I+R3  19071.940    36  38215.879    38220.075    38378.249
WARNING: Normalizing state frequencies so that sum of them equals to 1
368  Q.yeast+I+R4  19063.717    38  38203.434    38208.117    38374.824
WARNING: Normalizing state frequencies so that sum of them equals to 1
380  Q.yeast+F+R3  18816.507    54  37741.015    37750.642    37984.569
WARNING: Normalizing state frequencies so that sum of them equals to 1
389  Q.yeast+F+I+R3 18810.130    55  37730.259    37740.259    37978.323
WARNING: Normalizing state frequencies so that sum of them equals to 1
390  Q.yeast+F+I+R4 18802.900    57  37719.799    37730.568    37976.884
402  JTTDCMut+R3   18979.694    35  38029.388    38033.351    38187.247
411  JTTDCMut+I+R3 18972.611    36  38017.222    38021.417    38179.591
412  JTTDCMut+I+R4 18970.686    38  38017.373    38022.055    38188.762
424  JTTDCMut+F+R3 18824.093    54  37756.186    37765.813    37999.740
433  JTTDCMut+F+I+R3 18817.984    55  37745.968    37755.968    37994.032
434  JTTDCMut+F+I+R4 18814.888    57  37743.776    37754.545    38000.861
446  DCMut+R3      19134.285    35  38338.570    38342.532    38496.429
455  DCMut+I+R3    19127.302    36  38326.605    38330.800    38488.974
456  DCMut+I+R4    19122.800    38  38321.600    38326.283    38492.990
468  DCMut+F+R3    18859.891    54  37827.782    37837.410    38071.336
477  DCMut+F+I+R3  18852.793    55  37815.586    37825.586    38063.651
478  DCMut+F+I+R4  18847.705    57  37809.409    37820.178    38066.494
490  VT+R3         18935.306    35  37940.613    37944.575    38098.472
499  VT+I+R3       18929.663    36  37931.325    37935.520    38093.694
500  VT+I+R4       18929.213    38  37934.426    37939.108    38105.815
512  VT+F+R3       18793.667    54  37695.335    37704.962    37938.889
521  VT+F+I+R3     18789.167    55  37688.334    37698.334    37936.399
522  VT+F+I+R4     18787.024    57  37688.047    37698.816    37945.132
534  PMB+R3        18920.674    35  37911.348    37915.310    38069.207
543  PMB+I+R3      18916.584    36  37905.167    37909.363    38067.537
544  PMB+I+R4      18915.241    38  37906.482    37911.164    38077.871
556  PMB+F+R3      18817.598    54  37743.196    37752.823    37986.750
565  PMB+F+I+R3    18814.224    55  37738.447    37748.447    37986.512
566  PMB+F+I+R4    18812.053    57  37738.107    37748.875    37995.191
578  Blosum62+R3   18953.253    35  37976.506    37980.468    38134.365
587  Blosum62+I+R3 18949.852    36  37971.703    37975.898    38134.072
588  Blosum62+I+R4 18947.557    38  37971.114    37975.796    38142.504
600  Blosum62+F+R3 18820.396    54  37748.791    37758.419    37992.345
609  Blosum62+F+I+R3 18817.516    55  37745.032    37755.032    37993.096
610  Blosum62+F+I+R4 18813.737    57  37741.473    37752.242    37998.558
622  Dayhoff+R3    19134.830    35  38339.661    38343.623    38497.520
631  Dayhoff+I+R3  19127.705    36  38327.409    38331.605    38489.779
632  Dayhoff+I+R4  19124.175    38  38324.349    38329.032    38495.739
644  Dayhoff+F+R3  18860.572    54  37829.145    37838.772    38072.699
653  Dayhoff+F+I+R3 18853.943    55  37817.885    37827.885    38065.949
654  Dayhoff+F+I+R4 18850.061    57  37814.122    37824.890    38071.206
666  mtREV+R3      19422.005    35  38914.010    38917.972    39071.869
675  mtREV+I+R3    19415.385    36  38902.770    38906.966    39065.140
676  mtREV+I+R4    19398.467    38  38872.934    38877.616    39044.324
688  mtREV+F+R3    18917.509    54  37943.017    37952.645    38186.571
697  mtREV+F+I+R3  18910.482    55  37930.963    37940.963    38179.027
698  mtREV+F+I+R4  18894.935    57  37903.869    37914.638    38160.954
710  mtART+R3      19423.517    35  38917.034    38920.996    39074.893
719  mtART+I+R3    19420.229    36  38912.458    38916.654    39074.828
720  mtART+I+R4    19405.599    38  38887.198    38891.880    39058.588
732  mtART+F+R3    18935.127    54  37978.253    37987.880    38221.807
741  mtART+F+I+R3  18931.062    55  37972.124    37982.124    38220.188
742  mtART+F+I+R4  18918.863    57  37951.727    37962.496    38208.812
754  mtZOA+R3      19206.059    35  38482.118    38486.080    38639.977
763  mtZOA+I+R3    19202.861    36  38477.721    38481.917    38640.091
764  mtZOA+I+R4    19190.938    38  38457.876    38462.558    38629.265
776  mtZOA+F+R3    18861.171    54  37830.342    37839.969    38073.896
785  mtZOA+F+I+R3  18856.069    55  37822.137    37832.137    38070.201
786  mtZOA+F+I+R4  18843.277    57  37800.554    37811.323    38057.639
798  mtMet+R3      19389.730    35  38849.461    38853.423    39007.320
807  mtMet+I+R3    19386.826    36  38845.652    38849.847    39008.021
808  mtMet+I+R4    19379.332    38  38834.663    38839.346    39006.053
820  mtMet+F+R3    18867.506    54  37843.013    37852.640    38086.567
829  mtMet+F+I+R3  18862.745    55  37835.490    37845.490    38083.554
830  mtMet+F+I+R4  18853.897    57  37821.794    37832.562    38078.878
842  mtVer+R3      19572.150    35  39214.299    39218.261    39372.158
851  mtVer+I+R3    19569.724    36  39211.447    39215.642    39373.816
852  mtVer+I+R4    19561.931    38  39199.863    39204.545    39371.253
864  mtVer+F+R3    18965.491    54  38038.983    38048.610    38282.537
873  mtVer+F+I+R3  18960.475    55  38030.950    38040.950    38279.014
874  mtVer+F+I+R4  18949.766    57  38013.531    38024.300    38270.616
886  mtInv+R3      19578.041    35  39226.082    39230.044    39383.941
895  mtInv+I+R3    19574.896    36  39221.793    39225.988    39384.162
896  mtInv+I+R4    19568.258    38  39212.517    39217.199    39383.907
908  mtInv+F+R3    18824.249    54  37756.498    37766.126    38000.052
917  mtInv+F+I+R3  18819.240    55  37748.480    37758.480    37996.544
918  mtInv+F+I+R4  18812.270    57  37738.540    37749.309    37995.625
930  mtMAM+R3      19579.426    35  39228.852    39232.815    39386.712
939  mtMAM+I+R3    19576.866    36  39225.732    39229.927    39388.101
940  mtMAM+I+R4    19560.961    38  39197.922    39202.605    39369.312
952  mtMAM+F+R3    19056.790    54  38221.580    38231.207    38465.134
961  mtMAM+F+I+R3  19052.080    55  38214.160    38224.160    38462.224
962  mtMAM+F+I+R4  19031.591    57  38177.183    38187.951    38434.267
WARNING: Normalizing state frequencies so that sum of them equals to 1
974  FLAVI+R3      19266.749    35  38603.497    38607.459    38761.356
WARNING: Normalizing state frequencies so that sum of them equals to 1
983  FLAVI+I+R3    19256.684    36  38585.368    38589.564    38747.738
WARNING: Normalizing state frequencies so that sum of them equals to 1
984  FLAVI+I+R4    19247.899    38  38571.797    38576.480    38743.187
WARNING: Normalizing state frequencies so that sum of them equals to 1
996  FLAVI+F+R3    19067.830    54  38243.660    38253.287    38487.214
WARNING: Normalizing state frequencies so that sum of them equals to 1
1005  FLAVI+F+I+R3  19057.909    55  38225.818    38235.818    38473.882
WARNING: Normalizing state frequencies so that sum of them equals to 1
1006  FLAVI+F+I+R4  19048.395    57  38210.789    38221.558    38467.874
1018  HIVb+R3       19314.673    35  38699.345    38703.307    38857.204
1027  HIVb+I+R3     19303.693    36  38679.386    38683.581    38841.755
1028  HIVb+I+R4     19297.731    38  38671.462    38676.144    38842.852
1040  HIVb+F+R3     18971.078    54  38050.156    38059.784    38293.710
1049  HIVb+F+I+R3   18962.928    55  38035.855    38045.855    38283.919
1050  HIVb+F+I+R4   18955.554    57  38025.109    38035.878    38282.194
1062  HIVw+R3       19803.003    35  39676.006    39679.968    39833.865
1071  HIVw+I+R3     19792.733    36  39657.466    39661.661    39819.835
1072  HIVw+I+R4     19780.433    38  39636.866    39641.549    39808.256
1084  HIVw+F+R3     19075.667    54  38259.335    38268.962    38502.889
1093  HIVw+F+I+R3   19066.145    55  38242.291    38252.291    38490.355
1094  HIVw+F+I+R4   19058.926    57  38231.852    38242.621    38488.937
1106  FLU+R3        19286.317    35  38642.634    38646.596    38800.493
1115  FLU+I+R3      19277.370    36  38626.740    38630.935    38789.109
1116  FLU+I+R4      19267.751    38  38611.501    38616.184    38782.891
1128  FLU+F+R3      18931.084    54  37970.169    37979.796    38213.723
1137  FLU+F+I+R3    18924.057    55  37958.114    37968.114    38206.178
1138  FLU+F+I+R4    18917.058    57  37948.116    37958.885    38205.201
1150  rtREV+R3      19146.097    35  38362.194    38366.156    38520.053
1159  rtREV+I+R3    19140.371    36  38352.743    38356.938    38515.112
1160  rtREV+I+R4    19138.037    38  38352.073    38356.756    38523.463
1172  rtREV+F+R3    18848.694    54  37805.389    37815.016    38048.943
1181  rtREV+F+I+R3  18844.850    55  37799.701    37809.701    38047.765
1182  rtREV+F+I+R4  18839.706    57  37793.411    37804.180    38050.496
1194  cpREV+R3      18973.458    35  38016.916    38020.878    38174.775
1203  cpREV+I+R3    18965.988    36  38003.977    38008.172    38166.346
1204  cpREV+I+R4    18963.516    38  38003.031    38007.714    38174.421
1216  cpREV+F+R3    18828.875    54  37765.749    37775.377    38009.303
1225  cpREV+F+I+R3  18821.732    55  37753.463    37763.463    38001.527
1226  cpREV+F+I+R4  18819.242    57  37752.484    37763.252    38009.568
Akaike Information Criterion:           VT+F+I+R4
Corrected Akaike Information Criterion: VT+F+I+R3
Bayesian Information Criterion:         VT+F+I+R3
Best-fit model: VT+F+I+R3 chosen according to BIC

All model information printed to FungalCW_tree_20231129/316920at4751.aa.mfa.model.gz
CPU time for ModelFinder: 305.837 seconds (0h:5m:5s)
Wall-clock time for ModelFinder: 155.211 seconds (0h:2m:35s)
Generating 1000 samples for ultrafast bootstrap (seed: 173026)...

NOTE: 8 MB RAM (0 GB) is required!
Estimate model parameters (epsilon = 0.100)
1. Initial log-likelihood: -18789.167
Optimal log-likelihood: -18789.135
Proportion of invariable sites: 0.022
Site proportion and rates:  (0.139,0.091) (0.212,0.362) (0.627,1.453)
Parameters optimization took 1 rounds (0.117 sec)
Wrote distance file to... 
Computing ML distances based on estimated model parameters...
Calculating distance matrix: done in 0.037535 secs using 197.5% CPU
Computing ML distances took 0.037817 sec (of wall-clock time) 0.074537 sec (of CPU time)
WARNING: Some pairwise ML distances are too long (saturated)
Setting up auxiliary I and S matrices: done in 5.98431e-05 secs using 197.2% CPU
Constructing RapidNJ tree: done in 0.000272989 secs using 143.2% CPU
Computing RapidNJ tree took 0.000431 sec (of wall-clock time) 0.000636 sec (of CPU time)
Log-likelihood of RapidNJ tree: -18828.703
--------------------------------------------------------------------
|             INITIALIZING CANDIDATE TREE SET                      |
--------------------------------------------------------------------
Generating 98 parsimony trees... 0.430 second
Computing log-likelihood of 98 initial trees ... 1.638 seconds
Current best score: -18789.135

Do NNI search on 20 best initial trees
Optimizing NNI: done in 0.125173 secs using 196.8% CPU
Estimate model parameters (epsilon = 0.100)
BETTER TREE FOUND at iteration 1: -18788.207
Optimizing NNI: done in 0.313502 secs using 197.5% CPU
Optimizing NNI: done in 0.270352 secs using 197.5% CPU
Optimizing NNI: done in 0.46024 secs using 198% CPU
Optimizing NNI: done in 0.45819 secs using 197.8% CPU
Optimizing NNI: done in 0.313082 secs using 197.9% CPU
Optimizing NNI: done in 0.314194 secs using 198.4% CPU
Optimizing NNI: done in 0.488644 secs using 197% CPU
Optimizing NNI: done in 0.306308 secs using 197.8% CPU
Optimizing NNI: done in 0.503534 secs using 197.8% CPU
Iteration 10 / LogL: -18788.297 / Time: 0h:0m:6s
Optimizing NNI: done in 0.342183 secs using 198.2% CPU
Optimizing NNI: done in 0.489715 secs using 197.9% CPU
Optimizing NNI: done in 0.481625 secs using 197.3% CPU
Optimizing NNI: done in 0.306017 secs using 197.2% CPU
Optimizing NNI: done in 0.376744 secs using 197.3% CPU
Optimizing NNI: done in 0.434676 secs using 198.2% CPU
Optimizing NNI: done in 0.507034 secs using 197.4% CPU
Optimizing NNI: done in 0.33515 secs using 197% CPU
Optimizing NNI: done in 0.503719 secs using 197.6% CPU
Optimizing NNI: done in 0.508132 secs using 197.5% CPU
Iteration 20 / LogL: -18790.859 / Time: 0h:0m:10s
Finish initializing candidate tree set (8)
Current best tree score: -18788.207 / CPU time: 10.154
Number of iterations: 20
--------------------------------------------------------------------
|               OPTIMIZING CANDIDATE TREE SET                      |
--------------------------------------------------------------------
Optimizing NNI: done in 0.230543 secs using 198.2% CPU
Optimizing NNI: done in 0.31565 secs using 196.8% CPU
Optimizing NNI: done in 0.495585 secs using 197.8% CPU
Optimizing NNI: done in 0.493878 secs using 197.2% CPU
Optimizing NNI: done in 0.212128 secs using 196.6% CPU
Optimizing NNI: done in 0.249763 secs using 197.7% CPU
Optimizing NNI: done in 0.277295 secs using 197.6% CPU
Optimizing NNI: done in 0.304448 secs using 197.4% CPU
Optimizing NNI: done in 0.569939 secs using 197.7% CPU
Optimizing NNI: done in 0.264773 secs using 197.3% CPU
Iteration 30 / LogL: -18790.263 / Time: 0h:0m:14s (0h:0m:34s left)
Optimizing NNI: done in 0.55378 secs using 197.8% CPU
Optimizing NNI: done in 0.218782 secs using 198% CPU
Optimizing NNI: done in 0.293484 secs using 198% CPU
Optimizing NNI: done in 0.634214 secs using 197% CPU
Optimizing NNI: done in 0.369376 secs using 197.4% CPU
Optimizing NNI: done in 0.215199 secs using 198% CPU
Optimizing NNI: done in 0.406434 secs using 197.6% CPU
Optimizing NNI: done in 0.385504 secs using 197.9% CPU
Optimizing NNI: done in 0.410748 secs using 196.6% CPU
Optimizing NNI: done in 0.36144 secs using 197% CPU
Iteration 40 / LogL: -18790.019 / Time: 0h:0m:18s (0h:0m:28s left)
Optimizing NNI: done in 0.405566 secs using 197.4% CPU
Optimizing NNI: done in 0.384982 secs using 196.8% CPU
Optimizing NNI: done in 0.418509 secs using 197.6% CPU
Optimizing NNI: done in 0.246576 secs using 198.1% CPU
Optimizing NNI: done in 0.213398 secs using 198.2% CPU
Optimizing NNI: done in 0.422668 secs using 197.9% CPU
Optimizing NNI: done in 0.517198 secs using 197.7% CPU
Optimizing NNI: done in 0.233118 secs using 197% CPU
Optimizing NNI: done in 0.383369 secs using 197.6% CPU
Optimizing NNI: done in 0.472775 secs using 197.1% CPU
Iteration 50 / LogL: -18790.714 / Time: 0h:0m:21s (0h:0m:22s left)
Log-likelihood cutoff on original alignment: -18832.821
Optimizing NNI: done in 0.353759 secs using 197.3% CPU
Optimizing NNI: done in 0.279151 secs using 197.5% CPU
Optimizing NNI: done in 0.27099 secs using 196.9% CPU
Optimizing NNI: done in 0.340559 secs using 197.5% CPU
Optimizing NNI: done in 0.153739 secs using 198.2% CPU
Optimizing NNI: done in 0.22698 secs using 196.5% CPU
Optimizing NNI: done in 0.466434 secs using 198% CPU
Optimizing NNI: done in 0.288676 secs using 198.2% CPU
Optimizing NNI: done in 0.359629 secs using 197.5% CPU
Optimizing NNI: done in 0.124787 secs using 196.6% CPU
Iteration 60 / LogL: -18792.446 / Time: 0h:0m:25s (0h:0m:17s left)
Optimizing NNI: done in 0.267292 secs using 197.3% CPU
Optimizing NNI: done in 0.2328 secs using 197.9% CPU
Optimizing NNI: done in 0.32989 secs using 197.9% CPU
Optimizing NNI: done in 0.282863 secs using 197.7% CPU
Optimizing NNI: done in 0.382151 secs using 198% CPU
Optimizing NNI: done in 0.272128 secs using 198.1% CPU
Optimizing NNI: done in 0.219158 secs using 197.9% CPU
Optimizing NNI: done in 0.346389 secs using 197.7% CPU
Optimizing NNI: done in 0.201988 secs using 197.2% CPU
Optimizing NNI: done in 0.360638 secs using 197.1% CPU
Iteration 70 / LogL: -18788.273 / Time: 0h:0m:28s (0h:0m:12s left)
Optimizing NNI: done in 0.215481 secs using 197.7% CPU
Optimizing NNI: done in 0.214307 secs using 198.4% CPU
Optimizing NNI: done in 0.403469 secs using 198% CPU
Optimizing NNI: done in 0.273453 secs using 198% CPU
Optimizing NNI: done in 0.476332 secs using 198.2% CPU
Optimizing NNI: done in 0.291191 secs using 198.3% CPU
Optimizing NNI: done in 0.38424 secs using 197.9% CPU
Optimizing NNI: done in 0.350723 secs using 198.4% CPU
Optimizing NNI: done in 0.158351 secs using 198% CPU
Optimizing NNI: done in 0.367593 secs using 197.6% CPU
Iteration 80 / LogL: -18788.245 / Time: 0h:0m:31s (0h:0m:8s left)
Optimizing NNI: done in 0.392507 secs using 198.3% CPU
Optimizing NNI: done in 0.239021 secs using 198.3% CPU
Optimizing NNI: done in 0.385875 secs using 197.9% CPU
Optimizing NNI: done in 0.249907 secs using 197.7% CPU
Optimizing NNI: done in 0.159384 secs using 197.1% CPU
Optimizing NNI: done in 0.241808 secs using 197.9% CPU
Optimizing NNI: done in 0.408775 secs using 198.1% CPU
Optimizing NNI: done in 0.206397 secs using 198% CPU
Optimizing NNI: done in 0.139097 secs using 198.6% CPU
Optimizing NNI: done in 0.27575 secs using 198.3% CPU
Iteration 90 / LogL: -18788.218 / Time: 0h:0m:34s (0h:0m:4s left)
Optimizing NNI: done in 0.286145 secs using 198.4% CPU
Optimizing NNI: done in 0.334724 secs using 197.8% CPU
Optimizing NNI: done in 0.383191 secs using 198% CPU
Optimizing NNI: done in 0.391242 secs using 198% CPU
Optimizing NNI: done in 0.250856 secs using 198.1% CPU
Optimizing NNI: done in 0.320552 secs using 198.6% CPU
Optimizing NNI: done in 0.293838 secs using 197.3% CPU
Optimizing NNI: done in 0.347927 secs using 196.9% CPU
Optimizing NNI: done in 0.200399 secs using 196.3% CPU
Optimizing NNI: done in 0.307713 secs using 197.7% CPU
Iteration 100 / LogL: -18788.577 / Time: 0h:0m:37s (0h:0m:0s left)
Log-likelihood cutoff on original alignment: -18832.821
NOTE: Bootstrap correlation coefficient of split occurrence frequencies: 0.996
Optimizing NNI: done in 0.36553 secs using 197.6% CPU
Optimizing NNI: done in 0.44432 secs using 198% CPU
TREE SEARCH COMPLETED AFTER 102 ITERATIONS / Time: 0h:0m:38s

--------------------------------------------------------------------
|                    FINALIZING TREE SEARCH                        |
--------------------------------------------------------------------
Performs final model parameters optimization
Estimate model parameters (epsilon = 0.010)
1. Initial log-likelihood: -18788.207
Optimal log-likelihood: -18788.205
Proportion of invariable sites: 0.022
Site proportion and rates:  (0.139,0.091) (0.212,0.363) (0.627,1.453)
Parameters optimization took 1 rounds (0.052 sec)
BEST SCORE FOUND : -18788.205

Testing tree branches by SH-like aLRT with 1000 replicates...
0.182 sec.
Creating bootstrap support values...
Split supports printed to NEXUS file FungalCW_tree_20231129/316920at4751.aa.mfa.splits.nex
Total tree length: 36.527

Total number of iterations: 102
CPU time used for tree search: 74.431 sec (0h:1m:14s)
Wall-clock time used for tree search: 37.843 sec (0h:0m:37s)
Total CPU time used: 75.838 sec (0h:1m:15s)
Total wall-clock time used: 38.658 sec (0h:0m:38s)

Computing bootstrap consensus tree...
Reading input file FungalCW_tree_20231129/316920at4751.aa.mfa.splits.nex...
17 taxa and 128 splits.
Consensus tree written to FungalCW_tree_20231129/316920at4751.aa.mfa.contree
Reading input trees file FungalCW_tree_20231129/316920at4751.aa.mfa.contree
Log-likelihood of consensus tree: -18788.205

Analysis results written to: 
  IQ-TREE report:                FungalCW_tree_20231129/316920at4751.aa.mfa.iqtree
  Maximum-likelihood tree:       FungalCW_tree_20231129/316920at4751.aa.mfa.treefile
  Likelihood distances:          FungalCW_tree_20231129/316920at4751.aa.mfa.mldist

Ultrafast bootstrap approximation results written to:
  Split support values:          FungalCW_tree_20231129/316920at4751.aa.mfa.splits.nex
  Consensus tree:                FungalCW_tree_20231129/316920at4751.aa.mfa.contree
  Screen log file:               FungalCW_tree_20231129/316920at4751.aa.mfa.log

Date and Time: Wed Nov 29 01:38:49 2023
