IQ-TREE multicore version 2.2.2.6 COVID-edition for Linux 64-bit built May 27 2023
Developed by Bui Quang Minh, James Barbetti, Nguyen Lam Tung,
Olga Chernomor, Heiko Schmidt, Dominik Schrempf, Michael Woodhams, Ly Trong Nhan.

Host:    i28 (AVX2, FMA3, 503 GB RAM)
Command: iqtree2 -s FungalCW_tree_20231129/323327at4751.aa.mfa -gz -B 1000 -alrt 1000 -nt 2
Seed:    147924 (Using SPRNG - Scalable Parallel Random Number Generator)
Time:    Wed Nov 29 01:36:35 2023
Kernel:  AVX+FMA - 2 threads (2 CPU cores detected)

Reading alignment file FungalCW_tree_20231129/323327at4751.aa.mfa ... Fasta format detected
Reading fasta file: done in 0.0002141 secs using 83.61% CPU
Alignment most likely contains protein sequences
Constructing alignment: done in 0.00090313 secs using 117.4% CPU
Alignment has 17 sequences with 409 columns, 393 distinct patterns
285 parsimony-informative, 75 singleton sites, 49 constant sites
                                                               Gap/Ambiguity  Composition  p-value
Analyzing sequences: done in 2.90871e-05 secs using 123.8% CPU
   1  Basidiobolus_meristosporus_CBS_931.73.Basme2finSC.v1            27.63%    passed     88.78%
   2  Botrytis_cinerea_T4                                             18.34%    passed     97.39%
   3  Colletotrichum_graminicola_M1.001                               19.56%    passed     60.62%
   4  Colletotrichum_higginsianum_IMI_349063                          14.91%    passed     51.25%
   5  Fusarium_graminearum_PH-1                                       18.58%    passed     99.05%
   6  Fusarium_verticillioides_7600                                   19.07%    passed     99.71%
   7  Gilbertella_persicaria_var_persicaria_CBS_190.32-T.Gilper1.v1   28.36%    passed     95.13%
   8  Mortierella_elongata_AG-77                                      25.43%    passed     97.38%
   9  Mucor_mucedo_NRRL_3635                                          29.10%    passed     99.56%
  10  Neoconidiobolus_thromboides_FSU_785.Conth1.v1                   22.25%    passed     27.78%
  11  Phycomyces_blakesleeanus_NRRL_1555.Phybl2.v2                    25.43%    passed     88.44%
  12  Rhizopus_stolonifer_NRRL_66455                                  28.61%    passed     99.95%
  13  Trichoderma_harzianum_CBS_226.95                                18.83%    passed     98.63%
  14  Umbelopsis_ramanniana_NRRL_5844.Umbra1.v1                       17.60%    passed     99.97%
  15  Ustilago_maydis                                                 13.94%    passed     18.81%
  16  Zoophthora_radicans_ATCC_208865                                 18.34%    passed     37.06%
  17  Zymoseptoria_tritici_IP0323                                     15.40%    passed     79.29%
****  TOTAL                                                           21.26%  0 sequences failed composition chi2 test (p-value<5%; df=19)
Checking for duplicate sequences: done in 0.000102997 secs using 192.2% CPU


Create initial parsimony tree by phylogenetic likelihood library (PLL)... 0.003 seconds
Perform fast likelihood tree search using LG+I+G model...
Estimate model parameters (epsilon = 5.000)
Perform nearest neighbor interchange...
Optimizing NNI: done in 0.105312 secs using 195.3% CPU
Estimate model parameters (epsilon = 1.000)
1. Initial log-likelihood: -8863.801
Optimal log-likelihood: -8863.152
Proportion of invariable sites: 0.017
Gamma shape alpha: 0.635
Parameters optimization took 1 rounds (0.082 sec)
Time for fast ML tree search: 0.445 seconds

NOTE: ModelFinder requires 12 MB RAM!
ModelFinder will test up to 1232 protein models (sample size: 409) ...
 No. Model         -LnL         df  AIC          AICc         BIC
  1  LG            9406.629     31  18875.258    18880.521    18999.683
  2  LG+I          9302.337     32  18668.673    18674.290    18797.112
  3  LG+G4         8861.675     32  17787.350    17792.967    17915.789
  4  LG+I+G4       8861.998     33  17789.996    17795.980    17922.449
  5  LG+R2         8912.456     33  17890.912    17896.896    18023.365
  6  LG+R3         8864.124     35  17798.249    17805.005    17938.729
  7  LG+R4         8850.818     37  17775.635    17783.215    17924.143
  8  LG+R5         8845.671     39  17769.342    17777.797    17925.877
 14  LG+I+R2       8887.431     34  17842.862    17849.225    17979.328
 15  LG+I+R3       8854.021     36  17780.043    17787.204    17924.537
 16  LG+I+R4       8844.453     38  17764.907    17772.918    17917.428
 17  LG+I+R5       8842.725     40  17765.450    17774.363    17925.998
 25  LG+F+G4       8826.610     51  17755.221    17770.078    17959.920
 26  LG+F+I+G4     8826.955     52  17757.909    17773.392    17966.622
 29  LG+F+R4       8817.826     56  17747.651    17765.788    17972.419
 37  LG+F+I+R3     8819.728     55  17749.457    17766.907    17970.211
 38  LG+F+I+R4     8810.835     57  17735.669    17754.507    17964.451
 47  WAG+G4        8854.008     32  17772.015    17777.632    17900.454
 48  WAG+I+G4      8854.488     33  17774.976    17780.960    17907.429
 51  WAG+R4        8842.327     37  17758.653    17766.233    17907.161
 59  WAG+I+R3      8846.776     36  17765.552    17772.713    17910.046
 60  WAG+I+R4      8840.301     38  17756.601    17764.612    17909.123
 69  WAG+F+G4      8828.503     51  17759.006    17773.863    17963.706
 70  WAG+F+I+G4    8828.960     52  17761.921    17777.404    17970.634
 73  WAG+F+R4      8817.867     56  17747.734    17765.871    17972.502
 81  WAG+F+I+R3    8821.208     55  17752.416    17769.866    17973.170
 82  WAG+F+I+R4    8815.077     57  17744.154    17762.991    17972.936
 91  JTT+G4        8873.622     32  17811.244    17816.861    17939.683
 92  JTT+I+G4      8874.107     33  17814.214    17820.198    17946.667
 95  JTT+R4        8861.750     37  17797.500    17805.080    17946.008
103  JTT+I+R3      8868.889     36  17809.778    17816.939    17954.272
104  JTT+I+R4      8858.192     38  17792.383    17800.394    17944.904
113  JTT+F+G4      8852.716     51  17807.431    17822.288    18012.131
114  JTT+F+I+G4    8853.134     52  17810.268    17825.751    18018.981
117  JTT+F+R4      8843.014     56  17798.029    17816.165    18022.797
125  JTT+F+I+R3    8849.422     55  17808.845    17826.295    18029.599
126  JTT+F+I+R4    8838.967     57  17791.933    17810.771    18020.715
WARNING: Normalizing state frequencies so that sum of them equals to 1
135  Q.pfam+G4     8842.036     32  17748.073    17753.690    17876.512
WARNING: Normalizing state frequencies so that sum of them equals to 1
136  Q.pfam+I+G4   8842.459     33  17750.918    17756.902    17883.370
WARNING: Normalizing state frequencies so that sum of them equals to 1
139  Q.pfam+R4     8831.650     37  17737.299    17744.879    17885.807
WARNING: Normalizing state frequencies so that sum of them equals to 1
147  Q.pfam+I+R3   8836.048     36  17744.096    17751.257    17888.590
WARNING: Normalizing state frequencies so that sum of them equals to 1
148  Q.pfam+I+R4   8827.936     38  17731.872    17739.883    17884.394
WARNING: Normalizing state frequencies so that sum of them equals to 1
157  Q.pfam+F+G4   8821.366     51  17744.732    17759.589    17949.431
WARNING: Normalizing state frequencies so that sum of them equals to 1
158  Q.pfam+F+I+G4 8821.792     52  17747.584    17763.067    17956.297
WARNING: Normalizing state frequencies so that sum of them equals to 1
161  Q.pfam+F+R4   8812.643     56  17737.286    17755.422    17962.054
WARNING: Normalizing state frequencies so that sum of them equals to 1
169  Q.pfam+F+I+R3 8815.813     55  17741.625    17759.075    17962.379
WARNING: Normalizing state frequencies so that sum of them equals to 1
170  Q.pfam+F+I+R4 8808.221     57  17730.442    17749.280    17959.224
WARNING: Normalizing state frequencies so that sum of them equals to 1
179  Q.bird+G4     8984.634     32  18033.267    18038.884    18161.706
WARNING: Normalizing state frequencies so that sum of them equals to 1
180  Q.bird+I+G4   8984.762     33  18035.524    18041.508    18167.976
WARNING: Normalizing state frequencies so that sum of them equals to 1
183  Q.bird+R4     8977.419     37  18028.837    18036.417    18177.345
WARNING: Normalizing state frequencies so that sum of them equals to 1
191  Q.bird+I+R3   8988.953     36  18049.905    18057.067    18194.399
WARNING: Normalizing state frequencies so that sum of them equals to 1
192  Q.bird+I+R4   8967.514     38  18011.027    18019.038    18163.549
WARNING: Normalizing state frequencies so that sum of them equals to 1
201  Q.bird+F+G4   8969.765     51  18041.530    18056.387    18246.229
WARNING: Normalizing state frequencies so that sum of them equals to 1
202  Q.bird+F+I+G4 8969.715     52  18043.431    18058.914    18252.144
WARNING: Normalizing state frequencies so that sum of them equals to 1
205  Q.bird+F+R4   8968.833     56  18049.666    18067.803    18274.434
WARNING: Normalizing state frequencies so that sum of them equals to 1
213  Q.bird+F+I+R3 8981.514     55  18073.028    18090.478    18293.782
WARNING: Normalizing state frequencies so that sum of them equals to 1
214  Q.bird+F+I+R4 8958.715     57  18031.429    18050.267    18260.211
WARNING: Normalizing state frequencies so that sum of them equals to 1
223  Q.mammal+G4   8933.075     32  17930.150    17935.767    18058.589
WARNING: Normalizing state frequencies so that sum of them equals to 1
224  Q.mammal+I+G4 8933.431     33  17932.862    17938.846    18065.314
WARNING: Normalizing state frequencies so that sum of them equals to 1
227  Q.mammal+R4   8923.012     37  17920.024    17927.604    18068.532
WARNING: Normalizing state frequencies so that sum of them equals to 1
235  Q.mammal+I+R3 8933.386     36  17938.771    17945.933    18083.265
WARNING: Normalizing state frequencies so that sum of them equals to 1
236  Q.mammal+I+R4 8916.888     38  17909.777    17917.788    18062.298
WARNING: Normalizing state frequencies so that sum of them equals to 1
245  Q.mammal+F+G4 8922.648     51  17947.296    17962.153    18151.995
WARNING: Normalizing state frequencies so that sum of them equals to 1
246  Q.mammal+F+I+G4 8922.831     52  17949.662    17965.145    18158.375
WARNING: Normalizing state frequencies so that sum of them equals to 1
249  Q.mammal+F+R4 8915.553     56  17943.105    17961.241    18167.873
WARNING: Normalizing state frequencies so that sum of them equals to 1
257  Q.mammal+F+I+R3 8928.688     55  17967.376    17984.827    18188.130
WARNING: Normalizing state frequencies so that sum of them equals to 1
258  Q.mammal+F+I+R4 8908.985     57  17931.970    17950.807    18160.751
267  Q.insect+G4   8870.211     32  17804.423    17810.040    17932.862
268  Q.insect+I+G4 8870.691     33  17807.382    17813.366    17939.834
271  Q.insect+R4   8860.904     37  17795.808    17803.387    17944.315
279  Q.insect+I+R3 8868.395     36  17808.790    17815.952    17953.284
280  Q.insect+I+R4 8857.146     38  17790.291    17798.302    17942.813
289  Q.insect+F+G4 8836.869     51  17775.739    17790.596    17980.438
290  Q.insect+F+I+G4 8837.279     52  17778.558    17794.041    17987.271
293  Q.insect+F+R4 8830.408     56  17772.816    17790.952    17997.584
301  Q.insect+F+I+R3 8834.797     55  17779.595    17797.045    18000.349
302  Q.insect+F+I+R4 8825.619     57  17765.238    17784.076    17994.020
WARNING: Normalizing state frequencies so that sum of them equals to 1
311  Q.plant+G4    8899.197     32  17862.393    17868.011    17990.832
WARNING: Normalizing state frequencies so that sum of them equals to 1
312  Q.plant+I+G4  8899.603     33  17865.205    17871.189    17997.658
WARNING: Normalizing state frequencies so that sum of them equals to 1
315  Q.plant+R4    8888.731     37  17851.461    17859.041    17999.969
WARNING: Normalizing state frequencies so that sum of them equals to 1
323  Q.plant+I+R3  8898.774     36  17869.547    17876.709    18014.041
WARNING: Normalizing state frequencies so that sum of them equals to 1
324  Q.plant+I+R4  8881.948     38  17839.896    17847.907    17992.418
WARNING: Normalizing state frequencies so that sum of them equals to 1
333  Q.plant+F+G4  8884.590     51  17871.180    17886.037    18075.879
WARNING: Normalizing state frequencies so that sum of them equals to 1
334  Q.plant+F+I+G4 8884.997     52  17873.995    17889.478    18082.708
WARNING: Normalizing state frequencies so that sum of them equals to 1
337  Q.plant+F+R4  8877.315     56  17866.629    17884.766    18091.397
WARNING: Normalizing state frequencies so that sum of them equals to 1
345  Q.plant+F+I+R3 8885.862     55  17881.723    17899.174    18102.478
WARNING: Normalizing state frequencies so that sum of them equals to 1
346  Q.plant+F+I+R4 8869.038     57  17852.077    17870.914    18080.859
WARNING: Normalizing state frequencies so that sum of them equals to 1
355  Q.yeast+G4    8849.356     32  17762.712    17768.329    17891.151
WARNING: Normalizing state frequencies so that sum of them equals to 1
356  Q.yeast+I+G4  8849.762     33  17765.523    17771.507    17897.976
WARNING: Normalizing state frequencies so that sum of them equals to 1
359  Q.yeast+R4    8840.004     37  17754.007    17761.587    17902.515
WARNING: Normalizing state frequencies so that sum of them equals to 1
367  Q.yeast+I+R3  8846.736     36  17765.473    17772.634    17909.966
WARNING: Normalizing state frequencies so that sum of them equals to 1
368  Q.yeast+I+R4  8834.063     38  17744.127    17752.138    17896.648
WARNING: Normalizing state frequencies so that sum of them equals to 1
377  Q.yeast+F+G4  8824.204     51  17750.408    17765.266    17955.108
WARNING: Normalizing state frequencies so that sum of them equals to 1
378  Q.yeast+F+I+G4 8824.541     52  17753.081    17768.565    17961.795
WARNING: Normalizing state frequencies so that sum of them equals to 1
381  Q.yeast+F+R4  8817.890     56  17747.779    17765.916    17972.547
WARNING: Normalizing state frequencies so that sum of them equals to 1
389  Q.yeast+F+I+R3 8820.323     55  17750.646    17768.096    17971.400
WARNING: Normalizing state frequencies so that sum of them equals to 1
390  Q.yeast+F+I+R4 8811.919     57  17737.837    17756.675    17966.619
399  JTTDCMut+G4   8872.482     32  17808.964    17814.581    17937.403
400  JTTDCMut+I+G4 8872.910     33  17811.819    17817.803    17944.272
403  JTTDCMut+R4   8860.386     37  17794.772    17802.351    17943.279
411  JTTDCMut+I+R3 8867.589     36  17807.179    17814.340    17951.673
412  JTTDCMut+I+R4 8856.941     38  17789.883    17797.894    17942.404
421  JTTDCMut+F+G4 8850.907     51  17803.815    17818.672    18008.514
422  JTTDCMut+F+I+G4 8851.415     52  17806.830    17822.313    18015.543
425  JTTDCMut+F+R4 8840.956     56  17793.911    17812.048    18018.679
433  JTTDCMut+F+I+R3 8847.557     55  17805.113    17822.564    18025.867
434  JTTDCMut+F+I+R4 8837.063     57  17788.127    17806.965    18016.909
443  DCMut+G4      8939.629     32  17943.257    17948.874    18071.696
444  DCMut+I+G4    8940.045     33  17946.091    17952.075    18078.543
447  DCMut+R4      8932.048     37  17938.096    17945.676    18086.604
455  DCMut+I+R3    8935.176     36  17942.351    17949.513    18086.845
456  DCMut+I+R4    8929.962     38  17935.924    17943.935    18088.446
465  DCMut+F+G4    8876.756     51  17855.513    17870.370    18060.212
466  DCMut+F+I+G4  8877.178     52  17858.356    17873.839    18067.069
469  DCMut+F+R4    8870.598     56  17853.197    17871.333    18077.965
477  DCMut+F+I+R3  8872.391     55  17854.783    17872.233    18075.537
478  DCMut+F+I+R4  8866.795     57  17847.590    17866.428    18076.372
487  VT+G4         8836.117     32  17736.233    17741.850    17864.672
488  VT+I+G4       8836.487     33  17738.973    17744.957    17871.426
491  VT+R4         8825.595     37  17725.190    17732.770    17873.697
499  VT+I+R3       8832.624     36  17737.248    17744.409    17881.741
500  VT+I+R4       8825.016     38  17726.031    17734.042    17878.553
509  VT+F+G4       8821.746     51  17745.491    17760.348    17950.191
510  VT+F+I+G4     8822.149     52  17748.298    17763.781    17957.011
513  VT+F+R4       8811.981     56  17735.963    17754.099    17960.731
521  VT+F+I+R3     8818.642     55  17747.283    17764.733    17968.037
522  VT+F+I+R4     8811.363     57  17736.726    17755.563    17965.508
531  PMB+G4        8903.777     32  17871.554    17877.171    17999.993
532  PMB+I+G4      8904.039     33  17874.077    17880.061    18006.530
535  PMB+R4        8895.822     37  17865.644    17873.224    18014.152
543  PMB+I+R3      8903.210     36  17878.421    17885.582    18022.915
544  PMB+I+R4      8895.939     38  17867.879    17875.890    18020.400
553  PMB+F+G4      8850.808     51  17803.617    17818.474    18008.316
554  PMB+F+I+G4    8851.223     52  17806.446    17821.929    18015.159
557  PMB+F+R4      8841.964     56  17795.929    17814.065    18020.697
565  PMB+F+I+R3    8848.614     55  17807.229    17824.679    18027.983
566  PMB+F+I+R4    8841.624     57  17797.248    17816.086    18026.030
575  Blosum62+G4   8909.662     32  17883.324    17888.941    18011.763
576  Blosum62+I+G4 8909.980     33  17885.960    17891.944    18018.413
579  Blosum62+R4   8901.643     37  17877.287    17884.866    18025.794
587  Blosum62+I+R3 8906.458     36  17884.916    17892.077    18029.410
588  Blosum62+I+R4 8900.818     38  17877.635    17885.646    18030.156
597  Blosum62+F+G4 8847.469     51  17796.938    17811.795    18001.637
598  Blosum62+F+I+G4 8847.902     52  17799.805    17815.288    18008.518
601  Blosum62+F+R4 8838.233     56  17788.466    17806.603    18013.235
609  Blosum62+F+I+R3 8842.618     55  17795.236    17812.686    18015.990
610  Blosum62+F+I+R4 8837.046     57  17788.092    17806.930    18016.874
619  Dayhoff+G4    8939.796     32  17943.592    17949.209    18072.030
620  Dayhoff+I+G4  8940.202     33  17946.404    17952.388    18078.856
623  Dayhoff+R4    8932.321     37  17938.641    17946.221    18087.149
631  Dayhoff+I+R3  8935.255     36  17942.509    17949.670    18087.003
632  Dayhoff+I+R4  8929.934     38  17935.867    17943.878    18088.388
641  Dayhoff+F+G4  8876.908     51  17855.816    17870.673    18060.516
642  Dayhoff+F+I+G4 8877.323     52  17858.647    17874.130    18067.360
645  Dayhoff+F+R4  8870.871     56  17853.742    17871.879    18078.511
653  Dayhoff+F+I+R3 8872.519     55  17855.039    17872.489    18075.793
654  Dayhoff+F+I+R4 8866.807     57  17847.613    17866.451    18076.395
663  mtREV+G4      9235.807     32  18535.615    18541.232    18664.054
664  mtREV+I+G4    9235.924     33  18537.847    18543.831    18670.300
667  mtREV+R4      9232.638     37  18539.276    18546.856    18687.784
675  mtREV+I+R3    9238.694     36  18549.388    18556.549    18693.882
676  mtREV+I+R4    9222.220     38  18520.441    18528.452    18672.962
685  mtREV+F+G4    8888.543     51  17879.086    17893.943    18083.786
686  mtREV+F+I+G4  8888.927     52  17881.854    17897.337    18090.567
689  mtREV+F+R4    8880.799     56  17873.598    17891.734    18098.366
697  mtREV+F+I+R3  8885.064     55  17880.127    17897.578    18100.882
698  mtREV+F+I+R4  8871.646     57  17857.292    17876.130    18086.074
707  mtART+G4      9349.163     32  18762.325    18767.942    18890.764
708  mtART+I+G4    9346.530     33  18759.061    18765.045    18891.514
711  mtART+R4      9337.747     37  18749.493    18757.073    18898.001
719  mtART+I+R3    9353.473     36  18778.945    18786.107    18923.439
720  mtART+I+R4    9335.409     38  18746.818    18754.829    18899.340
729  mtART+F+G4    8987.907     51  18077.814    18092.671    18282.514
730  mtART+F+I+G4  8985.679     52  18075.358    18090.841    18284.072
733  mtART+F+R4    8998.580     56  18109.159    18127.295    18333.927
741  mtART+F+I+R3  9016.059     55  18142.118    18159.568    18362.872
742  mtART+F+I+R4  8988.833     57  18091.666    18110.504    18320.448
751  mtZOA+G4      9195.347     32  18454.695    18460.312    18583.134
752  mtZOA+I+G4    9194.519     33  18455.038    18461.022    18587.491
755  mtZOA+R4      9184.519     37  18443.037    18450.617    18591.545
763  mtZOA+I+R3    9200.992     36  18473.984    18481.146    18618.478
764  mtZOA+I+R4    9183.274     38  18442.549    18450.560    18595.070
773  mtZOA+F+G4    8924.910     51  17951.820    17966.677    18156.519
774  mtZOA+F+I+G4  8925.240     52  17954.480    17969.963    18163.193
777  mtZOA+F+R4    8925.397     56  17962.794    17980.931    18187.562
785  mtZOA+F+I+R3  8933.696     55  17977.393    17994.843    18198.147
786  mtZOA+F+I+R4  8916.313     57  17946.626    17965.464    18175.408
795  mtMet+G4      9288.358     32  18640.716    18646.333    18769.155
796  mtMet+I+G4    9287.776     33  18641.552    18647.536    18774.005
799  mtMet+R4      9281.567     37  18637.134    18644.714    18785.641
807  mtMet+I+R3    9301.997     36  18675.995    18683.156    18820.488
808  mtMet+I+R4    9276.322     38  18628.645    18636.656    18781.166
817  mtMet+F+G4    8911.268     51  17924.536    17939.393    18129.235
818  mtMet+F+I+G4  8911.591     52  17927.182    17942.666    18135.896
821  mtMet+F+R4    8913.471     56  17938.942    17957.078    18163.710
829  mtMet+F+I+R3  8921.521     55  17953.042    17970.492    18173.796
830  mtMet+F+I+R4  8904.971     57  17923.941    17942.779    18152.723
839  mtVer+G4      9311.114     32  18686.228    18691.845    18814.667
840  mtVer+I+G4    9310.206     33  18686.411    18692.395    18818.864
843  mtVer+R4      9325.707     37  18725.414    18732.994    18873.922
851  mtVer+I+R3    9340.071     36  18752.143    18759.304    18896.636
852  mtVer+I+R4    9309.780     38  18695.560    18703.571    18848.081
861  mtVer+F+G4    8978.051     51  18058.102    18072.959    18262.801
862  mtVer+F+I+G4  8978.386     52  18060.771    18076.254    18269.484
865  mtVer+F+R4    8983.738     56  18079.476    18097.613    18304.244
873  mtVer+F+I+R3  8994.541     55  18099.082    18116.533    18319.837
874  mtVer+F+I+R4  8974.363     57  18062.727    18081.564    18291.508
883  mtInv+G4      9374.219     32  18812.437    18818.054    18940.876
884  mtInv+I+G4    9374.139     33  18814.278    18820.262    18946.730
887  mtInv+R4      9364.430     37  18802.860    18810.440    18951.368
895  mtInv+I+R3    9375.816     36  18823.632    18830.794    18968.126
896  mtInv+I+R4    9363.051     38  18802.103    18810.113    18954.624
905  mtInv+F+G4    8872.880     51  17847.760    17862.617    18052.459
906  mtInv+F+I+G4  8873.205     52  17850.410    17865.893    18059.123
909  mtInv+F+R4    8869.628     56  17851.255    17869.392    18076.023
917  mtInv+F+I+R3  8872.215     55  17854.429    17871.880    18075.184
918  mtInv+F+I+R4  8859.473     57  17832.946    17851.784    18061.728
927  mtMAM+G4      9392.183     32  18848.366    18853.983    18976.805
928  mtMAM+I+G4    9389.700     33  18845.400    18851.384    18977.853
931  mtMAM+R4      9425.290     37  18924.580    18932.160    19073.088
939  mtMAM+I+R3    9454.925     36  18981.849    18989.010    19126.343
940  mtMAM+I+R4    9413.731     38  18903.462    18911.473    19055.983
949  mtMAM+F+G4    9035.047     51  18172.094    18186.951    18376.793
950  mtMAM+F+I+G4  9034.469     52  18172.939    18188.422    18381.652
953  mtMAM+F+R4    9054.789     56  18221.578    18239.714    18446.346
961  mtMAM+F+I+R3  9074.266     55  18258.533    18275.983    18479.287
962  mtMAM+F+I+R4  9044.711     57  18203.423    18222.261    18432.205
WARNING: Normalizing state frequencies so that sum of them equals to 1
971  FLAVI+G4      9155.733     32  18375.466    18381.083    18503.904
WARNING: Normalizing state frequencies so that sum of them equals to 1
972  FLAVI+I+G4    9155.051     33  18376.102    18382.086    18508.555
WARNING: Normalizing state frequencies so that sum of them equals to 1
975  FLAVI+R4      9156.068     37  18386.135    18393.715    18534.643
WARNING: Normalizing state frequencies so that sum of them equals to 1
983  FLAVI+I+R3    9175.497     36  18422.994    18430.155    18567.487
WARNING: Normalizing state frequencies so that sum of them equals to 1
984  FLAVI+I+R4    9141.961     38  18359.922    18367.932    18512.443
WARNING: Normalizing state frequencies so that sum of them equals to 1
993  FLAVI+F+G4    9063.989     51  18229.979    18244.836    18434.678
WARNING: Normalizing state frequencies so that sum of them equals to 1
994  FLAVI+F+I+G4  9064.070     52  18232.141    18247.624    18440.854
WARNING: Normalizing state frequencies so that sum of them equals to 1
997  FLAVI+F+R4    9070.824     56  18253.648    18271.784    18478.416
WARNING: Normalizing state frequencies so that sum of them equals to 1
1005  FLAVI+F+I+R3  9084.817     55  18279.633    18297.083    18500.387
WARNING: Normalizing state frequencies so that sum of them equals to 1
1006  FLAVI+F+I+R4  9053.063     57  18220.126    18238.964    18448.908
1015  HIVb+G4       9083.554     32  18231.109    18236.726    18359.547
1016  HIVb+I+G4     9083.877     33  18233.754    18239.738    18366.207
1019  HIVb+R4       9072.623     37  18219.246    18226.826    18367.754
1027  HIVb+I+R3     9082.406     36  18236.811    18243.973    18381.305
1028  HIVb+I+R4     9064.494     38  18204.988    18212.999    18357.510
1037  HIVb+F+G4     8974.379     51  18050.759    18065.616    18255.458
1038  HIVb+F+I+G4   8974.715     52  18053.430    18068.913    18262.143
1041  HIVb+F+R4     8966.236     56  18044.472    18062.608    18269.240
1049  HIVb+F+I+R3   8976.357     55  18062.714    18080.164    18283.468
1050  HIVb+F+I+R4   8957.495     57  18028.991    18047.828    18257.773
1059  HIVw+G4       9344.513     32  18753.026    18758.643    18881.465
1060  HIVw+I+G4     9344.884     33  18755.768    18761.752    18888.220
1063  HIVw+R4       9334.170     37  18742.340    18749.919    18890.847
1071  HIVw+I+R3     9336.476     36  18744.953    18752.114    18889.446
1072  HIVw+I+R4     9316.852     38  18709.704    18717.714    18862.225
1081  HIVw+F+G4     9118.624     51  18339.249    18354.106    18543.948
1082  HIVw+F+I+G4   9118.776     52  18341.551    18357.034    18550.264
1085  HIVw+F+R4     9114.117     56  18340.234    18358.370    18565.002
1093  HIVw+F+I+R3   9116.721     55  18343.442    18360.893    18564.197
1094  HIVw+F+I+R4   9096.712     57  18307.423    18326.261    18536.205
1103  FLU+G4        9007.320     32  18078.640    18084.257    18207.079
1104  FLU+I+G4      9007.415     33  18080.829    18086.813    18213.282
1107  FLU+R4        9000.655     37  18075.311    18082.890    18223.818
1115  FLU+I+R3      9006.807     36  18085.614    18092.775    18230.107
1116  FLU+I+R4      8990.573     38  18057.146    18065.157    18209.667
1125  FLU+F+G4      8944.517     51  17991.034    18005.891    18195.733
1126  FLU+F+I+G4    8944.424     52  17992.848    18008.331    18201.561
1129  FLU+F+R4      8938.087     56  17988.174    18006.310    18212.942
1137  FLU+F+I+R3    8947.124     55  18004.247    18021.698    18225.002
1138  FLU+F+I+R4    8929.346     57  17972.693    17991.530    18201.474
1147  rtREV+G4      8932.319     32  17928.638    17934.255    18057.076
1148  rtREV+I+G4    8932.650     33  17931.301    17937.285    18063.753
1151  rtREV+R4      8920.477     37  17914.954    17922.533    18063.461
1159  rtREV+I+R3    8924.759     36  17921.518    17928.680    18066.012
1160  rtREV+I+R4    8916.534     38  17909.068    17917.079    18061.589
1169  rtREV+F+G4    8844.031     51  17790.062    17804.919    17994.761
1170  rtREV+F+I+G4  8844.372     52  17792.743    17808.227    18001.457
1173  rtREV+F+R4    8833.736     56  17779.473    17797.609    18004.241
1181  rtREV+F+I+R3  8836.835     55  17783.669    17801.120    18004.424
1182  rtREV+F+I+R4  8828.793     57  17771.587    17790.424    18000.368
1191  cpREV+G4      8925.520     32  17915.039    17920.656    18043.478
1192  cpREV+I+G4    8926.035     33  17918.071    17924.055    18050.523
1195  cpREV+R4      8909.866     37  17893.731    17901.311    18042.238
1203  cpREV+I+R3    8918.205     36  17908.410    17915.572    18052.904
1204  cpREV+I+R4    8906.771     38  17889.543    17897.554    18042.064
1213  cpREV+F+G4    8859.634     51  17821.268    17836.125    18025.967
1214  cpREV+F+I+G4  8860.003     52  17824.007    17839.490    18032.720
1217  cpREV+F+R4    8843.766     56  17799.531    17817.668    18024.299
1225  cpREV+F+I+R3  8849.881     55  17809.763    17827.213    18030.517
1226  cpREV+F+I+R4  8838.728     57  17791.457    17810.294    18020.239
Akaike Information Criterion:           VT+R4
Corrected Akaike Information Criterion: VT+R4
Bayesian Information Criterion:         VT+G4
Best-fit model: VT+G4 chosen according to BIC

All model information printed to FungalCW_tree_20231129/323327at4751.aa.mfa.model.gz
CPU time for ModelFinder: 354.507 seconds (0h:5m:54s)
Wall-clock time for ModelFinder: 179.832 seconds (0h:2m:59s)
Generating 1000 samples for ultrafast bootstrap (seed: 147924)...

NOTE: 5 MB RAM (0 GB) is required!
Estimate model parameters (epsilon = 0.100)
1. Initial log-likelihood: -8836.117
Optimal log-likelihood: -8836.093
Gamma shape alpha: 0.720
Parameters optimization took 1 rounds (0.040 sec)
Wrote distance file to... 
Computing ML distances based on estimated model parameters...
Calculating distance matrix: done in 0.0369179 secs using 197.7% CPU
Computing ML distances took 0.037168 sec (of wall-clock time) 0.073478 sec (of CPU time)
Setting up auxiliary I and S matrices: done in 5.79357e-05 secs using 198.5% CPU
Constructing RapidNJ tree: done in 0.000264883 secs using 91.74% CPU
Computing RapidNJ tree took 0.000437 sec (of wall-clock time) 0.000517 sec (of CPU time)
Log-likelihood of RapidNJ tree: -8842.818
--------------------------------------------------------------------
|             INITIALIZING CANDIDATE TREE SET                      |
--------------------------------------------------------------------
Generating 98 parsimony trees... 0.305 second
Computing log-likelihood of 98 initial trees ... 1.328 seconds
Current best score: -8836.093

Do NNI search on 20 best initial trees
Optimizing NNI: done in 0.0625489 secs using 198% CPU
Estimate model parameters (epsilon = 0.100)
BETTER TREE FOUND at iteration 1: -8836.087
Optimizing NNI: done in 0.170463 secs using 197.4% CPU
Estimate model parameters (epsilon = 0.100)
BETTER TREE FOUND at iteration 2: -8836.004
Optimizing NNI: done in 0.188714 secs using 197.6% CPU
Optimizing NNI: done in 0.159472 secs using 198% CPU
Optimizing NNI: done in 0.227558 secs using 196.5% CPU
Optimizing NNI: done in 0.250916 secs using 197.3% CPU
Optimizing NNI: done in 0.242775 secs using 196.9% CPU
Optimizing NNI: done in 0.228198 secs using 196.3% CPU
Optimizing NNI: done in 0.189375 secs using 197.4% CPU
Optimizing NNI: done in 0.255106 secs using 196.9% CPU
Iteration 10 / LogL: -8836.320 / Time: 0h:0m:4s
Optimizing NNI: done in 0.208605 secs using 197.6% CPU
Optimizing NNI: done in 0.309992 secs using 197.4% CPU
Optimizing NNI: done in 0.233106 secs using 197.6% CPU
Optimizing NNI: done in 0.165861 secs using 197.4% CPU
Optimizing NNI: done in 0.181572 secs using 198.2% CPU
Optimizing NNI: done in 0.262106 secs using 197.3% CPU
Optimizing NNI: done in 0.231657 secs using 196.3% CPU
Optimizing NNI: done in 0.176672 secs using 196.3% CPU
Optimizing NNI: done in 0.204212 secs using 196.4% CPU
Optimizing NNI: done in 0.176932 secs using 196.9% CPU
Iteration 20 / LogL: -8840.242 / Time: 0h:0m:6s
Finish initializing candidate tree set (2)
Current best tree score: -8836.004 / CPU time: 5.916
Number of iterations: 20
--------------------------------------------------------------------
|               OPTIMIZING CANDIDATE TREE SET                      |
--------------------------------------------------------------------
Optimizing NNI: done in 0.166541 secs using 196.9% CPU
Optimizing NNI: done in 0.121818 secs using 196.5% CPU
Optimizing NNI: done in 0.240113 secs using 196.8% CPU
Optimizing NNI: done in 0.222949 secs using 198.1% CPU
Optimizing NNI: done in 0.214152 secs using 197.2% CPU
Optimizing NNI: done in 0.220003 secs using 197.2% CPU
Optimizing NNI: done in 0.176494 secs using 196.9% CPU
Optimizing NNI: done in 0.119532 secs using 197.3% CPU
Optimizing NNI: done in 0.222937 secs using 197.6% CPU
Optimizing NNI: done in 0.152312 secs using 197.4% CPU
Iteration 30 / LogL: -8836.320 / Time: 0h:0m:8s (0h:0m:20s left)
Optimizing NNI: done in 0.155898 secs using 198% CPU
Optimizing NNI: done in 0.183726 secs using 198% CPU
Optimizing NNI: done in 0.292381 secs using 197% CPU
Optimizing NNI: done in 0.291195 secs using 197.5% CPU
Optimizing NNI: done in 0.3159 secs using 197.9% CPU
Optimizing NNI: done in 0.217665 secs using 197.2% CPU
Optimizing NNI: done in 0.160582 secs using 196.2% CPU
Optimizing NNI: done in 0.253026 secs using 198.1% CPU
Optimizing NNI: done in 0.193151 secs using 196% CPU
Optimizing NNI: done in 0.246025 secs using 197.3% CPU
Iteration 40 / LogL: -8836.073 / Time: 0h:0m:10s (0h:0m:16s left)
Optimizing NNI: done in 0.324291 secs using 198.1% CPU
Optimizing NNI: done in 0.312712 secs using 197.1% CPU
Optimizing NNI: done in 0.251538 secs using 197.9% CPU
Optimizing NNI: done in 0.228205 secs using 197.6% CPU
Optimizing NNI: done in 0.225784 secs using 198% CPU
Optimizing NNI: done in 0.199809 secs using 196.5% CPU
Optimizing NNI: done in 0.17615 secs using 197% CPU
Optimizing NNI: done in 0.205502 secs using 197.5% CPU
Optimizing NNI: done in 0.223017 secs using 196.8% CPU
Optimizing NNI: done in 0.172065 secs using 198% CPU
Iteration 50 / LogL: -8836.358 / Time: 0h:0m:13s (0h:0m:13s left)
Log-likelihood cutoff on original alignment: -8871.482
Optimizing NNI: done in 0.300571 secs using 196.9% CPU
Optimizing NNI: done in 0.160424 secs using 197.9% CPU
Optimizing NNI: done in 0.151739 secs using 196% CPU
Optimizing NNI: done in 0.176036 secs using 197.9% CPU
Optimizing NNI: done in 0.214516 secs using 198% CPU
Optimizing NNI: done in 0.102847 secs using 198% CPU
Optimizing NNI: done in 0.254775 secs using 196.7% CPU
Optimizing NNI: done in 0.166656 secs using 197.3% CPU
Optimizing NNI: done in 0.102067 secs using 198.1% CPU
Optimizing NNI: done in 0.121703 secs using 197.3% CPU
Iteration 60 / LogL: -8836.565 / Time: 0h:0m:14s (0h:0m:10s left)
Optimizing NNI: done in 0.123233 secs using 197.3% CPU
Optimizing NNI: done in 0.173772 secs using 196.4% CPU
Optimizing NNI: done in 0.33269 secs using 197.5% CPU
Optimizing NNI: done in 0.238001 secs using 197% CPU
Optimizing NNI: done in 0.237205 secs using 197.4% CPU
Optimizing NNI: done in 0.153371 secs using 198.2% CPU
Optimizing NNI: done in 0.114546 secs using 198.2% CPU
Optimizing NNI: done in 0.373281 secs using 198.1% CPU
Optimizing NNI: done in 0.20442 secs using 197.1% CPU
Optimizing NNI: done in 0.211591 secs using 196.8% CPU
Iteration 70 / LogL: -8836.078 / Time: 0h:0m:17s (0h:0m:8s left)
Optimizing NNI: done in 0.251171 secs using 196.6% CPU
Optimizing NNI: done in 0.168768 secs using 197.3% CPU
Optimizing NNI: done in 0.214894 secs using 197.9% CPU
Optimizing NNI: done in 0.146472 secs using 197.4% CPU
Optimizing NNI: done in 0.260564 secs using 197.7% CPU
Optimizing NNI: done in 0.117793 secs using 198.1% CPU
Optimizing NNI: done in 0.19403 secs using 197.6% CPU
Optimizing NNI: done in 0.236503 secs using 196.8% CPU
Optimizing NNI: done in 0.319469 secs using 197.2% CPU
Optimizing NNI: done in 0.233186 secs using 197.7% CPU
Iteration 80 / LogL: -8845.708 / Time: 0h:0m:19s (0h:0m:5s left)
Optimizing NNI: done in 0.217446 secs using 197.2% CPU
Optimizing NNI: done in 0.316955 secs using 197.4% CPU
Optimizing NNI: done in 0.270817 secs using 197.8% CPU
Optimizing NNI: done in 0.239446 secs using 196.8% CPU
Optimizing NNI: done in 0.378009 secs using 197.6% CPU
Optimizing NNI: done in 0.233369 secs using 197.4% CPU
Optimizing NNI: done in 0.202316 secs using 198.1% CPU
Optimizing NNI: done in 0.24399 secs using 198.1% CPU
Optimizing NNI: done in 0.291257 secs using 197.4% CPU
Optimizing NNI: done in 0.177722 secs using 198.4% CPU
Iteration 90 / LogL: -8836.344 / Time: 0h:0m:22s (0h:0m:2s left)
Optimizing NNI: done in 0.32877 secs using 196.2% CPU
Optimizing NNI: done in 0.203962 secs using 196.6% CPU
Optimizing NNI: done in 0.335187 secs using 198.2% CPU
Optimizing NNI: done in 0.248887 secs using 197.2% CPU
Optimizing NNI: done in 0.202168 secs using 198% CPU
Optimizing NNI: done in 0.264057 secs using 197% CPU
Optimizing NNI: done in 0.215209 secs using 197.7% CPU
Optimizing NNI: done in 0.225976 secs using 197.6% CPU
Optimizing NNI: done in 0.223464 secs using 197% CPU
Optimizing NNI: done in 0.22708 secs using 196.9% CPU
Iteration 100 / LogL: -8836.332 / Time: 0h:0m:24s (0h:0m:0s left)
Log-likelihood cutoff on original alignment: -8871.482
NOTE: Bootstrap correlation coefficient of split occurrence frequencies: 0.999
Optimizing NNI: done in 0.124203 secs using 198.2% CPU
Optimizing NNI: done in 0.177566 secs using 198.2% CPU
Optimizing NNI: done in 0.239433 secs using 197.8% CPU
TREE SEARCH COMPLETED AFTER 103 ITERATIONS / Time: 0h:0m:25s

--------------------------------------------------------------------
|                    FINALIZING TREE SEARCH                        |
--------------------------------------------------------------------
Performs final model parameters optimization
Estimate model parameters (epsilon = 0.010)
1. Initial log-likelihood: -8836.004
Optimal log-likelihood: -8836.003
Gamma shape alpha: 0.732
Parameters optimization took 1 rounds (0.040 sec)
BEST SCORE FOUND : -8836.003

Testing tree branches by SH-like aLRT with 1000 replicates...
0.127 sec.
Creating bootstrap support values...
Split supports printed to NEXUS file FungalCW_tree_20231129/323327at4751.aa.mfa.splits.nex
Total tree length: 14.208

Total number of iterations: 103
CPU time used for tree search: 49.448 sec (0h:0m:49s)
Wall-clock time used for tree search: 25.200 sec (0h:0m:25s)
Total CPU time used: 50.443 sec (0h:0m:50s)
Total wall-clock time used: 25.763 sec (0h:0m:25s)

Computing bootstrap consensus tree...
Reading input file FungalCW_tree_20231129/323327at4751.aa.mfa.splits.nex...
17 taxa and 70 splits.
Consensus tree written to FungalCW_tree_20231129/323327at4751.aa.mfa.contree
Reading input trees file FungalCW_tree_20231129/323327at4751.aa.mfa.contree
Log-likelihood of consensus tree: -8836.091

Analysis results written to: 
  IQ-TREE report:                FungalCW_tree_20231129/323327at4751.aa.mfa.iqtree
  Maximum-likelihood tree:       FungalCW_tree_20231129/323327at4751.aa.mfa.treefile
  Likelihood distances:          FungalCW_tree_20231129/323327at4751.aa.mfa.mldist

Ultrafast bootstrap approximation results written to:
  Split support values:          FungalCW_tree_20231129/323327at4751.aa.mfa.splits.nex
  Consensus tree:                FungalCW_tree_20231129/323327at4751.aa.mfa.contree
  Screen log file:               FungalCW_tree_20231129/323327at4751.aa.mfa.log

Date and Time: Wed Nov 29 01:40:00 2023
