IQ-TREE multicore version 2.2.2.6 COVID-edition for Linux 64-bit built May 27 2023
Developed by Bui Quang Minh, James Barbetti, Nguyen Lam Tung,
Olga Chernomor, Heiko Schmidt, Dominik Schrempf, Michael Woodhams, Ly Trong Nhan.

Host:    i23 (AVX2, FMA3, 503 GB RAM)
Command: iqtree2 -s FungalCW_tree_20231129/334424at4751.aa.mfa -gz -B 1000 -alrt 1000 -nt 2
Seed:    54257 (Using SPRNG - Scalable Parallel Random Number Generator)
Time:    Wed Nov 29 01:38:05 2023
Kernel:  AVX+FMA - 2 threads (2 CPU cores detected)

Reading alignment file FungalCW_tree_20231129/334424at4751.aa.mfa ... Fasta format detected
Reading fasta file: done in 0.00019598 secs using 19.9% CPU
Alignment most likely contains protein sequences
Constructing alignment: done in 0.00090313 secs using 98.1% CPU
Alignment has 17 sequences with 428 columns, 386 distinct patterns
230 parsimony-informative, 113 singleton sites, 85 constant sites
                                                               Gap/Ambiguity  Composition  p-value
Analyzing sequences: done in 2.81334e-05 secs using 120.9% CPU
   1  Basidiobolus_meristosporus_CBS_931.73.Basme2finSC.v1            26.40%    passed     99.28%
   2  Botrytis_cinerea_T4                                             11.21%    passed     40.57%
   3  Capillidium_pumilum_ARSEF_79                                    70.09%    passed     97.98%
   4  Colletotrichum_graminicola_M1.001                               11.68%    passed     90.42%
   5  Colletotrichum_higginsianum_IMI_349063                          12.85%    passed     99.57%
   6  Fusarium_graminearum_PH-1                                       20.79%    passed     88.20%
   7  Gilbertella_persicaria_var_persicaria_CBS_190.32-T.Gilper1.v1   27.80%    passed     98.47%
   8  Mortierella_elongata_AG-77                                      23.83%    passed     98.68%
   9  Mucor_mucedo_NRRL_3635                                          28.04%    passed     97.33%
  10  Neoconidiobolus_thromboides_FSU_785.Conth1.v1                   23.36%    passed     67.46%
  11  Phycomyces_blakesleeanus_NRRL_1555.Phybl2.v2                    28.74%    passed     93.64%
  12  Rhizopus_stolonifer_NRRL_66455                                  28.04%    passed     97.76%
  13  Trichoderma_harzianum_CBS_226.95                                10.05%    passed     34.55%
  14  Umbelopsis_ramanniana_NRRL_5844.Umbra1.v1                       26.64%    passed    100.00%
  15  Ustilago_maydis                                                 23.83%    passed     62.10%
  16  Zoophthora_radicans_ATCC_208865                                 21.26%    passed     98.56%
  17  Zymoseptoria_tritici_IP0323                                     10.05%    passed     91.04%
WARNING: 1 sequences contain more than 50% gaps/ambiguity
****  TOTAL                                                           23.80%  0 sequences failed composition chi2 test (p-value<5%; df=19)
Checking for duplicate sequences: done in 8.58307e-05 secs using 87.38% CPU


Create initial parsimony tree by phylogenetic likelihood library (PLL)... 0.004 seconds
Perform fast likelihood tree search using LG+I+G model...
Estimate model parameters (epsilon = 5.000)
Perform nearest neighbor interchange...
Optimizing NNI: done in 0.181991 secs using 198.8% CPU
Estimate model parameters (epsilon = 1.000)
1. Initial log-likelihood: -8879.012
Optimal log-likelihood: -8878.073
Proportion of invariable sites: 0.044
Gamma shape alpha: 0.406
Parameters optimization took 1 rounds (0.079 sec)
Time for fast ML tree search: 0.516 seconds

NOTE: ModelFinder requires 12 MB RAM!
ModelFinder will test up to 1232 protein models (sample size: 428) ...
 No. Model         -LnL         df  AIC          AICc         BIC
  1  LG            9903.035     31  19868.071    19873.081    19993.903
  2  LG+I          9558.172     32  19180.345    19185.692    19310.237
  3  LG+G4         8874.863     32  17813.727    17819.074    17943.619
  4  LG+I+G4       8875.187     33  17816.374    17822.070    17950.325
  5  LG+R2         8962.934     33  17991.868    17997.563    18125.819
  6  LG+R3         8939.952     35  17949.904    17956.332    18091.973
  7  LG+R4         8897.370     37  17868.741    17875.951    18018.928
  8  LG+R5         8857.304     39  17792.608    17800.649    17950.914
  9  LG+R6         8855.329     41  17792.658    17801.581    17959.082
 14  LG+I+R2       8891.064     34  17850.128    17856.184    17988.139
 15  LG+I+R3       8874.147     36  17820.294    17827.107    17966.422
 16  LG+I+R4       8858.300     38  17792.601    17800.221    17946.848
 17  LG+I+R5       8857.598     40  17795.196    17803.671    17957.561
 25  LG+F+G4       8825.448     51  17752.895    17767.002    17959.910
 26  LG+F+I+G4     8826.183     52  17756.365    17771.064    17967.440
 30  LG+F+R5       8809.176     58  17734.353    17752.900    17969.782
 38  LG+F+I+R4     8809.290     57  17732.579    17750.449    17963.949
 47  WAG+G4        8880.191     32  17824.382    17829.729    17954.274
 48  WAG+I+G4      8880.542     33  17827.083    17832.778    17961.034
 52  WAG+R5        8866.450     39  17810.900    17818.941    17969.206
 60  WAG+I+R4      8869.887     38  17815.774    17823.394    17970.021
 69  WAG+F+G4      8828.570     51  17759.139    17773.246    17966.155
 70  WAG+F+I+G4    8828.665     52  17761.330    17776.029    17972.405
 74  WAG+F+R5      8813.984     58  17743.968    17762.516    17979.397
 82  WAG+F+I+R4    8817.958     57  17749.916    17767.786    17981.286
 91  JTT+G4        8928.331     32  17920.662    17926.009    18050.554
 92  JTT+I+G4      8928.241     33  17922.482    17928.177    18056.433
 96  JTT+R5        8908.287     39  17894.575    17902.616    18052.880
104  JTT+I+R4      8909.925     38  17895.851    17903.470    18050.098
113  JTT+F+G4      8871.707     51  17845.413    17859.520    18052.429
114  JTT+F+I+G4    8872.144     52  17848.287    17862.986    18059.361
118  JTT+F+R5      8855.278     58  17826.556    17845.103    18061.985
126  JTT+F+I+R4    8857.957     57  17829.914    17847.785    18061.284
WARNING: Normalizing state frequencies so that sum of them equals to 1
135  Q.pfam+G4     8881.940     32  17827.880    17833.227    17957.772
WARNING: Normalizing state frequencies so that sum of them equals to 1
136  Q.pfam+I+G4   8882.901     33  17831.803    17837.498    17965.754
WARNING: Normalizing state frequencies so that sum of them equals to 1
140  Q.pfam+R5     8861.921     39  17801.843    17809.884    17960.148
WARNING: Normalizing state frequencies so that sum of them equals to 1
148  Q.pfam+I+R4   8867.035     38  17810.070    17817.689    17964.316
WARNING: Normalizing state frequencies so that sum of them equals to 1
157  Q.pfam+F+G4   8821.161     51  17744.323    17758.429    17951.338
WARNING: Normalizing state frequencies so that sum of them equals to 1
158  Q.pfam+F+I+G4 8821.949     52  17747.899    17762.598    17958.973
WARNING: Normalizing state frequencies so that sum of them equals to 1
162  Q.pfam+F+R5   8803.123     58  17722.246    17740.793    17957.675
WARNING: Normalizing state frequencies so that sum of them equals to 1
170  Q.pfam+F+I+R4 8807.246     57  17728.493    17746.363    17959.863
WARNING: Normalizing state frequencies so that sum of them equals to 1
179  Q.bird+G4     9087.708     32  18239.415    18244.762    18369.307
WARNING: Normalizing state frequencies so that sum of them equals to 1
180  Q.bird+I+G4   9088.215     33  18242.429    18248.125    18376.380
WARNING: Normalizing state frequencies so that sum of them equals to 1
184  Q.bird+R5     9063.781     39  18205.563    18213.604    18363.869
WARNING: Normalizing state frequencies so that sum of them equals to 1
192  Q.bird+I+R4   9065.925     38  18207.850    18215.469    18362.096
WARNING: Normalizing state frequencies so that sum of them equals to 1
201  Q.bird+F+G4   9006.494     51  18114.988    18129.094    18322.003
WARNING: Normalizing state frequencies so that sum of them equals to 1
202  Q.bird+F+I+G4 9007.049     52  18118.097    18132.796    18329.172
WARNING: Normalizing state frequencies so that sum of them equals to 1
206  Q.bird+F+R5   8986.508     58  18089.015    18107.563    18324.444
WARNING: Normalizing state frequencies so that sum of them equals to 1
214  Q.bird+F+I+R4 8986.307     57  18086.615    18104.485    18317.985
WARNING: Normalizing state frequencies so that sum of them equals to 1
223  Q.mammal+G4   9041.948     32  18147.897    18153.244    18277.789
WARNING: Normalizing state frequencies so that sum of them equals to 1
224  Q.mammal+I+G4 9043.031     33  18152.061    18157.756    18286.012
WARNING: Normalizing state frequencies so that sum of them equals to 1
228  Q.mammal+R5   9015.881     39  18109.763    18117.804    18268.069
WARNING: Normalizing state frequencies so that sum of them equals to 1
236  Q.mammal+I+R4 9013.872     38  18103.743    18111.363    18257.990
WARNING: Normalizing state frequencies so that sum of them equals to 1
245  Q.mammal+F+G4 8946.336     51  17994.672    18008.779    18201.687
WARNING: Normalizing state frequencies so that sum of them equals to 1
246  Q.mammal+F+I+G4 8946.911     52  17997.822    18012.521    18208.897
WARNING: Normalizing state frequencies so that sum of them equals to 1
250  Q.mammal+F+R5 8923.964     58  17963.927    17982.475    18199.356
WARNING: Normalizing state frequencies so that sum of them equals to 1
258  Q.mammal+F+I+R4 8919.546     57  17953.092    17970.962    18184.462
267  Q.insect+G4   8893.432     32  17850.864    17856.211    17980.756
268  Q.insect+I+G4 8893.727     33  17853.454    17859.150    17987.405
272  Q.insect+R5   8876.491     39  17830.983    17839.024    17989.289
280  Q.insect+I+R4 8880.920     38  17837.841    17845.460    17992.088
289  Q.insect+F+G4 8827.021     51  17756.042    17770.149    17963.057
290  Q.insect+F+I+G4 8827.305     52  17758.609    17773.308    17969.684
294  Q.insect+F+R5 8811.217     58  17738.434    17756.982    17973.864
302  Q.insect+F+I+R4 8814.020     57  17742.040    17759.910    17973.410
WARNING: Normalizing state frequencies so that sum of them equals to 1
311  Q.plant+G4    8970.519     32  18005.038    18010.385    18134.930
WARNING: Normalizing state frequencies so that sum of them equals to 1
312  Q.plant+I+G4  8970.584     33  18007.168    18012.863    18141.119
WARNING: Normalizing state frequencies so that sum of them equals to 1
316  Q.plant+R5    8982.977     39  18043.953    18051.994    18202.259
WARNING: Normalizing state frequencies so that sum of them equals to 1
324  Q.plant+I+R4  8961.638     38  17999.277    18006.897    18153.524
WARNING: Normalizing state frequencies so that sum of them equals to 1
333  Q.plant+F+G4  8914.566     51  17931.132    17945.238    18138.147
WARNING: Normalizing state frequencies so that sum of them equals to 1
334  Q.plant+F+I+G4 8914.621     52  17933.242    17947.940    18144.316
WARNING: Normalizing state frequencies so that sum of them equals to 1
338  Q.plant+F+R5  8932.457     58  17980.914    17999.462    18216.343
WARNING: Normalizing state frequencies so that sum of them equals to 1
346  Q.plant+F+I+R4 8907.229     57  17928.458    17946.329    18159.828
WARNING: Normalizing state frequencies so that sum of them equals to 1
355  Q.yeast+G4    8909.724     32  17883.449    17888.796    18013.341
WARNING: Normalizing state frequencies so that sum of them equals to 1
356  Q.yeast+I+G4  8909.959     33  17885.918    17891.613    18019.869
WARNING: Normalizing state frequencies so that sum of them equals to 1
360  Q.yeast+R5    8914.754     39  17907.507    17915.548    18065.813
WARNING: Normalizing state frequencies so that sum of them equals to 1
368  Q.yeast+I+R4  8899.980     38  17875.960    17883.579    18030.207
WARNING: Normalizing state frequencies so that sum of them equals to 1
377  Q.yeast+F+G4  8820.077     51  17742.154    17756.260    17949.169
WARNING: Normalizing state frequencies so that sum of them equals to 1
378  Q.yeast+F+I+G4 8820.258     52  17744.515    17759.214    17955.590
WARNING: Normalizing state frequencies so that sum of them equals to 1
382  Q.yeast+F+R5  8827.067     58  17770.135    17788.682    18005.564
WARNING: Normalizing state frequencies so that sum of them equals to 1
390  Q.yeast+F+I+R4 8809.833     57  17733.665    17751.535    17965.035
399  JTTDCMut+G4   8928.333     32  17920.667    17926.013    18050.559
400  JTTDCMut+I+G4 8928.258     33  17922.517    17928.212    18056.468
404  JTTDCMut+R5   8908.352     39  17894.704    17902.745    18053.010
412  JTTDCMut+I+R4 8909.967     38  17895.934    17903.553    18050.181
421  JTTDCMut+F+G4 8871.716     51  17845.433    17859.539    18052.448
422  JTTDCMut+F+I+G4 8872.189     52  17848.378    17863.077    18059.453
426  JTTDCMut+F+R5 8855.672     58  17827.344    17845.891    18062.773
434  JTTDCMut+F+I+R4 8858.132     57  17830.265    17848.135    18061.635
443  DCMut+G4      8950.000     32  17964.000    17969.347    18093.892
444  DCMut+I+G4    8950.634     33  17967.269    17972.964    18101.220
448  DCMut+R5      8961.650     39  18001.301    18009.342    18159.607
456  DCMut+I+R4    8944.791     38  17965.583    17973.202    18119.829
465  DCMut+F+G4    8867.303     51  17836.606    17850.712    18043.621
466  DCMut+F+I+G4  8867.670     52  17839.340    17854.039    18050.415
470  DCMut+F+R5    8886.116     58  17888.231    17906.779    18123.660
478  DCMut+F+I+R4  8866.966     57  17847.932    17865.802    18079.302
487  VT+G4         8859.055     32  17782.111    17787.457    17912.003
488  VT+I+G4       8859.791     33  17785.583    17791.278    17919.534
492  VT+R5         8842.738     39  17763.476    17771.518    17921.782
500  VT+I+R4       8844.482     38  17764.965    17772.584    17919.211
509  VT+F+G4       8808.636     51  17719.273    17733.379    17926.288
510  VT+F+I+G4     8809.353     52  17722.707    17737.406    17933.781
514  VT+F+R5       8792.334     58  17700.668    17719.216    17936.098
522  VT+F+I+R4     8793.756     57  17701.512    17719.383    17932.882
531  PMB+G4        8893.067     32  17850.134    17855.481    17980.026
532  PMB+I+G4      8893.693     33  17853.385    17859.081    17987.336
536  PMB+R5        8879.112     39  17836.223    17844.264    17994.529
544  PMB+I+R4      8882.890     38  17841.780    17849.400    17996.027
553  PMB+F+G4      8813.347     51  17728.693    17742.800    17935.708
554  PMB+F+I+G4    8814.031     52  17732.062    17746.761    17943.136
558  PMB+F+R5      8797.777     58  17711.554    17730.101    17946.983
566  PMB+F+I+R4    8799.794     57  17713.587    17731.457    17944.957
575  Blosum62+G4   8856.668     32  17777.335    17782.682    17907.227
576  Blosum62+I+G4 8857.392     33  17780.784    17786.479    17914.735
580  Blosum62+R5   8856.197     39  17790.395    17798.436    17948.701
588  Blosum62+I+R4 8847.222     38  17770.444    17778.063    17924.691
597  Blosum62+F+G4 8805.833     51  17713.666    17727.772    17920.681
598  Blosum62+F+I+G4 8806.541     52  17717.082    17731.781    17928.157
602  Blosum62+F+R5 8793.177     58  17702.354    17720.902    17937.784
610  Blosum62+F+I+R4 8794.201     57  17702.401    17720.271    17933.771
619  Dayhoff+G4    8950.827     32  17965.654    17971.001    18095.546
620  Dayhoff+I+G4  8951.053     33  17968.106    17973.801    18102.057
624  Dayhoff+R5    8962.294     39  18002.587    18010.629    18160.893
632  Dayhoff+I+R4  8945.720     38  17967.440    17975.060    18121.687
641  Dayhoff+F+G4  8867.819     51  17837.638    17851.744    18044.653
642  Dayhoff+F+I+G4 8868.133     52  17840.266    17854.965    18051.341
646  Dayhoff+F+R5  8889.042     58  17894.085    17912.632    18129.514
654  Dayhoff+F+I+R4 8868.541     57  17851.081    17868.952    18082.452
663  mtREV+G4      9434.763     32  18933.525    18938.872    19063.417
664  mtREV+I+G4    9435.393     33  18936.787    18942.482    19070.738
668  mtREV+R5      9437.551     39  18953.102    18961.143    19111.408
676  mtREV+I+R4    9422.737     38  18921.474    18929.093    19075.721
685  mtREV+F+G4    8964.738     51  18031.476    18045.582    18238.491
686  mtREV+F+I+G4  8965.089     52  18034.179    18048.878    18245.253
690  mtREV+F+R5    8956.268     58  18028.536    18047.083    18263.965
698  mtREV+F+I+R4  8960.481     57  18034.962    18052.832    18266.332
707  mtART+G4      9446.283     32  18956.566    18961.913    19086.458
708  mtART+I+G4    9447.240     33  18960.479    18966.175    19094.430
712  mtART+R5      9432.261     39  18942.523    18950.564    19100.829
720  mtART+I+R4    9431.514     38  18939.028    18946.647    19093.274
729  mtART+F+G4    8965.972     51  18033.943    18048.049    18240.958
730  mtART+F+I+G4  8966.239     52  18036.479    18051.177    18247.553
734  mtART+F+R5    8978.200     58  18072.400    18090.947    18307.829
742  mtART+F+I+R4  8992.001     57  18098.002    18115.873    18329.372
751  mtZOA+G4      9330.945     32  18725.890    18731.237    18855.782
752  mtZOA+I+G4    9331.438     33  18728.876    18734.571    18862.827
756  mtZOA+R5      9314.030     39  18706.060    18714.101    18864.366
764  mtZOA+I+R4    9312.121     38  18700.242    18707.861    18854.488
773  mtZOA+F+G4    8929.660     51  17961.320    17975.426    18168.335
774  mtZOA+F+I+G4  8929.792     52  17963.584    17978.282    18174.658
778  mtZOA+F+R5    8970.688     58  18057.377    18075.924    18292.806
786  mtZOA+F+I+R4  8938.329     57  17990.658    18008.528    18222.028
795  mtMet+G4      9404.480     32  18872.959    18878.306    19002.851
796  mtMet+I+G4    9404.770     33  18875.540    18881.236    19009.491
800  mtMet+R5      9384.704     39  18847.408    18855.449    19005.713
808  mtMet+I+R4    9388.364     38  18852.728    18860.348    19006.975
817  mtMet+F+G4    8956.951     51  18015.901    18030.008    18222.917
818  mtMet+F+I+G4  8956.939     52  18017.878    18032.577    18228.953
822  mtMet+F+R5    8949.339     58  18014.678    18033.225    18250.107
830  mtMet+F+I+R4  8950.917     57  18015.835    18033.705    18247.205
839  mtVer+G4      9554.156     32  19172.313    19177.660    19302.205
840  mtVer+I+G4    9554.343     33  19174.687    19180.382    19308.638
844  mtVer+R5      9531.958     39  19141.916    19149.957    19300.221
852  mtVer+I+R4    9539.720     38  19155.441    19163.060    19309.687
861  mtVer+F+G4    9061.959     51  18225.918    18240.024    18432.933
862  mtVer+F+I+G4  9061.955     52  18227.911    18242.609    18438.985
866  mtVer+F+R5    9114.695     58  18345.390    18363.937    18580.819
874  mtVer+F+I+R4  9079.964     57  18273.928    18291.798    18505.298
883  mtInv+G4      9430.074     32  18924.148    18929.495    19054.040
884  mtInv+I+G4    9430.534     33  18927.069    18932.764    19061.020
888  mtInv+R5      9424.632     39  18927.263    18935.305    19085.569
896  mtInv+I+R4    9413.762     38  18903.524    18911.144    19057.771
905  mtInv+F+G4    8897.289     51  17896.577    17910.684    18103.593
906  mtInv+F+I+G4  8897.323     52  17898.646    17913.344    18109.720
910  mtInv+F+R5    8887.990     58  17891.979    17910.527    18127.408
918  mtInv+F+I+R4  8887.817     57  17889.634    17907.504    18121.004
927  mtMAM+G4      9610.057     32  19284.115    19289.462    19414.007
928  mtMAM+I+G4    9603.790     33  19273.580    19279.276    19407.531
932  mtMAM+R5      9585.419     39  19248.838    19256.879    19407.144
940  mtMAM+I+R4    9582.337     38  19240.673    19248.293    19394.920
949  mtMAM+F+G4    9118.164     51  18338.329    18352.435    18545.344
950  mtMAM+F+I+G4  9118.442     52  18340.883    18355.582    18551.958
954  mtMAM+F+R5    9131.380     58  18378.761    18397.308    18614.190
962  mtMAM+F+I+R4  9114.111     57  18342.223    18360.093    18573.593
WARNING: Normalizing state frequencies so that sum of them equals to 1
971  FLAVI+G4      9218.200     32  18500.401    18505.748    18630.293
WARNING: Normalizing state frequencies so that sum of them equals to 1
972  FLAVI+I+G4    9218.642     33  18503.283    18508.979    18637.234
WARNING: Normalizing state frequencies so that sum of them equals to 1
976  FLAVI+R5      9203.403     39  18484.807    18492.848    18643.112
WARNING: Normalizing state frequencies so that sum of them equals to 1
984  FLAVI+I+R4    9186.959     38  18449.917    18457.537    18604.164
WARNING: Normalizing state frequencies so that sum of them equals to 1
993  FLAVI+F+G4    9104.675     51  18311.349    18325.456    18518.365
WARNING: Normalizing state frequencies so that sum of them equals to 1
994  FLAVI+F+I+G4  9104.267     52  18312.534    18327.233    18523.608
WARNING: Normalizing state frequencies so that sum of them equals to 1
998  FLAVI+F+R5    9109.070     58  18334.141    18352.688    18569.570
WARNING: Normalizing state frequencies so that sum of them equals to 1
1006  FLAVI+F+I+R4  9110.043     57  18334.086    18351.956    18565.456
1015  HIVb+G4       9170.663     32  18405.327    18410.674    18535.219
1016  HIVb+I+G4     9171.039     33  18408.078    18413.773    18542.029
1020  HIVb+R5       9150.378     39  18378.757    18386.798    18537.063
1028  HIVb+I+R4     9147.724     38  18371.449    18379.068    18525.695
1037  HIVb+F+G4     9021.748     51  18145.495    18159.602    18352.510
1038  HIVb+F+I+G4   9022.095     52  18148.191    18162.890    18359.265
1042  HIVb+F+R5     9007.758     58  18131.517    18150.064    18366.946
1050  HIVb+F+I+R4   9005.900     57  18125.801    18143.671    18357.171
1059  HIVw+G4       9426.859     32  18917.719    18923.066    19047.611
1060  HIVw+I+G4     9427.040     33  18920.080    18925.776    19054.031
1064  HIVw+R5       9471.398     39  19020.795    19028.836    19179.101
1072  HIVw+I+R4     9429.537     38  18935.074    18942.693    19089.320
1081  HIVw+F+G4     9149.105     51  18400.210    18414.316    18607.225
1082  HIVw+F+I+G4   9149.055     52  18402.110    18416.809    18613.184
1086  HIVw+F+R5     9201.066     58  18518.133    18536.680    18753.562
1094  HIVw+F+I+R4   9152.874     57  18419.748    18437.619    18651.118
1103  FLU+G4        9134.207     32  18332.413    18337.760    18462.305
1104  FLU+I+G4      9134.573     33  18335.147    18340.842    18469.098
1108  FLU+R5        9127.926     39  18333.851    18341.892    18492.157
1116  FLU+I+R4      9128.248     38  18332.496    18340.115    18486.742
1125  FLU+F+G4      8980.189     51  18062.377    18076.484    18269.392
1126  FLU+F+I+G4    8980.264     52  18064.529    18079.227    18275.603
1130  FLU+F+R5      9025.059     58  18166.118    18184.665    18401.547
1138  FLU+F+I+R4    8985.705     57  18085.411    18103.281    18316.781
1147  rtREV+G4      8986.552     32  18037.104    18042.451    18166.996
1148  rtREV+I+G4    8987.032     33  18040.064    18045.760    18174.015
1152  rtREV+R5      8984.730     39  18047.461    18055.502    18205.766
1160  rtREV+I+R4    8970.598     38  18017.196    18024.815    18171.442
1169  rtREV+F+G4    8817.722     51  17737.444    17751.550    17944.459
1170  rtREV+F+I+G4  8818.066     52  17740.132    17754.830    17951.206
1174  rtREV+F+R5    8816.916     58  17749.831    17768.379    17985.260
1182  rtREV+F+I+R4  8801.706     57  17717.413    17735.283    17948.783
1191  cpREV+G4      8994.879     32  18053.758    18059.105    18183.650
1192  cpREV+I+G4    8995.399     33  18056.799    18062.494    18190.750
1196  cpREV+R5      9002.640     39  18083.279    18091.320    18241.585
1204  cpREV+I+R4    8988.702     38  18053.404    18061.024    18207.651
1213  cpREV+F+G4    8870.648     51  17843.296    17857.402    18050.311
1214  cpREV+F+I+G4  8871.025     52  17846.051    17860.749    18057.125
1218  cpREV+F+R5    8884.839     58  17885.678    17904.225    18121.107
1226  cpREV+F+I+R4  8864.536     57  17843.073    17860.943    18074.443
Akaike Information Criterion:           VT+F+R5
Corrected Akaike Information Criterion: VT+F+R5
Bayesian Information Criterion:         Blosum62+G4
Best-fit model: Blosum62+G4 chosen according to BIC

All model information printed to FungalCW_tree_20231129/334424at4751.aa.mfa.model.gz
CPU time for ModelFinder: 542.667 seconds (0h:9m:2s)
Wall-clock time for ModelFinder: 273.645 seconds (0h:4m:33s)
Generating 1000 samples for ultrafast bootstrap (seed: 54257)...

NOTE: 5 MB RAM (0 GB) is required!
Estimate model parameters (epsilon = 0.100)
1. Initial log-likelihood: -8856.668
Optimal log-likelihood: -8856.664
Gamma shape alpha: 0.458
Parameters optimization took 1 rounds (0.034 sec)
Wrote distance file to... 
Computing ML distances based on estimated model parameters...
Calculating distance matrix: done in 0.0329821 secs using 199.3% CPU
Computing ML distances took 0.033175 sec (of wall-clock time) 0.066099 sec (of CPU time)
Setting up auxiliary I and S matrices: done in 5.79357e-05 secs using 196.8% CPU
Constructing RapidNJ tree: done in 0.000257015 secs using 199.6% CPU
Computing RapidNJ tree took 0.000399 sec (of wall-clock time) 0.000794 sec (of CPU time)
Log-likelihood of RapidNJ tree: -8894.827
--------------------------------------------------------------------
|             INITIALIZING CANDIDATE TREE SET                      |
--------------------------------------------------------------------
Generating 98 parsimony trees... 0.306 second
Computing log-likelihood of 98 initial trees ... 1.201 seconds
Current best score: -8856.664

Do NNI search on 20 best initial trees
Optimizing NNI: done in 0.051496 secs using 199% CPU
Estimate model parameters (epsilon = 0.100)
BETTER TREE FOUND at iteration 1: -8856.664
Optimizing NNI: done in 0.168324 secs using 199% CPU
Optimizing NNI: done in 0.148647 secs using 197.8% CPU
Optimizing NNI: done in 0.219531 secs using 199.1% CPU
Optimizing NNI: done in 0.192297 secs using 196.5% CPU
Optimizing NNI: done in 0.193135 secs using 198% CPU
Optimizing NNI: done in 0.219267 secs using 197.2% CPU
Optimizing NNI: done in 0.144054 secs using 197.5% CPU
Optimizing NNI: done in 0.222887 secs using 199.3% CPU
Optimizing NNI: done in 0.251121 secs using 198.7% CPU
Iteration 10 / LogL: -8856.883 / Time: 0h:0m:3s
Optimizing NNI: done in 0.230081 secs using 199.1% CPU
Optimizing NNI: done in 0.248332 secs using 197.9% CPU
Optimizing NNI: done in 0.226618 secs using 198.7% CPU
Optimizing NNI: done in 0.209713 secs using 199.1% CPU
Optimizing NNI: done in 0.226695 secs using 197.7% CPU
Optimizing NNI: done in 0.156246 secs using 198.4% CPU
Optimizing NNI: done in 0.236906 secs using 198.7% CPU
Optimizing NNI: done in 0.279989 secs using 199% CPU
Optimizing NNI: done in 0.25773 secs using 197.9% CPU
Optimizing NNI: done in 0.195894 secs using 198.4% CPU
Iteration 20 / LogL: -8856.820 / Time: 0h:0m:5s
Finish initializing candidate tree set (2)
Current best tree score: -8856.664 / CPU time: 5.689
Number of iterations: 20
--------------------------------------------------------------------
|               OPTIMIZING CANDIDATE TREE SET                      |
--------------------------------------------------------------------
Optimizing NNI: done in 0.202841 secs using 198% CPU
Optimizing NNI: done in 0.274931 secs using 198.3% CPU
Optimizing NNI: done in 0.183511 secs using 197.8% CPU
Optimizing NNI: done in 0.217603 secs using 198% CPU
Optimizing NNI: done in 0.220446 secs using 198.5% CPU
Optimizing NNI: done in 0.264823 secs using 198.7% CPU
Optimizing NNI: done in 0.142493 secs using 198.7% CPU
Optimizing NNI: done in 0.256258 secs using 199.2% CPU
Optimizing NNI: done in 0.257527 secs using 197.9% CPU
Optimizing NNI: done in 0.153219 secs using 198.4% CPU
Iteration 30 / LogL: -8857.562 / Time: 0h:0m:8s (0h:0m:20s left)
Optimizing NNI: done in 0.271323 secs using 198% CPU
Optimizing NNI: done in 0.18825 secs using 196.9% CPU
Optimizing NNI: done in 0.255896 secs using 198.3% CPU
Optimizing NNI: done in 0.20594 secs using 197.6% CPU
Optimizing NNI: done in 0.154322 secs using 199% CPU
Optimizing NNI: done in 0.158648 secs using 197.9% CPU
Optimizing NNI: done in 0.148761 secs using 199.3% CPU
Optimizing NNI: done in 0.259564 secs using 198.6% CPU
Optimizing NNI: done in 0.265994 secs using 198.3% CPU
Optimizing NNI: done in 0.154705 secs using 197.7% CPU
Iteration 40 / LogL: -8856.701 / Time: 0h:0m:10s (0h:0m:16s left)
Optimizing NNI: done in 0.226237 secs using 198.6% CPU
Optimizing NNI: done in 0.197036 secs using 198.5% CPU
Optimizing NNI: done in 0.20297 secs using 198.5% CPU
Optimizing NNI: done in 0.239261 secs using 197.8% CPU
Optimizing NNI: done in 0.211996 secs using 196.7% CPU
Optimizing NNI: done in 0.195536 secs using 198.8% CPU
Optimizing NNI: done in 0.253646 secs using 199.1% CPU
Optimizing NNI: done in 0.193858 secs using 198.9% CPU
Optimizing NNI: done in 0.140527 secs using 198.9% CPU
Optimizing NNI: done in 0.200351 secs using 198.5% CPU
Iteration 50 / LogL: -8857.094 / Time: 0h:0m:12s (0h:0m:13s left)
Log-likelihood cutoff on original alignment: -8896.379
Optimizing NNI: done in 0.0919001 secs using 199% CPU
Optimizing NNI: done in 0.202437 secs using 198% CPU
Optimizing NNI: done in 0.17729 secs using 199% CPU
Optimizing NNI: done in 0.111477 secs using 199% CPU
Optimizing NNI: done in 0.248272 secs using 198.6% CPU
Optimizing NNI: done in 0.165279 secs using 198.5% CPU
Optimizing NNI: done in 0.223174 secs using 199.4% CPU
Optimizing NNI: done in 0.248185 secs using 198.7% CPU
Optimizing NNI: done in 0.238792 secs using 197.4% CPU
Optimizing NNI: done in 0.284173 secs using 197.6% CPU
Iteration 60 / LogL: -8857.096 / Time: 0h:0m:14s (0h:0m:10s left)
Optimizing NNI: done in 0.247556 secs using 198.9% CPU
Optimizing NNI: done in 0.201432 secs using 198.4% CPU
Optimizing NNI: done in 0.207226 secs using 198.1% CPU
Optimizing NNI: done in 0.166929 secs using 198.9% CPU
Optimizing NNI: done in 0.20842 secs using 198.5% CPU
Optimizing NNI: done in 0.179191 secs using 198.9% CPU
Optimizing NNI: done in 0.230939 secs using 199% CPU
Optimizing NNI: done in 0.164121 secs using 198.4% CPU
Optimizing NNI: done in 0.145247 secs using 199.1% CPU
Optimizing NNI: done in 0.210111 secs using 198.1% CPU
Iteration 70 / LogL: -8856.768 / Time: 0h:0m:16s (0h:0m:7s left)
Optimizing NNI: done in 0.274167 secs using 198.3% CPU
Optimizing NNI: done in 0.24664 secs using 198.6% CPU
Optimizing NNI: done in 0.223523 secs using 198.6% CPU
Optimizing NNI: done in 0.273462 secs using 198.3% CPU
Optimizing NNI: done in 0.238313 secs using 198.7% CPU
Optimizing NNI: done in 0.221686 secs using 198.6% CPU
Optimizing NNI: done in 0.168597 secs using 198.5% CPU
Optimizing NNI: done in 0.318337 secs using 198.8% CPU
Optimizing NNI: done in 0.244976 secs using 199% CPU
Optimizing NNI: done in 0.160336 secs using 198.5% CPU
Iteration 80 / LogL: -8856.997 / Time: 0h:0m:19s (0h:0m:5s left)
Optimizing NNI: done in 0.24375 secs using 198.3% CPU
Optimizing NNI: done in 0.187587 secs using 198.9% CPU
Optimizing NNI: done in 0.223105 secs using 197.8% CPU
Optimizing NNI: done in 0.221065 secs using 199.4% CPU
Optimizing NNI: done in 0.184268 secs using 198.4% CPU
Optimizing NNI: done in 0.164121 secs using 196.5% CPU
Optimizing NNI: done in 0.107408 secs using 198.5% CPU
Optimizing NNI: done in 0.244205 secs using 198.6% CPU
Optimizing NNI: done in 0.257099 secs using 198.6% CPU
Optimizing NNI: done in 0.207502 secs using 198.6% CPU
Iteration 90 / LogL: -8856.845 / Time: 0h:0m:21s (0h:0m:2s left)
Optimizing NNI: done in 0.225661 secs using 199% CPU
Optimizing NNI: done in 0.224366 secs using 198.1% CPU
Optimizing NNI: done in 0.216637 secs using 198.4% CPU
Optimizing NNI: done in 0.191421 secs using 199.3% CPU
Optimizing NNI: done in 0.18878 secs using 198.5% CPU
Optimizing NNI: done in 0.264418 secs using 198.7% CPU
Optimizing NNI: done in 0.139157 secs using 198.2% CPU
Optimizing NNI: done in 0.252683 secs using 198.2% CPU
Optimizing NNI: done in 0.205441 secs using 198.6% CPU
Optimizing NNI: done in 0.161228 secs using 198.4% CPU
Iteration 100 / LogL: -8856.862 / Time: 0h:0m:23s (0h:0m:0s left)
Log-likelihood cutoff on original alignment: -8895.111
NOTE: Bootstrap correlation coefficient of split occurrence frequencies: 1.000
Optimizing NNI: done in 0.248741 secs using 199% CPU
Optimizing NNI: done in 0.141598 secs using 197.6% CPU
TREE SEARCH COMPLETED AFTER 102 ITERATIONS / Time: 0h:0m:24s

--------------------------------------------------------------------
|                    FINALIZING TREE SEARCH                        |
--------------------------------------------------------------------
Performs final model parameters optimization
Estimate model parameters (epsilon = 0.010)
1. Initial log-likelihood: -8856.664
Optimal log-likelihood: -8856.664
Gamma shape alpha: 0.458
Parameters optimization took 1 rounds (0.034 sec)
BEST SCORE FOUND : -8856.664

Testing tree branches by SH-like aLRT with 1000 replicates...
0.123 sec.
Creating bootstrap support values...
Split supports printed to NEXUS file FungalCW_tree_20231129/334424at4751.aa.mfa.splits.nex
Total tree length: 15.632

Total number of iterations: 102
CPU time used for tree search: 47.118 sec (0h:0m:47s)
Wall-clock time used for tree search: 23.854 sec (0h:0m:23s)
Total CPU time used: 48.081 sec (0h:0m:48s)
Total wall-clock time used: 24.408 sec (0h:0m:24s)

Computing bootstrap consensus tree...
Reading input file FungalCW_tree_20231129/334424at4751.aa.mfa.splits.nex...
17 taxa and 90 splits.
Consensus tree written to FungalCW_tree_20231129/334424at4751.aa.mfa.contree
Reading input trees file FungalCW_tree_20231129/334424at4751.aa.mfa.contree
Log-likelihood of consensus tree: -8856.664

Analysis results written to: 
  IQ-TREE report:                FungalCW_tree_20231129/334424at4751.aa.mfa.iqtree
  Maximum-likelihood tree:       FungalCW_tree_20231129/334424at4751.aa.mfa.treefile
  Likelihood distances:          FungalCW_tree_20231129/334424at4751.aa.mfa.mldist

Ultrafast bootstrap approximation results written to:
  Split support values:          FungalCW_tree_20231129/334424at4751.aa.mfa.splits.nex
  Consensus tree:                FungalCW_tree_20231129/334424at4751.aa.mfa.contree
  Screen log file:               FungalCW_tree_20231129/334424at4751.aa.mfa.log

Date and Time: Wed Nov 29 01:43:03 2023
