IQ-TREE multicore version 2.2.2.6 COVID-edition for Linux 64-bit built May 27 2023
Developed by Bui Quang Minh, James Barbetti, Nguyen Lam Tung,
Olga Chernomor, Heiko Schmidt, Dominik Schrempf, Michael Woodhams, Ly Trong Nhan.

Host:    i24 (AVX2, FMA3, 503 GB RAM)
Command: iqtree2 -s FungalCW_tree_20231129/335719at4751.aa.mfa -gz -B 1000 -alrt 1000 -nt 2
Seed:    205354 (Using SPRNG - Scalable Parallel Random Number Generator)
Time:    Wed Nov 29 01:38:05 2023
Kernel:  AVX+FMA - 2 threads (2 CPU cores detected)

Reading alignment file FungalCW_tree_20231129/335719at4751.aa.mfa ... Fasta format detected
Reading fasta file: done in 0.000159979 secs
Alignment most likely contains protein sequences
Constructing alignment: done in 0.000690937 secs
Alignment has 17 sequences with 348 columns, 226 distinct patterns
149 parsimony-informative, 49 singleton sites, 150 constant sites
                                                               Gap/Ambiguity  Composition  p-value
Analyzing sequences: done in 2.38419e-05 secs using 201.3% CPU
   1  Basidiobolus_meristosporus_CBS_931.73.Basme2finSC.v1             8.33%    passed     80.12%
   2  Botrytis_cinerea_T4                                             12.64%    passed     99.18%
   3  Colletotrichum_graminicola_M1.001                               13.22%    passed     99.89%
   4  Colletotrichum_higginsianum_IMI_349063                          13.22%    passed     99.60%
   5  Fusarium_graminearum_PH-1                                       13.51%    passed     99.87%
   6  Fusarium_verticillioides_7600                                   12.93%    passed     99.88%
   7  Gilbertella_persicaria_var_persicaria_CBS_190.32-T.Gilper1.v1   10.34%    passed     99.98%
   8  Mortierella_elongata_AG-77                                       9.77%    passed     69.35%
   9  Mucor_mucedo_NRRL_3635                                          10.34%    passed     99.99%
  10  Neoconidiobolus_thromboides_FSU_785.Conth1.v1                    8.05%    passed     97.80%
  11  Phycomyces_blakesleeanus_NRRL_1555.Phybl2.v2                    10.06%    passed     99.98%
  12  Rhizopus_stolonifer_NRRL_66455                                  10.92%    passed    100.00%
  13  Trichoderma_harzianum_CBS_226.95                                12.36%    passed     99.63%
  14  Umbelopsis_ramanniana_NRRL_5844.Umbra1.v1                        8.62%    passed     99.67%
  15  Ustilago_maydis                                                 14.66%    passed     99.96%
  16  Zoophthora_radicans_ATCC_208865                                 10.34%    passed     95.69%
  17  Zymoseptoria_tritici_IP0323                                     12.64%    passed     99.77%
****  TOTAL                                                           11.29%  0 sequences failed composition chi2 test (p-value<5%; df=19)
Checking for duplicate sequences: done in 7.70092e-05 secs using 201.3% CPU


Create initial parsimony tree by phylogenetic likelihood library (PLL)... 0.001 seconds
Perform fast likelihood tree search using LG+I+G model...
Estimate model parameters (epsilon = 5.000)
Perform nearest neighbor interchange...
Optimizing NNI: done in 0.061764 secs using 197.7% CPU
Estimate model parameters (epsilon = 1.000)
1. Initial log-likelihood: -4499.884
Optimal log-likelihood: -4499.671
Proportion of invariable sites: 0.229
Gamma shape alpha: 0.647
Parameters optimization took 1 rounds (0.051 sec)
Time for fast ML tree search: 0.196 seconds

NOTE: ModelFinder requires 7 MB RAM!
ModelFinder will test up to 1232 protein models (sample size: 348) ...
 No. Model         -LnL         df  AIC          AICc         BIC
  1  LG            4823.368     31  9708.736     9715.015     9828.155
  2  LG+I          4587.944     32  9239.888     9246.593     9363.158
  3  LG+G4         4504.372     32  9072.743     9079.448     9196.014
  4  LG+I+G4       4499.578     33  9065.156     9072.302     9192.278
  5  LG+R2         4531.531     33  9129.063     9136.209     9256.186
  6  LG+R3         4501.118     35  9072.237     9080.313     9207.064
  7  LG+R4         4498.770     37  9071.540     9080.611     9214.071
 14  LG+I+R2       4502.937     34  9073.874     9081.478     9204.849
 15  LG+I+R3       4499.062     36  9070.125     9078.691     9208.804
 25  LG+F+G4       4430.260     51  8962.519     8980.438     9158.982
 26  LG+F+I+G4     4426.023     52  8956.046     8974.731     9156.361
 47  WAG+G4        4521.533     32  9107.067     9113.771     9230.337
 48  WAG+I+G4      4515.384     33  9096.769     9103.915     9223.891
 69  WAG+F+G4      4458.087     51  9018.173     9036.092     9214.636
 70  WAG+F+I+G4    4453.061     52  9010.123     9028.807     9210.437
 91  JTT+G4        4546.181     32  9156.363     9163.067     9279.633
 92  JTT+I+G4      4541.157     33  9148.313     9155.460     9275.436
113  JTT+F+G4      4482.751     51  9067.503     9085.421     9263.965
114  JTT+F+I+G4    4478.064     52  9060.128     9078.813     9260.442
WARNING: Normalizing state frequencies so that sum of them equals to 1
135  Q.pfam+G4     4499.801     32  9063.601     9070.306     9186.872
WARNING: Normalizing state frequencies so that sum of them equals to 1
136  Q.pfam+I+G4   4496.175     33  9058.350     9065.496     9185.472
WARNING: Normalizing state frequencies so that sum of them equals to 1
157  Q.pfam+F+G4   4432.235     51  8966.469     8984.388     9162.932
WARNING: Normalizing state frequencies so that sum of them equals to 1
158  Q.pfam+F+I+G4 4429.415     52  8962.830     8981.515     9163.144
WARNING: Normalizing state frequencies so that sum of them equals to 1
179  Q.bird+G4     4643.326     32  9350.652     9357.357     9473.923
WARNING: Normalizing state frequencies so that sum of them equals to 1
180  Q.bird+I+G4   4637.614     33  9341.228     9348.375     9468.351
WARNING: Normalizing state frequencies so that sum of them equals to 1
201  Q.bird+F+G4   4566.054     51  9234.108     9252.027     9430.570
WARNING: Normalizing state frequencies so that sum of them equals to 1
202  Q.bird+F+I+G4 4561.183     52  9226.366     9245.051     9426.681
WARNING: Normalizing state frequencies so that sum of them equals to 1
223  Q.mammal+G4   4615.084     32  9294.168     9300.872     9417.438
WARNING: Normalizing state frequencies so that sum of them equals to 1
224  Q.mammal+I+G4 4610.068     33  9286.135     9293.282     9413.258
WARNING: Normalizing state frequencies so that sum of them equals to 1
245  Q.mammal+F+G4 4534.628     51  9171.255     9189.174     9367.718
WARNING: Normalizing state frequencies so that sum of them equals to 1
246  Q.mammal+F+I+G4 4531.386     52  9166.772     9185.456     9367.086
267  Q.insect+G4   4524.806     32  9113.613     9120.317     9236.883
268  Q.insect+I+G4 4521.093     33  9108.186     9115.333     9235.309
289  Q.insect+F+G4 4449.688     51  9001.375     9019.294     9197.838
290  Q.insect+F+I+G4 4446.174     52  8996.348     9015.032     9196.662
WARNING: Normalizing state frequencies so that sum of them equals to 1
311  Q.plant+G4    4551.736     32  9167.472     9174.177     9290.742
WARNING: Normalizing state frequencies so that sum of them equals to 1
312  Q.plant+I+G4  4545.818     33  9157.636     9164.782     9284.759
WARNING: Normalizing state frequencies so that sum of them equals to 1
333  Q.plant+F+G4  4492.983     51  9087.966     9105.885     9284.428
WARNING: Normalizing state frequencies so that sum of them equals to 1
334  Q.plant+F+I+G4 4486.829     52  9077.658     9096.342     9277.972
WARNING: Normalizing state frequencies so that sum of them equals to 1
355  Q.yeast+G4    4506.839     32  9077.679     9084.384     9200.949
WARNING: Normalizing state frequencies so that sum of them equals to 1
356  Q.yeast+I+G4  4503.316     33  9072.632     9079.779     9199.755
WARNING: Normalizing state frequencies so that sum of them equals to 1
377  Q.yeast+F+G4  4432.360     51  8966.721     8984.640     9163.183
WARNING: Normalizing state frequencies so that sum of them equals to 1
378  Q.yeast+F+I+G4 4429.106     52  8962.212     8980.897     9162.527
399  JTTDCMut+G4   4546.780     32  9157.561     9164.265     9280.831
400  JTTDCMut+I+G4 4541.557     33  9149.114     9156.260     9276.236
421  JTTDCMut+F+G4 4483.235     51  9068.471     9086.390     9264.933
422  JTTDCMut+F+I+G4 4478.381     52  9060.761     9079.446     9261.076
443  DCMut+G4      4550.096     32  9164.192     9170.897     9287.463
444  DCMut+I+G4    4545.157     33  9156.315     9163.461     9283.437
465  DCMut+F+G4    4490.688     51  9083.375     9101.294     9279.838
466  DCMut+F+I+G4  4486.615     52  9077.229     9095.914     9277.544
487  VT+G4         4525.311     32  9114.621     9121.326     9237.892
488  VT+I+G4       4521.332     33  9108.663     9115.810     9235.786
509  VT+F+G4       4463.616     51  9029.232     9047.151     9225.694
510  VT+F+I+G4     4459.982     52  9023.965     9042.650     9224.279
531  PMB+G4        4536.490     32  9136.979     9143.684     9260.250
532  PMB+I+G4      4532.729     33  9131.457     9138.604     9258.580
553  PMB+F+G4      4476.240     51  9054.479     9072.398     9250.941
554  PMB+F+I+G4    4472.725     52  9049.450     9068.134     9249.764
575  Blosum62+G4   4527.645     32  9119.289     9125.994     9242.560
576  Blosum62+I+G4 4524.848     33  9115.697     9122.843     9242.819
597  Blosum62+F+G4 4466.791     51  9035.581     9053.500     9232.044
598  Blosum62+F+I+G4 4464.021     52  9032.042     9050.727     9232.357
619  Dayhoff+G4    4550.243     32  9164.486     9171.191     9287.756
620  Dayhoff+I+G4  4545.314     33  9156.628     9163.775     9283.751
641  Dayhoff+F+G4  4490.741     51  9083.481     9101.400     9279.944
642  Dayhoff+F+I+G4 4486.668     52  9077.337     9096.021     9277.651
663  mtREV+G4      4692.316     32  9448.633     9455.337     9571.903
664  mtREV+I+G4    4689.502     33  9445.005     9452.151     9572.128
685  mtREV+F+G4    4513.529     51  9129.059     9146.978     9325.521
686  mtREV+F+I+G4  4510.281     52  9124.563     9143.247     9324.877
707  mtART+G4      4661.832     32  9387.663     9394.368     9510.934
708  mtART+I+G4    4658.599     33  9383.199     9390.345     9510.321
729  mtART+F+G4    4512.010     51  9126.020     9143.939     9322.482
730  mtART+F+I+G4  4509.731     52  9123.462     9142.147     9323.776
751  mtZOA+G4      4590.354     32  9244.708     9251.413     9367.979
752  mtZOA+I+G4    4587.971     33  9241.942     9249.089     9369.065
773  mtZOA+F+G4    4472.947     51  9047.894     9065.813     9244.356
774  mtZOA+F+I+G4  4469.794     52  9043.588     9062.272     9243.902
795  mtMet+G4      4676.405     32  9416.810     9423.514     9540.080
796  mtMet+I+G4    4674.708     33  9415.416     9422.562     9542.538
817  mtMet+F+G4    4524.517     51  9151.033     9168.952     9347.496
818  mtMet+F+I+G4  4521.858     52  9147.716     9166.401     9348.031
839  mtVer+G4      4756.462     32  9576.924     9583.628     9700.194
840  mtVer+I+G4    4754.097     33  9574.193     9581.340     9701.316
861  mtVer+F+G4    4583.795     51  9269.590     9287.509     9466.052
862  mtVer+F+I+G4  4580.683     52  9265.365     9284.050     9465.680
883  mtInv+G4      4676.989     32  9417.978     9424.683     9541.248
884  mtInv+I+G4    4675.400     33  9416.800     9423.946     9543.922
905  mtInv+F+G4    4491.109     51  9084.218     9102.137     9280.681
906  mtInv+F+I+G4  4488.513     52  9081.027     9099.712     9281.341
927  mtMAM+G4      4799.109     32  9662.218     9668.923     9785.489
928  mtMAM+I+G4    4795.239     33  9656.477     9663.624     9783.600
949  mtMAM+F+G4    4610.429     51  9322.857     9340.776     9519.320
950  mtMAM+F+I+G4  4606.582     52  9317.164     9335.849     9517.479
WARNING: Normalizing state frequencies so that sum of them equals to 1
971  FLAVI+G4      4696.647     32  9457.294     9463.999     9580.565
WARNING: Normalizing state frequencies so that sum of them equals to 1
972  FLAVI+I+G4    4689.399     33  9444.797     9451.944     9571.920
WARNING: Normalizing state frequencies so that sum of them equals to 1
993  FLAVI+F+G4    4646.612     51  9395.223     9413.142     9591.685
WARNING: Normalizing state frequencies so that sum of them equals to 1
994  FLAVI+F+I+G4  4637.340     52  9378.679     9397.364     9578.994
1015  HIVb+G4       4700.267     32  9464.535     9471.239     9587.805
1016  HIVb+I+G4     4691.917     33  9449.834     9456.980     9576.956
1037  HIVb+F+G4     4581.683     51  9265.366     9283.285     9461.828
1038  HIVb+F+I+G4   4573.691     52  9251.382     9270.067     9451.697
1059  HIVw+G4       4801.773     32  9667.545     9674.250     9790.816
1060  HIVw+I+G4     4795.784     33  9657.569     9664.715     9784.691
1081  HIVw+F+G4     4671.221     51  9444.442     9462.361     9640.904
1082  HIVw+F+I+G4   4662.387     52  9428.774     9447.458     9629.088
1103  FLU+G4        4617.806     32  9299.612     9306.317     9422.883
1104  FLU+I+G4      4613.276     33  9292.552     9299.699     9419.675
1125  FLU+F+G4      4529.542     51  9161.083     9179.002     9357.545
1126  FLU+F+I+G4    4524.595     52  9153.190     9171.875     9353.504
1147  rtREV+G4      4561.463     32  9186.927     9193.632     9310.197
1148  rtREV+I+G4    4557.591     33  9181.182     9188.328     9308.304
1169  rtREV+F+G4    4442.016     51  8986.032     9003.951     9182.494
1170  rtREV+F+I+G4  4439.346     52  8982.692     9001.377     9183.007
1191  cpREV+G4      4536.105     32  9136.209     9142.914     9259.479
1192  cpREV+I+G4    4529.531     33  9125.062     9132.209     9252.185
1213  cpREV+F+G4    4483.897     51  9069.793     9087.712     9266.255
1214  cpREV+F+I+G4  4476.646     52  9057.291     9075.976     9257.606
Akaike Information Criterion:           LG+F+I+G4
Corrected Akaike Information Criterion: LG+F+I+G4
Bayesian Information Criterion:         LG+F+I+G4
Best-fit model: LG+F+I+G4 chosen according to BIC

All model information printed to FungalCW_tree_20231129/335719at4751.aa.mfa.model.gz
CPU time for ModelFinder: 24.325 seconds (0h:0m:24s)
Wall-clock time for ModelFinder: 12.379 seconds (0h:0m:12s)
Generating 1000 samples for ultrafast bootstrap (seed: 205354)...

NOTE: 3 MB RAM (0 GB) is required!
Estimate model parameters (epsilon = 0.100)
Thoroughly optimizing +I+G parameters from 10 start values...
Init pinv, alpha: 0.000, 0.665 / Estimate: 0.000, 0.375 / LogL: -4430.260
Init pinv, alpha: 0.048, 0.665 / Estimate: 0.057, 0.417 / LogL: -4429.094
Init pinv, alpha: 0.096, 0.665 / Estimate: 0.112, 0.469 / LogL: -4427.998
Init pinv, alpha: 0.144, 0.665 / Estimate: 0.175, 0.548 / LogL: -4426.843
Init pinv, alpha: 0.192, 0.665 / Estimate: 0.204, 0.592 / LogL: -4426.418
Init pinv, alpha: 0.239, 0.665 / Estimate: 0.243, 0.670 / LogL: -4425.993
Init pinv, alpha: 0.287, 0.665 / Estimate: 0.285, 0.783 / LogL: -4425.836
Init pinv, alpha: 0.335, 0.665 / Estimate: 0.309, 0.868 / LogL: -4425.947
Init pinv, alpha: 0.383, 0.665 / Estimate: 0.311, 0.875 / LogL: -4425.968
Init pinv, alpha: 0.431, 0.665 / Estimate: 0.310, 0.873 / LogL: -4425.963
Optimal pinv,alpha: 0.285, 0.783 / LogL: -4425.836

Parameters optimization took 1.287 sec
Wrote distance file to... 
Computing ML distances based on estimated model parameters...
Calculating distance matrix: done in 0.0477111 secs using 197.8% CPU
Computing ML distances took 0.047957 sec (of wall-clock time) 0.094846 sec (of CPU time)
Setting up auxiliary I and S matrices: done in 6.00815e-05 secs using 196.4% CPU
Constructing RapidNJ tree: done in 0.000283957 secs using 198.6% CPU
Computing RapidNJ tree took 0.000471 sec (of wall-clock time) 0.000842 sec (of CPU time)
Log-likelihood of RapidNJ tree: -4433.760
--------------------------------------------------------------------
|             INITIALIZING CANDIDATE TREE SET                      |
--------------------------------------------------------------------
Generating 98 parsimony trees... 0.251 second
Computing log-likelihood of 98 initial trees ... 0.837 seconds
Current best score: -4425.836

Do NNI search on 20 best initial trees
Optimizing NNI: done in 0.038569 secs using 195.7% CPU
Estimate model parameters (epsilon = 0.100)
BETTER TREE FOUND at iteration 1: -4425.836
Optimizing NNI: done in 0.083622 secs using 198.1% CPU
Estimate model parameters (epsilon = 0.100)
BETTER TREE FOUND at iteration 2: -4425.731
Optimizing NNI: done in 0.0939672 secs using 195.9% CPU
Optimizing NNI: done in 0.104057 secs using 196.2% CPU
Optimizing NNI: done in 0.106825 secs using 197.7% CPU
Estimate model parameters (epsilon = 0.100)
BETTER TREE FOUND at iteration 5: -4424.786
Optimizing NNI: done in 0.10136 secs using 198.6% CPU
Optimizing NNI: done in 0.0861549 secs using 197% CPU
Optimizing NNI: done in 0.126862 secs using 196.5% CPU
Optimizing NNI: done in 0.113158 secs using 195.6% CPU
Optimizing NNI: done in 0.0971222 secs using 197.2% CPU
Iteration 10 / LogL: -4425.934 / Time: 0h:0m:3s
Optimizing NNI: done in 0.115629 secs using 197.5% CPU
Optimizing NNI: done in 0.133936 secs using 197.5% CPU
Optimizing NNI: done in 0.117716 secs using 195.7% CPU
Optimizing NNI: done in 0.162764 secs using 195.8% CPU
Optimizing NNI: done in 0.143968 secs using 198.2% CPU
Optimizing NNI: done in 0.112432 secs using 196.6% CPU
Optimizing NNI: done in 0.111157 secs using 196.3% CPU
Optimizing NNI: done in 0.148868 secs using 195.6% CPU
Estimate model parameters (epsilon = 0.100)
BETTER TREE FOUND at iteration 18: -4422.173
Optimizing NNI: done in 0.119173 secs using 196.6% CPU
Optimizing NNI: done in 0.152214 secs using 196.3% CPU
Iteration 20 / LogL: -4424.864 / Time: 0h:0m:5s
Finish initializing candidate tree set (4)
Current best tree score: -4422.173 / CPU time: 3.580
Number of iterations: 20
--------------------------------------------------------------------
|               OPTIMIZING CANDIDATE TREE SET                      |
--------------------------------------------------------------------
Optimizing NNI: done in 0.079525 secs using 197.1% CPU
Optimizing NNI: done in 0.124829 secs using 197.1% CPU
Optimizing NNI: done in 0.114374 secs using 196.5% CPU
Optimizing NNI: done in 0.109795 secs using 194.8% CPU
Optimizing NNI: done in 0.133966 secs using 196.1% CPU
Optimizing NNI: done in 0.12638 secs using 198.2% CPU
Optimizing NNI: done in 0.16184 secs using 196.9% CPU
Optimizing NNI: done in 0.111831 secs using 197.4% CPU
Optimizing NNI: done in 0.196141 secs using 197.7% CPU
Optimizing NNI: done in 0.095082 secs using 198.1% CPU
Iteration 30 / LogL: -4554.268 / Time: 0h:0m:6s (0h:0m:20s left)
Optimizing NNI: done in 0.113395 secs using 197.4% CPU
Optimizing NNI: done in 0.147278 secs using 197.6% CPU
Optimizing NNI: done in 0.0981162 secs using 197.4% CPU
Optimizing NNI: done in 0.219061 secs using 198.3% CPU
Optimizing NNI: done in 0.074352 secs using 198.2% CPU
Optimizing NNI: done in 0.18766 secs using 197.8% CPU
Optimizing NNI: done in 0.132539 secs using 198.3% CPU
Optimizing NNI: done in 0.109469 secs using 197.3% CPU
Optimizing NNI: done in 0.140704 secs using 197.5% CPU
Optimizing NNI: done in 0.159498 secs using 197.5% CPU
Iteration 40 / LogL: -4425.759 / Time: 0h:0m:8s (0h:0m:16s left)
Optimizing NNI: done in 0.144527 secs using 195.2% CPU
Optimizing NNI: done in 0.11789 secs using 195.7% CPU
Optimizing NNI: done in 0.122647 secs using 194.9% CPU
Optimizing NNI: done in 0.0936821 secs using 197.1% CPU
Optimizing NNI: done in 0.120307 secs using 197.3% CPU
Optimizing NNI: done in 0.159635 secs using 198.3% CPU
Optimizing NNI: done in 0.162735 secs using 195.2% CPU
Optimizing NNI: done in 0.096175 secs using 195.1% CPU
Optimizing NNI: done in 0.114965 secs using 196.5% CPU
Optimizing NNI: done in 0.131483 secs using 197.5% CPU
Iteration 50 / LogL: -4424.868 / Time: 0h:0m:9s (0h:0m:13s left)
Log-likelihood cutoff on original alignment: -4461.293
Optimizing NNI: done in 0.062525 secs using 198.7% CPU
Optimizing NNI: done in 0.136386 secs using 198.3% CPU
Optimizing NNI: done in 0.122326 secs using 197.5% CPU
Optimizing NNI: done in 0.138686 secs using 198.3% CPU
Optimizing NNI: done in 0.161916 secs using 197.7% CPU
Optimizing NNI: done in 0.130143 secs using 197.5% CPU
Optimizing NNI: done in 0.129753 secs using 198.2% CPU
Optimizing NNI: done in 0.114966 secs using 198.2% CPU
Optimizing NNI: done in 0.115134 secs using 197.3% CPU
Optimizing NNI: done in 0.166518 secs using 198.2% CPU
Iteration 60 / LogL: -4424.830 / Time: 0h:0m:10s (0h:0m:10s left)
Optimizing NNI: done in 0.105848 secs using 196.3% CPU
Optimizing NNI: done in 0.13685 secs using 197.5% CPU
Optimizing NNI: done in 0.111895 secs using 196.4% CPU
Optimizing NNI: done in 0.124275 secs using 197.4% CPU
Optimizing NNI: done in 0.141132 secs using 197.7% CPU
Optimizing NNI: done in 0.152597 secs using 198.5% CPU
Optimizing NNI: done in 0.154298 secs using 197.5% CPU
Optimizing NNI: done in 0.131274 secs using 198.1% CPU
Optimizing NNI: done in 0.0912371 secs using 198% CPU
Optimizing NNI: done in 0.110386 secs using 197.3% CPU
Iteration 70 / LogL: -4422.274 / Time: 0h:0m:12s (0h:0m:8s left)
Optimizing NNI: done in 0.24107 secs using 197.4% CPU
Optimizing NNI: done in 0.117202 secs using 197.3% CPU
Optimizing NNI: done in 0.146068 secs using 195.4% CPU
Optimizing NNI: done in 0.0949171 secs using 198.2% CPU
Optimizing NNI: done in 0.153175 secs using 196.2% CPU
Optimizing NNI: done in 0.141003 secs using 198.1% CPU
Optimizing NNI: done in 0.165625 secs using 198.2% CPU
Optimizing NNI: done in 0.0952251 secs using 196% CPU
Optimizing NNI: done in 0.114955 secs using 197.9% CPU
Optimizing NNI: done in 0.152611 secs using 198.2% CPU
Iteration 80 / LogL: -4425.929 / Time: 0h:0m:13s (0h:0m:6s left)
Optimizing NNI: done in 0.190312 secs using 196% CPU
Optimizing NNI: done in 0.094965 secs using 196.1% CPU
Optimizing NNI: done in 0.159391 secs using 196.3% CPU
Optimizing NNI: done in 0.149075 secs using 197.5% CPU
Optimizing NNI: done in 0.134194 secs using 196.7% CPU
Optimizing NNI: done in 0.122935 secs using 195.8% CPU
Optimizing NNI: done in 0.113777 secs using 195.6% CPU
Optimizing NNI: done in 0.0773461 secs using 198.2% CPU
Optimizing NNI: done in 0.137626 secs using 198% CPU
Optimizing NNI: done in 0.158411 secs using 197.6% CPU
Iteration 90 / LogL: -4422.179 / Time: 0h:0m:15s (0h:0m:4s left)
Optimizing NNI: done in 0.110926 secs using 195.5% CPU
Optimizing NNI: done in 0.116177 secs using 197.2% CPU
Optimizing NNI: done in 0.132305 secs using 198.2% CPU
Optimizing NNI: done in 0.190543 secs using 197.6% CPU
Optimizing NNI: done in 0.174168 secs using 197.1% CPU
Optimizing NNI: done in 0.168031 secs using 196.9% CPU
Optimizing NNI: done in 0.0704291 secs using 198% CPU
Optimizing NNI: done in 0.118781 secs using 197.3% CPU
Optimizing NNI: done in 0.123063 secs using 196.5% CPU
Optimizing NNI: done in 0.139299 secs using 196.7% CPU
Iteration 100 / LogL: -4425.748 / Time: 0h:0m:16s (0h:0m:3s left)
Log-likelihood cutoff on original alignment: -4461.293
NOTE: Bootstrap correlation coefficient of split occurrence frequencies: 1.000
Optimizing NNI: done in 0.101796 secs using 197.2% CPU
Optimizing NNI: done in 0.191009 secs using 196.6% CPU
Optimizing NNI: done in 0.117713 secs using 195.5% CPU
Optimizing NNI: done in 0.120229 secs using 197.3% CPU
Optimizing NNI: done in 0.147226 secs using 197.6% CPU
Optimizing NNI: done in 0.114681 secs using 197.4% CPU
Optimizing NNI: done in 0.137424 secs using 196% CPU
Optimizing NNI: done in 0.157004 secs using 197.7% CPU
Optimizing NNI: done in 0.170529 secs using 196.5% CPU
Optimizing NNI: done in 0.162065 secs using 196.4% CPU
Iteration 110 / LogL: -4425.838 / Time: 0h:0m:18s (0h:0m:15s left)
Optimizing NNI: done in 0.118776 secs using 197.5% CPU
Optimizing NNI: done in 0.0932031 secs using 197.1% CPU
Optimizing NNI: done in 0.120238 secs using 196.5% CPU
Optimizing NNI: done in 0.202473 secs using 196.7% CPU
Optimizing NNI: done in 0.0952768 secs using 197% CPU
Optimizing NNI: done in 0.114509 secs using 195.7% CPU
Optimizing NNI: done in 0.142151 secs using 197.6% CPU
Optimizing NNI: done in 0.111255 secs using 196.4% CPU
Optimizing NNI: done in 0.116637 secs using 198.3% CPU
TREE SEARCH COMPLETED AFTER 119 ITERATIONS / Time: 0h:0m:19s

--------------------------------------------------------------------
|                    FINALIZING TREE SEARCH                        |
--------------------------------------------------------------------
Performs final model parameters optimization
Estimate model parameters (epsilon = 0.010)
1. Initial log-likelihood: -4422.173
Optimal log-likelihood: -4422.173
Proportion of invariable sites: 0.284
Gamma shape alpha: 0.776
Parameters optimization took 1 rounds (0.025 sec)
BEST SCORE FOUND : -4422.173

Testing tree branches by SH-like aLRT with 1000 replicates...
0.095 sec.
Creating bootstrap support values...
Split supports printed to NEXUS file FungalCW_tree_20231129/335719at4751.aa.mfa.splits.nex
Total tree length: 4.185

Total number of iterations: 119
CPU time used for tree search: 35.116 sec (0h:0m:35s)
Wall-clock time used for tree search: 17.917 sec (0h:0m:17s)
Total CPU time used: 38.558 sec (0h:0m:38s)
Total wall-clock time used: 19.853 sec (0h:0m:19s)

Computing bootstrap consensus tree...
Reading input file FungalCW_tree_20231129/335719at4751.aa.mfa.splits.nex...
17 taxa and 98 splits.
Consensus tree written to FungalCW_tree_20231129/335719at4751.aa.mfa.contree
Reading input trees file FungalCW_tree_20231129/335719at4751.aa.mfa.contree
Log-likelihood of consensus tree: -4424.802

Analysis results written to: 
  IQ-TREE report:                FungalCW_tree_20231129/335719at4751.aa.mfa.iqtree
  Maximum-likelihood tree:       FungalCW_tree_20231129/335719at4751.aa.mfa.treefile
  Likelihood distances:          FungalCW_tree_20231129/335719at4751.aa.mfa.mldist

Ultrafast bootstrap approximation results written to:
  Split support values:          FungalCW_tree_20231129/335719at4751.aa.mfa.splits.nex
  Consensus tree:                FungalCW_tree_20231129/335719at4751.aa.mfa.contree
  Screen log file:               FungalCW_tree_20231129/335719at4751.aa.mfa.log

Date and Time: Wed Nov 29 01:38:37 2023
