IQ-TREE multicore version 2.2.2.6 COVID-edition for Linux 64-bit built May 27 2023
Developed by Bui Quang Minh, James Barbetti, Nguyen Lam Tung,
Olga Chernomor, Heiko Schmidt, Dominik Schrempf, Michael Woodhams, Ly Trong Nhan.

Host:    i24 (AVX2, FMA3, 503 GB RAM)
Command: iqtree2 -s FungalCW_tree_20231129/336181at4751.aa.mfa -gz -B 1000 -alrt 1000 -nt 2
Seed:    222340 (Using SPRNG - Scalable Parallel Random Number Generator)
Time:    Wed Nov 29 01:38:05 2023
Kernel:  AVX+FMA - 2 threads (2 CPU cores detected)

Reading alignment file FungalCW_tree_20231129/336181at4751.aa.mfa ... Fasta format detected
Reading fasta file: done in 0.000242949 secs using 66.68% CPU
Alignment most likely contains protein sequences
Constructing alignment: done in 0.00111198 secs using 134.4% CPU
Alignment has 18 sequences with 506 columns, 462 distinct patterns
253 parsimony-informative, 165 singleton sites, 88 constant sites
                                                               Gap/Ambiguity  Composition  p-value
Analyzing sequences: done in 3.31402e-05 secs using 120.7% CPU
   1  Basidiobolus_meristosporus_CBS_931.73.Basme2finSC.v1            34.58%    passed     78.30%
   2  Botrytis_cinerea_T4                                             31.23%    passed     99.72%
   3  Capillidium_pumilum_ARSEF_79                                    32.41%    passed     98.91%
   4  Colletotrichum_graminicola_M1.001                               31.62%    passed     98.10%
   5  Colletotrichum_higginsianum_IMI_349063                          13.24%    passed     77.45%
   6  Fusarium_graminearum_PH-1                                       15.61%    passed     63.81%
   7  Fusarium_verticillioides_7600                                   13.24%    passed     15.34%
   8  Gilbertella_persicaria_var_persicaria_CBS_190.32-T.Gilper1.v1   31.82%    passed     98.48%
   9  Mortierella_elongata_AG-77                                      33.40%    passed     89.21%
  10  Mucor_mucedo_NRRL_3635                                          33.60%    passed     98.77%
  11  Neoconidiobolus_thromboides_FSU_785.Conth1.v1                   34.98%    passed     95.19%
  12  Phycomyces_blakesleeanus_NRRL_1555.Phybl2.v2                    31.62%    passed     71.32%
  13  Rhizopus_stolonifer_NRRL_66455                                  32.21%    passed     99.93%
  14  Trichoderma_harzianum_CBS_226.95                                31.23%    passed     84.57%
  15  Umbelopsis_ramanniana_NRRL_5844.Umbra1.v1                       35.38%    passed     79.65%
  16  Ustilago_maydis                                                 34.39%    passed     72.78%
  17  Zoophthora_radicans_ATCC_208865                                 32.61%    passed     96.94%
  18  Zymoseptoria_tritici_IP0323                                     31.82%    passed     99.64%
****  TOTAL                                                           29.72%  0 sequences failed composition chi2 test (p-value<5%; df=19)
Checking for duplicate sequences: done in 0.000102997 secs using 132% CPU


Create initial parsimony tree by phylogenetic likelihood library (PLL)... 0.003 seconds
Perform fast likelihood tree search using LG+I+G model...
Estimate model parameters (epsilon = 5.000)
Perform nearest neighbor interchange...
Optimizing NNI: done in 0.114097 secs using 195.9% CPU
Estimate model parameters (epsilon = 1.000)
1. Initial log-likelihood: -8716.597
Optimal log-likelihood: -8716.483
Proportion of invariable sites: 0.074
Gamma shape alpha: 1.305
Parameters optimization took 1 rounds (0.102 sec)
Time for fast ML tree search: 0.428 seconds

NOTE: ModelFinder requires 15 MB RAM!
ModelFinder will test up to 1232 protein models (sample size: 506) ...
 No. Model         -LnL         df  AIC          AICc         BIC
  1  LG            8993.845     33  18053.691    18058.445    18193.166
  2  LG+I          8864.016     34  17796.032    17801.085    17939.734
  3  LG+G4         8720.787     34  17509.574    17514.627    17653.276
  4  LG+I+G4       8716.474     35  17502.948    17508.310    17650.877
  5  LG+R2         8748.073     35  17566.147    17571.508    17714.075
  6  LG+R3         8717.631     37  17509.262    17515.271    17665.644
  7  LG+R4         8716.401     39  17510.803    17517.498    17675.638
 14  LG+I+R2       8725.326     36  17522.653    17528.333    17674.808
 15  LG+I+R3       8716.432     38  17508.863    17515.210    17669.472
 16  LG+I+R4       8716.247     40  17512.493    17519.547    17681.555
 25  LG+F+G4       8693.084     53  17492.168    17504.832    17716.174
 26  LG+F+I+G4     8687.890     54  17483.781    17496.952    17712.014
 47  WAG+G4        8710.663     34  17489.326    17494.379    17633.029
 48  WAG+I+G4      8702.855     35  17475.710    17481.072    17623.639
 69  WAG+F+G4      8695.151     53  17496.302    17508.966    17720.308
 70  WAG+F+I+G4    8687.389     54  17482.778    17495.949    17711.011
 91  JTT+G4        8801.294     34  17670.587    17675.640    17814.290
 92  JTT+I+G4      8794.755     35  17659.511    17664.872    17807.439
113  JTT+F+G4      8775.286     53  17656.571    17669.235    17880.578
114  JTT+F+I+G4    8768.226     54  17644.452    17657.623    17872.685
WARNING: Normalizing state frequencies so that sum of them equals to 1
135  Q.pfam+G4     8721.834     34  17511.668    17516.721    17655.370
WARNING: Normalizing state frequencies so that sum of them equals to 1
136  Q.pfam+I+G4   8717.285     35  17504.569    17509.931    17652.498
WARNING: Normalizing state frequencies so that sum of them equals to 1
157  Q.pfam+F+G4   8689.118     53  17484.235    17496.899    17708.242
WARNING: Normalizing state frequencies so that sum of them equals to 1
158  Q.pfam+F+I+G4 8684.240     54  17476.480    17489.651    17704.713
WARNING: Normalizing state frequencies so that sum of them equals to 1
179  Q.bird+G4     8991.500     34  18051.000    18056.053    18194.702
WARNING: Normalizing state frequencies so that sum of them equals to 1
180  Q.bird+I+G4   8987.136     35  18044.273    18049.634    18192.201
WARNING: Normalizing state frequencies so that sum of them equals to 1
201  Q.bird+F+G4   8953.862     53  18013.724    18026.388    18237.731
WARNING: Normalizing state frequencies so that sum of them equals to 1
202  Q.bird+F+I+G4 8948.709     54  18005.417    18018.588    18233.650
WARNING: Normalizing state frequencies so that sum of them equals to 1
223  Q.mammal+G4   8931.805     34  17931.611    17936.664    18075.313
WARNING: Normalizing state frequencies so that sum of them equals to 1
224  Q.mammal+I+G4 8927.436     35  17924.872    17930.234    18072.801
WARNING: Normalizing state frequencies so that sum of them equals to 1
245  Q.mammal+F+G4 8885.492     53  17876.984    17889.648    18100.990
WARNING: Normalizing state frequencies so that sum of them equals to 1
246  Q.mammal+F+I+G4 8880.650     54  17869.300    17882.471    18097.533
267  Q.insect+G4   8772.764     34  17613.528    17618.581    17757.230
268  Q.insect+I+G4 8768.476     35  17606.953    17612.314    17754.881
289  Q.insect+F+G4 8739.810     53  17585.619    17598.283    17809.626
290  Q.insect+F+I+G4 8734.837     54  17577.673    17590.844    17805.906
WARNING: Normalizing state frequencies so that sum of them equals to 1
311  Q.plant+G4    8851.865     34  17771.731    17776.784    17915.433
WARNING: Normalizing state frequencies so that sum of them equals to 1
312  Q.plant+I+G4  8848.291     35  17766.581    17771.943    17914.510
WARNING: Normalizing state frequencies so that sum of them equals to 1
333  Q.plant+F+G4  8812.172     53  17730.345    17743.008    17954.351
WARNING: Normalizing state frequencies so that sum of them equals to 1
334  Q.plant+F+I+G4 8808.021     54  17724.042    17737.213    17952.275
WARNING: Normalizing state frequencies so that sum of them equals to 1
355  Q.yeast+G4    8762.295     34  17592.590    17597.643    17736.292
WARNING: Normalizing state frequencies so that sum of them equals to 1
356  Q.yeast+I+G4  8757.727     35  17585.453    17590.815    17733.382
WARNING: Normalizing state frequencies so that sum of them equals to 1
377  Q.yeast+F+G4  8721.022     53  17548.045    17560.709    17772.051
WARNING: Normalizing state frequencies so that sum of them equals to 1
378  Q.yeast+F+I+G4 8715.595     54  17539.190    17552.361    17767.423
399  JTTDCMut+G4   8798.100     34  17664.200    17669.253    17807.902
400  JTTDCMut+I+G4 8791.536     35  17653.072    17658.434    17801.001
421  JTTDCMut+F+G4 8773.761     53  17653.521    17666.185    17877.528
422  JTTDCMut+F+I+G4 8766.773     54  17641.547    17654.718    17869.780
443  DCMut+G4      8811.495     34  17690.991    17696.044    17834.693
444  DCMut+I+G4    8803.500     35  17676.999    17682.361    17824.928
465  DCMut+F+G4    8809.356     53  17724.713    17737.376    17948.719
466  DCMut+F+I+G4  8802.359     54  17712.717    17725.888    17940.950
487  VT+G4         8721.183     34  17510.367    17515.420    17654.069
488  VT+I+G4       8713.149     35  17496.298    17501.660    17644.227
509  VT+F+G4       8701.608     53  17509.217    17521.880    17733.223
510  VT+F+I+G4     8692.868     54  17493.737    17506.908    17721.970
531  PMB+G4        8766.550     34  17601.100    17606.153    17744.802
532  PMB+I+G4      8758.667     35  17587.334    17592.695    17735.262
553  PMB+F+G4      8716.956     53  17539.913    17552.576    17763.919
554  PMB+F+I+G4    8708.312     54  17524.624    17537.795    17752.857
575  Blosum62+G4   8759.175     34  17586.349    17591.402    17730.051
576  Blosum62+I+G4 8751.750     35  17573.500    17578.862    17721.429
597  Blosum62+F+G4 8714.150     53  17534.301    17546.964    17758.307
598  Blosum62+F+I+G4 8705.575     54  17519.150    17532.321    17747.383
619  Dayhoff+G4    8812.120     34  17692.240    17697.293    17835.942
620  Dayhoff+I+G4  8804.142     35  17678.284    17683.645    17826.213
641  Dayhoff+F+G4  8810.021     53  17726.042    17738.706    17950.049
642  Dayhoff+F+I+G4 8803.040     54  17714.080    17727.250    17942.313
663  mtREV+G4      9178.685     34  18425.369    18430.422    18569.071
664  mtREV+I+G4    9175.029     35  18420.057    18425.419    18567.986
685  mtREV+F+G4    8829.730     53  17765.460    17778.124    17989.466
686  mtREV+F+I+G4  8824.528     54  17757.055    17770.226    17985.288
707  mtART+G4      9293.899     34  18655.798    18660.851    18799.500
708  mtART+I+G4    9293.871     35  18657.742    18663.104    18805.671
729  mtART+F+G4    8892.688     53  17891.376    17904.040    18115.382
730  mtART+F+I+G4  8893.582     54  17895.164    17908.334    18123.397
751  mtZOA+G4      9133.820     34  18335.640    18340.693    18479.342
752  mtZOA+I+G4    9132.488     35  18334.975    18340.337    18482.904
773  mtZOA+F+G4    8838.004     53  17782.009    17794.673    18006.015
774  mtZOA+F+I+G4  8836.842     54  17781.685    17794.856    18009.918
795  mtMet+G4      9245.687     34  18559.373    18564.426    18703.076
796  mtMet+I+G4    9243.277     35  18556.554    18561.916    18704.483
817  mtMet+F+G4    8873.333     53  17852.667    17865.331    18076.673
818  mtMet+F+I+G4  8870.006     54  17848.011    17861.182    18076.244
839  mtVer+G4      9278.381     34  18624.761    18629.814    18768.464
840  mtVer+I+G4    9275.559     35  18621.118    18626.480    18769.047
861  mtVer+F+G4    8965.876     53  18037.752    18050.416    18261.758
862  mtVer+F+I+G4  8963.015     54  18034.029    18047.200    18262.262
883  mtInv+G4      9304.309     34  18676.619    18681.672    18820.321
884  mtInv+I+G4    9301.555     35  18673.110    18678.472    18821.039
905  mtInv+F+G4    8804.357     53  17714.713    17727.377    17938.720
906  mtInv+F+I+G4  8800.944     54  17709.888    17723.059    17938.121
927  mtMAM+G4      9376.919     34  18821.837    18826.890    18965.540
928  mtMAM+I+G4    9373.596     35  18817.191    18822.553    18965.120
949  mtMAM+F+G4    9019.343     53  18144.685    18157.349    18368.692
950  mtMAM+F+I+G4  9017.972     54  18143.945    18157.115    18372.178
WARNING: Normalizing state frequencies so that sum of them equals to 1
971  FLAVI+G4      9229.555     34  18527.110    18532.163    18670.812
WARNING: Normalizing state frequencies so that sum of them equals to 1
972  FLAVI+I+G4    9227.355     35  18524.710    18530.072    18672.639
WARNING: Normalizing state frequencies so that sum of them equals to 1
993  FLAVI+F+G4    9111.153     53  18328.307    18340.971    18552.313
WARNING: Normalizing state frequencies so that sum of them equals to 1
994  FLAVI+F+I+G4  9108.448     54  18324.896    18338.066    18553.129
1015  HIVb+G4       9068.036     34  18204.072    18209.125    18347.774
1016  HIVb+I+G4     9061.912     35  18193.823    18199.185    18341.752
1037  HIVb+F+G4     8973.023     53  18052.046    18064.710    18276.053
1038  HIVb+F+I+G4   8965.838     54  18039.675    18052.846    18267.908
1059  HIVw+G4       9399.358     34  18866.716    18871.769    19010.418
1060  HIVw+I+G4     9394.488     35  18858.975    18864.337    19006.904
1081  HIVw+F+G4     9203.142     53  18512.283    18524.947    18736.290
1082  HIVw+F+I+G4   9197.678     54  18503.356    18516.526    18731.589
1103  FLU+G4        9017.630     34  18103.261    18108.314    18246.963
1104  FLU+I+G4      9013.816     35  18097.631    18102.993    18245.560
1125  FLU+F+G4      8896.446     53  17898.892    17911.555    18122.898
1126  FLU+F+I+G4    8891.174     54  17890.348    17903.518    18118.581
1147  rtREV+G4      8748.436     34  17564.871    17569.924    17708.574
1148  rtREV+I+G4    8743.188     35  17556.376    17561.738    17704.305
1169  rtREV+F+G4    8694.035     53  17494.070    17506.733    17718.076
1170  rtREV+F+I+G4  8688.256     54  17484.512    17497.683    17712.745
1191  cpREV+G4      8801.599     34  17671.199    17676.252    17814.901
1192  cpREV+I+G4    8796.329     35  17662.658    17668.020    17810.587
1213  cpREV+F+G4    8741.862     53  17589.724    17602.388    17813.731
1214  cpREV+F+I+G4  8735.292     54  17578.584    17591.754    17806.817
Akaike Information Criterion:           WAG+I+G4
Corrected Akaike Information Criterion: WAG+I+G4
Bayesian Information Criterion:         WAG+I+G4
Best-fit model: WAG+I+G4 chosen according to BIC

All model information printed to FungalCW_tree_20231129/336181at4751.aa.mfa.model.gz
CPU time for ModelFinder: 71.191 seconds (0h:1m:11s)
Wall-clock time for ModelFinder: 36.101 seconds (0h:0m:36s)
Generating 1000 samples for ultrafast bootstrap (seed: 222340)...

NOTE: 7 MB RAM (0 GB) is required!
Estimate model parameters (epsilon = 0.100)
Thoroughly optimizing +I+G parameters from 10 start values...
Init pinv, alpha: 0.000, 1.667 / Estimate: 0.000, 1.064 / LogL: -8710.660
Init pinv, alpha: 0.019, 1.667 / Estimate: 0.077, 1.646 / LogL: -8702.881
Init pinv, alpha: 0.039, 1.667 / Estimate: 0.077, 1.648 / LogL: -8702.878
Init pinv, alpha: 0.058, 1.667 / Estimate: 0.078, 1.653 / LogL: -8702.873
Init pinv, alpha: 0.077, 1.667 / Estimate: 0.079, 1.666 / LogL: -8702.859
Init pinv, alpha: 0.097, 1.667 / Estimate: 0.086, 1.722 / LogL: -8702.881
Init pinv, alpha: 0.116, 1.667 / Estimate: 0.085, 1.729 / LogL: -8702.880
Init pinv, alpha: 0.135, 1.667 / Estimate: 0.084, 1.718 / LogL: -8702.865
Init pinv, alpha: 0.155, 1.667 / Estimate: 0.085, 1.724 / LogL: -8702.870
Init pinv, alpha: 0.174, 1.667 / Estimate: 0.085, 1.728 / LogL: -8702.876
Optimal pinv,alpha: 0.079, 1.666 / LogL: -8702.859

Parameters optimization took 3.001 sec
Wrote distance file to... 
Computing ML distances based on estimated model parameters...
Calculating distance matrix: done in 0.0250182 secs using 198.4% CPU
Computing ML distances took 0.025262 sec (of wall-clock time) 0.050106 sec (of CPU time)
Setting up auxiliary I and S matrices: done in 5.50747e-05 secs using 199.7% CPU
Constructing RapidNJ tree: done in 0.000195026 secs using 198.9% CPU
Computing RapidNJ tree took 0.000364 sec (of wall-clock time) 0.000647 sec (of CPU time)
Log-likelihood of RapidNJ tree: -8732.672
--------------------------------------------------------------------
|             INITIALIZING CANDIDATE TREE SET                      |
--------------------------------------------------------------------
Generating 98 parsimony trees... 0.302 second
Computing log-likelihood of 98 initial trees ... 1.599 seconds
Current best score: -8702.859

Do NNI search on 20 best initial trees
Optimizing NNI: done in 0.0740881 secs using 198.7% CPU
Estimate model parameters (epsilon = 0.100)
BETTER TREE FOUND at iteration 1: -8702.853
Optimizing NNI: done in 0.182874 secs using 198.1% CPU
Optimizing NNI: done in 0.143511 secs using 198.7% CPU
Optimizing NNI: done in 0.187962 secs using 198.1% CPU
Optimizing NNI: done in 0.145194 secs using 198% CPU
Optimizing NNI: done in 0.230501 secs using 198.4% CPU
Optimizing NNI: done in 0.290706 secs using 198% CPU
Optimizing NNI: done in 0.279418 secs using 198.2% CPU
Optimizing NNI: done in 0.198855 secs using 198.7% CPU
Optimizing NNI: done in 0.224455 secs using 197.8% CPU
Iteration 10 / LogL: -8713.971 / Time: 0h:0m:7s
Optimizing NNI: done in 0.192469 secs using 198.1% CPU
Optimizing NNI: done in 0.283407 secs using 197% CPU
Optimizing NNI: done in 0.261118 secs using 196.7% CPU
Optimizing NNI: done in 0.204245 secs using 198.6% CPU
Optimizing NNI: done in 0.246966 secs using 198.6% CPU
Optimizing NNI: done in 0.187392 secs using 197% CPU
Optimizing NNI: done in 0.225854 secs using 197.6% CPU
Optimizing NNI: done in 0.202061 secs using 198.1% CPU
Optimizing NNI: done in 0.179823 secs using 198.1% CPU
Optimizing NNI: done in 0.19625 secs using 198.6% CPU
Iteration 20 / LogL: -8703.448 / Time: 0h:0m:9s
Finish initializing candidate tree set (4)
Current best tree score: -8702.853 / CPU time: 6.179
Number of iterations: 20
--------------------------------------------------------------------
|               OPTIMIZING CANDIDATE TREE SET                      |
--------------------------------------------------------------------
Optimizing NNI: done in 0.26085 secs using 198.2% CPU
Optimizing NNI: done in 0.15173 secs using 197.4% CPU
Optimizing NNI: done in 0.186464 secs using 198.2% CPU
Optimizing NNI: done in 0.192214 secs using 198.7% CPU
Optimizing NNI: done in 0.202996 secs using 198.6% CPU
Optimizing NNI: done in 0.258193 secs using 198.7% CPU
Optimizing NNI: done in 0.204713 secs using 198.6% CPU
Optimizing NNI: done in 0.211569 secs using 198.5% CPU
Optimizing NNI: done in 0.327388 secs using 198.6% CPU
Optimizing NNI: done in 0.214161 secs using 198.6% CPU
Iteration 30 / LogL: -8702.931 / Time: 0h:0m:11s (0h:0m:28s left)
Optimizing NNI: done in 0.211995 secs using 198.1% CPU
Optimizing NNI: done in 0.276153 secs using 198.2% CPU
Optimizing NNI: done in 0.332504 secs using 198.1% CPU
Optimizing NNI: done in 0.285014 secs using 198.4% CPU
Optimizing NNI: done in 0.288395 secs using 198.6% CPU
Optimizing NNI: done in 0.326319 secs using 198.1% CPU
Optimizing NNI: done in 0.144425 secs using 198.1% CPU
Optimizing NNI: done in 0.223166 secs using 198.8% CPU
Optimizing NNI: done in 0.197407 secs using 198.7% CPU
Optimizing NNI: done in 0.191513 secs using 198.1% CPU
Iteration 40 / LogL: -8702.979 / Time: 0h:0m:14s (0h:0m:22s left)
Optimizing NNI: done in 0.155202 secs using 198.7% CPU
Optimizing NNI: done in 0.25327 secs using 198.7% CPU
Optimizing NNI: done in 0.319015 secs using 198.2% CPU
Optimizing NNI: done in 0.279325 secs using 197.9% CPU
Optimizing NNI: done in 0.290636 secs using 198% CPU
Optimizing NNI: done in 0.31328 secs using 198.5% CPU
Optimizing NNI: done in 0.256771 secs using 198.3% CPU
Optimizing NNI: done in 0.316764 secs using 198.1% CPU
Optimizing NNI: done in 0.195947 secs using 198.8% CPU
Optimizing NNI: done in 0.310778 secs using 198.3% CPU
Iteration 50 / LogL: -8702.892 / Time: 0h:0m:17s (0h:0m:17s left)
Log-likelihood cutoff on original alignment: -8741.524
Optimizing NNI: done in 0.148583 secs using 198.9% CPU
Optimizing NNI: done in 0.208465 secs using 198.1% CPU
Optimizing NNI: done in 0.285209 secs using 198.6% CPU
Optimizing NNI: done in 0.354859 secs using 198.4% CPU
Optimizing NNI: done in 0.177475 secs using 198.6% CPU
Optimizing NNI: done in 0.264787 secs using 197.9% CPU
Optimizing NNI: done in 0.164965 secs using 198.1% CPU
Optimizing NNI: done in 0.224059 secs using 197.9% CPU
Optimizing NNI: done in 0.191402 secs using 197.8% CPU
Optimizing NNI: done in 0.148605 secs using 199.1% CPU
Iteration 60 / LogL: -8713.521 / Time: 0h:0m:19s (0h:0m:13s left)
Optimizing NNI: done in 0.191446 secs using 197.2% CPU
Optimizing NNI: done in 0.233211 secs using 198.3% CPU
Optimizing NNI: done in 0.237232 secs using 198.6% CPU
Optimizing NNI: done in 0.151603 secs using 198% CPU
Optimizing NNI: done in 0.240759 secs using 198.6% CPU
Optimizing NNI: done in 0.220286 secs using 198.3% CPU
Optimizing NNI: done in 0.19726 secs using 198.8% CPU
Optimizing NNI: done in 0.231949 secs using 198.7% CPU
Optimizing NNI: done in 0.225978 secs using 198.1% CPU
Optimizing NNI: done in 0.207742 secs using 198.8% CPU
Iteration 70 / LogL: -8702.932 / Time: 0h:0m:21s (0h:0m:9s left)
Optimizing NNI: done in 0.311782 secs using 198.3% CPU
Optimizing NNI: done in 0.219947 secs using 197.3% CPU
Optimizing NNI: done in 0.245028 secs using 197.4% CPU
Optimizing NNI: done in 0.135169 secs using 197.9% CPU
Optimizing NNI: done in 0.209935 secs using 197.2% CPU
Optimizing NNI: done in 0.231265 secs using 198.5% CPU
Optimizing NNI: done in 0.315514 secs using 197.7% CPU
Optimizing NNI: done in 0.21729 secs using 198.7% CPU
Optimizing NNI: done in 0.237166 secs using 197.6% CPU
Optimizing NNI: done in 0.202828 secs using 198.7% CPU
Iteration 80 / LogL: -8703.043 / Time: 0h:0m:24s (0h:0m:6s left)
Optimizing NNI: done in 0.259207 secs using 197.6% CPU
Optimizing NNI: done in 0.253216 secs using 197.8% CPU
Optimizing NNI: done in 0.312406 secs using 197.3% CPU
Optimizing NNI: done in 0.16312 secs using 197% CPU
Optimizing NNI: done in 0.280439 secs using 197.5% CPU
Optimizing NNI: done in 0.338008 secs using 198.1% CPU
Optimizing NNI: done in 0.290871 secs using 197.6% CPU
Optimizing NNI: done in 0.287239 secs using 197.1% CPU
Optimizing NNI: done in 0.276894 secs using 197.8% CPU
Optimizing NNI: done in 0.282923 secs using 197.2% CPU
Iteration 90 / LogL: -8702.920 / Time: 0h:0m:27s (0h:0m:3s left)
Optimizing NNI: done in 0.125163 secs using 198.3% CPU
Optimizing NNI: done in 0.22203 secs using 196.5% CPU
Optimizing NNI: done in 0.273677 secs using 197.2% CPU
Optimizing NNI: done in 0.214982 secs using 197.7% CPU
Optimizing NNI: done in 0.377697 secs using 197.9% CPU
Optimizing NNI: done in 0.236837 secs using 198.2% CPU
Optimizing NNI: done in 0.216593 secs using 197.3% CPU
Optimizing NNI: done in 0.189039 secs using 197.5% CPU
Optimizing NNI: done in 0.25111 secs using 197.9% CPU
Optimizing NNI: done in 0.242987 secs using 198.2% CPU
Iteration 100 / LogL: -8702.922 / Time: 0h:0m:29s (0h:0m:0s left)
Log-likelihood cutoff on original alignment: -8741.524
NOTE: Bootstrap correlation coefficient of split occurrence frequencies: 1.000
Optimizing NNI: done in 0.317513 secs using 198.2% CPU
Optimizing NNI: done in 0.316569 secs using 198.3% CPU
TREE SEARCH COMPLETED AFTER 102 ITERATIONS / Time: 0h:0m:30s

--------------------------------------------------------------------
|                    FINALIZING TREE SEARCH                        |
--------------------------------------------------------------------
Performs final model parameters optimization
Estimate model parameters (epsilon = 0.010)
1. Initial log-likelihood: -8702.853
Optimal log-likelihood: -8702.850
Proportion of invariable sites: 0.081
Gamma shape alpha: 1.680
Parameters optimization took 1 rounds (0.058 sec)
BEST SCORE FOUND : -8702.850

Testing tree branches by SH-like aLRT with 1000 replicates...
0.168 sec.
Creating bootstrap support values...
Split supports printed to NEXUS file FungalCW_tree_20231129/336181at4751.aa.mfa.splits.nex
Total tree length: 7.311

Total number of iterations: 102
CPU time used for tree search: 53.408 sec (0h:0m:53s)
Wall-clock time used for tree search: 27.108 sec (0h:0m:27s)
Total CPU time used: 60.367 sec (0h:1m:0s)
Total wall-clock time used: 30.682 sec (0h:0m:30s)

Computing bootstrap consensus tree...
Reading input file FungalCW_tree_20231129/336181at4751.aa.mfa.splits.nex...
18 taxa and 73 splits.
Consensus tree written to FungalCW_tree_20231129/336181at4751.aa.mfa.contree
Reading input trees file FungalCW_tree_20231129/336181at4751.aa.mfa.contree
Log-likelihood of consensus tree: -8702.885

Analysis results written to: 
  IQ-TREE report:                FungalCW_tree_20231129/336181at4751.aa.mfa.iqtree
  Maximum-likelihood tree:       FungalCW_tree_20231129/336181at4751.aa.mfa.treefile
  Likelihood distances:          FungalCW_tree_20231129/336181at4751.aa.mfa.mldist

Ultrafast bootstrap approximation results written to:
  Split support values:          FungalCW_tree_20231129/336181at4751.aa.mfa.splits.nex
  Consensus tree:                FungalCW_tree_20231129/336181at4751.aa.mfa.contree
  Screen log file:               FungalCW_tree_20231129/336181at4751.aa.mfa.log

Date and Time: Wed Nov 29 01:39:12 2023
