IQ-TREE multicore version 2.2.2.6 COVID-edition for Linux 64-bit built May 27 2023
Developed by Bui Quang Minh, James Barbetti, Nguyen Lam Tung,
Olga Chernomor, Heiko Schmidt, Dominik Schrempf, Michael Woodhams, Ly Trong Nhan.

Host:    i28 (AVX2, FMA3, 503 GB RAM)
Command: iqtree2 -s FungalCW_tree_20231129/338301at4751.aa.mfa -gz -B 1000 -alrt 1000 -nt 2
Seed:    134394 (Using SPRNG - Scalable Parallel Random Number Generator)
Time:    Wed Nov 29 01:38:19 2023
Kernel:  AVX+FMA - 2 threads (2 CPU cores detected)

Reading alignment file FungalCW_tree_20231129/338301at4751.aa.mfa ... Fasta format detected
Reading fasta file: done in 0.000159025 secs using 33.33% CPU
Alignment most likely contains protein sequences
Constructing alignment: done in 0.000813961 secs using 119.2% CPU
Alignment has 14 sequences with 363 columns, 346 distinct patterns
182 parsimony-informative, 124 singleton sites, 57 constant sites
                                                      Gap/Ambiguity  Composition  p-value
Analyzing sequences: done in 2.21729e-05 secs using 130.8% CPU
   1  Basidiobolus_meristosporus_CBS_931.73.Basme2finSC.v1   49.04%    passed     72.04%
   2  Botrytis_cinerea_T4                                    33.61%    passed     91.12%
   3  Colletotrichum_graminicola_M1.001                      35.81%    passed     90.04%
   4  Colletotrichum_higginsianum_IMI_349063                 35.26%    passed     98.04%
   5  Fusarium_graminearum_PH-1                              31.13%    passed     71.47%
   6  Fusarium_verticillioides_7600                          20.39%    passed     58.66%
   7  Mortierella_elongata_AG-77                             42.15%    passed     93.24%
   8  Mucor_mucedo_NRRL_3635                                 38.84%    passed     90.47%
   9  Neoconidiobolus_thromboides_FSU_785.Conth1.v1          38.02%    failed      0.09%
  10  Phycomyces_blakesleeanus_NRRL_1555.Phybl2.v2           40.77%    passed     83.06%
  11  Trichoderma_harzianum_CBS_226.95                       33.61%    passed     99.51%
  12  Umbelopsis_ramanniana_NRRL_5844.Umbra1.v1              38.57%    passed     73.57%
  13  Ustilago_maydis                                        26.72%    failed      4.32%
  14  Zymoseptoria_tritici_IP0323                            29.75%    passed     78.61%
****  TOTAL                                                  35.26%  2 sequences failed composition chi2 test (p-value<5%; df=19)
Checking for duplicate sequences: done in 8.51154e-05 secs using 191.5% CPU


Create initial parsimony tree by phylogenetic likelihood library (PLL)... 0.002 seconds
Perform fast likelihood tree search using LG+I+G model...
Estimate model parameters (epsilon = 5.000)
Perform nearest neighbor interchange...
Optimizing NNI: done in 0.0833721 secs using 198% CPU
Estimate model parameters (epsilon = 1.000)
1. Initial log-likelihood: -7137.421
Optimal log-likelihood: -7136.850
Proportion of invariable sites: 0.039
Gamma shape alpha: 0.899
Parameters optimization took 1 rounds (0.061 sec)
Time for fast ML tree search: 0.328 seconds

NOTE: ModelFinder requires 9 MB RAM!
ModelFinder will test up to 1232 protein models (sample size: 363) ...
 No. Model         -LnL         df  AIC          AICc         BIC
  1  LG            7381.748     25  14813.495    14817.353    14910.855
  2  LG+I          7300.430     26  14652.860    14657.038    14754.114
  3  LG+G4         7139.272     26  14330.544    14334.723    14431.799
  4  LG+I+G4       7136.811     27  14327.623    14332.136    14432.772
  5  LG+R2         7180.218     27  14414.436    14418.950    14519.585
  6  LG+R3         7132.174     29  14322.347    14327.572    14435.285
  7  LG+R4         7131.926     31  14325.851    14331.845    14446.578
 14  LG+I+R2       7161.653     28  14379.307    14384.169    14488.350
 15  LG+I+R3       7130.634     30  14321.269    14326.871    14438.101
 16  LG+I+R4       7131.085     32  14326.171    14332.571    14450.792
 25  LG+F+G4       7088.878     45  14267.756    14280.816    14443.004
 26  LG+F+I+G4     7085.132     46  14262.264    14275.948    14441.407
 28  LG+F+R3       7082.217     48  14260.434    14275.414    14447.365
 37  LG+F+I+R3     7079.900     49  14257.799    14273.454    14448.625
 47  WAG+G4        7154.017     26  14360.034    14364.213    14461.289
 48  WAG+I+G4      7147.428     27  14348.856    14353.369    14454.005
 50  WAG+R3        7142.251     29  14342.502    14347.727    14455.440
 59  WAG+I+R3      7139.485     30  14338.969    14344.572    14455.802
 69  WAG+F+G4      7096.820     45  14283.639    14296.699    14458.887
 70  WAG+F+I+G4    7090.011     46  14272.022    14285.705    14451.164
 72  WAG+F+R3      7087.408     48  14270.817    14285.798    14457.748
 81  WAG+F+I+R3    7083.985     49  14265.971    14281.626    14456.796
 91  JTT+G4        7174.086     26  14400.172    14404.350    14501.426
 92  JTT+I+G4      7166.246     27  14386.493    14391.006    14491.642
 94  JTT+R3        7163.291     29  14384.582    14389.807    14497.520
103  JTT+I+R3      7159.346     30  14378.692    14384.295    14495.524
113  JTT+F+G4      7113.591     45  14317.182    14330.241    14492.430
114  JTT+F+I+G4    7104.498     46  14300.996    14314.679    14480.138
116  JTT+F+R3      7104.971     48  14305.942    14320.923    14492.874
125  JTT+F+I+R3    7099.892     49  14297.783    14313.438    14488.609
WARNING: Normalizing state frequencies so that sum of them equals to 1
135  Q.pfam+G4     7134.604     26  14321.208    14325.387    14422.463
WARNING: Normalizing state frequencies so that sum of them equals to 1
136  Q.pfam+I+G4   7132.030     27  14318.059    14322.573    14423.208
WARNING: Normalizing state frequencies so that sum of them equals to 1
138  Q.pfam+R3     7126.680     29  14311.361    14316.586    14424.299
WARNING: Normalizing state frequencies so that sum of them equals to 1
147  Q.pfam+I+R3   7125.428     30  14310.856    14316.458    14427.688
WARNING: Normalizing state frequencies so that sum of them equals to 1
157  Q.pfam+F+G4   7081.292     45  14252.584    14265.644    14427.832
WARNING: Normalizing state frequencies so that sum of them equals to 1
158  Q.pfam+F+I+G4 7077.659     46  14247.317    14261.001    14426.460
WARNING: Normalizing state frequencies so that sum of them equals to 1
160  Q.pfam+F+R3   7073.876     48  14243.753    14258.734    14430.684
WARNING: Normalizing state frequencies so that sum of them equals to 1
169  Q.pfam+F+I+R3 7071.980     49  14241.960    14257.615    14432.785
WARNING: Normalizing state frequencies so that sum of them equals to 1
179  Q.bird+G4     7240.529     26  14533.057    14537.236    14634.312
WARNING: Normalizing state frequencies so that sum of them equals to 1
180  Q.bird+I+G4   7234.201     27  14522.402    14526.916    14627.551
WARNING: Normalizing state frequencies so that sum of them equals to 1
182  Q.bird+R3     7232.353     29  14522.707    14527.932    14635.644
WARNING: Normalizing state frequencies so that sum of them equals to 1
191  Q.bird+I+R3   7228.218     30  14516.437    14522.039    14633.269
WARNING: Normalizing state frequencies so that sum of them equals to 1
201  Q.bird+F+G4   7167.556     45  14425.113    14438.172    14600.361
WARNING: Normalizing state frequencies so that sum of them equals to 1
202  Q.bird+F+I+G4 7159.677     46  14411.354    14425.037    14590.496
WARNING: Normalizing state frequencies so that sum of them equals to 1
204  Q.bird+F+R3   7160.704     48  14417.408    14432.389    14604.340
WARNING: Normalizing state frequencies so that sum of them equals to 1
213  Q.bird+F+I+R3 7155.542     49  14409.083    14424.738    14599.909
WARNING: Normalizing state frequencies so that sum of them equals to 1
223  Q.mammal+G4   7212.575     26  14477.150    14481.329    14578.405
WARNING: Normalizing state frequencies so that sum of them equals to 1
224  Q.mammal+I+G4 7206.899     27  14467.798    14472.312    14572.947
WARNING: Normalizing state frequencies so that sum of them equals to 1
226  Q.mammal+R3   7202.963     29  14463.926    14469.152    14576.864
WARNING: Normalizing state frequencies so that sum of them equals to 1
235  Q.mammal+I+R3 7199.923     30  14459.846    14465.448    14576.678
WARNING: Normalizing state frequencies so that sum of them equals to 1
245  Q.mammal+F+G4 7141.982     45  14373.964    14387.024    14549.212
WARNING: Normalizing state frequencies so that sum of them equals to 1
246  Q.mammal+F+I+G4 7134.930     46  14361.859    14375.543    14541.002
WARNING: Normalizing state frequencies so that sum of them equals to 1
248  Q.mammal+F+R3 7133.575     48  14363.149    14378.130    14550.081
WARNING: Normalizing state frequencies so that sum of them equals to 1
257  Q.mammal+F+I+R3 7129.932     49  14357.864    14373.519    14548.690
267  Q.insect+G4   7200.020     26  14452.039    14456.218    14553.294
268  Q.insect+I+G4 7195.043     27  14444.085    14448.599    14549.234
270  Q.insect+R3   7194.475     29  14446.950    14452.175    14559.888
279  Q.insect+I+R3 7190.987     30  14441.973    14447.575    14558.805
289  Q.insect+F+G4 7094.252     45  14278.504    14291.564    14453.753
290  Q.insect+F+I+G4 7087.282     46  14266.565    14280.248    14445.707
292  Q.insect+F+R3 7088.970     48  14273.940    14288.921    14460.872
301  Q.insect+F+I+R3 7084.075     49  14266.150    14281.805    14456.975
WARNING: Normalizing state frequencies so that sum of them equals to 1
311  Q.plant+G4    7209.550     26  14471.101    14475.279    14572.355
WARNING: Normalizing state frequencies so that sum of them equals to 1
312  Q.plant+I+G4  7203.697     27  14461.393    14465.907    14566.542
WARNING: Normalizing state frequencies so that sum of them equals to 1
314  Q.plant+R3    7203.974     29  14465.947    14471.172    14578.885
WARNING: Normalizing state frequencies so that sum of them equals to 1
323  Q.plant+I+R3  7199.213     30  14458.426    14464.028    14575.258
WARNING: Normalizing state frequencies so that sum of them equals to 1
333  Q.plant+F+G4  7128.873     45  14347.745    14360.805    14522.993
WARNING: Normalizing state frequencies so that sum of them equals to 1
334  Q.plant+F+I+G4 7120.446     46  14332.892    14346.576    14512.035
WARNING: Normalizing state frequencies so that sum of them equals to 1
336  Q.plant+F+R3  7123.943     48  14343.886    14358.867    14530.818
WARNING: Normalizing state frequencies so that sum of them equals to 1
345  Q.plant+F+I+R3 7117.323     49  14332.646    14348.301    14523.472
WARNING: Normalizing state frequencies so that sum of them equals to 1
355  Q.yeast+G4    7212.771     26  14477.542    14481.720    14578.796
WARNING: Normalizing state frequencies so that sum of them equals to 1
356  Q.yeast+I+G4  7208.638     27  14471.276    14475.789    14576.425
WARNING: Normalizing state frequencies so that sum of them equals to 1
358  Q.yeast+R3    7207.149     29  14472.298    14477.523    14585.236
WARNING: Normalizing state frequencies so that sum of them equals to 1
367  Q.yeast+I+R3  7203.645     30  14467.290    14472.892    14584.122
WARNING: Normalizing state frequencies so that sum of them equals to 1
377  Q.yeast+F+G4  7089.375     45  14268.750    14281.810    14443.998
WARNING: Normalizing state frequencies so that sum of them equals to 1
378  Q.yeast+F+I+G4 7084.026     46  14260.052    14273.736    14439.195
WARNING: Normalizing state frequencies so that sum of them equals to 1
380  Q.yeast+F+R3  7084.291     48  14264.583    14279.563    14451.514
WARNING: Normalizing state frequencies so that sum of them equals to 1
389  Q.yeast+F+I+R3 7080.247     49  14258.495    14274.150    14449.321
399  JTTDCMut+G4   7172.834     26  14397.669    14401.847    14498.923
400  JTTDCMut+I+G4 7164.725     27  14383.450    14387.964    14488.599
402  JTTDCMut+R3   7161.929     29  14381.858    14387.083    14494.796
411  JTTDCMut+I+R3 7157.850     30  14375.701    14381.303    14492.533
421  JTTDCMut+F+G4 7112.348     45  14314.696    14327.756    14489.944
422  JTTDCMut+F+I+G4 7103.068     46  14298.137    14311.820    14477.279
424  JTTDCMut+F+R3 7103.612     48  14303.223    14318.204    14490.154
433  JTTDCMut+F+I+R3 7098.486     49  14294.973    14310.628    14485.799
443  DCMut+G4      7211.252     26  14474.505    14478.683    14575.759
444  DCMut+I+G4    7197.856     27  14449.712    14454.225    14554.861
446  DCMut+R3      7201.630     29  14461.260    14466.485    14574.198
455  DCMut+I+R3    7192.238     30  14444.476    14450.078    14561.308
465  DCMut+F+G4    7118.163     45  14326.326    14339.385    14501.574
466  DCMut+F+I+G4  7103.713     46  14299.427    14313.110    14478.569
468  DCMut+F+R3    7111.524     48  14319.047    14334.028    14505.978
477  DCMut+F+I+R3  7100.057     49  14298.113    14313.768    14488.939
487  VT+G4         7139.008     26  14330.016    14334.194    14431.270
488  VT+I+G4       7132.764     27  14319.529    14324.042    14424.678
490  VT+R3         7128.711     29  14315.422    14320.647    14428.359
499  VT+I+R3       7126.603     30  14313.205    14318.808    14430.037
509  VT+F+G4       7088.759     45  14267.518    14280.578    14442.766
510  VT+F+I+G4     7081.825     46  14255.649    14269.333    14434.792
512  VT+F+R3       7079.604     48  14255.207    14270.188    14442.138
521  VT+F+I+R3     7076.925     49  14251.850    14267.505    14442.675
531  PMB+G4        7180.627     26  14413.253    14417.432    14514.508
532  PMB+I+G4      7176.390     27  14406.781    14411.294    14511.929
534  PMB+R3        7171.814     29  14401.627    14406.852    14514.565
543  PMB+I+R3      7170.892     30  14401.784    14407.386    14518.616
553  PMB+F+G4      7097.836     45  14285.671    14298.731    14460.919
554  PMB+F+I+G4    7092.707     46  14277.414    14291.097    14456.556
556  PMB+F+R3      7090.480     48  14276.959    14291.940    14463.891
565  PMB+F+I+R3    7088.624     49  14275.247    14290.902    14466.073
575  Blosum62+G4   7182.731     26  14417.463    14421.641    14518.717
576  Blosum62+I+G4 7178.657     27  14411.314    14415.827    14516.463
578  Blosum62+R3   7173.686     29  14405.373    14410.598    14518.310
587  Blosum62+I+R3 7172.718     30  14405.437    14411.039    14522.269
597  Blosum62+F+G4 7091.923     45  14273.847    14286.907    14449.095
598  Blosum62+F+I+G4 7087.191     46  14266.382    14280.065    14445.524
600  Blosum62+F+R3 7084.372     48  14264.744    14279.725    14451.675
609  Blosum62+F+I+R3 7082.549     49  14263.098    14278.752    14453.923
619  Dayhoff+G4    7211.511     26  14475.022    14479.201    14576.277
620  Dayhoff+I+G4  7198.102     27  14450.205    14454.718    14555.354
622  Dayhoff+R3    7201.891     29  14461.782    14467.007    14574.719
631  Dayhoff+I+R3  7192.450     30  14444.899    14450.501    14561.731
641  Dayhoff+F+G4  7118.494     45  14326.988    14340.048    14502.236
642  Dayhoff+F+I+G4 7103.998     46  14299.995    14313.679    14479.138
644  Dayhoff+F+R3  7111.881     48  14319.762    14334.743    14506.693
653  Dayhoff+F+I+R3 7100.323     49  14298.645    14314.300    14489.471
663  mtREV+G4      7583.157     26  15218.314    15222.493    15319.569
664  mtREV+I+G4    7583.481     27  15220.961    15225.475    15326.110
666  mtREV+R3      7579.761     29  15217.521    15222.746    15330.459
675  mtREV+I+R3    7579.753     30  15219.507    15225.109    15336.339
685  mtREV+F+G4    7169.847     45  14429.695    14442.755    14604.943
686  mtREV+F+I+G4  7167.372     46  14426.745    14440.428    14605.887
688  mtREV+F+R3    7161.260     48  14418.519    14433.500    14605.451
697  mtREV+F+I+R3  7158.169     49  14414.338    14429.993    14605.164
707  mtART+G4      7750.572     26  15553.144    15557.323    15654.399
708  mtART+I+G4    7750.232     27  15554.465    15558.978    15659.614
710  mtART+R3      7747.003     29  15552.007    15557.232    15664.945
719  mtART+I+R3    7746.617     30  15553.234    15558.836    15670.066
729  mtART+F+G4    7209.661     45  14509.322    14522.382    14684.570
730  mtART+F+I+G4  7207.416     46  14506.831    14520.515    14685.974
732  mtART+F+R3    7206.256     48  14508.513    14523.493    14695.444
741  mtART+F+I+R3  7212.893     49  14523.786    14539.441    14714.612
751  mtZOA+G4      7589.180     26  15230.360    15234.539    15331.615
752  mtZOA+I+G4    7589.064     27  15232.128    15236.642    15337.277
754  mtZOA+R3      7588.962     29  15235.924    15241.149    15348.861
763  mtZOA+I+R3    7588.825     30  15237.650    15243.253    15354.483
773  mtZOA+F+G4    7174.895     45  14439.790    14452.850    14615.039
774  mtZOA+F+I+G4  7171.181     46  14434.362    14448.046    14613.505
776  mtZOA+F+R3    7180.764     48  14457.528    14472.509    14644.459
785  mtZOA+F+I+R3  7166.688     49  14431.376    14447.031    14622.201
795  mtMet+G4      7697.123     26  15446.246    15450.425    15547.501
796  mtMet+I+G4    7696.551     27  15447.101    15451.615    15552.250
798  mtMet+R3      7695.457     29  15448.915    15454.140    15561.852
807  mtMet+I+R3    7695.076     30  15450.152    15455.755    15566.985
817  mtMet+F+G4    7186.794     45  14463.588    14476.648    14638.836
818  mtMet+F+I+G4  7180.780     46  14453.561    14467.244    14632.703
820  mtMet+F+R3    7183.735     48  14463.469    14478.450    14650.401
829  mtMet+F+I+R3  7178.960     49  14455.919    14471.574    14646.745
839  mtVer+G4      7645.698     26  15343.397    15347.575    15444.651
840  mtVer+I+G4    7644.619     27  15343.239    15347.752    15448.388
842  mtVer+R3      7647.979     29  15353.957    15359.182    15466.895
851  mtVer+I+R3    7645.748     30  15351.495    15357.098    15468.328
861  mtVer+F+G4    7240.213     45  14570.427    14583.486    14745.675
862  mtVer+F+I+G4  7231.100     46  14554.200    14567.883    14733.342
864  mtVer+F+R3    7244.435     48  14584.869    14599.850    14771.800
873  mtVer+F+I+R3  7227.601     49  14553.201    14568.856    14744.027
883  mtInv+G4      7819.980     26  15691.961    15696.140    15793.215
884  mtInv+I+G4    7819.260     27  15692.520    15697.034    15797.669
886  mtInv+R3      7814.125     29  15686.251    15691.476    15799.188
895  mtInv+I+R3    7813.974     30  15687.948    15693.550    15804.780
905  mtInv+F+G4    7162.115     45  14414.230    14427.290    14589.479
906  mtInv+F+I+G4  7155.080     46  14402.160    14415.843    14581.302
908  mtInv+F+R3    7159.141     48  14414.281    14429.262    14601.213
917  mtInv+F+I+R3  7153.353     49  14404.707    14420.362    14595.533
927  mtMAM+G4      7693.017     26  15438.035    15442.213    15539.289
928  mtMAM+I+G4    7692.581     27  15439.163    15443.676    15544.312
930  mtMAM+R3      7695.960     29  15449.920    15455.145    15562.857
939  mtMAM+I+R3    7694.871     30  15449.741    15455.344    15566.573
949  mtMAM+F+G4    7255.482     45  14600.965    14614.025    14776.213
950  mtMAM+F+I+G4  7252.252     46  14596.504    14610.187    14775.646
952  mtMAM+F+R3    7252.451     48  14600.903    14615.884    14787.834
961  mtMAM+F+I+R3  7245.601     49  14589.202    14604.857    14780.028
WARNING: Normalizing state frequencies so that sum of them equals to 1
971  FLAVI+G4      7360.934     26  14773.867    14778.046    14875.122
WARNING: Normalizing state frequencies so that sum of them equals to 1
972  FLAVI+I+G4    7355.900     27  14765.800    14770.314    14870.949
WARNING: Normalizing state frequencies so that sum of them equals to 1
974  FLAVI+R3      7354.623     29  14767.247    14772.472    14880.185
WARNING: Normalizing state frequencies so that sum of them equals to 1
983  FLAVI+I+R3    7349.547     30  14759.094    14764.697    14875.926
WARNING: Normalizing state frequencies so that sum of them equals to 1
993  FLAVI+F+G4    7258.472     45  14606.944    14620.004    14782.193
WARNING: Normalizing state frequencies so that sum of them equals to 1
994  FLAVI+F+I+G4  7248.499     46  14588.997    14602.681    14768.140
WARNING: Normalizing state frequencies so that sum of them equals to 1
996  FLAVI+F+R3    7248.213     48  14592.426    14607.407    14779.358
WARNING: Normalizing state frequencies so that sum of them equals to 1
1005  FLAVI+F+I+R3  7241.940     49  14581.880    14597.535    14772.705
1015  HIVb+G4       7245.710     26  14543.420    14547.598    14644.674
1016  HIVb+I+G4     7238.571     27  14531.141    14535.655    14636.290
1018  HIVb+R3       7238.850     29  14535.699    14540.924    14648.637
1027  HIVb+I+R3     7233.769     30  14527.539    14533.141    14644.371
1037  HIVb+F+G4     7162.757     45  14415.513    14428.573    14590.762
1038  HIVb+F+I+G4   7154.649     46  14401.299    14414.982    14580.441
1040  HIVb+F+R3     7156.354     48  14408.708    14423.689    14595.639
1049  HIVb+F+I+R3   7149.696     49  14397.391    14413.046    14588.217
1059  HIVw+G4       7497.263     26  15046.526    15050.705    15147.781
1060  HIVw+I+G4     7484.503     27  15023.007    15027.520    15128.156
1062  HIVw+R3       7493.112     29  15044.224    15049.449    15157.162
1071  HIVw+I+R3     7481.304     30  15022.607    15028.210    15139.439
1081  HIVw+F+G4     7262.653     45  14615.307    14628.367    14790.555
1082  HIVw+F+I+G4   7250.608     46  14593.217    14606.900    14772.359
1084  HIVw+F+R3     7256.463     48  14608.926    14623.907    14795.858
1093  HIVw+F+I+R3   7246.832     49  14591.663    14607.318    14782.489
1103  FLU+G4        7303.607     26  14659.214    14663.393    14760.469
1104  FLU+I+G4      7297.030     27  14648.060    14652.574    14753.209
1106  FLU+R3        7296.344     29  14650.689    14655.914    14763.627
1115  FLU+I+R3      7291.668     30  14643.335    14648.938    14760.167
1125  FLU+F+G4      7161.732     45  14413.464    14426.524    14588.712
1126  FLU+F+I+G4    7154.022     46  14400.043    14413.727    14579.186
1128  FLU+F+R3      7155.289     48  14406.578    14421.559    14593.510
1137  FLU+F+I+R3    7150.591     49  14399.182    14414.837    14590.008
1147  rtREV+G4      7147.288     26  14346.575    14350.754    14447.830
1148  rtREV+I+G4    7144.996     27  14343.992    14348.505    14449.141
1150  rtREV+R3      7138.451     29  14334.901    14340.126    14447.839
1159  rtREV+I+R3    7137.074     30  14334.148    14339.751    14450.980
1169  rtREV+F+G4    7088.802     45  14267.604    14280.664    14442.852
1170  rtREV+F+I+G4  7085.671     46  14263.342    14277.026    14442.485
1172  rtREV+F+R3    7081.507     48  14259.014    14273.994    14445.945
1181  rtREV+F+I+R3  7079.754     49  14257.508    14273.163    14448.334
1191  cpREV+G4      7205.018     26  14462.036    14466.215    14563.291
1192  cpREV+I+G4    7199.287     27  14452.574    14457.088    14557.723
1194  cpREV+R3      7197.413     29  14452.825    14458.051    14565.763
1203  cpREV+I+R3    7194.307     30  14448.615    14454.217    14565.447
1213  cpREV+F+G4    7135.448     45  14360.897    14373.957    14536.145
1214  cpREV+F+I+G4  7127.656     46  14347.313    14360.996    14526.455
1216  cpREV+F+R3    7127.533     48  14351.066    14366.047    14537.997
1225  cpREV+F+I+R3  7123.012     49  14344.024    14359.679    14534.849
Akaike Information Criterion:           Q.pfam+F+I+R3
Corrected Akaike Information Criterion: Q.pfam+F+I+R3
Bayesian Information Criterion:         Q.pfam+G4
Best-fit model: Q.pfam+G4 chosen according to BIC

All model information printed to FungalCW_tree_20231129/338301at4751.aa.mfa.model.gz
CPU time for ModelFinder: 127.230 seconds (0h:2m:7s)
Wall-clock time for ModelFinder: 64.602 seconds (0h:1m:4s)
Generating 1000 samples for ultrafast bootstrap (seed: 134394)...
WARNING: Normalizing state frequencies so that sum of them equals to 1

NOTE: 4 MB RAM (0 GB) is required!
Estimate model parameters (epsilon = 0.100)
1. Initial log-likelihood: -7134.604
Optimal log-likelihood: -7134.580
Gamma shape alpha: 0.748
Parameters optimization took 1 rounds (0.030 sec)
Wrote distance file to... 
Computing ML distances based on estimated model parameters...
Calculating distance matrix: done in 0.0377309 secs using 197.8% CPU
Computing ML distances took 0.037919 sec (of wall-clock time) 0.074995 sec (of CPU time)
WARNING: Some pairwise ML distances are too long (saturated)
Setting up auxiliary I and S matrices: done in 7.9155e-05 secs using 99.8% CPU
Constructing RapidNJ tree: done in 0.000298023 secs using 258.4% CPU
Computing RapidNJ tree took 0.000477 sec (of wall-clock time) 0.000981 sec (of CPU time)
Log-likelihood of RapidNJ tree: -7135.566
--------------------------------------------------------------------
|             INITIALIZING CANDIDATE TREE SET                      |
--------------------------------------------------------------------
Generating 98 parsimony trees... 0.249 second
Computing log-likelihood of 98 initial trees ... 0.976 seconds
Current best score: -7134.580

Do NNI search on 20 best initial trees
Optimizing NNI: done in 0.0441141 secs using 198.1% CPU
Estimate model parameters (epsilon = 0.100)
BETTER TREE FOUND at iteration 1: -7134.573
Optimizing NNI: done in 0.102289 secs using 197.2% CPU
Optimizing NNI: done in 0.137405 secs using 196.1% CPU
Optimizing NNI: done in 0.128104 secs using 198.3% CPU
Estimate model parameters (epsilon = 0.100)
UPDATE BEST LOG-LIKELIHOOD: -7133.573
Optimizing NNI: done in 0.167584 secs using 196.9% CPU
Estimate model parameters (epsilon = 0.100)
BETTER TREE FOUND at iteration 5: -7132.482
Optimizing NNI: done in 0.129701 secs using 196.7% CPU
Optimizing NNI: done in 0.17606 secs using 198% CPU
Optimizing NNI: done in 0.190802 secs using 197.1% CPU
Optimizing NNI: done in 0.192949 secs using 196.5% CPU
Optimizing NNI: done in 0.142713 secs using 197.4% CPU
Iteration 10 / LogL: -7134.688 / Time: 0h:0m:2s
Optimizing NNI: done in 0.218294 secs using 198.3% CPU
Optimizing NNI: done in 0.130608 secs using 196.5% CPU
Optimizing NNI: done in 0.182077 secs using 198.2% CPU
Optimizing NNI: done in 0.186525 secs using 198.3% CPU
Optimizing NNI: done in 0.146704 secs using 197.4% CPU
Optimizing NNI: done in 0.147567 secs using 198.3% CPU
Optimizing NNI: done in 0.174301 secs using 197.7% CPU
Optimizing NNI: done in 0.207255 secs using 196.3% CPU
Optimizing NNI: done in 0.202079 secs using 196.9% CPU
Optimizing NNI: done in 0.127479 secs using 197.5% CPU
Iteration 20 / LogL: -7134.876 / Time: 0h:0m:4s
Finish initializing candidate tree set (6)
Current best tree score: -7132.482 / CPU time: 4.567
Number of iterations: 20
--------------------------------------------------------------------
|               OPTIMIZING CANDIDATE TREE SET                      |
--------------------------------------------------------------------
Optimizing NNI: done in 0.142068 secs using 197% CPU
Optimizing NNI: done in 0.229649 secs using 197.8% CPU
Optimizing NNI: done in 0.201551 secs using 197.2% CPU
Optimizing NNI: done in 0.127188 secs using 197.2% CPU
Optimizing NNI: done in 0.159459 secs using 196.7% CPU
Optimizing NNI: done in 0.145656 secs using 197.3% CPU
Optimizing NNI: done in 0.218963 secs using 197.1% CPU
Optimizing NNI: done in 0.0788591 secs using 198.1% CPU
Optimizing NNI: done in 0.12396 secs using 197.2% CPU
Optimizing NNI: done in 0.181781 secs using 198.2% CPU
Iteration 30 / LogL: -7132.863 / Time: 0h:0m:6s (0h:0m:16s left)
Optimizing NNI: done in 0.177574 secs using 197% CPU
Optimizing NNI: done in 0.119286 secs using 198.1% CPU
Optimizing NNI: done in 0.118688 secs using 198.2% CPU
UPDATE BEST LOG-LIKELIHOOD: -7132.475
Optimizing NNI: done in 0.239924 secs using 197.7% CPU
Optimizing NNI: done in 0.114023 secs using 197.3% CPU
Optimizing NNI: done in 0.140997 secs using 198.2% CPU
Optimizing NNI: done in 0.16571 secs using 196.3% CPU
Optimizing NNI: done in 0.115866 secs using 196.3% CPU
Optimizing NNI: done in 0.102358 secs using 197.1% CPU
Optimizing NNI: done in 0.16525 secs using 195.1% CPU
Iteration 40 / LogL: -7133.753 / Time: 0h:0m:8s (0h:0m:13s left)
Optimizing NNI: done in 0.136583 secs using 196.6% CPU
Optimizing NNI: done in 0.120054 secs using 197.9% CPU
Optimizing NNI: done in 0.159233 secs using 197.4% CPU
Optimizing NNI: done in 0.22415 secs using 198% CPU
Optimizing NNI: done in 0.168484 secs using 196.9% CPU
Optimizing NNI: done in 0.175318 secs using 197.1% CPU
Optimizing NNI: done in 0.126869 secs using 198.1% CPU
Optimizing NNI: done in 0.234582 secs using 198% CPU
Optimizing NNI: done in 0.194045 secs using 197.1% CPU
Optimizing NNI: done in 0.170176 secs using 197.4% CPU
Iteration 50 / LogL: -7134.411 / Time: 0h:0m:9s (0h:0m:11s left)
Log-likelihood cutoff on original alignment: -7157.803
Optimizing NNI: done in 0.199529 secs using 196.4% CPU
Optimizing NNI: done in 0.142696 secs using 196.6% CPU
Optimizing NNI: done in 0.246081 secs using 197.5% CPU
Optimizing NNI: done in 0.129729 secs using 198% CPU
Optimizing NNI: done in 0.180771 secs using 196.9% CPU
Optimizing NNI: done in 0.144798 secs using 197.3% CPU
Optimizing NNI: done in 0.116476 secs using 196.3% CPU
Optimizing NNI: done in 0.185466 secs using 196.9% CPU
Optimizing NNI: done in 0.13766 secs using 197.3% CPU
Optimizing NNI: done in 0.176556 secs using 198.3% CPU
Iteration 60 / LogL: -7134.019 / Time: 0h:0m:11s (0h:0m:8s left)
Optimizing NNI: done in 0.0870359 secs using 192.5% CPU
Optimizing NNI: done in 0.12009 secs using 197.9% CPU
Optimizing NNI: done in 0.189345 secs using 190.5% CPU
Optimizing NNI: done in 0.172767 secs using 196.9% CPU
Optimizing NNI: done in 0.144165 secs using 196.5% CPU
Optimizing NNI: done in 0.146537 secs using 197.3% CPU
Optimizing NNI: done in 0.139787 secs using 197.3% CPU
Optimizing NNI: done in 0.190287 secs using 196% CPU
Optimizing NNI: done in 0.234192 secs using 196.7% CPU
Optimizing NNI: done in 0.205929 secs using 196.7% CPU
Iteration 70 / LogL: -7134.097 / Time: 0h:0m:13s (0h:0m:6s left)
Optimizing NNI: done in 0.132908 secs using 197.5% CPU
Optimizing NNI: done in 0.157728 secs using 197.6% CPU
Optimizing NNI: done in 0.124828 secs using 198.1% CPU
Optimizing NNI: done in 0.142656 secs using 197.5% CPU
Optimizing NNI: done in 0.234277 secs using 197.6% CPU
Optimizing NNI: done in 0.132079 secs using 195.8% CPU
Optimizing NNI: done in 0.162436 secs using 198.1% CPU
Optimizing NNI: done in 0.251499 secs using 197.6% CPU
Optimizing NNI: done in 0.132895 secs using 196.5% CPU
Optimizing NNI: done in 0.185983 secs using 197% CPU
Iteration 80 / LogL: -7134.144 / Time: 0h:0m:15s (0h:0m:4s left)
Optimizing NNI: done in 0.172593 secs using 198% CPU
Optimizing NNI: done in 0.214074 secs using 197.7% CPU
Optimizing NNI: done in 0.1587 secs using 197.6% CPU
Optimizing NNI: done in 0.133292 secs using 198% CPU
Optimizing NNI: done in 0.126816 secs using 198% CPU
Optimizing NNI: done in 0.128197 secs using 196.6% CPU
Optimizing NNI: done in 0.132211 secs using 198.1% CPU
Optimizing NNI: done in 0.251099 secs using 196.1% CPU
Optimizing NNI: done in 0.216613 secs using 196.3% CPU
Optimizing NNI: done in 0.173204 secs using 196.9% CPU
Iteration 90 / LogL: -7133.130 / Time: 0h:0m:17s (0h:0m:2s left)
Optimizing NNI: done in 0.235158 secs using 196.3% CPU
Optimizing NNI: done in 0.118244 secs using 198% CPU
Optimizing NNI: done in 0.159659 secs using 196.7% CPU
Optimizing NNI: done in 0.168285 secs using 197.8% CPU
Optimizing NNI: done in 0.140549 secs using 197.1% CPU
Optimizing NNI: done in 0.18371 secs using 196.9% CPU
Optimizing NNI: done in 0.243083 secs using 198.1% CPU
Optimizing NNI: done in 0.0722671 secs using 198.1% CPU
Optimizing NNI: done in 0.115048 secs using 198.1% CPU
Optimizing NNI: done in 0.080915 secs using 198.1% CPU
Iteration 100 / LogL: -7134.657 / Time: 0h:0m:18s (0h:0m:0s left)
Log-likelihood cutoff on original alignment: -7157.551
NOTE: Bootstrap correlation coefficient of split occurrence frequencies: 0.999
Optimizing NNI: done in 0.198341 secs using 197.1% CPU
Optimizing NNI: done in 0.169308 secs using 197% CPU
Optimizing NNI: done in 0.139573 secs using 198.2% CPU
Optimizing NNI: done in 0.172866 secs using 197.6% CPU
Optimizing NNI: done in 0.177424 secs using 197.5% CPU
Optimizing NNI: done in 0.130615 secs using 197.6% CPU
TREE SEARCH COMPLETED AFTER 106 ITERATIONS / Time: 0h:0m:19s

--------------------------------------------------------------------
|                    FINALIZING TREE SEARCH                        |
--------------------------------------------------------------------
Performs final model parameters optimization
Estimate model parameters (epsilon = 0.010)
1. Initial log-likelihood: -7132.475
2. Current log-likelihood: -7132.460
Optimal log-likelihood: -7132.458
Gamma shape alpha: 0.719
Parameters optimization took 2 rounds (0.058 sec)
BEST SCORE FOUND : -7132.458

Testing tree branches by SH-like aLRT with 1000 replicates...
0.094 sec.
Creating bootstrap support values...
Split supports printed to NEXUS file FungalCW_tree_20231129/338301at4751.aa.mfa.splits.nex
Total tree length: 27.082

Total number of iterations: 106
CPU time used for tree search: 38.524 sec (0h:0m:38s)
Wall-clock time used for tree search: 19.658 sec (0h:0m:19s)
Total CPU time used: 39.297 sec (0h:0m:39s)
Total wall-clock time used: 20.083 sec (0h:0m:20s)

Computing bootstrap consensus tree...
Reading input file FungalCW_tree_20231129/338301at4751.aa.mfa.splits.nex...
14 taxa and 95 splits.
Consensus tree written to FungalCW_tree_20231129/338301at4751.aa.mfa.contree
Reading input trees file FungalCW_tree_20231129/338301at4751.aa.mfa.contree
Log-likelihood of consensus tree: -7132.637

Analysis results written to: 
  IQ-TREE report:                FungalCW_tree_20231129/338301at4751.aa.mfa.iqtree
  Maximum-likelihood tree:       FungalCW_tree_20231129/338301at4751.aa.mfa.treefile
  Likelihood distances:          FungalCW_tree_20231129/338301at4751.aa.mfa.mldist

Ultrafast bootstrap approximation results written to:
  Split support values:          FungalCW_tree_20231129/338301at4751.aa.mfa.splits.nex
  Consensus tree:                FungalCW_tree_20231129/338301at4751.aa.mfa.contree
  Screen log file:               FungalCW_tree_20231129/338301at4751.aa.mfa.log

Date and Time: Wed Nov 29 01:39:43 2023
