IQ-TREE multicore version 2.2.2.6 COVID-edition for Linux 64-bit built May 27 2023
Developed by Bui Quang Minh, James Barbetti, Nguyen Lam Tung,
Olga Chernomor, Heiko Schmidt, Dominik Schrempf, Michael Woodhams, Ly Trong Nhan.

Host:    i28 (AVX2, FMA3, 503 GB RAM)
Command: iqtree2 -s FungalCW_tree_20231129/348111at4751.aa.mfa -gz -B 1000 -alrt 1000 -nt 2
Seed:    487913 (Using SPRNG - Scalable Parallel Random Number Generator)
Time:    Wed Nov 29 01:39:05 2023
Kernel:  AVX+FMA - 2 threads (2 CPU cores detected)

Reading alignment file FungalCW_tree_20231129/348111at4751.aa.mfa ... Fasta format detected
Reading fasta file: done in 0.000253916 secs
Alignment most likely contains protein sequences
Constructing alignment: done in 0.000967026 secs using 77.97% CPU
Alignment has 18 sequences with 439 columns, 377 distinct patterns
264 parsimony-informative, 84 singleton sites, 91 constant sites
                                                               Gap/Ambiguity  Composition  p-value
Analyzing sequences: done in 2.69413e-05 secs using 55.68% CPU
   1  Basidiobolus_meristosporus_CBS_931.73.Basme2finSC.v1            22.10%    passed     54.53%
   2  Botrytis_cinerea_T4                                             13.90%    passed     87.53%
   3  Capillidium_pumilum_ARSEF_79                                    14.58%    passed     75.97%
   4  Colletotrichum_graminicola_M1.001                               11.62%    passed     96.65%
   5  Colletotrichum_higginsianum_IMI_349063                          11.62%    passed     92.51%
   6  Fusarium_graminearum_PH-1                                       15.26%    passed     97.57%
   7  Fusarium_verticillioides_7600                                   15.26%    passed     99.90%
   8  Gilbertella_persicaria_var_persicaria_CBS_190.32-T.Gilper1.v1   19.59%    passed     86.74%
   9  Mortierella_elongata_AG-77                                      25.51%    passed     95.11%
  10  Mucor_mucedo_NRRL_3635                                          15.49%    passed     96.07%
  11  Neoconidiobolus_thromboides_FSU_785.Conth1.v1                   26.88%    passed     67.75%
  12  Phycomyces_blakesleeanus_NRRL_1555.Phybl2.v2                    35.31%    passed     98.84%
  13  Rhizopus_stolonifer_NRRL_66455                                  24.83%    passed     99.82%
  14  Trichoderma_harzianum_CBS_226.95                                26.65%    passed     96.00%
  15  Umbelopsis_ramanniana_NRRL_5844.Umbra1.v1                       13.67%    passed     99.54%
  16  Ustilago_maydis                                                 12.07%    passed     75.86%
  17  Zoophthora_radicans_ATCC_208865                                 16.40%    passed     64.76%
  18  Zymoseptoria_tritici_IP0323                                     17.31%    passed     99.22%
****  TOTAL                                                           18.78%  0 sequences failed composition chi2 test (p-value<5%; df=19)
Checking for duplicate sequences: done in 9.17912e-05 secs using 89.33% CPU


Create initial parsimony tree by phylogenetic likelihood library (PLL)... 0.003 seconds
Perform fast likelihood tree search using LG+I+G model...
Estimate model parameters (epsilon = 5.000)
Perform nearest neighbor interchange...
Optimizing NNI: done in 0.0561261 secs using 197.5% CPU
Estimate model parameters (epsilon = 1.000)
1. Initial log-likelihood: -8602.319
Optimal log-likelihood: -8601.830
Proportion of invariable sites: 0.066
Gamma shape alpha: 0.593
Parameters optimization took 1 rounds (0.087 sec)
Time for fast ML tree search: 0.414 seconds

NOTE: ModelFinder requires 12 MB RAM!
ModelFinder will test up to 1232 protein models (sample size: 439) ...
 No. Model         -LnL         df  AIC          AICc         BIC
  1  LG            9173.793     33  18413.587    18419.127    18548.375
  2  LG+I          8958.223     34  17984.446    17990.337    18123.319
  3  LG+G4         8601.661     34  17271.322    17277.213    17410.195
  4  LG+I+G4       8601.538     35  17273.076    17279.329    17416.033
  5  LG+R2         8682.593     35  17435.187    17441.440    17578.144
  6  LG+R3         8623.896     37  17321.792    17328.804    17472.918
  7  LG+R4         8606.386     39  17290.771    17298.591    17450.067
  8  LG+R5         8593.738     41  17269.475    17278.150    17436.940
  9  LG+R6         8590.278     43  17266.556    17276.135    17442.189
 14  LG+I+R2       8630.753     36  17333.506    17340.133    17480.548
 15  LG+I+R3       8603.027     38  17282.053    17289.463    17437.264
 16  LG+I+R4       8588.326     40  17256.652    17264.893    17420.032
 17  LG+I+R5       8587.553     42  17259.107    17268.228    17430.656
 25  LG+F+G4       8543.179     53  17192.357    17207.225    17408.836
 26  LG+F+I+G4     8543.160     54  17194.320    17209.789    17414.883
 38  LG+F+I+R4     8532.545     59  17183.089    17201.770    17424.075
 47  WAG+G4        8585.986     34  17239.971    17245.863    17378.844
 48  WAG+I+G4      8585.486     35  17240.971    17247.224    17383.929
 60  WAG+I+R4      8575.321     40  17230.641    17238.883    17394.021
 69  WAG+F+G4      8525.085     53  17156.170    17171.037    17372.648
 70  WAG+F+I+G4    8525.340     54  17158.679    17174.148    17379.242
 82  WAG+F+I+R4    8515.562     59  17149.123    17167.804    17390.109
 91  JTT+G4        8643.701     34  17355.403    17361.294    17494.276
 92  JTT+I+G4      8643.305     35  17356.610    17362.864    17499.568
104  JTT+I+R4      8635.771     40  17351.542    17359.783    17514.922
113  JTT+F+G4      8630.686     53  17367.372    17382.239    17583.850
114  JTT+F+I+G4    8630.708     54  17369.417    17384.885    17589.980
126  JTT+F+I+R4    8622.107     59  17362.214    17380.895    17603.200
WARNING: Normalizing state frequencies so that sum of them equals to 1
135  Q.pfam+G4     8597.529     34  17263.057    17268.948    17401.930
WARNING: Normalizing state frequencies so that sum of them equals to 1
136  Q.pfam+I+G4   8597.419     35  17264.839    17271.092    17407.796
WARNING: Normalizing state frequencies so that sum of them equals to 1
148  Q.pfam+I+R4   8584.405     40  17248.810    17257.051    17412.190
WARNING: Normalizing state frequencies so that sum of them equals to 1
157  Q.pfam+F+G4   8540.103     53  17186.205    17201.073    17402.684
WARNING: Normalizing state frequencies so that sum of them equals to 1
158  Q.pfam+F+I+G4 8540.086     54  17188.173    17203.641    17408.736
WARNING: Normalizing state frequencies so that sum of them equals to 1
170  Q.pfam+F+I+R4 8528.740     59  17175.481    17194.161    17416.466
WARNING: Normalizing state frequencies so that sum of them equals to 1
179  Q.bird+G4     8816.282     34  17700.564    17706.455    17839.437
WARNING: Normalizing state frequencies so that sum of them equals to 1
180  Q.bird+I+G4   8816.614     35  17703.227    17709.481    17846.185
WARNING: Normalizing state frequencies so that sum of them equals to 1
192  Q.bird+I+R4   8809.848     40  17699.696    17707.937    17863.076
WARNING: Normalizing state frequencies so that sum of them equals to 1
201  Q.bird+F+G4   8816.818     53  17739.636    17754.504    17956.115
WARNING: Normalizing state frequencies so that sum of them equals to 1
202  Q.bird+F+I+G4 8817.162     54  17742.324    17757.793    17962.887
WARNING: Normalizing state frequencies so that sum of them equals to 1
214  Q.bird+F+I+R4 8806.910     59  17731.820    17750.501    17972.806
WARNING: Normalizing state frequencies so that sum of them equals to 1
223  Q.mammal+G4   8735.777     34  17539.555    17545.446    17678.428
WARNING: Normalizing state frequencies so that sum of them equals to 1
224  Q.mammal+I+G4 8736.264     35  17542.529    17548.782    17685.486
WARNING: Normalizing state frequencies so that sum of them equals to 1
236  Q.mammal+I+R4 8730.482     40  17540.965    17549.206    17704.345
WARNING: Normalizing state frequencies so that sum of them equals to 1
245  Q.mammal+F+G4 8738.005     53  17582.010    17596.877    17798.488
WARNING: Normalizing state frequencies so that sum of them equals to 1
246  Q.mammal+F+I+G4 8738.467     54  17584.934    17600.403    17805.497
WARNING: Normalizing state frequencies so that sum of them equals to 1
258  Q.mammal+F+I+R4 8729.698     59  17577.397    17596.077    17818.382
267  Q.insect+G4   8656.074     34  17380.148    17386.040    17519.021
268  Q.insect+I+G4 8656.282     35  17382.565    17388.818    17525.522
280  Q.insect+I+R4 8647.053     40  17374.106    17382.348    17537.486
289  Q.insect+F+G4 8589.358     53  17284.715    17299.583    17501.194
290  Q.insect+F+I+G4 8589.577     54  17287.153    17302.622    17507.716
302  Q.insect+F+I+R4 8579.446     59  17276.893    17295.574    17517.878
WARNING: Normalizing state frequencies so that sum of them equals to 1
311  Q.plant+G4    8723.074     34  17514.148    17520.039    17653.021
WARNING: Normalizing state frequencies so that sum of them equals to 1
312  Q.plant+I+G4  8723.232     35  17516.465    17522.718    17659.422
WARNING: Normalizing state frequencies so that sum of them equals to 1
324  Q.plant+I+R4  8712.779     40  17505.557    17513.798    17668.937
WARNING: Normalizing state frequencies so that sum of them equals to 1
333  Q.plant+F+G4  8681.321     53  17468.642    17483.509    17685.120
WARNING: Normalizing state frequencies so that sum of them equals to 1
334  Q.plant+F+I+G4 8680.523     54  17469.046    17484.514    17689.609
WARNING: Normalizing state frequencies so that sum of them equals to 1
346  Q.plant+F+I+R4 8669.466     59  17456.932    17475.613    17697.918
WARNING: Normalizing state frequencies so that sum of them equals to 1
355  Q.yeast+G4    8682.829     34  17433.658    17439.549    17572.531
WARNING: Normalizing state frequencies so that sum of them equals to 1
356  Q.yeast+I+G4  8682.620     35  17435.240    17441.493    17578.197
WARNING: Normalizing state frequencies so that sum of them equals to 1
368  Q.yeast+I+R4  8670.139     40  17420.278    17428.519    17583.658
WARNING: Normalizing state frequencies so that sum of them equals to 1
377  Q.yeast+F+G4  8576.701     53  17259.402    17274.269    17475.880
WARNING: Normalizing state frequencies so that sum of them equals to 1
378  Q.yeast+F+I+G4 8576.745     54  17261.491    17276.959    17482.054
WARNING: Normalizing state frequencies so that sum of them equals to 1
390  Q.yeast+F+I+R4 8566.516     59  17251.033    17269.714    17492.018
399  JTTDCMut+G4   8641.073     34  17350.146    17356.037    17489.019
400  JTTDCMut+I+G4 8640.654     35  17351.308    17357.561    17494.266
412  JTTDCMut+I+R4 8633.182     40  17346.364    17354.605    17509.744
421  JTTDCMut+F+G4 8625.688     53  17357.376    17372.243    17573.854
422  JTTDCMut+F+I+G4 8625.700     54  17359.400    17374.869    17579.963
434  JTTDCMut+F+I+R4 8617.319     59  17352.638    17371.319    17593.623
443  DCMut+G4      8658.016     34  17384.032    17389.923    17522.905
444  DCMut+I+G4    8657.759     35  17385.518    17391.771    17528.475
456  DCMut+I+R4    8644.949     40  17369.899    17378.140    17533.279
465  DCMut+F+G4    8598.989     53  17303.978    17318.846    17520.457
466  DCMut+F+I+G4  8599.122     54  17306.243    17321.712    17526.806
478  DCMut+F+I+R4  8587.467     59  17292.933    17311.614    17533.919
487  VT+G4         8587.500     34  17243.001    17248.892    17381.874
488  VT+I+G4       8587.087     35  17244.173    17250.426    17387.131
500  VT+I+R4       8579.366     40  17238.733    17246.974    17402.113
509  VT+F+G4       8541.803     53  17189.607    17204.474    17406.085
510  VT+F+I+G4     8541.766     54  17191.532    17207.000    17412.095
522  VT+F+I+R4     8534.171     59  17186.342    17205.022    17427.327
531  PMB+G4        8597.368     34  17262.737    17268.628    17401.610
532  PMB+I+G4      8596.654     35  17263.308    17269.561    17406.265
544  PMB+I+R4      8587.840     40  17255.681    17263.922    17419.061
553  PMB+F+G4      8528.774     53  17163.549    17178.416    17380.027
554  PMB+F+I+G4    8528.469     54  17164.938    17180.407    17385.501
566  PMB+F+I+R4    8520.807     59  17159.613    17178.294    17400.599
575  Blosum62+G4   8619.997     34  17307.994    17313.885    17446.867
576  Blosum62+I+G4 8619.585     35  17309.169    17315.422    17452.127
588  Blosum62+I+R4 8610.063     40  17300.126    17308.367    17463.506
597  Blosum62+F+G4 8534.335     53  17174.670    17189.538    17391.149
598  Blosum62+F+I+G4 8534.408     54  17176.817    17192.285    17397.380
610  Blosum62+F+I+R4 8525.753     59  17169.507    17188.187    17410.492
619  Dayhoff+G4    8658.610     34  17385.220    17391.111    17524.093
620  Dayhoff+I+G4  8658.352     35  17386.705    17392.958    17529.662
632  Dayhoff+I+R4  8645.577     40  17371.153    17379.394    17534.533
641  Dayhoff+F+G4  8599.564     53  17305.127    17319.995    17521.605
642  Dayhoff+F+I+G4 8599.703     54  17307.406    17322.875    17527.969
654  Dayhoff+F+I+R4 8588.059     59  17294.118    17312.799    17535.103
663  mtREV+G4      9105.520     34  18279.040    18284.931    18417.913
664  mtREV+I+G4    9106.256     35  18282.512    18288.765    18425.469
676  mtREV+I+R4    9103.726     40  18287.453    18295.694    18450.833
685  mtREV+F+G4    8656.206     53  17418.412    17433.280    17634.891
686  mtREV+F+I+G4  8657.230     54  17422.460    17437.929    17643.023
698  mtREV+F+I+R4  8650.622     59  17419.244    17437.924    17660.229
707  mtART+G4      9256.831     34  18581.662    18587.554    18720.535
708  mtART+I+G4    9257.066     35  18584.132    18590.385    18727.089
720  mtART+I+R4    9256.477     40  18592.954    18601.196    18756.334
729  mtART+F+G4    8720.229     53  17546.458    17561.326    17762.937
730  mtART+F+I+G4  8720.830     54  17549.660    17565.129    17770.223
742  mtART+F+I+R4  8732.008     59  17582.016    17600.697    17823.002
751  mtZOA+G4      9056.681     34  18181.362    18187.253    18320.235
752  mtZOA+I+G4    9057.273     35  18184.547    18190.800    18327.504
764  mtZOA+I+R4    9060.067     40  18200.135    18208.376    18363.515
773  mtZOA+F+G4    8659.276     53  17424.552    17439.419    17641.030
774  mtZOA+F+I+G4  8659.595     54  17427.190    17442.658    17647.753
786  mtZOA+F+I+R4  8662.043     59  17442.086    17460.766    17683.071
795  mtMet+G4      9189.199     34  18446.397    18452.289    18585.270
796  mtMet+I+G4    9189.845     35  18449.689    18455.942    18592.646
808  mtMet+I+R4    9182.227     40  18444.453    18452.695    18607.833
817  mtMet+F+G4    8708.513     53  17523.027    17537.894    17739.505
818  mtMet+F+I+G4  8708.926     54  17525.851    17541.320    17746.414
830  mtMet+F+I+R4  8699.449     59  17516.898    17535.579    17757.884
839  mtVer+G4      9241.653     34  18551.306    18557.197    18690.179
840  mtVer+I+G4    9242.285     35  18554.570    18560.823    18697.528
852  mtVer+I+R4    9231.501     40  18543.003    18551.244    18706.383
861  mtVer+F+G4    8808.749     53  17723.498    17738.365    17939.976
862  mtVer+F+I+G4  8809.399     54  17726.799    17742.267    17947.362
874  mtVer+F+I+R4  8802.570     59  17723.140    17741.821    17964.126
883  mtInv+G4      9259.419     34  18586.839    18592.730    18725.712
884  mtInv+I+G4    9260.209     35  18590.417    18596.670    18733.375
896  mtInv+I+R4    9253.559     40  18587.118    18595.359    18750.498
905  mtInv+F+G4    8646.937     53  17399.875    17414.742    17616.353
906  mtInv+F+I+G4  8646.969     54  17401.938    17417.407    17622.501
918  mtInv+F+I+R4  8638.364     59  17394.728    17413.409    17635.714
927  mtMAM+G4      9327.814     34  18723.627    18729.518    18862.500
928  mtMAM+I+G4    9330.402     35  18730.805    18737.058    18873.762
940  mtMAM+I+R4    9324.132     40  18728.264    18736.505    18891.644
949  mtMAM+F+G4    8838.084     53  17782.167    17797.035    17998.646
950  mtMAM+F+I+G4  8838.674     54  17785.347    17800.816    18005.910
962  mtMAM+F+I+R4  8847.544     59  17813.088    17831.769    18054.074
WARNING: Normalizing state frequencies so that sum of them equals to 1
971  FLAVI+G4      8945.522     34  17959.044    17964.935    18097.917
WARNING: Normalizing state frequencies so that sum of them equals to 1
972  FLAVI+I+G4    8946.171     35  17962.343    17968.596    18105.300
WARNING: Normalizing state frequencies so that sum of them equals to 1
984  FLAVI+I+R4    8948.910     40  17977.820    17986.061    18141.200
WARNING: Normalizing state frequencies so that sum of them equals to 1
993  FLAVI+F+G4    8914.578     53  17935.156    17950.023    18151.634
WARNING: Normalizing state frequencies so that sum of them equals to 1
994  FLAVI+F+I+G4  8915.205     54  17938.410    17953.879    18158.973
WARNING: Normalizing state frequencies so that sum of them equals to 1
1006  FLAVI+F+I+R4  8912.368     59  17942.736    17961.417    18183.721
1015  HIVb+G4       8801.954     34  17671.907    17677.798    17810.780
1016  HIVb+I+G4     8802.776     35  17675.552    17681.805    17818.509
1028  HIVb+I+R4     8796.616     40  17673.231    17681.472    17836.611
1037  HIVb+F+G4     8776.203     53  17658.407    17673.274    17874.885
1038  HIVb+F+I+G4   8777.111     54  17662.222    17677.691    17882.785
1050  HIVb+F+I+R4   8766.536     59  17651.072    17669.753    17892.057
1059  HIVw+G4       9094.042     34  18256.085    18261.976    18394.958
1060  HIVw+I+G4     9093.209     35  18256.417    18262.670    18399.375
1072  HIVw+I+R4     9078.345     40  18236.690    18244.932    18400.070
1081  HIVw+F+G4     8985.239     53  18076.477    18091.345    18292.956
1082  HIVw+F+I+G4   8984.421     54  18076.842    18092.311    18297.405
1094  HIVw+F+I+R4   8970.428     59  18058.855    18077.536    18299.841
1103  FLU+G4        8756.415     34  17580.830    17586.721    17719.703
1104  FLU+I+G4      8756.280     35  17582.560    17588.813    17725.517
1116  FLU+I+R4      8749.590     40  17579.179    17587.420    17742.559
1125  FLU+F+G4      8711.036     53  17528.072    17542.939    17744.550
1126  FLU+F+I+G4    8711.075     54  17530.150    17545.619    17750.713
1138  FLU+F+I+R4    8704.845     59  17527.689    17546.370    17768.675
1147  rtREV+G4      8608.748     34  17285.496    17291.387    17424.369
1148  rtREV+I+G4    8608.237     35  17286.474    17292.727    17429.431
1160  rtREV+I+R4    8599.067     40  17278.135    17286.376    17441.515
1169  rtREV+F+G4    8529.929     53  17165.857    17180.725    17382.336
1170  rtREV+F+I+G4  8529.416     54  17166.832    17182.301    17387.395
1182  rtREV+F+I+R4  8520.800     59  17159.599    17178.280    17400.585
1191  cpREV+G4      8623.203     34  17314.406    17320.297    17453.279
1192  cpREV+I+G4    8623.013     35  17316.026    17322.279    17458.983
1204  cpREV+I+R4    8612.649     40  17305.297    17313.538    17468.677
1213  cpREV+F+G4    8567.529     53  17241.057    17255.925    17457.536
1214  cpREV+F+I+G4  8567.281     54  17242.561    17258.030    17463.124
1226  cpREV+F+I+R4  8556.563     59  17231.126    17249.807    17472.111
Akaike Information Criterion:           WAG+F+I+R4
Corrected Akaike Information Criterion: WAG+F+I+R4
Bayesian Information Criterion:         WAG+F+G4
Best-fit model: WAG+F+G4 chosen according to BIC

All model information printed to FungalCW_tree_20231129/348111at4751.aa.mfa.model.gz
CPU time for ModelFinder: 187.932 seconds (0h:3m:7s)
Wall-clock time for ModelFinder: 95.431 seconds (0h:1m:35s)
Generating 1000 samples for ultrafast bootstrap (seed: 487913)...

NOTE: 5 MB RAM (0 GB) is required!
Estimate model parameters (epsilon = 0.100)
1. Initial log-likelihood: -8525.085
Optimal log-likelihood: -8525.054
Gamma shape alpha: 0.499
Parameters optimization took 1 rounds (0.041 sec)
Wrote distance file to... 
Computing ML distances based on estimated model parameters...
Calculating distance matrix: done in 0.0381651 secs using 197.9% CPU
Computing ML distances took 0.038410 sec (of wall-clock time) 0.075990 sec (of CPU time)
Setting up auxiliary I and S matrices: done in 7.10487e-05 secs
Constructing RapidNJ tree: done in 0.000196934 secs
Computing RapidNJ tree took 0.000375 sec (of wall-clock time) 0.000020 sec (of CPU time)
Log-likelihood of RapidNJ tree: -8563.123
--------------------------------------------------------------------
|             INITIALIZING CANDIDATE TREE SET                      |
--------------------------------------------------------------------
Generating 98 parsimony trees... 0.307 second
Computing log-likelihood of 98 initial trees ... 1.360 seconds
Current best score: -8525.054

Do NNI search on 20 best initial trees
Optimizing NNI: done in 0.0958388 secs using 196.2% CPU
Estimate model parameters (epsilon = 0.100)
BETTER TREE FOUND at iteration 1: -8524.388
Optimizing NNI: done in 0.179725 secs using 197.7% CPU
Optimizing NNI: done in 0.245845 secs using 197.8% CPU
Optimizing NNI: done in 0.210804 secs using 197.7% CPU
Optimizing NNI: done in 0.178814 secs using 197.6% CPU
Optimizing NNI: done in 0.284067 secs using 196.4% CPU
Optimizing NNI: done in 0.252292 secs using 197.5% CPU
Optimizing NNI: done in 0.23063 secs using 197.7% CPU
Optimizing NNI: done in 0.226359 secs using 198.3% CPU
Optimizing NNI: done in 0.251359 secs using 196.7% CPU
Iteration 10 / LogL: -8524.661 / Time: 0h:0m:4s
Optimizing NNI: done in 0.201102 secs using 195.7% CPU
Optimizing NNI: done in 0.225155 secs using 198.2% CPU
Optimizing NNI: done in 0.272285 secs using 197.5% CPU
Optimizing NNI: done in 0.250678 secs using 197.1% CPU
Optimizing NNI: done in 0.193061 secs using 197.3% CPU
Optimizing NNI: done in 0.24353 secs using 197% CPU
Optimizing NNI: done in 0.197693 secs using 197.5% CPU
Optimizing NNI: done in 0.269983 secs using 196.9% CPU
Optimizing NNI: done in 0.198473 secs using 197.8% CPU
Optimizing NNI: done in 0.20765 secs using 197.4% CPU
Iteration 20 / LogL: -8526.959 / Time: 0h:0m:6s
Finish initializing candidate tree set (1)
Current best tree score: -8524.388 / CPU time: 6.199
Number of iterations: 20
--------------------------------------------------------------------
|               OPTIMIZING CANDIDATE TREE SET                      |
--------------------------------------------------------------------
Optimizing NNI: done in 0.16314 secs using 197% CPU
Optimizing NNI: done in 0.255669 secs using 197.4% CPU
Optimizing NNI: done in 0.298514 secs using 197.3% CPU
Optimizing NNI: done in 0.191448 secs using 197.1% CPU
Optimizing NNI: done in 0.187435 secs using 197.2% CPU
Optimizing NNI: done in 0.255967 secs using 197.9% CPU
Optimizing NNI: done in 0.230103 secs using 197% CPU
Optimizing NNI: done in 0.193204 secs using 198.4% CPU
Optimizing NNI: done in 0.205129 secs using 197.7% CPU
Optimizing NNI: done in 0.280599 secs using 197.1% CPU
Iteration 30 / LogL: -8524.453 / Time: 0h:0m:8s (0h:0m:21s left)
Optimizing NNI: done in 0.223757 secs using 196.5% CPU
Optimizing NNI: done in 0.156572 secs using 197.6% CPU
Optimizing NNI: done in 0.273714 secs using 198.4% CPU
Optimizing NNI: done in 0.22637 secs using 197% CPU
Optimizing NNI: done in 0.273583 secs using 197.9% CPU
Optimizing NNI: done in 0.207716 secs using 197.6% CPU
Optimizing NNI: done in 0.226359 secs using 196.6% CPU
Optimizing NNI: done in 0.184509 secs using 196.7% CPU
Optimizing NNI: done in 0.201745 secs using 197.2% CPU
Optimizing NNI: done in 0.267528 secs using 198% CPU
Iteration 40 / LogL: -8525.091 / Time: 0h:0m:11s (0h:0m:17s left)
Optimizing NNI: done in 0.229668 secs using 197.1% CPU
Optimizing NNI: done in 0.282939 secs using 198.4% CPU
Optimizing NNI: done in 0.178501 secs using 198.4% CPU
Optimizing NNI: done in 0.185649 secs using 197.9% CPU
Optimizing NNI: done in 0.217388 secs using 198.5% CPU
Optimizing NNI: done in 0.204144 secs using 197.4% CPU
Optimizing NNI: done in 0.186335 secs using 198.3% CPU
Optimizing NNI: done in 0.165971 secs using 197.7% CPU
Optimizing NNI: done in 0.228405 secs using 196.5% CPU
Optimizing NNI: done in 0.130584 secs using 196.7% CPU
Iteration 50 / LogL: -8533.572 / Time: 0h:0m:13s (0h:0m:13s left)
Log-likelihood cutoff on original alignment: -8571.301
Optimizing NNI: done in 0.202211 secs using 196.9% CPU
Optimizing NNI: done in 0.200608 secs using 197.8% CPU
Optimizing NNI: done in 0.184741 secs using 198.4% CPU
Optimizing NNI: done in 0.234947 secs using 198.4% CPU
Optimizing NNI: done in 0.263131 secs using 197.6% CPU
Optimizing NNI: done in 0.134264 secs using 198.3% CPU
Optimizing NNI: done in 0.288527 secs using 198% CPU
Optimizing NNI: done in 0.218724 secs using 198.4% CPU
Optimizing NNI: done in 0.230391 secs using 198.4% CPU
Optimizing NNI: done in 0.208569 secs using 198% CPU
Iteration 60 / LogL: -8532.683 / Time: 0h:0m:15s (0h:0m:10s left)
Optimizing NNI: done in 0.192702 secs using 198.4% CPU
Optimizing NNI: done in 0.179065 secs using 198.3% CPU
Optimizing NNI: done in 0.215156 secs using 198% CPU
Optimizing NNI: done in 0.159211 secs using 196.1% CPU
Optimizing NNI: done in 0.236157 secs using 197.1% CPU
Optimizing NNI: done in 0.279609 secs using 197.2% CPU
Optimizing NNI: done in 0.164729 secs using 196.5% CPU
Optimizing NNI: done in 0.200538 secs using 196.9% CPU
Optimizing NNI: done in 0.181313 secs using 197.8% CPU
Optimizing NNI: done in 0.281242 secs using 197.6% CPU
Iteration 70 / LogL: -8524.412 / Time: 0h:0m:17s (0h:0m:8s left)
Optimizing NNI: done in 0.160161 secs using 198.3% CPU
Optimizing NNI: done in 0.197329 secs using 196.9% CPU
Optimizing NNI: done in 0.148129 secs using 198% CPU
Optimizing NNI: done in 0.159321 secs using 197.7% CPU
Optimizing NNI: done in 0.182872 secs using 197.8% CPU
Optimizing NNI: done in 0.190213 secs using 198.2% CPU
Optimizing NNI: done in 0.277555 secs using 197.7% CPU
Optimizing NNI: done in 0.129506 secs using 197.7% CPU
Optimizing NNI: done in 0.33071 secs using 197.7% CPU
Optimizing NNI: done in 0.247927 secs using 197.5% CPU
Iteration 80 / LogL: -8524.424 / Time: 0h:0m:20s (0h:0m:5s left)
Optimizing NNI: done in 0.130977 secs using 196.9% CPU
Optimizing NNI: done in 0.177801 secs using 197% CPU
Optimizing NNI: done in 0.163388 secs using 197.5% CPU
Optimizing NNI: done in 0.166493 secs using 196.5% CPU
Optimizing NNI: done in 0.159177 secs using 197.7% CPU
Optimizing NNI: done in 0.22825 secs using 197.4% CPU
Optimizing NNI: done in 0.238672 secs using 198% CPU
Optimizing NNI: done in 0.326253 secs using 197.5% CPU
Optimizing NNI: done in 0.119901 secs using 197.6% CPU
Optimizing NNI: done in 0.337656 secs using 197.7% CPU
Iteration 90 / LogL: -8524.488 / Time: 0h:0m:22s (0h:0m:2s left)
Optimizing NNI: done in 0.288515 secs using 198% CPU
Optimizing NNI: done in 0.226644 secs using 197.2% CPU
Optimizing NNI: done in 0.225986 secs using 197.7% CPU
Optimizing NNI: done in 0.223037 secs using 197.8% CPU
Optimizing NNI: done in 0.434087 secs using 197.8% CPU
Optimizing NNI: done in 0.249792 secs using 198.1% CPU
Optimizing NNI: done in 0.17625 secs using 195.9% CPU
Optimizing NNI: done in 0.224947 secs using 196.9% CPU
Optimizing NNI: done in 0.418904 secs using 198% CPU
Optimizing NNI: done in 0.16903 secs using 198.1% CPU
Iteration 100 / LogL: -8532.768 / Time: 0h:0m:25s (0h:0m:0s left)
Log-likelihood cutoff on original alignment: -8571.301
NOTE: Bootstrap correlation coefficient of split occurrence frequencies: 0.999
Optimizing NNI: done in 0.251668 secs using 197% CPU
Optimizing NNI: done in 0.221385 secs using 198.2% CPU
TREE SEARCH COMPLETED AFTER 102 ITERATIONS / Time: 0h:0m:25s

--------------------------------------------------------------------
|                    FINALIZING TREE SEARCH                        |
--------------------------------------------------------------------
Performs final model parameters optimization
Estimate model parameters (epsilon = 0.010)
1. Initial log-likelihood: -8524.388
Optimal log-likelihood: -8524.388
Gamma shape alpha: 0.497
Parameters optimization took 1 rounds (0.038 sec)
BEST SCORE FOUND : -8524.388

Testing tree branches by SH-like aLRT with 1000 replicates...
0.141 sec.
Creating bootstrap support values...
Split supports printed to NEXUS file FungalCW_tree_20231129/348111at4751.aa.mfa.splits.nex
Total tree length: 14.426

Total number of iterations: 102
CPU time used for tree search: 49.769 sec (0h:0m:49s)
Wall-clock time used for tree search: 25.323 sec (0h:0m:25s)
Total CPU time used: 50.871 sec (0h:0m:50s)
Total wall-clock time used: 25.941 sec (0h:0m:25s)

Computing bootstrap consensus tree...
Reading input file FungalCW_tree_20231129/348111at4751.aa.mfa.splits.nex...
18 taxa and 88 splits.
Consensus tree written to FungalCW_tree_20231129/348111at4751.aa.mfa.contree
Reading input trees file FungalCW_tree_20231129/348111at4751.aa.mfa.contree
Log-likelihood of consensus tree: -8524.388

Analysis results written to: 
  IQ-TREE report:                FungalCW_tree_20231129/348111at4751.aa.mfa.iqtree
  Maximum-likelihood tree:       FungalCW_tree_20231129/348111at4751.aa.mfa.treefile
  Likelihood distances:          FungalCW_tree_20231129/348111at4751.aa.mfa.mldist

Ultrafast bootstrap approximation results written to:
  Split support values:          FungalCW_tree_20231129/348111at4751.aa.mfa.splits.nex
  Consensus tree:                FungalCW_tree_20231129/348111at4751.aa.mfa.contree
  Screen log file:               FungalCW_tree_20231129/348111at4751.aa.mfa.log

Date and Time: Wed Nov 29 01:41:07 2023
