IQ-TREE multicore version 2.2.2.6 COVID-edition for Linux 64-bit built May 27 2023
Developed by Bui Quang Minh, James Barbetti, Nguyen Lam Tung,
Olga Chernomor, Heiko Schmidt, Dominik Schrempf, Michael Woodhams, Ly Trong Nhan.

Host:    i28 (AVX2, FMA3, 503 GB RAM)
Command: iqtree2 -s FungalCW_tree_20231129/34830at4751.aa.mfa -gz -B 1000 -alrt 1000 -nt 2
Seed:    483692 (Using SPRNG - Scalable Parallel Random Number Generator)
Time:    Wed Nov 29 01:39:05 2023
Kernel:  AVX+FMA - 2 threads (2 CPU cores detected)

Reading alignment file FungalCW_tree_20231129/34830at4751.aa.mfa ... Fasta format detected
Reading fasta file: done in 0.000717163 secs using 76.97% CPU
Alignment most likely contains protein sequences
Constructing alignment: done in 0.00441885 secs using 141.8% CPU
Alignment has 18 sequences with 2008 columns, 1879 distinct patterns
975 parsimony-informative, 757 singleton sites, 276 constant sites
                                                               Gap/Ambiguity  Composition  p-value
Analyzing sequences: done in 0.000128031 secs using 99.19% CPU
   1  Basidiobolus_meristosporus_CBS_931.73.Basme2finSC.v1            70.02%    failed      0.55%
   2  Botrytis_cinerea_T4                                             35.61%    passed     38.53%
   3  Capillidium_pumilum_ARSEF_79                                    80.93%    failed      1.31%
   4  Colletotrichum_graminicola_M1.001                               37.30%    failed      0.94%
   5  Colletotrichum_higginsianum_IMI_349063                          35.16%    failed      1.62%
   6  Fusarium_graminearum_PH-1                                       36.21%    passed     32.61%
   7  Fusarium_verticillioides_7600                                   35.56%    passed     15.50%
   8  Gilbertella_persicaria_var_persicaria_CBS_190.32-T.Gilper1.v1   36.11%    passed     94.46%
   9  Mortierella_elongata_AG-77                                      34.21%    passed     86.74%
  10  Mucor_mucedo_NRRL_3635                                          37.30%    passed     83.14%
  11  Neoconidiobolus_thromboides_FSU_785.Conth1.v1                   39.64%    failed      0.00%
  12  Phycomyces_blakesleeanus_NRRL_1555.Phybl2.v2                    37.00%    passed     56.80%
  13  Rhizopus_stolonifer_NRRL_66455                                  37.30%    passed     56.49%
  14  Trichoderma_harzianum_CBS_226.95                                37.40%    passed     47.67%
  15  Umbelopsis_ramanniana_NRRL_5844.Umbra1.v1                       36.45%    passed     75.42%
  16  Ustilago_maydis                                                 38.50%    failed      0.34%
  17  Zoophthora_radicans_ATCC_208865                                 38.10%    failed      0.00%
  18  Zymoseptoria_tritici_IP0323                                     36.16%    passed     10.90%
WARNING: 2 sequences contain more than 50% gaps/ambiguity
****  TOTAL                                                           41.05%  7 sequences failed composition chi2 test (p-value<5%; df=19)
Checking for duplicate sequences: done in 0.000264168 secs using 90.85% CPU


Create initial parsimony tree by phylogenetic likelihood library (PLL)... 0.006 seconds
Perform fast likelihood tree search using LG+I+G model...
Estimate model parameters (epsilon = 5.000)
Perform nearest neighbor interchange...
Optimizing NNI: done in 0.413549 secs using 197.2% CPU
Estimate model parameters (epsilon = 1.000)
1. Initial log-likelihood: -35620.693
Optimal log-likelihood: -35620.055
Proportion of invariable sites: 0.044
Gamma shape alpha: 0.782
Parameters optimization took 1 rounds (0.373 sec)
Time for fast ML tree search: 2.025 seconds

NOTE: ModelFinder requires 60 MB RAM!
ModelFinder will test up to 1232 protein models (sample size: 2008) ...
 No. Model         -LnL         df  AIC          AICc         BIC
  1  LG            37435.441    33  74936.883    74938.019    75121.844
  2  LG+I          36888.018    34  73844.036    73845.242    74034.602
  3  LG+G4         35622.449    34  71312.897    71314.103    71503.463
  4  LG+I+G4       35619.818    35  71309.637    71310.915    71505.808
  5  LG+R2         35983.985    35  72037.970    72039.248    72234.141
  6  LG+R3         35613.809    37  71301.618    71303.046    71508.999
  7  LG+R4         35564.536    39  71207.073    71208.658    71425.664
  8  LG+R5         35554.309    41  71190.619    71192.371    71420.419
  9  LG+R6         35553.770    43  71193.541    71195.467    71434.551
 14  LG+I+R2       35795.194    36  71662.389    71663.740    71864.165
 15  LG+I+R3       35573.929    38  71223.858    71225.364    71436.844
 16  LG+I+R4       35554.355    40  71188.710    71190.377    71412.905
 17  LG+I+R5       35553.243    42  71190.486    71192.325    71425.892
 30  LG+F+R5       35504.752    60  71129.504    71133.263    71465.797
 38  LG+F+I+R4     35504.416    59  71126.833    71130.467    71457.521
 52  WAG+R5        35641.740    41  71365.479    71367.231    71595.280
 60  WAG+I+R4      35641.778    40  71363.557    71365.224    71587.753
 74  WAG+F+R5      35609.899    60  71339.797    71343.557    71676.091
 82  WAG+F+I+R4    35609.984    59  71337.968    71341.602    71668.657
 96  JTT+R5        35726.821    41  71535.642    71537.394    71765.442
104  JTT+I+R4      35726.427    40  71532.854    71534.522    71757.050
118  JTT+F+R5      35661.440    60  71442.880    71446.640    71779.174
126  JTT+F+I+R4    35661.037    59  71440.073    71443.708    71770.762
WARNING: Normalizing state frequencies so that sum of them equals to 1
140  Q.pfam+R5     35526.166    41  71134.332    71136.083    71364.132
WARNING: Normalizing state frequencies so that sum of them equals to 1
148  Q.pfam+I+R4   35526.335    40  71132.669    71134.337    71356.865
WARNING: Normalizing state frequencies so that sum of them equals to 1
162  Q.pfam+F+R5   35499.643    60  71119.285    71123.045    71455.579
WARNING: Normalizing state frequencies so that sum of them equals to 1
170  Q.pfam+F+I+R4 35499.635    59  71117.270    71120.904    71447.958
WARNING: Normalizing state frequencies so that sum of them equals to 1
184  Q.bird+R5     36120.594    41  72323.189    72324.941    72552.989
WARNING: Normalizing state frequencies so that sum of them equals to 1
192  Q.bird+I+R4   36121.805    40  72323.610    72325.278    72547.806
WARNING: Normalizing state frequencies so that sum of them equals to 1
206  Q.bird+F+R5   36034.762    60  72189.524    72193.284    72525.818
WARNING: Normalizing state frequencies so that sum of them equals to 1
214  Q.bird+F+I+R4 36036.281    59  72190.562    72194.197    72521.251
WARNING: Normalizing state frequencies so that sum of them equals to 1
228  Q.mammal+R5   35957.123    41  71996.246    71997.998    72226.047
WARNING: Normalizing state frequencies so that sum of them equals to 1
236  Q.mammal+I+R4 35957.968    40  71995.935    71997.603    72220.131
WARNING: Normalizing state frequencies so that sum of them equals to 1
250  Q.mammal+F+R5 35871.481    60  71862.962    71866.721    72199.255
WARNING: Normalizing state frequencies so that sum of them equals to 1
258  Q.mammal+F+I+R4 35872.704    59  71863.409    71867.043    72194.098
272  Q.insect+R5   35626.362    41  71334.724    71336.475    71564.524
280  Q.insect+I+R4 35626.119    40  71332.238    71333.905    71556.434
294  Q.insect+F+R5 35532.050    60  71184.100    71187.859    71520.394
302  Q.insect+F+I+R4 35531.528    59  71181.056    71184.690    71511.745
WARNING: Normalizing state frequencies so that sum of them equals to 1
316  Q.plant+R5    35751.717    41  71585.435    71587.187    71815.236
WARNING: Normalizing state frequencies so that sum of them equals to 1
324  Q.plant+I+R4  35751.541    40  71583.082    71584.750    71807.278
WARNING: Normalizing state frequencies so that sum of them equals to 1
338  Q.plant+F+R5  35721.072    60  71562.144    71565.904    71898.438
WARNING: Normalizing state frequencies so that sum of them equals to 1
346  Q.plant+F+I+R4 35720.773    59  71559.547    71563.181    71890.235
WARNING: Normalizing state frequencies so that sum of them equals to 1
360  Q.yeast+R5    35626.420    41  71334.840    71336.592    71564.641
WARNING: Normalizing state frequencies so that sum of them equals to 1
368  Q.yeast+I+R4  35626.227    40  71332.454    71334.121    71556.650
WARNING: Normalizing state frequencies so that sum of them equals to 1
382  Q.yeast+F+R5  35512.085    60  71144.171    71147.931    71480.465
WARNING: Normalizing state frequencies so that sum of them equals to 1
390  Q.yeast+F+I+R4 35511.636    59  71141.273    71144.907    71471.962
404  JTTDCMut+R5   35727.695    41  71537.390    71539.141    71767.190
412  JTTDCMut+I+R4 35727.299    40  71534.598    71536.265    71758.793
426  JTTDCMut+F+R5 35662.719    60  71445.437    71449.197    71781.731
434  JTTDCMut+F+I+R4 35662.307    59  71442.615    71446.249    71773.304
448  DCMut+R5      35978.640    41  72039.281    72041.032    72269.081
456  DCMut+I+R4    35978.557    40  72037.114    72038.782    72261.310
470  DCMut+F+R5    35780.959    60  71681.919    71685.678    72018.213
478  DCMut+F+I+R4  35781.164    59  71680.328    71683.962    72011.017
492  VT+R5         35621.853    41  71325.705    71327.457    71555.506
500  VT+I+R4       35621.640    40  71323.281    71324.948    71547.477
514  VT+F+R5       35612.658    60  71345.317    71349.076    71681.610
522  VT+F+I+R4     35612.402    59  71342.804    71346.438    71673.492
536  PMB+R5        35874.768    41  71831.535    71833.287    72061.336
544  PMB+I+R4      35874.855    40  71829.710    71831.378    72053.906
558  PMB+F+R5      35752.272    60  71624.544    71628.304    71960.838
566  PMB+F+I+R4    35752.338    59  71622.676    71626.311    71953.365
580  Blosum62+R5   35868.025    41  71818.050    71819.802    72047.851
588  Blosum62+I+R4 35868.216    40  71816.432    71818.100    72040.628
602  Blosum62+F+R5 35742.859    60  71605.718    71609.478    71942.012
610  Blosum62+F+I+R4 35742.904    59  71603.807    71607.442    71934.496
624  Dayhoff+R5    35978.704    41  72039.408    72041.159    72269.208
632  Dayhoff+I+R4  35978.631    40  72037.262    72038.929    72261.457
646  Dayhoff+F+R5  35781.356    60  71682.711    71686.471    72019.005
654  Dayhoff+F+I+R4 35781.581    59  71681.162    71684.797    72011.851
668  mtREV+R5      37314.968    41  74711.936    74713.688    74941.736
676  mtREV+I+R4    37320.398    40  74720.795    74722.463    74944.991
690  mtREV+F+R5    35848.832    60  71817.664    71821.423    72153.957
698  mtREV+F+I+R4  35849.848    59  71817.695    71821.330    72148.384
712  mtART+R5      37544.424    41  75170.849    75172.601    75400.649
720  mtART+I+R4    37561.402    40  75202.804    75204.472    75427.000
734  mtART+F+R5    35957.123    60  72034.245    72038.005    72370.539
742  mtART+F+I+R4  35972.624    59  72063.248    72066.883    72393.937
756  mtZOA+R5      36976.299    41  74034.598    74036.349    74264.398
764  mtZOA+I+R4    36988.095    40  74056.190    74057.857    74280.386
778  mtZOA+F+R5    35763.039    60  71646.079    71649.838    71982.372
786  mtZOA+F+I+R4  35770.044    59  71658.088    71661.722    71988.777
800  mtMet+R5      37490.270    41  75062.540    75064.292    75292.341
808  mtMet+I+R4    37493.298    40  75066.597    75068.264    75290.792
822  mtMet+F+R5    35866.530    60  71853.059    71856.819    72189.353
830  mtMet+F+I+R4  35868.483    59  71854.965    71858.600    72185.654
844  mtVer+R5      37649.102    41  75380.204    75381.956    75610.005
852  mtVer+I+R4    37652.931    40  75385.861    75387.529    75610.057
866  mtVer+F+R5    36166.338    60  72452.676    72456.436    72788.970
874  mtVer+F+I+R4  36166.812    59  72451.624    72455.258    72782.313
888  mtInv+R5      37825.597    41  75733.194    75734.946    75962.995
896  mtInv+I+R4    37827.297    40  75734.594    75736.262    75958.790
910  mtInv+F+R5    35730.732    60  71581.463    71585.223    71917.757
918  mtInv+F+I+R4  35731.396    59  71580.792    71584.427    71911.481
932  mtMAM+R5      37817.222    41  75716.443    75718.195    75946.244
940  mtMAM+I+R4    37826.160    40  75732.319    75733.987    75956.515
954  mtMAM+F+R5    36263.740    60  72647.480    72651.240    72983.774
962  mtMAM+F+I+R4  36272.859    59  72663.717    72667.352    72994.406
WARNING: Normalizing state frequencies so that sum of them equals to 1
976  FLAVI+R5      36791.005    41  73664.009    73665.761    73893.810
WARNING: Normalizing state frequencies so that sum of them equals to 1
984  FLAVI+I+R4    36793.345    40  73666.690    73668.358    73890.886
WARNING: Normalizing state frequencies so that sum of them equals to 1
998  FLAVI+F+R5    36427.710    60  72975.420    72979.180    73311.714
WARNING: Normalizing state frequencies so that sum of them equals to 1
1006  FLAVI+F+I+R4  36428.517    59  72975.035    72978.669    73305.723
1020  HIVb+R5       36407.803    41  72897.607    72899.359    73127.407
1028  HIVb+I+R4     36408.205    40  72896.410    72898.077    73120.606
1042  HIVb+F+R5     36068.495    60  72256.989    72260.749    72593.283
1050  HIVb+F+I+R4   36068.796    59  72255.592    72259.226    72586.281
1064  HIVw+R5       37651.772    41  75385.544    75387.296    75615.345
1072  HIVw+I+R4     37653.913    40  75387.827    75389.494    75612.023
1086  HIVw+F+R5     36712.630    60  73545.260    73549.019    73881.554
1094  HIVw+F+I+R4   36714.055    59  73546.109    73549.744    73876.798
1108  FLU+R5        36293.658    41  72669.317    72671.069    72899.117
1116  FLU+I+R4      36293.823    40  72667.647    72669.314    72891.843
1130  FLU+F+R5      35977.288    60  72074.576    72078.336    72410.870
1138  FLU+F+I+R4    35977.855    59  72073.710    72077.345    72404.399
1152  rtREV+R5      35879.988    41  71841.975    71843.727    72071.776
1160  rtREV+I+R4    35880.160    40  71840.321    71841.988    72064.517
1174  rtREV+F+R5    35581.765    60  71283.529    71287.289    71619.823
1182  rtREV+F+I+R4  35581.430    59  71280.860    71284.494    71611.548
1196  cpREV+R5      35907.840    41  71897.680    71899.432    72127.481
1204  cpREV+I+R4    35908.515    40  71897.029    71898.697    72121.225
1218  cpREV+F+R5    35736.110    60  71592.219    71595.979    71928.513
1226  cpREV+F+I+R4  35736.662    59  71591.324    71594.959    71922.013
Akaike Information Criterion:           Q.pfam+F+I+R4
Corrected Akaike Information Criterion: Q.pfam+F+I+R4
Bayesian Information Criterion:         Q.pfam+I+R4
Best-fit model: Q.pfam+I+R4 chosen according to BIC

All model information printed to FungalCW_tree_20231129/34830at4751.aa.mfa.model.gz
CPU time for ModelFinder: 1201.148 seconds (0h:20m:1s)
Wall-clock time for ModelFinder: 608.121 seconds (0h:10m:8s)
Generating 1000 samples for ultrafast bootstrap (seed: 483692)...
WARNING: Normalizing state frequencies so that sum of them equals to 1

NOTE: 28 MB RAM (0 GB) is required!
Estimate model parameters (epsilon = 0.100)
1. Initial log-likelihood: -35526.335
Optimal log-likelihood: -35526.306
Proportion of invariable sites: 0.052
Site proportion and rates:  (0.209,0.084) (0.322,0.285) (0.211,0.706) (0.206,3.602)
Parameters optimization took 1 rounds (0.524 sec)
Wrote distance file to... 
Computing ML distances based on estimated model parameters...
Calculating distance matrix: done in 0.04527 secs using 195.8% CPU
Computing ML distances took 0.045728 sec (of wall-clock time) 0.089444 sec (of CPU time)
Setting up auxiliary I and S matrices: done in 6.10352e-05 secs using 195% CPU
Constructing RapidNJ tree: done in 0.00027585 secs using 193.6% CPU
Computing RapidNJ tree took 0.000463 sec (of wall-clock time) 0.000904 sec (of CPU time)
Log-likelihood of RapidNJ tree: -35528.508
--------------------------------------------------------------------
|             INITIALIZING CANDIDATE TREE SET                      |
--------------------------------------------------------------------
Generating 98 parsimony trees... 1.011 second
Computing log-likelihood of 98 initial trees ... 6.981 seconds
Current best score: -35526.306

Do NNI search on 20 best initial trees
Optimizing NNI: done in 0.343309 secs using 197.6% CPU
Estimate model parameters (epsilon = 0.100)
BETTER TREE FOUND at iteration 1: -35526.288
Optimizing NNI: done in 0.512372 secs using 197.2% CPU
Estimate model parameters (epsilon = 0.100)
BETTER TREE FOUND at iteration 2: -35524.861
Optimizing NNI: done in 1.19742 secs using 196.9% CPU
Optimizing NNI: done in 1.71172 secs using 197.2% CPU
Optimizing NNI: done in 1.54819 secs using 197.4% CPU
Optimizing NNI: done in 1.48933 secs using 196.9% CPU
Optimizing NNI: done in 1.22614 secs using 197.6% CPU
Optimizing NNI: done in 1.73269 secs using 197.2% CPU
Optimizing NNI: done in 1.71947 secs using 197.3% CPU
Optimizing NNI: done in 1.22333 secs using 197% CPU
Iteration 10 / LogL: -35528.580 / Time: 0h:0m:23s
Optimizing NNI: done in 1.62675 secs using 197.4% CPU
Optimizing NNI: done in 1.69311 secs using 197.4% CPU
Optimizing NNI: done in 1.18181 secs using 197.3% CPU
Optimizing NNI: done in 1.43226 secs using 197.3% CPU
Optimizing NNI: done in 1.78784 secs using 197.1% CPU
Optimizing NNI: done in 1.75055 secs using 197.5% CPU
Optimizing NNI: done in 1.21869 secs using 197.5% CPU
Optimizing NNI: done in 1.84819 secs using 197.3% CPU
Optimizing NNI: done in 1.76741 secs using 197.5% CPU
Optimizing NNI: done in 1.91157 secs using 197% CPU
Iteration 20 / LogL: -35524.870 / Time: 0h:0m:39s
Finish initializing candidate tree set (3)
Current best tree score: -35524.861 / CPU time: 38.284
Number of iterations: 20
--------------------------------------------------------------------
|               OPTIMIZING CANDIDATE TREE SET                      |
--------------------------------------------------------------------
Optimizing NNI: done in 1.09962 secs using 197.3% CPU
Optimizing NNI: done in 0.90309 secs using 197.5% CPU
Optimizing NNI: done in 1.27961 secs using 197.3% CPU
Optimizing NNI: done in 0.782992 secs using 197.2% CPU
Optimizing NNI: done in 0.955145 secs using 197.5% CPU
Optimizing NNI: done in 1.3505 secs using 197.4% CPU
Optimizing NNI: done in 1.03481 secs using 197.4% CPU
Optimizing NNI: done in 1.15595 secs using 197.4% CPU
Optimizing NNI: done in 1.2266 secs using 197.6% CPU
Estimate model parameters (epsilon = 0.100)
UPDATE BEST LOG-LIKELIHOOD: -35524.813
Optimizing NNI: done in 0.904056 secs using 197.4% CPU
Iteration 30 / LogL: -35526.757 / Time: 0h:0m:51s (0h:2m:6s left)
Optimizing NNI: done in 0.732468 secs using 197.6% CPU
Optimizing NNI: done in 1.31053 secs using 197.7% CPU
Optimizing NNI: done in 1.17542 secs using 197.3% CPU
Optimizing NNI: done in 0.905014 secs using 197.6% CPU
Optimizing NNI: done in 1.263 secs using 197.6% CPU
Optimizing NNI: done in 1.08883 secs using 197.5% CPU
Optimizing NNI: done in 1.05795 secs using 197.5% CPU
Optimizing NNI: done in 0.936244 secs using 197.2% CPU
Optimizing NNI: done in 1.35953 secs using 197.7% CPU
Optimizing NNI: done in 0.88524 secs using 197.7% CPU
Iteration 40 / LogL: -35526.080 / Time: 0h:1m:2s (0h:1m:38s left)
Optimizing NNI: done in 1.16724 secs using 197.5% CPU
Optimizing NNI: done in 0.897145 secs using 197.3% CPU
Optimizing NNI: done in 1.1238 secs using 196.9% CPU
Optimizing NNI: done in 1.63336 secs using 197.4% CPU
Optimizing NNI: done in 1.50518 secs using 197.2% CPU
Optimizing NNI: done in 1.00217 secs using 197.6% CPU
Optimizing NNI: done in 1.71263 secs using 197.6% CPU
Optimizing NNI: done in 0.652055 secs using 197.7% CPU
Optimizing NNI: done in 1.05136 secs using 197.7% CPU
Optimizing NNI: done in 1.15218 secs using 197.4% CPU
Iteration 50 / LogL: -35524.936 / Time: 0h:1m:14s (0h:1m:18s left)
Log-likelihood cutoff on original alignment: -35559.743
Optimizing NNI: done in 1.01398 secs using 197.1% CPU
Optimizing NNI: done in 1.03924 secs using 197.2% CPU
Optimizing NNI: done in 0.958614 secs using 197.1% CPU
Optimizing NNI: done in 1.94265 secs using 194.2% CPU
Optimizing NNI: done in 0.769544 secs using 197.4% CPU
Optimizing NNI: done in 0.882843 secs using 197.4% CPU
Optimizing NNI: done in 1.39666 secs using 197.6% CPU
Optimizing NNI: done in 1.26331 secs using 197.5% CPU
Optimizing NNI: done in 0.828428 secs using 197.6% CPU
Optimizing NNI: done in 0.90734 secs using 197.3% CPU
Iteration 60 / LogL: -35526.907 / Time: 0h:1m:25s (0h:1m:0s left)
Optimizing NNI: done in 1.24966 secs using 197.2% CPU
Optimizing NNI: done in 1.19239 secs using 197.5% CPU
Optimizing NNI: done in 1.30644 secs using 197.6% CPU
Optimizing NNI: done in 0.897325 secs using 197.2% CPU
Optimizing NNI: done in 1.12305 secs using 197.4% CPU
Optimizing NNI: done in 1.23 secs using 197.4% CPU
Optimizing NNI: done in 0.894599 secs using 197.5% CPU
Optimizing NNI: done in 1.22322 secs using 197.4% CPU
Optimizing NNI: done in 1.34414 secs using 197.5% CPU
Optimizing NNI: done in 0.865337 secs using 197.1% CPU
Iteration 70 / LogL: -35525.028 / Time: 0h:1m:37s (0h:0m:45s left)
Optimizing NNI: done in 1.20748 secs using 197.5% CPU
Optimizing NNI: done in 0.791348 secs using 197.6% CPU
Optimizing NNI: done in 0.762266 secs using 197.4% CPU
Optimizing NNI: done in 1.10441 secs using 197.6% CPU
Optimizing NNI: done in 1.01324 secs using 197.8% CPU
Optimizing NNI: done in 0.95383 secs using 197.8% CPU
Optimizing NNI: done in 1.02094 secs using 197.7% CPU
Optimizing NNI: done in 1.05013 secs using 197.3% CPU
Optimizing NNI: done in 0.873384 secs using 197.5% CPU
Optimizing NNI: done in 0.711482 secs using 197.7% CPU
Iteration 80 / LogL: -35524.868 / Time: 0h:1m:46s (0h:0m:29s left)
Optimizing NNI: done in 0.918468 secs using 197.6% CPU
Optimizing NNI: done in 0.723966 secs using 197.6% CPU
Optimizing NNI: done in 0.887949 secs using 197.7% CPU
Optimizing NNI: done in 0.87006 secs using 197.6% CPU
Optimizing NNI: done in 0.863687 secs using 197.8% CPU
Optimizing NNI: done in 0.772611 secs using 197.7% CPU
Optimizing NNI: done in 0.776819 secs using 197.3% CPU
Optimizing NNI: done in 0.95873 secs using 197.7% CPU
Optimizing NNI: done in 0.885708 secs using 197.8% CPU
Optimizing NNI: done in 0.857289 secs using 197.9% CPU
Iteration 90 / LogL: -35526.412 / Time: 0h:1m:55s (0h:0m:15s left)
Optimizing NNI: done in 0.790498 secs using 197.5% CPU
Optimizing NNI: done in 0.989971 secs using 197.7% CPU
Optimizing NNI: done in 0.71198 secs using 197.9% CPU
Optimizing NNI: done in 1.66388 secs using 197.8% CPU
Optimizing NNI: done in 0.882691 secs using 197.6% CPU
Optimizing NNI: done in 1.58618 secs using 197.8% CPU
Optimizing NNI: done in 1.18637 secs using 197.8% CPU
Optimizing NNI: done in 0.832509 secs using 197.7% CPU
Optimizing NNI: done in 0.666047 secs using 197.9% CPU
Optimizing NNI: done in 0.927287 secs using 197.9% CPU
Iteration 100 / LogL: -35526.731 / Time: 0h:2m:5s (0h:0m:2s left)
Log-likelihood cutoff on original alignment: -35559.743
NOTE: Bootstrap correlation coefficient of split occurrence frequencies: 1.000
Optimizing NNI: done in 0.710616 secs using 197.8% CPU
Optimizing NNI: done in 0.998381 secs using 198.1% CPU
Optimizing NNI: done in 0.905524 secs using 197.9% CPU
TREE SEARCH COMPLETED AFTER 103 ITERATIONS / Time: 0h:2m:8s

--------------------------------------------------------------------
|                    FINALIZING TREE SEARCH                        |
--------------------------------------------------------------------
Performs final model parameters optimization
Estimate model parameters (epsilon = 0.010)
1. Initial log-likelihood: -35524.813
Optimal log-likelihood: -35524.813
Proportion of invariable sites: 0.052
Site proportion and rates:  (0.207,0.083) (0.321,0.284) (0.215,0.704) (0.205,3.611)
Parameters optimization took 1 rounds (0.310 sec)
BEST SCORE FOUND : -35524.813

Testing tree branches by SH-like aLRT with 1000 replicates...
0.623 sec.
Creating bootstrap support values...
Split supports printed to NEXUS file FungalCW_tree_20231129/34830at4751.aa.mfa.splits.nex
Total tree length: 29.659

Total number of iterations: 103
CPU time used for tree search: 251.322 sec (0h:4m:11s)
Wall-clock time used for tree search: 127.455 sec (0h:2m:7s)
Total CPU time used: 255.814 sec (0h:4m:15s)
Total wall-clock time used: 129.810 sec (0h:2m:9s)

Computing bootstrap consensus tree...
Reading input file FungalCW_tree_20231129/34830at4751.aa.mfa.splits.nex...
18 taxa and 45 splits.
Consensus tree written to FungalCW_tree_20231129/34830at4751.aa.mfa.contree
Reading input trees file FungalCW_tree_20231129/34830at4751.aa.mfa.contree
Log-likelihood of consensus tree: -35524.859

Analysis results written to: 
  IQ-TREE report:                FungalCW_tree_20231129/34830at4751.aa.mfa.iqtree
  Maximum-likelihood tree:       FungalCW_tree_20231129/34830at4751.aa.mfa.treefile
  Likelihood distances:          FungalCW_tree_20231129/34830at4751.aa.mfa.mldist

Ultrafast bootstrap approximation results written to:
  Split support values:          FungalCW_tree_20231129/34830at4751.aa.mfa.splits.nex
  Consensus tree:                FungalCW_tree_20231129/34830at4751.aa.mfa.contree
  Screen log file:               FungalCW_tree_20231129/34830at4751.aa.mfa.log

Date and Time: Wed Nov 29 01:51:24 2023
