IQ-TREE multicore version 2.2.2.6 COVID-edition for Linux 64-bit built May 27 2023
Developed by Bui Quang Minh, James Barbetti, Nguyen Lam Tung,
Olga Chernomor, Heiko Schmidt, Dominik Schrempf, Michael Woodhams, Ly Trong Nhan.

Host:    i29 (AVX2, FMA3, 503 GB RAM)
Command: iqtree2 -s FungalCW_tree_20231129/349264at4751.aa.mfa -gz -B 1000 -alrt 1000 -nt 2
Seed:    536334 (Using SPRNG - Scalable Parallel Random Number Generator)
Time:    Wed Nov 29 01:39:05 2023
Kernel:  AVX+FMA - 2 threads (2 CPU cores detected)

Reading alignment file FungalCW_tree_20231129/349264at4751.aa.mfa ... Fasta format detected
Reading fasta file: done in 0.000179052 secs using 14.52% CPU
Alignment most likely contains protein sequences
Constructing alignment: done in 0.00067997 secs using 22.06% CPU
Alignment has 18 sequences with 301 columns, 220 distinct patterns
161 parsimony-informative, 27 singleton sites, 113 constant sites
                                                               Gap/Ambiguity  Composition  p-value
Analyzing sequences: done in 2.38419e-05 secs using 16.78% CPU
   1  Basidiobolus_meristosporus_CBS_931.73.Basme2finSC.v1             7.64%    passed     99.70%
   2  Botrytis_cinerea_T4                                              6.64%    passed     98.56%
   3  Capillidium_pumilum_ARSEF_79                                    19.27%    passed     77.61%
   4  Colletotrichum_graminicola_M1.001                                4.98%    passed     99.75%
   5  Colletotrichum_higginsianum_IMI_349063                           4.98%    passed     99.88%
   6  Fusarium_graminearum_PH-1                                        5.98%    passed     99.93%
   7  Fusarium_verticillioides_7600                                    6.31%    passed     99.99%
   8  Gilbertella_persicaria_var_persicaria_CBS_190.32-T.Gilper1.v1    7.97%    passed     99.93%
   9  Mortierella_elongata_AG-77                                       7.64%    passed     99.17%
  10  Mucor_mucedo_NRRL_3635                                           7.97%    passed     99.96%
  11  Neoconidiobolus_thromboides_FSU_785.Conth1.v1                   11.96%    passed     90.24%
  12  Phycomyces_blakesleeanus_NRRL_1555.Phybl2.v2                     7.97%    passed     99.08%
  13  Rhizopus_stolonifer_NRRL_66455                                   8.31%    passed     99.92%
  14  Trichoderma_harzianum_CBS_226.95                                 5.32%    passed     99.74%
  15  Umbelopsis_ramanniana_NRRL_5844.Umbra1.v1                        7.97%    passed     99.98%
  16  Ustilago_maydis                                                 19.93%    passed     98.94%
  17  Zoophthora_radicans_ATCC_208865                                  7.31%    passed     49.61%
  18  Zymoseptoria_tritici_IP0323                                      6.64%    passed     98.25%
****  TOTAL                                                            8.60%  0 sequences failed composition chi2 test (p-value<5%; df=19)
Checking for duplicate sequences: done in 8.89301e-05 secs using 20.24% CPU


Create initial parsimony tree by phylogenetic likelihood library (PLL)... 0.003 seconds
Perform fast likelihood tree search using LG+I+G model...
Estimate model parameters (epsilon = 5.000)
Perform nearest neighbor interchange...
Optimizing NNI: done in 0.098321 secs using 195.7% CPU
Estimate model parameters (epsilon = 1.000)
1. Initial log-likelihood: -4972.395
Optimal log-likelihood: -4972.255
Proportion of invariable sites: 0.180
Gamma shape alpha: 0.411
Parameters optimization took 1 rounds (0.030 sec)
Time for fast ML tree search: 0.285 seconds

NOTE: ModelFinder requires 7 MB RAM!
ModelFinder will test up to 1232 protein models (sample size: 301) ...
 No. Model         -LnL         df  AIC          AICc         BIC
  1  LG            5540.952     33  11147.904    11156.308    11270.238
  2  LG+I          5224.834     34  10517.669    10526.616    10643.710
  3  LG+G4         4975.696     34  10019.393    10028.340    10145.434
  4  LG+I+G4       4972.176     35  10014.353    10023.862    10144.102
  5  LG+R2         5046.412     35  10162.824    10172.334    10292.573
  6  LG+R3         5010.761     37  10095.523    10106.215    10232.686
  7  LG+R4         4993.497     39  10064.994    10076.948    10209.572
  8  LG+R5         4984.748     41  10051.495    10064.793    10203.487
  9  LG+R6         4976.524     43  10039.049    10053.772    10198.454
 10  LG+R7         4971.908     45  10033.816    10050.052    10200.636
 14  LG+I+R2       4983.632     36  10039.264    10049.355    10172.720
 15  LG+I+R3       4968.117     38  10012.235    10023.548    10153.105
 16  LG+I+R4       4965.384     40  10010.769    10023.384    10159.053
 25  LG+F+G4       4972.291     53  10050.581    10073.755    10247.058
 26  LG+F+I+G4     4967.624     54  10043.248    10067.395    10243.432
 37  LG+F+I+R3     4963.268     57  10040.535    10067.745    10251.840
 47  WAG+G4        4957.520     34  9983.041     9991.988     10109.083
 48  WAG+I+G4      4953.523     35  9977.045     9986.555     10106.794
 59  WAG+I+R3      4950.200     38  9976.400     9987.713     10117.270
 69  WAG+F+G4      4958.031     53  10022.063    10045.237    10218.540
 70  WAG+F+I+G4    4953.931     54  10015.861    10040.008    10216.045
 81  WAG+F+I+R3    4950.505     57  10015.010    10042.220    10226.316
 91  JTT+G4        4983.254     34  10034.508    10043.455    10160.550
 92  JTT+I+G4      4976.338     35  10022.676    10032.185    10152.424
103  JTT+I+R3      4971.979     38  10019.957    10031.270    10160.828
113  JTT+F+G4      4988.300     53  10082.600    10105.774    10279.077
114  JTT+F+I+G4    4980.871     54  10069.741    10093.888    10269.925
125  JTT+F+I+R3    4976.524     57  10067.048    10094.257    10278.353
WARNING: Normalizing state frequencies so that sum of them equals to 1
135  Q.pfam+G4     4967.726     34  10003.453    10012.400    10129.494
WARNING: Normalizing state frequencies so that sum of them equals to 1
136  Q.pfam+I+G4   4963.429     35  9996.857     10006.367    10126.606
WARNING: Normalizing state frequencies so that sum of them equals to 1
147  Q.pfam+I+R3   4958.576     38  9993.152     10004.465    10134.022
WARNING: Normalizing state frequencies so that sum of them equals to 1
157  Q.pfam+F+G4   4968.921     53  10043.842    10067.016    10240.318
WARNING: Normalizing state frequencies so that sum of them equals to 1
158  Q.pfam+F+I+G4 4963.666     54  10035.331    10059.478    10235.515
WARNING: Normalizing state frequencies so that sum of them equals to 1
169  Q.pfam+F+I+R3 4958.568     57  10031.137    10058.347    10242.442
WARNING: Normalizing state frequencies so that sum of them equals to 1
179  Q.bird+G4     5089.989     34  10247.978    10256.925    10374.020
WARNING: Normalizing state frequencies so that sum of them equals to 1
180  Q.bird+I+G4   5079.771     35  10229.543    10239.052    10359.291
WARNING: Normalizing state frequencies so that sum of them equals to 1
191  Q.bird+I+R3   5074.132     38  10224.265    10235.578    10365.135
WARNING: Normalizing state frequencies so that sum of them equals to 1
201  Q.bird+F+G4   5092.773     53  10291.547    10314.721    10488.024
WARNING: Normalizing state frequencies so that sum of them equals to 1
202  Q.bird+F+I+G4 5082.819     54  10273.638    10297.784    10473.822
WARNING: Normalizing state frequencies so that sum of them equals to 1
213  Q.bird+F+I+R3 5077.437     57  10268.875    10296.084    10480.180
WARNING: Normalizing state frequencies so that sum of them equals to 1
223  Q.mammal+G4   5051.957     34  10171.915    10180.862    10297.957
WARNING: Normalizing state frequencies so that sum of them equals to 1
224  Q.mammal+I+G4 5042.126     35  10154.252    10163.761    10284.001
WARNING: Normalizing state frequencies so that sum of them equals to 1
235  Q.mammal+I+R3 5036.356     38  10148.712    10160.025    10289.582
WARNING: Normalizing state frequencies so that sum of them equals to 1
245  Q.mammal+F+G4 5052.114     53  10210.227    10233.401    10406.704
WARNING: Normalizing state frequencies so that sum of them equals to 1
246  Q.mammal+F+I+G4 5042.212     54  10192.425    10216.571    10392.609
WARNING: Normalizing state frequencies so that sum of them equals to 1
257  Q.mammal+F+I+R3 5036.766     57  10187.532    10214.742    10398.838
267  Q.insect+G4   4983.255     34  10034.510    10043.457    10160.552
268  Q.insect+I+G4 4976.923     35  10023.845    10033.355    10153.594
279  Q.insect+I+R3 4971.379     38  10018.759    10030.072    10159.629
289  Q.insect+F+G4 4975.679     53  10057.359    10080.533    10253.836
290  Q.insect+F+I+G4 4968.631     54  10045.262    10069.408    10245.446
301  Q.insect+F+I+R3 4964.118     57  10042.235    10069.445    10253.540
WARNING: Normalizing state frequencies so that sum of them equals to 1
311  Q.plant+G4    5028.192     34  10124.384    10133.331    10250.425
WARNING: Normalizing state frequencies so that sum of them equals to 1
312  Q.plant+I+G4  5020.627     35  10111.255    10120.764    10241.004
WARNING: Normalizing state frequencies so that sum of them equals to 1
323  Q.plant+I+R3  5013.548     38  10103.097    10114.410    10243.967
WARNING: Normalizing state frequencies so that sum of them equals to 1
333  Q.plant+F+G4  5031.715     53  10169.430    10192.604    10365.907
WARNING: Normalizing state frequencies so that sum of them equals to 1
334  Q.plant+F+I+G4 5022.633     54  10153.266    10177.413    10353.450
WARNING: Normalizing state frequencies so that sum of them equals to 1
345  Q.plant+F+I+R3 5016.254     57  10146.508    10173.718    10357.814
WARNING: Normalizing state frequencies so that sum of them equals to 1
355  Q.yeast+G4    4981.939     34  10031.878    10040.826    10157.920
WARNING: Normalizing state frequencies so that sum of them equals to 1
356  Q.yeast+I+G4  4975.147     35  10020.295    10029.804    10150.044
WARNING: Normalizing state frequencies so that sum of them equals to 1
367  Q.yeast+I+R3  4969.661     38  10015.323    10026.636    10156.193
WARNING: Normalizing state frequencies so that sum of them equals to 1
377  Q.yeast+F+G4  4974.321     53  10054.643    10077.817    10251.120
WARNING: Normalizing state frequencies so that sum of them equals to 1
378  Q.yeast+F+I+G4 4966.742     54  10041.483    10065.630    10241.667
WARNING: Normalizing state frequencies so that sum of them equals to 1
389  Q.yeast+F+I+R3 4962.053     57  10038.105    10065.315    10249.410
399  JTTDCMut+G4   4982.387     34  10032.774    10041.722    10158.816
400  JTTDCMut+I+G4 4975.664     35  10021.327    10030.837    10151.076
411  JTTDCMut+I+R3 4971.156     38  10018.311    10029.624    10159.182
421  JTTDCMut+F+G4 4987.147     53  10080.293    10103.468    10276.770
422  JTTDCMut+F+I+G4 4979.865     54  10067.729    10091.876    10267.913
433  JTTDCMut+F+I+R3 4975.408     57  10064.815    10092.025    10276.121
443  DCMut+G4      5014.908     34  10097.816    10106.763    10223.858
444  DCMut+I+G4    5006.802     35  10083.605    10093.114    10213.354
455  DCMut+I+R3    5002.318     38  10080.635    10091.948    10221.505
465  DCMut+F+G4    4998.296     53  10102.592    10125.766    10299.069
466  DCMut+F+I+G4  4989.922     54  10087.844    10111.990    10288.028
477  DCMut+F+I+R3  4985.878     57  10085.755    10112.965    10297.060
487  VT+G4         4948.218     34  9964.436     9973.383     10090.478
488  VT+I+G4       4944.734     35  9959.467     9968.977     10089.216
499  VT+I+R3       4941.462     38  9958.924     9970.237     10099.794
509  VT+F+G4       4952.462     53  10010.923    10034.097    10207.400
510  VT+F+I+G4     4948.606     54  10005.212    10029.358    10205.395
521  VT+F+I+R3     4945.414     57  10004.827    10032.037    10216.133
531  PMB+G4        4972.373     34  10012.746    10021.693    10138.788
532  PMB+I+G4      4968.531     35  10007.062    10016.571    10136.810
543  PMB+I+R3      4964.322     38  10004.645    10015.958    10145.515
553  PMB+F+G4      4958.359     53  10022.717    10045.891    10219.194
554  PMB+F+I+G4    4954.363     54  10016.725    10040.872    10216.909
565  PMB+F+I+R3    4950.301     57  10014.602    10041.812    10225.907
575  Blosum62+G4   4970.795     34  10009.591    10018.538    10135.633
576  Blosum62+I+G4 4967.465     35  10004.929    10014.439    10134.678
587  Blosum62+I+R3 4964.279     38  10004.558    10015.871    10145.428
597  Blosum62+F+G4 4958.054     53  10022.108    10045.282    10218.585
598  Blosum62+F+I+G4 4954.500     54  10017.001    10041.147    10217.185
609  Blosum62+F+I+R3 4951.264     57  10016.529    10043.738    10227.834
619  Dayhoff+G4    5015.296     34  10098.591    10107.539    10224.633
620  Dayhoff+I+G4  5007.158     35  10084.317    10093.826    10214.066
631  Dayhoff+I+R3  5002.745     38  10081.489    10092.802    10222.360
641  Dayhoff+F+G4  4998.668     53  10103.336    10126.510    10299.812
642  Dayhoff+F+I+G4 4990.272     54  10088.543    10112.690    10288.727
653  Dayhoff+F+I+R3 4986.317     57  10086.634    10113.844    10297.939
663  mtREV+G4      5179.809     34  10427.619    10436.566    10553.660
664  mtREV+I+G4    5172.929     35  10415.859    10425.368    10545.608
675  mtREV+I+R3    5167.981     38  10411.961    10423.274    10552.831
685  mtREV+F+G4    5026.718     53  10159.435    10182.610    10355.912
686  mtREV+F+I+G4  5020.019     54  10148.038    10172.185    10348.222
697  mtREV+F+I+R3  5014.971     57  10143.941    10171.151    10355.247
707  mtART+G4      5207.164     34  10482.329    10491.276    10608.371
708  mtART+I+G4    5197.956     35  10465.912    10475.422    10595.661
719  mtART+I+R3    5196.670     38  10469.339    10480.652    10610.209
729  mtART+F+G4    5070.090     53  10246.180    10269.355    10442.657
730  mtART+F+I+G4  5060.872     54  10229.745    10253.891    10429.929
741  mtART+F+I+R3  5058.860     57  10231.720    10258.930    10443.025
751  mtZOA+G4      5146.338     34  10360.675    10369.622    10486.717
752  mtZOA+I+G4    5136.583     35  10343.167    10352.676    10472.916
763  mtZOA+I+R3    5133.225     38  10342.449    10353.762    10483.319
773  mtZOA+F+G4    5038.799     53  10183.598    10206.772    10380.075
774  mtZOA+F+I+G4  5031.243     54  10170.486    10194.632    10370.670
785  mtZOA+F+I+R3  5027.797     57  10169.595    10196.804    10380.900
795  mtMet+G4      5191.872     34  10451.744    10460.692    10577.786
796  mtMet+I+G4    5183.381     35  10436.763    10446.272    10566.512
807  mtMet+I+R3    5177.891     38  10431.781    10443.094    10572.652
817  mtMet+F+G4    5046.334     53  10198.669    10221.843    10395.146
818  mtMet+F+I+G4  5039.031     54  10186.062    10210.208    10386.246
829  mtMet+F+I+R3  5033.630     57  10181.259    10208.469    10392.565
839  mtVer+G4      5253.610     34  10575.219    10584.167    10701.261
840  mtVer+I+G4    5243.119     35  10556.238    10565.748    10685.987
851  mtVer+I+R3    5239.924     38  10555.848    10567.161    10696.718
861  mtVer+F+G4    5105.429     53  10316.859    10340.033    10513.336
862  mtVer+F+I+G4  5096.118     54  10300.236    10324.382    10500.420
873  mtVer+F+I+R3  5090.259     57  10294.518    10321.728    10505.824
883  mtInv+G4      5211.691     34  10491.382    10500.329    10617.424
884  mtInv+I+G4    5205.003     35  10480.006    10489.515    10609.755
895  mtInv+I+R3    5199.202     38  10474.405    10485.718    10615.275
905  mtInv+F+G4    5013.488     53  10132.975    10156.149    10329.452
906  mtInv+F+I+G4  5006.655     54  10121.310    10145.456    10321.494
917  mtInv+F+I+R3  5003.415     57  10120.831    10148.041    10332.136
927  mtMAM+G4      5283.983     34  10635.967    10644.914    10762.008
928  mtMAM+I+G4    5276.989     35  10623.979    10633.488    10753.728
939  mtMAM+I+R3    5277.915     38  10631.830    10643.143    10772.700
949  mtMAM+F+G4    5129.547     53  10365.094    10388.268    10561.571
950  mtMAM+F+I+G4  5121.479     54  10350.959    10375.105    10551.143
961  mtMAM+F+I+R3  5118.182     57  10350.363    10377.573    10561.669
WARNING: Normalizing state frequencies so that sum of them equals to 1
971  FLAVI+G4      5188.671     34  10445.342    10454.289    10571.383
WARNING: Normalizing state frequencies so that sum of them equals to 1
972  FLAVI+I+G4    5177.808     35  10425.617    10435.126    10555.365
WARNING: Normalizing state frequencies so that sum of them equals to 1
983  FLAVI+I+R3    5172.540     38  10421.080    10432.393    10561.950
WARNING: Normalizing state frequencies so that sum of them equals to 1
993  FLAVI+F+G4    5143.879     53  10393.758    10416.932    10590.234
WARNING: Normalizing state frequencies so that sum of them equals to 1
994  FLAVI+F+I+G4  5133.264     54  10374.527    10398.673    10574.711
WARNING: Normalizing state frequencies so that sum of them equals to 1
1005  FLAVI+F+I+R3  5127.409     57  10368.818    10396.028    10580.123
1015  HIVb+G4       5148.033     34  10364.066    10373.014    10490.108
1016  HIVb+I+G4     5137.410     35  10344.821    10354.330    10474.569
1027  HIVb+I+R3     5131.527     38  10339.054    10350.367    10479.925
1037  HIVb+F+G4     5103.625     53  10313.250    10336.424    10509.727
1038  HIVb+F+I+G4   5092.332     54  10292.664    10316.811    10492.848
1049  HIVb+F+I+R3   5085.397     57  10284.794    10312.004    10496.100
1059  HIVw+G4       5299.049     34  10666.097    10675.045    10792.139
1060  HIVw+I+G4     5286.891     35  10643.782    10653.292    10773.531
1071  HIVw+I+R3     5280.483     38  10636.966    10648.279    10777.836
1081  HIVw+F+G4     5193.112     53  10492.223    10515.397    10688.700
1082  HIVw+F+I+G4   5181.892     54  10471.783    10495.929    10671.967
1093  HIVw+F+I+R3   5175.853     57  10465.706    10492.916    10677.012
1103  FLU+G4        5068.799     34  10205.597    10214.544    10331.639
1104  FLU+I+G4      5060.299     35  10190.598    10200.107    10320.347
1115  FLU+I+R3      5054.215     38  10184.430    10195.743    10325.300
1125  FLU+F+G4      5042.168     53  10190.337    10213.511    10386.814
1126  FLU+F+I+G4    5033.946     54  10175.892    10200.039    10376.076
1137  FLU+F+I+R3    5027.330     57  10168.659    10195.869    10379.965
1147  rtREV+G4      4988.633     34  10045.266    10054.214    10171.308
1148  rtREV+I+G4    4985.156     35  10040.313    10049.822    10170.062
1159  rtREV+I+R3    4981.691     38  10039.382    10050.695    10180.252
1169  rtREV+F+G4    4947.329     53  10000.657    10023.831    10197.134
1170  rtREV+F+I+G4  4943.386     54  9994.772     10018.918    10194.956
1181  rtREV+F+I+R3  4938.541     57  9991.082     10018.292    10202.387
1191  cpREV+G4      5006.557     34  10081.115    10090.062    10207.156
1192  cpREV+I+G4    5002.957     35  10075.913    10085.422    10205.662
1203  cpREV+I+R3    5001.214     38  10078.427    10089.740    10219.298
1213  cpREV+F+G4    4979.269     53  10064.538    10087.712    10261.015
1214  cpREV+F+I+G4  4975.577     54  10059.154    10083.300    10259.338
1225  cpREV+F+I+R3  4973.854     57  10061.707    10088.917    10273.013
Akaike Information Criterion:           VT+I+R3
Corrected Akaike Information Criterion: VT+I+G4
Bayesian Information Criterion:         VT+I+G4
Best-fit model: VT+I+G4 chosen according to BIC

All model information printed to FungalCW_tree_20231129/349264at4751.aa.mfa.model.gz
CPU time for ModelFinder: 76.094 seconds (0h:1m:16s)
Wall-clock time for ModelFinder: 38.743 seconds (0h:0m:38s)
Generating 1000 samples for ultrafast bootstrap (seed: 536334)...

NOTE: 3 MB RAM (0 GB) is required!
Estimate model parameters (epsilon = 0.100)
Thoroughly optimizing +I+G parameters from 10 start values...
Init pinv, alpha: 0.000, 0.473 / Estimate: 0.000, 0.311 / LogL: -4948.216
Init pinv, alpha: 0.042, 0.473 / Estimate: 0.052, 0.350 / LogL: -4947.202
Init pinv, alpha: 0.083, 0.473 / Estimate: 0.150, 0.438 / LogL: -4945.069
Init pinv, alpha: 0.125, 0.473 / Estimate: 0.152, 0.440 / LogL: -4945.045
Init pinv, alpha: 0.167, 0.473 / Estimate: 0.171, 0.460 / LogL: -4944.818
Init pinv, alpha: 0.209, 0.473 / Estimate: 0.203, 0.491 / LogL: -4944.745
Init pinv, alpha: 0.250, 0.473 / Estimate: 0.213, 0.503 / LogL: -4944.809
Init pinv, alpha: 0.292, 0.473 / Estimate: 0.216, 0.507 / LogL: -4944.835
Init pinv, alpha: 0.334, 0.473 / Estimate: 0.214, 0.506 / LogL: -4944.824
Init pinv, alpha: 0.375, 0.473 / Estimate: 0.212, 0.503 / LogL: -4944.804
Optimal pinv,alpha: 0.203, 0.491 / LogL: -4944.745

Parameters optimization took 1.711 sec
Wrote distance file to... 
Computing ML distances based on estimated model parameters...
Calculating distance matrix: done in 0.0361218 secs using 198.1% CPU
Computing ML distances took 0.036370 sec (of wall-clock time) 0.071746 sec (of CPU time)
Setting up auxiliary I and S matrices: done in 9.70364e-05 secs using 98.93% CPU
Constructing RapidNJ tree: done in 0.000437021 secs using 189.7% CPU
Computing RapidNJ tree took 0.000667 sec (of wall-clock time) 0.000994 sec (of CPU time)
Log-likelihood of RapidNJ tree: -4959.374
--------------------------------------------------------------------
|             INITIALIZING CANDIDATE TREE SET                      |
--------------------------------------------------------------------
Generating 98 parsimony trees... 0.266 second
Computing log-likelihood of 98 initial trees ... 0.872 seconds
Current best score: -4944.745

Do NNI search on 20 best initial trees
Optimizing NNI: done in 0.040051 secs using 193.3% CPU
Estimate model parameters (epsilon = 0.100)
BETTER TREE FOUND at iteration 1: -4944.736
Optimizing NNI: done in 0.116221 secs using 197.1% CPU
Optimizing NNI: done in 0.251798 secs using 197.8% CPU
Optimizing NNI: done in 0.2734 secs using 196.6% CPU
Optimizing NNI: done in 0.260268 secs using 197.2% CPU
Estimate model parameters (epsilon = 0.100)
BETTER TREE FOUND at iteration 5: -4941.665
Optimizing NNI: done in 0.252385 secs using 196.8% CPU
Optimizing NNI: done in 0.274107 secs using 196.5% CPU
Optimizing NNI: done in 0.178061 secs using 196% CPU
Optimizing NNI: done in 0.277291 secs using 197.3% CPU
Optimizing NNI: done in 0.178286 secs using 197.9% CPU
Estimate model parameters (epsilon = 0.100)
BETTER TREE FOUND at iteration 10: -4940.359
Iteration 10 / LogL: -4940.359 / Time: 0h:0m:5s
Optimizing NNI: done in 0.29589 secs using 198.1% CPU
Optimizing NNI: done in 0.273038 secs using 198% CPU
Optimizing NNI: done in 0.199299 secs using 197.4% CPU
Optimizing NNI: done in 0.298633 secs using 196.4% CPU
Optimizing NNI: done in 0.273149 secs using 197.3% CPU
Optimizing NNI: done in 0.22682 secs using 197.1% CPU
Optimizing NNI: done in 0.159291 secs using 197.8% CPU
Optimizing NNI: done in 0.211153 secs using 196% CPU
Optimizing NNI: done in 0.273791 secs using 197.4% CPU
Optimizing NNI: done in 0.275955 secs using 198.2% CPU
Iteration 20 / LogL: -4940.555 / Time: 0h:0m:7s
Finish initializing candidate tree set (10)
Current best tree score: -4940.359 / CPU time: 5.870
Number of iterations: 20
--------------------------------------------------------------------
|               OPTIMIZING CANDIDATE TREE SET                      |
--------------------------------------------------------------------
Optimizing NNI: done in 0.173437 secs using 196.7% CPU
Optimizing NNI: done in 0.13993 secs using 198.5% CPU
Optimizing NNI: done in 0.219899 secs using 196.9% CPU
Optimizing NNI: done in 0.132667 secs using 196.8% CPU
Optimizing NNI: done in 0.117764 secs using 197.5% CPU
Optimizing NNI: done in 0.098284 secs using 195.4% CPU
Optimizing NNI: done in 0.113947 secs using 195.9% CPU
Optimizing NNI: done in 0.25287 secs using 197.2% CPU
Optimizing NNI: done in 0.308032 secs using 197.2% CPU
Optimizing NNI: done in 0.115921 secs using 197.8% CPU
Iteration 30 / LogL: -4940.387 / Time: 0h:0m:9s (0h:0m:26s left)
Optimizing NNI: done in 0.181469 secs using 197.8% CPU
Optimizing NNI: done in 0.173949 secs using 196.7% CPU
Optimizing NNI: done in 0.2232 secs using 197.1% CPU
Optimizing NNI: done in 0.250863 secs using 196.8% CPU
Optimizing NNI: done in 0.113641 secs using 198.3% CPU
Optimizing NNI: done in 0.113138 secs using 195.7% CPU
Optimizing NNI: done in 0.159868 secs using 195.9% CPU
Optimizing NNI: done in 0.247746 secs using 197.2% CPU
Optimizing NNI: done in 0.182016 secs using 198.5% CPU
Optimizing NNI: done in 0.139998 secs using 196.3% CPU
Iteration 40 / LogL: -4945.102 / Time: 0h:0m:11s (0h:0m:20s left)
Optimizing NNI: done in 0.244268 secs using 197.5% CPU
Optimizing NNI: done in 0.16051 secs using 198.1% CPU
Optimizing NNI: done in 0.105426 secs using 198.4% CPU
Optimizing NNI: done in 0.142062 secs using 197% CPU
Optimizing NNI: done in 0.278439 secs using 195.8% CPU
Optimizing NNI: done in 0.232207 secs using 197.5% CPU
Optimizing NNI: done in 0.186401 secs using 197.2% CPU
Optimizing NNI: done in 0.216177 secs using 197.4% CPU
Optimizing NNI: done in 0.170319 secs using 197.1% CPU
Optimizing NNI: done in 0.10058 secs using 198.4% CPU
Iteration 50 / LogL: -4940.878 / Time: 0h:0m:13s (0h:0m:16s left)
Log-likelihood cutoff on original alignment: -4968.812
Optimizing NNI: done in 0.182598 secs using 196.9% CPU
Optimizing NNI: done in 0.145266 secs using 197.9% CPU
Optimizing NNI: done in 0.101426 secs using 195.5% CPU
Optimizing NNI: done in 0.226895 secs using 196.7% CPU
Optimizing NNI: done in 0.138415 secs using 194.1% CPU
Optimizing NNI: done in 0.11389 secs using 198.4% CPU
Optimizing NNI: done in 0.207179 secs using 196.9% CPU
Optimizing NNI: done in 0.241983 secs using 197.5% CPU
Optimizing NNI: done in 0.210541 secs using 197.3% CPU
Optimizing NNI: done in 0.147572 secs using 198.5% CPU
Iteration 60 / LogL: -4940.997 / Time: 0h:0m:15s (0h:0m:12s left)
Optimizing NNI: done in 0.188303 secs using 196.8% CPU
Optimizing NNI: done in 0.198156 secs using 198.4% CPU
Optimizing NNI: done in 0.169729 secs using 198.1% CPU
Optimizing NNI: done in 0.170132 secs using 198% CPU
Optimizing NNI: done in 0.149 secs using 196.4% CPU
Optimizing NNI: done in 0.16477 secs using 197.2% CPU
Optimizing NNI: done in 0.222225 secs using 197.9% CPU
Optimizing NNI: done in 0.154962 secs using 195.7% CPU
Optimizing NNI: done in 0.194143 secs using 196.3% CPU
Optimizing NNI: done in 0.107119 secs using 196.6% CPU
Iteration 70 / LogL: -4940.699 / Time: 0h:0m:17s (0h:0m:9s left)
Optimizing NNI: done in 0.130506 secs using 195.2% CPU
Optimizing NNI: done in 0.113918 secs using 195.8% CPU
Optimizing NNI: done in 0.159568 secs using 196.5% CPU
Optimizing NNI: done in 0.151039 secs using 196.4% CPU
Optimizing NNI: done in 0.196363 secs using 197.3% CPU
Optimizing NNI: done in 0.227604 secs using 197.6% CPU
Optimizing NNI: done in 0.193438 secs using 197.8% CPU
Optimizing NNI: done in 0.174621 secs using 198.4% CPU
Optimizing NNI: done in 0.132284 secs using 196.2% CPU
Optimizing NNI: done in 0.140929 secs using 197.9% CPU
Iteration 80 / LogL: -4940.943 / Time: 0h:0m:18s (0h:0m:7s left)
Optimizing NNI: done in 0.168912 secs using 196.9% CPU
Optimizing NNI: done in 0.13817 secs using 196.6% CPU
Optimizing NNI: done in 0.0996442 secs using 196.7% CPU
Optimizing NNI: done in 0.053194 secs using 198.7% CPU
Optimizing NNI: done in 0.119018 secs using 196.5% CPU
Optimizing NNI: done in 0.099215 secs using 198.2% CPU
Optimizing NNI: done in 0.205863 secs using 197.1% CPU
Optimizing NNI: done in 0.0795128 secs using 196.2% CPU
Optimizing NNI: done in 0.079252 secs using 197.5% CPU
Optimizing NNI: done in 0.126455 secs using 199.3% CPU
Iteration 90 / LogL: -4940.380 / Time: 0h:0m:20s (0h:0m:4s left)
Optimizing NNI: done in 0.0963271 secs using 197.7% CPU
Optimizing NNI: done in 0.142023 secs using 197% CPU
Optimizing NNI: done in 0.295525 secs using 198% CPU
Optimizing NNI: done in 0.227118 secs using 198.2% CPU
Optimizing NNI: done in 0.297338 secs using 197.3% CPU
Optimizing NNI: done in 0.168355 secs using 196.9% CPU
Optimizing NNI: done in 0.157421 secs using 197.4% CPU
Optimizing NNI: done in 0.203316 secs using 197.4% CPU
Optimizing NNI: done in 0.122715 secs using 196.1% CPU
Optimizing NNI: done in 0.1325 secs using 198.1% CPU
Iteration 100 / LogL: -4940.928 / Time: 0h:0m:22s (0h:0m:2s left)
Log-likelihood cutoff on original alignment: -4968.812
NOTE: Bootstrap correlation coefficient of split occurrence frequencies: 0.995
Optimizing NNI: done in 0.166608 secs using 198.1% CPU
Optimizing NNI: done in 0.140027 secs using 197.6% CPU
Optimizing NNI: done in 0.200102 secs using 198% CPU
Optimizing NNI: done in 0.143038 secs using 198.5% CPU
Optimizing NNI: done in 0.124307 secs using 196.8% CPU
Optimizing NNI: done in 0.16647 secs using 198% CPU
Optimizing NNI: done in 0.0777631 secs using 197.1% CPU
Optimizing NNI: done in 0.141025 secs using 197.2% CPU
Optimizing NNI: done in 0.240112 secs using 198.6% CPU
Optimizing NNI: done in 0.159009 secs using 195.9% CPU
Iteration 110 / LogL: -4955.879 / Time: 0h:0m:23s (0h:0m:19s left)
Optimizing NNI: done in 0.121318 secs using 195.3% CPU
TREE SEARCH COMPLETED AFTER 111 ITERATIONS / Time: 0h:0m:24s

--------------------------------------------------------------------
|                    FINALIZING TREE SEARCH                        |
--------------------------------------------------------------------
Performs final model parameters optimization
Estimate model parameters (epsilon = 0.010)
1. Initial log-likelihood: -4940.359
2. Current log-likelihood: -4940.341
3. Current log-likelihood: -4940.329
Optimal log-likelihood: -4940.320
Proportion of invariable sites: 0.186
Gamma shape alpha: 0.465
Parameters optimization took 3 rounds (0.072 sec)
BEST SCORE FOUND : -4940.320

Testing tree branches by SH-like aLRT with 1000 replicates...
0.093 sec.
Creating bootstrap support values...
Split supports printed to NEXUS file FungalCW_tree_20231129/349264at4751.aa.mfa.splits.nex
Total tree length: 8.269

Total number of iterations: 111
CPU time used for tree search: 43.384 sec (0h:0m:43s)
Wall-clock time used for tree search: 22.121 sec (0h:0m:22s)
Total CPU time used: 47.558 sec (0h:0m:47s)
Total wall-clock time used: 24.274 sec (0h:0m:24s)

Computing bootstrap consensus tree...
Reading input file FungalCW_tree_20231129/349264at4751.aa.mfa.splits.nex...
18 taxa and 110 splits.
Consensus tree written to FungalCW_tree_20231129/349264at4751.aa.mfa.contree
Reading input trees file FungalCW_tree_20231129/349264at4751.aa.mfa.contree
Log-likelihood of consensus tree: -4940.320

Analysis results written to: 
  IQ-TREE report:                FungalCW_tree_20231129/349264at4751.aa.mfa.iqtree
  Maximum-likelihood tree:       FungalCW_tree_20231129/349264at4751.aa.mfa.treefile
  Likelihood distances:          FungalCW_tree_20231129/349264at4751.aa.mfa.mldist

Ultrafast bootstrap approximation results written to:
  Split support values:          FungalCW_tree_20231129/349264at4751.aa.mfa.splits.nex
  Consensus tree:                FungalCW_tree_20231129/349264at4751.aa.mfa.contree
  Screen log file:               FungalCW_tree_20231129/349264at4751.aa.mfa.log

Date and Time: Wed Nov 29 01:40:08 2023
