IQ-TREE multicore version 2.2.2.6 COVID-edition for Linux 64-bit built May 27 2023
Developed by Bui Quang Minh, James Barbetti, Nguyen Lam Tung,
Olga Chernomor, Heiko Schmidt, Dominik Schrempf, Michael Woodhams, Ly Trong Nhan.

Host:    i29 (AVX2, FMA3, 503 GB RAM)
Command: iqtree2 -s FungalCW_tree_20231129/351482at4751.aa.mfa -gz -B 1000 -alrt 1000 -nt 2
Seed:    993080 (Using SPRNG - Scalable Parallel Random Number Generator)
Time:    Wed Nov 29 01:39:19 2023
Kernel:  AVX+FMA - 2 threads (2 CPU cores detected)

Reading alignment file FungalCW_tree_20231129/351482at4751.aa.mfa ... Fasta format detected
Reading fasta file: done in 0.000207901 secs using 85.14% CPU
Alignment most likely contains protein sequences
Constructing alignment: done in 0.000762939 secs using 118.5% CPU
Alignment has 16 sequences with 336 columns, 230 distinct patterns
135 parsimony-informative, 80 singleton sites, 121 constant sites
                                                               Gap/Ambiguity  Composition  p-value
Analyzing sequences: done in 2.21729e-05 secs using 54.12% CPU
   1  Basidiobolus_meristosporus_CBS_931.73.Basme2finSC.v1            16.07%    passed     97.86%
   2  Botrytis_cinerea_T4                                              8.63%    passed     99.97%
   3  Colletotrichum_graminicola_M1.001                                8.33%    passed     99.89%
   4  Colletotrichum_higginsianum_IMI_349063                           7.44%    passed     99.84%
   5  Fusarium_graminearum_PH-1                                        9.23%    passed     99.35%
   6  Fusarium_verticillioides_7600                                    8.93%    passed     99.72%
   7  Gilbertella_persicaria_var_persicaria_CBS_190.32-T.Gilper1.v1   12.20%    passed    100.00%
   8  Mortierella_elongata_AG-77                                      12.80%    passed     98.97%
   9  Mucor_mucedo_NRRL_3635                                          10.71%    passed     99.97%
  10  Phycomyces_blakesleeanus_NRRL_1555.Phybl2.v2                    15.18%    passed     98.63%
  11  Rhizopus_stolonifer_NRRL_66455                                  13.10%    passed    100.00%
  12  Trichoderma_harzianum_CBS_226.95                                 2.68%    passed     90.48%
  13  Umbelopsis_ramanniana_NRRL_5844.Umbra1.v1                       11.61%    passed    100.00%
  14  Ustilago_maydis                                                  1.79%    passed     93.20%
  15  Zoophthora_radicans_ATCC_208865                                 13.69%    passed     75.23%
  16  Zymoseptoria_tritici_IP0323                                      6.25%    passed     99.02%
****  TOTAL                                                            9.91%  0 sequences failed composition chi2 test (p-value<5%; df=19)
Checking for duplicate sequences: done in 8.60691e-05 secs using 197.5% CPU


Create initial parsimony tree by phylogenetic likelihood library (PLL)... 0.001 seconds
Perform fast likelihood tree search using LG+I+G model...
Estimate model parameters (epsilon = 5.000)
Perform nearest neighbor interchange...
Optimizing NNI: done in 0.0770891 secs using 196.9% CPU
Estimate model parameters (epsilon = 1.000)
1. Initial log-likelihood: -4474.880
Optimal log-likelihood: -4474.772
Proportion of invariable sites: 0.163
Gamma shape alpha: 0.524
Parameters optimization took 1 rounds (0.050 sec)
Time for fast ML tree search: 0.235 seconds

NOTE: ModelFinder requires 7 MB RAM!
ModelFinder will test up to 1232 protein models (sample size: 336) ...
 No. Model         -LnL         df  AIC          AICc         BIC
  1  LG            4825.935     29  9709.870     9715.557     9820.567
  2  LG+I          4626.141     30  9312.282     9318.381     9426.796
  3  LG+G4         4477.953     30  9015.907     9022.005     9130.420
  4  LG+I+G4       4474.761     31  9011.522     9018.048     9129.852
  5  LG+R2         4504.111     31  9070.222     9076.748     9188.553
  6  LG+R3         4471.317     33  9008.633     9016.064     9134.598
  7  LG+R4         4465.707     35  9001.413     9009.813     9135.012
 14  LG+I+R2       4486.027     32  9036.053     9043.023     9158.201
 15  LG+I+R3       4466.478     34  9000.955     9008.862     9130.737
 16  LG+I+R4       4466.075     36  9004.150     9013.060     9141.566
 25  LG+F+G4       4434.478     49  8966.956     8984.089     9153.994
 26  LG+F+I+G4     4431.626     50  8963.252     8981.147     9154.108
 28  LG+F+R3       4428.840     52  8961.680     8981.157     9160.170
 29  LG+F+R4       4422.632     54  8953.265     8974.404     9159.389
 37  LG+F+I+R3     4423.202     53  8952.404     8972.702     9154.711
 47  WAG+G4        4506.257     30  9072.514     9078.613     9187.028
 48  WAG+I+G4      4504.312     31  9070.624     9077.150     9188.954
 50  WAG+R3        4503.044     33  9072.089     9079.519     9198.054
 51  WAG+R4        4498.239     35  9066.478     9074.878     9200.077
 59  WAG+I+R3      4498.862     34  9065.723     9073.630     9195.505
 69  WAG+F+G4      4451.803     49  9001.605     9018.738     9188.644
 70  WAG+F+I+G4    4449.862     50  8999.724     9017.619     9190.580
 72  WAG+F+R3      4449.004     52  9002.008     9021.485     9200.498
 73  WAG+F+R4      4443.658     54  8995.317     9016.456     9201.441
 81  WAG+F+I+R3    4444.083     53  8994.165     9014.463     9196.472
 91  JTT+G4        4519.705     30  9099.409     9105.508     9213.922
 92  JTT+I+G4      4516.259     31  9094.518     9101.044     9212.848
 94  JTT+R3        4512.234     33  9090.469     9097.899     9216.433
 95  JTT+R4        4508.095     35  9086.189     9094.589     9219.788
103  JTT+I+R3      4508.623     34  9085.245     9093.152     9215.027
113  JTT+F+G4      4470.747     49  9039.494     9056.627     9226.532
114  JTT+F+I+G4    4468.282     50  9036.563     9054.458     9227.419
116  JTT+F+R3      4464.329     52  9032.658     9052.135     9231.148
117  JTT+F+R4      4460.447     54  9028.895     9050.034     9235.019
125  JTT+F+I+R3    4460.763     53  9027.525     9047.823     9229.832
WARNING: Normalizing state frequencies so that sum of them equals to 1
135  Q.pfam+G4     4475.603     30  9011.206     9017.305     9125.720
WARNING: Normalizing state frequencies so that sum of them equals to 1
136  Q.pfam+I+G4   4472.368     31  9006.737     9013.263     9125.067
WARNING: Normalizing state frequencies so that sum of them equals to 1
138  Q.pfam+R3     4467.559     33  9001.119     9008.549     9127.084
WARNING: Normalizing state frequencies so that sum of them equals to 1
139  Q.pfam+R4     4462.756     35  8995.512     9003.912     9129.111
WARNING: Normalizing state frequencies so that sum of them equals to 1
147  Q.pfam+I+R3   4463.780     34  8995.561     9003.468     9125.343
WARNING: Normalizing state frequencies so that sum of them equals to 1
157  Q.pfam+F+G4   4436.015     49  8970.029     8987.162     9157.068
WARNING: Normalizing state frequencies so that sum of them equals to 1
158  Q.pfam+F+I+G4 4433.126     50  8966.252     8984.147     9157.108
WARNING: Normalizing state frequencies so that sum of them equals to 1
160  Q.pfam+F+R3   4428.822     52  8961.644     8981.121     9160.134
WARNING: Normalizing state frequencies so that sum of them equals to 1
161  Q.pfam+F+R4   4423.913     54  8955.827     8976.966     9161.951
WARNING: Normalizing state frequencies so that sum of them equals to 1
169  Q.pfam+F+I+R3 4424.978     53  8955.955     8976.253     9158.262
WARNING: Normalizing state frequencies so that sum of them equals to 1
179  Q.bird+G4     4614.582     30  9289.164     9295.262     9403.677
WARNING: Normalizing state frequencies so that sum of them equals to 1
180  Q.bird+I+G4   4611.441     31  9284.882     9291.408     9403.212
WARNING: Normalizing state frequencies so that sum of them equals to 1
182  Q.bird+R3     4606.219     33  9278.438     9285.869     9404.403
WARNING: Normalizing state frequencies so that sum of them equals to 1
183  Q.bird+R4     4599.084     35  9268.169     9276.569     9401.768
WARNING: Normalizing state frequencies so that sum of them equals to 1
191  Q.bird+I+R3   4601.833     34  9271.666     9279.573     9401.448
WARNING: Normalizing state frequencies so that sum of them equals to 1
201  Q.bird+F+G4   4548.891     49  9195.781     9212.914     9382.820
WARNING: Normalizing state frequencies so that sum of them equals to 1
202  Q.bird+F+I+G4 4546.739     50  9193.478     9211.373     9384.334
WARNING: Normalizing state frequencies so that sum of them equals to 1
204  Q.bird+F+R3   4541.167     52  9186.333     9205.810     9384.823
WARNING: Normalizing state frequencies so that sum of them equals to 1
205  Q.bird+F+R4   4533.662     54  9175.325     9196.464     9381.449
WARNING: Normalizing state frequencies so that sum of them equals to 1
213  Q.bird+F+I+R3 4536.179     53  9178.358     9198.656     9380.665
WARNING: Normalizing state frequencies so that sum of them equals to 1
223  Q.mammal+G4   4589.928     30  9239.855     9245.954     9354.369
WARNING: Normalizing state frequencies so that sum of them equals to 1
224  Q.mammal+I+G4 4587.333     31  9236.667     9243.193     9354.997
WARNING: Normalizing state frequencies so that sum of them equals to 1
226  Q.mammal+R3   4580.366     33  9226.732     9234.163     9352.697
WARNING: Normalizing state frequencies so that sum of them equals to 1
227  Q.mammal+R4   4575.499     35  9220.999     9229.399     9354.597
WARNING: Normalizing state frequencies so that sum of them equals to 1
235  Q.mammal+I+R3 4577.329     34  9222.658     9230.565     9352.440
WARNING: Normalizing state frequencies so that sum of them equals to 1
245  Q.mammal+F+G4 4518.513     49  9135.027     9152.160     9322.065
WARNING: Normalizing state frequencies so that sum of them equals to 1
246  Q.mammal+F+I+G4 4516.669     50  9133.337     9151.232     9324.193
WARNING: Normalizing state frequencies so that sum of them equals to 1
248  Q.mammal+F+R3 4509.406     52  9122.811     9142.289     9321.301
WARNING: Normalizing state frequencies so that sum of them equals to 1
249  Q.mammal+F+R4 4504.167     54  9116.334     9137.473     9322.458
WARNING: Normalizing state frequencies so that sum of them equals to 1
257  Q.mammal+F+I+R3 4505.978     53  9117.956     9138.254     9320.263
267  Q.insect+G4   4503.672     30  9067.344     9073.442     9181.857
268  Q.insect+I+G4 4500.059     31  9062.119     9068.645     9180.449
270  Q.insect+R3   4492.888     33  9051.777     9059.207     9177.742
271  Q.insect+R4   4489.114     35  9048.228     9056.628     9181.827
279  Q.insect+I+R3 4489.992     34  9047.984     9055.891     9177.766
289  Q.insect+F+G4 4437.434     49  8972.868     8990.001     9159.907
290  Q.insect+F+I+G4 4435.098     50  8970.197     8988.091     9161.052
292  Q.insect+F+R3 4429.172     52  8962.343     8981.820     9160.833
293  Q.insect+F+R4 4425.114     54  8958.228     8979.367     9164.352
301  Q.insect+F+I+R3 4425.643     53  8957.287     8977.584     9159.594
WARNING: Normalizing state frequencies so that sum of them equals to 1
311  Q.plant+G4    4537.949     30  9135.897     9141.995     9250.410
WARNING: Normalizing state frequencies so that sum of them equals to 1
312  Q.plant+I+G4  4534.902     31  9131.803     9138.330     9250.134
WARNING: Normalizing state frequencies so that sum of them equals to 1
314  Q.plant+R3    4528.453     33  9122.907     9130.337     9248.871
WARNING: Normalizing state frequencies so that sum of them equals to 1
315  Q.plant+R4    4523.631     35  9117.263     9125.663     9250.862
WARNING: Normalizing state frequencies so that sum of them equals to 1
323  Q.plant+I+R3  4524.986     34  9117.972     9125.879     9247.754
WARNING: Normalizing state frequencies so that sum of them equals to 1
333  Q.plant+F+G4  4486.929     49  9071.858     9088.991     9258.897
WARNING: Normalizing state frequencies so that sum of them equals to 1
334  Q.plant+F+I+G4 4484.521     50  9069.043     9086.937     9259.898
WARNING: Normalizing state frequencies so that sum of them equals to 1
336  Q.plant+F+R3  4479.623     52  9063.247     9082.724     9261.737
WARNING: Normalizing state frequencies so that sum of them equals to 1
337  Q.plant+F+R4  4473.625     54  9055.249     9076.388     9261.373
WARNING: Normalizing state frequencies so that sum of them equals to 1
345  Q.plant+F+I+R3 4475.027     53  9056.054     9076.352     9258.361
WARNING: Normalizing state frequencies so that sum of them equals to 1
355  Q.yeast+G4    4511.256     30  9082.512     9088.611     9197.026
WARNING: Normalizing state frequencies so that sum of them equals to 1
356  Q.yeast+I+G4  4507.141     31  9076.282     9082.808     9194.612
WARNING: Normalizing state frequencies so that sum of them equals to 1
358  Q.yeast+R3    4500.903     33  9067.806     9075.237     9193.771
WARNING: Normalizing state frequencies so that sum of them equals to 1
359  Q.yeast+R4    4496.149     35  9062.297     9070.697     9195.896
WARNING: Normalizing state frequencies so that sum of them equals to 1
367  Q.yeast+I+R3  4497.586     34  9063.172     9071.079     9192.953
WARNING: Normalizing state frequencies so that sum of them equals to 1
377  Q.yeast+F+G4  4441.603     49  8981.207     8998.340     9168.245
WARNING: Normalizing state frequencies so that sum of them equals to 1
378  Q.yeast+F+I+G4 4438.894     50  8977.787     8995.682     9168.643
WARNING: Normalizing state frequencies so that sum of them equals to 1
380  Q.yeast+F+R3  4433.701     52  8971.401     8990.878     9169.891
WARNING: Normalizing state frequencies so that sum of them equals to 1
381  Q.yeast+F+R4  4428.761     54  8965.522     8986.661     9171.646
WARNING: Normalizing state frequencies so that sum of them equals to 1
389  Q.yeast+F+I+R3 4429.762     53  8965.524     8985.821     9167.830
399  JTTDCMut+G4   4520.517     30  9101.033     9107.132     9215.547
400  JTTDCMut+I+G4 4517.063     31  9096.126     9102.652     9214.456
402  JTTDCMut+R3   4512.966     33  9091.933     9099.363     9217.898
403  JTTDCMut+R4   4508.706     35  9087.412     9095.812     9221.011
411  JTTDCMut+I+R3 4509.196     34  9086.392     9094.299     9216.174
421  JTTDCMut+F+G4 4471.469     49  9040.939     9058.071     9227.977
422  JTTDCMut+F+I+G4 4469.008     50  9038.015     9055.910     9228.871
424  JTTDCMut+F+R3 4465.030     52  9034.061     9053.538     9232.551
425  JTTDCMut+F+R4 4460.996     54  9029.993     9051.132     9236.117
433  JTTDCMut+F+I+R3 4461.315     53  9028.629     9048.927     9230.936
443  DCMut+G4      4539.604     30  9139.208     9145.307     9253.722
444  DCMut+I+G4    4535.866     31  9133.731     9140.258     9252.062
446  DCMut+R3      4532.147     33  9130.294     9137.725     9256.259
447  DCMut+R4      4527.522     35  9125.043     9133.443     9258.642
455  DCMut+I+R3    4527.799     34  9123.598     9131.505     9253.380
465  DCMut+F+G4    4460.995     49  9019.990     9037.123     9207.029
466  DCMut+F+I+G4  4458.236     50  9016.472     9034.367     9207.328
468  DCMut+F+R3    4453.735     52  9011.469     9030.947     9209.959
469  DCMut+F+R4    4450.034     54  9008.068     9029.207     9214.192
477  DCMut+F+I+R3  4450.166     53  9006.332     9026.630     9208.639
487  VT+G4         4491.992     30  9043.984     9050.082     9158.497
488  VT+I+G4       4489.128     31  9040.255     9046.782     9158.586
490  VT+R3         4485.425     33  9036.850     9044.280     9162.815
491  VT+R4         4482.520     35  9035.041     9043.441     9168.640
499  VT+I+R3       4482.832     34  9033.665     9041.571     9163.446
509  VT+F+G4       4448.689     49  8995.378     9012.511     9182.416
510  VT+F+I+G4     4445.623     50  8991.246     9009.141     9182.102
512  VT+F+R3       4442.175     52  8988.349     9007.826     9186.839
513  VT+F+R4       4438.907     54  8985.815     9006.953     9191.939
521  VT+F+I+R3     4439.089     53  8984.178     9004.476     9186.485
531  PMB+G4        4504.867     30  9069.735     9075.833     9184.248
532  PMB+I+G4      4502.328     31  9066.656     9073.182     9184.986
534  PMB+R3        4499.012     33  9064.025     9071.455     9189.989
535  PMB+R4        4496.742     35  9063.484     9071.884     9197.083
543  PMB+I+R3      4497.122     34  9062.243     9070.150     9192.025
553  PMB+F+G4      4443.042     49  8984.084     9001.217     9171.122
554  PMB+F+I+G4    4440.345     50  8980.690     8998.585     9171.545
556  PMB+F+R3      4437.186     52  8978.372     8997.849     9176.862
557  PMB+F+R4      4434.325     54  8976.650     8997.789     9182.774
565  PMB+F+I+R3    4434.599     53  8975.198     8995.496     9177.505
575  Blosum62+G4   4497.559     30  9055.118     9061.216     9169.631
576  Blosum62+I+G4 4495.458     31  9052.916     9059.443     9171.247
578  Blosum62+R3   4492.656     33  9051.312     9058.742     9177.276
579  Blosum62+R4   4489.143     35  9048.285     9056.685     9181.884
587  Blosum62+I+R3 4489.684     34  9047.369     9055.276     9177.151
597  Blosum62+F+G4 4447.643     49  8993.285     9010.418     9180.324
598  Blosum62+F+I+G4 4445.422     50  8990.843     9008.738     9181.699
600  Blosum62+F+R3 4443.178     52  8990.356     9009.833     9188.846
601  Blosum62+F+R4 4438.590     54  8985.181     9006.319     9191.305
609  Blosum62+F+I+R3 4438.837     53  8983.675     9003.973     9185.982
619  Dayhoff+G4    4539.344     30  9138.688     9144.786     9253.201
620  Dayhoff+I+G4  4535.656     31  9133.311     9139.837     9251.642
622  Dayhoff+R3    4531.961     33  9129.922     9137.352     9255.886
623  Dayhoff+R4    4527.342     35  9124.684     9133.084     9258.282
631  Dayhoff+I+R3  4527.606     34  9123.212     9131.119     9252.994
641  Dayhoff+F+G4  4460.797     49  9019.593     9036.726     9206.632
642  Dayhoff+F+I+G4 4458.075     50  9016.150     9034.044     9207.005
644  Dayhoff+F+R3  4453.599     52  9011.198     9030.675     9209.688
645  Dayhoff+F+R4  4449.889     54  9007.779     9028.918     9213.903
653  Dayhoff+F+I+R3 4450.010     53  9006.020     9026.318     9208.327
663  mtREV+G4      4735.602     30  9531.204     9537.303     9645.717
664  mtREV+I+G4    4735.022     31  9532.044     9538.570     9650.374
666  mtREV+R3      4735.846     33  9537.691     9545.122     9663.656
667  mtREV+R4      4729.359     35  9528.718     9537.118     9662.317
675  mtREV+I+R3    4731.225     34  9530.449     9538.356     9660.231
685  mtREV+F+G4    4502.268     49  9102.537     9119.670     9289.575
686  mtREV+F+I+G4  4501.943     50  9103.886     9121.781     9294.741
688  mtREV+F+R3    4500.689     52  9105.377     9124.854     9303.867
689  mtREV+F+R4    4496.442     54  9100.885     9122.024     9307.009
697  mtREV+F+I+R3  4496.789     53  9099.579     9119.877     9301.886
707  mtART+G4      4736.826     30  9533.652     9539.750     9648.165
708  mtART+I+G4    4734.535     31  9531.071     9537.597     9649.401
710  mtART+R3      4735.151     33  9536.302     9543.732     9662.266
711  mtART+R4      4724.262     35  9518.524     9526.924     9652.123
719  mtART+I+R3    4728.668     34  9525.335     9533.242     9655.117
729  mtART+F+G4    4505.564     49  9109.129     9126.262     9296.167
730  mtART+F+I+G4  4504.224     50  9108.448     9126.343     9299.304
732  mtART+F+R3    4499.676     52  9103.353     9122.830     9301.842
733  mtART+F+R4    4487.639     54  9083.277     9104.416     9289.401
741  mtART+F+I+R3  4491.391     53  9088.783     9109.081     9291.090
751  mtZOA+G4      4658.142     30  9376.284     9382.382     9490.797
752  mtZOA+I+G4    4656.196     31  9374.393     9380.919     9492.723
754  mtZOA+R3      4654.818     33  9375.636     9383.066     9501.601
755  mtZOA+R4      4647.710     35  9365.420     9373.820     9499.019
763  mtZOA+I+R3    4650.661     34  9369.322     9377.229     9499.104
773  mtZOA+F+G4    4468.794     49  9035.589     9052.722     9222.627
774  mtZOA+F+I+G4  4467.778     50  9035.557     9053.452     9226.412
776  mtZOA+F+R3    4463.618     52  9031.237     9050.714     9229.727
777  mtZOA+F+R4    4455.903     54  9019.807     9040.945     9225.931
785  mtZOA+F+I+R3  4457.945     53  9021.890     9042.188     9224.197
795  mtMet+G4      4761.408     30  9582.815     9588.913     9697.328
796  mtMet+I+G4    4757.960     31  9577.920     9584.446     9696.250
798  mtMet+R3      4756.845     33  9579.689     9587.119     9705.654
799  mtMet+R4      4749.657     35  9569.313     9577.713     9702.912
807  mtMet+I+R3    4752.155     34  9572.309     9580.216     9702.091
817  mtMet+F+G4    4513.815     49  9125.631     9142.763     9312.669
818  mtMet+F+I+G4  4512.544     50  9125.088     9142.982     9315.943
820  mtMet+F+R3    4507.113     52  9118.225     9137.703     9316.715
821  mtMet+F+R4    4501.106     54  9110.212     9131.351     9316.336
829  mtMet+F+I+R3  4502.310     53  9110.621     9130.919     9312.928
839  mtVer+G4      4810.953     30  9681.907     9688.005     9796.420
840  mtVer+I+G4    4806.977     31  9675.955     9682.481     9794.285
842  mtVer+R3      4809.202     33  9684.404     9691.835     9810.369
843  mtVer+R4      4797.180     35  9664.360     9672.760     9797.958
851  mtVer+I+R3    4800.884     34  9669.767     9677.674     9799.549
861  mtVer+F+G4    4583.997     49  9265.994     9283.127     9453.032
862  mtVer+F+I+G4  4582.714     50  9265.429     9283.324     9456.285
864  mtVer+F+R3    4576.471     52  9256.943     9276.420     9455.432
865  mtVer+F+R4    4569.329     54  9246.657     9267.796     9452.781
873  mtVer+F+I+R3  4571.512     53  9249.025     9269.323     9451.332
883  mtInv+G4      4771.614     30  9603.228     9609.327     9717.742
884  mtInv+I+G4    4768.089     31  9598.178     9604.704     9716.508
886  mtInv+R3      4764.913     33  9595.825     9603.256     9721.790
887  mtInv+R4      4760.465     35  9590.930     9599.330     9724.529
895  mtInv+I+R3    4761.817     34  9591.634     9599.541     9721.416
905  mtInv+F+G4    4474.368     49  9046.736     9063.869     9233.774
906  mtInv+F+I+G4  4472.399     50  9044.799     9062.693     9235.654
908  mtInv+F+R3    4467.964     52  9039.928     9059.406     9238.418
909  mtInv+F+R4    4462.068     54  9032.135     9053.274     9238.259
917  mtInv+F+I+R3  4462.731     53  9031.462     9051.760     9233.769
927  mtMAM+G4      4831.577     30  9723.154     9729.253     9837.668
928  mtMAM+I+G4    4828.694     31  9719.387     9725.913     9837.718
930  mtMAM+R3      4836.660     33  9739.319     9746.750     9865.284
931  mtMAM+R4      4819.978     35  9709.956     9718.356     9843.555
939  mtMAM+I+R3    4826.823     34  9721.647     9729.554     9851.428
949  mtMAM+F+G4    4599.924     49  9297.848     9314.981     9484.887
950  mtMAM+F+I+G4  4598.400     50  9296.801     9314.695     9487.656
952  mtMAM+F+R3    4596.632     52  9297.263     9316.740     9495.753
953  mtMAM+F+R4    4582.633     54  9273.266     9294.404     9479.390
961  mtMAM+F+I+R3  4591.407     53  9288.814     9309.112     9491.121
WARNING: Normalizing state frequencies so that sum of them equals to 1
971  FLAVI+G4      4683.296     30  9426.591     9432.690     9541.105
WARNING: Normalizing state frequencies so that sum of them equals to 1
972  FLAVI+I+G4    4680.872     31  9423.744     9430.270     9542.074
WARNING: Normalizing state frequencies so that sum of them equals to 1
974  FLAVI+R3      4677.056     33  9420.112     9427.543     9546.077
WARNING: Normalizing state frequencies so that sum of them equals to 1
975  FLAVI+R4      4666.949     35  9403.897     9412.297     9537.496
WARNING: Normalizing state frequencies so that sum of them equals to 1
983  FLAVI+I+R3    4672.163     34  9412.325     9420.232     9542.107
WARNING: Normalizing state frequencies so that sum of them equals to 1
993  FLAVI+F+G4    4628.757     49  9355.515     9372.647     9542.553
WARNING: Normalizing state frequencies so that sum of them equals to 1
994  FLAVI+F+I+G4  4626.682     50  9353.365     9371.260     9544.221
WARNING: Normalizing state frequencies so that sum of them equals to 1
996  FLAVI+F+R3    4624.196     52  9352.391     9371.868     9550.881
WARNING: Normalizing state frequencies so that sum of them equals to 1
997  FLAVI+F+R4    4612.762     54  9333.525     9354.664     9539.649
WARNING: Normalizing state frequencies so that sum of them equals to 1
1005  FLAVI+F+I+R3  4616.398     53  9338.796     9359.094     9541.103
1015  HIVb+G4       4631.561     30  9323.122     9329.220     9437.635
1016  HIVb+I+G4     4628.703     31  9319.406     9325.933     9437.737
1018  HIVb+R3       4625.551     33  9317.102     9324.533     9443.067
1019  HIVb+R4       4619.251     35  9308.503     9316.903     9442.102
1027  HIVb+I+R3     4620.124     34  9308.248     9316.155     9438.030
1037  HIVb+F+G4     4570.711     49  9239.422     9256.555     9426.460
1038  HIVb+F+I+G4   4568.849     50  9237.698     9255.593     9428.554
1040  HIVb+F+R3     4565.415     52  9234.829     9254.306     9433.319
1041  HIVb+F+R4     4558.740     54  9225.481     9246.620     9431.605
1049  HIVb+F+I+R3   4559.415     53  9224.829     9245.127     9427.136
1059  HIVw+G4       4768.977     30  9597.953     9604.052     9712.467
1060  HIVw+I+G4     4765.591     31  9593.181     9599.708     9711.512
1062  HIVw+R3       4768.699     33  9603.397     9610.828     9729.362
1063  HIVw+R4       4758.342     35  9586.685     9595.085     9720.284
1071  HIVw+I+R3     4759.689     34  9587.378     9595.285     9717.160
1081  HIVw+F+G4     4671.853     49  9441.707     9458.840     9628.745
1082  HIVw+F+I+G4   4668.244     50  9436.487     9454.382     9627.343
1084  HIVw+F+R3     4671.367     52  9446.734     9466.211     9645.224
1085  HIVw+F+R4     4657.574     54  9423.148     9444.287     9629.272
1093  HIVw+F+I+R3   4659.204     53  9424.409     9444.707     9626.716
1103  FLU+G4        4601.990     30  9263.981     9270.079     9378.494
1104  FLU+I+G4      4598.837     31  9259.674     9266.201     9378.005
1106  FLU+R3        4599.041     33  9264.082     9271.512     9390.047
1107  FLU+R4        4589.655     35  9249.311     9257.711     9382.910
1115  FLU+I+R3      4591.975     34  9251.950     9259.857     9381.732
1125  FLU+F+G4      4522.661     49  9143.322     9160.454     9330.360
1126  FLU+F+I+G4    4520.316     50  9140.633     9158.527     9331.488
1128  FLU+F+R3      4519.387     52  9142.775     9162.252     9341.264
1129  FLU+F+R4      4509.810     54  9127.621     9148.760     9333.745
1137  FLU+F+I+R3    4511.750     53  9129.500     9149.798     9331.807
1147  rtREV+G4      4525.652     30  9111.303     9117.402     9225.816
1148  rtREV+I+G4    4523.193     31  9108.385     9114.911     9226.715
1150  rtREV+R3      4521.869     33  9109.738     9117.168     9235.702
1151  rtREV+R4      4515.666     35  9101.331     9109.731     9234.930
1159  rtREV+I+R3    4516.796     34  9101.591     9109.498     9231.373
1169  rtREV+F+G4    4444.728     49  8987.456     9004.589     9174.495
1170  rtREV+F+I+G4  4442.088     50  8984.177     9002.072     9175.032
1172  rtREV+F+R3    4439.332     52  8982.664     9002.141     9181.154
1173  rtREV+F+R4    4433.102     54  8974.205     8995.344     9180.329
1181  rtREV+F+I+R3  4433.617     53  8973.235     8993.533     9175.542
1191  cpREV+G4      4515.056     30  9090.113     9096.211     9204.626
1192  cpREV+I+G4    4513.380     31  9088.759     9095.285     9207.090
1194  cpREV+R3      4513.384     33  9092.768     9100.199     9218.733
1195  cpREV+R4      4506.237     35  9082.475     9090.875     9216.073
1203  cpREV+I+R3    4506.699     34  9081.398     9089.305     9211.180
1213  cpREV+F+G4    4488.091     49  9074.181     9091.314     9261.220
1214  cpREV+F+I+G4  4486.212     50  9072.423     9090.318     9263.279
1216  cpREV+F+R3    4485.830     52  9075.659     9095.136     9274.149
1217  cpREV+F+R4    4477.049     54  9062.097     9083.236     9268.221
1225  cpREV+F+I+R3  4477.024     53  9060.047     9080.345     9262.354
Akaike Information Criterion:           LG+F+I+R3
Corrected Akaike Information Criterion: LG+F+I+R3
Bayesian Information Criterion:         Q.pfam+I+G4
Best-fit model: Q.pfam+I+G4 chosen according to BIC

All model information printed to FungalCW_tree_20231129/351482at4751.aa.mfa.model.gz
CPU time for ModelFinder: 147.871 seconds (0h:2m:27s)
Wall-clock time for ModelFinder: 75.243 seconds (0h:1m:15s)
Generating 1000 samples for ultrafast bootstrap (seed: 993080)...
WARNING: Normalizing state frequencies so that sum of them equals to 1

NOTE: 3 MB RAM (0 GB) is required!
Estimate model parameters (epsilon = 0.100)
Thoroughly optimizing +I+G parameters from 10 start values...
Init pinv, alpha: 0.000, 0.529 / Estimate: 0.000, 0.396 / LogL: -4475.501
Init pinv, alpha: 0.040, 0.529 / Estimate: 0.049, 0.427 / LogL: -4474.192
Init pinv, alpha: 0.080, 0.529 / Estimate: 0.097, 0.462 / LogL: -4473.060
Init pinv, alpha: 0.120, 0.529 / Estimate: 0.127, 0.490 / LogL: -4472.594
Init pinv, alpha: 0.160, 0.529 / Estimate: 0.161, 0.527 / LogL: -4472.369
Init pinv, alpha: 0.200, 0.529 / Estimate: 0.191, 0.568 / LogL: -4472.475
Init pinv, alpha: 0.240, 0.529 / Estimate: 0.195, 0.579 / LogL: -4472.515
Init pinv, alpha: 0.280, 0.529 / Estimate: 0.198, 0.585 / LogL: -4472.548
Init pinv, alpha: 0.320, 0.529 / Estimate: 0.198, 0.584 / LogL: -4472.539
Init pinv, alpha: 0.360, 0.529 / Estimate: 0.200, 0.588 / LogL: -4472.568
Optimal pinv,alpha: 0.161, 0.527 / LogL: -4472.369

Parameters optimization took 1.433 sec
Wrote distance file to... 
Computing ML distances based on estimated model parameters...
Calculating distance matrix: done in 0.0280759 secs using 194.1% CPU
Computing ML distances took 0.028279 sec (of wall-clock time) 0.054687 sec (of CPU time)
Setting up auxiliary I and S matrices: done in 0.0398719 secs using 198.1% CPU
Constructing RapidNJ tree: done in 0.0712192 secs using 197.9% CPU
Computing RapidNJ tree took 0.111300 sec (of wall-clock time) 0.220231 sec (of CPU time)
Log-likelihood of RapidNJ tree: -4496.709
--------------------------------------------------------------------
|             INITIALIZING CANDIDATE TREE SET                      |
--------------------------------------------------------------------
Generating 98 parsimony trees... 0.218 second
Computing log-likelihood of 97 initial trees ... 0.761 seconds
Current best score: -4472.369

Do NNI search on 20 best initial trees
Optimizing NNI: done in 0.0357938 secs using 195.4% CPU
Estimate model parameters (epsilon = 0.100)
BETTER TREE FOUND at iteration 1: -4472.368
Optimizing NNI: done in 0.087415 secs using 195.9% CPU
Optimizing NNI: done in 0.0870092 secs using 198.2% CPU
Optimizing NNI: done in 0.0869889 secs using 195.8% CPU
Optimizing NNI: done in 0.090163 secs using 198.3% CPU
Optimizing NNI: done in 0.0906239 secs using 196% CPU
Optimizing NNI: done in 0.0912259 secs using 198.2% CPU
Optimizing NNI: done in 0.0702689 secs using 195.3% CPU
Optimizing NNI: done in 0.106007 secs using 196.3% CPU
Optimizing NNI: done in 0.131292 secs using 198.5% CPU
Iteration 10 / LogL: -4472.546 / Time: 0h:0m:3s
Optimizing NNI: done in 0.1019 secs using 196.7% CPU
Optimizing NNI: done in 0.155242 secs using 195% CPU
Optimizing NNI: done in 0.115716 secs using 196.6% CPU
Optimizing NNI: done in 0.105212 secs using 198.2% CPU
Optimizing NNI: done in 0.0970659 secs using 196.1% CPU
Optimizing NNI: done in 0.102797 secs using 198.3% CPU
Optimizing NNI: done in 0.116426 secs using 196.4% CPU
Optimizing NNI: done in 0.0754421 secs using 196.9% CPU
Optimizing NNI: done in 0.146928 secs using 197.6% CPU
Optimizing NNI: done in 0.10482 secs using 195.3% CPU
Iteration 20 / LogL: -4473.490 / Time: 0h:0m:4s
Finish initializing candidate tree set (3)
Current best tree score: -4472.368 / CPU time: 3.055
Number of iterations: 20
--------------------------------------------------------------------
|               OPTIMIZING CANDIDATE TREE SET                      |
--------------------------------------------------------------------
Optimizing NNI: done in 0.101628 secs using 198.1% CPU
Optimizing NNI: done in 0.105618 secs using 197.3% CPU
Optimizing NNI: done in 0.109004 secs using 196.5% CPU
Optimizing NNI: done in 0.107358 secs using 197.2% CPU
Optimizing NNI: done in 0.107744 secs using 198.3% CPU
Optimizing NNI: done in 0.098403 secs using 196% CPU
Optimizing NNI: done in 0.147657 secs using 196.9% CPU
Optimizing NNI: done in 0.114996 secs using 198.5% CPU
Optimizing NNI: done in 0.133922 secs using 197.4% CPU
Optimizing NNI: done in 0.0957129 secs using 195.9% CPU
Iteration 30 / LogL: -4472.381 / Time: 0h:0m:6s (0h:0m:14s left)
Optimizing NNI: done in 0.0891571 secs using 198.4% CPU
Optimizing NNI: done in 0.191201 secs using 198.3% CPU
Optimizing NNI: done in 0.146316 secs using 196.1% CPU
Optimizing NNI: done in 0.13388 secs using 195.3% CPU
Optimizing NNI: done in 0.10942 secs using 198.4% CPU
Optimizing NNI: done in 0.0956571 secs using 197.4% CPU
Optimizing NNI: done in 0.0893829 secs using 195.9% CPU
Optimizing NNI: done in 0.133639 secs using 198.3% CPU
Optimizing NNI: done in 0.128794 secs using 198.3% CPU
Optimizing NNI: done in 0.125588 secs using 197.4% CPU
Iteration 40 / LogL: -4474.947 / Time: 0h:0m:7s (0h:0m:11s left)
Optimizing NNI: done in 0.0990992 secs using 197.1% CPU
Optimizing NNI: done in 0.111498 secs using 198.3% CPU
Optimizing NNI: done in 0.10965 secs using 196.5% CPU
Optimizing NNI: done in 0.121193 secs using 197.8% CPU
Optimizing NNI: done in 0.117542 secs using 196.5% CPU
Optimizing NNI: done in 0.138544 secs using 197.6% CPU
Optimizing NNI: done in 0.0909462 secs using 197.2% CPU
Optimizing NNI: done in 0.122928 secs using 196.7% CPU
Optimizing NNI: done in 0.133062 secs using 198.3% CPU
Optimizing NNI: done in 0.133469 secs using 196.8% CPU
Iteration 50 / LogL: -4475.699 / Time: 0h:0m:8s (0h:0m:9s left)
Log-likelihood cutoff on original alignment: -4503.944
Optimizing NNI: done in 0.139398 secs using 198.2% CPU
Optimizing NNI: done in 0.129119 secs using 196.7% CPU
Optimizing NNI: done in 0.118344 secs using 197.4% CPU
Optimizing NNI: done in 0.13473 secs using 198.3% CPU
Optimizing NNI: done in 0.110149 secs using 198.3% CPU
Optimizing NNI: done in 0.118781 secs using 195.7% CPU
Optimizing NNI: done in 0.166731 secs using 197.1% CPU
Optimizing NNI: done in 0.128666 secs using 197.7% CPU
Optimizing NNI: done in 0.0972409 secs using 198.8% CPU
Optimizing NNI: done in 0.101003 secs using 197.3% CPU
Iteration 60 / LogL: -4472.430 / Time: 0h:0m:10s (0h:0m:7s left)
Optimizing NNI: done in 0.206435 secs using 197.3% CPU
Optimizing NNI: done in 0.0949662 secs using 197.2% CPU
Optimizing NNI: done in 0.119189 secs using 197.4% CPU
Optimizing NNI: done in 0.137706 secs using 196% CPU
Optimizing NNI: done in 0.0978119 secs using 196.7% CPU
Optimizing NNI: done in 0.174415 secs using 197.9% CPU
Optimizing NNI: done in 0.107593 secs using 197.3% CPU
Optimizing NNI: done in 0.06563 secs using 198% CPU
Optimizing NNI: done in 0.159961 secs using 197% CPU
Optimizing NNI: done in 0.104338 secs using 197.3% CPU
Iteration 70 / LogL: -4472.862 / Time: 0h:0m:11s (0h:0m:5s left)
Optimizing NNI: done in 0.116804 secs using 195% CPU
Optimizing NNI: done in 0.085448 secs using 197.1% CPU
Optimizing NNI: done in 0.135135 secs using 196.9% CPU
Optimizing NNI: done in 0.095453 secs using 197.4% CPU
Optimizing NNI: done in 0.12642 secs using 198.6% CPU
Optimizing NNI: done in 0.119349 secs using 198.2% CPU
Optimizing NNI: done in 0.121432 secs using 197.5% CPU
Optimizing NNI: done in 0.056442 secs using 198.4% CPU
Optimizing NNI: done in 0.0752442 secs using 196.3% CPU
Optimizing NNI: done in 0.0725081 secs using 197% CPU
Iteration 80 / LogL: -4472.704 / Time: 0h:0m:12s (0h:0m:3s left)
Optimizing NNI: done in 0.151027 secs using 197.7% CPU
Optimizing NNI: done in 0.0984809 secs using 198% CPU
Optimizing NNI: done in 0.10916 secs using 197.2% CPU
Optimizing NNI: done in 0.092478 secs using 198.2% CPU
Optimizing NNI: done in 0.0933239 secs using 198.4% CPU
Optimizing NNI: done in 0.113429 secs using 196.4% CPU
Optimizing NNI: done in 0.0926261 secs using 195.1% CPU
Optimizing NNI: done in 0.13412 secs using 196.2% CPU
Optimizing NNI: done in 0.185608 secs using 198.3% CPU
Optimizing NNI: done in 0.145387 secs using 197.7% CPU
Iteration 90 / LogL: -4472.546 / Time: 0h:0m:14s (0h:0m:1s left)
Optimizing NNI: done in 0.103955 secs using 196% CPU
Optimizing NNI: done in 0.124231 secs using 198.7% CPU
Optimizing NNI: done in 0.131808 secs using 198.2% CPU
Optimizing NNI: done in 0.060549 secs using 198.4% CPU
Optimizing NNI: done in 0.0932839 secs using 198.2% CPU
Optimizing NNI: done in 0.134499 secs using 196.7% CPU
Optimizing NNI: done in 0.13545 secs using 196% CPU
Optimizing NNI: done in 0.0631261 secs using 198.3% CPU
Optimizing NNI: done in 0.101095 secs using 197.3% CPU
Optimizing NNI: done in 0.0887201 secs using 197.3% CPU
Iteration 100 / LogL: -4474.941 / Time: 0h:0m:15s (0h:0m:0s left)
Log-likelihood cutoff on original alignment: -4504.163
NOTE: Bootstrap correlation coefficient of split occurrence frequencies: 0.999
Optimizing NNI: done in 0.163099 secs using 198.3% CPU
Optimizing NNI: done in 0.0900631 secs using 198.4% CPU
TREE SEARCH COMPLETED AFTER 102 ITERATIONS / Time: 0h:0m:15s

--------------------------------------------------------------------
|                    FINALIZING TREE SEARCH                        |
--------------------------------------------------------------------
Performs final model parameters optimization
Estimate model parameters (epsilon = 0.010)
1. Initial log-likelihood: -4472.368
Optimal log-likelihood: -4472.367
Proportion of invariable sites: 0.162
Gamma shape alpha: 0.528
Parameters optimization took 1 rounds (0.025 sec)
BEST SCORE FOUND : -4472.367

Testing tree branches by SH-like aLRT with 1000 replicates...
0.090 sec.
Creating bootstrap support values...
Split supports printed to NEXUS file FungalCW_tree_20231129/351482at4751.aa.mfa.splits.nex
Total tree length: 6.003

Total number of iterations: 102
CPU time used for tree search: 26.827 sec (0h:0m:26s)
Wall-clock time used for tree search: 13.680 sec (0h:0m:13s)
Total CPU time used: 30.696 sec (0h:0m:30s)
Total wall-clock time used: 15.732 sec (0h:0m:15s)

Computing bootstrap consensus tree...
Reading input file FungalCW_tree_20231129/351482at4751.aa.mfa.splits.nex...
16 taxa and 81 splits.
Consensus tree written to FungalCW_tree_20231129/351482at4751.aa.mfa.contree
Reading input trees file FungalCW_tree_20231129/351482at4751.aa.mfa.contree
Log-likelihood of consensus tree: -4472.368

Analysis results written to: 
  IQ-TREE report:                FungalCW_tree_20231129/351482at4751.aa.mfa.iqtree
  Maximum-likelihood tree:       FungalCW_tree_20231129/351482at4751.aa.mfa.treefile
  Likelihood distances:          FungalCW_tree_20231129/351482at4751.aa.mfa.mldist

Ultrafast bootstrap approximation results written to:
  Split support values:          FungalCW_tree_20231129/351482at4751.aa.mfa.splits.nex
  Consensus tree:                FungalCW_tree_20231129/351482at4751.aa.mfa.contree
  Screen log file:               FungalCW_tree_20231129/351482at4751.aa.mfa.log

Date and Time: Wed Nov 29 01:40:50 2023
