IQ-TREE multicore version 2.2.2.6 COVID-edition for Linux 64-bit built May 27 2023
Developed by Bui Quang Minh, James Barbetti, Nguyen Lam Tung,
Olga Chernomor, Heiko Schmidt, Dominik Schrempf, Michael Woodhams, Ly Trong Nhan.

Host:    i28 (AVX2, FMA3, 503 GB RAM)
Command: iqtree2 -s FungalCW_tree_20231129/352999at4751.aa.mfa -gz -B 1000 -alrt 1000 -nt 2
Seed:    498290 (Using SPRNG - Scalable Parallel Random Number Generator)
Time:    Wed Nov 29 01:39:35 2023
Kernel:  AVX+FMA - 2 threads (2 CPU cores detected)

Reading alignment file FungalCW_tree_20231129/352999at4751.aa.mfa ... Fasta format detected
Reading fasta file: done in 0.000148058 secs using 73.62% CPU
Alignment most likely contains protein sequences
Constructing alignment: done in 0.000467062 secs using 7.065% CPU
Alignment has 18 sequences with 208 columns, 154 distinct patterns
71 parsimony-informative, 58 singleton sites, 79 constant sites
                                                               Gap/Ambiguity  Composition  p-value
Analyzing sequences: done in 1.69277e-05 secs using 124.1% CPU
   1  Basidiobolus_meristosporus_CBS_931.73.Basme2finSC.v1             0.96%    passed     99.99%
   2  Botrytis_cinerea_T4                                              1.44%    passed    100.00%
   3  Capillidium_pumilum_ARSEF_79                                     8.17%    passed     16.84%
   4  Colletotrichum_graminicola_M1.001                                1.44%    passed    100.00%
   5  Colletotrichum_higginsianum_IMI_349063                           1.44%    passed    100.00%
   6  Fusarium_graminearum_PH-1                                        1.44%    passed    100.00%
   7  Fusarium_verticillioides_7600                                    1.44%    passed    100.00%
   8  Gilbertella_persicaria_var_persicaria_CBS_190.32-T.Gilper1.v1    0.96%    passed     99.97%
   9  Mortierella_elongata_AG-77                                       1.92%    passed     99.99%
  10  Mucor_mucedo_NRRL_3635                                           0.48%    passed     99.99%
  11  Neoconidiobolus_thromboides_FSU_785.Conth1.v1                    1.44%    passed     99.95%
  12  Phycomyces_blakesleeanus_NRRL_1555.Phybl2.v2                     0.48%    passed     99.91%
  13  Rhizopus_stolonifer_NRRL_66455                                   0.96%    passed    100.00%
  14  Trichoderma_harzianum_CBS_226.95                                 0.96%    passed    100.00%
  15  Umbelopsis_ramanniana_NRRL_5844.Umbra1.v1                       12.02%    passed     99.92%
  16  Ustilago_maydis                                                  1.44%    passed     99.91%
  17  Zoophthora_radicans_ATCC_208865                                 12.98%    passed     93.18%
  18  Zymoseptoria_tritici_IP0323                                      1.44%    passed     99.99%
****  TOTAL                                                            2.86%  0 sequences failed composition chi2 test (p-value<5%; df=19)
NOTE: Colletotrichum_higginsianum_IMI_349063 is identical to Colletotrichum_graminicola_M1.001 but kept for subsequent analysis
NOTE: Fusarium_verticillioides_7600 is identical to Fusarium_graminearum_PH-1 but kept for subsequent analysis
Checking for duplicate sequences: done in 0.000117064 secs using 112.8% CPU


Create initial parsimony tree by phylogenetic likelihood library (PLL)... 0.001 seconds
Perform fast likelihood tree search using LG+I+G model...
Estimate model parameters (epsilon = 5.000)
Perform nearest neighbor interchange...
Optimizing NNI: done in 0.0580151 secs using 196.5% CPU
Estimate model parameters (epsilon = 1.000)
1. Initial log-likelihood: -2419.388
Optimal log-likelihood: -2419.256
Proportion of invariable sites: 0.156
Gamma shape alpha: 0.602
Parameters optimization took 1 rounds (0.040 sec)
Time for fast ML tree search: 0.187 seconds

NOTE: ModelFinder requires 5 MB RAM!
ModelFinder will test up to 1232 protein models (sample size: 208) ...
 No. Model         -LnL         df  AIC          AICc         BIC
  1  LG            2547.027     33  5160.054     5172.951     5270.193
  2  LG+I          2477.150     34  5022.300     5036.057     5135.776
  3  LG+G4         2418.558     34  4905.116     4918.873     5018.592
  4  LG+I+G4       2419.115     35  4908.230     4922.881     5025.044
  5  LG+R2         2423.727     35  4917.453     4932.105     5034.267
  6  LG+R3         2415.463     37  4904.927     4921.468     5028.415
  7  LG+R4         2415.288     39  4908.577     4927.148     5038.740
 14  LG+I+R2       2417.075     36  4906.150     4921.729     5026.302
 15  LG+I+R3       2415.827     38  4907.655     4925.193     5034.481
 25  LG+F+G4       2409.525     53  4925.050     4962.219     5101.940
 26  LG+F+I+G4     2410.019     54  4928.038     4966.862     5108.265
 28  LG+F+R3       2407.152     56  4926.304     4968.582     5113.206
 36  LG+F+I+R2     2408.050     55  4926.101     4966.627     5109.666
 47  WAG+G4        2430.026     34  4928.051     4941.808     5041.528
 48  WAG+I+G4      2430.716     35  4931.432     4946.084     5048.246
 50  WAG+R3        2428.192     37  4930.384     4946.926     5053.873
 58  WAG+I+R2      2427.852     36  4927.703     4943.282     5047.854
 69  WAG+F+G4      2428.771     53  4963.542     5000.710     5140.431
 70  WAG+F+I+G4    2429.437     54  4966.875     5005.698     5147.102
 72  WAG+F+R3      2427.243     56  4966.486     5008.764     5153.388
 80  WAG+F+I+R2    2426.518     55  4963.036     5003.562     5146.601
 91  JTT+G4        2436.148     34  4940.296     4954.054     5053.773
 92  JTT+I+G4      2436.831     35  4943.662     4958.313     5060.476
 94  JTT+R3        2434.139     37  4942.278     4958.819     5065.767
102  JTT+I+R2      2435.230     36  4942.459     4958.038     5062.611
113  JTT+F+G4      2430.250     53  4966.500     5003.668     5143.389
114  JTT+F+I+G4    2430.879     54  4969.758     5008.582     5149.986
116  JTT+F+R3      2428.538     56  4969.076     5011.354     5155.978
124  JTT+F+I+R2    2429.277     55  4968.555     5009.081     5152.120
WARNING: Normalizing state frequencies so that sum of them equals to 1
135  Q.pfam+G4     2420.259     34  4908.519     4922.276     5021.995
WARNING: Normalizing state frequencies so that sum of them equals to 1
136  Q.pfam+I+G4   2420.903     35  4911.806     4926.457     5028.620
WARNING: Normalizing state frequencies so that sum of them equals to 1
138  Q.pfam+R3     2416.673     37  4907.346     4923.887     5030.835
WARNING: Normalizing state frequencies so that sum of them equals to 1
146  Q.pfam+I+R2   2418.843     36  4909.685     4925.264     5029.837
WARNING: Normalizing state frequencies so that sum of them equals to 1
157  Q.pfam+F+G4   2413.933     53  4933.866     4971.034     5110.755
WARNING: Normalizing state frequencies so that sum of them equals to 1
158  Q.pfam+F+I+G4 2414.568     54  4937.135     4975.959     5117.362
WARNING: Normalizing state frequencies so that sum of them equals to 1
160  Q.pfam+F+R3   2411.051     56  4934.102     4976.380     5121.004
WARNING: Normalizing state frequencies so that sum of them equals to 1
168  Q.pfam+F+I+R2 2412.457     55  4934.913     4975.440     5118.478
WARNING: Normalizing state frequencies so that sum of them equals to 1
179  Q.bird+G4     2493.707     34  5055.414     5069.171     5168.890
WARNING: Normalizing state frequencies so that sum of them equals to 1
180  Q.bird+I+G4   2494.178     35  5058.355     5073.006     5175.169
WARNING: Normalizing state frequencies so that sum of them equals to 1
182  Q.bird+R3     2489.815     37  5053.630     5070.172     5177.119
WARNING: Normalizing state frequencies so that sum of them equals to 1
190  Q.bird+I+R2   2495.233     36  5062.465     5078.044     5182.617
WARNING: Normalizing state frequencies so that sum of them equals to 1
201  Q.bird+F+G4   2486.135     53  5078.271     5115.440     5255.160
WARNING: Normalizing state frequencies so that sum of them equals to 1
202  Q.bird+F+I+G4 2486.617     54  5081.233     5120.057     5261.460
WARNING: Normalizing state frequencies so that sum of them equals to 1
204  Q.bird+F+R3   2482.689     56  5077.378     5119.657     5264.281
WARNING: Normalizing state frequencies so that sum of them equals to 1
212  Q.bird+F+I+R2 2488.103     55  5086.206     5126.732     5269.771
WARNING: Normalizing state frequencies so that sum of them equals to 1
223  Q.mammal+G4   2470.017     34  5008.033     5021.790     5121.509
WARNING: Normalizing state frequencies so that sum of them equals to 1
224  Q.mammal+I+G4 2470.575     35  5011.150     5025.802     5127.964
WARNING: Normalizing state frequencies so that sum of them equals to 1
226  Q.mammal+R3   2466.175     37  5006.349     5022.890     5129.838
WARNING: Normalizing state frequencies so that sum of them equals to 1
234  Q.mammal+I+R2 2470.732     36  5013.465     5029.044     5133.616
WARNING: Normalizing state frequencies so that sum of them equals to 1
245  Q.mammal+F+G4 2461.975     53  5029.951     5067.120     5206.840
WARNING: Normalizing state frequencies so that sum of them equals to 1
246  Q.mammal+F+I+G4 2462.513     54  5033.027     5071.850     5213.254
WARNING: Normalizing state frequencies so that sum of them equals to 1
248  Q.mammal+F+R3 2458.103     56  5028.205     5070.484     5215.108
WARNING: Normalizing state frequencies so that sum of them equals to 1
256  Q.mammal+F+I+R2 2462.990     55  5035.979     5076.506     5219.544
267  Q.insect+G4   2408.956     34  4885.911     4899.669     4999.388
268  Q.insect+I+G4 2409.515     35  4889.030     4903.681     5005.844
270  Q.insect+R3   2406.128     37  4886.256     4902.797     5009.745
278  Q.insect+I+R2 2409.048     36  4890.097     4905.676     5010.248
289  Q.insect+F+G4 2395.268     53  4896.536     4933.705     5073.426
290  Q.insect+F+I+G4 2395.761     54  4899.522     4938.345     5079.749
292  Q.insect+F+R3 2393.093     56  4898.185     4940.464     5085.088
300  Q.insect+F+I+R2 2395.132     55  4900.265     4940.791     5083.829
WARNING: Normalizing state frequencies so that sum of them equals to 1
311  Q.plant+G4    2448.269     34  4964.538     4978.295     5078.014
WARNING: Normalizing state frequencies so that sum of them equals to 1
312  Q.plant+I+G4  2448.494     35  4966.988     4981.639     5083.802
WARNING: Normalizing state frequencies so that sum of them equals to 1
314  Q.plant+R3    2443.917     37  4961.834     4978.375     5085.323
WARNING: Normalizing state frequencies so that sum of them equals to 1
322  Q.plant+I+R2  2448.705     36  4969.410     4984.989     5089.561
WARNING: Normalizing state frequencies so that sum of them equals to 1
333  Q.plant+F+G4  2438.846     53  4983.692     5020.861     5160.581
WARNING: Normalizing state frequencies so that sum of them equals to 1
334  Q.plant+F+I+G4 2438.936     54  4985.872     5024.695     5166.099
WARNING: Normalizing state frequencies so that sum of them equals to 1
336  Q.plant+F+R3  2435.160     56  4982.320     5024.598     5169.222
WARNING: Normalizing state frequencies so that sum of them equals to 1
344  Q.plant+F+I+R2 2438.862     55  4987.724     5028.251     5171.289
WARNING: Normalizing state frequencies so that sum of them equals to 1
355  Q.yeast+G4    2413.293     34  4894.586     4908.343     5008.062
WARNING: Normalizing state frequencies so that sum of them equals to 1
356  Q.yeast+I+G4  2413.665     35  4897.330     4911.981     5014.144
WARNING: Normalizing state frequencies so that sum of them equals to 1
358  Q.yeast+R3    2409.591     37  4893.181     4909.723     5016.670
WARNING: Normalizing state frequencies so that sum of them equals to 1
366  Q.yeast+I+R2  2413.495     36  4898.991     4914.570     5019.142
WARNING: Normalizing state frequencies so that sum of them equals to 1
377  Q.yeast+F+G4  2400.078     53  4906.156     4943.325     5083.045
WARNING: Normalizing state frequencies so that sum of them equals to 1
378  Q.yeast+F+I+G4 2400.445     54  4908.891     4947.714     5089.118
WARNING: Normalizing state frequencies so that sum of them equals to 1
380  Q.yeast+F+R3  2397.170     56  4906.339     4948.618     5093.242
WARNING: Normalizing state frequencies so that sum of them equals to 1
388  Q.yeast+F+I+R2 2399.992     55  4909.985     4950.511     5093.549
399  JTTDCMut+G4   2436.286     34  4940.572     4954.330     5054.049
400  JTTDCMut+I+G4 2436.986     35  4943.973     4958.624     5060.787
402  JTTDCMut+R3   2434.311     37  4942.621     4959.163     5066.110
410  JTTDCMut+I+R2 2435.275     36  4942.550     4958.129     5062.702
421  JTTDCMut+F+G4 2430.898     53  4967.797     5004.966     5144.686
422  JTTDCMut+F+I+G4 2431.535     54  4971.071     5009.894     5151.298
424  JTTDCMut+F+R3 2429.217     56  4970.434     5012.712     5157.336
432  JTTDCMut+F+I+R2 2429.877     55  4969.755     5010.281     5153.320
443  DCMut+G4      2445.092     34  4958.183     4971.940     5071.659
444  DCMut+I+G4    2445.486     35  4960.972     4975.623     5077.786
446  DCMut+R3      2443.536     37  4961.072     4977.613     5084.561
454  DCMut+I+R2    2445.891     36  4963.782     4979.361     5083.934
465  DCMut+F+G4    2437.033     53  4980.067     5017.236     5156.956
466  DCMut+F+I+G4  2437.292     54  4982.584     5021.408     5162.811
468  DCMut+F+R3    2435.720     56  4983.439     5025.717     5170.341
476  DCMut+F+I+R2  2437.672     55  4985.343     5025.869     5168.908
487  VT+G4         2433.320     34  4934.640     4948.397     5048.116
488  VT+I+G4       2434.126     35  4938.252     4952.903     5055.065
490  VT+R3         2431.363     37  4936.726     4953.267     5060.215
498  VT+I+R2       2431.308     36  4934.616     4950.195     5054.767
509  VT+F+G4       2428.836     53  4963.673     5000.842     5140.562
510  VT+F+I+G4     2429.631     54  4967.262     5006.086     5147.489
512  VT+F+R3       2427.239     56  4966.479     5008.757     5153.381
520  VT+F+I+R2     2426.803     55  4963.607     5004.133     5147.171
531  PMB+G4        2455.037     34  4978.073     4991.830     5091.549
532  PMB+I+G4      2455.797     35  4981.595     4996.246     5098.409
534  PMB+R3        2452.794     37  4979.587     4996.128     5103.076
542  PMB+I+R2      2452.531     36  4977.062     4992.641     5097.214
553  PMB+F+G4      2449.231     53  5004.461     5041.630     5181.351
554  PMB+F+I+G4    2450.020     54  5008.039     5046.863     5188.266
556  PMB+F+R3      2447.409     56  5006.818     5049.096     5193.720
564  PMB+F+I+R2    2446.645     55  5003.291     5043.817     5186.855
575  Blosum62+G4   2451.851     34  4971.703     4985.460     5085.179
576  Blosum62+I+G4 2452.630     35  4975.261     4989.912     5092.074
578  Blosum62+R3   2449.180     37  4972.360     4988.901     5095.849
586  Blosum62+I+R2 2448.524     36  4969.047     4984.626     5089.199
597  Blosum62+F+G4 2444.791     53  4995.583     5032.752     5172.472
598  Blosum62+F+I+G4 2445.614     54  4999.228     5038.051     5179.455
600  Blosum62+F+R3 2442.615     56  4997.231     5039.509     5184.133
608  Blosum62+F+I+R2 2441.357     55  4992.713     5033.240     5176.278
619  Dayhoff+G4    2445.075     34  4958.149     4971.907     5071.626
620  Dayhoff+I+G4  2445.459     35  4960.918     4975.570     5077.732
622  Dayhoff+R3    2443.505     37  4961.010     4977.551     5084.499
630  Dayhoff+I+R2  2445.896     36  4963.792     4979.371     5083.943
641  Dayhoff+F+G4  2437.075     53  4980.150     5017.318     5157.039
642  Dayhoff+F+I+G4 2437.321     54  4982.641     5021.465     5162.868
644  Dayhoff+F+R3  2435.745     56  4983.490     5025.769     5170.393
652  Dayhoff+F+I+R2 2437.732     55  4985.463     5025.990     5169.028
663  mtREV+G4      2597.009     34  5262.017     5275.774     5375.493
664  mtREV+I+G4    2597.823     35  5265.647     5280.298     5382.461
666  mtREV+R3      2592.227     37  5258.455     5274.996     5381.944
674  mtREV+I+R2    2597.392     36  5266.784     5282.363     5386.936
685  mtREV+F+G4    2475.605     53  5057.210     5094.379     5234.099
686  mtREV+F+I+G4  2476.272     54  5060.545     5099.368     5240.772
688  mtREV+F+R3    2472.348     56  5056.696     5098.974     5243.598
696  mtREV+F+I+R2  2475.338     55  5060.676     5101.203     5244.241
707  mtART+G4      2589.177     34  5246.354     5260.111     5359.830
708  mtART+I+G4    2589.938     35  5249.876     5264.527     5366.690
710  mtART+R3      2586.375     37  5246.751     5263.292     5370.239
718  mtART+I+R2    2595.168     36  5262.337     5277.916     5382.488
729  mtART+F+G4    2489.670     53  5085.341     5122.510     5262.230
730  mtART+F+I+G4  2489.851     54  5087.703     5126.526     5267.930
732  mtART+F+R3    2485.544     56  5083.087     5125.365     5269.989
740  mtART+F+I+R2  2493.151     55  5096.303     5136.829     5279.867
751  mtZOA+G4      2547.221     34  5162.443     5176.200     5275.919
752  mtZOA+I+G4    2547.813     35  5165.627     5180.278     5282.441
754  mtZOA+R3      2542.037     37  5158.074     5174.615     5281.562
762  mtZOA+I+R2    2551.730     36  5175.460     5191.039     5295.612
773  mtZOA+F+G4    2462.647     53  5031.293     5068.462     5208.183
774  mtZOA+F+I+G4  2462.789     54  5033.578     5072.402     5213.806
776  mtZOA+F+R3    2458.431     56  5028.861     5071.140     5215.764
784  mtZOA+F+I+R2  2464.690     55  5039.379     5079.906     5222.944
795  mtMet+G4      2578.006     34  5224.011     5237.769     5337.488
796  mtMet+I+G4    2578.464     35  5226.927     5241.578     5343.741
798  mtMet+R3      2572.854     37  5219.707     5236.248     5343.196
806  mtMet+I+R2    2581.399     36  5234.798     5250.377     5354.949
817  mtMet+F+G4    2464.900     53  5035.799     5072.968     5212.689
818  mtMet+F+I+G4  2465.199     54  5038.397     5077.221     5218.624
820  mtMet+F+R3    2461.317     56  5034.633     5076.911     5221.535
828  mtMet+F+I+R2  2466.809     55  5043.617     5084.144     5227.182
839  mtVer+G4      2620.193     34  5308.385     5322.142     5421.862
840  mtVer+I+G4    2620.901     35  5311.801     5326.453     5428.615
842  mtVer+R3      2618.216     37  5310.431     5326.973     5433.920
850  mtVer+I+R2    2625.434     36  5322.869     5338.448     5443.020
861  mtVer+F+G4    2504.538     53  5115.076     5152.245     5291.966
862  mtVer+F+I+G4  2504.315     54  5116.630     5155.453     5296.857
864  mtVer+F+R3    2501.848     56  5115.696     5157.975     5302.598
872  mtVer+F+I+R2  2508.571     55  5127.142     5167.668     5310.707
883  mtInv+G4      2580.897     34  5229.793     5243.550     5343.269
884  mtInv+I+G4    2581.268     35  5232.535     5247.186     5349.349
886  mtInv+R3      2575.968     37  5225.936     5242.477     5349.425
894  mtInv+I+R2    2582.601     36  5237.201     5252.780     5357.353
905  mtInv+F+G4    2445.606     53  4997.211     5034.380     5174.101
906  mtInv+F+I+G4  2446.049     54  5000.098     5038.922     5180.326
908  mtInv+F+R3    2443.125     56  4998.250     5040.528     5185.152
916  mtInv+F+I+R2  2445.899     55  5001.798     5042.324     5185.362
927  mtMAM+G4      2654.846     34  5377.692     5391.449     5491.168
928  mtMAM+I+G4    2655.866     35  5381.732     5396.383     5498.546
930  mtMAM+R3      2660.412     37  5394.824     5411.366     5518.313
938  mtMAM+I+R2    2660.336     36  5392.673     5408.252     5512.824
949  mtMAM+F+G4    2533.475     53  5172.950     5210.119     5349.840
950  mtMAM+F+I+G4  2533.927     54  5175.855     5214.678     5356.082
952  mtMAM+F+R3    2534.102     56  5180.203     5222.482     5367.106
960  mtMAM+F+I+R2  2538.895     55  5187.789     5228.316     5371.354
WARNING: Normalizing state frequencies so that sum of them equals to 1
971  FLAVI+G4      2563.895     34  5195.791     5209.548     5309.267
WARNING: Normalizing state frequencies so that sum of them equals to 1
972  FLAVI+I+G4    2564.731     35  5199.463     5214.114     5316.277
WARNING: Normalizing state frequencies so that sum of them equals to 1
974  FLAVI+R3      2565.514     37  5205.028     5221.569     5328.517
WARNING: Normalizing state frequencies so that sum of them equals to 1
982  FLAVI+I+R2    2565.965     36  5203.930     5219.509     5324.081
WARNING: Normalizing state frequencies so that sum of them equals to 1
993  FLAVI+F+G4    2529.362     53  5164.724     5201.893     5341.613
WARNING: Normalizing state frequencies so that sum of them equals to 1
994  FLAVI+F+I+G4  2529.904     54  5167.808     5206.632     5348.035
WARNING: Normalizing state frequencies so that sum of them equals to 1
996  FLAVI+F+R3    2533.376     56  5178.753     5221.031     5365.655
WARNING: Normalizing state frequencies so that sum of them equals to 1
1004  FLAVI+F+I+R2  2531.137     55  5172.273     5212.800     5355.838
1015  HIVb+G4       2523.886     34  5115.771     5129.529     5229.248
1016  HIVb+I+G4     2524.194     35  5118.389     5133.040     5235.203
1018  HIVb+R3       2521.596     37  5117.191     5133.732     5240.680
1026  HIVb+I+R2     2524.288     36  5120.576     5136.155     5240.727
1037  HIVb+F+G4     2501.359     53  5108.717     5145.886     5285.607
1038  HIVb+F+I+G4   2501.453     54  5110.906     5149.729     5291.133
1040  HIVb+F+R3     2499.917     56  5111.834     5154.112     5298.736
1048  HIVb+F+I+R2   2502.151     55  5114.303     5154.829     5297.867
1059  HIVw+G4       2630.869     34  5329.738     5343.495     5443.214
1060  HIVw+I+G4     2631.183     35  5332.366     5347.017     5449.180
1062  HIVw+R3       2633.054     37  5340.108     5356.649     5463.597
1070  HIVw+I+R2     2631.951     36  5335.902     5351.481     5456.053
1081  HIVw+F+G4     2581.965     53  5269.929     5307.098     5446.819
1082  HIVw+F+I+G4   2582.280     54  5272.561     5311.384     5452.788
1084  HIVw+F+R3     2586.468     56  5284.936     5327.214     5471.838
1092  HIVw+F+I+R2   2582.917     55  5275.833     5316.360     5459.398
1103  FLU+G4        2495.685     34  5059.370     5073.127     5172.846
1104  FLU+I+G4      2496.510     35  5063.021     5077.672     5179.835
1106  FLU+R3        2494.489     37  5062.978     5079.519     5186.466
1114  FLU+I+R2      2495.665     36  5063.329     5078.908     5183.481
1125  FLU+F+G4      2484.272     53  5074.544     5111.713     5251.433
1126  FLU+F+I+G4    2485.162     54  5078.325     5117.148     5258.552
1128  FLU+F+R3      2484.325     56  5080.650     5122.928     5267.552
1136  FLU+F+I+R2    2484.006     55  5078.012     5118.538     5261.577
1147  rtREV+G4      2444.542     34  4957.084     4970.842     5070.561
1148  rtREV+I+G4    2445.095     35  4960.189     4974.841     5077.003
1150  rtREV+R3      2441.670     37  4957.340     4973.881     5080.829
1158  rtREV+I+R2    2442.583     36  4957.165     4972.744     5077.317
1169  rtREV+F+G4    2416.067     53  4938.135     4975.303     5115.024
1170  rtREV+F+I+G4  2416.581     54  4941.162     4979.985     5121.389
1172  rtREV+F+R3    2414.004     56  4940.009     4982.287     5126.911
1180  rtREV+F+I+R2  2414.213     55  4938.426     4978.953     5121.991
1191  cpREV+G4      2468.452     34  5004.904     5018.661     5118.380
1192  cpREV+I+G4    2469.287     35  5008.574     5023.225     5125.388
1194  cpREV+R3      2466.973     37  5007.945     5024.487     5131.434
1202  cpREV+I+R2    2466.216     36  5004.432     5020.011     5124.584
1213  cpREV+F+G4    2456.979     53  5019.957     5057.126     5196.847
1214  cpREV+F+I+G4  2457.734     54  5023.468     5062.292     5203.695
1216  cpREV+F+R3    2456.131     56  5024.262     5066.540     5211.164
1224  cpREV+F+I+R2  2454.726     55  5019.452     5059.978     5203.017
Akaike Information Criterion:           Q.insect+G4
Corrected Akaike Information Criterion: Q.insect+G4
Bayesian Information Criterion:         Q.insect+G4
Best-fit model: Q.insect+G4 chosen according to BIC

All model information printed to FungalCW_tree_20231129/352999at4751.aa.mfa.model.gz
CPU time for ModelFinder: 75.687 seconds (0h:1m:15s)
Wall-clock time for ModelFinder: 38.629 seconds (0h:0m:38s)
Generating 1000 samples for ultrafast bootstrap (seed: 498290)...

NOTE: 2 MB RAM (0 GB) is required!
Estimate model parameters (epsilon = 0.100)
1. Initial log-likelihood: -2408.956
Optimal log-likelihood: -2408.955
Gamma shape alpha: 0.410
Parameters optimization took 1 rounds (0.017 sec)
Wrote distance file to... 
Computing ML distances based on estimated model parameters...
Calculating distance matrix: done in 0.0326669 secs using 197.9% CPU
Computing ML distances took 0.032866 sec (of wall-clock time) 0.065034 sec (of CPU time)
Setting up auxiliary I and S matrices: done in 7.31945e-05 secs using 195.4% CPU
Constructing RapidNJ tree: done in 0.000568151 secs using 202.2% CPU
Computing RapidNJ tree took 0.000768 sec (of wall-clock time) 0.001503 sec (of CPU time)
Log-likelihood of RapidNJ tree: -2422.751
--------------------------------------------------------------------
|             INITIALIZING CANDIDATE TREE SET                      |
--------------------------------------------------------------------
Generating 98 parsimony trees... 0.246 second
Computing log-likelihood of 98 initial trees ... 0.627 seconds
Current best score: -2408.955

Do NNI search on 20 best initial trees
Optimizing NNI: done in 0.033252 secs using 195.1% CPU
Estimate model parameters (epsilon = 0.100)
BETTER TREE FOUND at iteration 1: -2408.954
Optimizing NNI: done in 0.117969 secs using 198.3% CPU
Optimizing NNI: done in 0.129208 secs using 196.7% CPU
UPDATE BEST LOG-LIKELIHOOD: -2408.954
Optimizing NNI: done in 0.122942 secs using 193.6% CPU
Optimizing NNI: done in 0.099545 secs using 197.4% CPU
Optimizing NNI: done in 0.123202 secs using 196.6% CPU
UPDATE BEST LOG-LIKELIHOOD: -2408.954
Optimizing NNI: done in 0.128845 secs using 197.6% CPU
Optimizing NNI: done in 0.127706 secs using 196.8% CPU
Optimizing NNI: done in 0.126463 secs using 196.8% CPU
Optimizing NNI: done in 0.0997849 secs using 195.7% CPU
Iteration 10 / LogL: -2409.309 / Time: 0h:0m:2s
Optimizing NNI: done in 0.101414 secs using 198.6% CPU
Optimizing NNI: done in 0.121 secs using 195.6% CPU
Optimizing NNI: done in 0.111203 secs using 194.2% CPU
Optimizing NNI: done in 0.0890751 secs using 197.3% CPU
Optimizing NNI: done in 0.125342 secs using 196.7% CPU
Optimizing NNI: done in 0.149959 secs using 197% CPU
Optimizing NNI: done in 0.176843 secs using 195.1% CPU
Optimizing NNI: done in 0.097297 secs using 197.1% CPU
UPDATE BEST LOG-LIKELIHOOD: -2408.954
Optimizing NNI: done in 0.152163 secs using 197.7% CPU
Optimizing NNI: done in 0.152938 secs using 198.3% CPU
Iteration 20 / LogL: -2409.112 / Time: 0h:0m:3s
Finish initializing candidate tree set (5)
Current best tree score: -2408.954 / CPU time: 3.323
Number of iterations: 20
--------------------------------------------------------------------
|               OPTIMIZING CANDIDATE TREE SET                      |
--------------------------------------------------------------------
Optimizing NNI: done in 0.130038 secs using 198.2% CPU
Optimizing NNI: done in 0.113235 secs using 197.4% CPU
Optimizing NNI: done in 0.116875 secs using 198.1% CPU
Optimizing NNI: done in 0.155733 secs using 196.1% CPU
Optimizing NNI: done in 0.132778 secs using 196.7% CPU
Optimizing NNI: done in 0.162449 secs using 197.2% CPU
Optimizing NNI: done in 0.149746 secs using 197% CPU
Optimizing NNI: done in 0.106538 secs using 197.3% CPU
Optimizing NNI: done in 0.143371 secs using 196.2% CPU
Optimizing NNI: done in 0.155269 secs using 197.5% CPU
Iteration 30 / LogL: -2410.934 / Time: 0h:0m:5s (0h:0m:12s left)
Optimizing NNI: done in 0.171892 secs using 197.1% CPU
Optimizing NNI: done in 0.102478 secs using 197.2% CPU
Optimizing NNI: done in 0.102546 secs using 197.1% CPU
Optimizing NNI: done in 0.124035 secs using 195.7% CPU
Optimizing NNI: done in 0.162499 secs using 196.4% CPU
Optimizing NNI: done in 0.129029 secs using 197.4% CPU
Optimizing NNI: done in 0.134809 secs using 197.5% CPU
Optimizing NNI: done in 0.130368 secs using 198.3% CPU
Optimizing NNI: done in 0.151094 secs using 195.5% CPU
Optimizing NNI: done in 0.138944 secs using 197.3% CPU
Iteration 40 / LogL: -2409.050 / Time: 0h:0m:6s (0h:0m:10s left)
Optimizing NNI: done in 0.159083 secs using 198% CPU
Optimizing NNI: done in 0.142436 secs using 196.7% CPU
Optimizing NNI: done in 0.144198 secs using 196.8% CPU
Optimizing NNI: done in 0.114314 secs using 197.4% CPU
Optimizing NNI: done in 0.204123 secs using 197.3% CPU
Optimizing NNI: done in 0.108988 secs using 197.3% CPU
UPDATE BEST LOG-LIKELIHOOD: -2408.954
Optimizing NNI: done in 0.133013 secs using 194.5% CPU
Optimizing NNI: done in 0.129883 secs using 195.8% CPU
Optimizing NNI: done in 0.139483 secs using 196.8% CPU
Optimizing NNI: done in 0.116614 secs using 197.3% CPU
Iteration 50 / LogL: -2408.954 / Time: 0h:0m:7s (0h:0m:8s left)
Log-likelihood cutoff on original alignment: -2449.441
Optimizing NNI: done in 0.147303 secs using 198.2% CPU
Optimizing NNI: done in 0.120239 secs using 197.3% CPU
Optimizing NNI: done in 0.102327 secs using 195.4% CPU
Optimizing NNI: done in 0.132445 secs using 194.1% CPU
Optimizing NNI: done in 0.0483251 secs using 197.2% CPU
Optimizing NNI: done in 0.131662 secs using 196.6% CPU
Optimizing NNI: done in 0.087275 secs using 198.1% CPU
Optimizing NNI: done in 0.138165 secs using 196.7% CPU
Optimizing NNI: done in 0.123466 secs using 196.6% CPU
Optimizing NNI: done in 0.15375 secs using 198.1% CPU
Iteration 60 / LogL: -2409.049 / Time: 0h:0m:9s (0h:0m:6s left)
Optimizing NNI: done in 0.122493 secs using 195.8% CPU
Optimizing NNI: done in 0.15331 secs using 197.6% CPU
Optimizing NNI: done in 0.136709 secs using 198.1% CPU
Optimizing NNI: done in 0.159291 secs using 197.6% CPU
Optimizing NNI: done in 0.121733 secs using 196.8% CPU
Optimizing NNI: done in 0.138396 secs using 196.9% CPU
Optimizing NNI: done in 0.145405 secs using 196.8% CPU
Optimizing NNI: done in 0.0842021 secs using 197.1% CPU
Optimizing NNI: done in 0.088589 secs using 192.8% CPU
Optimizing NNI: done in 0.157328 secs using 198% CPU
Iteration 70 / LogL: -2409.065 / Time: 0h:0m:10s (0h:0m:4s left)
Optimizing NNI: done in 0.0877979 secs using 196.7% CPU
Optimizing NNI: done in 0.144922 secs using 197.6% CPU
Optimizing NNI: done in 0.160557 secs using 197.5% CPU
Optimizing NNI: done in 0.154873 secs using 196.9% CPU
Optimizing NNI: done in 0.103711 secs using 197.3% CPU
Optimizing NNI: done in 0.170548 secs using 196.5% CPU
Optimizing NNI: done in 0.0862479 secs using 198.3% CPU
Optimizing NNI: done in 0.130157 secs using 196.7% CPU
Optimizing NNI: done in 0.143486 secs using 197.5% CPU
Optimizing NNI: done in 0.105966 secs using 196.3% CPU
Iteration 80 / LogL: -2408.954 / Time: 0h:0m:12s (0h:0m:3s left)
Optimizing NNI: done in 0.147054 secs using 196.8% CPU
Optimizing NNI: done in 0.116074 secs using 198% CPU
Optimizing NNI: done in 0.139087 secs using 195.9% CPU
Optimizing NNI: done in 0.16822 secs using 194.9% CPU
Optimizing NNI: done in 0.139171 secs using 197.6% CPU
Optimizing NNI: done in 0.107345 secs using 193.4% CPU
Optimizing NNI: done in 0.123968 secs using 197.2% CPU
Optimizing NNI: done in 0.101227 secs using 197.9% CPU
Optimizing NNI: done in 0.16554 secs using 198.2% CPU
Optimizing NNI: done in 0.126574 secs using 195.8% CPU
Iteration 90 / LogL: -2408.954 / Time: 0h:0m:13s (0h:0m:1s left)
Optimizing NNI: done in 0.150801 secs using 197.4% CPU
Optimizing NNI: done in 0.144795 secs using 195.3% CPU
UPDATE BEST LOG-LIKELIHOOD: -2408.954
Optimizing NNI: done in 0.129384 secs using 196.6% CPU
Optimizing NNI: done in 0.13193 secs using 197.2% CPU
Optimizing NNI: done in 0.0825849 secs using 198.2% CPU
Optimizing NNI: done in 0.160924 secs using 195.6% CPU
Optimizing NNI: done in 0.137358 secs using 196.6% CPU
Optimizing NNI: done in 0.137373 secs using 197.8% CPU
Optimizing NNI: done in 0.222123 secs using 197.2% CPU
Optimizing NNI: done in 0.103417 secs using 196.5% CPU
Iteration 100 / LogL: -2408.954 / Time: 0h:0m:15s (0h:0m:0s left)
Log-likelihood cutoff on original alignment: -2449.441
NOTE: Bootstrap correlation coefficient of split occurrence frequencies: 0.999
Optimizing NNI: done in 0.148822 secs using 196.7% CPU
Optimizing NNI: done in 0.139748 secs using 195.9% CPU
TREE SEARCH COMPLETED AFTER 102 ITERATIONS / Time: 0h:0m:15s

--------------------------------------------------------------------
|                    FINALIZING TREE SEARCH                        |
--------------------------------------------------------------------
Performs final model parameters optimization
Estimate model parameters (epsilon = 0.010)
1. Initial log-likelihood: -2408.954
Optimal log-likelihood: -2408.954
Gamma shape alpha: 0.410
Parameters optimization took 1 rounds (0.017 sec)
BEST SCORE FOUND : -2408.954

Testing tree branches by SH-like aLRT with 1000 replicates...
0.068 sec.
Creating bootstrap support values...
Split supports printed to NEXUS file FungalCW_tree_20231129/352999at4751.aa.mfa.splits.nex
Total tree length: 4.517

Total number of iterations: 102
CPU time used for tree search: 29.923 sec (0h:0m:29s)
Wall-clock time used for tree search: 15.295 sec (0h:0m:15s)
Total CPU time used: 30.770 sec (0h:0m:30s)
Total wall-clock time used: 15.751 sec (0h:0m:15s)

Computing bootstrap consensus tree...
Reading input file FungalCW_tree_20231129/352999at4751.aa.mfa.splits.nex...
18 taxa and 104 splits.
Consensus tree written to FungalCW_tree_20231129/352999at4751.aa.mfa.contree
Reading input trees file FungalCW_tree_20231129/352999at4751.aa.mfa.contree
Log-likelihood of consensus tree: -2408.955

Analysis results written to: 
  IQ-TREE report:                FungalCW_tree_20231129/352999at4751.aa.mfa.iqtree
  Maximum-likelihood tree:       FungalCW_tree_20231129/352999at4751.aa.mfa.treefile
  Likelihood distances:          FungalCW_tree_20231129/352999at4751.aa.mfa.mldist

Ultrafast bootstrap approximation results written to:
  Split support values:          FungalCW_tree_20231129/352999at4751.aa.mfa.splits.nex
  Consensus tree:                FungalCW_tree_20231129/352999at4751.aa.mfa.contree
  Screen log file:               FungalCW_tree_20231129/352999at4751.aa.mfa.log

Date and Time: Wed Nov 29 01:40:30 2023
