IQ-TREE multicore version 2.2.2.6 COVID-edition for Linux 64-bit built May 27 2023
Developed by Bui Quang Minh, James Barbetti, Nguyen Lam Tung,
Olga Chernomor, Heiko Schmidt, Dominik Schrempf, Michael Woodhams, Ly Trong Nhan.

Host:    i29 (AVX2, FMA3, 503 GB RAM)
Command: iqtree2 -s FungalCW_tree_20231129/356691at4751.aa.mfa -gz -B 1000 -alrt 1000 -nt 2
Seed:    657796 (Using SPRNG - Scalable Parallel Random Number Generator)
Time:    Wed Nov 29 01:40:05 2023
Kernel:  AVX+FMA - 2 threads (2 CPU cores detected)

Reading alignment file FungalCW_tree_20231129/356691at4751.aa.mfa ... Fasta format detected
Reading fasta file: done in 0.000443935 secs using 40.1% CPU
Alignment most likely contains protein sequences
Constructing alignment: done in 0.00279808 secs using 165.5% CPU
Alignment has 18 sequences with 1304 columns, 1221 distinct patterns
1045 parsimony-informative, 110 singleton sites, 149 constant sites
                                                               Gap/Ambiguity  Composition  p-value
Analyzing sequences: done in 7.79629e-05 secs using 201.4% CPU
   1  Basidiobolus_meristosporus_CBS_931.73.Basme2finSC.v1            12.96%    failed      0.84%
   2  Botrytis_cinerea_T4                                              5.21%    passed     94.89%
   3  Capillidium_pumilum_ARSEF_79                                    40.95%    failed      0.00%
   4  Colletotrichum_graminicola_M1.001                                6.83%    passed     60.92%
   5  Colletotrichum_higginsianum_IMI_349063                           6.90%    passed     71.83%
   6  Fusarium_graminearum_PH-1                                        7.29%    passed     95.49%
   7  Fusarium_verticillioides_7600                                    7.36%    passed     83.39%
   8  Gilbertella_persicaria_var_persicaria_CBS_190.32-T.Gilper1.v1   25.84%    passed      9.23%
   9  Mortierella_elongata_AG-77                                       8.44%    passed     70.44%
  10  Mucor_mucedo_NRRL_3635                                          19.02%    passed     14.84%
  11  Neoconidiobolus_thromboides_FSU_785.Conth1.v1                    9.82%    failed      0.00%
  12  Phycomyces_blakesleeanus_NRRL_1555.Phybl2.v2                    22.16%    passed     17.46%
  13  Rhizopus_stolonifer_NRRL_66455                                  15.49%    failed      3.69%
  14  Trichoderma_harzianum_CBS_226.95                                 6.44%    passed     53.11%
  15  Umbelopsis_ramanniana_NRRL_5844.Umbra1.v1                       15.34%    passed     88.81%
  16  Ustilago_maydis                                                 12.42%    failed      0.12%
  17  Zoophthora_radicans_ATCC_208865                                 12.81%    passed     15.34%
  18  Zymoseptoria_tritici_IP0323                                      3.83%    failed      0.02%
****  TOTAL                                                           13.28%  6 sequences failed composition chi2 test (p-value<5%; df=19)
Checking for duplicate sequences: done in 0.000156879 secs using 200.8% CPU


Create initial parsimony tree by phylogenetic likelihood library (PLL)... 0.010 seconds
Perform fast likelihood tree search using LG+I+G model...
Estimate model parameters (epsilon = 5.000)
Perform nearest neighbor interchange...
Optimizing NNI: done in 0.741036 secs using 198.1% CPU
Estimate model parameters (epsilon = 1.000)
1. Initial log-likelihood: -48453.017
2. Current log-likelihood: -48451.029
Optimal log-likelihood: -48450.274
Proportion of invariable sites: 0.067
Gamma shape alpha: 0.441
Parameters optimization took 2 rounds (0.361 sec)
Time for fast ML tree search: 1.845 seconds

NOTE: ModelFinder requires 39 MB RAM!
ModelFinder will test up to 1232 protein models (sample size: 1304) ...
 No. Model         -LnL         df  AIC          AICc         BIC
  1  LG            52146.344    33  104358.688   104360.455   104529.404
  2  LG+I          50228.407    34  100524.815   100526.690   100700.703
  3  LG+G4         48464.082    34  96996.163    96998.039    97172.052
  4  LG+I+G4       48450.089    35  96970.178    96972.166    97151.240
  5  LG+R2         48518.673    35  97107.347    97109.334    97288.409
  6  LG+R3         48323.342    37  96720.683    96722.905    96912.091
WARNING: Log-likelihood -48346.7 of LG+R4 worse than LG+R3 -48323.3
  7  LG+R4         48346.701    39  96771.402    96773.870    96973.156
 14  LG+I+R2       48520.739    36  97113.478    97115.581    97299.713
 15  LG+I+R3       48483.073    38  97042.147    97044.490    97238.728
 16  LG+I+R4       48351.320    40  96782.640    96785.237    96989.568
 17  LG+I+R5       48324.387    42  96732.774    96735.638    96950.048
 18  LG+I+R6       48305.732    44  96699.465    96702.610    96927.085
 19  LG+I+R7       48294.104    46  96680.207    96683.647    96918.174
 20  LG+I+R8       48287.351    48  96670.703    96674.451    96919.016
 28  LG+F+R3       48049.052    56  96210.104    96215.223    96499.802
 41  LG+F+I+R7     48023.788    65  96177.576    96184.506    96513.833
 42  LG+F+I+R8     48015.500    67  96165.001    96172.373    96511.605
 50  WAG+R3        48219.877    37  96513.754    96515.975    96705.162
 63  WAG+I+R7      48190.402    46  96472.804    96476.244    96710.771
 64  WAG+I+R8      48186.029    48  96468.057    96471.805    96716.370
 72  WAG+F+R3      47944.431    56  96000.862    96005.982    96290.561
 85  WAG+F+I+R7    47917.098    65  95964.196    95971.127    96300.454
 86  WAG+F+I+R8    47910.903    67  95955.806    95963.178    96302.410
 94  JTT+R3        48183.214    37  96440.428    96442.649    96631.836
107  JTT+I+R7      48151.963    46  96395.925    96399.365    96633.892
108  JTT+I+R8      48146.044    48  96388.088    96391.836    96636.401
116  JTT+F+R3      47975.624    56  96063.248    96068.367    96352.947
129  JTT+F+I+R7    47943.779    65  96017.559    96024.489    96353.816
130  JTT+F+I+R8    47938.241    67  96010.483    96017.855    96357.087
WARNING: Normalizing state frequencies so that sum of them equals to 1
138  Q.pfam+R3     48244.961    37  96563.922    96566.144    96755.330
WARNING: Normalizing state frequencies so that sum of them equals to 1
151  Q.pfam+I+R7   48215.501    46  96523.001    96526.441    96760.968
WARNING: Normalizing state frequencies so that sum of them equals to 1
152  Q.pfam+I+R8   48209.911    48  96515.822    96519.570    96764.135
WARNING: Normalizing state frequencies so that sum of them equals to 1
160  Q.pfam+F+R3   48029.702    56  96171.404    96176.524    96461.103
WARNING: Normalizing state frequencies so that sum of them equals to 1
173  Q.pfam+F+I+R7 48003.359    65  96136.718    96143.648    96472.975
WARNING: Normalizing state frequencies so that sum of them equals to 1
174  Q.pfam+F+I+R8 47996.152    67  96126.304    96133.677    96472.908
WARNING: Normalizing state frequencies so that sum of them equals to 1
182  Q.bird+R3     48336.970    37  96747.941    96750.162    96939.349
WARNING: Normalizing state frequencies so that sum of them equals to 1
195  Q.bird+I+R7   48297.360    46  96686.720    96690.160    96924.687
WARNING: Normalizing state frequencies so that sum of them equals to 1
196  Q.bird+I+R8   48291.478    48  96678.955    96682.704    96927.269
WARNING: Normalizing state frequencies so that sum of them equals to 1
204  Q.bird+F+R3   48157.703    56  96427.406    96432.525    96717.104
WARNING: Normalizing state frequencies so that sum of them equals to 1
217  Q.bird+F+I+R7 48120.360    65  96370.720    96377.651    96706.978
WARNING: Normalizing state frequencies so that sum of them equals to 1
218  Q.bird+F+I+R8 48112.359    67  96358.718    96366.090    96705.322
WARNING: Normalizing state frequencies so that sum of them equals to 1
226  Q.mammal+R3   48227.588    37  96529.176    96531.397    96720.584
WARNING: Normalizing state frequencies so that sum of them equals to 1
239  Q.mammal+I+R7 48193.338    46  96478.677    96482.117    96716.644
WARNING: Normalizing state frequencies so that sum of them equals to 1
240  Q.mammal+I+R8 48188.180    48  96472.360    96476.108    96720.673
WARNING: Normalizing state frequencies so that sum of them equals to 1
248  Q.mammal+F+R3 48060.387    56  96232.774    96237.893    96522.473
WARNING: Normalizing state frequencies so that sum of them equals to 1
261  Q.mammal+F+I+R7 48028.390    65  96186.780    96193.710    96523.037
WARNING: Normalizing state frequencies so that sum of them equals to 1
262  Q.mammal+F+I+R8 48020.399    67  96174.799    96182.171    96521.402
270  Q.insect+R3   48464.242    37  97002.484    97004.705    97193.892
283  Q.insect+I+R7 48432.008    46  96956.016    96959.456    97193.983
284  Q.insect+I+R8 48424.322    48  96944.643    96948.391    97192.956
292  Q.insect+F+R3 48024.848    56  96161.695    96166.815    96451.394
305  Q.insect+F+I+R7 47998.790    65  96127.580    96134.511    96463.838
306  Q.insect+F+I+R8 47991.469    67  96116.938    96124.310    96463.542
WARNING: Normalizing state frequencies so that sum of them equals to 1
314  Q.plant+R3    48323.496    37  96720.993    96723.214    96912.401
WARNING: Normalizing state frequencies so that sum of them equals to 1
327  Q.plant+I+R7  48288.253    46  96668.507    96671.947    96906.473
WARNING: Normalizing state frequencies so that sum of them equals to 1
328  Q.plant+I+R8  48277.589    48  96651.178    96654.926    96899.491
WARNING: Normalizing state frequencies so that sum of them equals to 1
336  Q.plant+F+R3  48142.099    56  96396.199    96401.318    96685.898
WARNING: Normalizing state frequencies so that sum of them equals to 1
349  Q.plant+F+I+R7 48108.303    65  96346.605    96353.536    96682.863
WARNING: Normalizing state frequencies so that sum of them equals to 1
350  Q.plant+F+I+R8 48098.802    67  96331.605    96338.977    96678.209
WARNING: Normalizing state frequencies so that sum of them equals to 1
358  Q.yeast+R3    48549.196    37  97172.391    97174.613    97363.799
WARNING: Normalizing state frequencies so that sum of them equals to 1
371  Q.yeast+I+R7  48513.208    46  97118.415    97121.855    97356.382
WARNING: Normalizing state frequencies so that sum of them equals to 1
372  Q.yeast+I+R8  48503.040    48  97102.080    97105.828    97350.393
WARNING: Normalizing state frequencies so that sum of them equals to 1
380  Q.yeast+F+R3  48080.992    56  96273.983    96279.103    96563.682
WARNING: Normalizing state frequencies so that sum of them equals to 1
393  Q.yeast+F+I+R7 48053.821    65  96237.641    96244.572    96573.899
WARNING: Normalizing state frequencies so that sum of them equals to 1
394  Q.yeast+F+I+R8 48041.600    67  96217.201    96224.573    96563.805
402  JTTDCMut+R3   48191.872    37  96457.745    96459.966    96649.153
415  JTTDCMut+I+R7 48161.120    46  96414.241    96417.681    96652.208
416  JTTDCMut+I+R8 48155.298    48  96406.596    96410.344    96654.909
424  JTTDCMut+F+R3 47975.357    56  96062.715    96067.834    96352.413
437  JTTDCMut+F+I+R7 47943.867    65  96017.733    96024.664    96353.991
438  JTTDCMut+F+I+R8 47938.186    67  96010.372    96017.744    96356.976
446  DCMut+R3      48572.544    37  97219.087    97221.308    97410.495
459  DCMut+I+R7    48536.728    46  97165.456    97168.896    97403.423
460  DCMut+I+R8    48531.319    48  97158.639    97162.387    97406.952
468  DCMut+F+R3    48064.635    56  96241.270    96246.389    96530.968
481  DCMut+F+I+R7  48029.890    65  96189.781    96196.711    96526.038
482  DCMut+F+I+R8  48023.731    67  96181.461    96188.834    96528.065
490  VT+R3         48027.893    37  96129.785    96132.006    96321.193
503  VT+I+R7       48003.285    46  96098.570    96102.010    96336.537
504  VT+I+R8       48000.323    48  96096.645    96100.394    96344.959
512  VT+F+R3       47862.942    56  95837.885    95843.004    96127.583
525  VT+F+I+R7     47838.851    65  95807.702    95814.632    96143.959
526  VT+F+I+R8     47834.652    67  95803.304    95810.676    96149.908
534  PMB+R3        48232.410    37  96538.821    96541.042    96730.229
547  PMB+I+R7      48210.812    46  96513.623    96517.063    96751.590
548  PMB+I+R8      48208.183    48  96512.366    96516.114    96760.679
556  PMB+F+R3      47828.515    56  95769.030    95774.149    96058.729
569  PMB+F+I+R7    47807.138    65  95744.277    95751.207    96080.534
570  PMB+F+I+R8    47803.751    67  95741.502    95748.875    96088.106
578  Blosum62+R3   48300.073    37  96674.145    96676.367    96865.553
591  Blosum62+I+R7 48278.574    46  96649.148    96652.587    96887.114
592  Blosum62+I+R8 48275.350    48  96646.700    96650.448    96895.013
600  Blosum62+F+R3 47855.225    56  95822.450    95827.570    96112.149
613  Blosum62+F+I+R7 47835.054    65  95800.108    95807.038    96136.365
614  Blosum62+F+I+R8 47831.282    67  95796.564    95803.936    96143.168
622  Dayhoff+R3    48573.619    37  97221.239    97223.460    97412.647
635  Dayhoff+I+R7  48539.035    46  97170.071    97173.510    97408.037
636  Dayhoff+I+R8  48531.535    48  97159.071    97162.819    97407.384
644  Dayhoff+F+R3  48065.135    56  96242.270    96247.389    96531.968
657  Dayhoff+F+I+R7 48034.399    65  96198.799    96205.729    96535.056
658  Dayhoff+F+I+R8 48025.147    67  96184.295    96191.667    96530.898
666  mtREV+R3      50574.592    37  101223.184   101225.405   101414.592
679  mtREV+I+R7    50541.449    46  101174.898   101178.338   101412.864
WARNING: Log-likelihood -50545.6 of mtREV+I+R8 worse than mtREV+I+R7 -50541.4
680  mtREV+I+R8    50545.609    48  101187.219   101190.967   101435.532
688  mtREV+F+R3    48159.261    56  96430.522    96435.641    96720.220
701  mtREV+F+I+R7  48146.700    65  96423.400    96430.330    96759.657
702  mtREV+F+I+R8  48137.313    67  96408.627    96415.999    96755.231
710  mtART+R3      51068.608    37  102211.217   102213.438   102402.625
723  mtART+I+R7    50979.290    46  102050.580   102054.020   102288.547
724  mtART+I+R8    50974.436    48  102044.873   102048.621   102293.186
732  mtART+F+R3    48352.449    56  96816.899    96822.018    97106.597
745  mtART+F+I+R7  48272.621    65  96675.242    96682.172    97011.499
746  mtART+F+I+R8  48266.203    67  96666.407    96673.779    97013.011
754  mtZOA+R3      50369.985    37  100813.969   100816.190   101005.377
767  mtZOA+I+R7    50327.795    46  100747.591   100751.031   100985.558
768  mtZOA+I+R8    50326.174    48  100748.348   100752.096   100996.661
776  mtZOA+F+R3    48254.292    56  96620.585    96625.704    96910.283
789  mtZOA+F+I+R7  48183.426    65  96496.851    96503.782    96833.109
790  mtZOA+F+I+R8  48179.733    67  96493.465    96500.838    96840.069
798  mtMet+R3      50918.301    37  101910.601   101912.822   102102.009
811  mtMet+I+R7    50910.441    46  101912.882   101916.322   102150.849
812  mtMet+I+R8    50909.522    48  101915.043   101918.791   102163.356
820  mtMet+F+R3    48193.122    56  96498.244    96503.363    96787.943
833  mtMet+F+I+R7  48174.433    65  96478.865    96485.796    96815.123
834  mtMet+F+I+R8  48162.564    67  96459.129    96466.501    96805.733
842  mtVer+R3      50687.600    37  101449.200   101451.421   101640.608
855  mtVer+I+R7    50680.329    46  101452.657   101456.097   101690.624
856  mtVer+I+R8    50679.911    48  101455.822   101459.571   101704.136
864  mtVer+F+R3    48308.693    56  96729.385    96734.505    97019.084
877  mtVer+F+I+R7  48235.164    65  96600.328    96607.258    96936.585
878  mtVer+F+I+R8  48231.327    67  96596.653    96604.025    96943.257
886  mtInv+R3      51576.265    37  103226.530   103228.752   103417.939
899  mtInv+I+R7    51568.719    46  103229.438   103232.878   103467.404
900  mtInv+I+R8    51566.890    48  103229.780   103233.528   103478.093
908  mtInv+F+R3    48131.625    56  96375.251    96380.370    96664.950
921  mtInv+F+I+R7  48103.198    65  96336.396    96343.326    96672.653
922  mtInv+F+I+R8  48094.130    67  96322.259    96329.632    96668.863
930  mtMAM+R3      50824.370    37  101722.740   101724.961   101914.148
943  mtMAM+I+R7    50790.574    46  101673.147   101676.587   101911.114
944  mtMAM+I+R8    50787.716    48  101671.431   101675.180   101919.745
952  mtMAM+F+R3    48466.663    56  97045.327    97050.446    97335.026
965  mtMAM+F+I+R7  48335.566    65  96801.132    96808.063    97137.390
966  mtMAM+F+I+R8  48328.787    67  96791.574    96798.947    97138.178
WARNING: Normalizing state frequencies so that sum of them equals to 1
974  FLAVI+R3      48941.286    37  97956.572    97958.793    98147.980
WARNING: Normalizing state frequencies so that sum of them equals to 1
987  FLAVI+I+R7    48871.960    46  97835.919    97839.359    98073.886
WARNING: Normalizing state frequencies so that sum of them equals to 1
988  FLAVI+I+R8    48869.143    48  97834.285    97838.033    98082.598
WARNING: Normalizing state frequencies so that sum of them equals to 1
996  FLAVI+F+R3    48359.669    56  96831.338    96836.457    97121.037
WARNING: Normalizing state frequencies so that sum of them equals to 1
1009  FLAVI+F+I+R7  48282.942    65  96695.884    96702.814    97032.141
WARNING: Normalizing state frequencies so that sum of them equals to 1
1010  FLAVI+F+I+R8  48277.704    67  96689.408    96696.780    97036.012
1018  HIVb+R3       48694.001    37  97462.002    97464.224    97653.411
1031  HIVb+I+R7     48638.402    46  97368.804    97372.244    97606.770
1032  HIVb+I+R8     48636.429    48  97368.857    97372.605    97617.170
1040  HIVb+F+R3     48196.721    56  96505.442    96510.562    96795.141
1053  HIVb+F+I+R7   48123.093    65  96376.187    96383.117    96712.444
1054  HIVb+F+I+R8   48120.079    67  96374.157    96381.530    96720.761
1062  HIVw+R3       49702.992    37  99479.985    99482.206    99671.393
1075  HIVw+I+R7     49620.686    46  99333.373    99336.813    99571.340
1076  HIVw+I+R8     49618.520    48  99333.041    99336.789    99581.354
1084  HIVw+F+R3     48345.131    56  96802.263    96807.382    97091.961
1097  HIVw+F+I+R7   48296.081    65  96722.163    96729.093    97058.420
1098  HIVw+F+I+R8   48283.938    67  96701.876    96709.248    97048.480
1106  FLU+R3        48694.174    37  97462.347    97464.569    97653.756
1119  FLU+I+R7      48628.842    46  97349.685    97353.125    97587.652
1120  FLU+I+R8      48626.237    48  97348.474    97352.222    97596.787
1128  FLU+F+R3      48171.957    56  96455.913    96461.033    96745.612
1141  FLU+F+I+R7    48093.972    65  96317.945    96324.875    96654.202
1142  FLU+F+I+R8    48092.399    67  96318.798    96326.170    96665.402
1150  rtREV+R3      48553.715    37  97181.431    97183.652    97372.839
1163  rtREV+I+R7    48527.834    46  97147.667    97151.107    97385.634
1164  rtREV+I+R8    48519.000    48  97134.000    97137.749    97382.314
1172  rtREV+F+R3    48017.057    56  96146.115    96151.234    96435.814
1185  rtREV+F+I+R7  47992.718    65  96115.437    96122.367    96451.694
1186  rtREV+F+I+R8  47982.444    67  96098.888    96106.261    96445.492
1194  cpREV+R3      48457.904    37  96989.809    96992.030    97181.217
1207  cpREV+I+R7    48445.802    46  96983.603    96987.043    97221.570
1208  cpREV+I+R8    48437.266    48  96970.531    96974.279    97218.844
1216  cpREV+F+R3    48042.110    56  96196.220    96201.339    96485.919
1229  cpREV+F+I+R7  48030.153    65  96190.306    96197.236    96526.563
1230  cpREV+F+I+R8  48019.281    67  96172.562    96179.934    96519.166
Akaike Information Criterion:           PMB+F+I+R8
Corrected Akaike Information Criterion: PMB+F+I+R8
Bayesian Information Criterion:         PMB+F+R3
Best-fit model: PMB+F+R3 chosen according to BIC

All model information printed to FungalCW_tree_20231129/356691at4751.aa.mfa.model.gz
CPU time for ModelFinder: 4486.106 seconds (1h:14m:46s)
Wall-clock time for ModelFinder: 2261.602 seconds (0h:37m:41s)
Generating 1000 samples for ultrafast bootstrap (seed: 657796)...

NOTE: 15 MB RAM (0 GB) is required!
Estimate model parameters (epsilon = 0.100)
1. Initial log-likelihood: -47828.515
2. Current log-likelihood: -47828.271
3. Current log-likelihood: -47828.016
Optimal log-likelihood: -47827.996
Site proportion and rates:  (0.168,0.013) (0.083,0.224) (0.749,1.307)
Parameters optimization took 3 rounds (0.603 sec)
Wrote distance file to... 
Computing ML distances based on estimated model parameters...
Calculating distance matrix: done in 0.0907819 secs using 199.3% CPU
Computing ML distances took 0.091062 sec (of wall-clock time) 0.181465 sec (of CPU time)
WARNING: Some pairwise ML distances are too long (saturated)
Setting up auxiliary I and S matrices: done in 4.98295e-05 secs using 198.7% CPU
Constructing RapidNJ tree: done in 0.000221014 secs using 192.7% CPU
Computing RapidNJ tree took 0.000354 sec (of wall-clock time) 0.000689 sec (of CPU time)
Log-likelihood of RapidNJ tree: -47974.155
--------------------------------------------------------------------
|             INITIALIZING CANDIDATE TREE SET                      |
--------------------------------------------------------------------
Generating 98 parsimony trees... 0.665 second
Computing log-likelihood of 98 initial trees ... 2.877 seconds
Current best score: -47827.996

Do NNI search on 20 best initial trees
Optimizing NNI: done in 0.387356 secs using 198.8% CPU
Estimate model parameters (epsilon = 0.100)
BETTER TREE FOUND at iteration 1: -47819.304
Optimizing NNI: done in 0.50505 secs using 198.7% CPU
Optimizing NNI: done in 0.50327 secs using 198.9% CPU
Optimizing NNI: done in 0.799337 secs using 199% CPU
Optimizing NNI: done in 0.509275 secs using 198.9% CPU
Optimizing NNI: done in 0.686648 secs using 198.7% CPU
Optimizing NNI: done in 0.511498 secs using 198.3% CPU
Optimizing NNI: done in 0.716026 secs using 199% CPU
Optimizing NNI: done in 0.452713 secs using 199.1% CPU
Optimizing NNI: done in 0.688944 secs using 199.1% CPU
Iteration 10 / LogL: -47829.350 / Time: 0h:0m:11s
Optimizing NNI: done in 0.576836 secs using 198.6% CPU
Optimizing NNI: done in 0.512131 secs using 198.9% CPU
Optimizing NNI: done in 0.408991 secs using 198.6% CPU
Optimizing NNI: done in 0.598545 secs using 199.1% CPU
Optimizing NNI: done in 0.613227 secs using 198.9% CPU
Optimizing NNI: done in 0.709181 secs using 199% CPU
Optimizing NNI: done in 0.72596 secs using 198.4% CPU
Optimizing NNI: done in 0.61469 secs using 198.9% CPU
Optimizing NNI: done in 0.505217 secs using 198.3% CPU
Optimizing NNI: done in 0.476276 secs using 198.6% CPU
Iteration 20 / LogL: -47841.888 / Time: 0h:0m:17s
Finish initializing candidate tree set (15)
Current best tree score: -47819.304 / CPU time: 15.708
Number of iterations: 20
--------------------------------------------------------------------
|               OPTIMIZING CANDIDATE TREE SET                      |
--------------------------------------------------------------------
Optimizing NNI: done in 0.724361 secs using 198.8% CPU
Optimizing NNI: done in 0.393403 secs using 198.5% CPU
Optimizing NNI: done in 0.443518 secs using 199.1% CPU
Optimizing NNI: done in 0.433941 secs using 198.5% CPU
Optimizing NNI: done in 0.509582 secs using 198.5% CPU
Optimizing NNI: done in 0.372405 secs using 198.6% CPU
Optimizing NNI: done in 0.482799 secs using 199.2% CPU
Optimizing NNI: done in 0.398952 secs using 198.6% CPU
Optimizing NNI: done in 0.572816 secs using 198.9% CPU
Optimizing NNI: done in 0.239331 secs using 199% CPU
Iteration 30 / LogL: -47830.914 / Time: 0h:0m:22s (0h:0m:54s left)
Optimizing NNI: done in 0.603745 secs using 198.9% CPU
Optimizing NNI: done in 0.358072 secs using 199.1% CPU
Optimizing NNI: done in 0.451139 secs using 198.8% CPU
Optimizing NNI: done in 0.421522 secs using 198.8% CPU
Optimizing NNI: done in 0.556775 secs using 199.1% CPU
Optimizing NNI: done in 0.508161 secs using 199.1% CPU
Optimizing NNI: done in 0.782115 secs using 198.8% CPU
Optimizing NNI: done in 0.573148 secs using 199.1% CPU
Optimizing NNI: done in 0.726087 secs using 199% CPU
Optimizing NNI: done in 0.622745 secs using 198.8% CPU
Iteration 40 / LogL: -47830.361 / Time: 0h:0m:28s (0h:0m:43s left)
Optimizing NNI: done in 0.710568 secs using 198.5% CPU
Optimizing NNI: done in 0.578823 secs using 198.9% CPU
Optimizing NNI: done in 0.456463 secs using 199.1% CPU
Optimizing NNI: done in 0.634299 secs using 198.8% CPU
Optimizing NNI: done in 0.477325 secs using 198.7% CPU
Optimizing NNI: done in 0.218015 secs using 198.6% CPU
Optimizing NNI: done in 0.527674 secs using 199.1% CPU
Optimizing NNI: done in 0.446112 secs using 198.7% CPU
Optimizing NNI: done in 0.395101 secs using 198.6% CPU
Estimate model parameters (epsilon = 0.100)
BETTER TREE FOUND at iteration 49: -47816.676
Optimizing NNI: done in 0.50416 secs using 198.9% CPU
Iteration 50 / LogL: -47818.273 / Time: 0h:0m:33s (0h:1m:8s left)
Log-likelihood cutoff on original alignment: -47854.103
Optimizing NNI: done in 0.456009 secs using 198.9% CPU
Optimizing NNI: done in 0.531562 secs using 199.1% CPU
Optimizing NNI: done in 0.691619 secs using 199% CPU
Optimizing NNI: done in 0.406025 secs using 199.1% CPU
Optimizing NNI: done in 0.358669 secs using 199.1% CPU
Optimizing NNI: done in 0.499082 secs using 198.7% CPU
Optimizing NNI: done in 0.337043 secs using 199.1% CPU
Optimizing NNI: done in 0.584527 secs using 199.1% CPU
Estimate model parameters (epsilon = 0.100)
UPDATE BEST LOG-LIKELIHOOD: -47813.656
Optimizing NNI: done in 0.433804 secs using 199.1% CPU
Optimizing NNI: done in 0.953949 secs using 198.9% CPU
Iteration 60 / LogL: -47816.187 / Time: 0h:0m:39s (0h:0m:59s left)
Optimizing NNI: done in 0.297664 secs using 199.1% CPU
Optimizing NNI: done in 0.396935 secs using 199.1% CPU
Optimizing NNI: done in 0.375463 secs using 198% CPU
Optimizing NNI: done in 0.262582 secs using 198.7% CPU
Optimizing NNI: done in 0.589307 secs using 199.1% CPU
Optimizing NNI: done in 0.66496 secs using 199.1% CPU
Optimizing NNI: done in 0.518854 secs using 198.9% CPU
Optimizing NNI: done in 0.490467 secs using 199% CPU
Optimizing NNI: done in 0.375979 secs using 198.6% CPU
Optimizing NNI: done in 0.363702 secs using 198.6% CPU
Iteration 70 / LogL: -47825.658 / Time: 0h:0m:44s (0h:0m:50s left)
Optimizing NNI: done in 0.494365 secs using 198.9% CPU
Optimizing NNI: done in 0.413509 secs using 198.9% CPU
Optimizing NNI: done in 0.333027 secs using 199% CPU
Optimizing NNI: done in 0.256832 secs using 198.6% CPU
Optimizing NNI: done in 0.627096 secs using 198.8% CPU
Optimizing NNI: done in 0.521238 secs using 199% CPU
Optimizing NNI: done in 0.485375 secs using 199.1% CPU
Optimizing NNI: done in 0.696733 secs using 198.9% CPU
Optimizing NNI: done in 0.565864 secs using 199% CPU
Optimizing NNI: done in 0.71519 secs using 199% CPU
Iteration 80 / LogL: -47816.297 / Time: 0h:0m:49s (0h:0m:43s left)
Optimizing NNI: done in 0.764166 secs using 198.7% CPU
Optimizing NNI: done in 0.39302 secs using 198.8% CPU
Optimizing NNI: done in 0.356168 secs using 198.9% CPU
Optimizing NNI: done in 0.522184 secs using 198.2% CPU
Optimizing NNI: done in 0.427995 secs using 198.6% CPU
Optimizing NNI: done in 0.437772 secs using 198.9% CPU
Optimizing NNI: done in 0.742839 secs using 199.1% CPU
Optimizing NNI: done in 0.548635 secs using 199.1% CPU
Optimizing NNI: done in 0.705659 secs using 199.1% CPU
Optimizing NNI: done in 0.437109 secs using 198.7% CPU
Iteration 90 / LogL: -47816.229 / Time: 0h:0m:54s (0h:0m:36s left)
Optimizing NNI: done in 0.420663 secs using 199% CPU
Optimizing NNI: done in 0.61487 secs using 198.9% CPU
Optimizing NNI: done in 0.740088 secs using 199% CPU
Optimizing NNI: done in 0.484628 secs using 199% CPU
Optimizing NNI: done in 0.326024 secs using 198.6% CPU
Optimizing NNI: done in 0.465725 secs using 198.7% CPU
Optimizing NNI: done in 0.666313 secs using 199% CPU
Optimizing NNI: done in 0.520254 secs using 199% CPU
Optimizing NNI: done in 0.33575 secs using 199.3% CPU
Optimizing NNI: done in 0.461664 secs using 199.1% CPU
Iteration 100 / LogL: -47834.825 / Time: 0h:1m:0s (0h:0m:29s left)
Log-likelihood cutoff on original alignment: -47854.103
NOTE: Bootstrap correlation coefficient of split occurrence frequencies: 0.930
NOTE: UFBoot does not converge, continue at least 100 more iterations
Optimizing NNI: done in 0.528172 secs using 199% CPU
Optimizing NNI: done in 0.778206 secs using 199.1% CPU
Optimizing NNI: done in 0.399391 secs using 199.1% CPU
Optimizing NNI: done in 0.743996 secs using 198.8% CPU
Optimizing NNI: done in 0.507102 secs using 198.7% CPU
Optimizing NNI: done in 0.412126 secs using 198.5% CPU
Optimizing NNI: done in 0.569376 secs using 198.7% CPU
Optimizing NNI: done in 0.419387 secs using 198.9% CPU
Optimizing NNI: done in 0.402126 secs using 198.4% CPU
Optimizing NNI: done in 0.515338 secs using 199% CPU
Iteration 110 / LogL: -47816.123 / Time: 0h:1m:5s (0h:0m:54s left)
Optimizing NNI: done in 0.467599 secs using 199% CPU
Optimizing NNI: done in 0.315115 secs using 198.5% CPU
Optimizing NNI: done in 0.441367 secs using 199% CPU
Optimizing NNI: done in 0.501476 secs using 198.9% CPU
Optimizing NNI: done in 0.535376 secs using 199.1% CPU
Optimizing NNI: done in 0.697735 secs using 198.8% CPU
Optimizing NNI: done in 0.851218 secs using 199% CPU
Optimizing NNI: done in 0.903556 secs using 199.1% CPU
Optimizing NNI: done in 0.490145 secs using 199.1% CPU
Optimizing NNI: done in 0.522406 secs using 198.7% CPU
Iteration 120 / LogL: -47821.767 / Time: 0h:1m:11s (0h:0m:48s left)
Optimizing NNI: done in 0.696777 secs using 199.1% CPU
Optimizing NNI: done in 0.43595 secs using 199.1% CPU
Optimizing NNI: done in 0.598989 secs using 199.1% CPU
Optimizing NNI: done in 0.409189 secs using 198.6% CPU
Optimizing NNI: done in 0.484093 secs using 199.1% CPU
Optimizing NNI: done in 0.263562 secs using 198.2% CPU
Optimizing NNI: done in 0.409791 secs using 198.8% CPU
Optimizing NNI: done in 0.700076 secs using 198.7% CPU
Optimizing NNI: done in 0.675625 secs using 198.7% CPU
Optimizing NNI: done in 0.449077 secs using 198.8% CPU
Iteration 130 / LogL: -47815.427 / Time: 0h:1m:16s (0h:0m:41s left)
Optimizing NNI: done in 0.702713 secs using 198.8% CPU
Optimizing NNI: done in 0.609747 secs using 199.1% CPU
Optimizing NNI: done in 0.334678 secs using 199% CPU
Optimizing NNI: done in 0.433483 secs using 199.1% CPU
Optimizing NNI: done in 0.556634 secs using 198.9% CPU
Optimizing NNI: done in 0.520208 secs using 198.9% CPU
Optimizing NNI: done in 0.513388 secs using 198.7% CPU
Optimizing NNI: done in 0.527522 secs using 198.9% CPU
Optimizing NNI: done in 0.40672 secs using 198.8% CPU
Optimizing NNI: done in 0.466494 secs using 199.1% CPU
Iteration 140 / LogL: -47821.735 / Time: 0h:1m:21s (0h:0m:35s left)
Optimizing NNI: done in 0.404985 secs using 199.1% CPU
Optimizing NNI: done in 0.535727 secs using 199% CPU
Optimizing NNI: done in 0.486127 secs using 198.9% CPU
Optimizing NNI: done in 0.701613 secs using 198.9% CPU
Optimizing NNI: done in 0.864078 secs using 198.8% CPU
Optimizing NNI: done in 1.06486 secs using 199% CPU
Optimizing NNI: done in 0.25977 secs using 199.1% CPU
Optimizing NNI: done in 0.382581 secs using 198.3% CPU
Optimizing NNI: done in 0.608335 secs using 199.1% CPU
Optimizing NNI: done in 0.327977 secs using 198.8% CPU
Iteration 150 / LogL: -47814.087 / Time: 0h:1m:27s (0h:0m:29s left)
Log-likelihood cutoff on original alignment: -47854.103
Optimizing NNI: done in 0.383657 secs using 199.1% CPU
Optimizing NNI: done in 0.519719 secs using 198.9% CPU
Optimizing NNI: done in 0.539172 secs using 199% CPU
Optimizing NNI: done in 0.545686 secs using 198.9% CPU
Optimizing NNI: done in 0.549224 secs using 199.1% CPU
Optimizing NNI: done in 0.565809 secs using 198.7% CPU
Optimizing NNI: done in 0.435049 secs using 198.9% CPU
Optimizing NNI: done in 0.411498 secs using 199.1% CPU
Optimizing NNI: done in 0.634316 secs using 199.1% CPU
Optimizing NNI: done in 0.47195 secs using 198.5% CPU
Iteration 160 / LogL: -47822.410 / Time: 0h:1m:33s (0h:0m:23s left)
Optimizing NNI: done in 0.544776 secs using 198.7% CPU
Optimizing NNI: done in 0.566971 secs using 198.8% CPU
Optimizing NNI: done in 0.55627 secs using 199.1% CPU
Optimizing NNI: done in 0.446622 secs using 199.1% CPU
Optimizing NNI: done in 0.583332 secs using 198.8% CPU
Optimizing NNI: done in 0.498392 secs using 198.9% CPU
Optimizing NNI: done in 0.600256 secs using 198.8% CPU
Optimizing NNI: done in 0.55083 secs using 198.8% CPU
Optimizing NNI: done in 0.51742 secs using 199.1% CPU
Optimizing NNI: done in 0.40647 secs using 198.6% CPU
Iteration 170 / LogL: -47814.145 / Time: 0h:1m:38s (0h:0m:17s left)
Optimizing NNI: done in 0.355728 secs using 198.8% CPU
Optimizing NNI: done in 0.411283 secs using 199.1% CPU
Optimizing NNI: done in 0.593277 secs using 199.1% CPU
Optimizing NNI: done in 0.6867 secs using 198.8% CPU
Optimizing NNI: done in 0.698085 secs using 199% CPU
Optimizing NNI: done in 0.423734 secs using 199% CPU
Optimizing NNI: done in 0.532014 secs using 198.9% CPU
Optimizing NNI: done in 0.432734 secs using 198.7% CPU
Optimizing NNI: done in 0.372495 secs using 198.5% CPU
Optimizing NNI: done in 0.821665 secs using 198.9% CPU
Iteration 180 / LogL: -47816.179 / Time: 0h:1m:43s (0h:0m:11s left)
Optimizing NNI: done in 0.601571 secs using 198.9% CPU
Optimizing NNI: done in 0.421645 secs using 198% CPU
Optimizing NNI: done in 0.595403 secs using 198.6% CPU
Optimizing NNI: done in 0.74793 secs using 198.8% CPU
Optimizing NNI: done in 0.377008 secs using 198.9% CPU
Optimizing NNI: done in 0.187604 secs using 198.3% CPU
Optimizing NNI: done in 0.619898 secs using 198.9% CPU
Optimizing NNI: done in 0.640358 secs using 199.1% CPU
Optimizing NNI: done in 0.46528 secs using 199.1% CPU
Optimizing NNI: done in 0.550416 secs using 198.5% CPU
Iteration 190 / LogL: -47816.302 / Time: 0h:1m:49s (0h:0m:5s left)
Optimizing NNI: done in 0.878973 secs using 198.6% CPU
Optimizing NNI: done in 0.6224 secs using 199.1% CPU
Optimizing NNI: done in 0.308693 secs using 198.7% CPU
Optimizing NNI: done in 0.388757 secs using 199.1% CPU
Optimizing NNI: done in 0.418378 secs using 198.9% CPU
Optimizing NNI: done in 0.488066 secs using 198.9% CPU
Optimizing NNI: done in 0.324382 secs using 198.7% CPU
Optimizing NNI: done in 0.578704 secs using 199.2% CPU
Optimizing NNI: done in 0.769993 secs using 199% CPU
Optimizing NNI: done in 0.650333 secs using 198.8% CPU
Iteration 200 / LogL: -47814.432 / Time: 0h:1m:54s (0h:0m:0s left)
Log-likelihood cutoff on original alignment: -47854.103
NOTE: Bootstrap correlation coefficient of split occurrence frequencies: 0.980
NOTE: UFBoot does not converge, continue at least 100 more iterations
Optimizing NNI: done in 0.449338 secs using 199.1% CPU
Optimizing NNI: done in 0.35569 secs using 198.6% CPU
Optimizing NNI: done in 0.608743 secs using 198.8% CPU
Optimizing NNI: done in 0.367523 secs using 198.7% CPU
Optimizing NNI: done in 0.450631 secs using 198.9% CPU
Optimizing NNI: done in 0.398447 secs using 199.1% CPU
Optimizing NNI: done in 0.499191 secs using 198.8% CPU
Optimizing NNI: done in 0.518241 secs using 199.1% CPU
Optimizing NNI: done in 0.471867 secs using 198.5% CPU
Optimizing NNI: done in 0.666253 secs using 199% CPU
Iteration 210 / LogL: -47814.520 / Time: 0h:1m:59s (0h:0m:51s left)
Optimizing NNI: done in 0.514139 secs using 198.7% CPU
Optimizing NNI: done in 0.603142 secs using 198.7% CPU
Optimizing NNI: done in 0.189217 secs using 198.8% CPU
Optimizing NNI: done in 0.305037 secs using 199% CPU
Optimizing NNI: done in 0.398952 secs using 198.8% CPU
Optimizing NNI: done in 0.549279 secs using 198.9% CPU
Optimizing NNI: done in 0.366149 secs using 199.1% CPU
Optimizing NNI: done in 0.587064 secs using 198.9% CPU
Optimizing NNI: done in 0.213542 secs using 199% CPU
Optimizing NNI: done in 0.51659 secs using 198.9% CPU
Iteration 220 / LogL: -47814.005 / Time: 0h:2m:4s (0h:0m:45s left)
Optimizing NNI: done in 0.260667 secs using 199% CPU
Optimizing NNI: done in 0.307381 secs using 198.4% CPU
Optimizing NNI: done in 0.764434 secs using 198.9% CPU
Optimizing NNI: done in 0.374148 secs using 198.6% CPU
Optimizing NNI: done in 0.313523 secs using 199.1% CPU
Optimizing NNI: done in 0.570727 secs using 198.7% CPU
Optimizing NNI: done in 0.460311 secs using 198.7% CPU
Optimizing NNI: done in 0.345023 secs using 198.7% CPU
Optimizing NNI: done in 0.454111 secs using 198.7% CPU
Optimizing NNI: done in 0.747006 secs using 199.1% CPU
Iteration 230 / LogL: -47820.157 / Time: 0h:2m:9s (0h:0m:39s left)
Optimizing NNI: done in 0.530595 secs using 198.9% CPU
Optimizing NNI: done in 0.479629 secs using 199% CPU
Optimizing NNI: done in 0.327865 secs using 198.5% CPU
Optimizing NNI: done in 0.52142 secs using 199% CPU
Optimizing NNI: done in 0.443786 secs using 198.9% CPU
Optimizing NNI: done in 0.506173 secs using 198.9% CPU
Optimizing NNI: done in 0.337197 secs using 199% CPU
Optimizing NNI: done in 0.265765 secs using 198.7% CPU
Optimizing NNI: done in 0.373371 secs using 198.8% CPU
Optimizing NNI: done in 0.555287 secs using 199.1% CPU
Iteration 240 / LogL: -47821.680 / Time: 0h:2m:13s (0h:0m:33s left)
Optimizing NNI: done in 0.354988 secs using 198.8% CPU
Optimizing NNI: done in 0.42631 secs using 199.1% CPU
Optimizing NNI: done in 0.602792 secs using 198.9% CPU
Optimizing NNI: done in 0.458981 secs using 198.9% CPU
Optimizing NNI: done in 0.500163 secs using 198.6% CPU
Optimizing NNI: done in 0.555279 secs using 198.7% CPU
Optimizing NNI: done in 0.329106 secs using 198.9% CPU
Optimizing NNI: done in 0.698929 secs using 198.6% CPU
Optimizing NNI: done in 0.438133 secs using 198.8% CPU
Optimizing NNI: done in 0.395929 secs using 198.9% CPU
Iteration 250 / LogL: -47814.906 / Time: 0h:2m:18s (0h:0m:27s left)
Log-likelihood cutoff on original alignment: -47854.103
Optimizing NNI: done in 0.410999 secs using 199.1% CPU
Optimizing NNI: done in 0.528546 secs using 198.7% CPU
Optimizing NNI: done in 0.507041 secs using 198.7% CPU
Optimizing NNI: done in 0.317999 secs using 198.5% CPU
Optimizing NNI: done in 0.687203 secs using 199.1% CPU
Optimizing NNI: done in 0.527015 secs using 198.5% CPU
Optimizing NNI: done in 0.383041 secs using 199.1% CPU
Optimizing NNI: done in 1.03655 secs using 198.7% CPU
Optimizing NNI: done in 0.548338 secs using 199.1% CPU
Optimizing NNI: done in 0.639094 secs using 198.9% CPU
Iteration 260 / LogL: -47822.084 / Time: 0h:2m:24s (0h:0m:22s left)
Optimizing NNI: done in 0.763298 secs using 199.1% CPU
Optimizing NNI: done in 0.852036 secs using 198.8% CPU
Optimizing NNI: done in 0.504466 secs using 198.3% CPU
Optimizing NNI: done in 0.453172 secs using 198.9% CPU
Optimizing NNI: done in 0.442875 secs using 198.6% CPU
Optimizing NNI: done in 0.507232 secs using 198.9% CPU
Optimizing NNI: done in 0.467125 secs using 199.1% CPU
Optimizing NNI: done in 0.352718 secs using 198.5% CPU
Optimizing NNI: done in 0.462454 secs using 199.1% CPU
Optimizing NNI: done in 0.508315 secs using 199.1% CPU
Iteration 270 / LogL: -47814.154 / Time: 0h:2m:29s (0h:0m:16s left)
Optimizing NNI: done in 0.393776 secs using 199% CPU
Optimizing NNI: done in 0.470585 secs using 199.1% CPU
Optimizing NNI: done in 0.59035 secs using 198.9% CPU
Optimizing NNI: done in 0.571625 secs using 199% CPU
Optimizing NNI: done in 0.351931 secs using 199% CPU
Optimizing NNI: done in 0.372942 secs using 199.1% CPU
Optimizing NNI: done in 0.648365 secs using 199.1% CPU
Optimizing NNI: done in 0.607911 secs using 198.9% CPU
Optimizing NNI: done in 0.71722 secs using 198.8% CPU
Optimizing NNI: done in 0.4432 secs using 198.8% CPU
Iteration 280 / LogL: -47814.523 / Time: 0h:2m:35s (0h:0m:11s left)
Optimizing NNI: done in 0.624502 secs using 199.1% CPU
Optimizing NNI: done in 0.386166 secs using 199.2% CPU
Optimizing NNI: done in 0.574913 secs using 199.1% CPU
Optimizing NNI: done in 0.486803 secs using 198.9% CPU
Optimizing NNI: done in 0.445702 secs using 198.6% CPU
Optimizing NNI: done in 0.26636 secs using 198.9% CPU
Optimizing NNI: done in 0.644911 secs using 199.1% CPU
Optimizing NNI: done in 0.466109 secs using 199.1% CPU
Optimizing NNI: done in 0.431455 secs using 199.1% CPU
Optimizing NNI: done in 0.706164 secs using 199.1% CPU
Iteration 290 / LogL: -47825.314 / Time: 0h:2m:40s (0h:0m:5s left)
Optimizing NNI: done in 0.443505 secs using 198.4% CPU
Optimizing NNI: done in 0.675717 secs using 199.1% CPU
Optimizing NNI: done in 0.825774 secs using 198.9% CPU
Optimizing NNI: done in 0.408165 secs using 199.1% CPU
Optimizing NNI: done in 0.349921 secs using 198.8% CPU
Optimizing NNI: done in 0.422864 secs using 198.6% CPU
Optimizing NNI: done in 0.426647 secs using 198.6% CPU
Optimizing NNI: done in 0.432846 secs using 198.9% CPU
Optimizing NNI: done in 0.610268 secs using 199.1% CPU
Optimizing NNI: done in 0.426884 secs using 199.1% CPU
Iteration 300 / LogL: -47813.992 / Time: 0h:2m:45s (0h:0m:0s left)
Log-likelihood cutoff on original alignment: -47843.512
NOTE: Bootstrap correlation coefficient of split occurrence frequencies: 0.998
TREE SEARCH COMPLETED AFTER 300 ITERATIONS / Time: 0h:2m:45s

--------------------------------------------------------------------
|                    FINALIZING TREE SEARCH                        |
--------------------------------------------------------------------
Performs final model parameters optimization
Estimate model parameters (epsilon = 0.010)
1. Initial log-likelihood: -47813.656
2. Current log-likelihood: -47813.397
3. Current log-likelihood: -47813.155
4. Current log-likelihood: -47813.134
Optimal log-likelihood: -47813.121
Site proportion and rates:  (0.168,0.012) (0.075,0.210) (0.757,1.297)
Parameters optimization took 4 rounds (0.615 sec)
BEST SCORE FOUND : -47813.121

Testing tree branches by SH-like aLRT with 1000 replicates...
0.335 sec.
Creating bootstrap support values...
Split supports printed to NEXUS file FungalCW_tree_20231129/356691at4751.aa.mfa.splits.nex
Total tree length: 58.248

Total number of iterations: 300
CPU time used for tree search: 324.576 sec (0h:5m:24s)
Wall-clock time used for tree search: 163.593 sec (0h:2m:43s)
Total CPU time used: 330.366 sec (0h:5m:30s)
Total wall-clock time used: 166.578 sec (0h:2m:46s)

Computing bootstrap consensus tree...
Reading input file FungalCW_tree_20231129/356691at4751.aa.mfa.splits.nex...
18 taxa and 106 splits.
Consensus tree written to FungalCW_tree_20231129/356691at4751.aa.mfa.contree
Reading input trees file FungalCW_tree_20231129/356691at4751.aa.mfa.contree
Log-likelihood of consensus tree: -47818.590

Analysis results written to: 
  IQ-TREE report:                FungalCW_tree_20231129/356691at4751.aa.mfa.iqtree
  Maximum-likelihood tree:       FungalCW_tree_20231129/356691at4751.aa.mfa.treefile
  Likelihood distances:          FungalCW_tree_20231129/356691at4751.aa.mfa.mldist

Ultrafast bootstrap approximation results written to:
  Split support values:          FungalCW_tree_20231129/356691at4751.aa.mfa.splits.nex
  Consensus tree:                FungalCW_tree_20231129/356691at4751.aa.mfa.contree
  Screen log file:               FungalCW_tree_20231129/356691at4751.aa.mfa.log

Date and Time: Wed Nov 29 02:20:34 2023
