IQ-TREE multicore version 2.2.2.6 COVID-edition for Linux 64-bit built May 27 2023
Developed by Bui Quang Minh, James Barbetti, Nguyen Lam Tung,
Olga Chernomor, Heiko Schmidt, Dominik Schrempf, Michael Woodhams, Ly Trong Nhan.

Host:    i29 (AVX2, FMA3, 503 GB RAM)
Command: iqtree2 -s FungalCW_tree_20231129/359271at4751.aa.mfa -gz -B 1000 -alrt 1000 -nt 2
Seed:    105057 (Using SPRNG - Scalable Parallel Random Number Generator)
Time:    Wed Nov 29 01:40:18 2023
Kernel:  AVX+FMA - 2 threads (2 CPU cores detected)

Reading alignment file FungalCW_tree_20231129/359271at4751.aa.mfa ... Fasta format detected
Reading fasta file: done in 0.000283003 secs using 32.86% CPU
Alignment most likely contains protein sequences
Constructing alignment: done in 0.00154805 secs using 172% CPU
Alignment has 18 sequences with 637 columns, 586 distinct patterns
331 parsimony-informative, 191 singleton sites, 115 constant sites
                                                               Gap/Ambiguity  Composition  p-value
Analyzing sequences: done in 4.31538e-05 secs using 113.5% CPU
   1  Basidiobolus_meristosporus_CBS_931.73.Basme2finSC.v1            29.36%    passed     27.26%
   2  Botrytis_cinerea_T4                                             25.27%    passed     98.54%
   3  Capillidium_pumilum_ARSEF_79                                    82.26%    passed     38.19%
   4  Colletotrichum_graminicola_M1.001                               25.12%    passed     99.77%
   5  Colletotrichum_higginsianum_IMI_349063                          25.12%    passed     99.81%
   6  Fusarium_graminearum_PH-1                                       25.43%    passed     99.97%
   7  Fusarium_verticillioides_7600                                   25.43%    passed     99.85%
   8  Gilbertella_persicaria_var_persicaria_CBS_190.32-T.Gilper1.v1   22.14%    passed     99.71%
   9  Mortierella_elongata_AG-77                                      27.47%    passed     99.37%
  10  Mucor_mucedo_NRRL_3635                                          22.61%    passed     99.96%
  11  Neoconidiobolus_thromboides_FSU_785.Conth1.v1                   27.47%    passed     42.60%
  12  Phycomyces_blakesleeanus_NRRL_1555.Phybl2.v2                    34.07%    passed     99.55%
  13  Rhizopus_stolonifer_NRRL_66455                                  24.02%    passed     95.18%
  14  Trichoderma_harzianum_CBS_226.95                                25.12%    passed     99.55%
  15  Umbelopsis_ramanniana_NRRL_5844.Umbra1.v1                       33.28%    passed     91.02%
  16  Ustilago_maydis                                                 28.26%    passed     67.21%
  17  Zoophthora_radicans_ATCC_208865                                 29.36%    passed     62.50%
  18  Zymoseptoria_tritici_IP0323                                     27.47%    passed     79.73%
WARNING: 1 sequences contain more than 50% gaps/ambiguity
****  TOTAL                                                           29.96%  0 sequences failed composition chi2 test (p-value<5%; df=19)
Checking for duplicate sequences: done in 0.000113964 secs using 200.9% CPU


Create initial parsimony tree by phylogenetic likelihood library (PLL)... 0.004 seconds
Perform fast likelihood tree search using LG+I+G model...
Estimate model parameters (epsilon = 5.000)
Perform nearest neighbor interchange...
Optimizing NNI: done in 0.327048 secs using 196.7% CPU
Estimate model parameters (epsilon = 1.000)
1. Initial log-likelihood: -9840.425
Optimal log-likelihood: -9839.853
Proportion of invariable sites: 0.059
Gamma shape alpha: 1.071
Parameters optimization took 1 rounds (0.132 sec)
Time for fast ML tree search: 0.739 seconds

NOTE: ModelFinder requires 19 MB RAM!
ModelFinder will test up to 1232 protein models (sample size: 637) ...
 No. Model         -LnL         df  AIC          AICc         BIC
  1  LG            10162.309    33  20390.618    20394.339    20537.691
  2  LG+I          10027.137    34  20122.274    20126.228    20273.804
  3  LG+G4         9839.043     34  19746.086    19750.040    19897.616
  4  LG+I+G4       9839.233     35  19748.467    19752.660    19904.453
  5  LG+R2         9895.245     35  19860.491    19864.684    20016.478
  6  LG+R3         9830.080     37  19734.159    19738.854    19899.059
  7  LG+R4         9829.862     39  19737.724    19742.950    19911.538
 14  LG+I+R2       9854.475     36  19780.951    19785.391    19941.394
 15  LG+I+R3       9830.642     38  19737.284    19742.240    19906.641
 16  LG+I+R4       9830.266     40  19740.532    19746.036    19918.803
 25  LG+F+G4       9798.065     53  19702.129    19711.947    19938.338
 26  LG+F+I+G4     9798.514     54  19705.029    19715.235    19945.694
 28  LG+F+R3       9790.780     56  19693.560    19704.567    19943.140
 37  LG+F+I+R3     9791.282     57  19696.564    19707.984    19950.600
 47  WAG+G4        9872.238     34  19812.476    19816.430    19964.006
 48  WAG+I+G4      9870.948     35  19811.896    19816.089    19967.883
 50  WAG+R3        9863.765     37  19801.530    19806.224    19966.430
 59  WAG+I+R3      9864.340     38  19804.680    19809.636    19974.037
 69  WAG+F+G4      9813.053     53  19732.106    19741.924    19968.314
 70  WAG+F+I+G4    9812.660     54  19733.320    19743.526    19973.986
 72  WAG+F+R3      9805.377     56  19722.753    19733.760    19972.332
 81  WAG+F+I+R3    9805.931     57  19725.862    19737.282    19979.898
 91  JTT+G4        9911.848     34  19891.696    19895.650    20043.226
 92  JTT+I+G4      9911.292     35  19892.584    19896.777    20048.571
 94  JTT+R3        9906.218     37  19886.437    19891.131    20051.337
103  JTT+I+R3      9906.762     38  19889.524    19894.480    20058.881
113  JTT+F+G4      9868.075     53  19842.150    19851.968    20078.359
114  JTT+F+I+G4    9867.889     54  19843.777    19853.983    20084.443
116  JTT+F+R3      9863.355     56  19838.711    19849.718    20088.290
125  JTT+F+I+R3    9863.842     57  19841.685    19853.105    20095.721
WARNING: Normalizing state frequencies so that sum of them equals to 1
135  Q.pfam+G4     9826.149     34  19720.297    19724.251    19871.827
WARNING: Normalizing state frequencies so that sum of them equals to 1
136  Q.pfam+I+G4   9825.903     35  19721.806    19725.999    19877.793
WARNING: Normalizing state frequencies so that sum of them equals to 1
138  Q.pfam+R3     9816.222     37  19706.444    19711.138    19871.344
WARNING: Normalizing state frequencies so that sum of them equals to 1
147  Q.pfam+I+R3   9816.757     38  19709.514    19714.471    19878.871
WARNING: Normalizing state frequencies so that sum of them equals to 1
157  Q.pfam+F+G4   9803.538     53  19713.075    19722.894    19949.284
WARNING: Normalizing state frequencies so that sum of them equals to 1
158  Q.pfam+F+I+G4 9803.822     54  19715.643    19725.849    19956.309
WARNING: Normalizing state frequencies so that sum of them equals to 1
160  Q.pfam+F+R3   9796.026     56  19704.052    19715.059    19953.631
WARNING: Normalizing state frequencies so that sum of them equals to 1
169  Q.pfam+F+I+R3 9796.493     57  19706.985    19718.405    19961.021
WARNING: Normalizing state frequencies so that sum of them equals to 1
179  Q.bird+G4     10084.131    34  20236.261    20240.215    20387.791
WARNING: Normalizing state frequencies so that sum of them equals to 1
180  Q.bird+I+G4   10084.452    35  20238.903    20243.096    20394.890
WARNING: Normalizing state frequencies so that sum of them equals to 1
182  Q.bird+R3     10079.462    37  20232.924    20237.619    20397.825
WARNING: Normalizing state frequencies so that sum of them equals to 1
191  Q.bird+I+R3   10079.918    38  20235.835    20240.792    20405.193
WARNING: Normalizing state frequencies so that sum of them equals to 1
201  Q.bird+F+G4   10048.753    53  20203.505    20213.323    20439.714
WARNING: Normalizing state frequencies so that sum of them equals to 1
202  Q.bird+F+I+G4 10049.254    54  20206.508    20216.714    20447.174
WARNING: Normalizing state frequencies so that sum of them equals to 1
204  Q.bird+F+R3   10046.814    56  20205.627    20216.634    20455.206
WARNING: Normalizing state frequencies so that sum of them equals to 1
213  Q.bird+F+I+R3 10046.835    57  20207.670    20219.090    20461.706
WARNING: Normalizing state frequencies so that sum of them equals to 1
223  Q.mammal+G4   10028.641    34  20125.283    20129.236    20276.813
WARNING: Normalizing state frequencies so that sum of them equals to 1
224  Q.mammal+I+G4 10028.739    35  20127.479    20131.672    20283.466
WARNING: Normalizing state frequencies so that sum of them equals to 1
226  Q.mammal+R3   10023.184    37  20120.368    20125.062    20285.268
WARNING: Normalizing state frequencies so that sum of them equals to 1
235  Q.mammal+I+R3 10023.727    38  20123.455    20128.411    20292.812
WARNING: Normalizing state frequencies so that sum of them equals to 1
245  Q.mammal+F+G4 9979.150     53  20064.300    20074.118    20300.508
WARNING: Normalizing state frequencies so that sum of them equals to 1
246  Q.mammal+F+I+G4 9979.563     54  20067.126    20077.333    20307.792
WARNING: Normalizing state frequencies so that sum of them equals to 1
248  Q.mammal+F+R3 9975.965     56  20063.930    20074.937    20313.509
WARNING: Normalizing state frequencies so that sum of them equals to 1
257  Q.mammal+F+I+R3 9976.273     57  20066.546    20077.966    20320.582
267  Q.insect+G4   9870.253     34  19808.506    19812.459    19960.036
268  Q.insect+I+G4 9870.112     35  19810.224    19814.417    19966.211
270  Q.insect+R3   9863.595     37  19801.190    19805.885    19966.091
279  Q.insect+I+R3 9864.103     38  19804.207    19809.163    19973.564
289  Q.insect+F+G4 9816.696     53  19739.392    19749.211    19975.601
290  Q.insect+F+I+G4 9816.970     54  19741.941    19752.147    19982.606
292  Q.insect+F+R3 9811.098     56  19734.196    19745.203    19983.775
301  Q.insect+F+I+R3 9811.563     57  19737.125    19748.545    19991.161
WARNING: Normalizing state frequencies so that sum of them equals to 1
311  Q.plant+G4    9927.005     34  19922.011    19925.964    20073.541
WARNING: Normalizing state frequencies so that sum of them equals to 1
312  Q.plant+I+G4  9927.131     35  19924.262    19928.455    20080.248
WARNING: Normalizing state frequencies so that sum of them equals to 1
314  Q.plant+R3    9918.852     37  19911.703    19916.398    20076.604
WARNING: Normalizing state frequencies so that sum of them equals to 1
323  Q.plant+I+R3  9919.352     38  19914.704    19919.661    20084.061
WARNING: Normalizing state frequencies so that sum of them equals to 1
333  Q.plant+F+G4  9908.800     53  19923.600    19933.418    20159.808
WARNING: Normalizing state frequencies so that sum of them equals to 1
334  Q.plant+F+I+G4 9909.221     54  19926.443    19936.649    20167.108
WARNING: Normalizing state frequencies so that sum of them equals to 1
336  Q.plant+F+R3  9902.318     56  19916.636    19927.643    20166.215
WARNING: Normalizing state frequencies so that sum of them equals to 1
345  Q.plant+F+I+R3 9902.767     57  19919.534    19930.953    20173.570
WARNING: Normalizing state frequencies so that sum of them equals to 1
355  Q.yeast+G4    9879.599     34  19827.197    19831.151    19978.727
WARNING: Normalizing state frequencies so that sum of them equals to 1
356  Q.yeast+I+G4  9879.156     35  19828.313    19832.506    19984.300
WARNING: Normalizing state frequencies so that sum of them equals to 1
358  Q.yeast+R3    9871.230     37  19816.461    19821.155    19981.361
WARNING: Normalizing state frequencies so that sum of them equals to 1
367  Q.yeast+I+R3  9871.656     38  19819.312    19824.269    19988.670
WARNING: Normalizing state frequencies so that sum of them equals to 1
377  Q.yeast+F+G4  9818.775     53  19743.549    19753.368    19979.758
WARNING: Normalizing state frequencies so that sum of them equals to 1
378  Q.yeast+F+I+G4 9818.900     54  19745.800    19756.006    19986.465
WARNING: Normalizing state frequencies so that sum of them equals to 1
380  Q.yeast+F+R3  9811.379     56  19734.758    19745.765    19984.338
WARNING: Normalizing state frequencies so that sum of them equals to 1
389  Q.yeast+F+I+R3 9811.801     57  19737.602    19749.021    19991.637
399  JTTDCMut+G4   9916.655     34  19901.311    19905.264    20052.841
400  JTTDCMut+I+G4 9916.071     35  19902.143    19906.336    20058.130
402  JTTDCMut+R3   9911.000     37  19896.000    19900.694    20060.900
411  JTTDCMut+I+R3 9911.646     38  19899.292    19904.248    20068.649
421  JTTDCMut+F+G4 9871.498     53  19848.997    19858.815    20085.205
422  JTTDCMut+F+I+G4 9871.307     54  19850.613    19860.820    20091.279
424  JTTDCMut+F+R3 9866.751     56  19845.501    19856.508    20095.081
433  JTTDCMut+F+I+R3 9867.252     57  19848.503    19859.923    20102.539
443  DCMut+G4      10005.005    34  20078.009    20081.963    20229.539
444  DCMut+I+G4    10004.071    35  20078.142    20082.335    20234.129
446  DCMut+R3      9999.462     37  20072.924    20077.618    20237.824
455  DCMut+I+R3    9999.982     38  20075.964    20080.921    20245.321
465  DCMut+F+G4    9887.246     53  19880.491    19890.310    20116.700
466  DCMut+F+I+G4  9887.106     54  19882.212    19892.418    20122.878
468  DCMut+F+R3    9881.733     56  19875.467    19886.473    20125.046
477  DCMut+F+I+R3  9882.144     57  19878.289    19889.709    20132.325
487  VT+G4         9880.369     34  19828.737    19832.691    19980.268
488  VT+I+G4       9878.435     35  19826.871    19831.064    19982.857
490  VT+R3         9871.115     37  19816.229    19820.924    19981.130
499  VT+I+R3       9871.675     38  19819.350    19824.306    19988.707
509  VT+F+G4       9832.846     53  19771.691    19781.509    20007.900
510  VT+F+I+G4     9831.630     54  19771.259    19781.466    20011.925
512  VT+F+R3       9824.888     56  19761.777    19772.784    20011.356
521  VT+F+I+R3     9825.385     57  19764.769    19776.189    20018.805
531  PMB+G4        9883.599     34  19835.198    19839.151    19986.728
532  PMB+I+G4      9882.108     35  19834.215    19838.408    19990.202
534  PMB+R3        9875.282     37  19824.565    19829.259    19989.465
543  PMB+I+R3      9875.881     38  19827.762    19832.719    19997.119
553  PMB+F+G4      9858.527     53  19823.055    19832.873    20059.263
554  PMB+F+I+G4    9857.708     54  19823.416    19833.622    20064.081
556  PMB+F+R3      9851.843     56  19815.686    19826.693    20065.266
565  PMB+F+I+R3    9852.368     57  19818.736    19830.156    20072.772
575  Blosum62+G4   9890.846     34  19849.692    19853.646    20001.222
576  Blosum62+I+G4 9889.856     35  19849.713    19853.906    20005.700
578  Blosum62+R3   9882.510     37  19839.019    19843.713    20003.919
587  Blosum62+I+R3 9883.072     38  19842.144    19847.100    20011.501
597  Blosum62+F+G4 9856.064     53  19818.127    19827.945    20054.336
598  Blosum62+F+I+G4 9855.451     54  19818.901    19829.108    20059.567
600  Blosum62+F+R3 9848.707     56  19809.414    19820.421    20058.993
609  Blosum62+F+I+R3 9849.233     57  19812.466    19823.886    20066.502
619  Dayhoff+G4    10004.630    34  20077.260    20081.213    20228.790
620  Dayhoff+I+G4  10003.742    35  20077.484    20081.677    20233.471
622  Dayhoff+R3    9999.085     37  20072.170    20076.864    20237.070
631  Dayhoff+I+R3  9999.652     38  20075.305    20080.261    20244.662
641  Dayhoff+F+G4  9886.941     53  19879.883    19889.701    20116.092
642  Dayhoff+F+I+G4 9886.834     54  19881.668    19891.874    20122.334
644  Dayhoff+F+R3  9881.428     56  19874.856    19885.863    20124.436
653  Dayhoff+F+I+R3 9881.864     57  19877.729    19889.148    20131.764
663  mtREV+G4      10238.462    34  20544.924    20548.877    20696.454
664  mtREV+I+G4    10239.179    35  20548.358    20552.551    20704.345
666  mtREV+R3      10236.702    37  20547.405    20552.099    20712.305
675  mtREV+I+R3    10236.158    38  20548.316    20553.272    20717.673
685  mtREV+F+G4    9975.327     53  20056.653    20066.471    20292.862
686  mtREV+F+I+G4  9975.885     54  20059.769    20069.975    20300.435
688  mtREV+F+R3    9972.987     56  20057.973    20068.980    20307.552
697  mtREV+F+I+R3  9973.046     57  20060.092    20071.512    20314.128
707  mtART+G4      10222.668    34  20513.337    20517.290    20664.867
708  mtART+I+G4    10223.235    35  20516.471    20520.664    20672.458
710  mtART+R3      10225.758    37  20525.515    20530.210    20690.416
719  mtART+I+R3    10220.747    38  20517.494    20522.451    20686.851
729  mtART+F+G4    10044.157    53  20194.314    20204.133    20430.523
730  mtART+F+I+G4  10044.621    54  20197.242    20207.448    20437.908
732  mtART+F+R3    10047.752    56  20207.505    20218.512    20457.084
741  mtART+F+I+R3  10037.501    57  20189.002    20200.422    20443.038
751  mtZOA+G4      10043.934    34  20155.867    20159.821    20307.397
752  mtZOA+I+G4    10044.644    35  20159.289    20163.482    20315.275
754  mtZOA+R3      10042.094    37  20158.188    20162.882    20323.088
763  mtZOA+I+R3    10041.832    38  20159.664    20164.620    20329.021
773  mtZOA+F+G4    9929.532     53  19965.064    19974.882    20201.273
774  mtZOA+F+I+G4  9930.254     54  19968.508    19978.714    20209.173
776  mtZOA+F+R3    9927.477     56  19966.954    19977.961    20216.533
785  mtZOA+F+I+R3  9927.403     57  19968.806    19980.225    20222.842
795  mtMet+G4      10200.878    34  20469.755    20473.709    20621.285
796  mtMet+I+G4    10201.537    35  20473.074    20477.267    20629.061
798  mtMet+R3      10199.813    37  20473.625    20478.320    20638.526
807  mtMet+I+R3    10200.245    38  20476.491    20481.447    20645.848
817  mtMet+F+G4    9959.324     53  20024.648    20034.467    20260.857
818  mtMet+F+I+G4  9959.920     54  20027.840    20038.046    20268.505
820  mtMet+F+R3    9957.503     56  20027.005    20038.012    20276.584
829  mtMet+F+I+R3  9957.187     57  20028.375    20039.795    20282.411
839  mtVer+G4      10342.773    34  20753.547    20757.500    20905.077
840  mtVer+I+G4    10343.482    35  20756.965    20761.158    20912.952
842  mtVer+R3      10344.995    37  20763.989    20768.684    20928.890
851  mtVer+I+R3    10343.993    38  20763.985    20768.942    20933.342
861  mtVer+F+G4    10081.423    53  20268.846    20278.665    20505.055
862  mtVer+F+I+G4  10082.153    54  20272.307    20282.513    20512.972
864  mtVer+F+R3    10081.424    56  20274.848    20285.855    20524.427
873  mtVer+F+I+R3  10081.938    57  20277.876    20289.296    20531.912
883  mtInv+G4      10222.840    34  20513.680    20517.634    20665.210
884  mtInv+I+G4    10223.255    35  20516.510    20520.703    20672.497
886  mtInv+R3      10218.718    37  20511.435    20516.130    20676.336
895  mtInv+I+R3    10219.011    38  20514.023    20518.979    20683.380
905  mtInv+F+G4    9888.702     53  19883.404    19893.222    20119.613
906  mtInv+F+I+G4  9889.206     54  19886.411    19896.617    20127.077
908  mtInv+F+R3    9883.684     56  19879.369    19890.375    20128.948
917  mtInv+F+I+R3  9883.916     57  19881.833    19893.253    20135.869
927  mtMAM+G4      10425.115    34  20918.229    20922.183    21069.760
928  mtMAM+I+G4    10425.732    35  20921.464    20925.657    21077.451
930  mtMAM+R3      10430.973    37  20935.946    20940.641    21100.847
939  mtMAM+I+R3    10426.614    38  20929.227    20934.184    21098.585
949  mtMAM+F+G4    10162.540    53  20431.080    20440.898    20667.289
950  mtMAM+F+I+G4  10163.335    54  20434.671    20444.877    20675.337
952  mtMAM+F+R3    10164.503    56  20441.006    20452.013    20690.585
961  mtMAM+F+I+R3  10163.364    57  20440.728    20452.147    20694.763
WARNING: Normalizing state frequencies so that sum of them equals to 1
971  FLAVI+G4      10259.933    34  20587.866    20591.819    20739.396
WARNING: Normalizing state frequencies so that sum of them equals to 1
972  FLAVI+I+G4    10260.651    35  20591.301    20595.494    20747.288
WARNING: Normalizing state frequencies so that sum of them equals to 1
974  FLAVI+R3      10258.085    37  20590.169    20594.863    20755.069
WARNING: Normalizing state frequencies so that sum of them equals to 1
983  FLAVI+I+R3    10257.960    38  20591.919    20596.876    20761.277
WARNING: Normalizing state frequencies so that sum of them equals to 1
993  FLAVI+F+G4    10196.370    53  20498.740    20508.558    20734.949
WARNING: Normalizing state frequencies so that sum of them equals to 1
994  FLAVI+F+I+G4  10197.135    54  20502.271    20512.477    20742.936
WARNING: Normalizing state frequencies so that sum of them equals to 1
996  FLAVI+F+R3    10195.156    56  20502.313    20513.320    20751.892
WARNING: Normalizing state frequencies so that sum of them equals to 1
1005  FLAVI+F+I+R3  10196.587    57  20507.175    20518.595    20761.211
1015  HIVb+G4       10144.751    34  20357.502    20361.455    20509.032
1016  HIVb+I+G4     10144.347    35  20358.693    20362.886    20514.680
1018  HIVb+R3       10140.369    37  20354.738    20359.433    20519.639
1027  HIVb+I+R3     10140.451    38  20356.903    20361.859    20526.260
1037  HIVb+F+G4     10051.889    53  20209.779    20219.597    20445.988
1038  HIVb+F+I+G4   10051.644    54  20211.287    20221.494    20451.953
1040  HIVb+F+R3     10048.774    56  20209.548    20220.555    20459.127
1049  HIVb+F+I+R3   10048.867    57  20211.735    20223.154    20465.770
1059  HIVw+G4       10531.993    34  21131.986    21135.939    21283.516
1060  HIVw+I+G4     10532.716    35  21135.432    21139.625    21291.419
1062  HIVw+R3       10530.917    37  21135.834    21140.529    21300.735
1071  HIVw+I+R3     10528.802    38  21133.603    21138.560    21302.960
1081  HIVw+F+G4     10288.728    53  20683.456    20693.275    20919.665
1082  HIVw+F+I+G4   10289.421    54  20686.842    20697.048    20927.508
1084  HIVw+F+R3     10287.509    56  20687.017    20698.024    20936.596
1093  HIVw+F+I+R3   10287.265    57  20688.529    20699.949    20942.565
1103  FLU+G4        10077.133    34  20222.265    20226.219    20373.795
1104  FLU+I+G4      10077.984    35  20225.969    20230.162    20381.955
1106  FLU+R3        10072.191    37  20218.382    20223.076    20383.282
1115  FLU+I+R3      10072.712    38  20221.424    20226.380    20390.781
1125  FLU+F+G4      9977.304     53  20060.609    20070.427    20296.817
1126  FLU+F+I+G4    9978.127     54  20064.253    20074.459    20304.919
1128  FLU+F+R3      9973.880     56  20059.760    20070.767    20309.339
1137  FLU+F+I+R3    9974.266     57  20062.531    20073.951    20316.567
1147  rtREV+G4      9965.989     34  19999.979    20003.932    20151.509
1148  rtREV+I+G4    9965.621     35  20001.242    20005.435    20157.229
1150  rtREV+R3      9956.664     37  19987.329    19992.023    20152.229
1159  rtREV+I+R3    9956.826     38  19989.652    19994.609    20159.010
1169  rtREV+F+G4    9839.142     53  19784.284    19794.103    20020.493
1170  rtREV+F+I+G4  9839.088     54  19786.175    19796.382    20026.841
1172  rtREV+F+R3    9831.221     56  19774.442    19785.449    20024.021
1181  rtREV+F+I+R3  9831.471     57  19776.942    19788.362    20030.978
1191  cpREV+G4      9920.694     34  19909.388    19913.342    20060.918
1192  cpREV+I+G4    9919.701     35  19909.403    19913.596    20065.389
1194  cpREV+R3      9911.226     37  19896.452    19901.146    20061.352
1203  cpREV+I+R3    9911.744     38  19899.488    19904.445    20068.845
1213  cpREV+F+G4    9872.268     53  19850.536    19860.354    20086.744
1214  cpREV+F+I+G4  9871.886     54  19851.773    19861.979    20092.438
1216  cpREV+F+R3    9863.075     56  19838.150    19849.157    20087.729
1225  cpREV+F+I+R3  9863.586     57  19841.172    19852.592    20095.208
Akaike Information Criterion:           LG+F+R3
Corrected Akaike Information Criterion: LG+F+R3
Bayesian Information Criterion:         Q.pfam+R3
Best-fit model: Q.pfam+R3 chosen according to BIC

All model information printed to FungalCW_tree_20231129/359271at4751.aa.mfa.model.gz
CPU time for ModelFinder: 248.451 seconds (0h:4m:8s)
Wall-clock time for ModelFinder: 126.122 seconds (0h:2m:6s)
Generating 1000 samples for ultrafast bootstrap (seed: 105057)...
WARNING: Normalizing state frequencies so that sum of them equals to 1

NOTE: 7 MB RAM (0 GB) is required!
Estimate model parameters (epsilon = 0.100)
1. Initial log-likelihood: -9816.222
Optimal log-likelihood: -9816.212
Site proportion and rates:  (0.232,0.085) (0.536,0.656) (0.233,2.704)
Parameters optimization took 1 rounds (0.109 sec)
Wrote distance file to... 
Computing ML distances based on estimated model parameters...
Calculating distance matrix: done in 0.0241079 secs using 197.9% CPU
Computing ML distances took 0.024366 sec (of wall-clock time) 0.048197 sec (of CPU time)
Setting up auxiliary I and S matrices: done in 6.91414e-05 secs using 198.1% CPU
Constructing RapidNJ tree: done in 0.000290871 secs using 199.4% CPU
Computing RapidNJ tree took 0.000486 sec (of wall-clock time) 0.000965 sec (of CPU time)
Log-likelihood of RapidNJ tree: -9842.348
--------------------------------------------------------------------
|             INITIALIZING CANDIDATE TREE SET                      |
--------------------------------------------------------------------
Generating 98 parsimony trees... 0.368 second
Computing log-likelihood of 98 initial trees ... 1.604 seconds
Current best score: -9816.212

Do NNI search on 20 best initial trees
Optimizing NNI: done in 0.112936 secs using 196.3% CPU
Estimate model parameters (epsilon = 0.100)
BETTER TREE FOUND at iteration 1: -9815.999
Optimizing NNI: done in 0.304587 secs using 197.3% CPU
Estimate model parameters (epsilon = 0.100)
BETTER TREE FOUND at iteration 2: -9809.929
Optimizing NNI: done in 0.352548 secs using 196.7% CPU
Optimizing NNI: done in 0.349202 secs using 197.9% CPU
Optimizing NNI: done in 0.307651 secs using 198.2% CPU
Optimizing NNI: done in 0.342152 secs using 197.5% CPU
Optimizing NNI: done in 0.302057 secs using 197.5% CPU
Optimizing NNI: done in 0.25175 secs using 197% CPU
Optimizing NNI: done in 0.267161 secs using 196.7% CPU
Optimizing NNI: done in 0.274812 secs using 198.3% CPU
Iteration 10 / LogL: -9810.141 / Time: 0h:0m:5s
Optimizing NNI: done in 0.311214 secs using 197.5% CPU
Optimizing NNI: done in 0.318177 secs using 197.3% CPU
Optimizing NNI: done in 0.311307 secs using 198.3% CPU
Optimizing NNI: done in 0.285914 secs using 197.2% CPU
Optimizing NNI: done in 0.309878 secs using 198.2% CPU
Optimizing NNI: done in 0.246039 secs using 196.5% CPU
Optimizing NNI: done in 0.323805 secs using 198.3% CPU
Optimizing NNI: done in 0.351798 secs using 198% CPU
Optimizing NNI: done in 0.306677 secs using 198.3% CPU
Optimizing NNI: done in 0.216084 secs using 198.1% CPU
Iteration 20 / LogL: -9810.747 / Time: 0h:0m:8s
Finish initializing candidate tree set (5)
Current best tree score: -9809.929 / CPU time: 8.232
Number of iterations: 20
--------------------------------------------------------------------
|               OPTIMIZING CANDIDATE TREE SET                      |
--------------------------------------------------------------------
Optimizing NNI: done in 0.303661 secs using 198.7% CPU
Optimizing NNI: done in 0.215282 secs using 198.7% CPU
Optimizing NNI: done in 0.194043 secs using 198.2% CPU
Optimizing NNI: done in 0.150177 secs using 198.1% CPU
Optimizing NNI: done in 0.252386 secs using 197% CPU
Optimizing NNI: done in 0.195566 secs using 198.1% CPU
Optimizing NNI: done in 0.245404 secs using 197.9% CPU
Optimizing NNI: done in 0.27573 secs using 198.3% CPU
Optimizing NNI: done in 0.152664 secs using 198.7% CPU
Optimizing NNI: done in 0.479796 secs using 198.7% CPU
Iteration 30 / LogL: -9816.300 / Time: 0h:0m:11s (0h:0m:27s left)
Optimizing NNI: done in 0.269543 secs using 198.7% CPU
Optimizing NNI: done in 0.280389 secs using 198.8% CPU
Optimizing NNI: done in 0.259384 secs using 198.1% CPU
Optimizing NNI: done in 0.235233 secs using 198.3% CPU
Optimizing NNI: done in 0.199948 secs using 198.8% CPU
Optimizing NNI: done in 0.309589 secs using 198.2% CPU
Optimizing NNI: done in 0.315062 secs using 198.4% CPU
Optimizing NNI: done in 0.327293 secs using 198.7% CPU
Optimizing NNI: done in 0.173511 secs using 198.2% CPU
Optimizing NNI: done in 0.284228 secs using 198.1% CPU
Iteration 40 / LogL: -9810.287 / Time: 0h:0m:13s (0h:0m:22s left)
Optimizing NNI: done in 0.295101 secs using 198.9% CPU
Optimizing NNI: done in 0.236821 secs using 198.4% CPU
Optimizing NNI: done in 0.250722 secs using 198% CPU
Optimizing NNI: done in 0.332053 secs using 197.4% CPU
Optimizing NNI: done in 0.287461 secs using 198% CPU
Optimizing NNI: done in 0.302948 secs using 198% CPU
Optimizing NNI: done in 0.199298 secs using 198.1% CPU
Optimizing NNI: done in 0.232337 secs using 198.8% CPU
Optimizing NNI: done in 0.20809 secs using 198.4% CPU
Optimizing NNI: done in 0.316411 secs using 198.5% CPU
Iteration 50 / LogL: -9809.972 / Time: 0h:0m:16s (0h:0m:17s left)
Log-likelihood cutoff on original alignment: -9853.531
Optimizing NNI: done in 0.219388 secs using 198.8% CPU
Optimizing NNI: done in 0.326361 secs using 198.8% CPU
Optimizing NNI: done in 0.28855 secs using 198.8% CPU
Optimizing NNI: done in 0.232687 secs using 197.4% CPU
Optimizing NNI: done in 0.236428 secs using 197.5% CPU
Optimizing NNI: done in 0.216952 secs using 196% CPU
Optimizing NNI: done in 0.137235 secs using 198.8% CPU
Optimizing NNI: done in 0.322215 secs using 198.7% CPU
Optimizing NNI: done in 0.227971 secs using 198.7% CPU
Optimizing NNI: done in 0.245718 secs using 197.8% CPU
Iteration 60 / LogL: -9811.402 / Time: 0h:0m:19s (0h:0m:13s left)
Optimizing NNI: done in 0.327247 secs using 198.1% CPU
Optimizing NNI: done in 0.236645 secs using 198.8% CPU
Optimizing NNI: done in 0.280899 secs using 198.3% CPU
Optimizing NNI: done in 0.265878 secs using 198.6% CPU
Optimizing NNI: done in 0.177146 secs using 198.7% CPU
Optimizing NNI: done in 0.248032 secs using 197.1% CPU
Optimizing NNI: done in 0.179357 secs using 198.2% CPU
Optimizing NNI: done in 0.281465 secs using 198.3% CPU
Optimizing NNI: done in 0.260188 secs using 198.4% CPU
Optimizing NNI: done in 0.175995 secs using 197.7% CPU
Iteration 70 / LogL: -9810.516 / Time: 0h:0m:21s (0h:0m:10s left)
Optimizing NNI: done in 0.196138 secs using 198.8% CPU
Optimizing NNI: done in 0.255774 secs using 197.3% CPU
Optimizing NNI: done in 0.22882 secs using 198.7% CPU
Optimizing NNI: done in 0.288102 secs using 197.6% CPU
Optimizing NNI: done in 0.309633 secs using 197.7% CPU
Optimizing NNI: done in 0.272087 secs using 197.8% CPU
Optimizing NNI: done in 0.321159 secs using 197.8% CPU
Optimizing NNI: done in 0.270349 secs using 198.1% CPU
Optimizing NNI: done in 0.241665 secs using 198.4% CPU
Optimizing NNI: done in 0.246573 secs using 198% CPU
Iteration 80 / LogL: -9816.277 / Time: 0h:0m:24s (0h:0m:6s left)
Optimizing NNI: done in 0.20622 secs using 198.4% CPU
Optimizing NNI: done in 0.205875 secs using 198.4% CPU
Optimizing NNI: done in 0.256508 secs using 198.7% CPU
Optimizing NNI: done in 0.337878 secs using 198.7% CPU
Optimizing NNI: done in 0.320763 secs using 198.1% CPU
Optimizing NNI: done in 0.149566 secs using 198.7% CPU
Optimizing NNI: done in 0.176127 secs using 198.2% CPU
Optimizing NNI: done in 0.352261 secs using 198.2% CPU
Optimizing NNI: done in 0.22078 secs using 198.7% CPU
Optimizing NNI: done in 0.268327 secs using 197.9% CPU
Iteration 90 / LogL: -9810.105 / Time: 0h:0m:27s (0h:0m:3s left)
Optimizing NNI: done in 0.34255 secs using 198.2% CPU
Optimizing NNI: done in 0.284644 secs using 199% CPU
Optimizing NNI: done in 0.182609 secs using 197.7% CPU
Optimizing NNI: done in 0.277665 secs using 198.8% CPU
Optimizing NNI: done in 0.228126 secs using 196.9% CPU
Optimizing NNI: done in 0.327527 secs using 198.3% CPU
Optimizing NNI: done in 0.369905 secs using 198.1% CPU
Optimizing NNI: done in 0.210328 secs using 198.3% CPU
Optimizing NNI: done in 0.335842 secs using 198.6% CPU
Optimizing NNI: done in 0.330292 secs using 198.5% CPU
Iteration 100 / LogL: -9809.949 / Time: 0h:0m:30s (0h:0m:0s left)
Log-likelihood cutoff on original alignment: -9853.531
NOTE: Bootstrap correlation coefficient of split occurrence frequencies: 1.000
Optimizing NNI: done in 0.2578 secs using 198% CPU
Optimizing NNI: done in 0.257825 secs using 197.2% CPU
Optimizing NNI: done in 0.25308 secs using 197.6% CPU
TREE SEARCH COMPLETED AFTER 103 ITERATIONS / Time: 0h:0m:31s

--------------------------------------------------------------------
|                    FINALIZING TREE SEARCH                        |
--------------------------------------------------------------------
Performs final model parameters optimization
Estimate model parameters (epsilon = 0.010)
1. Initial log-likelihood: -9809.929
Optimal log-likelihood: -9809.927
Site proportion and rates:  (0.231,0.086) (0.542,0.654) (0.226,2.764)
Parameters optimization took 1 rounds (0.099 sec)
BEST SCORE FOUND : -9809.927

Testing tree branches by SH-like aLRT with 1000 replicates...
0.179 sec.
Creating bootstrap support values...
Split supports printed to NEXUS file FungalCW_tree_20231129/359271at4751.aa.mfa.splits.nex
Total tree length: 8.568

Total number of iterations: 103
CPU time used for tree search: 60.826 sec (0h:1m:0s)
Wall-clock time used for tree search: 30.853 sec (0h:0m:30s)
Total CPU time used: 62.103 sec (0h:1m:2s)
Total wall-clock time used: 31.531 sec (0h:0m:31s)

Computing bootstrap consensus tree...
Reading input file FungalCW_tree_20231129/359271at4751.aa.mfa.splits.nex...
18 taxa and 80 splits.
Consensus tree written to FungalCW_tree_20231129/359271at4751.aa.mfa.contree
Reading input trees file FungalCW_tree_20231129/359271at4751.aa.mfa.contree
Log-likelihood of consensus tree: -9809.927

Analysis results written to: 
  IQ-TREE report:                FungalCW_tree_20231129/359271at4751.aa.mfa.iqtree
  Maximum-likelihood tree:       FungalCW_tree_20231129/359271at4751.aa.mfa.treefile
  Likelihood distances:          FungalCW_tree_20231129/359271at4751.aa.mfa.mldist

Ultrafast bootstrap approximation results written to:
  Split support values:          FungalCW_tree_20231129/359271at4751.aa.mfa.splits.nex
  Consensus tree:                FungalCW_tree_20231129/359271at4751.aa.mfa.contree
  Screen log file:               FungalCW_tree_20231129/359271at4751.aa.mfa.log

Date and Time: Wed Nov 29 01:42:55 2023
