IQ-TREE multicore version 2.2.2.6 COVID-edition for Linux 64-bit built May 27 2023
Developed by Bui Quang Minh, James Barbetti, Nguyen Lam Tung,
Olga Chernomor, Heiko Schmidt, Dominik Schrempf, Michael Woodhams, Ly Trong Nhan.

Host:    i28 (AVX2, FMA3, 503 GB RAM)
Command: iqtree2 -s FungalCW_tree_20231129/365270at4751.aa.mfa -gz -B 1000 -alrt 1000 -nt 2
Seed:    853695 (Using SPRNG - Scalable Parallel Random Number Generator)
Time:    Wed Nov 29 01:41:15 2023
Kernel:  AVX+FMA - 2 threads (2 CPU cores detected)

Reading alignment file FungalCW_tree_20231129/365270at4751.aa.mfa ... Fasta format detected
Reading fasta file: done in 0.000212908 secs
Alignment most likely contains protein sequences
Constructing alignment: done in 0.00127506 secs using 102.4% CPU
Alignment has 14 sequences with 591 columns, 568 distinct patterns
239 parsimony-informative, 307 singleton sites, 45 constant sites
                                                               Gap/Ambiguity  Composition  p-value
Analyzing sequences: done in 3.00407e-05 secs using 33.29% CPU
   1  Basidiobolus_meristosporus_CBS_931.73.Basme2finSC.v1            46.19%    failed      4.09%
   2  Botrytis_cinerea_T4                                             46.53%    passed     46.80%
   3  Colletotrichum_graminicola_M1.001                               36.72%    passed     31.85%
   4  Colletotrichum_higginsianum_IMI_349063                          36.72%    passed     46.41%
   5  Fusarium_graminearum_PH-1                                       43.49%    passed     61.38%
   6  Fusarium_verticillioides_7600                                   44.16%    passed     73.75%
   7  Gilbertella_persicaria_var_persicaria_CBS_190.32-T.Gilper1.v1   49.92%    passed     74.87%
   8  Mortierella_elongata_AG-77                                      37.23%    passed     45.70%
   9  Mucor_mucedo_NRRL_3635                                          52.62%    passed     76.92%
  10  Phycomyces_blakesleeanus_NRRL_1555.Phybl2.v2                    43.65%    passed     98.01%
  11  Rhizopus_stolonifer_NRRL_66455                                  52.62%    passed     64.38%
  12  Trichoderma_harzianum_CBS_226.95                                42.13%    passed     65.72%
  13  Ustilago_maydis                                                 24.70%    failed      1.02%
  14  Zymoseptoria_tritici_IP0323                                     44.33%    passed     41.04%
WARNING: 2 sequences contain more than 50% gaps/ambiguity
****  TOTAL                                                           42.93%  2 sequences failed composition chi2 test (p-value<5%; df=19)
Checking for duplicate sequences: done in 8.2016e-05 secs using 65.84% CPU


Create initial parsimony tree by phylogenetic likelihood library (PLL)... 0.002 seconds
Perform fast likelihood tree search using LG+I+G model...
Estimate model parameters (epsilon = 5.000)
Perform nearest neighbor interchange...
Optimizing NNI: done in 0.055793 secs using 198.5% CPU
Estimate model parameters (epsilon = 1.000)
1. Initial log-likelihood: -8887.155
Optimal log-likelihood: -8886.687
Proportion of invariable sites: 0.027
Gamma shape alpha: 0.901
Parameters optimization took 1 rounds (0.085 sec)
Time for fast ML tree search: 0.400 seconds

NOTE: ModelFinder requires 14 MB RAM!
ModelFinder will test up to 1232 protein models (sample size: 591) ...
 No. Model         -LnL         df  AIC          AICc         BIC
  1  LG            9200.534     25  18451.068    18453.369    18560.613
  2  LG+I          9117.640     26  18287.281    18289.770    18401.208
  3  LG+G4         8890.222     26  17832.445    17834.934    17946.372
  4  LG+I+G4       8886.414     27  17826.828    17829.514    17945.137
  5  LG+R2         8937.105     27  17928.211    17930.896    18046.520
  6  LG+R3         8855.477     29  17768.955    17772.056    17896.027
  7  LG+R4         8843.071     31  17748.142    17751.691    17883.978
  8  LG+R5         8842.302     33  17750.605    17754.633    17895.205
 14  LG+I+R2       8913.563     28  17883.126    17886.016    18005.817
 15  LG+I+R3       8845.920     30  17751.841    17755.162    17883.295
 16  LG+I+R4       8844.148     32  17752.296    17756.081    17892.514
 29  LG+F+R4       8814.665     50  17729.331    17738.775    17948.422
 37  LG+F+I+R3     8817.990     49  17733.980    17743.038    17948.689
 38  LG+F+I+R4     8815.757     51  17733.513    17743.353    17956.986
 51  WAG+R4        8869.363     31  17800.725    17804.274    17936.561
 59  WAG+I+R3      8872.796     30  17805.592    17808.914    17937.047
 60  WAG+I+R4      8872.001     32  17808.002    17811.787    17948.220
 73  WAG+F+R4      8831.985     50  17763.969    17773.414    17983.060
 81  WAG+F+I+R3    8835.576     49  17769.151    17778.208    17983.860
 82  WAG+F+I+R4    8833.735     51  17769.471    17779.311    17992.943
 95  JTT+R4        8896.214     31  17854.428    17857.977    17990.264
103  JTT+I+R3      8900.022     30  17860.044    17863.365    17991.498
104  JTT+I+R4      8898.965     32  17861.930    17865.715    18002.148
117  JTT+F+R4      8848.452     50  17796.903    17806.348    18015.994
125  JTT+F+I+R3    8852.247     49  17802.495    17811.552    18017.204
126  JTT+F+I+R4    8849.925     51  17801.849    17811.690    18025.322
WARNING: Normalizing state frequencies so that sum of them equals to 1
139  Q.pfam+R4     8841.446     31  17744.892    17748.441    17880.728
WARNING: Normalizing state frequencies so that sum of them equals to 1
147  Q.pfam+I+R3   8842.674     30  17745.349    17748.670    17876.803
WARNING: Normalizing state frequencies so that sum of them equals to 1
148  Q.pfam+I+R4   8842.392     32  17748.784    17752.569    17889.002
WARNING: Normalizing state frequencies so that sum of them equals to 1
161  Q.pfam+F+R4   8813.350     50  17726.700    17736.145    17945.791
WARNING: Normalizing state frequencies so that sum of them equals to 1
169  Q.pfam+F+I+R3 8814.717     49  17727.434    17736.491    17942.143
WARNING: Normalizing state frequencies so that sum of them equals to 1
170  Q.pfam+F+I+R4 8814.032     51  17730.063    17739.904    17953.536
WARNING: Normalizing state frequencies so that sum of them equals to 1
183  Q.bird+R4     9006.727     31  18075.453    18079.003    18211.290
WARNING: Normalizing state frequencies so that sum of them equals to 1
191  Q.bird+I+R3   9008.619     30  18077.238    18080.559    18208.692
WARNING: Normalizing state frequencies so that sum of them equals to 1
192  Q.bird+I+R4   9003.631     32  18071.262    18075.047    18211.480
WARNING: Normalizing state frequencies so that sum of them equals to 1
205  Q.bird+F+R4   8945.539     50  17991.077    18000.522    18210.168
WARNING: Normalizing state frequencies so that sum of them equals to 1
213  Q.bird+F+I+R3 8946.453     49  17990.907    17999.964    18205.616
WARNING: Normalizing state frequencies so that sum of them equals to 1
214  Q.bird+F+I+R4 8941.185     51  17984.370    17994.210    18207.842
WARNING: Normalizing state frequencies so that sum of them equals to 1
227  Q.mammal+R4   8970.805     31  18003.610    18007.159    18139.446
WARNING: Normalizing state frequencies so that sum of them equals to 1
235  Q.mammal+I+R3 8972.632     30  18005.265    18008.586    18136.719
WARNING: Normalizing state frequencies so that sum of them equals to 1
236  Q.mammal+I+R4 8968.704     32  18001.408    18005.193    18141.626
WARNING: Normalizing state frequencies so that sum of them equals to 1
249  Q.mammal+F+R4 8908.862     50  17917.723    17927.168    18136.814
WARNING: Normalizing state frequencies so that sum of them equals to 1
257  Q.mammal+F+I+R3 8909.600     49  17917.199    17926.256    18131.908
WARNING: Normalizing state frequencies so that sum of them equals to 1
258  Q.mammal+F+I+R4 8905.419     51  17912.838    17922.679    18136.311
271  Q.insect+R4   8900.120     31  17862.239    17865.788    17998.076
279  Q.insect+I+R3 8901.776     30  17863.552    17866.873    17995.006
280  Q.insect+I+R4 8900.187     32  17864.375    17868.160    18004.593
293  Q.insect+F+R4 8818.787     50  17737.574    17747.018    17956.665
301  Q.insect+F+I+R3 8821.390     49  17740.779    17749.836    17955.488
302  Q.insect+F+I+R4 8819.783     51  17741.567    17751.407    17965.040
WARNING: Normalizing state frequencies so that sum of them equals to 1
315  Q.plant+R4    8922.099     31  17906.199    17909.748    18042.035
WARNING: Normalizing state frequencies so that sum of them equals to 1
323  Q.plant+I+R3  8923.947     30  17907.894    17911.215    18039.348
WARNING: Normalizing state frequencies so that sum of them equals to 1
324  Q.plant+I+R4  8921.272     32  17906.544    17910.329    18046.762
WARNING: Normalizing state frequencies so that sum of them equals to 1
337  Q.plant+F+R4  8864.222     50  17828.444    17837.888    18047.534
WARNING: Normalizing state frequencies so that sum of them equals to 1
345  Q.plant+F+I+R3 8866.660     49  17831.320    17840.377    18046.029
WARNING: Normalizing state frequencies so that sum of them equals to 1
346  Q.plant+F+I+R4 8863.518     51  17829.035    17838.876    18052.508
WARNING: Normalizing state frequencies so that sum of them equals to 1
359  Q.yeast+R4    8908.209     31  17878.418    17881.967    18014.254
WARNING: Normalizing state frequencies so that sum of them equals to 1
367  Q.yeast+I+R3  8909.675     30  17879.350    17882.671    18010.804
WARNING: Normalizing state frequencies so that sum of them equals to 1
368  Q.yeast+I+R4  8907.619     32  17879.239    17883.024    18019.457
WARNING: Normalizing state frequencies so that sum of them equals to 1
381  Q.yeast+F+R4  8805.103     50  17710.206    17719.650    17929.297
WARNING: Normalizing state frequencies so that sum of them equals to 1
389  Q.yeast+F+I+R3 8807.534     49  17713.068    17722.125    17927.777
WARNING: Normalizing state frequencies so that sum of them equals to 1
390  Q.yeast+F+I+R4 8805.345     51  17712.691    17722.531    17936.164
403  JTTDCMut+R4   8894.400     31  17850.799    17854.348    17986.635
411  JTTDCMut+I+R3 8898.284     30  17856.568    17859.890    17988.023
412  JTTDCMut+I+R4 8897.116     32  17858.231    17862.016    17998.449
425  JTTDCMut+F+R4 8847.541     50  17795.082    17804.527    18014.173
433  JTTDCMut+F+I+R3 8851.391     49  17800.782    17809.839    18015.491
434  JTTDCMut+F+I+R4 8848.916     51  17799.832    17809.673    18023.305
447  DCMut+R4      8930.157     31  17922.314    17925.863    18058.150
455  DCMut+I+R3    8938.487     30  17936.974    17940.295    18068.428
456  DCMut+I+R4    8929.866     32  17923.732    17927.517    18063.950
469  DCMut+F+R4    8849.225     50  17798.451    17807.895    18017.541
477  DCMut+F+I+R3  8855.969     49  17809.939    17818.996    18024.648
478  DCMut+F+I+R4  8853.737     51  17809.475    17819.315    18032.947
491  VT+R4         8881.952     31  17825.904    17829.453    17961.740
499  VT+I+R3       8883.583     30  17827.166    17830.487    17958.620
500  VT+I+R4       8883.594     32  17831.188    17834.973    17971.406
513  VT+F+R4       8844.264     50  17788.528    17797.972    18007.618
521  VT+F+I+R3     8846.332     49  17790.663    17799.720    18005.372
522  VT+F+I+R4     8846.084     51  17794.168    17804.009    18017.641
535  PMB+R4        8964.569     31  17991.138    17994.687    18126.974
543  PMB+I+R3      8965.180     30  17990.361    17993.682    18121.815
544  PMB+I+R4      8965.675     32  17995.351    17999.136    18135.569
557  PMB+F+R4      8886.016     50  17872.032    17881.476    18091.123
565  PMB+F+I+R3    8887.353     49  17872.706    17881.764    18087.415
566  PMB+F+I+R4    8887.629     51  17877.259    17887.099    18100.731
579  Blosum62+R4   8946.884     31  17955.769    17959.318    18091.605
587  Blosum62+I+R3 8947.855     30  17955.711    17959.032    18087.165
588  Blosum62+I+R4 8948.239     32  17960.478    17964.263    18100.697
601  Blosum62+F+R4 8877.286     50  17854.571    17864.016    18073.662
609  Blosum62+F+I+R3 8879.412     49  17856.824    17865.881    18071.533
610  Blosum62+F+I+R4 8879.355     51  17860.711    17870.551    18084.184
623  Dayhoff+R4    8930.034     31  17922.068    17925.618    18057.905
631  Dayhoff+I+R3  8938.422     30  17936.843    17940.165    18068.298
632  Dayhoff+I+R4  8929.692     32  17923.384    17927.168    18063.602
645  Dayhoff+F+R4  8849.175     50  17798.350    17807.794    18017.441
653  Dayhoff+F+I+R3 8855.971     49  17809.941    17818.999    18024.650
654  Dayhoff+F+I+R4 8853.759     51  17809.518    17819.358    18032.990
667  mtREV+R4      9539.980     31  19141.960    19145.509    19277.796
675  mtREV+I+R3    9541.614     30  19143.227    19146.548    19274.681
676  mtREV+I+R4    9535.944     32  19135.887    19139.672    19276.105
689  mtREV+F+R4    8958.983     50  18017.966    18027.411    18237.057
697  mtREV+F+I+R3  8965.368     49  18028.736    18037.793    18243.445
698  mtREV+F+I+R4  8960.415     51  18022.830    18032.670    18246.302
711  mtART+R4      9672.327     31  19406.654    19410.203    19542.490
719  mtART+I+R3    9673.032     30  19406.065    19409.386    19537.519
720  mtART+I+R4    9668.003     32  19400.005    19403.790    19540.223
733  mtART+F+R4    8983.399     50  18066.797    18076.242    18285.888
741  mtART+F+I+R3  8988.545     49  18075.090    18084.147    18289.799
742  mtART+F+I+R4  8984.263     51  18070.527    18080.367    18293.999
755  mtZOA+R4      9472.608     31  19007.216    19010.765    19143.052
763  mtZOA+I+R3    9473.537     30  19007.073    19010.395    19138.528
764  mtZOA+I+R4    9467.951     32  18999.902    19003.687    19140.120
777  mtZOA+F+R4    8919.136     50  17938.272    17947.716    18157.363
785  mtZOA+F+I+R3  8924.692     49  17947.384    17956.441    18162.093
786  mtZOA+F+I+R4  8921.309     51  17944.617    17954.458    18168.090
799  mtMet+R4      9625.125     31  19312.251    19315.800    19448.087
807  mtMet+I+R3    9625.819     30  19311.637    19314.958    19443.092
808  mtMet+I+R4    9622.377     32  19308.754    19312.539    19448.972
821  mtMet+F+R4    8932.787     50  17965.573    17975.018    18184.664
829  mtMet+F+I+R3  8937.497     49  17972.993    17982.051    18187.702
830  mtMet+F+I+R4  8933.088     51  17968.177    17978.017    18191.649
843  mtVer+R4      9605.872     31  19273.743    19277.292    19409.579
851  mtVer+I+R3    9610.256     30  19280.512    19283.833    19411.966
852  mtVer+I+R4    9603.121     32  19270.241    19274.026    19410.459
865  mtVer+F+R4    8998.653     50  18097.305    18106.750    18316.396
873  mtVer+F+I+R3  9005.127     49  18108.254    18117.312    18322.963
874  mtVer+F+I+R4  8997.411     51  18096.822    18106.662    18320.294
887  mtInv+R4      9750.384     31  19562.768    19566.317    19698.605
895  mtInv+I+R3    9750.670     30  19561.339    19564.661    19692.794
896  mtInv+I+R4    9750.147     32  19564.294    19568.079    19704.512
909  mtInv+F+R4    8891.420     50  17882.840    17892.284    18101.930
917  mtInv+F+I+R3  8895.651     49  17889.302    17898.359    18104.011
918  mtInv+F+I+R4  8893.935     51  17889.871    17899.711    18113.343
931  mtMAM+R4      9666.170     31  19394.341    19397.890    19530.177
939  mtMAM+I+R3    9672.524     30  19405.048    19408.370    19536.503
940  mtMAM+I+R4    9664.292     32  19392.584    19396.369    19532.802
953  mtMAM+F+R4    9069.367     50  18238.733    18248.178    18457.824
961  mtMAM+F+I+R3  9076.674     49  18251.348    18260.405    18466.057
962  mtMAM+F+I+R4  9067.838     51  18237.675    18247.516    18461.148
WARNING: Normalizing state frequencies so that sum of them equals to 1
975  FLAVI+R4      9184.610     31  18431.221    18434.770    18567.057
WARNING: Normalizing state frequencies so that sum of them equals to 1
983  FLAVI+I+R3    9186.919     30  18433.839    18437.160    18565.293
WARNING: Normalizing state frequencies so that sum of them equals to 1
984  FLAVI+I+R4    9179.976     32  18423.952    18427.737    18564.170
WARNING: Normalizing state frequencies so that sum of them equals to 1
997  FLAVI+F+R4    9058.286     50  18216.571    18226.016    18435.662
WARNING: Normalizing state frequencies so that sum of them equals to 1
1005  FLAVI+F+I+R3  9060.525     49  18219.050    18228.107    18433.759
WARNING: Normalizing state frequencies so that sum of them equals to 1
1006  FLAVI+F+I+R4  9050.562     51  18203.124    18212.964    18426.596
1019  HIVb+R4       9025.994     31  18113.988    18117.537    18249.824
1027  HIVb+I+R3     9029.257     30  18118.514    18121.836    18249.969
1028  HIVb+I+R4     9022.755     32  18109.510    18113.295    18249.728
1041  HIVb+F+R4     8926.728     50  17953.456    17962.901    18172.547
1049  HIVb+F+I+R3   8930.274     49  17958.547    17967.604    18173.256
1050  HIVb+F+I+R4   8922.708     51  17947.417    17957.257    18170.889
1063  HIVw+R4       9369.593     31  18801.186    18804.735    18937.022
1071  HIVw+I+R3     9376.073     30  18812.146    18815.468    18943.601
1072  HIVw+I+R4     9365.928     32  18795.856    18799.641    18936.074
1085  HIVw+F+R4     9059.746     50  18219.492    18228.937    18438.583
1093  HIVw+F+I+R3   9062.384     49  18222.768    18231.825    18437.477
1094  HIVw+F+I+R4   9052.023     51  18206.046    18215.887    18429.519
1107  FLU+R4        9098.742     31  18259.484    18263.034    18395.321
1115  FLU+I+R3      9100.590     30  18261.181    18264.502    18392.635
1116  FLU+I+R4      9094.531     32  18253.061    18256.846    18393.279
1129  FLU+F+R4      8927.537     50  17955.074    17964.518    18174.164
1137  FLU+F+I+R3    8928.487     49  17954.975    17964.032    18169.683
1138  FLU+F+I+R4    8921.343     51  17944.685    17954.525    18168.158
1151  rtREV+R4      8918.595     31  17899.190    17902.739    18035.026
1159  rtREV+I+R3    8921.492     30  17902.985    17906.306    18034.439
1160  rtREV+I+R4    8921.338     32  17906.676    17910.461    18046.894
1173  rtREV+F+R4    8835.567     50  17771.135    17780.579    17990.226
1181  rtREV+F+I+R3  8838.898     49  17775.796    17784.853    17990.505
1182  rtREV+F+I+R4  8837.435     51  17776.871    17786.711    18000.343
1195  cpREV+R4      8964.627     31  17991.253    17994.803    18127.090
1203  cpREV+I+R3    8969.641     30  17999.281    18002.602    18130.736
1204  cpREV+I+R4    8966.720     32  17997.440    18001.225    18137.658
1217  cpREV+F+R4    8867.829     50  17835.659    17845.103    18054.749
1225  cpREV+F+I+R3  8875.814     49  17849.629    17858.686    18064.338
1226  cpREV+F+I+R4  8866.717     51  17835.435    17845.275    18058.907
Akaike Information Criterion:           Q.yeast+F+R4
Corrected Akaike Information Criterion: Q.yeast+F+R4
Bayesian Information Criterion:         Q.pfam+I+R3
Best-fit model: Q.pfam+I+R3 chosen according to BIC

All model information printed to FungalCW_tree_20231129/365270at4751.aa.mfa.model.gz
CPU time for ModelFinder: 605.643 seconds (0h:10m:5s)
Wall-clock time for ModelFinder: 306.683 seconds (0h:5m:6s)
Generating 1000 samples for ultrafast bootstrap (seed: 853695)...
WARNING: Normalizing state frequencies so that sum of them equals to 1

NOTE: 6 MB RAM (0 GB) is required!
Estimate model parameters (epsilon = 0.100)
1. Initial log-likelihood: -8842.674
Optimal log-likelihood: -8842.614
Proportion of invariable sites: 0.032
Site proportion and rates:  (0.349,0.051) (0.368,0.198) (0.250,3.632)
Parameters optimization took 1 rounds (0.083 sec)
Wrote distance file to... 
Computing ML distances based on estimated model parameters...
Calculating distance matrix: done in 0.0544171 secs using 197.5% CPU
Computing ML distances took 0.054678 sec (of wall-clock time) 0.107990 sec (of CPU time)
WARNING: Some pairwise ML distances are too long (saturated)
Setting up auxiliary I and S matrices: done in 5.48363e-05 secs using 196.9% CPU
Constructing RapidNJ tree: done in 0.000205994 secs
Computing RapidNJ tree took 0.000381 sec (of wall-clock time) 0.000131 sec (of CPU time)
Log-likelihood of RapidNJ tree: -8844.904
--------------------------------------------------------------------
|             INITIALIZING CANDIDATE TREE SET                      |
--------------------------------------------------------------------
Generating 98 parsimony trees... 0.239 second
Computing log-likelihood of 98 initial trees ... 1.182 seconds
Current best score: -8842.614

Do NNI search on 20 best initial trees
Optimizing NNI: done in 0.054152 secs using 197.4% CPU
Estimate model parameters (epsilon = 0.100)
BETTER TREE FOUND at iteration 1: -8842.564
Optimizing NNI: done in 0.0888181 secs using 197% CPU
Optimizing NNI: done in 0.242269 secs using 195.8% CPU
Optimizing NNI: done in 0.276293 secs using 196.9% CPU
Optimizing NNI: done in 0.208575 secs using 197.7% CPU
Optimizing NNI: done in 0.231152 secs using 197.3% CPU
Optimizing NNI: done in 0.2019 secs using 197.8% CPU
Optimizing NNI: done in 0.23022 secs using 197.7% CPU
Optimizing NNI: done in 0.364586 secs using 197.4% CPU
Optimizing NNI: done in 0.220301 secs using 195.7% CPU
Iteration 10 / LogL: -8843.332 / Time: 0h:0m:3s
Optimizing NNI: done in 0.23057 secs using 197.5% CPU
Optimizing NNI: done in 0.21097 secs using 197.1% CPU
Optimizing NNI: done in 0.24253 secs using 198.1% CPU
Optimizing NNI: done in 0.225511 secs using 196.5% CPU
Optimizing NNI: done in 0.243737 secs using 198% CPU
Optimizing NNI: done in 0.219309 secs using 197.1% CPU
Optimizing NNI: done in 0.22018 secs using 197.8% CPU
Optimizing NNI: done in 0.237738 secs using 198.1% CPU
Optimizing NNI: done in 0.242487 secs using 195.9% CPU
Optimizing NNI: done in 0.232873 secs using 198.1% CPU
Iteration 20 / LogL: -8843.316 / Time: 0h:0m:6s
Finish initializing candidate tree set (1)
Current best tree score: -8842.564 / CPU time: 5.997
Number of iterations: 20
--------------------------------------------------------------------
|               OPTIMIZING CANDIDATE TREE SET                      |
--------------------------------------------------------------------
Optimizing NNI: done in 0.18298 secs using 197.1% CPU
Optimizing NNI: done in 0.109098 secs using 198.2% CPU
Optimizing NNI: done in 0.140769 secs using 198.2% CPU
Optimizing NNI: done in 0.157661 secs using 197.2% CPU
Optimizing NNI: done in 0.220096 secs using 197.6% CPU
Optimizing NNI: done in 0.131689 secs using 198% CPU
Optimizing NNI: done in 0.102685 secs using 198% CPU
Optimizing NNI: done in 0.23166 secs using 198.2% CPU
Optimizing NNI: done in 0.193791 secs using 197.4% CPU
Optimizing NNI: done in 0.11176 secs using 196.9% CPU
Iteration 30 / LogL: -8842.570 / Time: 0h:0m:7s (0h:0m:19s left)
Optimizing NNI: done in 0.142153 secs using 198.2% CPU
Optimizing NNI: done in 0.170515 secs using 198.1% CPU
Optimizing NNI: done in 0.171224 secs using 197.9% CPU
Optimizing NNI: done in 0.139107 secs using 196.1% CPU
Optimizing NNI: done in 0.11454 secs using 198.3% CPU
Optimizing NNI: done in 0.109946 secs using 197.4% CPU
UPDATE BEST LOG-LIKELIHOOD: -8842.563
Optimizing NNI: done in 0.076905 secs using 198.3% CPU
UPDATE BEST LOG-LIKELIHOOD: -8842.563
Optimizing NNI: done in 0.180111 secs using 196.8% CPU
Optimizing NNI: done in 0.168001 secs using 198.2% CPU
Optimizing NNI: done in 0.190453 secs using 197.2% CPU
Iteration 40 / LogL: -8842.686 / Time: 0h:0m:9s (0h:0m:14s left)
Optimizing NNI: done in 0.215204 secs using 197.8% CPU
Optimizing NNI: done in 0.133733 secs using 198% CPU
Optimizing NNI: done in 0.162217 secs using 197% CPU
Optimizing NNI: done in 0.126963 secs using 194.3% CPU
Optimizing NNI: done in 0.137716 secs using 196.5% CPU
Optimizing NNI: done in 0.142548 secs using 196.7% CPU
Optimizing NNI: done in 0.143367 secs using 196.2% CPU
Optimizing NNI: done in 0.145349 secs using 198.1% CPU
Optimizing NNI: done in 0.143838 secs using 197.9% CPU
Optimizing NNI: done in 0.176102 secs using 197.3% CPU
Iteration 50 / LogL: -8842.612 / Time: 0h:0m:11s (0h:0m:11s left)
Log-likelihood cutoff on original alignment: -8876.604
Optimizing NNI: done in 0.161914 secs using 198.1% CPU
Optimizing NNI: done in 0.151323 secs using 196.9% CPU
Optimizing NNI: done in 0.244833 secs using 197.3% CPU
Optimizing NNI: done in 0.148072 secs using 197.2% CPU
Optimizing NNI: done in 0.123463 secs using 198.8% CPU
Optimizing NNI: done in 0.150322 secs using 196.8% CPU
Optimizing NNI: done in 0.145998 secs using 196% CPU
Optimizing NNI: done in 0.146937 secs using 197.5% CPU
Optimizing NNI: done in 0.142737 secs using 197.4% CPU
Optimizing NNI: done in 0.197698 secs using 197.6% CPU
Iteration 60 / LogL: -8844.755 / Time: 0h:0m:12s (0h:0m:9s left)
Optimizing NNI: done in 0.146614 secs using 196.7% CPU
Optimizing NNI: done in 0.186307 secs using 198.1% CPU
Optimizing NNI: done in 0.110264 secs using 197.3% CPU
Optimizing NNI: done in 0.086374 secs using 198.3% CPU
Optimizing NNI: done in 0.150466 secs using 198.1% CPU
Optimizing NNI: done in 0.200468 secs using 197.6% CPU
Optimizing NNI: done in 0.084585 secs using 196.3% CPU
UPDATE BEST LOG-LIKELIHOOD: -8842.563
Optimizing NNI: done in 0.110139 secs using 198.6% CPU
Optimizing NNI: done in 0.144807 secs using 196.6% CPU
Optimizing NNI: done in 0.12693 secs using 198.2% CPU
Iteration 70 / LogL: -8842.581 / Time: 0h:0m:14s (0h:0m:6s left)
Optimizing NNI: done in 0.110252 secs using 198.2% CPU
Optimizing NNI: done in 0.100121 secs using 198.2% CPU
Optimizing NNI: done in 0.110764 secs using 198.1% CPU
Optimizing NNI: done in 0.0894489 secs using 197.1% CPU
Optimizing NNI: done in 0.202765 secs using 196.6% CPU
Optimizing NNI: done in 0.113496 secs using 197.3% CPU
Optimizing NNI: done in 0.112036 secs using 198.3% CPU
Optimizing NNI: done in 0.196934 secs using 197.2% CPU
Optimizing NNI: done in 0.18983 secs using 197.6% CPU
Optimizing NNI: done in 0.130196 secs using 198.1% CPU
Iteration 80 / LogL: -8842.569 / Time: 0h:0m:15s (0h:0m:4s left)
Optimizing NNI: done in 0.145411 secs using 197.5% CPU
Optimizing NNI: done in 0.0855811 secs using 194.5% CPU
Optimizing NNI: done in 0.239285 secs using 198% CPU
Optimizing NNI: done in 0.084358 secs using 196.7% CPU
Optimizing NNI: done in 0.159531 secs using 198.4% CPU
Optimizing NNI: done in 0.125323 secs using 197.6% CPU
Optimizing NNI: done in 0.141419 secs using 197.6% CPU
Optimizing NNI: done in 0.141146 secs using 198.3% CPU
Optimizing NNI: done in 0.198193 secs using 198.5% CPU
Optimizing NNI: done in 0.162587 secs using 197.2% CPU
Iteration 90 / LogL: -8842.626 / Time: 0h:0m:17s (0h:0m:2s left)
Optimizing NNI: done in 0.13518 secs using 198.4% CPU
Optimizing NNI: done in 0.106681 secs using 197.4% CPU
Optimizing NNI: done in 0.129609 secs using 196.9% CPU
Optimizing NNI: done in 0.186525 secs using 195.9% CPU
Optimizing NNI: done in 0.159354 secs using 197.7% CPU
Optimizing NNI: done in 0.110433 secs using 197.2% CPU
Optimizing NNI: done in 0.170434 secs using 198.3% CPU
Optimizing NNI: done in 0.192368 secs using 197.2% CPU
Optimizing NNI: done in 0.097615 secs using 198.3% CPU
Optimizing NNI: done in 0.203589 secs using 197.8% CPU
Iteration 100 / LogL: -8844.759 / Time: 0h:0m:19s (0h:0m:0s left)
Log-likelihood cutoff on original alignment: -8876.604
NOTE: Bootstrap correlation coefficient of split occurrence frequencies: 1.000
Optimizing NNI: done in 0.106345 secs using 197.5% CPU
Optimizing NNI: done in 0.172158 secs using 197.3% CPU
TREE SEARCH COMPLETED AFTER 102 ITERATIONS / Time: 0h:0m:19s

--------------------------------------------------------------------
|                    FINALIZING TREE SEARCH                        |
--------------------------------------------------------------------
Performs final model parameters optimization
Estimate model parameters (epsilon = 0.010)
1. Initial log-likelihood: -8842.563
2. Current log-likelihood: -8842.536
3. Current log-likelihood: -8842.502
4. Current log-likelihood: -8842.479
5. Current log-likelihood: -8842.459
6. Current log-likelihood: -8842.442
7. Current log-likelihood: -8842.428
8. Current log-likelihood: -8842.416
Optimal log-likelihood: -8842.402
Proportion of invariable sites: 0.032
Site proportion and rates:  (0.346,0.048) (0.371,0.187) (0.251,3.643)
Parameters optimization took 8 rounds (0.557 sec)
BEST SCORE FOUND : -8842.402

Testing tree branches by SH-like aLRT with 1000 replicates...
0.130 sec.
Creating bootstrap support values...
Split supports printed to NEXUS file FungalCW_tree_20231129/365270at4751.aa.mfa.splits.nex
Total tree length: 76.046

Total number of iterations: 102
CPU time used for tree search: 37.730 sec (0h:0m:37s)
Wall-clock time used for tree search: 19.226 sec (0h:0m:19s)
Total CPU time used: 39.743 sec (0h:0m:39s)
Total wall-clock time used: 20.291 sec (0h:0m:20s)

Computing bootstrap consensus tree...
Reading input file FungalCW_tree_20231129/365270at4751.aa.mfa.splits.nex...
14 taxa and 46 splits.
Consensus tree written to FungalCW_tree_20231129/365270at4751.aa.mfa.contree
Reading input trees file FungalCW_tree_20231129/365270at4751.aa.mfa.contree
Log-likelihood of consensus tree: -8842.724

Analysis results written to: 
  IQ-TREE report:                FungalCW_tree_20231129/365270at4751.aa.mfa.iqtree
  Maximum-likelihood tree:       FungalCW_tree_20231129/365270at4751.aa.mfa.treefile
  Likelihood distances:          FungalCW_tree_20231129/365270at4751.aa.mfa.mldist

Ultrafast bootstrap approximation results written to:
  Split support values:          FungalCW_tree_20231129/365270at4751.aa.mfa.splits.nex
  Consensus tree:                FungalCW_tree_20231129/365270at4751.aa.mfa.contree
  Screen log file:               FungalCW_tree_20231129/365270at4751.aa.mfa.log

Date and Time: Wed Nov 29 01:46:43 2023
