IQ-TREE multicore version 2.2.2.6 COVID-edition for Linux 64-bit built May 27 2023
Developed by Bui Quang Minh, James Barbetti, Nguyen Lam Tung,
Olga Chernomor, Heiko Schmidt, Dominik Schrempf, Michael Woodhams, Ly Trong Nhan.

Host:    r11 (AVX2, FMA3, 503 GB RAM)
Command: iqtree2 -s FungalCW_tree_20231129/370505at4751.aa.mfa -gz -B 1000 -alrt 1000 -nt 2
Seed:    80558 (Using SPRNG - Scalable Parallel Random Number Generator)
Time:    Wed Nov 29 01:35:38 2023
Kernel:  AVX+FMA - 2 threads (2 CPU cores detected)

Reading alignment file FungalCW_tree_20231129/370505at4751.aa.mfa ... Fasta format detected
Reading fasta file: done in 0.000230074 secs using 66.5% CPU
Alignment most likely contains protein sequences
Constructing alignment: done in 0.000527143 secs using 69.05% CPU
Alignment has 18 sequences with 327 columns, 271 distinct patterns
208 parsimony-informative, 41 singleton sites, 78 constant sites
                                                               Gap/Ambiguity  Composition  p-value
Analyzing sequences: done in 3.60012e-05 secs using 58.33% CPU
   1  Basidiobolus_meristosporus_CBS_931.73.Basme2finSC.v1             8.87%    passed     87.92%
   2  Botrytis_cinerea_T4                                              5.20%    passed     87.21%
   3  Capillidium_pumilum_ARSEF_79                                    11.62%    passed     99.05%
   4  Colletotrichum_graminicola_M1.001                                5.81%    passed     27.38%
   5  Colletotrichum_higginsianum_IMI_349063                           6.12%    passed     26.48%
   6  Fusarium_graminearum_PH-1                                        6.73%    passed     99.94%
   7  Fusarium_verticillioides_7600                                    6.73%    passed     99.49%
   8  Gilbertella_persicaria_var_persicaria_CBS_190.32-T.Gilper1.v1    8.87%    passed     95.24%
   9  Mortierella_elongata_AG-77                                       8.87%    passed     99.94%
  10  Mucor_mucedo_NRRL_3635                                           8.87%    passed     99.93%
  11  Neoconidiobolus_thromboides_FSU_785.Conth1.v1                    7.95%    passed     74.01%
  12  Phycomyces_blakesleeanus_NRRL_1555.Phybl2.v2                     8.87%    passed     89.75%
  13  Rhizopus_stolonifer_NRRL_66455                                   8.87%    passed     99.53%
  14  Trichoderma_harzianum_CBS_226.95                                 4.28%    passed     72.74%
  15  Umbelopsis_ramanniana_NRRL_5844.Umbra1.v1                        9.17%    passed     98.54%
  16  Ustilago_maydis                                                  6.73%    passed     82.63%
  17  Zoophthora_radicans_ATCC_208865                                  7.95%    passed     89.60%
  18  Zymoseptoria_tritici_IP0323                                      9.48%    passed     37.06%
****  TOTAL                                                            7.83%  0 sequences failed composition chi2 test (p-value<5%; df=19)
Checking for duplicate sequences: done in 5.6982e-05 secs using 108.8% CPU


Create initial parsimony tree by phylogenetic likelihood library (PLL)... 0.002 seconds
Perform fast likelihood tree search using LG+I+G model...
Estimate model parameters (epsilon = 5.000)
Perform nearest neighbor interchange...
Optimizing NNI: done in 0.037869 secs using 198.2% CPU
Estimate model parameters (epsilon = 1.000)
1. Initial log-likelihood: -6100.516
Optimal log-likelihood: -6099.983
Proportion of invariable sites: 0.149
Gamma shape alpha: 1.302
Parameters optimization took 1 rounds (0.062 sec)
Time for fast ML tree search: 0.212 seconds

NOTE: ModelFinder requires 9 MB RAM!
ModelFinder will test up to 1232 protein models (sample size: 327) ...
 No. Model         -LnL         df  AIC          AICc         BIC
  1  LG            6387.257     33  12840.515    12848.174    12965.584
  2  LG+I          6199.589     34  12467.179    12475.329    12596.037
  3  LG+G4         6107.878     34  12283.757    12291.908    12412.616
  4  LG+I+G4       6099.536     35  12269.071    12277.731    12401.720
  5  LG+R2         6129.387     35  12328.775    12337.434    12461.423
  6  LG+R3         6099.635     37  12273.270    12283.000    12413.499
  7  LG+R4         6098.413     39  12274.826    12285.697    12422.634
 14  LG+I+R2       6105.219     36  12282.438    12291.624    12418.877
 15  LG+I+R3       6099.532     38  12275.063    12285.355    12419.082
 26  LG+F+I+G4     6074.278     54  12256.556    12278.395    12461.214
 48  WAG+I+G4      6106.810     35  12283.620    12292.280    12416.269
 70  WAG+F+I+G4    6085.970     54  12279.940    12301.778    12484.598
 92  JTT+I+G4      6222.572     35  12515.143    12523.803    12647.792
114  JTT+F+I+G4    6191.487     54  12490.973    12512.812    12695.631
WARNING: Normalizing state frequencies so that sum of them equals to 1
136  Q.pfam+I+G4   6100.687     35  12271.373    12280.033    12404.022
WARNING: Normalizing state frequencies so that sum of them equals to 1
158  Q.pfam+F+I+G4 6077.984     54  12263.969    12285.807    12468.627
WARNING: Normalizing state frequencies so that sum of them equals to 1
180  Q.bird+I+G4   6374.450     35  12818.900    12827.560    12951.549
WARNING: Normalizing state frequencies so that sum of them equals to 1
202  Q.bird+F+I+G4 6353.171     54  12814.343    12836.181    13019.001
WARNING: Normalizing state frequencies so that sum of them equals to 1
224  Q.mammal+I+G4 6325.163     35  12720.325    12728.985    12852.974
WARNING: Normalizing state frequencies so that sum of them equals to 1
246  Q.mammal+F+I+G4 6304.267     54  12716.533    12738.372    12921.191
268  Q.insect+I+G4 6158.155     35  12386.309    12394.969    12518.958
290  Q.insect+F+I+G4 6148.949     54  12405.898    12427.736    12610.556
WARNING: Normalizing state frequencies so that sum of them equals to 1
312  Q.plant+I+G4  6224.341     35  12518.683    12527.343    12651.331
WARNING: Normalizing state frequencies so that sum of them equals to 1
334  Q.plant+F+I+G4 6209.574     54  12527.149    12548.987    12731.806
WARNING: Normalizing state frequencies so that sum of them equals to 1
356  Q.yeast+I+G4  6109.384     35  12288.767    12297.427    12421.416
WARNING: Normalizing state frequencies so that sum of them equals to 1
378  Q.yeast+F+I+G4 6105.449     54  12318.899    12340.737    12523.557
400  JTTDCMut+I+G4 6220.461     35  12510.921    12519.581    12643.570
422  JTTDCMut+F+I+G4 6190.257     54  12488.513    12510.351    12693.171
444  DCMut+I+G4    6194.618     35  12459.236    12467.896    12591.885
466  DCMut+F+I+G4  6161.914     54  12431.829    12453.667    12636.486
488  VT+I+G4       6147.517     35  12365.034    12373.694    12497.682
510  VT+F+I+G4     6129.418     54  12366.837    12388.675    12571.494
532  PMB+I+G4      6208.883     35  12487.767    12496.427    12620.415
554  PMB+F+I+G4    6159.530     54  12427.060    12448.898    12631.718
576  Blosum62+I+G4 6188.764     35  12447.527    12456.187    12580.176
598  Blosum62+F+I+G4 6141.475     54  12390.951    12412.789    12595.609
620  Dayhoff+I+G4  6194.565     35  12459.129    12467.789    12591.778
642  Dayhoff+F+I+G4 6161.971     54  12431.942    12453.780    12636.600
664  mtREV+I+G4    6538.198     35  13146.395    13155.055    13279.044
686  mtREV+F+I+G4  6235.064     54  12578.129    12599.967    12782.787
708  mtART+I+G4    6619.451     35  13308.902    13317.562    13441.550
730  mtART+F+I+G4  6303.866     54  12715.732    12737.570    12920.390
752  mtZOA+I+G4    6474.290     35  13018.579    13027.239    13151.228
774  mtZOA+F+I+G4  6227.413     54  12562.825    12584.663    12767.483
796  mtMet+I+G4    6576.990     35  13223.980    13232.639    13356.628
818  mtMet+F+I+G4  6272.071     54  12652.141    12673.979    12856.799
840  mtVer+I+G4    6613.335     35  13296.670    13305.329    13429.318
862  mtVer+F+I+G4  6353.447     54  12814.894    12836.732    13019.552
884  mtInv+I+G4    6608.115     35  13286.230    13294.890    13418.879
906  mtInv+F+I+G4  6224.016     54  12556.033    12577.871    12760.690
928  mtMAM+I+G4    6686.094     35  13442.188    13450.848    13574.837
950  mtMAM+F+I+G4  6390.116     54  12888.232    12910.070    13092.890
WARNING: Normalizing state frequencies so that sum of them equals to 1
972  FLAVI+I+G4    6572.441     35  13214.881    13223.541    13347.530
WARNING: Normalizing state frequencies so that sum of them equals to 1
994  FLAVI+F+I+G4  6497.928     54  13103.855    13125.693    13308.513
1016  HIVb+I+G4     6382.989     35  12835.977    12844.637    12968.626
1038  HIVb+F+I+G4   6316.700     54  12741.401    12763.239    12946.059
1060  HIVw+I+G4     6658.274     35  13386.548    13395.208    13519.197
1082  HIVw+F+I+G4   6502.816     54  13113.631    13135.469    13318.289
1104  FLU+I+G4      6323.591     35  12717.182    12725.842    12849.831
1126  FLU+F+I+G4    6254.722     54  12617.445    12639.283    12822.102
1148  rtREV+I+G4    6146.723     35  12363.447    12372.107    12496.096
1170  rtREV+F+I+G4  6101.855     54  12311.709    12333.548    12516.367
1192  cpREV+I+G4    6186.801     35  12443.603    12452.263    12576.252
1214  cpREV+F+I+G4  6141.462     54  12390.924    12412.763    12595.582
Akaike Information Criterion:           LG+F+I+G4
Corrected Akaike Information Criterion: LG+I+G4
Bayesian Information Criterion:         LG+I+G4
Best-fit model: LG+I+G4 chosen according to BIC

All model information printed to FungalCW_tree_20231129/370505at4751.aa.mfa.model.gz
CPU time for ModelFinder: 19.091 seconds (0h:0m:19s)
Wall-clock time for ModelFinder: 9.682 seconds (0h:0m:9s)
Generating 1000 samples for ultrafast bootstrap (seed: 80558)...

NOTE: 4 MB RAM (0 GB) is required!
Estimate model parameters (epsilon = 0.100)
Thoroughly optimizing +I+G parameters from 10 start values...
Init pinv, alpha: 0.000, 1.448 / Estimate: 0.000, 0.739 / LogL: -6107.878
Init pinv, alpha: 0.027, 1.448 / Estimate: 0.171, 1.458 / LogL: -6099.525
Init pinv, alpha: 0.053, 1.448 / Estimate: 0.170, 1.452 / LogL: -6099.530
Init pinv, alpha: 0.080, 1.448 / Estimate: 0.169, 1.447 / LogL: -6099.537
Init pinv, alpha: 0.106, 1.448 / Estimate: 0.169, 1.448 / LogL: -6099.535
Init pinv, alpha: 0.133, 1.448 / Estimate: 0.169, 1.446 / LogL: -6099.538
Init pinv, alpha: 0.159, 1.448 / Estimate: 0.170, 1.452 / LogL: -6099.529
Init pinv, alpha: 0.186, 1.448 / Estimate: 0.178, 1.511 / LogL: -6099.513
Init pinv, alpha: 0.212, 1.448 / Estimate: 0.179, 1.522 / LogL: -6099.521
Init pinv, alpha: 0.239, 1.448 / Estimate: 0.181, 1.532 / LogL: -6099.531
Optimal pinv,alpha: 0.178, 1.511 / LogL: -6099.513

Parameters optimization took 2.688 sec
Wrote distance file to... 
Computing ML distances based on estimated model parameters...
Calculating distance matrix: done in 0.0242369 secs using 197.7% CPU
Computing ML distances took 0.024408 sec (of wall-clock time) 0.048118 sec (of CPU time)
Setting up auxiliary I and S matrices: done in 6.38962e-05 secs
Constructing RapidNJ tree: done in 0.000221014 secs
Computing RapidNJ tree took 0.000368 sec (of wall-clock time) 0.000013 sec (of CPU time)
Log-likelihood of RapidNJ tree: -6136.818
--------------------------------------------------------------------
|             INITIALIZING CANDIDATE TREE SET                      |
--------------------------------------------------------------------
Generating 98 parsimony trees... 0.238 second
Computing log-likelihood of 98 initial trees ... 0.899 seconds
Current best score: -6099.513

Do NNI search on 20 best initial trees
Optimizing NNI: done in 0.040175 secs using 197.8% CPU
Estimate model parameters (epsilon = 0.100)
BETTER TREE FOUND at iteration 1: -6099.509
Optimizing NNI: done in 0.0818419 secs using 197.9% CPU
Optimizing NNI: done in 0.110135 secs using 198.3% CPU
Optimizing NNI: done in 0.087744 secs using 199.2% CPU
Optimizing NNI: done in 0.098804 secs using 198.3% CPU
Optimizing NNI: done in 0.121673 secs using 198.3% CPU
Optimizing NNI: done in 0.141324 secs using 197.7% CPU
Optimizing NNI: done in 0.140408 secs using 198.2% CPU
Optimizing NNI: done in 0.0803809 secs using 199.2% CPU
Optimizing NNI: done in 0.103886 secs using 198.6% CPU
Iteration 10 / LogL: -6099.587 / Time: 0h:0m:5s
Optimizing NNI: done in 0.072541 secs using 199.2% CPU
Optimizing NNI: done in 0.119115 secs using 198.9% CPU
Optimizing NNI: done in 0.102951 secs using 198.1% CPU
Optimizing NNI: done in 0.128472 secs using 198.2% CPU
Optimizing NNI: done in 0.082669 secs using 198.4% CPU
Optimizing NNI: done in 0.103651 secs using 198.4% CPU
Optimizing NNI: done in 0.157976 secs using 198.5% CPU
Optimizing NNI: done in 0.108395 secs using 198.3% CPU
Optimizing NNI: done in 0.0902488 secs using 199.1% CPU
Optimizing NNI: done in 0.089946 secs using 198.7% CPU
Iteration 20 / LogL: -6100.145 / Time: 0h:0m:6s
Finish initializing candidate tree set (2)
Current best tree score: -6099.509 / CPU time: 3.286
Number of iterations: 20
--------------------------------------------------------------------
|               OPTIMIZING CANDIDATE TREE SET                      |
--------------------------------------------------------------------
Optimizing NNI: done in 0.133766 secs using 198.2% CPU
Optimizing NNI: done in 0.138841 secs using 198.4% CPU
Optimizing NNI: done in 0.156846 secs using 198.6% CPU
Optimizing NNI: done in 0.0818911 secs using 198.2% CPU
Optimizing NNI: done in 0.125753 secs using 198.1% CPU
Optimizing NNI: done in 0.0817702 secs using 197.4% CPU
Optimizing NNI: done in 0.212464 secs using 198.2% CPU
Optimizing NNI: done in 0.152555 secs using 198.2% CPU
Optimizing NNI: done in 0.0974061 secs using 199.2% CPU
Optimizing NNI: done in 0.138918 secs using 198.2% CPU
Iteration 30 / LogL: -6099.568 / Time: 0h:0m:8s (0h:0m:19s left)
Optimizing NNI: done in 0.189589 secs using 198% CPU
Optimizing NNI: done in 0.175159 secs using 198.2% CPU
Optimizing NNI: done in 0.167325 secs using 198.3% CPU
Optimizing NNI: done in 0.188346 secs using 198.6% CPU
Optimizing NNI: done in 0.116387 secs using 198.7% CPU
Optimizing NNI: done in 0.085324 secs using 198.7% CPU
Optimizing NNI: done in 0.123564 secs using 197.9% CPU
Optimizing NNI: done in 0.168192 secs using 198.2% CPU
Optimizing NNI: done in 0.140615 secs using 198.6% CPU
Optimizing NNI: done in 0.0831709 secs using 199% CPU
Iteration 40 / LogL: -6100.098 / Time: 0h:0m:9s (0h:0m:14s left)
Optimizing NNI: done in 0.116901 secs using 198% CPU
Optimizing NNI: done in 0.104322 secs using 198.5% CPU
Optimizing NNI: done in 0.114067 secs using 198.7% CPU
Optimizing NNI: done in 0.149142 secs using 198.7% CPU
Optimizing NNI: done in 0.185616 secs using 197.6% CPU
Optimizing NNI: done in 0.18599 secs using 198.4% CPU
Optimizing NNI: done in 0.181921 secs using 198.3% CPU
Optimizing NNI: done in 0.0917039 secs using 198.7% CPU
Optimizing NNI: done in 0.211013 secs using 198.8% CPU
Optimizing NNI: done in 0.158041 secs using 199% CPU
Iteration 50 / LogL: -6099.633 / Time: 0h:0m:11s (0h:0m:11s left)
Log-likelihood cutoff on original alignment: -6140.308
Optimizing NNI: done in 0.123176 secs using 198.5% CPU
Optimizing NNI: done in 0.205562 secs using 198.7% CPU
Optimizing NNI: done in 0.186733 secs using 198.5% CPU
Optimizing NNI: done in 0.124001 secs using 198.4% CPU
Optimizing NNI: done in 0.175688 secs using 198.1% CPU
Optimizing NNI: done in 0.159766 secs using 198.6% CPU
Optimizing NNI: done in 0.11708 secs using 198.3% CPU
Optimizing NNI: done in 0.107794 secs using 197.9% CPU
Optimizing NNI: done in 0.111078 secs using 199% CPU
Optimizing NNI: done in 0.144663 secs using 199% CPU
Iteration 60 / LogL: -6099.653 / Time: 0h:0m:12s (0h:0m:8s left)
Optimizing NNI: done in 0.106728 secs using 199.2% CPU
Optimizing NNI: done in 0.117296 secs using 198.9% CPU
Optimizing NNI: done in 0.14498 secs using 199% CPU
Optimizing NNI: done in 0.114982 secs using 199.2% CPU
Optimizing NNI: done in 0.173246 secs using 198.4% CPU
Optimizing NNI: done in 0.10231 secs using 198.9% CPU
Optimizing NNI: done in 0.10984 secs using 199.2% CPU
Optimizing NNI: done in 0.093096 secs using 199.3% CPU
Optimizing NNI: done in 0.164689 secs using 198.4% CPU
Optimizing NNI: done in 0.195651 secs using 198.7% CPU
Iteration 70 / LogL: -6099.626 / Time: 0h:0m:14s (0h:0m:6s left)
Optimizing NNI: done in 0.157473 secs using 198.7% CPU
Optimizing NNI: done in 0.141719 secs using 198% CPU
Optimizing NNI: done in 0.181446 secs using 198.1% CPU
Optimizing NNI: done in 0.0932631 secs using 198.1% CPU
Optimizing NNI: done in 0.139372 secs using 198.4% CPU
Optimizing NNI: done in 0.13792 secs using 198.9% CPU
Optimizing NNI: done in 0.177904 secs using 198.7% CPU
Optimizing NNI: done in 0.145846 secs using 198.9% CPU
Optimizing NNI: done in 0.195124 secs using 198.3% CPU
Optimizing NNI: done in 0.060899 secs using 198.6% CPU
Iteration 80 / LogL: -6099.538 / Time: 0h:0m:15s (0h:0m:4s left)
Optimizing NNI: done in 0.149022 secs using 198.2% CPU
Optimizing NNI: done in 0.0786281 secs using 198.2% CPU
Optimizing NNI: done in 0.151169 secs using 198.2% CPU
Optimizing NNI: done in 0.145146 secs using 198.6% CPU
Optimizing NNI: done in 0.167094 secs using 198.4% CPU
Optimizing NNI: done in 0.13791 secs using 198.1% CPU
Optimizing NNI: done in 0.181678 secs using 198.6% CPU
Optimizing NNI: done in 0.120459 secs using 198.4% CPU
Optimizing NNI: done in 0.195354 secs using 198.3% CPU
Optimizing NNI: done in 0.194553 secs using 198.5% CPU
Iteration 90 / LogL: -6099.548 / Time: 0h:0m:17s (0h:0m:2s left)
Optimizing NNI: done in 0.202377 secs using 198.6% CPU
Optimizing NNI: done in 0.181234 secs using 198.4% CPU
Optimizing NNI: done in 0.148505 secs using 198.7% CPU
Optimizing NNI: done in 0.143529 secs using 198% CPU
Optimizing NNI: done in 0.127186 secs using 198.5% CPU
Optimizing NNI: done in 0.157367 secs using 198.5% CPU
Optimizing NNI: done in 0.187949 secs using 197.9% CPU
Optimizing NNI: done in 0.136893 secs using 198.2% CPU
Optimizing NNI: done in 0.117655 secs using 197.9% CPU
Optimizing NNI: done in 0.11762 secs using 198.6% CPU
Iteration 100 / LogL: -6099.567 / Time: 0h:0m:18s (0h:0m:0s left)
Log-likelihood cutoff on original alignment: -6140.957
NOTE: Bootstrap correlation coefficient of split occurrence frequencies: 1.000
Optimizing NNI: done in 0.107626 secs using 198.5% CPU
Optimizing NNI: done in 0.133205 secs using 198.7% CPU
TREE SEARCH COMPLETED AFTER 102 ITERATIONS / Time: 0h:0m:19s

--------------------------------------------------------------------
|                    FINALIZING TREE SEARCH                        |
--------------------------------------------------------------------
Performs final model parameters optimization
Estimate model parameters (epsilon = 0.010)
1. Initial log-likelihood: -6099.509
Optimal log-likelihood: -6099.508
Proportion of invariable sites: 0.176
Gamma shape alpha: 1.496
Parameters optimization took 1 rounds (0.030 sec)
BEST SCORE FOUND : -6099.508

Testing tree branches by SH-like aLRT with 1000 replicates...
0.105 sec.
Creating bootstrap support values...
Split supports printed to NEXUS file FungalCW_tree_20231129/370505at4751.aa.mfa.splits.nex
Total tree length: 5.859

Total number of iterations: 102
CPU time used for tree search: 31.031 sec (0h:0m:31s)
Wall-clock time used for tree search: 15.723 sec (0h:0m:15s)
Total CPU time used: 37.330 sec (0h:0m:37s)
Total wall-clock time used: 23.164 sec (0h:0m:23s)

Computing bootstrap consensus tree...
Reading input file FungalCW_tree_20231129/370505at4751.aa.mfa.splits.nex...
18 taxa and 87 splits.
Consensus tree written to FungalCW_tree_20231129/370505at4751.aa.mfa.contree
Reading input trees file FungalCW_tree_20231129/370505at4751.aa.mfa.contree
Log-likelihood of consensus tree: -6099.508

Analysis results written to: 
  IQ-TREE report:                FungalCW_tree_20231129/370505at4751.aa.mfa.iqtree
  Maximum-likelihood tree:       FungalCW_tree_20231129/370505at4751.aa.mfa.treefile
  Likelihood distances:          FungalCW_tree_20231129/370505at4751.aa.mfa.mldist

Ultrafast bootstrap approximation results written to:
  Split support values:          FungalCW_tree_20231129/370505at4751.aa.mfa.splits.nex
  Consensus tree:                FungalCW_tree_20231129/370505at4751.aa.mfa.contree
  Screen log file:               FungalCW_tree_20231129/370505at4751.aa.mfa.log

Date and Time: Wed Nov 29 01:36:11 2023
