IQ-TREE multicore version 2.2.2.6 COVID-edition for Linux 64-bit built May 27 2023
Developed by Bui Quang Minh, James Barbetti, Nguyen Lam Tung,
Olga Chernomor, Heiko Schmidt, Dominik Schrempf, Michael Woodhams, Ly Trong Nhan.

Host:    r12 (AVX2, FMA3, 503 GB RAM)
Command: iqtree2 -s FungalCW_tree_20231129/378256at4751.aa.mfa -gz -B 1000 -alrt 1000 -nt 2
Seed:    823179 (Using SPRNG - Scalable Parallel Random Number Generator)
Time:    Wed Nov 29 01:35:41 2023
Kernel:  AVX+FMA - 2 threads (2 CPU cores detected)

Reading alignment file FungalCW_tree_20231129/378256at4751.aa.mfa ... Fasta format detected
Reading fasta file: done in 0.000153065 secs using 99.96% CPU
Alignment most likely contains protein sequences
Constructing alignment: done in 0.000354052 secs using 14.12% CPU
Alignment has 17 sequences with 299 columns, 292 distinct patterns
209 parsimony-informative, 63 singleton sites, 27 constant sites
                                                               Gap/Ambiguity  Composition  p-value
Analyzing sequences: done in 2.69413e-05 secs using 74.24% CPU
   1  Basidiobolus_meristosporus_CBS_931.73.Basme2finSC.v1            26.42%    passed     79.02%
   2  Botrytis_cinerea_T4                                             14.72%    passed     59.99%
   3  Colletotrichum_graminicola_M1.001                               18.73%    passed     99.64%
   4  Colletotrichum_higginsianum_IMI_349063                          18.73%    passed     78.29%
   5  Fusarium_graminearum_PH-1                                       16.39%    passed     96.99%
   6  Fusarium_verticillioides_7600                                   16.39%    passed     94.28%
   7  Gilbertella_persicaria_var_persicaria_CBS_190.32-T.Gilper1.v1   45.15%    passed     44.24%
   8  Mortierella_elongata_AG-77                                      19.40%    passed     91.04%
   9  Mucor_mucedo_NRRL_3635                                          23.08%    passed     82.34%
  10  Neoconidiobolus_thromboides_FSU_785.Conth1.v1                   27.09%    failed      0.00%
  11  Phycomyces_blakesleeanus_NRRL_1555.Phybl2.v2                    23.08%    passed     78.38%
  12  Rhizopus_stolonifer_NRRL_66455                                  23.41%    passed     91.70%
  13  Trichoderma_harzianum_CBS_226.95                                17.73%    passed     88.36%
  14  Umbelopsis_ramanniana_NRRL_5844.Umbra1.v1                       24.08%    passed     98.77%
  15  Ustilago_maydis                                                 16.05%    passed     11.57%
  16  Zoophthora_radicans_ATCC_208865                                 24.41%    passed     44.63%
  17  Zymoseptoria_tritici_IP0323                                     23.41%    passed      7.26%
****  TOTAL                                                           22.25%  1 sequences failed composition chi2 test (p-value<5%; df=19)
Checking for duplicate sequences: done in 5.10216e-05 secs using 119.6% CPU


Create initial parsimony tree by phylogenetic likelihood library (PLL)... 0.001 seconds
Perform fast likelihood tree search using LG+I+G model...
Estimate model parameters (epsilon = 5.000)
Perform nearest neighbor interchange...
Optimizing NNI: done in 0.0649419 secs using 198.5% CPU
Estimate model parameters (epsilon = 1.000)
1. Initial log-likelihood: -7100.754
Optimal log-likelihood: -7100.721
Proportion of invariable sites: 0.034
Gamma shape alpha: 1.063
Parameters optimization took 1 rounds (0.022 sec)
Time for fast ML tree search: 0.170 seconds

NOTE: ModelFinder requires 9 MB RAM!
ModelFinder will test up to 1232 protein models (sample size: 299) ...
 No. Model         -LnL         df  AIC          AICc         BIC
  1  LG            7370.246     31  14802.492    14809.923    14917.206
  2  LG+I          7298.244     32  14660.488    14668.428    14778.903
  3  LG+G4         7102.028     32  14268.056    14275.995    14386.470
  4  LG+I+G4       7100.719     33  14267.438    14275.906    14389.552
  5  LG+R2         7119.515     33  14305.029    14313.497    14427.144
  6  LG+R3         7085.880     35  14241.759    14251.341    14371.275
  7  LG+R4         7085.948     37  14245.895    14256.669    14382.811
 14  LG+I+R2       7092.303     34  14252.607    14261.622    14378.422
 15  LG+I+R3       7083.910     36  14239.820    14249.988    14373.036
 16  LG+I+R4       7082.789     38  14241.579    14252.979    14382.195
 28  LG+F+R3       7064.511     54  14237.023    14261.367    14436.846
 36  LG+F+I+R2     7072.669     53  14251.338    14274.701    14447.462
 37  LG+F+I+R3     7062.630     55  14235.260    14260.610    14438.785
 50  WAG+R3        7104.470     35  14278.940    14288.521    14408.455
 58  WAG+I+R2      7110.775     34  14289.550    14298.566    14415.365
 59  WAG+I+R3      7101.859     36  14275.718    14285.886    14408.934
 72  WAG+F+R3      7082.781     54  14273.562    14297.906    14473.386
 80  WAG+F+I+R2    7090.073     53  14286.145    14309.508    14482.269
 81  WAG+F+I+R3    7080.542     55  14271.083    14296.433    14474.608
 94  JTT+R3        7119.844     35  14309.688    14319.270    14439.204
102  JTT+I+R2      7126.958     34  14321.916    14330.931    14447.731
103  JTT+I+R3      7117.246     36  14306.493    14316.661    14439.709
116  JTT+F+R3      7103.125     54  14314.250    14338.594    14514.074
124  JTT+F+I+R2    7111.982     53  14329.964    14353.327    14526.087
125  JTT+F+I+R3    7100.768     55  14311.536    14336.886    14515.061
WARNING: Normalizing state frequencies so that sum of them equals to 1
138  Q.pfam+R3     7079.574     35  14229.148    14238.730    14358.664
WARNING: Normalizing state frequencies so that sum of them equals to 1
146  Q.pfam+I+R2   7086.809     34  14241.618    14250.633    14367.433
WARNING: Normalizing state frequencies so that sum of them equals to 1
147  Q.pfam+I+R3   7078.037     36  14228.074    14238.242    14361.290
WARNING: Normalizing state frequencies so that sum of them equals to 1
160  Q.pfam+F+R3   7066.513     54  14241.027    14265.371    14440.851
WARNING: Normalizing state frequencies so that sum of them equals to 1
168  Q.pfam+F+I+R2 7075.251     53  14256.502    14279.865    14452.625
WARNING: Normalizing state frequencies so that sum of them equals to 1
169  Q.pfam+F+I+R3 7065.200     55  14240.401    14265.751    14443.925
WARNING: Normalizing state frequencies so that sum of them equals to 1
182  Q.bird+R3     7176.059     35  14422.118    14431.699    14551.633
WARNING: Normalizing state frequencies so that sum of them equals to 1
190  Q.bird+I+R2   7188.750     34  14445.499    14454.514    14571.314
WARNING: Normalizing state frequencies so that sum of them equals to 1
191  Q.bird+I+R3   7173.878     36  14419.757    14429.924    14552.972
WARNING: Normalizing state frequencies so that sum of them equals to 1
204  Q.bird+F+R3   7179.126     54  14466.252    14490.597    14666.076
WARNING: Normalizing state frequencies so that sum of them equals to 1
212  Q.bird+F+I+R2 7194.748     53  14495.497    14518.860    14691.620
WARNING: Normalizing state frequencies so that sum of them equals to 1
213  Q.bird+F+I+R3 7177.832     55  14465.664    14491.014    14669.188
WARNING: Normalizing state frequencies so that sum of them equals to 1
226  Q.mammal+R3   7140.771     35  14351.543    14361.124    14481.058
WARNING: Normalizing state frequencies so that sum of them equals to 1
234  Q.mammal+I+R2 7151.175     34  14370.350    14379.365    14496.165
WARNING: Normalizing state frequencies so that sum of them equals to 1
235  Q.mammal+I+R3 7138.886     36  14349.773    14359.941    14482.989
WARNING: Normalizing state frequencies so that sum of them equals to 1
248  Q.mammal+F+R3 7140.890     54  14389.779    14414.124    14589.603
WARNING: Normalizing state frequencies so that sum of them equals to 1
256  Q.mammal+F+I+R2 7153.915     53  14413.830    14437.193    14609.954
WARNING: Normalizing state frequencies so that sum of them equals to 1
257  Q.mammal+F+I+R3 7139.805     55  14389.610    14414.960    14593.134
270  Q.insect+R3   7095.494     35  14260.987    14270.569    14390.503
278  Q.insect+I+R2 7103.302     34  14274.604    14283.619    14400.419
279  Q.insect+I+R3 7093.602     36  14259.203    14269.371    14392.419
292  Q.insect+F+R3 7080.072     54  14268.143    14292.487    14467.967
300  Q.insect+F+I+R2 7089.056     53  14284.113    14307.476    14480.236
301  Q.insect+F+I+R3 7077.850     55  14265.701    14291.050    14469.225
WARNING: Normalizing state frequencies so that sum of them equals to 1
314  Q.plant+R3    7122.065     35  14314.130    14323.712    14443.646
WARNING: Normalizing state frequencies so that sum of them equals to 1
322  Q.plant+I+R2  7131.839     34  14331.678    14340.694    14457.493
WARNING: Normalizing state frequencies so that sum of them equals to 1
323  Q.plant+I+R3  7120.253     36  14312.506    14322.674    14445.722
WARNING: Normalizing state frequencies so that sum of them equals to 1
336  Q.plant+F+R3  7114.098     54  14336.196    14360.541    14536.020
WARNING: Normalizing state frequencies so that sum of them equals to 1
344  Q.plant+F+I+R2 7125.202     53  14356.403    14379.766    14552.527
WARNING: Normalizing state frequencies so that sum of them equals to 1
345  Q.plant+F+I+R3 7112.265     55  14334.530    14359.880    14538.054
WARNING: Normalizing state frequencies so that sum of them equals to 1
358  Q.yeast+R3    7116.925     35  14303.850    14313.432    14433.365
WARNING: Normalizing state frequencies so that sum of them equals to 1
366  Q.yeast+I+R2  7126.621     34  14321.243    14330.258    14447.058
WARNING: Normalizing state frequencies so that sum of them equals to 1
367  Q.yeast+I+R3  7114.862     36  14301.724    14311.892    14434.940
WARNING: Normalizing state frequencies so that sum of them equals to 1
380  Q.yeast+F+R3  7081.765     54  14271.531    14295.875    14471.355
WARNING: Normalizing state frequencies so that sum of them equals to 1
388  Q.yeast+F+I+R2 7091.900     53  14289.801    14313.164    14485.924
WARNING: Normalizing state frequencies so that sum of them equals to 1
389  Q.yeast+F+I+R3 7079.819     55  14269.638    14294.987    14473.162
402  JTTDCMut+R3   7121.488     35  14312.975    14322.557    14442.491
410  JTTDCMut+I+R2 7128.665     34  14325.330    14334.345    14451.145
411  JTTDCMut+I+R3 7118.869     36  14309.738    14319.906    14442.954
424  JTTDCMut+F+R3 7104.298     54  14316.596    14340.941    14516.420
432  JTTDCMut+F+I+R2 7113.240     53  14332.480    14355.844    14528.604
433  JTTDCMut+F+I+R3 7101.967     55  14313.934    14339.283    14517.458
446  DCMut+R3      7194.157     35  14458.315    14467.896    14587.830
454  DCMut+I+R2    7205.260     34  14478.520    14487.535    14604.335
455  DCMut+I+R3    7191.034     36  14454.068    14464.236    14587.284
468  DCMut+F+R3    7148.679     54  14405.358    14429.702    14605.182
476  DCMut+F+I+R2  7162.584     53  14431.168    14454.531    14627.292
477  DCMut+F+I+R3  7146.008     55  14402.016    14427.366    14605.541
490  VT+R3         7096.381     35  14262.762    14272.344    14392.277
498  VT+I+R2       7100.642     34  14269.283    14278.298    14395.098
499  VT+I+R3       7094.719     36  14261.437    14271.605    14394.653
512  VT+F+R3       7078.936     54  14265.872    14290.216    14465.696
520  VT+F+I+R2     7083.804     53  14273.608    14296.971    14469.732
521  VT+F+I+R3     7077.189     55  14264.378    14289.728    14467.903
534  PMB+R3        7124.425     35  14318.850    14328.432    14448.366
542  PMB+I+R2      7128.859     34  14325.717    14334.732    14451.532
543  PMB+I+R3      7123.444     36  14318.887    14329.055    14452.103
556  PMB+F+R3      7093.970     54  14295.939    14320.284    14495.763
564  PMB+F+I+R2    7099.088     53  14304.176    14327.539    14500.300
565  PMB+F+I+R3    7092.612     55  14295.224    14320.574    14498.749
578  Blosum62+R3   7134.446     35  14338.892    14348.473    14468.407
586  Blosum62+I+R2 7138.112     34  14344.224    14353.239    14470.039
587  Blosum62+I+R3 7133.459     36  14338.919    14349.086    14472.135
600  Blosum62+F+R3 7091.342     54  14290.685    14315.029    14490.509
608  Blosum62+F+I+R2 7095.369     53  14296.738    14320.101    14492.861
609  Blosum62+F+I+R3 7089.826     55  14289.652    14315.002    14493.176
622  Dayhoff+R3    7194.387     35  14458.774    14468.355    14588.289
630  Dayhoff+I+R2  7205.580     34  14479.159    14488.174    14604.974
631  Dayhoff+I+R3  7191.230     36  14454.460    14464.628    14587.676
644  Dayhoff+F+R3  7149.021     54  14406.042    14430.386    14605.866
652  Dayhoff+F+I+R2 7163.044     53  14432.089    14455.452    14628.212
653  Dayhoff+F+I+R3 7146.385     55  14402.771    14428.120    14606.295
666  mtREV+R3      7414.439     35  14898.878    14908.460    15028.394
674  mtREV+I+R2    7427.797     34  14923.594    14932.609    15049.409
675  mtREV+I+R3    7413.896     36  14899.792    14909.960    15033.008
688  mtREV+F+R3    7130.336     54  14368.672    14393.016    14568.496
696  mtREV+F+I+R2  7144.917     53  14395.835    14419.198    14591.958
697  mtREV+F+I+R3  7129.026     55  14368.052    14393.401    14571.576
710  mtART+R3      7486.173     35  15042.345    15051.927    15171.861
718  mtART+I+R2    7506.154     34  15080.308    15089.324    15206.124
719  mtART+I+R3    7477.628     36  15027.255    15037.423    15160.471
732  mtART+F+R3    7185.587     54  14479.173    14503.518    14678.997
740  mtART+F+I+R2  7206.265     53  14518.529    14541.893    14714.653
741  mtART+F+I+R3  7188.524     55  14487.049    14512.398    14690.573
754  mtZOA+R3      7358.278     35  14786.555    14796.137    14916.071
762  mtZOA+I+R2    7375.535     34  14819.069    14828.084    14944.884
763  mtZOA+I+R3    7356.072     36  14784.143    14794.311    14917.359
776  mtZOA+F+R3    7145.481     54  14398.962    14423.306    14598.786
784  mtZOA+F+I+R2  7163.648     53  14433.297    14456.660    14629.420
785  mtZOA+F+I+R3  7144.668     55  14399.336    14424.686    14602.860
798  mtMet+R3      7460.139     35  14990.278    14999.860    15119.794
806  mtMet+I+R2    7473.931     34  15015.863    15024.878    15141.678
807  mtMet+I+R3    7463.773     36  14999.545    15009.713    15132.761
820  mtMet+F+R3    7145.229     54  14398.458    14422.802    14598.282
828  mtMet+F+I+R2  7164.561     53  14435.121    14458.485    14631.245
829  mtMet+F+I+R3  7144.472     55  14398.943    14424.293    14602.468
842  mtVer+R3      7488.753     35  15047.507    15057.089    15177.022
850  mtVer+I+R2    7508.258     34  15084.517    15093.532    15210.332
851  mtVer+I+R3    7488.837     36  15049.674    15059.842    15182.890
864  mtVer+F+R3    7195.527     54  14499.054    14523.398    14698.878
872  mtVer+F+I+R2  7218.789     53  14543.578    14566.941    14739.702
873  mtVer+F+I+R3  7195.128     55  14500.257    14525.607    14703.781
886  mtInv+R3      7523.043     35  15116.086    15125.668    15245.602
894  mtInv+I+R2    7533.081     34  15134.161    15143.176    15259.976
895  mtInv+I+R3    7526.002     36  15124.004    15134.172    15257.220
908  mtInv+F+R3    7113.754     54  14335.508    14359.852    14535.332
916  mtInv+F+I+R2  7127.460     53  14360.920    14384.283    14557.044
917  mtInv+F+I+R3  7112.232     55  14334.464    14359.813    14537.988
930  mtMAM+R3      7518.427     35  15106.854    15116.436    15236.370
938  mtMAM+I+R2    7542.884     34  15153.769    15162.784    15279.584
939  mtMAM+I+R3    7523.109     36  15118.218    15128.386    15251.434
952  mtMAM+F+R3    7219.408     54  14546.815    14571.160    14746.639
960  mtMAM+F+I+R2  7246.390     53  14598.781    14622.144    14794.904
961  mtMAM+F+I+R3  7219.410     55  14548.819    14574.169    14752.343
WARNING: Normalizing state frequencies so that sum of them equals to 1
974  FLAVI+R3      7341.328     35  14752.656    14762.237    14882.171
WARNING: Normalizing state frequencies so that sum of them equals to 1
982  FLAVI+I+R2    7367.328     34  14802.656    14811.671    14928.471
WARNING: Normalizing state frequencies so that sum of them equals to 1
983  FLAVI+I+R3    7340.846     36  14753.692    14763.860    14886.908
WARNING: Normalizing state frequencies so that sum of them equals to 1
996  FLAVI+F+R3    7266.012     54  14640.025    14664.369    14839.849
WARNING: Normalizing state frequencies so that sum of them equals to 1
1004  FLAVI+F+I+R2  7289.231     53  14684.462    14707.825    14880.585
WARNING: Normalizing state frequencies so that sum of them equals to 1
1005  FLAVI+F+I+R3  7265.513     55  14641.027    14666.377    14844.551
1018  HIVb+R3       7273.058     35  14616.115    14625.697    14745.631
1026  HIVb+I+R2     7286.830     34  14641.660    14650.675    14767.475
1027  HIVb+I+R3     7270.521     36  14613.041    14623.209    14746.257
1040  HIVb+F+R3     7197.745     54  14503.490    14527.834    14703.314
1048  HIVb+F+I+R2   7214.689     53  14535.378    14558.741    14731.502
1049  HIVb+F+I+R3   7196.149     55  14502.298    14527.648    14705.823
1062  HIVw+R3       7523.915     35  15117.830    15127.411    15247.345
1070  HIVw+I+R2     7543.775     34  15155.551    15164.566    15281.366
1071  HIVw+I+R3     7519.930     36  15111.860    15122.028    15245.076
1084  HIVw+F+R3     7312.012     54  14732.023    14756.367    14931.847
1092  HIVw+F+I+R2   7327.813     53  14761.625    14784.988    14957.749
1093  HIVw+F+I+R3   7308.952     55  14727.904    14753.254    14931.429
1106  FLU+R3        7262.685     35  14595.369    14604.951    14724.885
1114  FLU+I+R2      7282.019     34  14632.039    14641.054    14757.854
1115  FLU+I+R3      7261.683     36  14595.367    14605.535    14728.583
1128  FLU+F+R3      7177.291     54  14462.582    14486.926    14662.406
1136  FLU+F+I+R2    7196.393     53  14498.785    14522.149    14694.909
1137  FLU+F+I+R3    7177.042     55  14464.084    14489.434    14667.608
1150  rtREV+R3      7147.065     35  14364.130    14373.712    14493.645
1158  rtREV+I+R2    7151.950     34  14371.900    14380.915    14497.715
1159  rtREV+I+R3    7144.888     36  14361.775    14371.943    14494.991
1172  rtREV+F+R3    7069.038     54  14246.076    14270.420    14445.900
1180  rtREV+F+I+R2  7075.583     53  14257.166    14280.529    14453.290
1181  rtREV+F+I+R3  7066.965     55  14243.930    14269.280    14447.455
1194  cpREV+R3      7157.078     35  14384.155    14393.737    14513.671
1202  cpREV+I+R2    7165.821     34  14399.643    14408.658    14525.458
1203  cpREV+I+R3    7155.240     36  14382.480    14392.648    14515.696
1216  cpREV+F+R3    7107.648     54  14323.297    14347.641    14523.121
1224  cpREV+F+I+R2  7117.610     53  14341.221    14364.584    14537.345
1225  cpREV+F+I+R3  7105.264     55  14320.527    14345.877    14524.052
Akaike Information Criterion:           Q.pfam+I+R3
Corrected Akaike Information Criterion: Q.pfam+I+R3
Bayesian Information Criterion:         Q.pfam+R3
Best-fit model: Q.pfam+R3 chosen according to BIC

All model information printed to FungalCW_tree_20231129/378256at4751.aa.mfa.model.gz
CPU time for ModelFinder: 83.632 seconds (0h:1m:23s)
Wall-clock time for ModelFinder: 43.960 seconds (0h:0m:43s)
Generating 1000 samples for ultrafast bootstrap (seed: 823179)...
WARNING: Normalizing state frequencies so that sum of them equals to 1

NOTE: 3 MB RAM (0 GB) is required!
Estimate model parameters (epsilon = 0.100)
1. Initial log-likelihood: -7079.574
Optimal log-likelihood: -7079.573
Site proportion and rates:  (0.132,0.068) (0.564,0.449) (0.305,2.422)
Parameters optimization took 1 rounds (0.049 sec)
Wrote distance file to... 
Computing ML distances based on estimated model parameters...
Calculating distance matrix: done in 0.0248139 secs using 197.6% CPU
Computing ML distances took 0.024949 sec (of wall-clock time) 0.049273 sec (of CPU time)
Setting up auxiliary I and S matrices: done in 4.1008e-05 secs using 197.5% CPU
Constructing RapidNJ tree: done in 0.000216961 secs using 199.6% CPU
Computing RapidNJ tree took 0.000343 sec (of wall-clock time) 0.000685 sec (of CPU time)
Log-likelihood of RapidNJ tree: -7118.254
--------------------------------------------------------------------
|             INITIALIZING CANDIDATE TREE SET                      |
--------------------------------------------------------------------
Generating 98 parsimony trees... 0.232 second
Computing log-likelihood of 98 initial trees ... 0.689 seconds
Current best score: -7079.573

Do NNI search on 20 best initial trees
Optimizing NNI: done in 0.0292029 secs using 197.6% CPU
Estimate model parameters (epsilon = 0.100)
BETTER TREE FOUND at iteration 1: -7079.573
Optimizing NNI: done in 0.097698 secs using 196.8% CPU
Optimizing NNI: done in 0.101054 secs using 196.8% CPU
Optimizing NNI: done in 0.094595 secs using 196.1% CPU
Optimizing NNI: done in 0.110633 secs using 197.7% CPU
Optimizing NNI: done in 0.110834 secs using 196.7% CPU
Optimizing NNI: done in 0.136237 secs using 198% CPU
Optimizing NNI: done in 0.133158 secs using 196.6% CPU
Optimizing NNI: done in 0.0788939 secs using 197.9% CPU
Optimizing NNI: done in 0.0807879 secs using 198.2% CPU
Iteration 10 / LogL: -7079.710 / Time: 0h:0m:2s
Optimizing NNI: done in 0.082597 secs using 198.9% CPU
Optimizing NNI: done in 0.096885 secs using 197% CPU
Optimizing NNI: done in 0.115791 secs using 198.2% CPU
Optimizing NNI: done in 0.113568 secs using 198.1% CPU
Optimizing NNI: done in 0.114844 secs using 197.1% CPU
Optimizing NNI: done in 0.0837729 secs using 198.7% CPU
Optimizing NNI: done in 0.115118 secs using 197.6% CPU
Optimizing NNI: done in 0.11758 secs using 197.3% CPU
Optimizing NNI: done in 0.112393 secs using 196.4% CPU
Optimizing NNI: done in 0.12851 secs using 197.2% CPU
Iteration 20 / LogL: -7079.725 / Time: 0h:0m:4s
Finish initializing candidate tree set (1)
Current best tree score: -7079.573 / CPU time: 4.015
Number of iterations: 20
--------------------------------------------------------------------
|               OPTIMIZING CANDIDATE TREE SET                      |
--------------------------------------------------------------------
Optimizing NNI: done in 0.0824881 secs using 197% CPU
Optimizing NNI: done in 0.075767 secs using 198% CPU
Optimizing NNI: done in 0.0721679 secs using 195.5% CPU
Optimizing NNI: done in 0.15889 secs using 197.7% CPU
Optimizing NNI: done in 0.0978639 secs using 197.9% CPU
Optimizing NNI: done in 0.061626 secs using 198.9% CPU
Optimizing NNI: done in 0.0720761 secs using 197.7% CPU
Optimizing NNI: done in 0.0866189 secs using 198.2% CPU
Optimizing NNI: done in 0.077091 secs using 196.9% CPU
Optimizing NNI: done in 0.137265 secs using 197.5% CPU
Iteration 30 / LogL: -7079.618 / Time: 0h:0m:5s (0h:0m:12s left)
Optimizing NNI: done in 0.107882 secs using 197.1% CPU
Optimizing NNI: done in 0.09325 secs using 198.3% CPU
Optimizing NNI: done in 0.060956 secs using 197.9% CPU
Optimizing NNI: done in 0.133331 secs using 198.2% CPU
Optimizing NNI: done in 0.120696 secs using 196.8% CPU
Optimizing NNI: done in 0.100028 secs using 197.5% CPU
Optimizing NNI: done in 0.10197 secs using 197.6% CPU
Optimizing NNI: done in 0.104016 secs using 198.3% CPU
Optimizing NNI: done in 0.115968 secs using 197.8% CPU
Optimizing NNI: done in 0.0765462 secs using 198.4% CPU
Iteration 40 / LogL: -7080.031 / Time: 0h:0m:6s (0h:0m:9s left)
Optimizing NNI: done in 0.113514 secs using 196.9% CPU
Optimizing NNI: done in 0.108929 secs using 197.7% CPU
Optimizing NNI: done in 0.083735 secs using 196.9% CPU
Optimizing NNI: done in 0.078959 secs using 198.2% CPU
Optimizing NNI: done in 0.09202 secs using 197.4% CPU
Optimizing NNI: done in 0.084553 secs using 198% CPU
Optimizing NNI: done in 0.093195 secs using 198.9% CPU
Optimizing NNI: done in 0.0977688 secs using 197.7% CPU
Optimizing NNI: done in 0.0872231 secs using 197.9% CPU
Optimizing NNI: done in 0.0746708 secs using 198.9% CPU
Iteration 50 / LogL: -7079.601 / Time: 0h:0m:7s (0h:0m:7s left)
Log-likelihood cutoff on original alignment: -7113.230
Optimizing NNI: done in 0.0968919 secs using 197.9% CPU
Optimizing NNI: done in 0.0854561 secs using 197.6% CPU
Optimizing NNI: done in 0.043992 secs using 198.7% CPU
Optimizing NNI: done in 0.088304 secs using 198% CPU
Optimizing NNI: done in 0.0765572 secs using 197.9% CPU
Optimizing NNI: done in 0.0848742 secs using 198% CPU
Optimizing NNI: done in 0.150621 secs using 198% CPU
Optimizing NNI: done in 0.0870359 secs using 198% CPU
Optimizing NNI: done in 0.126193 secs using 196.9% CPU
Optimizing NNI: done in 0.093204 secs using 197.3% CPU
Iteration 60 / LogL: -7079.666 / Time: 0h:0m:8s (0h:0m:5s left)
Optimizing NNI: done in 0.107692 secs using 198.4% CPU
Optimizing NNI: done in 0.110045 secs using 198% CPU
Optimizing NNI: done in 0.077842 secs using 199.2% CPU
Optimizing NNI: done in 0.120677 secs using 198.2% CPU
Optimizing NNI: done in 0.12647 secs using 198.5% CPU
Optimizing NNI: done in 0.086386 secs using 199% CPU
Optimizing NNI: done in 0.0804641 secs using 199.3% CPU
Optimizing NNI: done in 0.12257 secs using 198.2% CPU
Optimizing NNI: done in 0.0850658 secs using 198.4% CPU
Optimizing NNI: done in 0.0809691 secs using 198.2% CPU
Iteration 70 / LogL: -7081.231 / Time: 0h:0m:9s (0h:0m:4s left)
Optimizing NNI: done in 0.073386 secs using 199.1% CPU
Optimizing NNI: done in 0.086329 secs using 198.8% CPU
Optimizing NNI: done in 0.126965 secs using 197% CPU
Optimizing NNI: done in 0.103614 secs using 198.4% CPU
Optimizing NNI: done in 0.086658 secs using 197.9% CPU
Optimizing NNI: done in 0.119355 secs using 197.6% CPU
Optimizing NNI: done in 0.115945 secs using 198.1% CPU
Optimizing NNI: done in 0.101283 secs using 198.6% CPU
Optimizing NNI: done in 0.125179 secs using 198.6% CPU
Optimizing NNI: done in 0.100317 secs using 197.7% CPU
Iteration 80 / LogL: -7079.611 / Time: 0h:0m:10s (0h:0m:2s left)
Optimizing NNI: done in 0.099185 secs using 198.3% CPU
Optimizing NNI: done in 0.1016 secs using 197.5% CPU
Optimizing NNI: done in 0.109465 secs using 198% CPU
Optimizing NNI: done in 0.0549541 secs using 199.2% CPU
Optimizing NNI: done in 0.090425 secs using 198.1% CPU
Optimizing NNI: done in 0.123896 secs using 198.1% CPU
Optimizing NNI: done in 0.099854 secs using 197.8% CPU
Optimizing NNI: done in 0.0517449 secs using 198.7% CPU
Optimizing NNI: done in 0.0767522 secs using 198% CPU
Optimizing NNI: done in 0.0605271 secs using 198.6% CPU
Iteration 90 / LogL: -7079.889 / Time: 0h:0m:11s (0h:0m:1s left)
Optimizing NNI: done in 0.0975831 secs using 198.4% CPU
Optimizing NNI: done in 0.057137 secs using 199.3% CPU
Optimizing NNI: done in 0.122672 secs using 198.5% CPU
Optimizing NNI: done in 0.101651 secs using 197.9% CPU
Optimizing NNI: done in 0.151181 secs using 198% CPU
Optimizing NNI: done in 0.118112 secs using 198.1% CPU
Optimizing NNI: done in 0.126616 secs using 197.3% CPU
Optimizing NNI: done in 0.0722809 secs using 197.7% CPU
Optimizing NNI: done in 0.0821719 secs using 198% CPU
Optimizing NNI: done in 0.063545 secs using 198.9% CPU
Iteration 100 / LogL: -7079.641 / Time: 0h:0m:12s (0h:0m:0s left)
Log-likelihood cutoff on original alignment: -7114.207
NOTE: Bootstrap correlation coefficient of split occurrence frequencies: 1.000
Optimizing NNI: done in 0.099432 secs using 198.2% CPU
Optimizing NNI: done in 0.0518279 secs using 198.6% CPU
TREE SEARCH COMPLETED AFTER 102 ITERATIONS / Time: 0h:0m:12s

--------------------------------------------------------------------
|                    FINALIZING TREE SEARCH                        |
--------------------------------------------------------------------
Performs final model parameters optimization
Estimate model parameters (epsilon = 0.010)
1. Initial log-likelihood: -7079.573
Optimal log-likelihood: -7079.573
Site proportion and rates:  (0.131,0.067) (0.564,0.449) (0.305,2.420)
Parameters optimization took 1 rounds (0.022 sec)
BEST SCORE FOUND : -7079.573

Testing tree branches by SH-like aLRT with 1000 replicates...
0.087 sec.
Creating bootstrap support values...
Split supports printed to NEXUS file FungalCW_tree_20231129/378256at4751.aa.mfa.splits.nex
Total tree length: 16.939

Total number of iterations: 102
CPU time used for tree search: 22.862 sec (0h:0m:22s)
Wall-clock time used for tree search: 12.495 sec (0h:0m:12s)
Total CPU time used: 23.512 sec (0h:0m:23s)
Total wall-clock time used: 12.881 sec (0h:0m:12s)

Computing bootstrap consensus tree...
Reading input file FungalCW_tree_20231129/378256at4751.aa.mfa.splits.nex...
17 taxa and 98 splits.
Consensus tree written to FungalCW_tree_20231129/378256at4751.aa.mfa.contree
Reading input trees file FungalCW_tree_20231129/378256at4751.aa.mfa.contree
Log-likelihood of consensus tree: -7079.573

Analysis results written to: 
  IQ-TREE report:                FungalCW_tree_20231129/378256at4751.aa.mfa.iqtree
  Maximum-likelihood tree:       FungalCW_tree_20231129/378256at4751.aa.mfa.treefile
  Likelihood distances:          FungalCW_tree_20231129/378256at4751.aa.mfa.mldist

Ultrafast bootstrap approximation results written to:
  Split support values:          FungalCW_tree_20231129/378256at4751.aa.mfa.splits.nex
  Consensus tree:                FungalCW_tree_20231129/378256at4751.aa.mfa.contree
  Screen log file:               FungalCW_tree_20231129/378256at4751.aa.mfa.log

Date and Time: Wed Nov 29 01:36:38 2023
