IQ-TREE multicore version 2.2.2.6 COVID-edition for Linux 64-bit built May 27 2023
Developed by Bui Quang Minh, James Barbetti, Nguyen Lam Tung,
Olga Chernomor, Heiko Schmidt, Dominik Schrempf, Michael Woodhams, Ly Trong Nhan.

Host:    r12 (AVX2, FMA3, 503 GB RAM)
Command: iqtree2 -s FungalCW_tree_20231129/383007at4751.aa.mfa -gz -B 1000 -alrt 1000 -nt 2
Seed:    79786 (Using SPRNG - Scalable Parallel Random Number Generator)
Time:    Wed Nov 29 01:35:44 2023
Kernel:  AVX+FMA - 2 threads (2 CPU cores detected)

Reading alignment file FungalCW_tree_20231129/383007at4751.aa.mfa ... Fasta format detected
Reading fasta file: done in 0.000308037 secs using 66.88% CPU
Alignment most likely contains protein sequences
Constructing alignment: done in 0.000770092 secs using 50.77% CPU
Alignment has 16 sequences with 564 columns, 561 distinct patterns
356 parsimony-informative, 168 singleton sites, 40 constant sites
                                                               Gap/Ambiguity  Composition  p-value
Analyzing sequences: done in 4.60148e-05 secs using 58.68% CPU
   1  Basidiobolus_meristosporus_CBS_931.73.Basme2finSC.v1            42.73%    passed      8.32%
   2  Botrytis_cinerea_T4                                             27.84%    passed     25.37%
   3  Colletotrichum_graminicola_M1.001                               27.84%    passed     91.61%
   4  Colletotrichum_higginsianum_IMI_349063                          24.47%    passed     95.43%
   5  Fusarium_graminearum_PH-1                                       36.17%    passed     65.18%
   6  Fusarium_verticillioides_7600                                   33.16%    passed     69.68%
   7  Gilbertella_persicaria_var_persicaria_CBS_190.32-T.Gilper1.v1   44.33%    passed     32.96%
   8  Mortierella_elongata_AG-77                                      30.32%    passed     29.05%
   9  Mucor_mucedo_NRRL_3635                                          40.25%    passed     35.50%
  10  Phycomyces_blakesleeanus_NRRL_1555.Phybl2.v2                    24.47%    passed     33.80%
  11  Rhizopus_stolonifer_NRRL_66455                                  41.31%    passed     11.98%
  12  Trichoderma_harzianum_CBS_226.95                                29.43%    passed     78.75%
  13  Umbelopsis_ramanniana_NRRL_5844.Umbra1.v1                       25.18%    passed     83.20%
  14  Ustilago_maydis                                                 25.00%    failed      2.60%
  15  Zoophthora_radicans_ATCC_208865                                 36.88%    passed      8.53%
  16  Zymoseptoria_tritici_IP0323                                     24.11%    passed     93.17%
****  TOTAL                                                           32.09%  1 sequences failed composition chi2 test (p-value<5%; df=19)
Checking for duplicate sequences: done in 5.88894e-05 secs using 529.8% CPU


Create initial parsimony tree by phylogenetic likelihood library (PLL)... 0.002 seconds
Perform fast likelihood tree search using LG+I+G model...
Estimate model parameters (epsilon = 5.000)
Perform nearest neighbor interchange...
Optimizing NNI: done in 0.152271 secs using 198.9% CPU
Estimate model parameters (epsilon = 1.000)
1. Initial log-likelihood: -11339.545
Optimal log-likelihood: -11339.395
Proportion of invariable sites: 0.025
Gamma shape alpha: 1.019
Parameters optimization took 1 rounds (0.081 sec)
Time for fast ML tree search: 0.466 seconds

NOTE: ModelFinder requires 16 MB RAM!
ModelFinder will test up to 1232 protein models (sample size: 564) ...
 No. Model         -LnL         df  AIC          AICc         BIC
  1  LG            11697.111    29  23452.221    23455.480    23577.938
  2  LG+I          11614.374    30  23288.748    23292.238    23418.800
  3  LG+G4         11342.982    30  22745.963    22749.453    22876.015
  4  LG+I+G4       11339.378    31  22740.756    22744.486    22875.143
  5  LG+R2         11385.061    31  22832.122    22835.851    22966.508
  6  LG+R3         11327.982    33  22721.964    22726.198    22865.021
  7  LG+R4         11305.937    35  22681.875    22686.647    22833.602
  8  LG+R5         11305.335    37  22684.669    22690.015    22845.066
 14  LG+I+R2       11352.907    32  22769.813    22773.791    22908.535
 15  LG+I+R3       11310.207    34  22688.414    22692.913    22835.806
 16  LG+I+R4       11304.525    36  22681.051    22686.106    22837.113
 29  LG+F+R4       11224.176    54  22556.352    22568.022    22790.445
 37  LG+F+I+R3     11228.230    53  22562.459    22573.683    22792.217
 38  LG+F+I+R4     11222.788    55  22555.575    22567.701    22794.003
 51  WAG+R4        11307.568    35  22685.136    22689.909    22836.863
 59  WAG+I+R3      11307.843    34  22683.687    22688.186    22831.079
 60  WAG+I+R4      11306.615    36  22685.229    22690.284    22841.291
 73  WAG+F+R4      11235.877    54  22579.755    22591.425    22813.848
 81  WAG+F+I+R3    11238.349    53  22582.697    22593.921    22812.455
 82  WAG+F+I+R4    11236.117    55  22582.234    22594.360    22820.662
 95  JTT+R4        11336.060    35  22742.120    22746.892    22893.847
103  JTT+I+R3      11339.978    34  22747.956    22752.455    22895.348
104  JTT+I+R4      11335.556    36  22743.111    22748.166    22899.173
117  JTT+F+R4      11244.338    54  22596.677    22608.347    22830.770
125  JTT+F+I+R3    11250.016    53  22606.033    22617.256    22835.791
126  JTT+F+I+R4    11244.784    55  22599.569    22611.695    22837.997
WARNING: Normalizing state frequencies so that sum of them equals to 1
139  Q.pfam+R4     11291.812    35  22653.625    22658.398    22805.352
WARNING: Normalizing state frequencies so that sum of them equals to 1
147  Q.pfam+I+R3   11296.978    34  22661.955    22666.454    22809.347
WARNING: Normalizing state frequencies so that sum of them equals to 1
148  Q.pfam+I+R4   11291.113    36  22654.226    22659.281    22810.288
WARNING: Normalizing state frequencies so that sum of them equals to 1
161  Q.pfam+F+R4   11216.735    54  22541.470    22553.140    22775.563
WARNING: Normalizing state frequencies so that sum of them equals to 1
169  Q.pfam+F+I+R3 11221.663    53  22549.326    22560.549    22779.084
WARNING: Normalizing state frequencies so that sum of them equals to 1
170  Q.pfam+F+I+R4 11215.731    55  22541.463    22553.589    22779.891
WARNING: Normalizing state frequencies so that sum of them equals to 1
183  Q.bird+R4     11522.071    35  23114.142    23118.915    23265.869
WARNING: Normalizing state frequencies so that sum of them equals to 1
191  Q.bird+I+R3   11528.190    34  23124.381    23128.880    23271.773
WARNING: Normalizing state frequencies so that sum of them equals to 1
192  Q.bird+I+R4   11518.626    36  23109.252    23114.307    23265.314
WARNING: Normalizing state frequencies so that sum of them equals to 1
205  Q.bird+F+R4   11376.707    54  22861.414    22873.084    23095.507
WARNING: Normalizing state frequencies so that sum of them equals to 1
213  Q.bird+F+I+R3 11386.655    53  22879.311    22890.534    23109.068
WARNING: Normalizing state frequencies so that sum of them equals to 1
214  Q.bird+F+I+R4 11372.382    55  22854.765    22866.891    23093.193
WARNING: Normalizing state frequencies so that sum of them equals to 1
227  Q.mammal+R4   11466.381    35  23002.762    23007.535    23154.489
WARNING: Normalizing state frequencies so that sum of them equals to 1
235  Q.mammal+I+R3 11470.454    34  23008.907    23013.406    23156.299
WARNING: Normalizing state frequencies so that sum of them equals to 1
236  Q.mammal+I+R4 11462.868    36  22997.737    23002.792    23153.799
WARNING: Normalizing state frequencies so that sum of them equals to 1
249  Q.mammal+F+R4 11317.811    54  22743.623    22755.293    22977.716
WARNING: Normalizing state frequencies so that sum of them equals to 1
257  Q.mammal+F+I+R3 11326.188    53  22758.376    22769.600    22988.134
WARNING: Normalizing state frequencies so that sum of them equals to 1
258  Q.mammal+F+I+R4 11315.383    55  22740.765    22752.891    22979.193
271  Q.insect+R4   11354.285    35  22778.569    22783.342    22930.296
279  Q.insect+I+R3 11359.096    34  22786.193    22790.692    22933.584
280  Q.insect+I+R4 11353.625    36  22779.251    22784.306    22935.313
293  Q.insect+F+R4 11204.079    54  22516.159    22527.829    22750.252
301  Q.insect+F+I+R3 11209.546    53  22525.093    22536.316    22754.851
302  Q.insect+F+I+R4 11203.151    55  22516.301    22528.427    22754.729
WARNING: Normalizing state frequencies so that sum of them equals to 1
315  Q.plant+R4    11406.836    35  22883.673    22888.446    23035.400
WARNING: Normalizing state frequencies so that sum of them equals to 1
323  Q.plant+I+R3  11411.769    34  22891.538    22896.037    23038.930
WARNING: Normalizing state frequencies so that sum of them equals to 1
324  Q.plant+I+R4  11402.973    36  22877.947    22883.002    23034.009
WARNING: Normalizing state frequencies so that sum of them equals to 1
337  Q.plant+F+R4  11291.822    54  22691.644    22703.314    22925.737
WARNING: Normalizing state frequencies so that sum of them equals to 1
345  Q.plant+F+I+R3 11295.877    53  22697.753    22708.977    22927.511
WARNING: Normalizing state frequencies so that sum of them equals to 1
346  Q.plant+F+I+R4 11286.850    55  22683.699    22695.825    22922.127
WARNING: Normalizing state frequencies so that sum of them equals to 1
359  Q.yeast+R4    11361.847    35  22793.693    22798.466    22945.420
WARNING: Normalizing state frequencies so that sum of them equals to 1
367  Q.yeast+I+R3  11367.663    34  22803.327    22807.826    22950.718
WARNING: Normalizing state frequencies so that sum of them equals to 1
368  Q.yeast+I+R4  11360.835    36  22793.671    22798.726    22949.733
WARNING: Normalizing state frequencies so that sum of them equals to 1
381  Q.yeast+F+R4  11208.058    54  22524.116    22535.786    22758.209
WARNING: Normalizing state frequencies so that sum of them equals to 1
389  Q.yeast+F+I+R3 11212.526    53  22531.053    22542.276    22760.810
WARNING: Normalizing state frequencies so that sum of them equals to 1
390  Q.yeast+F+I+R4 11205.965    55  22521.930    22534.056    22760.358
403  JTTDCMut+R4   11334.476    35  22738.952    22743.725    22890.679
411  JTTDCMut+I+R3 11338.457    34  22744.915    22749.414    22892.306
412  JTTDCMut+I+R4 11334.037    36  22740.075    22745.130    22896.137
425  JTTDCMut+F+R4 11242.838    54  22593.677    22605.347    22827.770
433  JTTDCMut+F+I+R3 11248.623    53  22603.245    22614.469    22833.003
434  JTTDCMut+F+I+R4 11243.270    55  22596.539    22608.665    22834.967
447  DCMut+R4      11410.114    35  22890.227    22895.000    23041.954
455  DCMut+I+R3    11413.360    34  22894.720    22899.219    23042.112
456  DCMut+I+R4    11408.258    36  22888.515    22893.570    23044.577
469  DCMut+F+R4    11253.700    54  22615.399    22627.069    22849.492
477  DCMut+F+I+R3  11259.606    53  22625.212    22636.435    22854.970
478  DCMut+F+I+R4  11252.326    55  22614.653    22626.779    22853.081
491  VT+R4         11304.728    35  22679.456    22684.229    22831.183
499  VT+I+R3       11307.050    34  22682.100    22686.600    22829.492
500  VT+I+R4       11304.696    36  22681.393    22686.448    22837.454
513  VT+F+R4       11229.929    54  22567.858    22579.528    22801.951
521  VT+F+I+R3     11232.583    53  22571.165    22582.389    22800.923
522  VT+F+I+R4     11230.193    55  22570.386    22582.512    22808.814
535  PMB+R4        11416.054    35  22902.109    22906.881    23053.836
543  PMB+I+R3      11417.825    34  22903.651    22908.150    23051.042
544  PMB+I+R4      11415.753    36  22903.506    22908.561    23059.568
557  PMB+F+R4      11257.413    54  22622.825    22634.495    22856.918
565  PMB+F+I+R3    11259.387    53  22624.774    22635.998    22854.532
566  PMB+F+I+R4    11257.179    55  22624.357    22636.483    22862.785
579  Blosum62+R4   11410.197    35  22890.394    22895.167    23042.121
587  Blosum62+I+R3 11412.651    34  22893.302    22897.801    23040.694
588  Blosum62+I+R4 11410.279    36  22892.557    22897.612    23048.619
601  Blosum62+F+R4 11267.945    54  22643.890    22655.560    22877.983
609  Blosum62+F+I+R3 11269.665    53  22645.331    22656.554    22875.088
610  Blosum62+F+I+R4 11267.674    55  22645.348    22657.474    22883.776
623  Dayhoff+R4    11410.290    35  22890.581    22895.354    23042.308
631  Dayhoff+I+R3  11413.561    34  22895.122    22899.621    23042.514
632  Dayhoff+I+R4  11408.445    36  22888.890    22893.945    23044.952
645  Dayhoff+F+R4  11254.117    54  22616.233    22627.903    22850.326
653  Dayhoff+F+I+R3 11260.104    53  22626.208    22637.432    22855.966
654  Dayhoff+F+I+R4 11252.754    55  22615.507    22627.633    22853.935
667  mtREV+R4      12125.159    35  24320.318    24325.091    24472.045
675  mtREV+I+R3    12131.424    34  24330.847    24335.347    24478.239
676  mtREV+I+R4    12119.829    36  24311.658    24316.713    24467.720
689  mtREV+F+R4    11408.478    54  22924.955    22936.625    23159.048
697  mtREV+F+I+R3  11413.736    53  22933.472    22944.696    23163.230
698  mtREV+F+I+R4  11402.521    55  22915.042    22927.168    23153.470
711  mtART+R4      12246.518    35  24563.037    24567.809    24714.764
719  mtART+I+R3    12257.316    34  24582.632    24587.131    24730.024
720  mtART+I+R4    12239.489    36  24550.979    24556.034    24707.041
733  mtART+F+R4    11465.690    54  23039.379    23051.049    23273.472
741  mtART+F+I+R3  11497.474    53  23100.948    23112.171    23330.706
742  mtART+F+I+R4  11471.451    55  23052.903    23065.029    23291.331
755  mtZOA+R4      12016.553    35  24103.105    24107.878    24254.832
763  mtZOA+I+R3    12024.681    34  24117.363    24121.862    24264.754
764  mtZOA+I+R4    12012.076    36  24096.151    24101.206    24252.213
777  mtZOA+F+R4    11389.847    54  22887.694    22899.364    23121.787
785  mtZOA+F+I+R3  11394.316    53  22894.633    22905.856    23124.391
786  mtZOA+F+I+R4  11388.065    55  22886.131    22898.257    23124.559
799  mtMet+R4      12234.998    35  24539.997    24544.769    24691.724
807  mtMet+I+R3    12246.533    34  24561.066    24565.565    24708.458
808  mtMet+I+R4    12231.778    36  24535.556    24540.611    24691.618
821  mtMet+F+R4    11405.007    54  22918.013    22929.683    23152.106
829  mtMet+F+I+R3  11413.529    53  22933.058    22944.281    23162.815
830  mtMet+F+I+R4  11413.372    55  22936.743    22948.869    23175.171
843  mtVer+R4      12254.502    35  24579.003    24583.776    24730.730
851  mtVer+I+R3    12268.438    34  24604.876    24609.375    24752.268
852  mtVer+I+R4    12251.835    36  24575.670    24580.725    24731.732
865  mtVer+F+R4    11516.328    54  23140.657    23152.327    23374.750
873  mtVer+F+I+R3  11546.967    53  23199.935    23211.158    23429.692
874  mtVer+F+I+R4  11525.573    55  23161.146    23173.272    23399.574
887  mtInv+R4      12346.653    35  24763.305    24768.078    24915.032
895  mtInv+I+R3    12353.286    34  24774.573    24779.072    24921.965
896  mtInv+I+R4    12342.947    36  24757.894    24762.949    24913.956
909  mtInv+F+R4    11343.105    54  22794.210    22805.880    23028.303
917  mtInv+F+I+R3  11353.189    53  22812.378    22823.602    23042.136
918  mtInv+F+I+R4  11347.867    55  22805.733    22817.859    23044.161
931  mtMAM+R4      12356.239    35  24782.479    24787.252    24934.206
939  mtMAM+I+R3    12370.386    34  24808.772    24813.271    24956.164
940  mtMAM+I+R4    12353.178    36  24778.355    24783.410    24934.417
953  mtMAM+F+R4    11599.774    54  23307.549    23319.219    23541.642
961  mtMAM+F+I+R3  11604.875    53  23315.750    23326.973    23545.508
962  mtMAM+F+I+R4  11596.924    55  23303.849    23315.975    23542.277
WARNING: Normalizing state frequencies so that sum of them equals to 1
975  FLAVI+R4      11740.997    35  23551.994    23556.767    23703.721
WARNING: Normalizing state frequencies so that sum of them equals to 1
983  FLAVI+I+R3    11749.952    34  23567.904    23572.403    23715.296
WARNING: Normalizing state frequencies so that sum of them equals to 1
984  FLAVI+I+R4    11735.396    36  23542.793    23547.848    23698.855
WARNING: Normalizing state frequencies so that sum of them equals to 1
997  FLAVI+F+R4    11501.559    54  23111.118    23122.788    23345.211
WARNING: Normalizing state frequencies so that sum of them equals to 1
1005  FLAVI+F+I+R3  11508.745    53  23123.491    23134.715    23353.249
WARNING: Normalizing state frequencies so that sum of them equals to 1
1006  FLAVI+F+I+R4  11497.118    55  23104.237    23116.363    23342.665
1019  HIVb+R4       11568.612    35  23207.223    23211.996    23358.950
1027  HIVb+I+R3     11573.164    34  23214.328    23218.827    23361.720
1028  HIVb+I+R4     11566.597    36  23205.194    23210.249    23361.256
1041  HIVb+F+R4     11377.063    54  22862.126    22873.795    23096.218
1049  HIVb+F+I+R3   11383.158    53  22872.316    22883.540    23102.074
1050  HIVb+F+I+R4   11373.756    55  22857.512    22869.638    23095.940
1063  HIVw+R4       11966.618    35  24003.236    24008.008    24154.963
1071  HIVw+I+R3     11978.290    34  24024.580    24029.079    24171.972
1072  HIVw+I+R4     11965.085    36  24002.170    24007.225    24158.232
1085  HIVw+F+R4     11536.905    54  23181.811    23193.481    23415.904
1093  HIVw+F+I+R3   11545.328    53  23196.656    23207.879    23426.413
1094  HIVw+F+I+R4   11532.243    55  23174.485    23186.611    23412.913
1107  FLU+R4        11541.778    35  23153.557    23158.330    23305.284
1115  FLU+I+R3      11557.123    34  23182.246    23186.745    23329.638
1116  FLU+I+R4      11541.966    36  23155.932    23160.988    23311.994
1129  FLU+F+R4      11313.542    54  22735.084    22746.754    22969.177
1137  FLU+F+I+R3    11326.161    53  22758.321    22769.545    22988.079
1138  FLU+F+I+R4    11312.608    55  22735.215    22747.341    22973.643
1151  rtREV+R4      11431.797    35  22933.593    22938.366    23085.320
1159  rtREV+I+R3    11433.398    34  22934.796    22939.295    23082.188
1160  rtREV+I+R4    11430.130    36  22932.261    22937.316    23088.323
1173  rtREV+F+R4    11238.443    54  22584.887    22596.557    22818.980
1181  rtREV+F+I+R3  11241.688    53  22589.375    22600.599    22819.133
1182  rtREV+F+I+R4  11236.506    55  22583.012    22595.138    22821.440
1195  cpREV+R4      11481.853    35  23033.707    23038.479    23185.433
1203  cpREV+I+R3    11485.651    34  23039.303    23043.802    23186.695
1204  cpREV+I+R4    11482.199    36  23036.398    23041.453    23192.460
1217  cpREV+F+R4    11322.284    54  22752.567    22764.237    22986.660
1225  cpREV+F+I+R3  11328.372    53  22762.744    22773.968    22992.502
1226  cpREV+F+I+R4  11320.677    55  22751.354    22763.480    22989.782
Akaike Information Criterion:           Q.insect+F+R4
Corrected Akaike Information Criterion: Q.insect+F+R4
Bayesian Information Criterion:         Q.insect+F+R4
Best-fit model: Q.insect+F+R4 chosen according to BIC

All model information printed to FungalCW_tree_20231129/383007at4751.aa.mfa.model.gz
CPU time for ModelFinder: 347.864 seconds (0h:5m:47s)
Wall-clock time for ModelFinder: 177.698 seconds (0h:2m:57s)
Generating 1000 samples for ultrafast bootstrap (seed: 79786)...

NOTE: 8 MB RAM (0 GB) is required!
Estimate model parameters (epsilon = 0.100)
1. Initial log-likelihood: -11204.079
Optimal log-likelihood: -11204.024
Site proportion and rates:  (0.112,0.026) (0.453,0.144) (0.234,0.504) (0.201,4.050)
Parameters optimization took 1 rounds (0.103 sec)
Wrote distance file to... 
Computing ML distances based on estimated model parameters...
Calculating distance matrix: done in 0.057085 secs using 197.5% CPU
Computing ML distances took 0.057208 sec (of wall-clock time) 0.112824 sec (of CPU time)
WARNING: Some pairwise ML distances are too long (saturated)
Setting up auxiliary I and S matrices: done in 2.7895e-05 secs
Constructing RapidNJ tree: done in 0.000164986 secs
Computing RapidNJ tree took 0.000257 sec (of wall-clock time) 0.000000 sec (of CPU time)
Log-likelihood of RapidNJ tree: -11208.503
--------------------------------------------------------------------
|             INITIALIZING CANDIDATE TREE SET                      |
--------------------------------------------------------------------
Generating 98 parsimony trees... 0.186 second
Computing log-likelihood of 98 initial trees ... 1.096 seconds
Current best score: -11204.024

Do NNI search on 20 best initial trees
Optimizing NNI: done in 0.0482841 secs using 198.8% CPU
Estimate model parameters (epsilon = 0.100)
BETTER TREE FOUND at iteration 1: -11203.990
Optimizing NNI: done in 0.103756 secs using 199.1% CPU
Optimizing NNI: done in 0.156983 secs using 198.9% CPU
Optimizing NNI: done in 0.189847 secs using 198.9% CPU
Optimizing NNI: done in 0.157768 secs using 199% CPU
Optimizing NNI: done in 0.198273 secs using 199.2% CPU
Optimizing NNI: done in 0.236412 secs using 198.9% CPU
Optimizing NNI: done in 0.20192 secs using 198.9% CPU
Optimizing NNI: done in 0.254155 secs using 199% CPU
Optimizing NNI: done in 0.188088 secs using 198.1% CPU
Iteration 10 / LogL: -11206.010 / Time: 0h:0m:3s
Optimizing NNI: done in 0.282836 secs using 199% CPU
Optimizing NNI: done in 0.204343 secs using 199% CPU
Optimizing NNI: done in 0.192827 secs using 198.9% CPU
Optimizing NNI: done in 0.155543 secs using 199.5% CPU
Optimizing NNI: done in 0.189127 secs using 199% CPU
Optimizing NNI: done in 0.208889 secs using 199% CPU
Optimizing NNI: done in 0.195344 secs using 198.9% CPU
Optimizing NNI: done in 0.191909 secs using 198.4% CPU
Optimizing NNI: done in 0.162657 secs using 198.3% CPU
Optimizing NNI: done in 0.195599 secs using 198.6% CPU
Iteration 20 / LogL: -11205.499 / Time: 0h:0m:5s
Finish initializing candidate tree set (3)
Current best tree score: -11203.990 / CPU time: 5.158
Number of iterations: 20
--------------------------------------------------------------------
|               OPTIMIZING CANDIDATE TREE SET                      |
--------------------------------------------------------------------
Optimizing NNI: done in 0.0847058 secs using 199.2% CPU
Optimizing NNI: done in 0.119515 secs using 198.6% CPU
Optimizing NNI: done in 0.181927 secs using 199.2% CPU
Optimizing NNI: done in 0.16168 secs using 199.4% CPU
Optimizing NNI: done in 0.169427 secs using 199.4% CPU
Optimizing NNI: done in 0.0763509 secs using 199.8% CPU
Optimizing NNI: done in 0.152871 secs using 199.1% CPU
Optimizing NNI: done in 0.300559 secs using 198.9% CPU
Optimizing NNI: done in 0.131297 secs using 199.3% CPU
Optimizing NNI: done in 0.19272 secs using 199% CPU
Iteration 30 / LogL: -11204.424 / Time: 0h:0m:7s (0h:0m:17s left)
Optimizing NNI: done in 0.209497 secs using 199.1% CPU
Optimizing NNI: done in 0.14027 secs using 198.3% CPU
Optimizing NNI: done in 0.122284 secs using 199.5% CPU
Optimizing NNI: done in 0.148893 secs using 198.9% CPU
Optimizing NNI: done in 0.287266 secs using 199.1% CPU
Optimizing NNI: done in 0.148714 secs using 199.2% CPU
Optimizing NNI: done in 0.159941 secs using 199.3% CPU
Optimizing NNI: done in 0.22488 secs using 199.3% CPU
Optimizing NNI: done in 0.172251 secs using 198.9% CPU
Optimizing NNI: done in 0.142617 secs using 199.4% CPU
Iteration 40 / LogL: -11204.055 / Time: 0h:0m:9s (0h:0m:14s left)
Optimizing NNI: done in 0.153646 secs using 199.6% CPU
Optimizing NNI: done in 0.133689 secs using 199.6% CPU
Optimizing NNI: done in 0.107471 secs using 199.8% CPU
Optimizing NNI: done in 0.240825 secs using 199.2% CPU
Optimizing NNI: done in 0.125307 secs using 199.1% CPU
Optimizing NNI: done in 0.123103 secs using 198.8% CPU
Optimizing NNI: done in 0.184007 secs using 199% CPU
Optimizing NNI: done in 0.152552 secs using 199.3% CPU
Optimizing NNI: done in 0.104207 secs using 199.4% CPU
Optimizing NNI: done in 0.126926 secs using 199% CPU
Iteration 50 / LogL: -11204.436 / Time: 0h:0m:10s (0h:0m:10s left)
Log-likelihood cutoff on original alignment: -11234.390
Optimizing NNI: done in 0.208508 secs using 198.9% CPU
Optimizing NNI: done in 0.205397 secs using 199% CPU
Optimizing NNI: done in 0.17539 secs using 199% CPU
Optimizing NNI: done in 0.14779 secs using 199.1% CPU
Optimizing NNI: done in 0.126894 secs using 199.3% CPU
Optimizing NNI: done in 0.158202 secs using 198.9% CPU
Optimizing NNI: done in 0.178857 secs using 199.3% CPU
Optimizing NNI: done in 0.112443 secs using 198.5% CPU
Optimizing NNI: done in 0.136743 secs using 199% CPU
Optimizing NNI: done in 0.327371 secs using 199% CPU
Iteration 60 / LogL: -11207.337 / Time: 0h:0m:12s (0h:0m:8s left)
Optimizing NNI: done in 0.188897 secs using 198.7% CPU
Optimizing NNI: done in 0.160961 secs using 198.9% CPU
Optimizing NNI: done in 0.141127 secs using 199% CPU
Optimizing NNI: done in 0.188227 secs using 198.5% CPU
Optimizing NNI: done in 0.120047 secs using 199% CPU
Optimizing NNI: done in 0.132196 secs using 199.4% CPU
Optimizing NNI: done in 0.138882 secs using 199.3% CPU
Optimizing NNI: done in 0.174926 secs using 199.4% CPU
Optimizing NNI: done in 0.147293 secs using 199.2% CPU
Optimizing NNI: done in 0.149909 secs using 199.2% CPU
Iteration 70 / LogL: -11207.438 / Time: 0h:0m:14s (0h:0m:6s left)
Optimizing NNI: done in 0.130618 secs using 198.8% CPU
Optimizing NNI: done in 0.14526 secs using 198.7% CPU
Optimizing NNI: done in 0.212929 secs using 199.3% CPU
Optimizing NNI: done in 0.130406 secs using 199.1% CPU
Optimizing NNI: done in 0.19145 secs using 199% CPU
Optimizing NNI: done in 0.144245 secs using 198.8% CPU
Optimizing NNI: done in 0.10734 secs using 198.9% CPU
Optimizing NNI: done in 0.153016 secs using 199.6% CPU
Optimizing NNI: done in 0.133454 secs using 198.6% CPU
Optimizing NNI: done in 0.127801 secs using 199.3% CPU
Iteration 80 / LogL: -11204.624 / Time: 0h:0m:15s (0h:0m:4s left)
Optimizing NNI: done in 0.175686 secs using 198.3% CPU
Optimizing NNI: done in 0.207715 secs using 199.1% CPU
Optimizing NNI: done in 0.0843511 secs using 199.7% CPU
Optimizing NNI: done in 0.152495 secs using 199.3% CPU
Optimizing NNI: done in 0.156528 secs using 199.2% CPU
Optimizing NNI: done in 0.118906 secs using 199% CPU
Optimizing NNI: done in 0.151531 secs using 199% CPU
Optimizing NNI: done in 0.147543 secs using 198.6% CPU
Optimizing NNI: done in 0.179738 secs using 199.2% CPU
Optimizing NNI: done in 0.238373 secs using 199.3% CPU
Iteration 90 / LogL: -11207.358 / Time: 0h:0m:17s (0h:0m:2s left)
Optimizing NNI: done in 0.13057 secs using 199.5% CPU
Optimizing NNI: done in 0.218578 secs using 199.3% CPU
Optimizing NNI: done in 0.179541 secs using 198.4% CPU
Optimizing NNI: done in 0.130388 secs using 199.1% CPU
Optimizing NNI: done in 0.167171 secs using 199.1% CPU
Optimizing NNI: done in 0.093632 secs using 199.7% CPU
Optimizing NNI: done in 0.146375 secs using 199% CPU
Optimizing NNI: done in 0.153026 secs using 199% CPU
Optimizing NNI: done in 0.211671 secs using 199.3% CPU
Optimizing NNI: done in 0.137741 secs using 199.8% CPU
Iteration 100 / LogL: -11204.454 / Time: 0h:0m:18s (0h:0m:0s left)
Log-likelihood cutoff on original alignment: -11235.320
NOTE: Bootstrap correlation coefficient of split occurrence frequencies: 0.999
Optimizing NNI: done in 0.203334 secs using 199% CPU
Optimizing NNI: done in 0.175048 secs using 199.1% CPU
TREE SEARCH COMPLETED AFTER 102 ITERATIONS / Time: 0h:0m:19s

--------------------------------------------------------------------
|                    FINALIZING TREE SEARCH                        |
--------------------------------------------------------------------
Performs final model parameters optimization
Estimate model parameters (epsilon = 0.010)
1. Initial log-likelihood: -11203.990
2. Current log-likelihood: -11203.975
3. Current log-likelihood: -11203.962
4. Current log-likelihood: -11203.948
5. Current log-likelihood: -11203.936
6. Current log-likelihood: -11203.924
7. Current log-likelihood: -11203.913
8. Current log-likelihood: -11203.903
9. Current log-likelihood: -11203.893
Optimal log-likelihood: -11203.878
Site proportion and rates:  (0.118,0.026) (0.455,0.141) (0.229,0.504) (0.198,4.124)
Parameters optimization took 9 rounds (0.766 sec)
BEST SCORE FOUND : -11203.878

Testing tree branches by SH-like aLRT with 1000 replicates...
0.134 sec.
Creating bootstrap support values...
Split supports printed to NEXUS file FungalCW_tree_20231129/383007at4751.aa.mfa.splits.nex
Total tree length: 56.205

Total number of iterations: 102
CPU time used for tree search: 37.521 sec (0h:0m:37s)
Wall-clock time used for tree search: 18.888 sec (0h:0m:18s)
Total CPU time used: 40.113 sec (0h:0m:40s)
Total wall-clock time used: 20.281 sec (0h:0m:20s)

Computing bootstrap consensus tree...
Reading input file FungalCW_tree_20231129/383007at4751.aa.mfa.splits.nex...
16 taxa and 89 splits.
Consensus tree written to FungalCW_tree_20231129/383007at4751.aa.mfa.contree
Reading input trees file FungalCW_tree_20231129/383007at4751.aa.mfa.contree
Log-likelihood of consensus tree: -11204.250

Analysis results written to: 
  IQ-TREE report:                FungalCW_tree_20231129/383007at4751.aa.mfa.iqtree
  Maximum-likelihood tree:       FungalCW_tree_20231129/383007at4751.aa.mfa.treefile
  Likelihood distances:          FungalCW_tree_20231129/383007at4751.aa.mfa.mldist

Ultrafast bootstrap approximation results written to:
  Split support values:          FungalCW_tree_20231129/383007at4751.aa.mfa.splits.nex
  Consensus tree:                FungalCW_tree_20231129/383007at4751.aa.mfa.contree
  Screen log file:               FungalCW_tree_20231129/383007at4751.aa.mfa.log

Date and Time: Wed Nov 29 01:39:02 2023
