IQ-TREE multicore version 2.2.2.6 COVID-edition for Linux 64-bit built May 27 2023
Developed by Bui Quang Minh, James Barbetti, Nguyen Lam Tung,
Olga Chernomor, Heiko Schmidt, Dominik Schrempf, Michael Woodhams, Ly Trong Nhan.

Host:    r12 (AVX2, FMA3, 503 GB RAM)
Command: iqtree2 -s FungalCW_tree_20231129/384315at4751.aa.mfa -gz -B 1000 -alrt 1000 -nt 2
Seed:    735346 (Using SPRNG - Scalable Parallel Random Number Generator)
Time:    Wed Nov 29 01:35:45 2023
Kernel:  AVX+FMA - 2 threads (2 CPU cores detected)

Reading alignment file FungalCW_tree_20231129/384315at4751.aa.mfa ... Fasta format detected
Reading fasta file: done in 0.000175953 secs using 42.63% CPU
Alignment most likely contains protein sequences
Constructing alignment: done in 0.000333071 secs using 42.63% CPU
Alignment has 17 sequences with 242 columns, 171 distinct patterns
104 parsimony-informative, 33 singleton sites, 105 constant sites
                                                               Gap/Ambiguity  Composition  p-value
Analyzing sequences: done in 2.28882e-05 secs using 96.12% CPU
   1  Basidiobolus_meristosporus_CBS_931.73.Basme2finSC.v1            12.40%    passed     99.95%
   2  Botrytis_cinerea_T4                                              5.37%    passed     99.90%
   3  Colletotrichum_graminicola_M1.001                                5.79%    passed     99.72%
   4  Colletotrichum_higginsianum_IMI_349063                           7.85%    passed     98.67%
   5  Fusarium_graminearum_PH-1                                        5.37%    passed    100.00%
   6  Fusarium_verticillioides_7600                                    5.37%    passed    100.00%
   7  Gilbertella_persicaria_var_persicaria_CBS_190.32-T.Gilper1.v1   12.81%    passed    100.00%
   8  Mortierella_elongata_AG-77                                      12.81%    passed     99.99%
   9  Mucor_mucedo_NRRL_3635                                          13.64%    passed     99.88%
  10  Neoconidiobolus_thromboides_FSU_785.Conth1.v1                    9.09%    passed     94.80%
  11  Phycomyces_blakesleeanus_NRRL_1555.Phybl2.v2                    12.81%    passed     99.55%
  12  Rhizopus_stolonifer_NRRL_66455                                  12.81%    passed     99.99%
  13  Trichoderma_harzianum_CBS_226.95                                 5.37%    passed     99.99%
  14  Umbelopsis_ramanniana_NRRL_5844.Umbra1.v1                       12.81%    passed     99.71%
  15  Ustilago_maydis                                                  8.26%    passed    100.00%
  16  Zoophthora_radicans_ATCC_208865                                  9.09%    passed     91.46%
  17  Zymoseptoria_tritici_IP0323                                      4.55%    passed     98.05%
****  TOTAL                                                            9.19%  0 sequences failed composition chi2 test (p-value<5%; df=19)
Checking for duplicate sequences: done in 4.60148e-05 secs using 56.5% CPU


Create initial parsimony tree by phylogenetic likelihood library (PLL)... 0.001 seconds
Perform fast likelihood tree search using LG+I+G model...
Estimate model parameters (epsilon = 5.000)
Perform nearest neighbor interchange...
Optimizing NNI: done in 0.053772 secs using 196.3% CPU
Estimate model parameters (epsilon = 1.000)
1. Initial log-likelihood: -2986.615
Optimal log-likelihood: -2986.578
Proportion of invariable sites: 0.224
Gamma shape alpha: 0.680
Parameters optimization took 1 rounds (0.037 sec)
Time for fast ML tree search: 0.151 seconds

NOTE: ModelFinder requires 5 MB RAM!
ModelFinder will test up to 1232 protein models (sample size: 242) ...
 No. Model         -LnL         df  AIC          AICc         BIC
  1  LG            3189.833     31  6441.665     6451.113     6549.822
  2  LG+I          3037.095     32  6138.190     6148.295     6249.836
  3  LG+G4         2986.143     32  6036.286     6046.391     6147.932
  4  LG+I+G4       2986.576     33  6039.151     6049.940     6154.286
  5  LG+R2         2995.381     33  6056.762     6067.551     6171.897
  6  LG+R3         2991.753     35  6053.506     6065.739     6175.618
 14  LG+I+R2       2985.545     34  6039.089     6050.587     6157.713
 15  LG+I+R3       2984.914     36  6041.828     6054.823     6167.430
 25  LG+F+G4       2980.906     51  6063.813     6091.728     6241.749
 26  LG+F+I+G4     2981.001     52  6066.001     6095.166     6247.426
 36  LG+F+I+R2     2979.932     53  6065.864     6096.310     6250.777
 47  WAG+G4        2987.640     32  6039.281     6049.386     6150.927
 48  WAG+I+G4      2986.781     33  6039.563     6050.351     6154.697
 58  WAG+I+R2      2984.775     34  6037.549     6049.047     6156.173
 69  WAG+F+G4      2983.280     51  6068.561     6096.476     6246.496
 70  WAG+F+I+G4    2982.684     52  6069.368     6098.532     6250.792
 80  WAG+F+I+R2    2980.676     53  6067.353     6097.800     6252.267
 91  JTT+G4        3012.850     32  6089.701     6099.806     6201.347
 92  JTT+I+G4      3012.427     33  6090.853     6101.642     6205.988
102  JTT+I+R2      3010.620     34  6089.241     6100.738     6207.865
113  JTT+F+G4      3015.541     51  6133.082     6160.997     6311.017
114  JTT+F+I+G4    3015.237     52  6134.475     6163.639     6315.900
124  JTT+F+I+R2    3013.348     53  6132.696     6163.142     6317.609
WARNING: Normalizing state frequencies so that sum of them equals to 1
135  Q.pfam+G4     2990.077     32  6044.154     6054.259     6155.800
WARNING: Normalizing state frequencies so that sum of them equals to 1
136  Q.pfam+I+G4   2990.496     33  6046.992     6057.780     6162.127
WARNING: Normalizing state frequencies so that sum of them equals to 1
146  Q.pfam+I+R2   2990.172     34  6048.343     6059.841     6166.967
WARNING: Normalizing state frequencies so that sum of them equals to 1
157  Q.pfam+F+G4   2987.933     51  6077.866     6105.782     6255.802
WARNING: Normalizing state frequencies so that sum of them equals to 1
158  Q.pfam+F+I+G4 2988.283     52  6080.566     6109.730     6261.991
WARNING: Normalizing state frequencies so that sum of them equals to 1
168  Q.pfam+F+I+R2 2987.975     53  6081.950     6112.397     6266.864
WARNING: Normalizing state frequencies so that sum of them equals to 1
179  Q.bird+G4     3084.344     32  6232.687     6242.793     6344.333
WARNING: Normalizing state frequencies so that sum of them equals to 1
180  Q.bird+I+G4   3084.463     33  6234.925     6245.714     6350.060
WARNING: Normalizing state frequencies so that sum of them equals to 1
190  Q.bird+I+R2   3084.501     34  6237.002     6248.499     6355.626
WARNING: Normalizing state frequencies so that sum of them equals to 1
201  Q.bird+F+G4   3087.172     51  6276.343     6304.259     6454.279
WARNING: Normalizing state frequencies so that sum of them equals to 1
202  Q.bird+F+I+G4 3087.469     52  6278.938     6308.102     6460.363
WARNING: Normalizing state frequencies so that sum of them equals to 1
212  Q.bird+F+I+R2 3087.934     53  6281.869     6312.316     6466.782
WARNING: Normalizing state frequencies so that sum of them equals to 1
223  Q.mammal+G4   3065.723     32  6195.445     6205.551     6307.091
WARNING: Normalizing state frequencies so that sum of them equals to 1
224  Q.mammal+I+G4 3066.546     33  6199.093     6209.881     6314.227
WARNING: Normalizing state frequencies so that sum of them equals to 1
234  Q.mammal+I+R2 3065.670     34  6199.339     6210.837     6317.963
WARNING: Normalizing state frequencies so that sum of them equals to 1
245  Q.mammal+F+G4 3064.891     51  6231.782     6259.697     6409.718
WARNING: Normalizing state frequencies so that sum of them equals to 1
246  Q.mammal+F+I+G4 3065.752     52  6235.504     6264.668     6416.929
WARNING: Normalizing state frequencies so that sum of them equals to 1
256  Q.mammal+F+I+R2 3065.472     53  6236.945     6267.392     6421.858
267  Q.insect+G4   3006.978     32  6077.956     6088.061     6189.602
268  Q.insect+I+G4 3007.309     33  6080.618     6091.406     6195.753
278  Q.insect+I+R2 3006.727     34  6081.455     6092.952     6200.079
289  Q.insect+F+G4 3002.657     51  6107.314     6135.229     6285.250
290  Q.insect+F+I+G4 3002.686     52  6109.373     6138.537     6290.797
300  Q.insect+F+I+R2 3001.914     53  6109.828     6140.275     6294.742
WARNING: Normalizing state frequencies so that sum of them equals to 1
311  Q.plant+G4    3024.909     32  6113.818     6123.923     6225.464
WARNING: Normalizing state frequencies so that sum of them equals to 1
312  Q.plant+I+G4  3024.993     33  6115.986     6126.774     6231.121
WARNING: Normalizing state frequencies so that sum of them equals to 1
322  Q.plant+I+R2  3024.504     34  6117.008     6128.506     6235.632
WARNING: Normalizing state frequencies so that sum of them equals to 1
333  Q.plant+F+G4  3024.902     51  6151.805     6179.720     6329.740
WARNING: Normalizing state frequencies so that sum of them equals to 1
334  Q.plant+F+I+G4 3024.653     52  6153.306     6182.470     6334.730
WARNING: Normalizing state frequencies so that sum of them equals to 1
344  Q.plant+F+I+R2 3024.112     53  6154.223     6184.670     6339.137
WARNING: Normalizing state frequencies so that sum of them equals to 1
355  Q.yeast+G4    3009.959     32  6083.919     6094.024     6195.565
WARNING: Normalizing state frequencies so that sum of them equals to 1
356  Q.yeast+I+G4  3009.429     33  6084.858     6095.646     6199.993
WARNING: Normalizing state frequencies so that sum of them equals to 1
366  Q.yeast+I+R2  3010.080     34  6088.160     6099.657     6206.784
WARNING: Normalizing state frequencies so that sum of them equals to 1
377  Q.yeast+F+G4  2996.784     51  6095.568     6123.484     6273.504
WARNING: Normalizing state frequencies so that sum of them equals to 1
378  Q.yeast+F+I+G4 2996.237     52  6096.475     6125.639     6277.900
WARNING: Normalizing state frequencies so that sum of them equals to 1
388  Q.yeast+F+I+R2 2996.656     53  6099.312     6129.759     6284.226
399  JTTDCMut+G4   3011.511     32  6087.022     6097.128     6198.668
400  JTTDCMut+I+G4 3011.026     33  6088.052     6098.841     6203.187
410  JTTDCMut+I+R2 3009.189     34  6086.378     6097.876     6205.002
421  JTTDCMut+F+G4 3014.093     51  6130.186     6158.102     6308.122
422  JTTDCMut+F+I+G4 3013.750     52  6131.499     6160.663     6312.924
432  JTTDCMut+F+I+R2 3011.867     53  6129.735     6160.181     6314.648
443  DCMut+G4      3029.726     32  6123.452     6133.557     6235.098
444  DCMut+I+G4    3024.987     33  6115.974     6126.762     6231.109
454  DCMut+I+R2    3023.507     34  6115.015     6126.513     6233.639
465  DCMut+F+G4    3019.760     51  6141.520     6169.435     6319.455
466  DCMut+F+I+G4  3015.904     52  6135.807     6164.971     6317.232
476  DCMut+F+I+R2  3014.601     53  6135.202     6165.649     6320.116
487  VT+G4         3000.841     32  6065.682     6075.788     6177.328
488  VT+I+G4       3000.527     33  6067.053     6077.842     6182.188
498  VT+I+R2       2998.728     34  6065.455     6076.953     6184.079
509  VT+F+G4       2996.267     51  6094.535     6122.451     6272.471
510  VT+F+I+G4     2996.045     52  6096.090     6125.254     6277.515
520  VT+F+I+R2     2994.025     53  6094.051     6124.497     6278.964
531  PMB+G4        3010.387     32  6084.775     6094.880     6196.421
532  PMB+I+G4      3010.689     33  6087.377     6098.166     6202.512
542  PMB+I+R2      3009.098     34  6086.196     6097.694     6204.820
553  PMB+F+G4      3000.666     51  6103.332     6131.248     6281.268
554  PMB+F+I+G4    3000.768     52  6105.536     6134.700     6286.961
564  PMB+F+I+R2    2998.959     53  6103.918     6134.365     6288.832
575  Blosum62+G4   3004.468     32  6072.936     6083.041     6184.582
576  Blosum62+I+G4 3004.717     33  6075.435     6086.223     6190.570
586  Blosum62+I+R2 3003.300     34  6074.601     6086.098     6193.225
597  Blosum62+F+G4 2998.928     51  6099.857     6127.772     6277.792
598  Blosum62+F+I+G4 2998.843     52  6101.686     6130.850     6283.110
608  Blosum62+F+I+R2 2997.263     53  6100.526     6130.973     6285.440
619  Dayhoff+G4    3029.785     32  6123.569     6133.675     6235.215
620  Dayhoff+I+G4  3025.019     33  6116.037     6126.826     6231.172
630  Dayhoff+I+R2  3023.570     34  6115.139     6126.637     6233.763
641  Dayhoff+F+G4  3019.883     51  6141.766     6169.682     6319.702
642  Dayhoff+F+I+G4 3016.014     52  6136.027     6165.191     6317.452
652  Dayhoff+F+I+R2 3014.744     53  6135.489     6165.935     6320.402
663  mtREV+G4      3157.651     32  6379.303     6389.408     6490.949
664  mtREV+I+G4    3159.359     33  6384.719     6395.507     6499.854
674  mtREV+I+R2    3159.948     34  6387.895     6399.393     6506.519
685  mtREV+F+G4    3051.780     51  6205.560     6233.476     6383.496
686  mtREV+F+I+G4  3051.799     52  6207.597     6236.762     6389.022
696  mtREV+F+I+R2  3050.816     53  6207.633     6238.080     6392.547
707  mtART+G4      3169.075     32  6402.150     6412.256     6513.796
708  mtART+I+G4    3172.758     33  6411.517     6422.305     6526.652
718  mtART+I+R2    3176.565     34  6421.129     6432.627     6539.753
729  mtART+F+G4    3074.886     51  6251.771     6279.687     6429.707
730  mtART+F+I+G4  3075.654     52  6255.308     6284.472     6436.733
740  mtART+F+I+R2  3079.147     53  6264.295     6294.742     6449.209
751  mtZOA+G4      3109.319     32  6282.639     6292.744     6394.285
752  mtZOA+I+G4    3112.283     33  6290.566     6301.354     6405.701
762  mtZOA+I+R2    3115.919     34  6299.839     6311.336     6418.463
773  mtZOA+F+G4    3035.950     51  6173.901     6201.817     6351.837
774  mtZOA+F+I+G4  3035.638     52  6175.276     6204.440     6356.701
784  mtZOA+F+I+R2  3038.199     53  6182.399     6212.845     6367.312
795  mtMet+G4      3158.257     32  6380.515     6390.620     6492.161
796  mtMet+I+G4    3159.995     33  6385.989     6396.778     6501.124
806  mtMet+I+R2    3164.120     34  6396.240     6407.737     6514.863
817  mtMet+F+G4    3061.865     51  6225.729     6253.645     6403.665
818  mtMet+F+I+G4  3060.879     52  6225.759     6254.923     6407.184
828  mtMet+F+I+R2  3064.018     53  6234.037     6264.484     6418.950
839  mtVer+G4      3187.570     32  6439.140     6449.246     6550.786
840  mtVer+I+G4    3189.880     33  6445.761     6456.549     6560.896
850  mtVer+I+R2    3194.208     34  6456.416     6467.913     6575.040
861  mtVer+F+G4    3102.840     51  6307.680     6335.596     6485.616
862  mtVer+F+I+G4  3101.576     52  6307.152     6336.316     6488.577
872  mtVer+F+I+R2  3105.973     53  6317.945     6348.392     6502.859
883  mtInv+G4      3167.778     32  6399.556     6409.661     6511.202
884  mtInv+I+G4    3169.428     33  6404.856     6415.644     6519.991
894  mtInv+I+R2    3171.903     34  6411.805     6423.303     6530.429
905  mtInv+F+G4    3037.027     51  6176.053     6203.969     6353.989
906  mtInv+F+I+G4  3036.117     52  6176.234     6205.398     6357.658
916  mtInv+F+I+R2  3037.318     53  6180.636     6211.083     6365.550
927  mtMAM+G4      3215.413     32  6494.826     6504.932     6606.472
928  mtMAM+I+G4    3215.539     33  6497.079     6507.867     6612.214
938  mtMAM+I+R2    3223.372     34  6514.744     6526.242     6633.368
949  mtMAM+F+G4    3123.191     51  6348.381     6376.297     6526.317
950  mtMAM+F+I+G4  3123.437     52  6350.875     6380.039     6532.299
960  mtMAM+F+I+R2  3128.694     53  6363.389     6393.835     6548.302
WARNING: Normalizing state frequencies so that sum of them equals to 1
971  FLAVI+G4      3127.527     32  6319.055     6329.160     6430.701
WARNING: Normalizing state frequencies so that sum of them equals to 1
972  FLAVI+I+G4    3127.957     33  6321.914     6332.703     6437.049
WARNING: Normalizing state frequencies so that sum of them equals to 1
982  FLAVI+I+R2    3129.980     34  6327.960     6339.458     6446.584
WARNING: Normalizing state frequencies so that sum of them equals to 1
993  FLAVI+F+G4    3134.863     51  6371.725     6399.641     6549.661
WARNING: Normalizing state frequencies so that sum of them equals to 1
994  FLAVI+F+I+G4  3134.158     52  6372.315     6401.479     6553.740
WARNING: Normalizing state frequencies so that sum of them equals to 1
1004  FLAVI+F+I+R2  3136.000     53  6378.001     6408.447     6562.914
1015  HIVb+G4       3096.233     32  6256.465     6266.571     6368.111
1016  HIVb+I+G4     3095.687     33  6257.373     6268.161     6372.508
1026  HIVb+I+R2     3093.421     34  6254.842     6266.339     6373.466
1037  HIVb+F+G4     3088.627     51  6279.254     6307.169     6457.189
1038  HIVb+F+I+G4   3087.989     52  6279.978     6309.142     6461.403
1048  HIVb+F+I+R2   3085.402     53  6276.805     6307.251     6461.718
1059  HIVw+G4       3196.420     32  6456.840     6466.945     6568.486
1060  HIVw+I+G4     3191.220     33  6448.441     6459.229     6563.576
1070  HIVw+I+R2     3193.141     34  6454.283     6465.780     6572.907
1081  HIVw+F+G4     3155.218     51  6412.436     6440.352     6590.372
1082  HIVw+F+I+G4   3151.506     52  6407.011     6436.175     6588.436
1092  HIVw+F+I+R2   3152.245     53  6410.489     6440.936     6595.403
1103  FLU+G4        3059.563     32  6183.125     6193.230     6294.771
1104  FLU+I+G4      3057.817     33  6181.635     6192.423     6296.770
1114  FLU+I+R2      3059.006     34  6186.012     6197.509     6304.636
1125  FLU+F+G4      3047.227     51  6196.453     6224.369     6374.389
1126  FLU+F+I+G4    3046.296     52  6196.592     6225.756     6378.017
1136  FLU+F+I+R2    3047.710     53  6201.420     6231.867     6386.334
1147  rtREV+G4      3023.156     32  6110.311     6120.416     6221.957
1148  rtREV+I+G4    3023.231     33  6112.462     6123.251     6227.597
1158  rtREV+I+R2    3022.425     34  6112.849     6124.347     6231.473
1169  rtREV+F+G4    3005.039     51  6112.079     6139.995     6290.015
1170  rtREV+F+I+G4  3004.992     52  6113.984     6143.148     6295.409
1180  rtREV+F+I+R2  3004.391     53  6114.782     6145.228     6299.695
1191  cpREV+G4      3025.194     32  6114.388     6124.493     6226.034
1192  cpREV+I+G4    3024.009     33  6114.017     6124.806     6229.152
1202  cpREV+I+R2    3021.920     34  6111.841     6123.338     6230.465
1213  cpREV+F+G4    3011.872     51  6125.743     6153.659     6303.679
1214  cpREV+F+I+G4  3008.940     52  6121.881     6151.045     6303.305
1224  cpREV+F+I+R2  3007.337     53  6120.674     6151.121     6305.588
Akaike Information Criterion:           LG+G4
Corrected Akaike Information Criterion: LG+G4
Bayesian Information Criterion:         LG+G4
Best-fit model: LG+G4 chosen according to BIC
NOTE: 10.882 seconds to dump checkpoint file, increase to 218.000

All model information printed to FungalCW_tree_20231129/384315at4751.aa.mfa.model.gz
CPU time for ModelFinder: 24.413 seconds (0h:0m:24s)
Wall-clock time for ModelFinder: 25.715 seconds (0h:0m:25s)
Generating 1000 samples for ultrafast bootstrap (seed: 735346)...

NOTE: 2 MB RAM (0 GB) is required!
Estimate model parameters (epsilon = 0.100)
1. Initial log-likelihood: -2986.143
Optimal log-likelihood: -2986.143
Gamma shape alpha: 0.368
Parameters optimization took 1 rounds (0.016 sec)
Wrote distance file to... 
Computing ML distances based on estimated model parameters...
Calculating distance matrix: done in 0.035146 secs using 196% CPU
Computing ML distances took 0.035292 sec (of wall-clock time) 0.069072 sec (of CPU time)
Setting up auxiliary I and S matrices: done in 4.60148e-05 secs using 197.8% CPU
Constructing RapidNJ tree: done in 0.000261784 secs using 142.9% CPU
Computing RapidNJ tree took 0.000390 sec (of wall-clock time) 0.000575 sec (of CPU time)
Log-likelihood of RapidNJ tree: -3023.213
--------------------------------------------------------------------
|             INITIALIZING CANDIDATE TREE SET                      |
--------------------------------------------------------------------
Generating 98 parsimony trees... 0.187 second
Computing log-likelihood of 98 initial trees ... 0.552 seconds
Current best score: -2986.143

Do NNI search on 20 best initial trees
Optimizing NNI: done in 0.0245712 secs using 197.4% CPU
Estimate model parameters (epsilon = 0.100)
BETTER TREE FOUND at iteration 1: -2986.143
Optimizing NNI: done in 0.077029 secs using 196.9% CPU
Estimate model parameters (epsilon = 0.100)
BETTER TREE FOUND at iteration 2: -2982.091
Optimizing NNI: done in 0.058337 secs using 198.2% CPU
Optimizing NNI: done in 0.0698271 secs using 198% CPU
Optimizing NNI: done in 0.0449159 secs using 197.4% CPU
Optimizing NNI: done in 0.108544 secs using 196.3% CPU
Optimizing NNI: done in 0.0674901 secs using 196.6% CPU
Optimizing NNI: done in 0.0459619 secs using 197.8% CPU
Optimizing NNI: done in 0.071111 secs using 197% CPU
Optimizing NNI: done in 0.0708449 secs using 196.8% CPU
Iteration 10 / LogL: -2984.745 / Time: 0h:0m:2s
Optimizing NNI: done in 0.0886531 secs using 197.2% CPU
Optimizing NNI: done in 0.0804441 secs using 197.3% CPU
Optimizing NNI: done in 0.0608382 secs using 199% CPU
Optimizing NNI: done in 0.0525501 secs using 198% CPU
Optimizing NNI: done in 0.0536361 secs using 197.8% CPU
Optimizing NNI: done in 0.07937 secs using 197.5% CPU
Optimizing NNI: done in 0.0805089 secs using 198.5% CPU
Optimizing NNI: done in 0.0639319 secs using 199.1% CPU
Optimizing NNI: done in 0.086616 secs using 198.3% CPU
Optimizing NNI: done in 0.104599 secs using 198% CPU
Iteration 20 / LogL: -2986.155 / Time: 0h:0m:2s
Finish initializing candidate tree set (5)
Current best tree score: -2982.091 / CPU time: 2.215
Number of iterations: 20
--------------------------------------------------------------------
|               OPTIMIZING CANDIDATE TREE SET                      |
--------------------------------------------------------------------
Optimizing NNI: done in 0.0966189 secs using 198.3% CPU
Optimizing NNI: done in 0.109166 secs using 198.4% CPU
Optimizing NNI: done in 0.089916 secs using 197.9% CPU
Optimizing NNI: done in 0.092268 secs using 198% CPU
Optimizing NNI: done in 0.0985761 secs using 198.6% CPU
Optimizing NNI: done in 0.100507 secs using 198.4% CPU
Optimizing NNI: done in 0.0803299 secs using 196.3% CPU
Optimizing NNI: done in 0.130407 secs using 197.5% CPU
Optimizing NNI: done in 0.083631 secs using 196.8% CPU
Optimizing NNI: done in 0.0867229 secs using 196.9% CPU
Iteration 30 / LogL: -2982.122 / Time: 0h:0m:3s (0h:0m:9s left)
Optimizing NNI: done in 0.101787 secs using 198.3% CPU
Optimizing NNI: done in 0.107447 secs using 198.4% CPU
Optimizing NNI: done in 0.089143 secs using 198.2% CPU
Optimizing NNI: done in 0.10469 secs using 198.6% CPU
Optimizing NNI: done in 0.127227 secs using 198.7% CPU
Optimizing NNI: done in 0.097924 secs using 198.4% CPU
Optimizing NNI: done in 0.0965528 secs using 197.7% CPU
Optimizing NNI: done in 0.101986 secs using 198.6% CPU
Optimizing NNI: done in 0.0678861 secs using 199.4% CPU
Optimizing NNI: done in 0.10681 secs using 197.8% CPU
Iteration 40 / LogL: -2982.139 / Time: 0h:0m:4s (0h:0m:7s left)
Optimizing NNI: done in 0.139762 secs using 198.5% CPU
Optimizing NNI: done in 0.136357 secs using 198.3% CPU
Optimizing NNI: done in 0.101589 secs using 198.2% CPU
Optimizing NNI: done in 0.0691919 secs using 198.2% CPU
Optimizing NNI: done in 0.0967391 secs using 199.1% CPU
Optimizing NNI: done in 0.0860229 secs using 198.7% CPU
Optimizing NNI: done in 0.0633771 secs using 198.4% CPU
Optimizing NNI: done in 0.100672 secs using 198.9% CPU
Optimizing NNI: done in 0.052048 secs using 198.2% CPU
Optimizing NNI: done in 0.0974262 secs using 197.5% CPU
Iteration 50 / LogL: -2987.942 / Time: 0h:0m:5s (0h:0m:6s left)
Log-likelihood cutoff on original alignment: -3019.834
Optimizing NNI: done in 0.0699859 secs using 198.1% CPU
Optimizing NNI: done in 0.0642641 secs using 198.6% CPU
Optimizing NNI: done in 0.0847371 secs using 197.8% CPU
Optimizing NNI: done in 0.116122 secs using 196% CPU
Optimizing NNI: done in 0.0748219 secs using 196.8% CPU
Optimizing NNI: done in 0.060559 secs using 197.4% CPU
Optimizing NNI: done in 0.0748529 secs using 195.6% CPU
Optimizing NNI: done in 0.0792298 secs using 198.7% CPU
Optimizing NNI: done in 0.144002 secs using 197.1% CPU
Optimizing NNI: done in 0.085732 secs using 197.2% CPU
Iteration 60 / LogL: -2982.104 / Time: 0h:0m:6s (0h:0m:4s left)
Optimizing NNI: done in 0.141896 secs using 197.9% CPU
Optimizing NNI: done in 0.13686 secs using 198.1% CPU
Optimizing NNI: done in 0.101412 secs using 196.5% CPU
Optimizing NNI: done in 0.126246 secs using 198.1% CPU
Optimizing NNI: done in 0.116045 secs using 196.9% CPU
Optimizing NNI: done in 0.065316 secs using 197.5% CPU
Optimizing NNI: done in 0.0650671 secs using 198.6% CPU
Optimizing NNI: done in 0.135799 secs using 197.6% CPU
Optimizing NNI: done in 0.08883 secs using 197.7% CPU
Optimizing NNI: done in 0.04829 secs using 198.3% CPU
Iteration 70 / LogL: -2982.303 / Time: 0h:0m:8s (0h:0m:3s left)
Optimizing NNI: done in 0.066097 secs using 196.6% CPU
Optimizing NNI: done in 0.053153 secs using 197.5% CPU
Optimizing NNI: done in 0.0661762 secs using 198.7% CPU
Optimizing NNI: done in 0.0872021 secs using 198.7% CPU
Optimizing NNI: done in 0.081296 secs using 198% CPU
Optimizing NNI: done in 0.0951831 secs using 198.2% CPU
Optimizing NNI: done in 0.113294 secs using 197.9% CPU
Optimizing NNI: done in 0.117307 secs using 197.5% CPU
Optimizing NNI: done in 0.119255 secs using 197.4% CPU
Optimizing NNI: done in 0.0971229 secs using 197.8% CPU
Iteration 80 / LogL: -2982.303 / Time: 0h:0m:9s (0h:0m:2s left)
Optimizing NNI: done in 0.0934031 secs using 197.6% CPU
Optimizing NNI: done in 0.128864 secs using 197.9% CPU
Optimizing NNI: done in 0.0780609 secs using 198% CPU
Optimizing NNI: done in 0.06267 secs using 197.9% CPU
Optimizing NNI: done in 0.092798 secs using 196.4% CPU
Optimizing NNI: done in 0.0712841 secs using 198% CPU
Optimizing NNI: done in 0.124947 secs using 198% CPU
Optimizing NNI: done in 0.0634491 secs using 196.4% CPU
Optimizing NNI: done in 0.0947182 secs using 198.1% CPU
Optimizing NNI: done in 0.119721 secs using 197.5% CPU
Iteration 90 / LogL: -2982.599 / Time: 0h:0m:10s (0h:0m:1s left)
Optimizing NNI: done in 0.0897801 secs using 198.4% CPU
Optimizing NNI: done in 0.063549 secs using 197.8% CPU
Optimizing NNI: done in 0.087976 secs using 197% CPU
Optimizing NNI: done in 0.065167 secs using 197.4% CPU
Optimizing NNI: done in 0.093533 secs using 197.9% CPU
Optimizing NNI: done in 0.0897641 secs using 198% CPU
Optimizing NNI: done in 0.065135 secs using 197.8% CPU
Optimizing NNI: done in 0.105011 secs using 198% CPU
Optimizing NNI: done in 0.0744681 secs using 198% CPU
Optimizing NNI: done in 0.108216 secs using 197.9% CPU
Iteration 100 / LogL: -2982.232 / Time: 0h:0m:10s (0h:0m:0s left)
Log-likelihood cutoff on original alignment: -3019.834
NOTE: Bootstrap correlation coefficient of split occurrence frequencies: 1.000
Optimizing NNI: done in 0.0938671 secs using 197.5% CPU
Optimizing NNI: done in 0.066082 secs using 197.3% CPU
Optimizing NNI: done in 0.07058 secs using 198.2% CPU
TREE SEARCH COMPLETED AFTER 103 ITERATIONS / Time: 0h:0m:11s

--------------------------------------------------------------------
|                    FINALIZING TREE SEARCH                        |
--------------------------------------------------------------------
Performs final model parameters optimization
Estimate model parameters (epsilon = 0.010)
1. Initial log-likelihood: -2982.091
Optimal log-likelihood: -2982.090
Gamma shape alpha: 0.368
Parameters optimization took 1 rounds (0.016 sec)
BEST SCORE FOUND : -2982.090

Testing tree branches by SH-like aLRT with 1000 replicates...
0.074 sec.
Creating bootstrap support values...
Split supports printed to NEXUS file FungalCW_tree_20231129/384315at4751.aa.mfa.splits.nex
Total tree length: 3.244

Total number of iterations: 103
CPU time used for tree search: 20.769 sec (0h:0m:20s)
Wall-clock time used for tree search: 10.559 sec (0h:0m:10s)
Total CPU time used: 21.653 sec (0h:0m:21s)
Total wall-clock time used: 11.670 sec (0h:0m:11s)

Computing bootstrap consensus tree...
Reading input file FungalCW_tree_20231129/384315at4751.aa.mfa.splits.nex...
17 taxa and 123 splits.
Consensus tree written to FungalCW_tree_20231129/384315at4751.aa.mfa.contree
Reading input trees file FungalCW_tree_20231129/384315at4751.aa.mfa.contree
Log-likelihood of consensus tree: -2982.090

Analysis results written to: 
  IQ-TREE report:                FungalCW_tree_20231129/384315at4751.aa.mfa.iqtree
  Maximum-likelihood tree:       FungalCW_tree_20231129/384315at4751.aa.mfa.treefile
  Likelihood distances:          FungalCW_tree_20231129/384315at4751.aa.mfa.mldist

Ultrafast bootstrap approximation results written to:
  Split support values:          FungalCW_tree_20231129/384315at4751.aa.mfa.splits.nex
  Consensus tree:                FungalCW_tree_20231129/384315at4751.aa.mfa.contree
  Screen log file:               FungalCW_tree_20231129/384315at4751.aa.mfa.log

Date and Time: Wed Nov 29 01:36:23 2023
