IQ-TREE multicore version 2.2.2.6 COVID-edition for Linux 64-bit built May 27 2023
Developed by Bui Quang Minh, James Barbetti, Nguyen Lam Tung,
Olga Chernomor, Heiko Schmidt, Dominik Schrempf, Michael Woodhams, Ly Trong Nhan.

Host:    r12 (AVX2, FMA3, 503 GB RAM)
Command: iqtree2 -s FungalCW_tree_20231129/392558at4751.aa.mfa -gz -B 1000 -alrt 1000 -nt 2
Seed:    563970 (Using SPRNG - Scalable Parallel Random Number Generator)
Time:    Wed Nov 29 02:24:41 2023
Kernel:  AVX+FMA - 2 threads (2 CPU cores detected)

Reading alignment file FungalCW_tree_20231129/392558at4751.aa.mfa ... Fasta format detected
Reading fasta file: done in 0.00018096 secs using 81.79% CPU
Alignment most likely contains protein sequences
Constructing alignment: done in 0.000424147 secs using 155.6% CPU
Alignment has 14 sequences with 355 columns, 348 distinct patterns
145 parsimony-informative, 181 singleton sites, 29 constant sites
                                                               Gap/Ambiguity  Composition  p-value
Analyzing sequences: done in 0.000104904 secs using 124.9% CPU
   1  Basidiobolus_meristosporus_CBS_931.73.Basme2finSC.v1            53.80%    passed     35.83%
   2  Colletotrichum_graminicola_M1.001                               38.31%    passed     15.62%
   3  Colletotrichum_higginsianum_IMI_349063                          38.31%    passed     32.27%
   4  Fusarium_graminearum_PH-1                                       50.14%    passed     63.26%
   5  Fusarium_verticillioides_7600                                   48.73%    passed     46.69%
   6  Gilbertella_persicaria_var_persicaria_CBS_190.32-T.Gilper1.v1   49.30%    passed     88.97%
   7  Mortierella_elongata_AG-77                                      43.38%    passed     99.33%
   8  Mucor_mucedo_NRRL_3635                                          51.55%    passed     81.95%
   9  Phycomyces_blakesleeanus_NRRL_1555.Phybl2.v2                    47.89%    passed     89.18%
  10  Rhizopus_stolonifer_NRRL_66455                                  52.96%    passed     28.88%
  11  Trichoderma_harzianum_CBS_226.95                                43.66%    passed     81.25%
  12  Umbelopsis_ramanniana_NRRL_5844.Umbra1.v1                       45.07%    passed     80.89%
  13  Ustilago_maydis                                                 39.72%    passed     22.24%
  14  Zymoseptoria_tritici_IP0323                                     45.35%    passed     17.17%
WARNING: 4 sequences contain more than 50% gaps/ambiguity
****  TOTAL                                                           46.30%  0 sequences failed composition chi2 test (p-value<5%; df=19)
Checking for duplicate sequences: done in 4.1008e-05 secs using 204.8% CPU


Create initial parsimony tree by phylogenetic likelihood library (PLL)... 0.001 seconds
Perform fast likelihood tree search using LG+I+G model...
Estimate model parameters (epsilon = 5.000)
Perform nearest neighbor interchange...
Optimizing NNI: done in 0.059622 secs using 198.9% CPU
Estimate model parameters (epsilon = 1.000)
1. Initial log-likelihood: -5044.013
Optimal log-likelihood: -5043.774
Proportion of invariable sites: 0.030
Gamma shape alpha: 1.535
Parameters optimization took 1 rounds (0.041 sec)
Time for fast ML tree search: 0.189 seconds

NOTE: ModelFinder requires 9 MB RAM!
ModelFinder will test up to 1232 protein models (sample size: 355) ...
 No. Model         -LnL         df  AIC          AICc         BIC
  1  LG            5135.628     25  10321.256    10325.207    10418.059
  2  LG+I          5103.782     26  10259.564    10263.845    10360.239
  3  LG+G4         5045.291     26  10142.583    10146.863    10243.258
  4  LG+I+G4       5043.733     27  10141.465    10146.089    10246.012
  5  LG+R2         5051.654     27  10157.309    10161.932    10261.856
  6  LG+R3         5042.949     29  10143.897    10149.251    10256.189
  7  LG+R4         5041.386     31  10144.772    10150.915    10264.808
 14  LG+I+R2       5047.300     28  10150.599    10155.581    10259.019
 15  LG+I+R3       5040.211     30  10140.421    10146.162    10256.585
 16  LG+I+R4       5040.227     32  10144.455    10151.014    10268.363
 25  LG+F+G4       5015.446     45  10120.892    10134.290    10295.137
 26  LG+F+I+G4     5013.858     46  10119.716    10133.755    10297.833
 47  WAG+G4        5037.976     26  10127.953    10132.233    10228.628
 48  WAG+I+G4      5035.590     27  10125.180    10129.804    10229.727
 69  WAG+F+G4      5018.753     45  10127.507    10140.905    10301.752
 70  WAG+F+I+G4    5016.523     46  10125.047    10139.086    10303.164
 91  JTT+G4        5056.037     26  10164.075    10168.355    10264.750
 92  JTT+I+G4      5054.240     27  10162.479    10167.103    10267.026
113  JTT+F+G4      5030.446     45  10150.891    10164.289    10325.136
114  JTT+F+I+G4    5028.603     46  10149.205    10163.244    10327.323
WARNING: Normalizing state frequencies so that sum of them equals to 1
135  Q.pfam+G4     5031.331     26  10114.662    10118.943    10215.337
WARNING: Normalizing state frequencies so that sum of them equals to 1
136  Q.pfam+I+G4   5029.905     27  10113.809    10118.433    10218.356
WARNING: Normalizing state frequencies so that sum of them equals to 1
157  Q.pfam+F+G4   5011.630     45  10113.260    10126.658    10287.505
WARNING: Normalizing state frequencies so that sum of them equals to 1
158  Q.pfam+F+I+G4 5010.217     46  10112.433    10126.472    10290.551
WARNING: Normalizing state frequencies so that sum of them equals to 1
179  Q.bird+G4     5137.626     26  10327.252    10331.533    10427.927
WARNING: Normalizing state frequencies so that sum of them equals to 1
180  Q.bird+I+G4   5135.781     27  10325.562    10330.186    10430.109
WARNING: Normalizing state frequencies so that sum of them equals to 1
201  Q.bird+F+G4   5101.173     45  10292.345    10305.743    10466.591
WARNING: Normalizing state frequencies so that sum of them equals to 1
202  Q.bird+F+I+G4 5099.147     46  10290.294    10304.333    10468.411
WARNING: Normalizing state frequencies so that sum of them equals to 1
223  Q.mammal+G4   5105.079     26  10262.157    10266.438    10362.832
WARNING: Normalizing state frequencies so that sum of them equals to 1
224  Q.mammal+I+G4 5103.524     27  10261.048    10265.671    10365.595
WARNING: Normalizing state frequencies so that sum of them equals to 1
245  Q.mammal+F+G4 5071.077     45  10232.154    10245.552    10406.399
WARNING: Normalizing state frequencies so that sum of them equals to 1
246  Q.mammal+F+I+G4 5069.392     46  10230.783    10244.822    10408.901
267  Q.insect+G4   5055.646     26  10163.292    10167.573    10263.967
268  Q.insect+I+G4 5054.205     27  10162.410    10167.033    10266.957
289  Q.insect+F+G4 5004.466     45  10098.932    10112.330    10273.177
290  Q.insect+F+I+G4 5003.022     46  10098.044    10112.083    10276.162
WARNING: Normalizing state frequencies so that sum of them equals to 1
311  Q.plant+G4    5082.923     26  10217.846    10222.127    10318.521
WARNING: Normalizing state frequencies so that sum of them equals to 1
312  Q.plant+I+G4  5081.059     27  10216.119    10220.743    10320.666
WARNING: Normalizing state frequencies so that sum of them equals to 1
333  Q.plant+F+G4  5044.690     45  10179.380    10192.778    10353.625
WARNING: Normalizing state frequencies so that sum of them equals to 1
334  Q.plant+F+I+G4 5042.954     46  10177.907    10191.946    10356.025
WARNING: Normalizing state frequencies so that sum of them equals to 1
355  Q.yeast+G4    5055.207     26  10162.415    10166.695    10263.090
WARNING: Normalizing state frequencies so that sum of them equals to 1
356  Q.yeast+I+G4  5054.253     27  10162.505    10167.129    10267.053
WARNING: Normalizing state frequencies so that sum of them equals to 1
377  Q.yeast+F+G4  5006.045     45  10102.090    10115.488    10276.335
WARNING: Normalizing state frequencies so that sum of them equals to 1
378  Q.yeast+F+I+G4 5005.080     46  10102.160    10116.199    10280.277
399  JTTDCMut+G4   5055.517     26  10163.033    10167.314    10263.708
400  JTTDCMut+I+G4 5053.707     27  10161.413    10166.037    10265.961
421  JTTDCMut+F+G4 5030.336     45  10150.671    10164.069    10324.917
422  JTTDCMut+F+I+G4 5028.478     46  10148.955    10162.994    10327.072
443  DCMut+G4      5074.136     26  10200.273    10204.553    10300.948
444  DCMut+I+G4    5071.856     27  10197.712    10202.336    10302.260
465  DCMut+F+G4    5035.306     45  10160.612    10174.010    10334.857
466  DCMut+F+I+G4  5033.210     46  10158.419    10172.458    10336.537
487  VT+G4         5034.485     26  10120.970    10125.250    10221.645
488  VT+I+G4       5032.076     27  10118.152    10122.775    10222.699
509  VT+F+G4       5016.397     45  10122.793    10136.191    10297.039
510  VT+F+I+G4     5013.983     46  10119.965    10134.004    10298.082
531  PMB+G4        5068.858     26  10189.716    10193.996    10290.391
532  PMB+I+G4      5065.692     27  10185.384    10190.008    10289.931
553  PMB+F+G4      5035.853     45  10161.705    10175.103    10335.951
554  PMB+F+I+G4    5032.742     46  10157.484    10171.523    10335.601
575  Blosum62+G4   5076.033     26  10204.067    10208.347    10304.742
576  Blosum62+I+G4 5073.313     27  10200.627    10205.251    10305.174
597  Blosum62+F+G4 5033.740     45  10157.480    10170.878    10331.725
598  Blosum62+F+I+G4 5031.148     46  10154.296    10168.335    10332.414
619  Dayhoff+G4    5074.288     26  10200.577    10204.857    10301.252
620  Dayhoff+I+G4  5072.004     27  10198.008    10202.632    10302.555
641  Dayhoff+F+G4  5035.471     45  10160.942    10174.340    10335.187
642  Dayhoff+F+I+G4 5033.369     46  10158.738    10172.777    10336.855
663  mtREV+G4      5263.827     26  10579.654    10583.935    10680.329
664  mtREV+I+G4    5260.139     27  10574.278    10578.902    10678.826
685  mtREV+F+G4    5075.994     45  10241.988    10255.386    10416.233
686  mtREV+F+I+G4  5072.555     46  10237.111    10251.150    10415.228
707  mtART+G4      5326.625     26  10705.251    10709.531    10805.926
708  mtART+I+G4    5325.092     27  10704.184    10708.808    10808.731
729  mtART+F+G4    5092.548     45  10275.097    10288.495    10449.342
730  mtART+F+I+G4  5091.013     46  10274.026    10288.065    10452.144
751  mtZOA+G4      5250.059     26  10552.118    10556.398    10652.793
752  mtZOA+I+G4    5248.255     27  10550.509    10555.133    10655.056
773  mtZOA+F+G4    5068.791     45  10227.582    10240.980    10401.827
774  mtZOA+F+I+G4  5067.104     46  10226.208    10240.247    10404.326
795  mtMet+G4      5314.414     26  10680.828    10685.109    10781.503
796  mtMet+I+G4    5312.759     27  10679.518    10684.142    10784.066
817  mtMet+F+G4    5077.486     45  10244.973    10258.371    10419.218
818  mtMet+F+I+G4  5075.708     46  10243.416    10257.455    10421.534
839  mtVer+G4      5314.232     26  10680.465    10684.745    10781.140
840  mtVer+I+G4    5313.398     27  10680.797    10685.421    10785.344
861  mtVer+F+G4    5125.829     45  10341.659    10355.057    10515.904
862  mtVer+F+I+G4  5124.600     46  10341.201    10355.240    10519.318
883  mtInv+G4      5382.980     26  10817.959    10822.240    10918.635
884  mtInv+I+G4    5380.399     27  10814.799    10819.423    10919.346
905  mtInv+F+G4    5051.854     45  10193.708    10207.106    10367.953
906  mtInv+F+I+G4  5050.078     46  10192.155    10206.194    10370.273
927  mtMAM+G4      5345.088     26  10742.176    10746.456    10842.851
928  mtMAM+I+G4    5343.207     27  10740.415    10745.039    10844.962
949  mtMAM+F+G4    5148.734     45  10387.468    10400.866    10561.713
950  mtMAM+F+I+G4  5146.736     46  10385.472    10399.511    10563.589
WARNING: Normalizing state frequencies so that sum of them equals to 1
971  FLAVI+G4      5237.119     26  10526.239    10530.519    10626.914
WARNING: Normalizing state frequencies so that sum of them equals to 1
972  FLAVI+I+G4    5236.702     27  10527.405    10532.029    10631.952
WARNING: Normalizing state frequencies so that sum of them equals to 1
993  FLAVI+F+G4    5172.736     45  10435.472    10448.870    10609.717
WARNING: Normalizing state frequencies so that sum of them equals to 1
994  FLAVI+F+I+G4  5172.096     46  10436.191    10450.230    10614.309
1015  HIVb+G4       5169.696     26  10391.392    10395.672    10492.067
1016  HIVb+I+G4     5167.035     27  10388.071    10392.695    10492.618
1037  HIVb+F+G4     5099.275     45  10288.550    10301.948    10462.796
1038  HIVb+F+I+G4   5096.211     46  10284.423    10298.462    10462.540
1059  HIVw+G4       5327.233     26  10706.465    10710.746    10807.140
1060  HIVw+I+G4     5325.962     27  10705.924    10710.548    10810.471
1081  HIVw+F+G4     5190.932     45  10471.864    10485.262    10646.109
1082  HIVw+F+I+G4   5188.937     46  10469.873    10483.912    10647.991
1103  FLU+G4        5139.201     26  10330.402    10334.683    10431.077
1104  FLU+I+G4      5138.357     27  10330.713    10335.337    10435.260
1125  FLU+F+G4      5076.134     45  10242.268    10255.666    10416.513
1126  FLU+F+I+G4    5075.081     46  10242.161    10256.200    10420.279
1147  rtREV+G4      5064.284     26  10180.569    10184.849    10281.244
1148  rtREV+I+G4    5062.621     27  10179.241    10183.865    10283.789
1169  rtREV+F+G4    5012.620     45  10115.240    10128.638    10289.485
1170  rtREV+F+I+G4  5010.695     46  10113.390    10127.429    10291.507
1191  cpREV+G4      5074.866     26  10201.733    10206.013    10302.408
1192  cpREV+I+G4    5072.806     27  10199.611    10204.235    10304.158
1213  cpREV+F+G4    5038.763     45  10167.527    10180.925    10341.772
1214  cpREV+F+I+G4  5036.796     46  10165.592    10179.631    10343.710
Akaike Information Criterion:           Q.insect+F+I+G4
Corrected Akaike Information Criterion: Q.insect+F+I+G4
Bayesian Information Criterion:         Q.pfam+G4
Best-fit model: Q.pfam+G4 chosen according to BIC

All model information printed to FungalCW_tree_20231129/392558at4751.aa.mfa.model.gz
CPU time for ModelFinder: 30.487 seconds (0h:0m:30s)
Wall-clock time for ModelFinder: 17.692 seconds (0h:0m:17s)
Generating 1000 samples for ultrafast bootstrap (seed: 563970)...
WARNING: Normalizing state frequencies so that sum of them equals to 1

NOTE: 4 MB RAM (0 GB) is required!
Estimate model parameters (epsilon = 0.100)
1. Initial log-likelihood: -5031.331
Optimal log-likelihood: -5031.325
Gamma shape alpha: 1.323
Parameters optimization took 1 rounds (0.023 sec)
Wrote distance file to... 
Computing ML distances based on estimated model parameters...
Calculating distance matrix: done in 0.0159872 secs using 199.1% CPU
Computing ML distances took 0.016096 sec (of wall-clock time) 0.032010 sec (of CPU time)
Setting up auxiliary I and S matrices: done in 5.10216e-05 secs using 99.96% CPU
Constructing RapidNJ tree: done in 0.000226974 secs using 170.5% CPU
Computing RapidNJ tree took 0.000354 sec (of wall-clock time) 0.000492 sec (of CPU time)
Log-likelihood of RapidNJ tree: -5031.325
--------------------------------------------------------------------
|             INITIALIZING CANDIDATE TREE SET                      |
--------------------------------------------------------------------
Generating 99 parsimony trees... 0.173 second
Computing log-likelihood of 99 initial trees ... 0.725 seconds
Current best score: -5031.325

Do NNI search on 20 best initial trees
Optimizing NNI: done in 0.0489171 secs using 196.2% CPU
Estimate model parameters (epsilon = 0.100)
BETTER TREE FOUND at iteration 1: -5031.194
Optimizing NNI: done in 0.0976679 secs using 198.4% CPU
Optimizing NNI: done in 0.065634 secs using 198.3% CPU
Optimizing NNI: done in 0.139874 secs using 197.6% CPU
Optimizing NNI: done in 0.101004 secs using 198.5% CPU
Optimizing NNI: done in 0.0894139 secs using 198.7% CPU
Optimizing NNI: done in 0.086345 secs using 198.5% CPU
Optimizing NNI: done in 0.0658379 secs using 196.9% CPU
Optimizing NNI: done in 0.0974331 secs using 198.4% CPU
Optimizing NNI: done in 0.100551 secs using 198.6% CPU
Iteration 10 / LogL: -5031.463 / Time: 0h:0m:1s
Optimizing NNI: done in 0.089627 secs using 198.6% CPU
Optimizing NNI: done in 0.0956051 secs using 198.4% CPU
Optimizing NNI: done in 0.081706 secs using 198.5% CPU
Optimizing NNI: done in 0.0989621 secs using 199% CPU
Optimizing NNI: done in 0.125428 secs using 198.2% CPU
Optimizing NNI: done in 0.098604 secs using 198.3% CPU
Optimizing NNI: done in 0.088762 secs using 198.3% CPU
Optimizing NNI: done in 0.090137 secs using 198.4% CPU
Optimizing NNI: done in 0.084826 secs using 198% CPU
Optimizing NNI: done in 0.100511 secs using 197.7% CPU
Iteration 20 / LogL: -5033.252 / Time: 0h:0m:2s
Finish initializing candidate tree set (2)
Current best tree score: -5031.194 / CPU time: 2.809
Number of iterations: 20
--------------------------------------------------------------------
|               OPTIMIZING CANDIDATE TREE SET                      |
--------------------------------------------------------------------
Optimizing NNI: done in 0.0996912 secs using 198.7% CPU
Optimizing NNI: done in 0.121222 secs using 198.8% CPU
Optimizing NNI: done in 0.0870399 secs using 198.8% CPU
Optimizing NNI: done in 0.090436 secs using 197.9% CPU
Optimizing NNI: done in 0.115233 secs using 199.2% CPU
Optimizing NNI: done in 0.05323 secs using 199.8% CPU
Optimizing NNI: done in 0.127328 secs using 198.5% CPU
Optimizing NNI: done in 0.127631 secs using 199.1% CPU
Optimizing NNI: done in 0.065716 secs using 199.4% CPU
Optimizing NNI: done in 0.0851879 secs using 198.4% CPU
Iteration 30 / LogL: -5033.246 / Time: 0h:0m:3s (0h:0m:9s left)
Optimizing NNI: done in 0.100217 secs using 198.2% CPU
Optimizing NNI: done in 0.0875609 secs using 198.9% CPU
Optimizing NNI: done in 0.064312 secs using 198.9% CPU
Optimizing NNI: done in 0.107786 secs using 198.5% CPU
Optimizing NNI: done in 0.093895 secs using 199.3% CPU
Optimizing NNI: done in 0.099196 secs using 198.6% CPU
Optimizing NNI: done in 0.0883679 secs using 199.3% CPU
Optimizing NNI: done in 0.0966868 secs using 199.1% CPU
Optimizing NNI: done in 0.120557 secs using 198.5% CPU
Optimizing NNI: done in 0.133311 secs using 198.6% CPU
Iteration 40 / LogL: -5036.801 / Time: 0h:0m:4s (0h:0m:7s left)
Optimizing NNI: done in 0.102127 secs using 197.3% CPU
Optimizing NNI: done in 0.0636401 secs using 199.2% CPU
Optimizing NNI: done in 0.118316 secs using 198.4% CPU
Optimizing NNI: done in 0.089344 secs using 197.4% CPU
Optimizing NNI: done in 0.0875769 secs using 198.4% CPU
Optimizing NNI: done in 0.196722 secs using 198.4% CPU
Optimizing NNI: done in 0.145735 secs using 198.4% CPU
Optimizing NNI: done in 0.052552 secs using 199.2% CPU
UPDATE BEST LOG-LIKELIHOOD: -5031.192
Optimizing NNI: done in 0.114878 secs using 198.4% CPU
Optimizing NNI: done in 0.0876272 secs using 198.6% CPU
Iteration 50 / LogL: -5033.213 / Time: 0h:0m:6s (0h:0m:6s left)
Log-likelihood cutoff on original alignment: -5064.786
Optimizing NNI: done in 0.094542 secs using 198.9% CPU
Optimizing NNI: done in 0.114868 secs using 198.4% CPU
Optimizing NNI: done in 0.088141 secs using 199.1% CPU
Optimizing NNI: done in 0.110039 secs using 199% CPU
Optimizing NNI: done in 0.113755 secs using 198.4% CPU
Optimizing NNI: done in 0.09514 secs using 198.5% CPU
Optimizing NNI: done in 0.111851 secs using 198.6% CPU
Optimizing NNI: done in 0.115803 secs using 196.7% CPU
Optimizing NNI: done in 0.0803411 secs using 197.5% CPU
Optimizing NNI: done in 0.126808 secs using 199.1% CPU
Iteration 60 / LogL: -5033.969 / Time: 0h:0m:7s (0h:0m:5s left)
Optimizing NNI: done in 0.11722 secs using 198.5% CPU
Optimizing NNI: done in 0.0875351 secs using 199.2% CPU
Optimizing NNI: done in 0.082145 secs using 198.6% CPU
Optimizing NNI: done in 0.0954251 secs using 198.6% CPU
Optimizing NNI: done in 0.121729 secs using 198.5% CPU
Optimizing NNI: done in 0.0836031 secs using 198.5% CPU
Optimizing NNI: done in 0.093698 secs using 199.1% CPU
Optimizing NNI: done in 0.0622101 secs using 198.7% CPU
Optimizing NNI: done in 0.061729 secs using 198.9% CPU
Optimizing NNI: done in 0.059355 secs using 198.5% CPU
Iteration 70 / LogL: -5031.428 / Time: 0h:0m:8s (0h:0m:3s left)
Optimizing NNI: done in 0.079196 secs using 198.5% CPU
Optimizing NNI: done in 0.0795341 secs using 196.5% CPU
Optimizing NNI: done in 0.096359 secs using 198.1% CPU
Optimizing NNI: done in 0.0988781 secs using 199.1% CPU
Optimizing NNI: done in 0.125467 secs using 198.7% CPU
Optimizing NNI: done in 0.0918529 secs using 197.6% CPU
Optimizing NNI: done in 0.0887439 secs using 198.7% CPU
Optimizing NNI: done in 0.08234 secs using 198.5% CPU
Optimizing NNI: done in 0.0845878 secs using 198.6% CPU
Optimizing NNI: done in 0.08478 secs using 199.6% CPU
Iteration 80 / LogL: -5031.310 / Time: 0h:0m:9s (0h:0m:2s left)
Optimizing NNI: done in 0.11189 secs using 199.1% CPU
Optimizing NNI: done in 0.116096 secs using 198.5% CPU
Optimizing NNI: done in 0.114612 secs using 198.7% CPU
Optimizing NNI: done in 0.076165 secs using 198.8% CPU
Optimizing NNI: done in 0.081131 secs using 198.7% CPU
Optimizing NNI: done in 0.0900581 secs using 198.8% CPU
Optimizing NNI: done in 0.054502 secs using 200.3% CPU
Optimizing NNI: done in 0.0784431 secs using 198.6% CPU
Optimizing NNI: done in 0.107891 secs using 198.8% CPU
Optimizing NNI: done in 0.0955019 secs using 198.7% CPU
Iteration 90 / LogL: -5031.202 / Time: 0h:0m:10s (0h:0m:1s left)
Optimizing NNI: done in 0.077951 secs using 198.9% CPU
Optimizing NNI: done in 0.141358 secs using 198.7% CPU
Optimizing NNI: done in 0.0823832 secs using 198.5% CPU
Optimizing NNI: done in 0.145055 secs using 198.8% CPU
Optimizing NNI: done in 0.0832329 secs using 198.7% CPU
Optimizing NNI: done in 0.109279 secs using 198% CPU
Optimizing NNI: done in 0.047169 secs using 198.6% CPU
Optimizing NNI: done in 0.105571 secs using 199.3% CPU
Optimizing NNI: done in 0.0722761 secs using 198.9% CPU
Optimizing NNI: done in 0.0581632 secs using 199% CPU
Iteration 100 / LogL: -5033.144 / Time: 0h:0m:11s (0h:0m:0s left)
Log-likelihood cutoff on original alignment: -5058.935
NOTE: Bootstrap correlation coefficient of split occurrence frequencies: 0.999
Optimizing NNI: done in 0.133444 secs using 198.7% CPU
Optimizing NNI: done in 0.193232 secs using 198.6% CPU
TREE SEARCH COMPLETED AFTER 102 ITERATIONS / Time: 0h:0m:11s

--------------------------------------------------------------------
|                    FINALIZING TREE SEARCH                        |
--------------------------------------------------------------------
Performs final model parameters optimization
Estimate model parameters (epsilon = 0.010)
1. Initial log-likelihood: -5031.192
Optimal log-likelihood: -5031.188
Gamma shape alpha: 1.358
Parameters optimization took 1 rounds (0.021 sec)
BEST SCORE FOUND : -5031.188

Testing tree branches by SH-like aLRT with 1000 replicates...
0.073 sec.
Creating bootstrap support values...
Split supports printed to NEXUS file FungalCW_tree_20231129/392558at4751.aa.mfa.splits.nex
Total tree length: 12.374

Total number of iterations: 102
CPU time used for tree search: 22.475 sec (0h:0m:22s)
Wall-clock time used for tree search: 11.375 sec (0h:0m:11s)
Total CPU time used: 22.928 sec (0h:0m:22s)
Total wall-clock time used: 11.610 sec (0h:0m:11s)

Computing bootstrap consensus tree...
Reading input file FungalCW_tree_20231129/392558at4751.aa.mfa.splits.nex...
14 taxa and 93 splits.
Consensus tree written to FungalCW_tree_20231129/392558at4751.aa.mfa.contree
Reading input trees file FungalCW_tree_20231129/392558at4751.aa.mfa.contree
Log-likelihood of consensus tree: -5031.352

Analysis results written to: 
  IQ-TREE report:                FungalCW_tree_20231129/392558at4751.aa.mfa.iqtree
  Maximum-likelihood tree:       FungalCW_tree_20231129/392558at4751.aa.mfa.treefile
  Likelihood distances:          FungalCW_tree_20231129/392558at4751.aa.mfa.mldist

Ultrafast bootstrap approximation results written to:
  Split support values:          FungalCW_tree_20231129/392558at4751.aa.mfa.splits.nex
  Consensus tree:                FungalCW_tree_20231129/392558at4751.aa.mfa.contree
  Screen log file:               FungalCW_tree_20231129/392558at4751.aa.mfa.log

Date and Time: Wed Nov 29 02:25:10 2023
