IQ-TREE multicore version 2.2.2.6 COVID-edition for Linux 64-bit built May 27 2023
Developed by Bui Quang Minh, James Barbetti, Nguyen Lam Tung,
Olga Chernomor, Heiko Schmidt, Dominik Schrempf, Michael Woodhams, Ly Trong Nhan.

Host:    r12 (AVX2, FMA3, 503 GB RAM)
Command: iqtree2 -s FungalCW_tree_20231129/399413at4751.aa.mfa -gz -B 1000 -alrt 1000 -nt 2
Seed:    738867 (Using SPRNG - Scalable Parallel Random Number Generator)
Time:    Wed Nov 29 01:35:45 2023
Kernel:  AVX+FMA - 2 threads (2 CPU cores detected)

Reading alignment file FungalCW_tree_20231129/399413at4751.aa.mfa ... Fasta format detected
Reading fasta file: done in 0.000203848 secs
Alignment most likely contains protein sequences
Constructing alignment: done in 0.000430822 secs
Alignment has 17 sequences with 293 columns, 257 distinct patterns
162 parsimony-informative, 48 singleton sites, 83 constant sites
                                                               Gap/Ambiguity  Composition  p-value
Analyzing sequences: done in 3.00407e-05 secs
   1  Basidiobolus_meristosporus_CBS_931.73.Basme2finSC.v1            20.82%    passed     99.41%
   2  Botrytis_cinerea_T4                                             22.87%    passed     94.97%
   3  Colletotrichum_graminicola_M1.001                               20.82%    passed     88.98%
   4  Colletotrichum_higginsianum_IMI_349063                          21.16%    passed     88.00%
   5  Fusarium_graminearum_PH-1                                       20.14%    passed     99.94%
   6  Fusarium_verticillioides_7600                                   20.14%    passed     99.81%
   7  Gilbertella_persicaria_var_persicaria_CBS_190.32-T.Gilper1.v1   23.55%    passed     97.97%
   8  Mortierella_elongata_AG-77                                      19.80%    passed     98.51%
   9  Mucor_mucedo_NRRL_3635                                          23.21%    passed     99.52%
  10  Neoconidiobolus_thromboides_FSU_785.Conth1.v1                   24.23%    passed     49.54%
  11  Phycomyces_blakesleeanus_NRRL_1555.Phybl2.v2                    23.55%    passed     98.55%
  12  Rhizopus_stolonifer_NRRL_66455                                  23.89%    passed     92.27%
  13  Trichoderma_harzianum_CBS_226.95                                20.82%    passed     99.95%
  14  Umbelopsis_ramanniana_NRRL_5844.Umbra1.v1                       23.89%    passed     99.51%
  15  Ustilago_maydis                                                 19.11%    passed     66.82%
  16  Zoophthora_radicans_ATCC_208865                                 20.14%    passed     97.61%
  17  Zymoseptoria_tritici_IP0323                                     21.16%    passed     26.57%
****  TOTAL                                                           21.72%  0 sequences failed composition chi2 test (p-value<5%; df=19)
Checking for duplicate sequences: done in 6.29425e-05 secs using 95.33% CPU


Create initial parsimony tree by phylogenetic likelihood library (PLL)... 0.002 seconds
Perform fast likelihood tree search using LG+I+G model...
Estimate model parameters (epsilon = 5.000)
Perform nearest neighbor interchange...
Optimizing NNI: done in 0.118757 secs using 197.5% CPU
Estimate model parameters (epsilon = 1.000)
1. Initial log-likelihood: -5369.798
Optimal log-likelihood: -5369.715
Proportion of invariable sites: 0.109
Gamma shape alpha: 0.571
Parameters optimization took 1 rounds (0.027 sec)
Time for fast ML tree search: 0.258 seconds

NOTE: ModelFinder requires 8 MB RAM!
ModelFinder will test up to 1232 protein models (sample size: 293) ...
 No. Model         -LnL         df  AIC          AICc         BIC
  1  LG            5814.342     31  11690.683    11698.285    11804.769
  2  LG+I          5606.548     32  11277.096    11285.219    11394.862
  3  LG+G4         5370.814     32  10805.628    10813.751    10923.393
  4  LG+I+G4       5369.717     33  10805.434    10814.098    10926.880
  5  LG+R2         5457.222     33  10980.444    10989.109    11101.890
  6  LG+R3         5372.990     35  10815.981    10825.786    10944.787
  7  LG+R4         5361.262     37  10796.524    10807.551    10932.690
  8  LG+R5         5359.610     39  10797.221    10809.553    10940.748
 14  LG+I+R2       5402.654     34  10873.308    10882.533    10998.434
 15  LG+I+R3       5366.349     36  10804.698    10815.105    10937.185
 16  LG+I+R4       5360.278     38  10796.556    10808.226    10936.403
 17  LG+I+R5       5359.894     40  10799.789    10812.805    10946.996
 25  LG+F+G4       5352.014     51  10806.029    10828.037    10993.718
 26  LG+F+I+G4     5350.974     52  10805.949    10828.915    10997.318
 29  LG+F+R4       5342.363     56  10796.727    10823.778    11002.816
 47  WAG+G4        5367.549     32  10799.097    10807.221    10916.863
 48  WAG+I+G4      5364.329     33  10794.658    10803.322    10916.104
 51  WAG+R4        5357.305     37  10788.611    10799.638    10924.777
 69  WAG+F+G4      5349.643     51  10801.286    10823.294    10988.975
 70  WAG+F+I+G4    5346.697     52  10797.395    10820.361    10988.764
 73  WAG+F+R4      5340.133     56  10792.266    10819.317    10998.356
 91  JTT+G4        5417.791     32  10899.582    10907.705    11017.347
 92  JTT+I+G4      5415.720     33  10897.439    10906.103    11018.885
 95  JTT+R4        5408.112     37  10890.224    10901.251    11026.390
113  JTT+F+G4      5400.882     51  10903.764    10925.772    11091.452
114  JTT+F+I+G4    5399.757     52  10903.514    10926.481    11094.883
117  JTT+F+R4      5390.336     56  10892.672    10919.723    11098.762
WARNING: Normalizing state frequencies so that sum of them equals to 1
135  Q.pfam+G4     5369.270     32  10802.540    10810.663    10920.305
WARNING: Normalizing state frequencies so that sum of them equals to 1
136  Q.pfam+I+G4   5368.171     33  10802.341    10811.005    10923.787
WARNING: Normalizing state frequencies so that sum of them equals to 1
139  Q.pfam+R4     5361.065     37  10796.130    10807.158    10932.297
WARNING: Normalizing state frequencies so that sum of them equals to 1
157  Q.pfam+F+G4   5353.993     51  10809.986    10831.994    10997.675
WARNING: Normalizing state frequencies so that sum of them equals to 1
158  Q.pfam+F+I+G4 5352.881     52  10809.763    10832.730    11001.132
WARNING: Normalizing state frequencies so that sum of them equals to 1
161  Q.pfam+F+R4   5345.793     56  10803.586    10830.637    11009.676
WARNING: Normalizing state frequencies so that sum of them equals to 1
179  Q.bird+G4     5518.425     32  11100.849    11108.972    11218.615
WARNING: Normalizing state frequencies so that sum of them equals to 1
180  Q.bird+I+G4   5518.823     33  11103.646    11112.310    11225.091
WARNING: Normalizing state frequencies so that sum of them equals to 1
183  Q.bird+R4     5511.298     37  11096.595    11107.623    11232.762
WARNING: Normalizing state frequencies so that sum of them equals to 1
201  Q.bird+F+G4   5505.113     51  11112.225    11134.234    11299.914
WARNING: Normalizing state frequencies so that sum of them equals to 1
202  Q.bird+F+I+G4 5505.675     52  11115.350    11138.316    11306.718
WARNING: Normalizing state frequencies so that sum of them equals to 1
205  Q.bird+F+R4   5495.422     56  11102.844    11129.895    11308.934
WARNING: Normalizing state frequencies so that sum of them equals to 1
223  Q.mammal+G4   5483.360     32  11030.720    11038.843    11148.485
WARNING: Normalizing state frequencies so that sum of them equals to 1
224  Q.mammal+I+G4 5483.486     33  11032.971    11041.635    11154.417
WARNING: Normalizing state frequencies so that sum of them equals to 1
227  Q.mammal+R4   5477.002     37  11028.004    11039.032    11164.171
WARNING: Normalizing state frequencies so that sum of them equals to 1
245  Q.mammal+F+G4 5464.489     51  11030.977    11052.986    11218.666
WARNING: Normalizing state frequencies so that sum of them equals to 1
246  Q.mammal+F+I+G4 5465.001     52  11034.002    11056.969    11225.371
WARNING: Normalizing state frequencies so that sum of them equals to 1
249  Q.mammal+F+R4 5456.593     56  11025.187    11052.238    11231.276
267  Q.insect+G4   5392.339     32  10848.679    10856.802    10966.444
268  Q.insect+I+G4 5391.438     33  10848.875    10857.540    10970.321
271  Q.insect+R4   5383.793     37  10841.585    10852.613    10977.752
289  Q.insect+F+G4 5373.380     51  10848.759    10870.768    11036.448
290  Q.insect+F+I+G4 5372.911     52  10849.822    10872.789    11041.191
293  Q.insect+F+R4 5363.242     56  10838.483    10865.534    11044.573
WARNING: Normalizing state frequencies so that sum of them equals to 1
311  Q.plant+G4    5432.461     32  10928.922    10937.046    11046.688
WARNING: Normalizing state frequencies so that sum of them equals to 1
312  Q.plant+I+G4  5430.875     33  10927.750    10936.414    11049.196
WARNING: Normalizing state frequencies so that sum of them equals to 1
315  Q.plant+R4    5421.902     37  10917.804    10928.832    11053.971
WARNING: Normalizing state frequencies so that sum of them equals to 1
333  Q.plant+F+G4  5432.359     51  10966.717    10988.726    11154.406
WARNING: Normalizing state frequencies so that sum of them equals to 1
334  Q.plant+F+I+G4 5431.989     52  10967.977    10990.944    11159.346
WARNING: Normalizing state frequencies so that sum of them equals to 1
337  Q.plant+F+R4  5422.501     56  10957.002    10984.053    11163.092
WARNING: Normalizing state frequencies so that sum of them equals to 1
355  Q.yeast+G4    5384.844     32  10833.688    10841.811    10951.453
WARNING: Normalizing state frequencies so that sum of them equals to 1
356  Q.yeast+I+G4  5384.130     33  10834.259    10842.923    10955.705
WARNING: Normalizing state frequencies so that sum of them equals to 1
359  Q.yeast+R4    5375.070     37  10824.139    10835.167    10960.305
WARNING: Normalizing state frequencies so that sum of them equals to 1
377  Q.yeast+F+G4  5363.329     51  10828.658    10850.666    11016.347
WARNING: Normalizing state frequencies so that sum of them equals to 1
378  Q.yeast+F+I+G4 5362.863     52  10829.726    10852.693    11021.095
WARNING: Normalizing state frequencies so that sum of them equals to 1
381  Q.yeast+F+R4  5352.599     56  10817.198    10844.249    11023.288
399  JTTDCMut+G4   5417.831     32  10899.662    10907.785    11017.427
400  JTTDCMut+I+G4 5415.654     33  10897.308    10905.972    11018.754
403  JTTDCMut+R4   5407.877     37  10889.754    10900.782    11025.921
421  JTTDCMut+F+G4 5400.985     51  10903.969    10925.977    11091.658
422  JTTDCMut+F+I+G4 5399.710     52  10903.420    10926.387    11094.789
425  JTTDCMut+F+R4 5390.279     56  10892.559    10919.610    11098.648
443  DCMut+G4      5432.504     32  10929.007    10937.130    11046.773
444  DCMut+I+G4    5427.719     33  10921.438    10930.102    11042.883
447  DCMut+R4      5416.958     37  10907.916    10918.943    11044.082
465  DCMut+F+G4    5398.189     51  10898.378    10920.386    11086.067
466  DCMut+F+I+G4  5395.134     52  10894.268    10917.235    11085.637
469  DCMut+F+R4    5384.793     56  10881.587    10908.638    11087.676
487  VT+G4         5375.142     32  10814.284    10822.407    10932.050
488  VT+I+G4       5372.417     33  10810.835    10819.499    10932.281
491  VT+R4         5366.860     37  10807.719    10818.747    10943.886
509  VT+F+G4       5356.550     51  10815.099    10837.108    11002.788
510  VT+F+I+G4     5353.871     52  10811.743    10834.709    11003.112
513  VT+F+R4       5348.289     56  10808.579    10835.630    11014.669
531  PMB+G4        5397.791     32  10859.582    10867.705    10977.348
532  PMB+I+G4      5395.118     33  10856.236    10864.901    10977.682
535  PMB+R4        5390.141     37  10854.281    10865.309    10990.448
553  PMB+F+G4      5357.708     51  10817.416    10839.424    11005.105
554  PMB+F+I+G4    5355.203     52  10814.405    10837.372    11005.774
557  PMB+F+R4      5349.879     56  10811.757    10838.808    11017.847
575  Blosum62+G4   5383.777     32  10831.553    10839.676    10949.319
576  Blosum62+I+G4 5381.105     33  10828.210    10836.874    10949.656
579  Blosum62+R4   5375.960     37  10825.919    10836.947    10962.085
597  Blosum62+F+G4 5350.627     51  10803.253    10825.261    10990.942
598  Blosum62+F+I+G4 5348.108     52  10800.216    10823.183    10991.585
601  Blosum62+F+R4 5343.129     56  10798.258    10825.309    11004.348
619  Dayhoff+G4    5432.740     32  10929.480    10937.603    11047.246
620  Dayhoff+I+G4  5427.962     33  10921.925    10930.589    11043.371
623  Dayhoff+R4    5417.162     37  10908.324    10919.352    11044.491
641  Dayhoff+F+G4  5398.464     51  10898.929    10920.937    11086.617
642  Dayhoff+F+I+G4 5395.434     52  10894.868    10917.835    11086.237
645  Dayhoff+F+R4  5385.056     56  10882.113    10909.164    11088.202
663  mtREV+G4      5730.036     32  11524.072    11532.195    11641.838
664  mtREV+I+G4    5730.104     33  11526.207    11534.871    11647.653
667  mtREV+R4      5726.128     37  11526.256    11537.284    11662.423
685  mtREV+F+G4    5451.253     51  11004.507    11026.515    11192.196
686  mtREV+F+I+G4  5451.171     52  11006.341    11029.308    11197.710
689  mtREV+F+R4    5440.569     56  10993.137    11020.188    11199.227
707  mtART+G4      5751.843     32  11567.686    11575.809    11685.452
708  mtART+I+G4    5748.342     33  11562.684    11571.348    11684.129
711  mtART+R4      5739.815     37  11553.630    11564.658    11689.797
729  mtART+F+G4    5497.382     51  11096.763    11118.772    11284.452
730  mtART+F+I+G4  5497.668     52  11099.335    11122.302    11290.704
733  mtART+F+R4    5485.725     56  11083.449    11110.500    11289.539
751  mtZOA+G4      5657.266     32  11378.531    11386.654    11496.297
752  mtZOA+I+G4    5656.683     33  11379.366    11388.030    11500.812
755  mtZOA+R4      5647.535     37  11369.070    11380.098    11505.237
773  mtZOA+F+G4    5449.302     51  11000.605    11022.613    11188.294
774  mtZOA+F+I+G4  5449.785     52  11003.570    11026.537    11194.939
777  mtZOA+F+R4    5434.372     56  10980.745    11007.795    11186.834
795  mtMet+G4      5739.781     32  11543.562    11551.685    11661.327
796  mtMet+I+G4    5738.703     33  11543.406    11552.070    11664.851
799  mtMet+R4      5730.144     37  11534.288    11545.315    11670.454
817  mtMet+F+G4    5479.682     51  11061.363    11083.371    11249.052
818  mtMet+F+I+G4  5480.241     52  11064.482    11087.449    11255.851
821  mtMet+F+R4    5463.640     56  11039.280    11066.331    11245.370
839  mtVer+G4      5799.638     32  11663.276    11671.399    11781.041
840  mtVer+I+G4    5799.427     33  11664.853    11673.517    11786.299
843  mtVer+R4      5793.023     37  11660.045    11671.073    11796.212
861  mtVer+F+G4    5538.287     51  11178.575    11200.583    11366.263
862  mtVer+F+I+G4  5538.883     52  11181.766    11204.732    11373.135
865  mtVer+F+R4    5520.184     56  11152.369    11179.419    11358.458
883  mtInv+G4      5746.393     32  11556.786    11564.909    11674.552
884  mtInv+I+G4    5744.334     33  11554.667    11563.331    11676.113
887  mtInv+R4      5737.546     37  11549.093    11560.120    11685.259
905  mtInv+F+G4    5435.371     51  10972.742    10994.750    11160.430
906  mtInv+F+I+G4  5435.599     52  10975.198    10998.165    11166.567
909  mtInv+F+R4    5420.166     56  10952.331    10979.382    11158.421
927  mtMAM+G4      5856.581     32  11777.162    11785.285    11894.927
928  mtMAM+I+G4    5855.205     33  11776.410    11785.074    11897.855
931  mtMAM+R4      5851.066     37  11776.132    11787.160    11912.299
949  mtMAM+F+G4    5575.582     51  11253.164    11275.173    11440.853
950  mtMAM+F+I+G4  5570.551     52  11245.102    11268.069    11436.471
953  mtMAM+F+R4    5562.474     56  11236.947    11263.998    11443.037
WARNING: Normalizing state frequencies so that sum of them equals to 1
971  FLAVI+G4      5610.646     32  11285.293    11293.416    11403.059
WARNING: Normalizing state frequencies so that sum of them equals to 1
972  FLAVI+I+G4    5611.206     33  11288.412    11297.076    11409.858
WARNING: Normalizing state frequencies so that sum of them equals to 1
975  FLAVI+R4      5603.491     37  11280.982    11292.010    11417.149
WARNING: Normalizing state frequencies so that sum of them equals to 1
993  FLAVI+F+G4    5576.483     51  11254.965    11276.974    11442.654
WARNING: Normalizing state frequencies so that sum of them equals to 1
994  FLAVI+F+I+G4  5576.987     52  11257.974    11280.940    11449.343
WARNING: Normalizing state frequencies so that sum of them equals to 1
997  FLAVI+F+R4    5567.642     56  11247.284    11274.335    11453.374
1015  HIVb+G4       5542.623     32  11149.246    11157.369    11267.011
1016  HIVb+I+G4     5540.094     33  11146.188    11154.852    11267.634
1019  HIVb+R4       5534.958     37  11143.915    11154.943    11280.082
1037  HIVb+F+G4     5496.384     51  11094.767    11116.775    11282.456
1038  HIVb+F+I+G4   5496.763     52  11097.526    11120.493    11288.895
1041  HIVb+F+R4     5487.586     56  11087.172    11114.222    11293.261
1059  HIVw+G4       5714.221     32  11492.442    11500.565    11610.207
1060  HIVw+I+G4     5712.015     33  11490.031    11498.695    11611.477
1063  HIVw+R4       5704.792     37  11483.584    11494.611    11619.750
1081  HIVw+F+G4     5602.599     51  11307.197    11329.205    11494.886
1082  HIVw+F+I+G4   5603.102     52  11310.203    11333.170    11501.572
1085  HIVw+F+R4     5588.060     56  11288.121    11315.172    11494.210
1103  FLU+G4        5486.338     32  11036.676    11044.799    11154.442
1104  FLU+I+G4      5486.857     33  11039.715    11048.379    11161.160
1107  FLU+R4        5479.856     37  11033.712    11044.740    11169.878
1125  FLU+F+G4      5445.344     51  10992.687    11014.696    11180.376
1126  FLU+F+I+G4    5445.880     52  10995.761    11018.727    11187.130
1129  FLU+F+R4      5436.888     56  10985.777    11012.828    11191.867
1147  rtREV+G4      5416.382     32  10896.764    10904.888    11014.530
1148  rtREV+I+G4    5414.480     33  10894.960    10903.624    11016.406
1151  rtREV+R4      5407.710     37  10889.420    10900.448    11025.587
1169  rtREV+F+G4    5357.432     51  10816.864    10838.872    11004.553
1170  rtREV+F+I+G4  5355.526     52  10815.052    10838.019    11006.421
1173  rtREV+F+R4    5348.086     56  10808.171    10835.222    11014.261
1191  cpREV+G4      5412.261     32  10888.522    10896.645    11006.287
1192  cpREV+I+G4    5407.867     33  10881.734    10890.399    11003.180
1195  cpREV+R4      5399.094     37  10872.188    10883.215    11008.354
1213  cpREV+F+G4    5368.966     51  10839.932    10861.940    11027.621
1214  cpREV+F+I+G4  5365.190     52  10834.380    10857.347    11025.749
1217  cpREV+F+R4    5354.649     56  10821.298    10848.349    11027.388
Akaike Information Criterion:           WAG+R4
Corrected Akaike Information Criterion: WAG+R4
Bayesian Information Criterion:         WAG+I+G4
Best-fit model: WAG+I+G4 chosen according to BIC

All model information printed to FungalCW_tree_20231129/399413at4751.aa.mfa.model.gz
CPU time for ModelFinder: 123.357 seconds (0h:2m:3s)
Wall-clock time for ModelFinder: 63.785 seconds (0h:1m:3s)
Generating 1000 samples for ultrafast bootstrap (seed: 738867)...

NOTE: 4 MB RAM (0 GB) is required!
Estimate model parameters (epsilon = 0.100)
Thoroughly optimizing +I+G parameters from 10 start values...
Init pinv, alpha: 0.000, 0.724 / Estimate: 0.000, 0.504 / LogL: -5367.545
Init pinv, alpha: 0.031, 0.724 / Estimate: 0.110, 0.692 / LogL: -5364.526
Init pinv, alpha: 0.063, 0.724 / Estimate: 0.114, 0.701 / LogL: -5364.468
Init pinv, alpha: 0.094, 0.724 / Estimate: 0.112, 0.696 / LogL: -5364.506
Init pinv, alpha: 0.126, 0.724 / Estimate: 0.130, 0.740 / LogL: -5364.273
Init pinv, alpha: 0.157, 0.724 / Estimate: 0.154, 0.812 / LogL: -5364.201
Init pinv, alpha: 0.189, 0.724 / Estimate: 0.161, 0.842 / LogL: -5364.245
Init pinv, alpha: 0.220, 0.724 / Estimate: 0.161, 0.845 / LogL: -5364.242
Init pinv, alpha: 0.252, 0.724 / Estimate: 0.163, 0.852 / LogL: -5364.264
Init pinv, alpha: 0.283, 0.724 / Estimate: 0.160, 0.840 / LogL: -5364.231
Optimal pinv,alpha: 0.154, 0.812 / LogL: -5364.201

Parameters optimization took 1.388 sec
Wrote distance file to... 
Computing ML distances based on estimated model parameters...
Calculating distance matrix: done in 0.0252681 secs using 194.8% CPU
Computing ML distances took 0.025399 sec (of wall-clock time) 0.049409 sec (of CPU time)
Setting up auxiliary I and S matrices: done in 3.69549e-05 secs using 197.5% CPU
Constructing RapidNJ tree: done in 0.000200987 secs using 199.5% CPU
Computing RapidNJ tree took 0.000300 sec (of wall-clock time) 0.000599 sec (of CPU time)
Log-likelihood of RapidNJ tree: -5415.071
--------------------------------------------------------------------
|             INITIALIZING CANDIDATE TREE SET                      |
--------------------------------------------------------------------
Generating 98 parsimony trees... 0.188 second
Computing log-likelihood of 98 initial trees ... 0.685 seconds
Current best score: -5364.201

Do NNI search on 20 best initial trees
Optimizing NNI: done in 0.0295019 secs using 198.6% CPU
Estimate model parameters (epsilon = 0.100)
BETTER TREE FOUND at iteration 1: -5364.189
Optimizing NNI: done in 0.06602 secs using 197.9% CPU
Estimate model parameters (epsilon = 0.100)
BETTER TREE FOUND at iteration 2: -5358.937
Optimizing NNI: done in 0.065943 secs using 198.7% CPU
Optimizing NNI: done in 0.102818 secs using 199.7% CPU
Optimizing NNI: done in 0.118119 secs using 198.8% CPU
Optimizing NNI: done in 0.0841 secs using 198.7% CPU
Optimizing NNI: done in 0.083657 secs using 199% CPU
Optimizing NNI: done in 0.071171 secs using 199.6% CPU
Optimizing NNI: done in 0.07358 secs using 199.4% CPU
Optimizing NNI: done in 0.0737262 secs using 198.7% CPU
Iteration 10 / LogL: -5359.758 / Time: 0h:0m:3s
Optimizing NNI: done in 0.120959 secs using 199.1% CPU
Optimizing NNI: done in 0.0755789 secs using 198.7% CPU
Optimizing NNI: done in 0.103013 secs using 199.2% CPU
Optimizing NNI: done in 0.109903 secs using 197.9% CPU
Optimizing NNI: done in 0.0839541 secs using 198% CPU
Optimizing NNI: done in 0.115603 secs using 199.1% CPU
Optimizing NNI: done in 0.0752969 secs using 199.7% CPU
Optimizing NNI: done in 0.105044 secs using 199.3% CPU
Optimizing NNI: done in 0.113704 secs using 199% CPU
Optimizing NNI: done in 0.0666778 secs using 198.7% CPU
Iteration 20 / LogL: -5390.629 / Time: 0h:0m:4s
Finish initializing candidate tree set (8)
Current best tree score: -5358.937 / CPU time: 2.766
Number of iterations: 20
--------------------------------------------------------------------
|               OPTIMIZING CANDIDATE TREE SET                      |
--------------------------------------------------------------------
Optimizing NNI: done in 0.132318 secs using 198.9% CPU
Optimizing NNI: done in 0.09461 secs using 199.3% CPU
Optimizing NNI: done in 0.149965 secs using 198.8% CPU
Optimizing NNI: done in 0.11272 secs using 199.5% CPU
Optimizing NNI: done in 0.140362 secs using 199% CPU
Optimizing NNI: done in 0.090476 secs using 199.3% CPU
Optimizing NNI: done in 0.100232 secs using 199.6% CPU
Optimizing NNI: done in 0.103336 secs using 199.6% CPU
Optimizing NNI: done in 0.10629 secs using 198.8% CPU
Optimizing NNI: done in 0.15151 secs using 198.7% CPU
Iteration 30 / LogL: -5359.214 / Time: 0h:0m:5s (0h:0m:13s left)
Optimizing NNI: done in 0.129473 secs using 198.9% CPU
Optimizing NNI: done in 0.0925801 secs using 198.6% CPU
Optimizing NNI: done in 0.0918579 secs using 199.2% CPU
Optimizing NNI: done in 0.103838 secs using 198.9% CPU
Optimizing NNI: done in 0.080965 secs using 198.7% CPU
Optimizing NNI: done in 0.063323 secs using 199.4% CPU
Optimizing NNI: done in 0.118019 secs using 199.3% CPU
Optimizing NNI: done in 0.11378 secs using 199.2% CPU
Optimizing NNI: done in 0.100297 secs using 198.8% CPU
Optimizing NNI: done in 0.128849 secs using 198.9% CPU
Iteration 40 / LogL: -5363.570 / Time: 0h:0m:6s (0h:0m:10s left)
Optimizing NNI: done in 0.060786 secs using 198.7% CPU
Optimizing NNI: done in 0.112665 secs using 199.4% CPU
Optimizing NNI: done in 0.0762141 secs using 198.5% CPU
Optimizing NNI: done in 0.117493 secs using 199% CPU
Optimizing NNI: done in 0.088578 secs using 199.5% CPU
Optimizing NNI: done in 0.103401 secs using 198.8% CPU
Optimizing NNI: done in 0.129114 secs using 199% CPU
Optimizing NNI: done in 0.13558 secs using 198.7% CPU
Optimizing NNI: done in 0.110768 secs using 199.5% CPU
Optimizing NNI: done in 0.112277 secs using 199.2% CPU
Iteration 50 / LogL: -5359.599 / Time: 0h:0m:7s (0h:0m:8s left)
Log-likelihood cutoff on original alignment: -5399.012
Optimizing NNI: done in 0.102971 secs using 198.4% CPU
Optimizing NNI: done in 0.0765991 secs using 199.7% CPU
Optimizing NNI: done in 0.142711 secs using 198.3% CPU
Optimizing NNI: done in 0.082643 secs using 198.9% CPU
Optimizing NNI: done in 0.0763521 secs using 198.9% CPU
Optimizing NNI: done in 0.135066 secs using 199.1% CPU
Optimizing NNI: done in 0.0799541 secs using 199.9% CPU
Optimizing NNI: done in 0.0995901 secs using 197.7% CPU
Optimizing NNI: done in 0.156885 secs using 198.8% CPU
Optimizing NNI: done in 0.083261 secs using 198.9% CPU
Iteration 60 / LogL: -5360.421 / Time: 0h:0m:8s (0h:0m:6s left)
Optimizing NNI: done in 0.111388 secs using 199.2% CPU
Optimizing NNI: done in 0.0940099 secs using 198.8% CPU
Optimizing NNI: done in 0.09585 secs using 198% CPU
Optimizing NNI: done in 0.0812559 secs using 198.9% CPU
Optimizing NNI: done in 0.097822 secs using 198.8% CPU
Optimizing NNI: done in 0.096442 secs using 198.8% CPU
Optimizing NNI: done in 0.0876479 secs using 199.5% CPU
Optimizing NNI: done in 0.091398 secs using 197.7% CPU
Optimizing NNI: done in 0.060066 secs using 198.9% CPU
Optimizing NNI: done in 0.0648348 secs using 197.8% CPU
Iteration 70 / LogL: -5359.493 / Time: 0h:0m:9s (0h:0m:4s left)
Optimizing NNI: done in 0.111923 secs using 199% CPU
Optimizing NNI: done in 0.076982 secs using 199% CPU
Optimizing NNI: done in 0.117605 secs using 199.3% CPU
Optimizing NNI: done in 0.106683 secs using 198.9% CPU
Optimizing NNI: done in 0.071672 secs using 199.3% CPU
Optimizing NNI: done in 0.120187 secs using 198.7% CPU
Optimizing NNI: done in 0.0866151 secs using 198.8% CPU
Optimizing NNI: done in 0.0786879 secs using 198.7% CPU
Optimizing NNI: done in 0.0909071 secs using 198.7% CPU
Optimizing NNI: done in 0.104937 secs using 199.4% CPU
Iteration 80 / LogL: -5359.948 / Time: 0h:0m:10s (0h:0m:3s left)
Optimizing NNI: done in 0.138966 secs using 198.8% CPU
Optimizing NNI: done in 0.0635688 secs using 200% CPU
Optimizing NNI: done in 0.112151 secs using 198.7% CPU
Optimizing NNI: done in 0.115684 secs using 198.8% CPU
Optimizing NNI: done in 0.090014 secs using 199.7% CPU
Optimizing NNI: done in 0.0984361 secs using 198.7% CPU
Optimizing NNI: done in 0.0921309 secs using 198.5% CPU
Optimizing NNI: done in 0.109517 secs using 198.6% CPU
Optimizing NNI: done in 0.078788 secs using 199.5% CPU
Optimizing NNI: done in 0.110091 secs using 199.1% CPU
Iteration 90 / LogL: -5360.849 / Time: 0h:0m:11s (0h:0m:1s left)
Optimizing NNI: done in 0.0809951 secs using 199.7% CPU
Optimizing NNI: done in 0.105227 secs using 198.6% CPU
Optimizing NNI: done in 0.102461 secs using 198.6% CPU
Optimizing NNI: done in 0.127364 secs using 198.9% CPU
Optimizing NNI: done in 0.111809 secs using 198.7% CPU
Optimizing NNI: done in 0.105027 secs using 198.8% CPU
Optimizing NNI: done in 0.0985961 secs using 199% CPU
Optimizing NNI: done in 0.056216 secs using 200.1% CPU
Optimizing NNI: done in 0.082756 secs using 198.8% CPU
Optimizing NNI: done in 0.088737 secs using 199.6% CPU
Iteration 100 / LogL: -5360.877 / Time: 0h:0m:13s (0h:0m:0s left)
Log-likelihood cutoff on original alignment: -5397.705
NOTE: Bootstrap correlation coefficient of split occurrence frequencies: 0.998
Optimizing NNI: done in 0.0868478 secs using 198.6% CPU
Optimizing NNI: done in 0.081665 secs using 198.8% CPU
Optimizing NNI: done in 0.112711 secs using 198.8% CPU
TREE SEARCH COMPLETED AFTER 103 ITERATIONS / Time: 0h:0m:13s

--------------------------------------------------------------------
|                    FINALIZING TREE SEARCH                        |
--------------------------------------------------------------------
Performs final model parameters optimization
Estimate model parameters (epsilon = 0.010)
1. Initial log-likelihood: -5358.937
Optimal log-likelihood: -5358.931
Proportion of invariable sites: 0.143
Gamma shape alpha: 0.770
Parameters optimization took 1 rounds (0.023 sec)
BEST SCORE FOUND : -5358.931

Testing tree branches by SH-like aLRT with 1000 replicates...
0.080 sec.
Creating bootstrap support values...
Split supports printed to NEXUS file FungalCW_tree_20231129/399413at4751.aa.mfa.splits.nex
Total tree length: 10.379

Total number of iterations: 103
CPU time used for tree search: 23.255 sec (0h:0m:23s)
Wall-clock time used for tree search: 11.734 sec (0h:0m:11s)
Total CPU time used: 26.588 sec (0h:0m:26s)
Total wall-clock time used: 13.500 sec (0h:0m:13s)

Computing bootstrap consensus tree...
Reading input file FungalCW_tree_20231129/399413at4751.aa.mfa.splits.nex...
17 taxa and 123 splits.
Consensus tree written to FungalCW_tree_20231129/399413at4751.aa.mfa.contree
Reading input trees file FungalCW_tree_20231129/399413at4751.aa.mfa.contree
Log-likelihood of consensus tree: -5360.801

Analysis results written to: 
  IQ-TREE report:                FungalCW_tree_20231129/399413at4751.aa.mfa.iqtree
  Maximum-likelihood tree:       FungalCW_tree_20231129/399413at4751.aa.mfa.treefile
  Likelihood distances:          FungalCW_tree_20231129/399413at4751.aa.mfa.mldist

Ultrafast bootstrap approximation results written to:
  Split support values:          FungalCW_tree_20231129/399413at4751.aa.mfa.splits.nex
  Consensus tree:                FungalCW_tree_20231129/399413at4751.aa.mfa.contree
  Screen log file:               FungalCW_tree_20231129/399413at4751.aa.mfa.log

Date and Time: Wed Nov 29 01:37:03 2023
