IQ-TREE multicore version 2.2.2.6 COVID-edition for Linux 64-bit built May 27 2023
Developed by Bui Quang Minh, James Barbetti, Nguyen Lam Tung,
Olga Chernomor, Heiko Schmidt, Dominik Schrempf, Michael Woodhams, Ly Trong Nhan.

Host:    r12 (AVX2, FMA3, 503 GB RAM)
Command: iqtree2 -s FungalCW_tree_20231129/405669at4751.aa.mfa -gz -B 1000 -alrt 1000 -nt 2
Seed:    719840 (Using SPRNG - Scalable Parallel Random Number Generator)
Time:    Wed Nov 29 01:35:45 2023
Kernel:  AVX+FMA - 2 threads (2 CPU cores detected)

Reading alignment file FungalCW_tree_20231129/405669at4751.aa.mfa ... Fasta format detected
Reading fasta file: done in 0.000339985 secs using 90.59% CPU
Alignment most likely contains protein sequences
Constructing alignment: done in 0.000705004 secs using 105.4% CPU
Alignment has 18 sequences with 459 columns, 422 distinct patterns
280 parsimony-informative, 106 singleton sites, 73 constant sites
                                                               Gap/Ambiguity  Composition  p-value
Analyzing sequences: done in 4.1008e-05 secs using 24.39% CPU
   1  Basidiobolus_meristosporus_CBS_931.73.Basme2finSC.v1            33.33%    passed     34.30%
   2  Botrytis_cinerea_T4                                             16.99%    passed     99.61%
   3  Capillidium_pumilum_ARSEF_79                                    29.85%    passed     42.35%
   4  Colletotrichum_graminicola_M1.001                               15.03%    passed     29.02%
   5  Colletotrichum_higginsianum_IMI_349063                          16.56%    passed     54.86%
   6  Fusarium_graminearum_PH-1                                       19.83%    passed     57.64%
   7  Fusarium_verticillioides_7600                                   17.65%    passed     33.85%
   8  Gilbertella_persicaria_var_persicaria_CBS_190.32-T.Gilper1.v1   28.98%    passed     33.90%
   9  Mortierella_elongata_AG-77                                      21.35%    passed     86.63%
  10  Mucor_mucedo_NRRL_3635                                          25.93%    passed     36.97%
  11  Neoconidiobolus_thromboides_FSU_785.Conth1.v1                   27.67%    passed     24.57%
  12  Phycomyces_blakesleeanus_NRRL_1555.Phybl2.v2                    23.31%    passed     98.43%
  13  Rhizopus_stolonifer_NRRL_66455                                  11.33%    passed     58.33%
  14  Trichoderma_harzianum_CBS_226.95                                17.43%    passed     99.27%
  15  Umbelopsis_ramanniana_NRRL_5844.Umbra1.v1                       19.83%    passed     92.56%
  16  Ustilago_maydis                                                 11.55%    passed     37.03%
  17  Zoophthora_radicans_ATCC_208865                                 22.00%    passed     95.52%
  18  Zymoseptoria_tritici_IP0323                                     19.39%    passed     86.62%
****  TOTAL                                                           21.00%  0 sequences failed composition chi2 test (p-value<5%; df=19)
Checking for duplicate sequences: done in 6.91414e-05 secs using 57.85% CPU


Create initial parsimony tree by phylogenetic likelihood library (PLL)... 0.002 seconds
Perform fast likelihood tree search using LG+I+G model...
Estimate model parameters (epsilon = 5.000)
Perform nearest neighbor interchange...
Optimizing NNI: done in 0.143364 secs using 197.4% CPU
Estimate model parameters (epsilon = 1.000)
1. Initial log-likelihood: -9894.652
Optimal log-likelihood: -9893.953
Proportion of invariable sites: 0.036
Gamma shape alpha: 0.573
Parameters optimization took 1 rounds (0.097 sec)
Time for fast ML tree search: 0.533 seconds

NOTE: ModelFinder requires 14 MB RAM!
ModelFinder will test up to 1232 protein models (sample size: 459) ...
 No. Model         -LnL         df  AIC          AICc         BIC
  1  LG            10536.541    33  21139.082    21144.362    21275.341
  2  LG+I          10295.936    34  20659.872    20665.486    20800.260
  3  LG+G4         9892.094     34  19852.188    19857.801    19992.575
  4  LG+I+G4       9892.728     35  19855.456    19861.414    19999.973
  5  LG+R2         10007.631    35  20085.262    20091.220    20229.779
  6  LG+R3         9903.159     37  19880.319    19886.998    20033.094
  7  LG+R4         9874.930     39  19827.860    19835.307    19988.893
  8  LG+R5         9874.925     41  19831.849    19840.108    20001.140
 14  LG+I+R2       9937.846     36  19947.693    19954.006    20096.339
 15  LG+I+R3       9885.849     38  19847.697    19854.754    20004.601
 16  LG+I+R4       9875.438     40  19830.875    19838.722    19996.037
 17  LG+I+R5       9875.039     42  19834.078    19842.761    20007.498
 25  LG+F+G4       9851.503     53  19809.007    19823.140    20027.846
 29  LG+F+R4       9827.137     58  19770.274    19787.384    20009.759
 38  LG+F+I+R4     9827.684     59  19773.368    19791.113    20016.982
 47  WAG+G4        9920.379     34  19908.758    19914.371    20049.145
 51  WAG+R4        9903.788     39  19885.576    19893.022    20046.609
 60  WAG+I+R4      9906.228     40  19892.455    19900.302    20057.617
 69  WAG+F+G4      9875.155     53  19856.311    19870.444    20075.151
 73  WAG+F+R4      9855.340     58  19826.679    19843.789    20066.164
 82  WAG+F+I+R4    9856.347     59  19830.694    19848.438    20074.308
 91  JTT+G4        9969.570     34  20007.140    20012.753    20147.528
 95  JTT+R4        9954.012     39  19986.025    19993.471    20147.058
104  JTT+I+R4      9954.498     40  19988.997    19996.844    20154.159
113  JTT+F+G4      9912.457     53  19930.914    19945.047    20149.753
117  JTT+F+R4      9892.723     58  19901.446    19918.556    20140.931
126  JTT+F+I+R4    9893.206     59  19904.412    19922.157    20148.026
WARNING: Normalizing state frequencies so that sum of them equals to 1
135  Q.pfam+G4     9882.780     34  19833.560    19839.173    19973.947
WARNING: Normalizing state frequencies so that sum of them equals to 1
139  Q.pfam+R4     9867.300     39  19812.600    19820.046    19973.633
WARNING: Normalizing state frequencies so that sum of them equals to 1
148  Q.pfam+I+R4   9867.779     40  19815.558    19823.405    19980.720
WARNING: Normalizing state frequencies so that sum of them equals to 1
157  Q.pfam+F+G4   9834.932     53  19775.864    19789.998    19994.704
WARNING: Normalizing state frequencies so that sum of them equals to 1
161  Q.pfam+F+R4   9813.147     58  19742.295    19759.405    19981.780
WARNING: Normalizing state frequencies so that sum of them equals to 1
170  Q.pfam+F+I+R4 9813.627     59  19745.255    19762.999    19988.869
WARNING: Normalizing state frequencies so that sum of them equals to 1
179  Q.bird+G4     10099.948    34  20267.896    20273.510    20408.284
WARNING: Normalizing state frequencies so that sum of them equals to 1
183  Q.bird+R4     10087.530    39  20253.059    20260.505    20414.092
WARNING: Normalizing state frequencies so that sum of them equals to 1
192  Q.bird+I+R4   10087.860    40  20255.719    20263.566    20420.881
WARNING: Normalizing state frequencies so that sum of them equals to 1
201  Q.bird+F+G4   10029.450    53  20164.900    20179.034    20383.740
WARNING: Normalizing state frequencies so that sum of them equals to 1
205  Q.bird+F+R4   10011.517    58  20139.034    20156.144    20378.519
WARNING: Normalizing state frequencies so that sum of them equals to 1
214  Q.bird+F+I+R4 10012.121    59  20142.242    20159.986    20385.856
WARNING: Normalizing state frequencies so that sum of them equals to 1
223  Q.mammal+G4   10045.569    34  20159.138    20164.751    20299.526
WARNING: Normalizing state frequencies so that sum of them equals to 1
227  Q.mammal+R4   10033.399    39  20144.797    20152.244    20305.830
WARNING: Normalizing state frequencies so that sum of them equals to 1
236  Q.mammal+I+R4 10033.799    40  20147.598    20155.444    20312.760
WARNING: Normalizing state frequencies so that sum of them equals to 1
245  Q.mammal+F+G4 9979.912     53  20065.823    20079.957    20284.663
WARNING: Normalizing state frequencies so that sum of them equals to 1
249  Q.mammal+F+R4 9963.158     58  20042.315    20059.425    20281.800
WARNING: Normalizing state frequencies so that sum of them equals to 1
258  Q.mammal+F+I+R4 9963.601     59  20045.203    20062.947    20288.817
267  Q.insect+G4   9902.070     34  19872.139    19877.753    20012.527
271  Q.insect+R4   9889.208     39  19856.417    19863.863    20017.449
280  Q.insect+I+R4 9889.651     40  19859.303    19867.150    20024.465
289  Q.insect+F+G4 9857.617     53  19821.234    19835.367    20040.074
293  Q.insect+F+R4 9837.622     58  19791.244    19808.354    20030.729
302  Q.insect+F+I+R4 9838.077     59  19794.154    19811.898    20037.768
WARNING: Normalizing state frequencies so that sum of them equals to 1
311  Q.plant+G4    9993.331     34  20054.663    20060.276    20195.050
WARNING: Normalizing state frequencies so that sum of them equals to 1
315  Q.plant+R4    9978.749     39  20035.498    20042.944    20196.531
WARNING: Normalizing state frequencies so that sum of them equals to 1
324  Q.plant+I+R4  9979.205     40  20038.409    20046.256    20203.571
WARNING: Normalizing state frequencies so that sum of them equals to 1
333  Q.plant+F+G4  9943.023     53  19992.047    20006.180    20210.886
WARNING: Normalizing state frequencies so that sum of them equals to 1
337  Q.plant+F+R4  9921.965     58  19959.930    19977.040    20199.415
WARNING: Normalizing state frequencies so that sum of them equals to 1
346  Q.plant+F+I+R4 9922.585     59  19963.170    19980.914    20206.784
WARNING: Normalizing state frequencies so that sum of them equals to 1
355  Q.yeast+G4    9854.085     34  19776.170    19781.784    19916.558
WARNING: Normalizing state frequencies so that sum of them equals to 1
359  Q.yeast+R4    9838.436     39  19754.873    19762.319    19915.905
WARNING: Normalizing state frequencies so that sum of them equals to 1
368  Q.yeast+I+R4  9838.884     40  19757.767    19765.614    19922.929
WARNING: Normalizing state frequencies so that sum of them equals to 1
377  Q.yeast+F+G4  9826.314     53  19758.627    19772.760    19977.467
WARNING: Normalizing state frequencies so that sum of them equals to 1
381  Q.yeast+F+R4  9803.644     58  19723.288    19740.398    19962.773
WARNING: Normalizing state frequencies so that sum of them equals to 1
390  Q.yeast+F+I+R4 9804.189     59  19726.377    19744.121    19969.991
399  JTTDCMut+G4   9970.930     34  20009.860    20015.473    20150.248
403  JTTDCMut+R4   9955.246     39  19988.492    19995.939    20149.525
412  JTTDCMut+I+R4 9955.768     40  19991.536    19999.383    20156.698
421  JTTDCMut+F+G4 9915.174     53  19936.349    19950.482    20155.189
425  JTTDCMut+F+R4 9895.392     58  19906.785    19923.895    20146.270
434  JTTDCMut+F+I+R4 9895.903     59  19909.805    19927.550    20153.419
443  DCMut+G4      10019.679    34  20107.358    20112.971    20247.745
447  DCMut+R4      10000.431    39  20078.863    20086.309    20239.896
456  DCMut+I+R4    10003.599    40  20087.199    20095.046    20252.361
465  DCMut+F+G4    9928.449     53  19962.899    19977.032    20181.738
469  DCMut+F+R4    9908.507     58  19933.014    19950.124    20172.498
478  DCMut+F+I+R4  9909.340     59  19936.681    19954.425    20180.295
487  VT+G4         9891.748     34  19851.496    19857.109    19991.884
491  VT+R4         9877.428     39  19832.856    19840.302    19993.889
500  VT+I+R4       9877.912     40  19835.823    19843.670    20000.985
509  VT+F+G4       9868.812     53  19843.624    19857.757    20062.464
513  VT+F+R4       9850.852     58  19817.703    19834.813    20057.188
522  VT+F+I+R4     9851.336     59  19820.672    19838.416    20064.286
531  PMB+G4        9974.066     34  20016.132    20021.745    20156.519
535  PMB+R4        9965.628     39  20009.255    20016.701    20170.288
544  PMB+I+R4      9966.156     40  20012.311    20020.158    20177.473
553  PMB+F+G4      9896.876     53  19899.752    19913.885    20118.591
557  PMB+F+R4      9881.443     58  19878.885    19895.995    20118.370
566  PMB+F+I+R4    9882.293     59  19882.586    19900.330    20126.200
575  Blosum62+G4   9965.434     34  19998.868    20004.481    20139.255
579  Blosum62+R4   9956.297     39  19990.593    19998.040    20151.626
588  Blosum62+I+R4 9956.796     40  19993.592    20001.439    20158.754
597  Blosum62+F+G4 9888.821     53  19883.643    19897.776    20102.482
601  Blosum62+F+R4 9872.214     58  19860.428    19877.538    20099.913
610  Blosum62+F+I+R4 9872.999     59  19863.998    19881.743    20107.612
619  Dayhoff+G4    10019.856    34  20107.712    20113.325    20248.099
623  Dayhoff+R4    10000.519    39  20079.038    20086.484    20240.071
632  Dayhoff+I+R4  10003.693    40  20087.387    20095.234    20252.549
641  Dayhoff+F+G4  9928.533     53  19963.066    19977.199    20181.906
645  Dayhoff+F+R4  9908.540     58  19933.081    19950.191    20172.566
654  Dayhoff+F+I+R4 9909.344     59  19936.688    19954.433    20180.302
663  mtREV+G4      10435.060    34  20938.120    20943.734    21078.508
667  mtREV+R4      10428.052    39  20934.104    20941.550    21095.137
676  mtREV+I+R4    10428.468    40  20936.936    20944.783    21102.098
685  mtREV+F+G4    10038.825    53  20183.650    20197.783    20402.489
689  mtREV+F+R4    10013.206    58  20142.412    20159.522    20381.897
698  mtREV+F+I+R4  10012.101    59  20142.201    20159.946    20385.815
707  mtART+G4      10508.742    34  21085.484    21091.098    21225.872
711  mtART+R4      10504.554    39  21087.108    21094.554    21248.141
720  mtART+I+R4    10503.595    40  21087.190    21095.036    21252.352
729  mtART+F+G4    10019.350    53  20144.699    20158.832    20363.539
733  mtART+F+R4    9987.147     58  20090.294    20107.404    20329.779
742  mtART+F+I+R4  9986.652     59  20091.303    20109.048    20334.917
751  mtZOA+G4      10350.158    34  20768.316    20773.929    20908.704
755  mtZOA+R4      10344.796    39  20767.592    20775.038    20928.625
764  mtZOA+I+R4    10344.841    40  20769.682    20777.529    20934.844
773  mtZOA+F+G4    9966.063     53  20038.125    20052.258    20256.965
777  mtZOA+F+R4    9934.860     58  19985.720    20002.830    20225.205
786  mtZOA+F+I+R4  9935.004     59  19988.008    20005.753    20231.622
795  mtMet+G4      10461.992    34  20991.985    20997.598    21132.372
799  mtMet+R4      10455.972    39  20989.945    20997.391    21150.978
808  mtMet+I+R4    10456.230    40  20992.460    21000.307    21157.622
817  mtMet+F+G4    9989.339     53  20084.678    20098.812    20303.518
821  mtMet+F+R4    9964.710     58  20045.421    20062.531    20284.906
830  mtMet+F+I+R4  9964.819     59  20047.638    20065.382    20291.252
839  mtVer+G4      10493.684    34  21055.368    21060.981    21195.756
843  mtVer+R4      10486.858    39  21051.716    21059.162    21212.749
852  mtVer+I+R4    10486.843    40  21053.686    21061.532    21218.848
861  mtVer+F+G4    10084.686    53  20275.372    20289.506    20494.212
865  mtVer+F+R4    10060.180    58  20236.359    20253.469    20475.844
874  mtVer+F+I+R4  10060.230    59  20238.460    20256.205    20482.074
883  mtInv+G4      10516.369    34  21100.737    21106.351    21241.125
887  mtInv+R4      10511.616    39  21101.232    21108.679    21262.265
896  mtInv+I+R4    10511.952    40  21103.904    21111.751    21269.066
905  mtInv+F+G4    9927.701     53  19961.403    19975.536    20180.242
909  mtInv+F+R4    9902.858     58  19921.716    19938.826    20161.201
918  mtInv+F+I+R4  9903.547     59  19925.094    19942.839    20168.708
927  mtMAM+G4      10609.002    34  21286.004    21291.617    21426.392
931  mtMAM+R4      10602.559    39  21283.118    21290.565    21444.151
940  mtMAM+I+R4    10601.796    40  21283.592    21291.439    21448.754
949  mtMAM+F+G4    10156.934    53  20419.869    20434.002    20638.708
953  mtMAM+F+R4    10127.013    58  20370.027    20387.137    20609.512
962  mtMAM+F+I+R4  10126.791    59  20371.582    20389.327    20615.196
WARNING: Normalizing state frequencies so that sum of them equals to 1
971  FLAVI+G4      10350.192    34  20768.383    20773.996    20908.771
WARNING: Normalizing state frequencies so that sum of them equals to 1
975  FLAVI+R4      10340.648    39  20759.297    20766.743    20920.330
WARNING: Normalizing state frequencies so that sum of them equals to 1
984  FLAVI+I+R4    10339.441    40  20758.882    20766.729    20924.044
WARNING: Normalizing state frequencies so that sum of them equals to 1
993  FLAVI+F+G4    10192.461    53  20490.921    20505.054    20709.761
WARNING: Normalizing state frequencies so that sum of them equals to 1
997  FLAVI+F+R4    10173.866    58  20463.732    20480.842    20703.217
WARNING: Normalizing state frequencies so that sum of them equals to 1
1006  FLAVI+F+I+R4  10173.321    59  20464.643    20482.387    20708.257
1015  HIVb+G4       10119.176    34  20306.353    20311.966    20446.740
1019  HIVb+R4       10106.925    39  20291.850    20299.296    20452.883
1028  HIVb+I+R4     10107.279    40  20294.559    20302.406    20459.721
1037  HIVb+F+G4     10049.788    53  20205.576    20219.709    20424.416
1041  HIVb+F+R4     10031.822    58  20179.644    20196.754    20419.129
1050  HIVb+F+I+R4   10032.171    59  20182.342    20200.087    20425.956
1059  HIVw+G4       10385.116    34  20838.233    20843.846    20978.620
1063  HIVw+R4       10371.120    39  20820.241    20827.687    20981.274
1072  HIVw+I+R4     10371.369    40  20822.739    20830.585    20987.901
1081  HIVw+F+G4     10222.180    53  20550.360    20564.493    20769.199
1085  HIVw+F+R4     10202.892    58  20521.785    20538.895    20761.270
1094  HIVw+F+I+R4   10203.194    59  20524.388    20542.132    20768.002
1103  FLU+G4        10077.277    34  20222.554    20228.167    20362.942
1107  FLU+R4        10063.330    39  20204.660    20212.106    20365.693
1116  FLU+I+R4      10063.639    40  20207.278    20215.125    20372.440
1125  FLU+F+G4      10029.021    53  20164.042    20178.175    20382.882
1129  FLU+F+R4      10010.314    58  20136.629    20153.739    20376.114
1138  FLU+F+I+R4    10010.723    59  20139.447    20157.191    20383.061
1147  rtREV+G4      9942.067     34  19952.133    19957.746    20092.521
1151  rtREV+R4      9925.089     39  19928.178    19935.624    20089.211
1160  rtREV+I+R4    9925.594     40  19931.188    19939.035    20096.350
1169  rtREV+F+G4    9866.878     53  19839.756    19853.889    20058.595
1173  rtREV+F+R4    9843.869     58  19803.739    19820.849    20043.224
1182  rtREV+F+I+R4  9844.203     59  19806.407    19824.151    20050.021
1191  cpREV+G4      9993.416     34  20054.831    20060.445    20195.219
1195  cpREV+R4      9976.753     39  20031.506    20038.952    20192.539
1204  cpREV+I+R4    9978.305     40  20036.609    20044.456    20201.771
1213  cpREV+F+G4    9947.226     53  20000.451    20014.585    20219.291
1217  cpREV+F+R4    9919.856     58  19955.713    19972.823    20195.198
1226  cpREV+F+I+R4  9921.954     59  19961.908    19979.652    20205.522
Akaike Information Criterion:           Q.yeast+F+R4
Corrected Akaike Information Criterion: Q.yeast+F+R4
Bayesian Information Criterion:         Q.yeast+R4
Best-fit model: Q.yeast+R4 chosen according to BIC

All model information printed to FungalCW_tree_20231129/405669at4751.aa.mfa.model.gz
CPU time for ModelFinder: 265.072 seconds (0h:4m:25s)
Wall-clock time for ModelFinder: 134.069 seconds (0h:2m:14s)
Generating 1000 samples for ultrafast bootstrap (seed: 719840)...
WARNING: Normalizing state frequencies so that sum of them equals to 1

NOTE: 6 MB RAM (0 GB) is required!
Estimate model parameters (epsilon = 0.100)
1. Initial log-likelihood: -9838.436
Optimal log-likelihood: -9838.430
Site proportion and rates:  (0.196,0.024) (0.411,0.277) (0.229,0.917) (0.165,4.074)
Parameters optimization took 1 rounds (0.091 sec)
Wrote distance file to... 
Computing ML distances based on estimated model parameters...
Calculating distance matrix: done in 0.0351989 secs using 199.3% CPU
Computing ML distances took 0.035332 sec (of wall-clock time) 0.070335 sec (of CPU time)
Setting up auxiliary I and S matrices: done in 3.00407e-05 secs using 196.4% CPU
Constructing RapidNJ tree: done in 0.000114918 secs
Computing RapidNJ tree took 0.000216 sec (of wall-clock time) 0.000070 sec (of CPU time)
Log-likelihood of RapidNJ tree: -9861.791
--------------------------------------------------------------------
|             INITIALIZING CANDIDATE TREE SET                      |
--------------------------------------------------------------------
Generating 98 parsimony trees... 0.210 second
Computing log-likelihood of 98 initial trees ... 0.981 seconds
Current best score: -9838.430

Do NNI search on 20 best initial trees
Optimizing NNI: done in 0.0434799 secs using 200.9% CPU
Estimate model parameters (epsilon = 0.100)
BETTER TREE FOUND at iteration 1: -9838.429
Optimizing NNI: done in 0.149104 secs using 198.7% CPU
Optimizing NNI: done in 0.173336 secs using 199.2% CPU
Optimizing NNI: done in 0.174688 secs using 199% CPU
Optimizing NNI: done in 0.133282 secs using 198.4% CPU
Optimizing NNI: done in 0.167005 secs using 198.9% CPU
Optimizing NNI: done in 0.136633 secs using 199.1% CPU
Optimizing NNI: done in 0.110244 secs using 198.3% CPU
Optimizing NNI: done in 0.11375 secs using 199% CPU
Optimizing NNI: done in 0.125902 secs using 199.1% CPU
Iteration 10 / LogL: -9846.456 / Time: 0h:0m:2s
Optimizing NNI: done in 0.168482 secs using 199.2% CPU
Optimizing NNI: done in 0.145755 secs using 199.2% CPU
Optimizing NNI: done in 0.164185 secs using 199.2% CPU
Optimizing NNI: done in 0.185899 secs using 198.9% CPU
Optimizing NNI: done in 0.155901 secs using 199.1% CPU
Optimizing NNI: done in 0.158819 secs using 199% CPU
Optimizing NNI: done in 0.185379 secs using 199.3% CPU
Optimizing NNI: done in 0.144284 secs using 199.3% CPU
Optimizing NNI: done in 0.143351 secs using 199% CPU
Optimizing NNI: done in 0.179734 secs using 198.2% CPU
Iteration 20 / LogL: -9839.340 / Time: 0h:0m:4s
Finish initializing candidate tree set (2)
Current best tree score: -9838.429 / CPU time: 4.290
Number of iterations: 20
--------------------------------------------------------------------
|               OPTIMIZING CANDIDATE TREE SET                      |
--------------------------------------------------------------------
Optimizing NNI: done in 0.120989 secs using 199% CPU
Optimizing NNI: done in 0.165293 secs using 199% CPU
Optimizing NNI: done in 0.154931 secs using 198.8% CPU
Optimizing NNI: done in 0.129999 secs using 198.9% CPU
Optimizing NNI: done in 0.0832191 secs using 198.9% CPU
Optimizing NNI: done in 0.130699 secs using 198.9% CPU
Optimizing NNI: done in 0.109087 secs using 198.8% CPU
Optimizing NNI: done in 0.207817 secs using 199.3% CPU
Optimizing NNI: done in 0.15942 secs using 199.1% CPU
Optimizing NNI: done in 0.0947249 secs using 199.6% CPU
Iteration 30 / LogL: -9838.483 / Time: 0h:0m:6s (0h:0m:14s left)
Optimizing NNI: done in 0.095387 secs using 198.4% CPU
Optimizing NNI: done in 0.207289 secs using 199.2% CPU
Optimizing NNI: done in 0.128521 secs using 199.5% CPU
Optimizing NNI: done in 0.165144 secs using 199% CPU
Optimizing NNI: done in 0.119765 secs using 198.2% CPU
Optimizing NNI: done in 0.227203 secs using 199.3% CPU
Optimizing NNI: done in 0.082103 secs using 199.3% CPU
Optimizing NNI: done in 0.147237 secs using 199.5% CPU
Optimizing NNI: done in 0.164303 secs using 198.7% CPU
Optimizing NNI: done in 0.184296 secs using 198.7% CPU
Iteration 40 / LogL: -9840.653 / Time: 0h:0m:7s (0h:0m:11s left)
Optimizing NNI: done in 0.110701 secs using 199.3% CPU
Optimizing NNI: done in 0.159199 secs using 198.8% CPU
Optimizing NNI: done in 0.238227 secs using 198.9% CPU
Optimizing NNI: done in 0.130802 secs using 199% CPU
Optimizing NNI: done in 0.15171 secs using 199.4% CPU
Optimizing NNI: done in 0.164456 secs using 199.3% CPU
Optimizing NNI: done in 0.12147 secs using 198.9% CPU
Optimizing NNI: done in 0.138047 secs using 199.2% CPU
Optimizing NNI: done in 0.126359 secs using 199.2% CPU
Optimizing NNI: done in 0.190534 secs using 199.2% CPU
Iteration 50 / LogL: -9840.671 / Time: 0h:0m:9s (0h:0m:9s left)
Log-likelihood cutoff on original alignment: -9882.984
Optimizing NNI: done in 0.155152 secs using 199.4% CPU
Optimizing NNI: done in 0.240988 secs using 198.5% CPU
Optimizing NNI: done in 0.0791969 secs using 199.1% CPU
Optimizing NNI: done in 0.103584 secs using 199.3% CPU
Optimizing NNI: done in 0.143395 secs using 199% CPU
Optimizing NNI: done in 0.142807 secs using 199.3% CPU
Optimizing NNI: done in 0.158764 secs using 199% CPU
Optimizing NNI: done in 0.126962 secs using 198.9% CPU
Optimizing NNI: done in 0.126187 secs using 199.1% CPU
Optimizing NNI: done in 0.135005 secs using 199.3% CPU
Iteration 60 / LogL: -9840.837 / Time: 0h:0m:10s (0h:0m:7s left)
Optimizing NNI: done in 0.109421 secs using 198.4% CPU
Optimizing NNI: done in 0.140801 secs using 198.9% CPU
Optimizing NNI: done in 0.089843 secs using 198.9% CPU
Optimizing NNI: done in 0.128705 secs using 199.6% CPU
Optimizing NNI: done in 0.138505 secs using 197.9% CPU
Optimizing NNI: done in 0.168828 secs using 199% CPU
Optimizing NNI: done in 0.161656 secs using 199% CPU
Optimizing NNI: done in 0.120205 secs using 198.8% CPU
Optimizing NNI: done in 0.192691 secs using 199% CPU
Optimizing NNI: done in 0.179357 secs using 198.9% CPU
Iteration 70 / LogL: -9838.596 / Time: 0h:0m:12s (0h:0m:5s left)
Optimizing NNI: done in 0.232198 secs using 198.8% CPU
Optimizing NNI: done in 0.147878 secs using 199.4% CPU
Optimizing NNI: done in 0.179268 secs using 199.3% CPU
Optimizing NNI: done in 0.132338 secs using 198.9% CPU
Optimizing NNI: done in 0.187657 secs using 199.1% CPU
Optimizing NNI: done in 0.173347 secs using 199% CPU
Optimizing NNI: done in 0.198236 secs using 199.2% CPU
Optimizing NNI: done in 0.154563 secs using 199.3% CPU
Optimizing NNI: done in 0.115064 secs using 199.3% CPU
Optimizing NNI: done in 0.124662 secs using 199.5% CPU
Iteration 80 / LogL: -9840.670 / Time: 0h:0m:13s (0h:0m:3s left)
Optimizing NNI: done in 0.158625 secs using 199.2% CPU
Optimizing NNI: done in 0.132084 secs using 199.1% CPU
Optimizing NNI: done in 0.149433 secs using 199.2% CPU
Optimizing NNI: done in 0.08955 secs using 199.9% CPU
Optimizing NNI: done in 0.16277 secs using 199% CPU
Optimizing NNI: done in 0.116991 secs using 198.9% CPU
Optimizing NNI: done in 0.178232 secs using 199.1% CPU
Optimizing NNI: done in 0.124145 secs using 199.5% CPU
Optimizing NNI: done in 0.124063 secs using 198.9% CPU
Optimizing NNI: done in 0.117261 secs using 198.7% CPU
Iteration 90 / LogL: -9840.652 / Time: 0h:0m:15s (0h:0m:1s left)
Optimizing NNI: done in 0.156944 secs using 199.2% CPU
Optimizing NNI: done in 0.171904 secs using 199.2% CPU
Optimizing NNI: done in 0.133407 secs using 198.6% CPU
Optimizing NNI: done in 0.133884 secs using 199.7% CPU
Optimizing NNI: done in 0.226975 secs using 199.3% CPU
Optimizing NNI: done in 0.111794 secs using 198% CPU
Optimizing NNI: done in 0.119332 secs using 199.6% CPU
Optimizing NNI: done in 0.164578 secs using 198.6% CPU
Optimizing NNI: done in 0.119693 secs using 199.2% CPU
Optimizing NNI: done in 0.170954 secs using 199.3% CPU
Iteration 100 / LogL: -9838.451 / Time: 0h:0m:16s (0h:0m:0s left)
Log-likelihood cutoff on original alignment: -9882.984
NOTE: Bootstrap correlation coefficient of split occurrence frequencies: 0.999
Optimizing NNI: done in 0.162079 secs using 199% CPU
Optimizing NNI: done in 0.16758 secs using 199.3% CPU
TREE SEARCH COMPLETED AFTER 102 ITERATIONS / Time: 0h:0m:17s

--------------------------------------------------------------------
|                    FINALIZING TREE SEARCH                        |
--------------------------------------------------------------------
Performs final model parameters optimization
Estimate model parameters (epsilon = 0.010)
1. Initial log-likelihood: -9838.429
Optimal log-likelihood: -9838.429
Site proportion and rates:  (0.196,0.024) (0.411,0.278) (0.228,0.918) (0.164,4.084)
Parameters optimization took 1 rounds (0.052 sec)
BEST SCORE FOUND : -9838.429

Testing tree branches by SH-like aLRT with 1000 replicates...
0.120 sec.
Creating bootstrap support values...
Split supports printed to NEXUS file FungalCW_tree_20231129/405669at4751.aa.mfa.splits.nex
Total tree length: 18.599

Total number of iterations: 102
CPU time used for tree search: 33.619 sec (0h:0m:33s)
Wall-clock time used for tree search: 16.950 sec (0h:0m:16s)
Total CPU time used: 34.589 sec (0h:0m:34s)
Total wall-clock time used: 17.498 sec (0h:0m:17s)

Computing bootstrap consensus tree...
Reading input file FungalCW_tree_20231129/405669at4751.aa.mfa.splits.nex...
18 taxa and 92 splits.
Consensus tree written to FungalCW_tree_20231129/405669at4751.aa.mfa.contree
Reading input trees file FungalCW_tree_20231129/405669at4751.aa.mfa.contree
Log-likelihood of consensus tree: -9838.429

Analysis results written to: 
  IQ-TREE report:                FungalCW_tree_20231129/405669at4751.aa.mfa.iqtree
  Maximum-likelihood tree:       FungalCW_tree_20231129/405669at4751.aa.mfa.treefile
  Likelihood distances:          FungalCW_tree_20231129/405669at4751.aa.mfa.mldist

Ultrafast bootstrap approximation results written to:
  Split support values:          FungalCW_tree_20231129/405669at4751.aa.mfa.splits.nex
  Consensus tree:                FungalCW_tree_20231129/405669at4751.aa.mfa.contree
  Screen log file:               FungalCW_tree_20231129/405669at4751.aa.mfa.log

Date and Time: Wed Nov 29 01:38:17 2023
