IQ-TREE multicore version 2.2.2.6 COVID-edition for Linux 64-bit built May 27 2023
Developed by Bui Quang Minh, James Barbetti, Nguyen Lam Tung,
Olga Chernomor, Heiko Schmidt, Dominik Schrempf, Michael Woodhams, Ly Trong Nhan.

Host:    r12 (AVX2, FMA3, 503 GB RAM)
Command: iqtree2 -s FungalCW_tree_20231129/406240at4751.aa.mfa -gz -B 1000 -alrt 1000 -nt 2
Seed:    855516 (Using SPRNG - Scalable Parallel Random Number Generator)
Time:    Wed Nov 29 02:24:41 2023
Kernel:  AVX+FMA - 2 threads (2 CPU cores detected)

Reading alignment file FungalCW_tree_20231129/406240at4751.aa.mfa ... Fasta format detected
Reading fasta file: done in 0.000146151 secs using 65.69% CPU
Alignment most likely contains protein sequences
Constructing alignment: done in 0.00029707 secs using 174.7% CPU
Alignment has 18 sequences with 218 columns, 204 distinct patterns
105 parsimony-informative, 79 singleton sites, 34 constant sites
                                                               Gap/Ambiguity  Composition  p-value
Analyzing sequences: done in 2.21729e-05 secs using 99.22% CPU
   1  Basidiobolus_meristosporus_CBS_931.73.Basme2finSC.v1            21.56%    passed     99.03%
   2  Botrytis_cinerea_T4                                             21.10%    passed     99.29%
   3  Capillidium_pumilum_ARSEF_79                                    60.09%    passed     99.63%
   4  Colletotrichum_graminicola_M1.001                               21.56%    passed     93.87%
   5  Colletotrichum_higginsianum_IMI_349063                          24.31%    passed     89.76%
   6  Fusarium_graminearum_PH-1                                       21.10%    passed     89.48%
   7  Fusarium_verticillioides_7600                                   22.48%    passed     99.73%
   8  Gilbertella_persicaria_var_persicaria_CBS_190.32-T.Gilper1.v1   21.56%    passed     98.92%
   9  Mortierella_elongata_AG-77                                      22.94%    passed     95.84%
  10  Mucor_mucedo_NRRL_3635                                          21.56%    passed     99.66%
  11  Neoconidiobolus_thromboides_FSU_785.Conth1.v1                   23.85%    passed     90.32%
  12  Phycomyces_blakesleeanus_NRRL_1555.Phybl2.v2                    22.48%    passed     99.88%
  13  Rhizopus_stolonifer_NRRL_66455                                  21.56%    passed     96.58%
  14  Trichoderma_harzianum_CBS_226.95                                21.56%    passed     94.66%
  15  Umbelopsis_ramanniana_NRRL_5844.Umbra1.v1                       21.10%    passed     99.77%
  16  Ustilago_maydis                                                 22.02%    passed     99.05%
  17  Zoophthora_radicans_ATCC_208865                                 15.60%    passed     67.45%
  18  Zymoseptoria_tritici_IP0323                                     24.31%    passed     80.01%
WARNING: 1 sequences contain more than 50% gaps/ambiguity
****  TOTAL                                                           23.93%  0 sequences failed composition chi2 test (p-value<5%; df=19)
Checking for duplicate sequences: done in 4.88758e-05 secs using 198.5% CPU


Create initial parsimony tree by phylogenetic likelihood library (PLL)... 0.001 seconds
Perform fast likelihood tree search using LG+I+G model...
Estimate model parameters (epsilon = 5.000)
Perform nearest neighbor interchange...
Optimizing NNI: done in 0.0723391 secs using 195.5% CPU
Estimate model parameters (epsilon = 1.000)
1. Initial log-likelihood: -3233.102
Optimal log-likelihood: -3232.773
Proportion of invariable sites: 0.034
Gamma shape alpha: 1.330
Parameters optimization took 1 rounds (0.018 sec)
Time for fast ML tree search: 0.161 seconds

NOTE: ModelFinder requires 7 MB RAM!
ModelFinder will test up to 1232 protein models (sample size: 218) ...
 No. Model         -LnL         df  AIC          AICc         BIC
  1  LG            3306.046     33  6678.093     6690.289     6789.781
  2  LG+I          3288.362     34  6644.723     6657.729     6759.796
  3  LG+G4         3231.721     34  6531.442     6544.448     6646.515
  4  LG+I+G4       3232.181     35  6534.362     6548.208     6652.819
  5  LG+R2         3235.239     35  6540.478     6554.325     6658.936
  6  LG+R3         3230.937     37  6535.875     6551.497     6661.101
 14  LG+I+R2       3235.394     36  6542.789     6557.507     6664.631
 15  LG+I+R3       3231.092     38  6538.184     6554.743     6666.795
 25  LG+F+G4       3227.320     53  6560.639     6595.542     6740.017
 26  LG+F+I+G4     3227.766     54  6563.532     6599.974     6746.295
 47  WAG+G4        3243.219     34  6554.438     6567.444     6669.511
 48  WAG+I+G4      3243.593     35  6557.185     6571.031     6675.642
 69  WAG+F+G4      3229.625     53  6565.250     6600.152     6744.628
 70  WAG+F+I+G4    3230.072     54  6568.144     6604.586     6750.907
 91  JTT+G4        3264.640     34  6597.281     6610.286     6712.353
 92  JTT+I+G4      3265.046     35  6600.091     6613.937     6718.548
113  JTT+F+G4      3263.183     53  6632.365     6667.268     6811.743
114  JTT+F+I+G4    3263.592     54  6635.183     6671.625     6817.946
WARNING: Normalizing state frequencies so that sum of them equals to 1
135  Q.pfam+G4     3234.954     34  6537.909     6550.914     6652.981
WARNING: Normalizing state frequencies so that sum of them equals to 1
136  Q.pfam+I+G4   3235.427     35  6540.854     6554.700     6659.311
WARNING: Normalizing state frequencies so that sum of them equals to 1
157  Q.pfam+F+G4   3231.979     53  6569.957     6604.860     6749.335
WARNING: Normalizing state frequencies so that sum of them equals to 1
158  Q.pfam+F+I+G4 3232.370     54  6572.740     6609.182     6755.503
WARNING: Normalizing state frequencies so that sum of them equals to 1
179  Q.bird+G4     3332.543     34  6733.086     6746.092     6848.159
WARNING: Normalizing state frequencies so that sum of them equals to 1
180  Q.bird+I+G4   3332.850     35  6735.701     6749.547     6854.158
WARNING: Normalizing state frequencies so that sum of them equals to 1
201  Q.bird+F+G4   3341.264     53  6788.529     6823.431     6967.907
WARNING: Normalizing state frequencies so that sum of them equals to 1
202  Q.bird+F+I+G4 3341.687     54  6791.375     6827.816     6974.137
WARNING: Normalizing state frequencies so that sum of them equals to 1
223  Q.mammal+G4   3302.830     34  6673.659     6686.665     6788.732
WARNING: Normalizing state frequencies so that sum of them equals to 1
224  Q.mammal+I+G4 3303.119     35  6676.238     6690.084     6794.695
WARNING: Normalizing state frequencies so that sum of them equals to 1
245  Q.mammal+F+G4 3311.543     53  6729.085     6763.988     6908.464
WARNING: Normalizing state frequencies so that sum of them equals to 1
246  Q.mammal+F+I+G4 3311.995     54  6731.990     6768.432     6914.753
267  Q.insect+G4   3227.067     34  6522.135     6535.140     6637.208
268  Q.insect+I+G4 3227.506     35  6525.011     6538.858     6643.469
289  Q.insect+F+G4 3240.531     53  6587.062     6621.965     6766.440
290  Q.insect+F+I+G4 3240.939     54  6589.878     6626.320     6772.641
WARNING: Normalizing state frequencies so that sum of them equals to 1
311  Q.plant+G4    3273.963     34  6615.927     6628.932     6731.000
WARNING: Normalizing state frequencies so that sum of them equals to 1
312  Q.plant+I+G4  3274.438     35  6618.877     6632.723     6737.334
WARNING: Normalizing state frequencies so that sum of them equals to 1
333  Q.plant+F+G4  3278.248     53  6662.496     6697.399     6841.874
WARNING: Normalizing state frequencies so that sum of them equals to 1
334  Q.plant+F+I+G4 3278.663     54  6665.326     6701.768     6848.089
WARNING: Normalizing state frequencies so that sum of them equals to 1
355  Q.yeast+G4    3236.223     34  6540.447     6553.452     6655.520
WARNING: Normalizing state frequencies so that sum of them equals to 1
356  Q.yeast+I+G4  3236.675     35  6543.349     6557.196     6661.807
WARNING: Normalizing state frequencies so that sum of them equals to 1
377  Q.yeast+F+G4  3241.555     53  6589.109     6624.012     6768.488
WARNING: Normalizing state frequencies so that sum of them equals to 1
378  Q.yeast+F+I+G4 3242.021     54  6592.041     6628.483     6774.804
399  JTTDCMut+G4   3263.613     34  6595.226     6608.232     6710.299
400  JTTDCMut+I+G4 3264.012     35  6598.025     6611.871     6716.482
421  JTTDCMut+F+G4 3261.610     53  6629.220     6664.123     6808.599
422  JTTDCMut+F+I+G4 3262.091     54  6632.181     6668.623     6814.944
443  DCMut+G4      3284.138     34  6636.275     6649.281     6751.348
444  DCMut+I+G4    3284.267     35  6638.535     6652.381     6756.992
465  DCMut+F+G4    3263.380     53  6632.761     6667.663     6812.139
466  DCMut+F+I+G4  3263.671     54  6635.342     6671.784     6818.105
487  VT+G4         3243.767     34  6555.535     6568.540     6670.607
488  VT+I+G4       3244.119     35  6558.239     6572.085     6676.696
509  VT+F+G4       3241.534     53  6589.069     6623.971     6768.447
510  VT+F+I+G4     3241.917     54  6591.833     6628.275     6774.596
531  PMB+G4        3253.180     34  6574.359     6587.365     6689.432
532  PMB+I+G4      3253.618     35  6577.235     6591.082     6695.693
553  PMB+F+G4      3251.768     53  6609.537     6644.439     6788.915
554  PMB+F+I+G4    3252.203     54  6612.406     6648.847     6795.168
575  Blosum62+G4   3253.279     34  6574.558     6587.563     6689.630
576  Blosum62+I+G4 3253.762     35  6577.523     6591.369     6695.981
597  Blosum62+F+G4 3252.249     53  6610.499     6645.401     6789.877
598  Blosum62+F+I+G4 3252.696     54  6613.393     6649.834     6796.155
619  Dayhoff+G4    3283.855     34  6635.709     6648.715     6750.782
620  Dayhoff+I+G4  3283.985     35  6637.970     6651.816     6756.427
641  Dayhoff+F+G4  3263.018     53  6632.037     6666.939     6811.415
642  Dayhoff+F+I+G4 3263.310     54  6634.620     6671.062     6817.383
663  mtREV+G4      3404.082     34  6876.164     6889.169     6991.237
664  mtREV+I+G4    3404.344     35  6878.688     6892.534     6997.145
685  mtREV+F+G4    3298.556     53  6703.112     6738.015     6882.491
686  mtREV+F+I+G4  3298.850     54  6705.700     6742.142     6888.463
707  mtART+G4      3421.243     34  6910.486     6923.491     7025.558
708  mtART+I+G4    3421.498     35  6912.996     6926.842     7031.453
729  mtART+F+G4    3338.489     53  6782.978     6817.880     6962.356
730  mtART+F+I+G4  3338.738     54  6785.477     6821.919     6968.240
751  mtZOA+G4      3371.427     34  6810.853     6823.859     6925.926
752  mtZOA+I+G4    3371.700     35  6813.400     6827.246     6931.857
773  mtZOA+F+G4    3302.714     53  6711.428     6746.331     6890.806
774  mtZOA+F+I+G4  3303.003     54  6714.007     6750.448     6896.769
795  mtMet+G4      3401.815     34  6871.630     6884.636     6986.703
796  mtMet+I+G4    3402.196     35  6874.392     6888.238     6992.849
817  mtMet+F+G4    3320.816     53  6747.632     6782.535     6927.010
818  mtMet+F+I+G4  3321.184     54  6750.367     6786.809     6933.130
839  mtVer+G4      3470.939     34  7009.878     7022.883     7124.950
840  mtVer+I+G4    3471.306     35  7012.612     7026.458     7131.069
861  mtVer+F+G4    3377.366     53  6860.732     6895.634     7040.110
862  mtVer+F+I+G4  3377.802     54  6863.603     6900.045     7046.366
883  mtInv+G4      3402.990     34  6873.981     6886.986     6989.054
884  mtInv+I+G4    3403.383     35  6876.766     6890.612     6995.223
905  mtInv+F+G4    3292.316     53  6690.633     6725.535     6870.011
906  mtInv+F+I+G4  3292.768     54  6693.537     6729.979     6876.300
927  mtMAM+G4      3493.706     34  7055.413     7068.418     7170.486
928  mtMAM+I+G4    3493.912     35  7057.824     7071.670     7176.281
949  mtMAM+F+G4    3393.590     53  6893.179     6928.082     7072.557
950  mtMAM+F+I+G4  3393.841     54  6895.683     6932.125     7078.446
WARNING: Normalizing state frequencies so that sum of them equals to 1
971  FLAVI+G4      3409.574     34  6887.147     6900.153     7002.220
WARNING: Normalizing state frequencies so that sum of them equals to 1
972  FLAVI+I+G4    3410.006     35  6890.013     6903.859     7008.470
WARNING: Normalizing state frequencies so that sum of them equals to 1
993  FLAVI+F+G4    3396.376     53  6898.753     6933.655     7078.131
WARNING: Normalizing state frequencies so that sum of them equals to 1
994  FLAVI+F+I+G4  3396.779     54  6901.558     6938.000     7084.321
1015  HIVb+G4       3343.993     34  6755.986     6768.991     6871.059
1016  HIVb+I+G4     3344.439     35  6758.878     6772.725     6877.336
1037  HIVb+F+G4     3326.914     53  6759.827     6794.730     6939.205
1038  HIVb+F+I+G4   3327.358     54  6762.715     6799.157     6945.478
1059  HIVw+G4       3475.070     34  7018.140     7031.146     7133.213
1060  HIVw+I+G4     3475.248     35  7020.497     7034.343     7138.954
1081  HIVw+F+G4     3438.194     53  6982.388     7017.290     7161.766
1082  HIVw+F+I+G4   3438.297     54  6984.593     7021.035     7167.356
1103  FLU+G4        3311.700     34  6691.400     6704.406     6806.473
1104  FLU+I+G4      3312.155     35  6694.310     6708.156     6812.768
1125  FLU+F+G4      3310.295     53  6726.591     6761.493     6905.969
1126  FLU+F+I+G4    3310.732     54  6729.464     6765.905     6912.226
1147  rtREV+G4      3255.314     34  6578.628     6591.633     6693.700
1148  rtREV+I+G4    3255.722     35  6581.444     6595.290     6699.901
1169  rtREV+F+G4    3232.208     53  6570.417     6605.319     6749.795
1170  rtREV+F+I+G4  3232.598     54  6573.195     6609.637     6755.958
1191  cpREV+G4      3269.420     34  6606.841     6619.846     6721.913
1192  cpREV+I+G4    3269.830     35  6609.660     6623.506     6728.117
1213  cpREV+F+G4    3263.183     53  6632.366     6667.268     6811.744
1214  cpREV+F+I+G4  3263.579     54  6635.158     6671.600     6817.921
Akaike Information Criterion:           Q.insect+G4
Corrected Akaike Information Criterion: Q.insect+G4
Bayesian Information Criterion:         Q.insect+G4
Best-fit model: Q.insect+G4 chosen according to BIC

All model information printed to FungalCW_tree_20231129/406240at4751.aa.mfa.model.gz
CPU time for ModelFinder: 18.835 seconds (0h:0m:18s)
Wall-clock time for ModelFinder: 12.491 seconds (0h:0m:12s)
Generating 1000 samples for ultrafast bootstrap (seed: 855516)...

NOTE: 3 MB RAM (0 GB) is required!
Estimate model parameters (epsilon = 0.100)
1. Initial log-likelihood: -3227.067
Optimal log-likelihood: -3227.065
Gamma shape alpha: 1.025
Parameters optimization took 1 rounds (0.018 sec)
Wrote distance file to... 
Computing ML distances based on estimated model parameters...
Calculating distance matrix: done in 0.0191338 secs using 199.1% CPU
Computing ML distances took 0.019237 sec (of wall-clock time) 0.038271 sec (of CPU time)
Setting up auxiliary I and S matrices: done in 5.79357e-05 secs using 100.1% CPU
Constructing RapidNJ tree: done in 0.000225067 secs using 274.6% CPU
Computing RapidNJ tree took 0.000353 sec (of wall-clock time) 0.000729 sec (of CPU time)
Log-likelihood of RapidNJ tree: -3233.909
--------------------------------------------------------------------
|             INITIALIZING CANDIDATE TREE SET                      |
--------------------------------------------------------------------
Generating 98 parsimony trees... 0.188 second
Computing log-likelihood of 98 initial trees ... 0.582 seconds
Current best score: -3227.065

Do NNI search on 20 best initial trees
Optimizing NNI: done in 0.0397291 secs using 195.8% CPU
Estimate model parameters (epsilon = 0.100)
BETTER TREE FOUND at iteration 1: -3226.937
Optimizing NNI: done in 0.0963461 secs using 199% CPU
Optimizing NNI: done in 0.095114 secs using 199% CPU
Optimizing NNI: done in 0.0752099 secs using 198.8% CPU
Optimizing NNI: done in 0.090997 secs using 198.5% CPU
Optimizing NNI: done in 0.0779679 secs using 199.2% CPU
Optimizing NNI: done in 0.0755372 secs using 198.6% CPU
Optimizing NNI: done in 0.0987859 secs using 198.8% CPU
Optimizing NNI: done in 0.131519 secs using 198.4% CPU
Optimizing NNI: done in 0.114105 secs using 199.1% CPU
Iteration 10 / LogL: -3226.963 / Time: 0h:0m:1s
Optimizing NNI: done in 0.131822 secs using 198.4% CPU
Optimizing NNI: done in 0.0973499 secs using 199.3% CPU
Optimizing NNI: done in 0.10206 secs using 199.2% CPU
Optimizing NNI: done in 0.106732 secs using 199% CPU
Optimizing NNI: done in 0.131152 secs using 199.1% CPU
Optimizing NNI: done in 0.0858281 secs using 198.6% CPU
Optimizing NNI: done in 0.122352 secs using 198.5% CPU
Optimizing NNI: done in 0.104933 secs using 198.5% CPU
Optimizing NNI: done in 0.103076 secs using 198.4% CPU
Optimizing NNI: done in 0.088619 secs using 198.7% CPU
Iteration 20 / LogL: -3226.943 / Time: 0h:0m:2s
Finish initializing candidate tree set (3)
Current best tree score: -3226.937 / CPU time: 2.793
Number of iterations: 20
--------------------------------------------------------------------
|               OPTIMIZING CANDIDATE TREE SET                      |
--------------------------------------------------------------------
Optimizing NNI: done in 0.104753 secs using 198.7% CPU
Optimizing NNI: done in 0.120681 secs using 199.1% CPU
Optimizing NNI: done in 0.101176 secs using 198.8% CPU
Optimizing NNI: done in 0.053344 secs using 198.8% CPU
Optimizing NNI: done in 0.101148 secs using 198.6% CPU
Optimizing NNI: done in 0.107793 secs using 198.5% CPU
Optimizing NNI: done in 0.0964398 secs using 199.3% CPU
Optimizing NNI: done in 0.108644 secs using 197.7% CPU
Optimizing NNI: done in 0.0801079 secs using 199.1% CPU
Optimizing NNI: done in 0.111215 secs using 198.9% CPU
Iteration 30 / LogL: -3236.228 / Time: 0h:0m:4s (0h:0m:9s left)
Optimizing NNI: done in 0.123615 secs using 198.7% CPU
Optimizing NNI: done in 0.105035 secs using 199.2% CPU
Optimizing NNI: done in 0.155178 secs using 198.8% CPU
Optimizing NNI: done in 0.157072 secs using 198.4% CPU
Optimizing NNI: done in 0.132515 secs using 197.9% CPU
Optimizing NNI: done in 0.121989 secs using 197.9% CPU
Optimizing NNI: done in 0.107183 secs using 198.4% CPU
Optimizing NNI: done in 0.112629 secs using 198.3% CPU
Optimizing NNI: done in 0.089113 secs using 199% CPU
Optimizing NNI: done in 0.0654519 secs using 198.8% CPU
Iteration 40 / LogL: -3226.970 / Time: 0h:0m:5s (0h:0m:8s left)
Optimizing NNI: done in 0.0730021 secs using 198.9% CPU
Optimizing NNI: done in 0.112867 secs using 198.6% CPU
Optimizing NNI: done in 0.0819302 secs using 198.4% CPU
Optimizing NNI: done in 0.0897801 secs using 199.2% CPU
Optimizing NNI: done in 0.0888581 secs using 198.6% CPU
Optimizing NNI: done in 0.0656199 secs using 199.7% CPU
Optimizing NNI: done in 0.096766 secs using 198.6% CPU
Optimizing NNI: done in 0.120371 secs using 198.1% CPU
Optimizing NNI: done in 0.0682859 secs using 199.4% CPU
Optimizing NNI: done in 0.077136 secs using 199.4% CPU
Iteration 50 / LogL: -3235.782 / Time: 0h:0m:6s (0h:0m:6s left)
Log-likelihood cutoff on original alignment: -3258.971
Optimizing NNI: done in 0.081007 secs using 198.7% CPU
Optimizing NNI: done in 0.0685461 secs using 199% CPU
Optimizing NNI: done in 0.101261 secs using 197.5% CPU
Optimizing NNI: done in 0.104815 secs using 198.7% CPU
Optimizing NNI: done in 0.0508761 secs using 198.9% CPU
Optimizing NNI: done in 0.081131 secs using 198.1% CPU
Optimizing NNI: done in 0.0882702 secs using 197.9% CPU
Optimizing NNI: done in 0.091032 secs using 199% CPU
Optimizing NNI: done in 0.0815232 secs using 199.1% CPU
Optimizing NNI: done in 0.0830231 secs using 198.9% CPU
Iteration 60 / LogL: -3234.968 / Time: 0h:0m:7s (0h:0m:4s left)
Optimizing NNI: done in 0.065155 secs using 199% CPU
Optimizing NNI: done in 0.0652239 secs using 199.3% CPU
Optimizing NNI: done in 0.104863 secs using 198.1% CPU
Optimizing NNI: done in 0.0994601 secs using 198.4% CPU
Optimizing NNI: done in 0.093672 secs using 197.9% CPU
Optimizing NNI: done in 0.0781441 secs using 198.8% CPU
Optimizing NNI: done in 0.095623 secs using 197.9% CPU
Optimizing NNI: done in 0.085146 secs using 198.7% CPU
Optimizing NNI: done in 0.123391 secs using 198.1% CPU
Optimizing NNI: done in 0.0818431 secs using 199.5% CPU
Iteration 70 / LogL: -3226.968 / Time: 0h:0m:8s (0h:0m:3s left)
Optimizing NNI: done in 0.0665059 secs using 199.6% CPU
Optimizing NNI: done in 0.081614 secs using 198.8% CPU
Optimizing NNI: done in 0.119786 secs using 199.2% CPU
Optimizing NNI: done in 0.0966048 secs using 199.1% CPU
Optimizing NNI: done in 0.0498681 secs using 199.2% CPU
Optimizing NNI: done in 0.0844891 secs using 198.7% CPU
Optimizing NNI: done in 0.095376 secs using 198.1% CPU
Optimizing NNI: done in 0.0877891 secs using 198.7% CPU
Optimizing NNI: done in 0.116389 secs using 198.1% CPU
Optimizing NNI: done in 0.0875859 secs using 198.9% CPU
Iteration 80 / LogL: -3227.220 / Time: 0h:0m:9s (0h:0m:2s left)
Optimizing NNI: done in 0.105813 secs using 198.5% CPU
Optimizing NNI: done in 0.073693 secs using 199.5% CPU
Optimizing NNI: done in 0.076349 secs using 199.2% CPU
Optimizing NNI: done in 0.114563 secs using 197.6% CPU
Optimizing NNI: done in 0.112769 secs using 199% CPU
Optimizing NNI: done in 0.094079 secs using 198.9% CPU
Optimizing NNI: done in 0.0933421 secs using 199% CPU
Optimizing NNI: done in 0.087754 secs using 198.2% CPU
Optimizing NNI: done in 0.0682609 secs using 199.3% CPU
Optimizing NNI: done in 0.0798249 secs using 198.3% CPU
Iteration 90 / LogL: -3227.014 / Time: 0h:0m:9s (0h:0m:1s left)
Optimizing NNI: done in 0.111043 secs using 199.2% CPU
Optimizing NNI: done in 0.0680809 secs using 199.9% CPU
Optimizing NNI: done in 0.0990241 secs using 198.5% CPU
Optimizing NNI: done in 0.0641582 secs using 198.6% CPU
Optimizing NNI: done in 0.050282 secs using 198.8% CPU
Optimizing NNI: done in 0.09411 secs using 199% CPU
Optimizing NNI: done in 0.0984809 secs using 199% CPU
Optimizing NNI: done in 0.130998 secs using 198.4% CPU
Optimizing NNI: done in 0.1182 secs using 199.2% CPU
Optimizing NNI: done in 0.109298 secs using 198.7% CPU
Iteration 100 / LogL: -3226.948 / Time: 0h:0m:10s (0h:0m:0s left)
Log-likelihood cutoff on original alignment: -3259.639
NOTE: Bootstrap correlation coefficient of split occurrence frequencies: 0.999
Optimizing NNI: done in 0.0925748 secs using 196.8% CPU
Optimizing NNI: done in 0.0821149 secs using 198.4% CPU
TREE SEARCH COMPLETED AFTER 102 ITERATIONS / Time: 0h:0m:11s

--------------------------------------------------------------------
|                    FINALIZING TREE SEARCH                        |
--------------------------------------------------------------------
Performs final model parameters optimization
Estimate model parameters (epsilon = 0.010)
1. Initial log-likelihood: -3226.937
Optimal log-likelihood: -3226.936
Gamma shape alpha: 1.033
Parameters optimization took 1 rounds (0.015 sec)
BEST SCORE FOUND : -3226.936

Testing tree branches by SH-like aLRT with 1000 replicates...
0.067 sec.
Creating bootstrap support values...
Split supports printed to NEXUS file FungalCW_tree_20231129/406240at4751.aa.mfa.splits.nex
Total tree length: 6.021

Total number of iterations: 102
CPU time used for tree search: 21.830 sec (0h:0m:21s)
Wall-clock time used for tree search: 11.040 sec (0h:0m:11s)
Total CPU time used: 22.332 sec (0h:0m:22s)
Total wall-clock time used: 11.349 sec (0h:0m:11s)

Computing bootstrap consensus tree...
Reading input file FungalCW_tree_20231129/406240at4751.aa.mfa.splits.nex...
18 taxa and 123 splits.
Consensus tree written to FungalCW_tree_20231129/406240at4751.aa.mfa.contree
Reading input trees file FungalCW_tree_20231129/406240at4751.aa.mfa.contree
Log-likelihood of consensus tree: -3226.936

Analysis results written to: 
  IQ-TREE report:                FungalCW_tree_20231129/406240at4751.aa.mfa.iqtree
  Maximum-likelihood tree:       FungalCW_tree_20231129/406240at4751.aa.mfa.treefile
  Likelihood distances:          FungalCW_tree_20231129/406240at4751.aa.mfa.mldist

Ultrafast bootstrap approximation results written to:
  Split support values:          FungalCW_tree_20231129/406240at4751.aa.mfa.splits.nex
  Consensus tree:                FungalCW_tree_20231129/406240at4751.aa.mfa.contree
  Screen log file:               FungalCW_tree_20231129/406240at4751.aa.mfa.log

Date and Time: Wed Nov 29 02:25:05 2023
