IQ-TREE multicore version 2.2.2.6 COVID-edition for Linux 64-bit built May 27 2023
Developed by Bui Quang Minh, James Barbetti, Nguyen Lam Tung,
Olga Chernomor, Heiko Schmidt, Dominik Schrempf, Michael Woodhams, Ly Trong Nhan.

Host:    r12 (AVX2, FMA3, 503 GB RAM)
Command: iqtree2 -s FungalCW_tree_20231129/410458at4751.aa.mfa -gz -B 1000 -alrt 1000 -nt 2
Seed:    35411 (Using SPRNG - Scalable Parallel Random Number Generator)
Time:    Wed Nov 29 02:24:42 2023
Kernel:  AVX+FMA - 2 threads (2 CPU cores detected)

Reading alignment file FungalCW_tree_20231129/410458at4751.aa.mfa ... Fasta format detected
Reading fasta file: done in 0.000163078 secs using 84.01% CPU
Alignment most likely contains protein sequences
Constructing alignment: done in 0.000290871 secs using 159.5% CPU
Alignment has 17 sequences with 197 columns, 157 distinct patterns
96 parsimony-informative, 35 singleton sites, 66 constant sites
                                                               Gap/Ambiguity  Composition  p-value
Analyzing sequences: done in 2.09808e-05 secs using 47.66% CPU
   1  Basidiobolus_meristosporus_CBS_931.73.Basme2finSC.v1             9.14%    passed     99.99%
   2  Botrytis_cinerea_T4                                              8.63%    passed     99.82%
   3  Colletotrichum_graminicola_M1.001                                7.11%    passed     99.94%
   4  Colletotrichum_higginsianum_IMI_349063                           7.11%    passed     99.85%
   5  Fusarium_graminearum_PH-1                                        7.11%    passed     96.97%
   6  Fusarium_verticillioides_7600                                    7.11%    passed     98.45%
   7  Gilbertella_persicaria_var_persicaria_CBS_190.32-T.Gilper1.v1    8.12%    passed     99.99%
   8  Mortierella_elongata_AG-77                                      13.71%    passed     99.79%
   9  Mucor_mucedo_NRRL_3635                                           8.12%    passed    100.00%
  10  Neoconidiobolus_thromboides_FSU_785.Conth1.v1                   11.17%    passed     88.81%
  11  Phycomyces_blakesleeanus_NRRL_1555.Phybl2.v2                     8.12%    passed     97.45%
  12  Rhizopus_stolonifer_NRRL_66455                                   8.12%    passed     99.51%
  13  Trichoderma_harzianum_CBS_226.95                                 7.11%    passed     99.99%
  14  Umbelopsis_ramanniana_NRRL_5844.Umbra1.v1                        8.12%    passed     99.00%
  15  Ustilago_maydis                                                  7.61%    passed     84.39%
  16  Zoophthora_radicans_ATCC_208865                                 11.17%    passed     99.98%
  17  Zymoseptoria_tritici_IP0323                                     10.15%    passed     99.19%
****  TOTAL                                                            8.69%  0 sequences failed composition chi2 test (p-value<5%; df=19)
Checking for duplicate sequences: done in 3.98159e-05 secs using 203.4% CPU


Create initial parsimony tree by phylogenetic likelihood library (PLL)... 0.001 seconds
Perform fast likelihood tree search using LG+I+G model...
Estimate model parameters (epsilon = 5.000)
Perform nearest neighbor interchange...
Optimizing NNI: done in 0.0343728 secs using 197% CPU
Estimate model parameters (epsilon = 1.000)
1. Initial log-likelihood: -2555.211
Optimal log-likelihood: -2555.054
Proportion of invariable sites: 0.174
Gamma shape alpha: 1.507
Parameters optimization took 1 rounds (0.029 sec)
Time for fast ML tree search: 0.108 seconds

NOTE: ModelFinder requires 5 MB RAM!
ModelFinder will test up to 1232 protein models (sample size: 197) ...
 No. Model         -LnL         df  AIC          AICc         BIC
  1  LG            2628.301     31  5318.602     5330.626     5420.381
  2  LG+I          2568.618     32  5201.236     5214.114     5306.299
  3  LG+G4         2557.194     32  5178.389     5191.267     5283.451
  4  LG+I+G4       2555.012     33  5176.023     5189.790     5284.369
  5  LG+R2         2559.841     33  5185.681     5199.448     5294.027
  6  LG+R3         2555.880     35  5181.760     5197.413     5296.672
 14  LG+I+R2       2555.970     34  5179.940     5194.631     5291.569
 15  LG+I+R3       2554.828     36  5181.657     5198.307     5299.852
 25  LG+F+G4       2561.720     51  5225.440     5262.019     5392.883
 26  LG+F+I+G4     2559.305     52  5222.611     5260.888     5393.337
 36  LG+F+I+R2     2560.465     53  5226.929     5266.957     5400.939
 47  WAG+G4        2579.346     32  5222.692     5235.570     5327.754
 48  WAG+I+G4      2576.832     33  5219.665     5233.432     5328.011
 58  WAG+I+R2      2577.048     34  5222.097     5236.788     5333.726
 69  WAG+F+G4      2582.726     51  5267.453     5304.032     5434.896
 70  WAG+F+I+G4    2580.433     52  5264.865     5303.143     5435.592
 80  WAG+F+I+R2    2580.614     53  5267.229     5307.257     5441.239
 91  JTT+G4        2601.132     32  5266.264     5279.142     5371.327
 92  JTT+I+G4      2598.847     33  5263.695     5277.462     5372.041
102  JTT+I+R2      2598.990     34  5265.981     5280.672     5377.610
113  JTT+F+G4      2601.968     51  5305.935     5342.514     5473.378
114  JTT+F+I+G4    2599.640     52  5303.279     5341.557     5474.006
124  JTT+F+I+R2    2599.990     53  5305.980     5346.008     5479.989
WARNING: Normalizing state frequencies so that sum of them equals to 1
135  Q.pfam+G4     2562.326     32  5188.651     5201.529     5293.714
WARNING: Normalizing state frequencies so that sum of them equals to 1
136  Q.pfam+I+G4   2560.276     33  5186.552     5200.318     5294.897
WARNING: Normalizing state frequencies so that sum of them equals to 1
146  Q.pfam+I+R2   2561.327     34  5190.653     5205.344     5302.282
WARNING: Normalizing state frequencies so that sum of them equals to 1
157  Q.pfam+F+G4   2563.748     51  5229.495     5266.074     5396.939
WARNING: Normalizing state frequencies so that sum of them equals to 1
158  Q.pfam+F+I+G4 2561.603     52  5227.205     5265.483     5397.932
WARNING: Normalizing state frequencies so that sum of them equals to 1
168  Q.pfam+F+I+R2 2563.099     53  5232.199     5272.227     5406.209
WARNING: Normalizing state frequencies so that sum of them equals to 1
179  Q.bird+G4     2676.421     32  5416.842     5429.720     5521.904
WARNING: Normalizing state frequencies so that sum of them equals to 1
180  Q.bird+I+G4   2674.152     33  5414.305     5428.071     5522.650
WARNING: Normalizing state frequencies so that sum of them equals to 1
190  Q.bird+I+R2   2675.598     34  5419.197     5433.888     5530.826
WARNING: Normalizing state frequencies so that sum of them equals to 1
201  Q.bird+F+G4   2682.223     51  5466.446     5503.025     5633.889
WARNING: Normalizing state frequencies so that sum of them equals to 1
202  Q.bird+F+I+G4 2679.909     52  5463.818     5502.095     5634.544
WARNING: Normalizing state frequencies so that sum of them equals to 1
212  Q.bird+F+I+R2 2682.067     53  5470.133     5510.161     5644.143
WARNING: Normalizing state frequencies so that sum of them equals to 1
223  Q.mammal+G4   2645.134     32  5354.268     5367.146     5459.331
WARNING: Normalizing state frequencies so that sum of them equals to 1
224  Q.mammal+I+G4 2643.232     33  5352.465     5366.232     5460.810
WARNING: Normalizing state frequencies so that sum of them equals to 1
234  Q.mammal+I+R2 2644.506     34  5357.012     5371.703     5468.641
WARNING: Normalizing state frequencies so that sum of them equals to 1
245  Q.mammal+F+G4 2649.865     51  5401.730     5438.309     5569.173
WARNING: Normalizing state frequencies so that sum of them equals to 1
246  Q.mammal+F+I+G4 2648.040     52  5400.080     5438.357     5570.806
WARNING: Normalizing state frequencies so that sum of them equals to 1
256  Q.mammal+F+I+R2 2649.867     53  5405.734     5445.761     5579.743
267  Q.insect+G4   2554.993     32  5173.986     5186.864     5279.048
268  Q.insect+I+G4 2553.097     33  5172.195     5185.962     5280.541
278  Q.insect+I+R2 2554.037     34  5176.075     5190.766     5287.704
289  Q.insect+F+G4 2564.020     51  5230.040     5266.619     5397.483
290  Q.insect+F+I+G4 2561.704     52  5227.409     5265.686     5398.135
300  Q.insect+F+I+R2 2563.059     53  5232.117     5272.145     5406.127
WARNING: Normalizing state frequencies so that sum of them equals to 1
311  Q.plant+G4    2613.069     32  5290.137     5303.015     5395.200
WARNING: Normalizing state frequencies so that sum of them equals to 1
312  Q.plant+I+G4  2610.652     33  5287.304     5301.071     5395.650
WARNING: Normalizing state frequencies so that sum of them equals to 1
322  Q.plant+I+R2  2611.923     34  5291.845     5306.537     5403.474
WARNING: Normalizing state frequencies so that sum of them equals to 1
333  Q.plant+F+G4  2623.479     51  5348.959     5385.538     5516.402
WARNING: Normalizing state frequencies so that sum of them equals to 1
334  Q.plant+F+I+G4 2620.754     52  5345.507     5383.785     5516.234
WARNING: Normalizing state frequencies so that sum of them equals to 1
344  Q.plant+F+I+R2 2622.791     53  5351.582     5391.610     5525.592
WARNING: Normalizing state frequencies so that sum of them equals to 1
355  Q.yeast+G4    2552.126     32  5168.252     5181.130     5273.314
WARNING: Normalizing state frequencies so that sum of them equals to 1
356  Q.yeast+I+G4  2550.428     33  5166.856     5180.623     5275.202
WARNING: Normalizing state frequencies so that sum of them equals to 1
366  Q.yeast+I+R2  2551.242     34  5170.484     5185.175     5282.113
WARNING: Normalizing state frequencies so that sum of them equals to 1
377  Q.yeast+F+G4  2556.988     51  5215.976     5252.556     5383.420
WARNING: Normalizing state frequencies so that sum of them equals to 1
378  Q.yeast+F+I+G4 2554.802     52  5213.603     5251.881     5384.330
WARNING: Normalizing state frequencies so that sum of them equals to 1
388  Q.yeast+F+I+R2 2556.443     53  5218.886     5258.914     5392.896
399  JTTDCMut+G4   2600.196     32  5264.393     5277.271     5369.455
400  JTTDCMut+I+G4 2597.870     33  5261.741     5275.507     5370.086
410  JTTDCMut+I+R2 2598.022     34  5264.044     5278.735     5375.673
421  JTTDCMut+F+G4 2601.086     51  5304.173     5340.752     5471.616
422  JTTDCMut+F+I+G4 2598.738     52  5301.476     5339.754     5472.203
432  JTTDCMut+F+I+R2 2599.145     53  5304.289     5344.317     5478.299
443  DCMut+G4      2609.863     32  5283.725     5296.603     5388.788
444  DCMut+I+G4    2606.238     33  5278.476     5292.243     5386.822
454  DCMut+I+R2    2606.872     34  5281.744     5296.435     5393.373
465  DCMut+F+G4    2602.562     51  5307.125     5343.704     5474.568
466  DCMut+F+I+G4  2599.698     52  5303.396     5341.674     5474.123
476  DCMut+F+I+R2  2600.743     53  5307.485     5347.513     5481.495
487  VT+G4         2584.267     32  5232.535     5245.413     5337.597
488  VT+I+G4       2582.090     33  5230.181     5243.948     5338.527
498  VT+I+R2       2582.463     34  5232.926     5247.617     5344.555
509  VT+F+G4       2587.590     51  5277.181     5313.760     5444.624
510  VT+F+I+G4     2585.305     52  5274.610     5312.888     5445.336
520  VT+F+I+R2     2585.306     53  5276.612     5316.640     5450.622
531  PMB+G4        2600.938     32  5265.875     5278.753     5370.938
532  PMB+I+G4      2598.990     33  5263.981     5277.748     5372.327
542  PMB+I+R2      2599.461     34  5266.922     5281.613     5378.551
553  PMB+F+G4      2601.788     51  5305.576     5342.156     5473.020
554  PMB+F+I+G4    2599.765     52  5303.531     5341.808     5474.257
564  PMB+F+I+R2    2600.121     53  5306.242     5346.270     5480.252
575  Blosum62+G4   2586.059     32  5236.117     5248.995     5341.180
576  Blosum62+I+G4 2584.011     33  5234.023     5247.790     5342.369
586  Blosum62+I+R2 2584.512     34  5237.025     5251.716     5348.654
597  Blosum62+F+G4 2589.807     51  5281.614     5318.193     5449.057
598  Blosum62+F+I+G4 2587.664     52  5279.329     5317.606     5450.055
608  Blosum62+F+I+R2 2587.958     53  5281.915     5321.943     5455.925
619  Dayhoff+G4    2609.603     32  5283.205     5296.083     5388.268
620  Dayhoff+I+G4  2605.982     33  5277.965     5291.732     5386.311
630  Dayhoff+I+R2  2606.603     34  5281.207     5295.898     5392.836
641  Dayhoff+F+G4  2602.353     51  5306.705     5343.285     5474.149
642  Dayhoff+F+I+G4 2599.495     52  5302.990     5341.268     5473.717
652  Dayhoff+F+I+R2 2600.511     53  5307.021     5347.049     5481.031
663  mtREV+G4      2699.170     32  5462.340     5475.218     5567.402
664  mtREV+I+G4    2697.731     33  5461.462     5475.229     5569.808
674  mtREV+I+R2    2699.625     34  5467.251     5481.942     5578.879
685  mtREV+F+G4    2599.411     51  5300.821     5337.401     5468.265
686  mtREV+F+I+G4  2596.719     52  5297.438     5335.716     5468.165
696  mtREV+F+I+R2  2595.049     53  5296.098     5336.126     5470.108
707  mtART+G4      2702.157     32  5468.313     5481.191     5573.376
708  mtART+I+G4    2701.449     33  5468.898     5482.665     5577.244
718  mtART+I+R2    2710.783     34  5489.566     5504.257     5601.195
729  mtART+F+G4    2598.513     51  5299.026     5335.606     5466.470
730  mtART+F+I+G4  2596.957     52  5297.914     5336.192     5468.641
740  mtART+F+I+R2  2597.657     53  5301.313     5341.341     5475.323
751  mtZOA+G4      2658.888     32  5381.775     5394.653     5486.838
752  mtZOA+I+G4    2657.901     33  5381.802     5395.569     5490.148
762  mtZOA+I+R2    2662.621     34  5393.243     5407.934     5504.872
773  mtZOA+F+G4    2574.861     51  5251.722     5288.301     5419.165
774  mtZOA+F+I+G4  2572.981     52  5249.962     5288.240     5420.689
784  mtZOA+F+I+R2  2573.737     53  5253.475     5293.503     5427.485
795  mtMet+G4      2696.448     32  5456.897     5469.775     5561.959
796  mtMet+I+G4    2695.294     33  5456.588     5470.355     5564.934
806  mtMet+I+R2    2698.890     34  5465.779     5480.470     5577.408
817  mtMet+F+G4    2602.252     51  5306.504     5343.083     5473.947
818  mtMet+F+I+G4  2599.747     52  5303.494     5341.772     5474.221
828  mtMet+F+I+R2  2600.502     53  5307.004     5347.032     5481.014
839  mtVer+G4      2743.747     32  5551.494     5564.372     5656.557
840  mtVer+I+G4    2742.500     33  5550.999     5564.766     5659.345
850  mtVer+I+R2    2747.568     34  5563.136     5577.827     5674.764
861  mtVer+F+G4    2649.482     51  5400.964     5437.544     5568.408
862  mtVer+F+I+G4  2647.041     52  5398.082     5436.360     5568.808
872  mtVer+F+I+R2  2647.811     53  5401.621     5441.649     5575.631
883  mtInv+G4      2698.442     32  5460.885     5473.763     5565.947
884  mtInv+I+G4    2697.296     33  5460.591     5474.358     5568.937
894  mtInv+I+R2    2699.672     34  5467.344     5482.035     5578.973
905  mtInv+F+G4    2579.970     51  5261.940     5298.519     5429.383
906  mtInv+F+I+G4  2577.087     52  5258.174     5296.451     5428.900
916  mtInv+F+I+R2  2577.459     53  5260.917     5300.945     5434.927
927  mtMAM+G4      2767.234     32  5598.467     5611.345     5703.530
928  mtMAM+I+G4    2765.941     33  5597.882     5611.649     5706.227
938  mtMAM+I+R2    2773.889     34  5615.778     5630.469     5727.407
949  mtMAM+F+G4    2669.347     51  5440.695     5477.274     5608.138
950  mtMAM+F+I+G4  2667.057     52  5438.114     5476.391     5608.840
960  mtMAM+F+I+R2  2670.359     53  5446.718     5486.746     5620.728
WARNING: Normalizing state frequencies so that sum of them equals to 1
971  FLAVI+G4      2743.509     32  5551.019     5563.897     5656.081
WARNING: Normalizing state frequencies so that sum of them equals to 1
972  FLAVI+I+G4    2741.462     33  5548.925     5562.691     5657.270
WARNING: Normalizing state frequencies so that sum of them equals to 1
982  FLAVI+I+R2    2743.027     34  5554.054     5568.745     5665.682
WARNING: Normalizing state frequencies so that sum of them equals to 1
993  FLAVI+F+G4    2738.800     51  5579.599     5616.178     5747.042
WARNING: Normalizing state frequencies so that sum of them equals to 1
994  FLAVI+F+I+G4  2736.368     52  5576.735     5615.013     5747.462
WARNING: Normalizing state frequencies so that sum of them equals to 1
1004  FLAVI+F+I+R2  2739.653     53  5585.306     5625.334     5759.316
1015  HIVb+G4       2690.802     32  5445.603     5458.481     5550.666
1016  HIVb+I+G4     2687.749     33  5441.497     5455.264     5549.843
1026  HIVb+I+R2     2689.602     34  5447.204     5461.895     5558.833
1037  HIVb+F+G4     2684.942     51  5471.883     5508.463     5639.327
1038  HIVb+F+I+G4   2681.231     52  5466.461     5504.739     5637.188
1048  HIVb+F+I+R2   2684.977     53  5475.954     5515.982     5649.964
1059  HIVw+G4       2791.152     32  5646.304     5659.182     5751.367
1060  HIVw+I+G4     2788.568     33  5643.136     5656.903     5751.482
1070  HIVw+I+R2     2790.207     34  5648.414     5663.106     5760.043
1081  HIVw+F+G4     2755.003     51  5612.005     5648.585     5779.449
1082  HIVw+F+I+G4   2751.804     52  5607.609     5645.886     5778.335
1092  HIVw+F+I+R2   2753.841     53  5613.683     5653.711     5787.692
1103  FLU+G4        2655.826     32  5375.653     5388.531     5480.715
1104  FLU+I+G4      2654.266     33  5374.532     5388.299     5482.878
1114  FLU+I+R2      2656.007     34  5380.015     5394.706     5491.644
1125  FLU+F+G4      2668.526     51  5439.053     5475.632     5606.496
1126  FLU+F+I+G4    2666.815     52  5437.629     5475.907     5608.356
1136  FLU+F+I+R2    2671.046     53  5448.093     5488.121     5622.103
1147  rtREV+G4      2579.913     32  5223.826     5236.704     5328.888
1148  rtREV+I+G4    2577.003     33  5220.007     5233.773     5328.352
1158  rtREV+I+R2    2577.676     34  5223.351     5238.043     5334.980
1169  rtREV+F+G4    2570.661     51  5243.322     5279.902     5410.766
1170  rtREV+F+I+G4  2567.793     52  5239.586     5277.864     5410.312
1180  rtREV+F+I+R2  2569.010     53  5244.020     5284.048     5418.029
1191  cpREV+G4      2607.092     32  5278.184     5291.062     5383.246
1192  cpREV+I+G4    2605.535     33  5277.070     5290.837     5385.416
1202  cpREV+I+R2    2606.419     34  5280.837     5295.529     5392.466
1213  cpREV+F+G4    2605.198     51  5312.396     5348.975     5479.839
1214  cpREV+F+I+G4  2603.134     52  5310.267     5348.545     5480.994
1224  cpREV+F+I+R2  2604.057     53  5314.115     5354.143     5488.125
Akaike Information Criterion:           Q.yeast+I+G4
Corrected Akaike Information Criterion: Q.yeast+I+G4
Bayesian Information Criterion:         Q.yeast+G4
Best-fit model: Q.yeast+G4 chosen according to BIC

All model information printed to FungalCW_tree_20231129/410458at4751.aa.mfa.model.gz
CPU time for ModelFinder: 19.937 seconds (0h:0m:19s)
Wall-clock time for ModelFinder: 11.943 seconds (0h:0m:11s)
Generating 1000 samples for ultrafast bootstrap (seed: 35411)...
WARNING: Normalizing state frequencies so that sum of them equals to 1

NOTE: 2 MB RAM (0 GB) is required!
Estimate model parameters (epsilon = 0.100)
1. Initial log-likelihood: -2552.126
Optimal log-likelihood: -2552.126
Gamma shape alpha: 0.769
Parameters optimization took 1 rounds (0.013 sec)
Wrote distance file to... 
Computing ML distances based on estimated model parameters...
Calculating distance matrix: done in 0.023067 secs using 199% CPU
Computing ML distances took 0.023191 sec (of wall-clock time) 0.046090 sec (of CPU time)
Setting up auxiliary I and S matrices: done in 6.19888e-05 secs using 98.4% CPU
Constructing RapidNJ tree: done in 0.000298977 secs using 216.1% CPU
Computing RapidNJ tree took 0.000442 sec (of wall-clock time) 0.000765 sec (of CPU time)
Log-likelihood of RapidNJ tree: -2563.338
--------------------------------------------------------------------
|             INITIALIZING CANDIDATE TREE SET                      |
--------------------------------------------------------------------
Generating 98 parsimony trees... 0.162 second
Computing log-likelihood of 98 initial trees ... 0.449 seconds
Current best score: -2552.126

Do NNI search on 20 best initial trees
Optimizing NNI: done in 0.0198359 secs using 194.1% CPU
Estimate model parameters (epsilon = 0.100)
BETTER TREE FOUND at iteration 1: -2552.126
Optimizing NNI: done in 0.0194521 secs using 201.1% CPU
Optimizing NNI: done in 0.0328691 secs using 198.7% CPU
Optimizing NNI: done in 0.030268 secs using 197.4% CPU
Optimizing NNI: done in 0.037576 secs using 198.5% CPU
Optimizing NNI: done in 0.0273159 secs using 201.5% CPU
Optimizing NNI: done in 0.037276 secs using 199.7% CPU
Optimizing NNI: done in 0.0326061 secs using 198.5% CPU
Optimizing NNI: done in 0.0372241 secs using 200.6% CPU
Optimizing NNI: done in 0.0340021 secs using 199.5% CPU
Iteration 10 / LogL: -2552.212 / Time: 0h:0m:1s
Optimizing NNI: done in 0.0270801 secs using 200.9% CPU
Optimizing NNI: done in 0.0478289 secs using 198.4% CPU
Optimizing NNI: done in 0.0413158 secs using 198.7% CPU
Optimizing NNI: done in 0.03403 secs using 200.4% CPU
Optimizing NNI: done in 0.0370889 secs using 200.6% CPU
Optimizing NNI: done in 0.05988 secs using 197.3% CPU
Optimizing NNI: done in 0.0612671 secs using 197.5% CPU
Optimizing NNI: done in 0.0336289 secs using 200.9% CPU
Optimizing NNI: done in 0.039511 secs using 200.5% CPU
Optimizing NNI: done in 0.040204 secs using 199.9% CPU
Iteration 20 / LogL: -2552.206 / Time: 0h:0m:1s
Finish initializing candidate tree set (2)
Current best tree score: -2552.126 / CPU time: 1.384
Number of iterations: 20
--------------------------------------------------------------------
|               OPTIMIZING CANDIDATE TREE SET                      |
--------------------------------------------------------------------
Optimizing NNI: done in 0.0564699 secs using 198.4% CPU
Optimizing NNI: done in 0.071619 secs using 199.6% CPU
Optimizing NNI: done in 0.053597 secs using 199.9% CPU
Optimizing NNI: done in 0.0418129 secs using 200.1% CPU
Optimizing NNI: done in 0.0497401 secs using 198.2% CPU
Optimizing NNI: done in 0.0693111 secs using 199.6% CPU
Optimizing NNI: done in 0.0627189 secs using 199.2% CPU
Optimizing NNI: done in 0.0411582 secs using 200% CPU
Optimizing NNI: done in 0.067286 secs using 198.5% CPU
Optimizing NNI: done in 0.0633731 secs using 199.5% CPU
Iteration 30 / LogL: -2552.160 / Time: 0h:0m:2s (0h:0m:5s left)
Optimizing NNI: done in 0.0658782 secs using 199.2% CPU
Optimizing NNI: done in 0.0630438 secs using 199.7% CPU
Optimizing NNI: done in 0.0866761 secs using 198.6% CPU
Optimizing NNI: done in 0.0755351 secs using 198.6% CPU
Optimizing NNI: done in 0.0993681 secs using 198.4% CPU
Optimizing NNI: done in 0.0958819 secs using 199% CPU
Optimizing NNI: done in 0.0779159 secs using 199.4% CPU
Optimizing NNI: done in 0.0597711 secs using 199% CPU
Optimizing NNI: done in 0.0752559 secs using 198.1% CPU
Optimizing NNI: done in 0.0551689 secs using 199.9% CPU
Iteration 40 / LogL: -2552.136 / Time: 0h:0m:2s (0h:0m:4s left)
Optimizing NNI: done in 0.0405781 secs using 197% CPU
Optimizing NNI: done in 0.052418 secs using 198.7% CPU
Optimizing NNI: done in 0.0790429 secs using 199.4% CPU
Optimizing NNI: done in 0.0688899 secs using 198.6% CPU
Optimizing NNI: done in 0.089433 secs using 198.8% CPU
Optimizing NNI: done in 0.055037 secs using 198.7% CPU
Optimizing NNI: done in 0.056452 secs using 199.2% CPU
Optimizing NNI: done in 0.085042 secs using 198.7% CPU
Optimizing NNI: done in 0.0417621 secs using 199.9% CPU
Optimizing NNI: done in 0.059144 secs using 199.6% CPU
Iteration 50 / LogL: -2552.365 / Time: 0h:0m:3s (0h:0m:3s left)
Log-likelihood cutoff on original alignment: -2578.114
Optimizing NNI: done in 0.0849049 secs using 198.4% CPU
Optimizing NNI: done in 0.078582 secs using 198.9% CPU
Optimizing NNI: done in 0.0510631 secs using 197.6% CPU
Optimizing NNI: done in 0.088944 secs using 198.5% CPU
Optimizing NNI: done in 0.066143 secs using 199.5% CPU
Optimizing NNI: done in 0.061223 secs using 199.2% CPU
Optimizing NNI: done in 0.0697029 secs using 198.7% CPU
Optimizing NNI: done in 0.0420918 secs using 199.5% CPU
Optimizing NNI: done in 0.073786 secs using 197.2% CPU
Optimizing NNI: done in 0.0410841 secs using 198.2% CPU
Iteration 60 / LogL: -2566.033 / Time: 0h:0m:4s (0h:0m:3s left)
Optimizing NNI: done in 0.056283 secs using 198.6% CPU
Optimizing NNI: done in 0.0620131 secs using 198.6% CPU
Optimizing NNI: done in 0.045259 secs using 200% CPU
Optimizing NNI: done in 0.0998142 secs using 198.9% CPU
Optimizing NNI: done in 0.108203 secs using 199.3% CPU
Optimizing NNI: done in 0.0612311 secs using 199.6% CPU
Optimizing NNI: done in 0.0721381 secs using 198.3% CPU
Optimizing NNI: done in 0.0664041 secs using 197.9% CPU
Optimizing NNI: done in 0.0527861 secs using 196.8% CPU
Optimizing NNI: done in 0.051753 secs using 198.8% CPU
Iteration 70 / LogL: -2552.380 / Time: 0h:0m:5s (0h:0m:2s left)
Optimizing NNI: done in 0.110224 secs using 199.1% CPU
Optimizing NNI: done in 0.0774839 secs using 197.8% CPU
Optimizing NNI: done in 0.0543458 secs using 199.5% CPU
Optimizing NNI: done in 0.090379 secs using 198.9% CPU
Optimizing NNI: done in 0.0603099 secs using 199.3% CPU
Optimizing NNI: done in 0.0623879 secs using 199.4% CPU
Optimizing NNI: done in 0.0922439 secs using 199% CPU
Optimizing NNI: done in 0.0530701 secs using 197.2% CPU
Optimizing NNI: done in 0.066999 secs using 196.9% CPU
Optimizing NNI: done in 0.0804789 secs using 199.2% CPU
Iteration 80 / LogL: -2552.135 / Time: 0h:0m:5s (0h:0m:1s left)
Optimizing NNI: done in 0.079618 secs using 199.2% CPU
Optimizing NNI: done in 0.053426 secs using 199.9% CPU
Optimizing NNI: done in 0.0579429 secs using 199.8% CPU
Optimizing NNI: done in 0.0673568 secs using 199.2% CPU
Optimizing NNI: done in 0.0621319 secs using 199.1% CPU
Optimizing NNI: done in 0.0675681 secs using 197.5% CPU
Optimizing NNI: done in 0.039506 secs using 199.3% CPU
Optimizing NNI: done in 0.073071 secs using 199.2% CPU
Optimizing NNI: done in 0.0551159 secs using 198.9% CPU
Optimizing NNI: done in 0.040004 secs using 198.3% CPU
Iteration 90 / LogL: -2566.066 / Time: 0h:0m:6s (0h:0m:0s left)
Optimizing NNI: done in 0.0543959 secs using 199.4% CPU
Optimizing NNI: done in 0.136351 secs using 198% CPU
Optimizing NNI: done in 0.0474341 secs using 199.5% CPU
Optimizing NNI: done in 0.0558901 secs using 199.4% CPU
Optimizing NNI: done in 0.072144 secs using 198.4% CPU
Optimizing NNI: done in 0.0644739 secs using 199.4% CPU
Optimizing NNI: done in 0.056442 secs using 199.7% CPU
Optimizing NNI: done in 0.056879 secs using 196.6% CPU
Optimizing NNI: done in 0.0738919 secs using 198.4% CPU
Optimizing NNI: done in 0.065989 secs using 198.3% CPU
Iteration 100 / LogL: -2552.237 / Time: 0h:0m:7s (0h:0m:0s left)
Log-likelihood cutoff on original alignment: -2578.114
NOTE: Bootstrap correlation coefficient of split occurrence frequencies: 0.997
Optimizing NNI: done in 0.0613799 secs using 198.3% CPU
Optimizing NNI: done in 0.109992 secs using 199.1% CPU
TREE SEARCH COMPLETED AFTER 102 ITERATIONS / Time: 0h:0m:7s

--------------------------------------------------------------------
|                    FINALIZING TREE SEARCH                        |
--------------------------------------------------------------------
Performs final model parameters optimization
Estimate model parameters (epsilon = 0.010)
1. Initial log-likelihood: -2552.126
Optimal log-likelihood: -2552.126
Gamma shape alpha: 0.769
Parameters optimization took 1 rounds (0.013 sec)
BEST SCORE FOUND : -2552.126

Testing tree branches by SH-like aLRT with 1000 replicates...
0.058 sec.
Creating bootstrap support values...
Split supports printed to NEXUS file FungalCW_tree_20231129/410458at4751.aa.mfa.splits.nex
Total tree length: 2.924

Total number of iterations: 102
CPU time used for tree search: 14.622 sec (0h:0m:14s)
Wall-clock time used for tree search: 7.419 sec (0h:0m:7s)
Total CPU time used: 15.002 sec (0h:0m:15s)
Total wall-clock time used: 7.623 sec (0h:0m:7s)

Computing bootstrap consensus tree...
Reading input file FungalCW_tree_20231129/410458at4751.aa.mfa.splits.nex...
17 taxa and 106 splits.
Consensus tree written to FungalCW_tree_20231129/410458at4751.aa.mfa.contree
Reading input trees file FungalCW_tree_20231129/410458at4751.aa.mfa.contree
Log-likelihood of consensus tree: -2552.126

Analysis results written to: 
  IQ-TREE report:                FungalCW_tree_20231129/410458at4751.aa.mfa.iqtree
  Maximum-likelihood tree:       FungalCW_tree_20231129/410458at4751.aa.mfa.treefile
  Likelihood distances:          FungalCW_tree_20231129/410458at4751.aa.mfa.mldist

Ultrafast bootstrap approximation results written to:
  Split support values:          FungalCW_tree_20231129/410458at4751.aa.mfa.splits.nex
  Consensus tree:                FungalCW_tree_20231129/410458at4751.aa.mfa.contree
  Screen log file:               FungalCW_tree_20231129/410458at4751.aa.mfa.log

Date and Time: Wed Nov 29 02:25:01 2023
