IQ-TREE multicore version 2.2.2.6 COVID-edition for Linux 64-bit built May 27 2023
Developed by Bui Quang Minh, James Barbetti, Nguyen Lam Tung,
Olga Chernomor, Heiko Schmidt, Dominik Schrempf, Michael Woodhams, Ly Trong Nhan.

Host:    r12 (AVX2, FMA3, 503 GB RAM)
Command: iqtree2 -s FungalCW_tree_20231129/410782at4751.aa.mfa -gz -B 1000 -alrt 1000 -nt 2
Seed:    731602 (Using SPRNG - Scalable Parallel Random Number Generator)
Time:    Wed Nov 29 01:35:45 2023
Kernel:  AVX+FMA - 2 threads (2 CPU cores detected)

Reading alignment file FungalCW_tree_20231129/410782at4751.aa.mfa ... Fasta format detected
Reading fasta file: done in 0.000241995 secs using 88.84% CPU
Alignment most likely contains protein sequences
Constructing alignment: done in 0.000576973 secs using 171.1% CPU
Alignment has 16 sequences with 444 columns, 401 distinct patterns
243 parsimony-informative, 124 singleton sites, 77 constant sites
                                                      Gap/Ambiguity  Composition  p-value
Analyzing sequences: done in 3.38554e-05 secs using 62.03% CPU
   1  Basidiobolus_meristosporus_CBS_931.73.Basme2finSC.v1   32.21%    passed     94.99%
   2  Botrytis_cinerea_T4                                    27.03%    passed     99.87%
   3  Colletotrichum_graminicola_M1.001                      24.32%    passed     18.12%
   4  Colletotrichum_higginsianum_IMI_349063                 20.05%    passed     89.36%
   5  Fusarium_graminearum_PH-1                              23.42%    passed     99.02%
   6  Fusarium_verticillioides_7600                          21.17%    passed     96.85%
   7  Mortierella_elongata_AG-77                             20.72%    passed     72.76%
   8  Mucor_mucedo_NRRL_3635                                 29.28%    passed     95.45%
   9  Neoconidiobolus_thromboides_FSU_785.Conth1.v1          28.38%    passed      7.08%
  10  Phycomyces_blakesleeanus_NRRL_1555.Phybl2.v2           29.95%    passed     99.45%
  11  Rhizopus_stolonifer_NRRL_66455                         28.15%    passed     98.48%
  12  Trichoderma_harzianum_CBS_226.95                       25.00%    passed     84.82%
  13  Umbelopsis_ramanniana_NRRL_5844.Umbra1.v1              27.48%    passed     96.54%
  14  Ustilago_maydis                                        26.13%    passed     83.81%
  15  Zoophthora_radicans_ATCC_208865                        28.15%    passed     15.79%
  16  Zymoseptoria_tritici_IP0323                            27.03%    passed     96.68%
****  TOTAL                                                  26.15%  0 sequences failed composition chi2 test (p-value<5%; df=19)
Checking for duplicate sequences: done in 5.60284e-05 secs using 117.8% CPU


Create initial parsimony tree by phylogenetic likelihood library (PLL)... 0.002 seconds
Perform fast likelihood tree search using LG+I+G model...
Estimate model parameters (epsilon = 5.000)
Perform nearest neighbor interchange...
Optimizing NNI: done in 0.058835 secs using 197.8% CPU
Estimate model parameters (epsilon = 1.000)
1. Initial log-likelihood: -7365.384
Optimal log-likelihood: -7365.350
Proportion of invariable sites: 0.084
Gamma shape alpha: 1.046
Parameters optimization took 1 rounds (0.030 sec)
Time for fast ML tree search: 0.176 seconds

NOTE: ModelFinder requires 12 MB RAM!
ModelFinder will test up to 1232 protein models (sample size: 444) ...
 No. Model         -LnL         df  AIC          AICc         BIC
  1  LG            7693.773     29  15445.546    15449.749    15564.325
  2  LG+I          7541.712     30  15143.423    15147.927    15266.298
  3  LG+G4         7368.320     30  14796.639    14801.143    14919.514
  4  LG+I+G4       7365.344     31  14792.687    14797.503    14919.658
  5  LG+R2         7405.907     31  14873.814    14878.630    15000.785
  6  LG+R3         7368.583     33  14803.166    14808.639    14938.328
  7  LG+R4         7365.322     35  14800.644    14806.821    14943.998
 14  LG+I+R2       7379.025     32  14822.050    14827.189    14953.116
 15  LG+I+R3       7365.576     34  14799.153    14804.972    14938.411
 16  LG+I+R4       7365.112     36  14802.224    14808.769    14949.674
 25  LG+F+G4       7354.846     49  14807.692    14820.129    15008.387
 26  LG+F+I+G4     7351.745     50  14803.489    14816.466    15008.281
 47  WAG+G4        7389.842     30  14839.684    14844.188    14962.559
 48  WAG+I+G4      7382.476     31  14826.952    14831.767    14953.922
 69  WAG+F+G4      7377.356     49  14852.713    14865.149    15053.408
 70  WAG+F+I+G4    7370.662     50  14841.325    14854.302    15046.116
 91  JTT+G4        7443.384     30  14946.768    14951.272    15069.643
 92  JTT+I+G4      7436.999     31  14935.997    14940.813    15062.968
113  JTT+F+G4      7430.762     49  14959.524    14971.960    15160.219
114  JTT+F+I+G4    7424.672     50  14949.343    14962.320    15154.134
WARNING: Normalizing state frequencies so that sum of them equals to 1
135  Q.pfam+G4     7378.652     30  14817.303    14821.807    14940.178
WARNING: Normalizing state frequencies so that sum of them equals to 1
136  Q.pfam+I+G4   7376.027     31  14814.054    14818.870    14941.025
WARNING: Normalizing state frequencies so that sum of them equals to 1
157  Q.pfam+F+G4   7368.376     49  14834.752    14847.189    15035.448
WARNING: Normalizing state frequencies so that sum of them equals to 1
158  Q.pfam+F+I+G4 7365.818     50  14831.636    14844.613    15036.428
WARNING: Normalizing state frequencies so that sum of them equals to 1
179  Q.bird+G4     7552.590     30  15165.181    15169.684    15288.055
WARNING: Normalizing state frequencies so that sum of them equals to 1
180  Q.bird+I+G4   7550.047     31  15162.095    15166.910    15289.066
WARNING: Normalizing state frequencies so that sum of them equals to 1
201  Q.bird+F+G4   7558.826     49  15215.653    15228.089    15416.348
WARNING: Normalizing state frequencies so that sum of them equals to 1
202  Q.bird+F+I+G4 7556.282     50  15212.565    15225.542    15417.356
WARNING: Normalizing state frequencies so that sum of them equals to 1
223  Q.mammal+G4   7516.600     30  15093.200    15097.703    15216.074
WARNING: Normalizing state frequencies so that sum of them equals to 1
224  Q.mammal+I+G4 7513.734     31  15089.467    15094.283    15216.438
WARNING: Normalizing state frequencies so that sum of them equals to 1
245  Q.mammal+F+G4 7515.881     49  15129.762    15142.199    15330.458
WARNING: Normalizing state frequencies so that sum of them equals to 1
246  Q.mammal+F+I+G4 7513.288     50  15126.576    15139.553    15331.367
267  Q.insect+G4   7395.606     30  14851.212    14855.715    14974.086
268  Q.insect+I+G4 7392.164     31  14846.328    14851.144    14973.299
289  Q.insect+F+G4 7399.686     49  14897.372    14909.809    15098.068
290  Q.insect+F+I+G4 7395.967     50  14891.935    14904.912    15096.726
WARNING: Normalizing state frequencies so that sum of them equals to 1
311  Q.plant+G4    7434.548     30  14929.096    14933.600    15051.971
WARNING: Normalizing state frequencies so that sum of them equals to 1
312  Q.plant+I+G4  7432.419     31  14926.837    14931.653    15053.808
WARNING: Normalizing state frequencies so that sum of them equals to 1
333  Q.plant+F+G4  7443.579     49  14985.159    14997.595    15185.854
WARNING: Normalizing state frequencies so that sum of them equals to 1
334  Q.plant+F+I+G4 7441.108     50  14982.215    14995.192    15187.006
WARNING: Normalizing state frequencies so that sum of them equals to 1
355  Q.yeast+G4    7378.502     30  14817.003    14821.507    14939.878
WARNING: Normalizing state frequencies so that sum of them equals to 1
356  Q.yeast+I+G4  7375.633     31  14813.265    14818.081    14940.236
WARNING: Normalizing state frequencies so that sum of them equals to 1
377  Q.yeast+F+G4  7377.331     49  14852.662    14865.099    15053.358
WARNING: Normalizing state frequencies so that sum of them equals to 1
378  Q.yeast+F+I+G4 7374.171     50  14848.342    14861.319    15053.133
399  JTTDCMut+G4   7441.371     30  14942.741    14947.245    15065.616
400  JTTDCMut+I+G4 7434.892     31  14931.785    14936.600    15058.755
421  JTTDCMut+F+G4 7428.392     49  14954.785    14967.221    15155.480
422  JTTDCMut+F+I+G4 7422.252     50  14944.505    14957.482    15149.296
443  DCMut+G4      7466.854     30  14993.707    14998.211    15116.582
444  DCMut+I+G4    7459.217     31  14980.434    14985.250    15107.405
465  DCMut+F+G4    7450.738     49  14999.476    15011.913    15200.172
466  DCMut+F+I+G4  7444.054     50  14988.107    15001.084    15192.899
487  VT+G4         7416.836     30  14893.672    14898.176    15016.547
488  VT+I+G4       7408.964     31  14879.928    14884.743    15006.898
509  VT+F+G4       7401.492     49  14900.985    14913.421    15101.680
510  VT+F+I+G4     7393.781     50  14887.562    14900.539    15092.353
531  PMB+G4        7470.203     30  15000.406    15004.909    15123.280
532  PMB+I+G4      7461.746     31  14985.492    14990.308    15112.463
553  PMB+F+G4      7427.187     49  14952.374    14964.811    15153.070
554  PMB+F+I+G4    7419.151     50  14938.301    14951.278    15143.092
575  Blosum62+G4   7456.559     30  14973.118    14977.622    15095.993
576  Blosum62+I+G4 7448.857     31  14959.714    14964.529    15086.684
597  Blosum62+F+G4 7424.805     49  14947.611    14960.047    15148.306
598  Blosum62+F+I+G4 7417.245     50  14934.490    14947.467    15139.281
619  Dayhoff+G4    7466.818     30  14993.637    14998.141    15116.512
620  Dayhoff+I+G4  7459.221     31  14980.442    14985.257    15107.412
641  Dayhoff+F+G4  7450.811     49  14999.622    15012.059    15200.318
642  Dayhoff+F+I+G4 7444.163     50  14988.326    15001.303    15193.117
663  mtREV+G4      7822.920     30  15705.839    15710.343    15828.714
664  mtREV+I+G4    7821.352     31  15704.704    15709.519    15831.674
685  mtREV+F+G4    7437.528     49  14973.057    14985.493    15173.752
686  mtREV+F+I+G4  7435.372     50  14970.744    14983.721    15175.535
707  mtART+G4      7858.762     30  15777.523    15782.027    15900.398
708  mtART+I+G4    7860.555     31  15783.109    15787.925    15910.080
729  mtART+F+G4    7494.863     49  15087.726    15100.163    15288.422
730  mtART+F+I+G4  7496.237     50  15092.474    15105.452    15297.266
751  mtZOA+G4      7718.323     30  15496.646    15501.150    15619.521
752  mtZOA+I+G4    7718.753     31  15499.506    15504.322    15626.477
773  mtZOA+F+G4    7433.634     49  14965.269    14977.705    15165.964
774  mtZOA+F+I+G4  7433.154     50  14966.309    14979.286    15171.100
795  mtMet+G4      7818.461     30  15696.922    15701.425    15819.796
796  mtMet+I+G4    7816.357     31  15694.715    15699.530    15821.685
817  mtMet+F+G4    7462.907     49  15023.814    15036.251    15224.510
818  mtMet+F+I+G4  7460.243     50  15020.485    15033.462    15225.276
839  mtVer+G4      7877.921     30  15815.843    15820.346    15938.718
840  mtVer+I+G4    7873.885     31  15809.770    15814.585    15936.740
861  mtVer+F+G4    7526.790     49  15151.581    15164.018    15352.276
862  mtVer+F+I+G4  7523.476     50  15146.951    15159.928    15351.743
883  mtInv+G4      7863.658     30  15787.316    15791.819    15910.190
884  mtInv+I+G4    7861.629     31  15785.257    15790.073    15912.228
905  mtInv+F+G4    7428.429     49  14954.858    14967.295    15155.554
906  mtInv+F+I+G4  7425.468     50  14950.937    14963.914    15155.728
927  mtMAM+G4      7951.954     30  15963.908    15968.411    16086.782
928  mtMAM+I+G4    7948.143     31  15958.285    15963.101    16085.256
949  mtMAM+F+G4    7573.850     49  15245.699    15258.136    15446.395
950  mtMAM+F+I+G4  7571.637     50  15243.274    15256.252    15448.066
WARNING: Normalizing state frequencies so that sum of them equals to 1
971  FLAVI+G4      7696.131     30  15452.261    15456.765    15575.136
WARNING: Normalizing state frequencies so that sum of them equals to 1
972  FLAVI+I+G4    7692.215     31  15446.430    15451.245    15573.400
WARNING: Normalizing state frequencies so that sum of them equals to 1
993  FLAVI+F+G4    7628.726     49  15355.452    15367.888    15556.147
WARNING: Normalizing state frequencies so that sum of them equals to 1
994  FLAVI+F+I+G4  7624.520     50  15349.040    15362.017    15553.831
1015  HIVb+G4       7614.294     30  15288.589    15293.092    15411.463
1016  HIVb+I+G4     7608.173     31  15278.346    15283.162    15405.317
1037  HIVb+F+G4     7536.588     49  15171.177    15183.613    15371.872
1038  HIVb+F+I+G4   7531.107     50  15162.214    15175.191    15367.005
1059  HIVw+G4       7877.039     30  15814.078    15818.581    15936.953
1060  HIVw+I+G4     7870.029     31  15802.059    15806.874    15929.029
1081  HIVw+F+G4     7686.722     49  15471.444    15483.881    15672.140
1082  HIVw+F+I+G4   7680.091     50  15460.181    15473.158    15664.972
1103  FLU+G4        7556.513     30  15173.025    15177.529    15295.900
1104  FLU+I+G4      7552.986     31  15167.973    15172.788    15294.943
1125  FLU+F+G4      7473.888     49  15045.776    15058.213    15246.471
1126  FLU+F+I+G4    7471.843     50  15043.686    15056.663    15248.477
1147  rtREV+G4      7443.237     30  14946.475    14950.979    15069.350
1148  rtREV+I+G4    7439.953     31  14941.907    14946.722    15068.877
1169  rtREV+F+G4    7382.106     49  14862.213    14874.649    15062.908
1170  rtREV+F+I+G4  7379.146     50  14858.292    14871.269    15063.083
1191  cpREV+G4      7451.790     30  14963.579    14968.083    15086.454
1192  cpREV+I+G4    7444.358     31  14950.715    14955.531    15077.686
1213  cpREV+F+G4    7380.383     49  14858.766    14871.203    15059.462
1214  cpREV+F+I+G4  7373.700     50  14847.400    14860.377    15052.191
Akaike Information Criterion:           LG+I+G4
Corrected Akaike Information Criterion: LG+I+G4
Bayesian Information Criterion:         LG+G4
Best-fit model: LG+G4 chosen according to BIC
NOTE: 5.067 seconds to dump checkpoint file, increase to 102.000

All model information printed to FungalCW_tree_20231129/410782at4751.aa.mfa.model.gz
CPU time for ModelFinder: 29.965 seconds (0h:0m:29s)
Wall-clock time for ModelFinder: 25.841 seconds (0h:0m:25s)
Generating 1000 samples for ultrafast bootstrap (seed: 731602)...

NOTE: 5 MB RAM (0 GB) is required!
Estimate model parameters (epsilon = 0.100)
1. Initial log-likelihood: -7368.320
Optimal log-likelihood: -7368.315
Gamma shape alpha: 0.728
Parameters optimization took 1 rounds (0.026 sec)
Wrote distance file to... 
Computing ML distances based on estimated model parameters...
Calculating distance matrix: done in 0.017715 secs using 192.1% CPU
Computing ML distances took 0.017873 sec (of wall-clock time) 0.034094 sec (of CPU time)
Setting up auxiliary I and S matrices: done in 3.69549e-05 secs using 197.5% CPU
Constructing RapidNJ tree: done in 0.000108004 secs using 200% CPU
Computing RapidNJ tree took 0.000206 sec (of wall-clock time) 0.000412 sec (of CPU time)
Log-likelihood of RapidNJ tree: -7378.212
--------------------------------------------------------------------
|             INITIALIZING CANDIDATE TREE SET                      |
--------------------------------------------------------------------
Generating 98 parsimony trees... 0.183 second
Computing log-likelihood of 98 initial trees ... 0.850 seconds
Current best score: -7368.315

Do NNI search on 20 best initial trees
Optimizing NNI: done in 0.0376179 secs using 197.4% CPU
Estimate model parameters (epsilon = 0.100)
BETTER TREE FOUND at iteration 1: -7368.315
Optimizing NNI: done in 0.0867839 secs using 197% CPU
Optimizing NNI: done in 0.101192 secs using 197.3% CPU
Optimizing NNI: done in 0.116294 secs using 196.9% CPU
Optimizing NNI: done in 0.0759339 secs using 196.3% CPU
Optimizing NNI: done in 0.0823781 secs using 197.7% CPU
Optimizing NNI: done in 0.128565 secs using 197.9% CPU
Optimizing NNI: done in 0.118879 secs using 198.4% CPU
Optimizing NNI: done in 0.09307 secs using 197.8% CPU
Optimizing NNI: done in 0.123151 secs using 198.5% CPU
Iteration 10 / LogL: -7369.420 / Time: 0h:0m:2s
Optimizing NNI: done in 0.105899 secs using 198.3% CPU
Optimizing NNI: done in 0.110586 secs using 198.1% CPU
Optimizing NNI: done in 0.124762 secs using 198.1% CPU
Optimizing NNI: done in 0.101495 secs using 198.2% CPU
Optimizing NNI: done in 0.098 secs using 197.5% CPU
Optimizing NNI: done in 0.0980561 secs using 198.6% CPU
Optimizing NNI: done in 0.105765 secs using 197.9% CPU
Optimizing NNI: done in 0.119929 secs using 198.6% CPU
Optimizing NNI: done in 0.128805 secs using 197.5% CPU
Optimizing NNI: done in 0.176864 secs using 197.7% CPU
Iteration 20 / LogL: -7368.490 / Time: 0h:0m:3s
Finish initializing candidate tree set (3)
Current best tree score: -7368.315 / CPU time: 3.240
Number of iterations: 20
--------------------------------------------------------------------
|               OPTIMIZING CANDIDATE TREE SET                      |
--------------------------------------------------------------------
Optimizing NNI: done in 0.137816 secs using 197.5% CPU
Optimizing NNI: done in 0.17118 secs using 198.5% CPU
Optimizing NNI: done in 0.206128 secs using 197.7% CPU
Optimizing NNI: done in 0.191877 secs using 198.2% CPU
Optimizing NNI: done in 0.150201 secs using 198.2% CPU
Optimizing NNI: done in 0.0789151 secs using 198.5% CPU
Optimizing NNI: done in 0.117748 secs using 197.2% CPU
Optimizing NNI: done in 0.116286 secs using 198.3% CPU
Optimizing NNI: done in 0.116391 secs using 197.2% CPU
Optimizing NNI: done in 0.175583 secs using 198.1% CPU
Iteration 30 / LogL: -7368.356 / Time: 0h:0m:5s (0h:0m:13s left)
Optimizing NNI: done in 0.122206 secs using 198.3% CPU
Optimizing NNI: done in 0.195238 secs using 198.1% CPU
Optimizing NNI: done in 0.165893 secs using 198.4% CPU
Optimizing NNI: done in 0.137372 secs using 198.1% CPU
Optimizing NNI: done in 0.120116 secs using 198.8% CPU
Optimizing NNI: done in 0.194423 secs using 197.3% CPU
Optimizing NNI: done in 0.176536 secs using 197% CPU
Optimizing NNI: done in 0.128747 secs using 197% CPU
Optimizing NNI: done in 0.130128 secs using 196.1% CPU
Optimizing NNI: done in 0.143777 secs using 197.3% CPU
Iteration 40 / LogL: -7368.580 / Time: 0h:0m:6s (0h:0m:10s left)
Optimizing NNI: done in 0.0910938 secs using 197.7% CPU
Optimizing NNI: done in 0.119468 secs using 198.1% CPU
Optimizing NNI: done in 0.10761 secs using 197.1% CPU
Optimizing NNI: done in 0.0812049 secs using 196.4% CPU
Optimizing NNI: done in 0.134418 secs using 196.8% CPU
Optimizing NNI: done in 0.183363 secs using 197.6% CPU
Optimizing NNI: done in 0.101926 secs using 197.7% CPU
Optimizing NNI: done in 0.118779 secs using 197.7% CPU
Optimizing NNI: done in 0.115963 secs using 197.1% CPU
Optimizing NNI: done in 0.09569 secs using 198% CPU
Iteration 50 / LogL: -7368.523 / Time: 0h:0m:8s (0h:0m:8s left)
Log-likelihood cutoff on original alignment: -7415.486
Optimizing NNI: done in 0.12703 secs using 197.5% CPU
Optimizing NNI: done in 0.09694 secs using 197.8% CPU
Optimizing NNI: done in 0.081321 secs using 198.2% CPU
Optimizing NNI: done in 0.108824 secs using 196.7% CPU
Optimizing NNI: done in 0.0970559 secs using 197% CPU
Optimizing NNI: done in 0.14056 secs using 197.3% CPU
Optimizing NNI: done in 0.147442 secs using 197.5% CPU
Optimizing NNI: done in 0.146559 secs using 197.9% CPU
Optimizing NNI: done in 0.102589 secs using 197.3% CPU
Optimizing NNI: done in 0.105869 secs using 197.1% CPU
Iteration 60 / LogL: -7368.391 / Time: 0h:0m:9s (0h:0m:6s left)
Optimizing NNI: done in 0.102643 secs using 197.9% CPU
Optimizing NNI: done in 0.146305 secs using 198.1% CPU
Optimizing NNI: done in 0.11625 secs using 197.8% CPU
Optimizing NNI: done in 0.103035 secs using 197.1% CPU
Optimizing NNI: done in 0.158258 secs using 197.8% CPU
Optimizing NNI: done in 0.119164 secs using 197.6% CPU
Optimizing NNI: done in 0.118762 secs using 198.1% CPU
Optimizing NNI: done in 0.106031 secs using 198.4% CPU
Optimizing NNI: done in 0.12643 secs using 198% CPU
Optimizing NNI: done in 0.0962641 secs using 198.1% CPU
Iteration 70 / LogL: -7377.157 / Time: 0h:0m:10s (0h:0m:4s left)
Optimizing NNI: done in 0.102761 secs using 198.2% CPU
Optimizing NNI: done in 0.11124 secs using 198.2% CPU
Optimizing NNI: done in 0.123308 secs using 198% CPU
Optimizing NNI: done in 0.14252 secs using 197.9% CPU
Optimizing NNI: done in 0.118171 secs using 198.3% CPU
Optimizing NNI: done in 0.0636981 secs using 198.9% CPU
Optimizing NNI: done in 0.161002 secs using 198.3% CPU
Optimizing NNI: done in 0.109847 secs using 197.7% CPU
Optimizing NNI: done in 0.0758898 secs using 197.8% CPU
Optimizing NNI: done in 0.075351 secs using 197.3% CPU
Iteration 80 / LogL: -7368.752 / Time: 0h:0m:11s (0h:0m:3s left)
Optimizing NNI: done in 0.0789011 secs using 196.8% CPU
Optimizing NNI: done in 0.111538 secs using 197.4% CPU
Optimizing NNI: done in 0.167581 secs using 196.4% CPU
Optimizing NNI: done in 0.104506 secs using 198% CPU
Optimizing NNI: done in 0.096128 secs using 197.8% CPU
Optimizing NNI: done in 0.106337 secs using 197.1% CPU
Optimizing NNI: done in 0.094641 secs using 197.5% CPU
Optimizing NNI: done in 0.130901 secs using 197.6% CPU
Optimizing NNI: done in 0.127061 secs using 197.4% CPU
Optimizing NNI: done in 0.0948329 secs using 198.1% CPU
Iteration 90 / LogL: -7376.945 / Time: 0h:0m:12s (0h:0m:1s left)
Optimizing NNI: done in 0.118874 secs using 197.3% CPU
Optimizing NNI: done in 0.141116 secs using 197.5% CPU
Optimizing NNI: done in 0.157967 secs using 197.5% CPU
Optimizing NNI: done in 0.0829408 secs using 197.6% CPU
Optimizing NNI: done in 0.168371 secs using 197.1% CPU
Optimizing NNI: done in 0.0818672 secs using 198% CPU
Optimizing NNI: done in 0.0375969 secs using 197.4% CPU
Optimizing NNI: done in 0.111976 secs using 197.8% CPU
Optimizing NNI: done in 0.098177 secs using 198% CPU
Optimizing NNI: done in 0.133784 secs using 198.4% CPU
Iteration 100 / LogL: -7368.778 / Time: 0h:0m:14s (0h:0m:0s left)
Log-likelihood cutoff on original alignment: -7415.486
NOTE: Bootstrap correlation coefficient of split occurrence frequencies: 1.000
Optimizing NNI: done in 0.186709 secs using 196.9% CPU
Optimizing NNI: done in 0.157813 secs using 197.9% CPU
TREE SEARCH COMPLETED AFTER 102 ITERATIONS / Time: 0h:0m:14s

--------------------------------------------------------------------
|                    FINALIZING TREE SEARCH                        |
--------------------------------------------------------------------
Performs final model parameters optimization
Estimate model parameters (epsilon = 0.010)
1. Initial log-likelihood: -7368.315
Optimal log-likelihood: -7368.315
Gamma shape alpha: 0.727
Parameters optimization took 1 rounds (0.025 sec)
BEST SCORE FOUND : -7368.315

Testing tree branches by SH-like aLRT with 1000 replicates...
0.104 sec.
Creating bootstrap support values...
Split supports printed to NEXUS file FungalCW_tree_20231129/410782at4751.aa.mfa.splits.nex
Total tree length: 9.891

Total number of iterations: 102
CPU time used for tree search: 27.520 sec (0h:0m:27s)
Wall-clock time used for tree search: 13.940 sec (0h:0m:13s)
Total CPU time used: 28.356 sec (0h:0m:28s)
Total wall-clock time used: 14.709 sec (0h:0m:14s)

Computing bootstrap consensus tree...
Reading input file FungalCW_tree_20231129/410782at4751.aa.mfa.splits.nex...
16 taxa and 73 splits.
Consensus tree written to FungalCW_tree_20231129/410782at4751.aa.mfa.contree
Reading input trees file FungalCW_tree_20231129/410782at4751.aa.mfa.contree
Log-likelihood of consensus tree: -7368.315

Analysis results written to: 
  IQ-TREE report:                FungalCW_tree_20231129/410782at4751.aa.mfa.iqtree
  Maximum-likelihood tree:       FungalCW_tree_20231129/410782at4751.aa.mfa.treefile
  Likelihood distances:          FungalCW_tree_20231129/410782at4751.aa.mfa.mldist

Ultrafast bootstrap approximation results written to:
  Split support values:          FungalCW_tree_20231129/410782at4751.aa.mfa.splits.nex
  Consensus tree:                FungalCW_tree_20231129/410782at4751.aa.mfa.contree
  Screen log file:               FungalCW_tree_20231129/410782at4751.aa.mfa.log

Date and Time: Wed Nov 29 01:36:26 2023
