IQ-TREE multicore version 2.2.2.6 COVID-edition for Linux 64-bit built May 27 2023
Developed by Bui Quang Minh, James Barbetti, Nguyen Lam Tung,
Olga Chernomor, Heiko Schmidt, Dominik Schrempf, Michael Woodhams, Ly Trong Nhan.

Host:    r12 (AVX2, FMA3, 503 GB RAM)
Command: iqtree2 -s FungalCW_tree_20231129/416039at4751.aa.mfa -gz -B 1000 -alrt 1000 -nt 2
Seed:    607858 (Using SPRNG - Scalable Parallel Random Number Generator)
Time:    Wed Nov 29 01:35:45 2023
Kernel:  AVX+FMA - 2 threads (2 CPU cores detected)

Reading alignment file FungalCW_tree_20231129/416039at4751.aa.mfa ... Fasta format detected
Reading fasta file: done in 0.000149965 secs using 33.34% CPU
Alignment most likely contains protein sequences
Constructing alignment: done in 0.000324011 secs using 66.05% CPU
Alignment has 18 sequences with 313 columns, 308 distinct patterns
190 parsimony-informative, 84 singleton sites, 39 constant sites
                                                               Gap/Ambiguity  Composition  p-value
Analyzing sequences: done in 2.6226e-05 secs using 95.33% CPU
   1  Basidiobolus_meristosporus_CBS_931.73.Basme2finSC.v1            53.35%    passed     49.14%
   2  Botrytis_cinerea_T4                                             24.60%    passed     33.30%
   3  Capillidium_pumilum_ARSEF_79                                    63.58%    passed     91.46%
   4  Colletotrichum_graminicola_M1.001                               19.49%    passed     75.00%
   5  Colletotrichum_higginsianum_IMI_349063                          20.13%    passed     54.93%
   6  Fusarium_graminearum_PH-1                                       24.92%    passed     52.90%
   7  Fusarium_verticillioides_7600                                   29.39%    passed     76.03%
   8  Gilbertella_persicaria_var_persicaria_CBS_190.32-T.Gilper1.v1   45.05%    passed     61.85%
   9  Mortierella_elongata_AG-77                                      32.59%    passed     87.46%
  10  Mucor_mucedo_NRRL_3635                                          40.58%    passed     91.20%
  11  Neoconidiobolus_thromboides_FSU_785.Conth1.v1                   38.98%    passed     57.67%
  12  Phycomyces_blakesleeanus_NRRL_1555.Phybl2.v2                    43.77%    passed     33.04%
  13  Rhizopus_stolonifer_NRRL_66455                                  40.58%    passed     59.77%
  14  Trichoderma_harzianum_CBS_226.95                                17.25%    passed     14.16%
  15  Umbelopsis_ramanniana_NRRL_5844.Umbra1.v1                       35.14%    passed     89.34%
  16  Ustilago_maydis                                                 25.88%    failed      2.20%
  17  Zoophthora_radicans_ATCC_208865                                 40.26%    passed     78.34%
  18  Zymoseptoria_tritici_IP0323                                     22.68%    passed     85.79%
WARNING: 2 sequences contain more than 50% gaps/ambiguity
****  TOTAL                                                           34.35%  1 sequences failed composition chi2 test (p-value<5%; df=19)
Checking for duplicate sequences: done in 4.48227e-05 secs using 187.4% CPU


Create initial parsimony tree by phylogenetic likelihood library (PLL)... 0.002 seconds
Perform fast likelihood tree search using LG+I+G model...
Estimate model parameters (epsilon = 5.000)
Perform nearest neighbor interchange...
Optimizing NNI: done in 0.0520689 secs using 197.6% CPU
Estimate model parameters (epsilon = 1.000)
1. Initial log-likelihood: -6966.776
Optimal log-likelihood: -6965.917
Proportion of invariable sites: 0.044
Gamma shape alpha: 0.748
Parameters optimization took 1 rounds (0.045 sec)
Time for fast ML tree search: 0.222 seconds

NOTE: ModelFinder requires 10 MB RAM!
ModelFinder will test up to 1232 protein models (sample size: 313) ...
 No. Model         -LnL         df  AIC          AICc         BIC
  1  LG            7247.014     33  14560.028    14568.071    14683.652
  2  LG+I          7157.125     34  14382.251    14390.812    14509.622
  3  LG+G4         6966.466     34  14000.931    14009.492    14128.302
  4  LG+I+G4       6965.364     35  14000.729    14009.826    14131.846
  5  LG+R2         7038.700     35  14147.399    14156.497    14278.516
  6  LG+R3         6941.801     37  13957.602    13967.828    14096.212
  7  LG+R4         6931.674     39  13941.349    13952.777    14087.451
  8  LG+R5         6931.529     41  13945.059    13957.767    14098.653
 14  LG+I+R2       6988.667     36  14049.334    14058.987    14184.198
 15  LG+I+R3       6934.426     38  13944.852    13955.669    14087.208
 16  LG+I+R4       6933.503     40  13947.005    13959.064    14096.853
 28  LG+F+R3       6805.797     56  13723.593    13748.531    13933.381
 29  LG+F+R4       6795.429     58  13706.857    13733.802    13924.137
 37  LG+F+I+R3     6797.001     57  13708.001    13733.930    13921.535
 38  LG+F+I+R4     6796.642     59  13711.284    13739.268    13932.310
 50  WAG+R3        6951.381     37  13976.762    13986.988    14115.372
 51  WAG+R4        6937.776     39  13953.552    13964.980    14099.654
 59  WAG+I+R3      6942.150     38  13960.300    13971.117    14102.655
 60  WAG+I+R4      6940.909     40  13961.817    13973.876    14111.665
 72  WAG+F+R3      6835.917     56  13783.834    13808.772    13993.622
 73  WAG+F+R4      6823.061     58  13762.122    13789.066    13979.401
 81  WAG+F+I+R3    6825.866     57  13765.731    13791.660    13979.265
 82  WAG+F+I+R4    6825.331     59  13768.662    13796.646    13989.688
 94  JTT+R3        6934.410     37  13942.820    13953.046    14081.430
 95  JTT+R4        6922.758     39  13923.517    13934.945    14069.619
103  JTT+I+R3      6925.932     38  13927.864    13938.682    14070.220
104  JTT+I+R4      6925.866     40  13931.733    13943.792    14081.581
116  JTT+F+R3      6830.763     56  13773.526    13798.464    13983.313
117  JTT+F+R4      6820.029     58  13756.058    13783.003    13973.338
125  JTT+F+I+R3    6821.368     57  13756.736    13782.665    13970.269
126  JTT+F+I+R4    6821.335     59  13760.670    13788.654    13981.696
WARNING: Normalizing state frequencies so that sum of them equals to 1
138  Q.pfam+R3     6915.079     37  13904.159    13914.384    14042.768
WARNING: Normalizing state frequencies so that sum of them equals to 1
139  Q.pfam+R4     6907.024     39  13892.047    13903.476    14038.149
WARNING: Normalizing state frequencies so that sum of them equals to 1
147  Q.pfam+I+R3   6908.975     38  13893.950    13904.767    14036.306
WARNING: Normalizing state frequencies so that sum of them equals to 1
148  Q.pfam+I+R4   6907.432     40  13894.865    13906.923    14044.713
WARNING: Normalizing state frequencies so that sum of them equals to 1
160  Q.pfam+F+R3   6801.437     56  13714.873    13739.811    13924.661
WARNING: Normalizing state frequencies so that sum of them equals to 1
161  Q.pfam+F+R4   6793.300     58  13702.601    13729.546    13919.881
WARNING: Normalizing state frequencies so that sum of them equals to 1
169  Q.pfam+F+I+R3 6794.552     57  13703.104    13729.033    13916.637
WARNING: Normalizing state frequencies so that sum of them equals to 1
170  Q.pfam+F+I+R4 6793.376     59  13704.751    13732.735    13925.777
WARNING: Normalizing state frequencies so that sum of them equals to 1
182  Q.bird+R3     6971.367     37  14016.734    14026.960    14155.344
WARNING: Normalizing state frequencies so that sum of them equals to 1
183  Q.bird+R4     6959.892     39  13997.784    14009.212    14143.886
WARNING: Normalizing state frequencies so that sum of them equals to 1
191  Q.bird+I+R3   6962.586     38  14001.173    14011.990    14143.529
WARNING: Normalizing state frequencies so that sum of them equals to 1
192  Q.bird+I+R4   6960.624     40  14001.249    14013.308    14151.097
WARNING: Normalizing state frequencies so that sum of them equals to 1
204  Q.bird+F+R3   6867.538     56  13847.075    13872.013    14056.862
WARNING: Normalizing state frequencies so that sum of them equals to 1
205  Q.bird+F+R4   6858.152     58  13832.304    13859.248    14049.583
WARNING: Normalizing state frequencies so that sum of them equals to 1
213  Q.bird+F+I+R3 6859.196     57  13832.391    13858.321    14045.925
WARNING: Normalizing state frequencies so that sum of them equals to 1
214  Q.bird+F+I+R4 6856.669     59  13831.337    13859.321    14052.363
WARNING: Normalizing state frequencies so that sum of them equals to 1
226  Q.mammal+R3   6939.324     37  13952.648    13962.873    14091.257
WARNING: Normalizing state frequencies so that sum of them equals to 1
227  Q.mammal+R4   6928.430     39  13934.860    13946.289    14080.962
WARNING: Normalizing state frequencies so that sum of them equals to 1
235  Q.mammal+I+R3 6931.116     38  13938.231    13949.049    14080.587
WARNING: Normalizing state frequencies so that sum of them equals to 1
236  Q.mammal+I+R4 6929.478     40  13938.956    13951.014    14088.804
WARNING: Normalizing state frequencies so that sum of them equals to 1
248  Q.mammal+F+R3 6851.509     56  13815.019    13839.956    14024.806
WARNING: Normalizing state frequencies so that sum of them equals to 1
249  Q.mammal+F+R4 6842.518     58  13801.037    13827.982    14018.316
WARNING: Normalizing state frequencies so that sum of them equals to 1
257  Q.mammal+F+I+R3 6843.757     57  13801.514    13827.444    14015.048
WARNING: Normalizing state frequencies so that sum of them equals to 1
258  Q.mammal+F+I+R4 6841.852     59  13801.704    13829.688    14022.730
270  Q.insect+R3   6956.049     37  13986.097    13996.323    14124.707
271  Q.insect+R4   6947.241     39  13972.482    13983.910    14118.584
279  Q.insect+I+R3 6949.512     38  13975.024    13985.842    14117.380
280  Q.insect+I+R4 6947.623     40  13975.247    13987.306    14125.095
292  Q.insect+F+R3 6806.205     56  13724.409    13749.347    13934.197
293  Q.insect+F+R4 6796.238     58  13708.475    13735.420    13925.755
301  Q.insect+F+I+R3 6797.051     57  13708.102    13734.031    13921.635
302  Q.insect+F+I+R4 6797.053     59  13712.107    13740.091    13933.132
WARNING: Normalizing state frequencies so that sum of them equals to 1
314  Q.plant+R3    6933.929     37  13941.858    13952.084    14080.468
WARNING: Normalizing state frequencies so that sum of them equals to 1
315  Q.plant+R4    6923.144     39  13924.288    13935.717    14070.390
WARNING: Normalizing state frequencies so that sum of them equals to 1
323  Q.plant+I+R3  6926.299     38  13928.598    13939.416    14070.954
WARNING: Normalizing state frequencies so that sum of them equals to 1
324  Q.plant+I+R4  6925.960     40  13931.921    13943.980    14081.769
WARNING: Normalizing state frequencies so that sum of them equals to 1
336  Q.plant+F+R3  6817.159     56  13746.319    13771.256    13956.106
WARNING: Normalizing state frequencies so that sum of them equals to 1
337  Q.plant+F+R4  6806.736     58  13729.472    13756.417    13946.752
WARNING: Normalizing state frequencies so that sum of them equals to 1
345  Q.plant+F+I+R3 6808.144     57  13730.287    13756.217    13943.821
WARNING: Normalizing state frequencies so that sum of them equals to 1
346  Q.plant+F+I+R4 6807.743     59  13733.486    13761.470    13954.512
WARNING: Normalizing state frequencies so that sum of them equals to 1
358  Q.yeast+R3    6967.733     37  14009.466    14019.691    14148.075
WARNING: Normalizing state frequencies so that sum of them equals to 1
359  Q.yeast+R4    6960.326     39  13998.653    14010.081    14144.755
WARNING: Normalizing state frequencies so that sum of them equals to 1
367  Q.yeast+I+R3  6961.827     38  13999.653    14010.471    14142.009
WARNING: Normalizing state frequencies so that sum of them equals to 1
368  Q.yeast+I+R4  6961.399     40  14002.798    14014.857    14152.646
WARNING: Normalizing state frequencies so that sum of them equals to 1
380  Q.yeast+F+R3  6798.358     56  13708.717    13733.654    13918.504
WARNING: Normalizing state frequencies so that sum of them equals to 1
381  Q.yeast+F+R4  6789.405     58  13694.810    13721.755    13912.090
WARNING: Normalizing state frequencies so that sum of them equals to 1
389  Q.yeast+F+I+R3 6790.458     57  13694.916    13720.845    13908.449
WARNING: Normalizing state frequencies so that sum of them equals to 1
390  Q.yeast+F+I+R4 6789.574     59  13697.148    13725.133    13918.174
402  JTTDCMut+R3   6936.546     37  13947.091    13957.317    14085.701
403  JTTDCMut+R4   6924.695     39  13927.389    13938.818    14073.491
411  JTTDCMut+I+R3 6928.040     38  13932.079    13942.897    14074.435
412  JTTDCMut+I+R4 6927.824     40  13935.648    13947.707    14085.496
424  JTTDCMut+F+R3 6830.986     56  13773.972    13798.909    13983.759
425  JTTDCMut+F+R4 6820.241     58  13756.483    13783.428    13973.762
433  JTTDCMut+F+I+R3 6821.661     57  13757.323    13783.252    13970.856
434  JTTDCMut+F+I+R4 6821.662     59  13761.324    13789.309    13982.350
446  DCMut+R3      6974.655     37  14023.310    14033.536    14161.920
447  DCMut+R4      6958.247     39  13994.493    14005.922    14140.595
455  DCMut+I+R3    6964.212     38  14004.423    14015.241    14146.779
456  DCMut+I+R4    6963.381     40  14006.763    14018.821    14156.611
468  DCMut+F+R3    6838.900     56  13789.799    13814.737    13999.587
469  DCMut+F+R4    6826.207     58  13768.414    13795.358    13985.693
477  DCMut+F+I+R3  6828.851     57  13771.701    13797.631    13985.235
478  DCMut+F+I+R4  6828.824     59  13775.648    13803.632    13996.674
490  VT+R3         6939.801     37  13953.601    13963.827    14092.211
491  VT+R4         6930.141     39  13938.282    13949.711    14084.384
499  VT+I+R3       6932.880     38  13941.759    13952.577    14084.115
500  VT+I+R4       6932.926     40  13945.852    13957.910    14095.700
512  VT+F+R3       6831.257     56  13774.514    13799.451    13984.301
513  VT+F+R4       6821.508     58  13759.016    13785.961    13976.296
521  VT+F+I+R3     6823.390     57  13760.781    13786.710    13974.315
522  VT+F+I+R4     6823.461     59  13764.922    13792.906    13985.948
534  PMB+R3        6959.645     37  13993.289    14003.515    14131.899
535  PMB+R4        6951.640     39  13981.280    13992.709    14127.382
543  PMB+I+R3      6954.265     38  13984.529    13995.347    14126.885
544  PMB+I+R4      6954.154     40  13988.308    14000.367    14138.156
556  PMB+F+R3      6855.393     56  13822.786    13847.723    14032.573
557  PMB+F+R4      6846.553     58  13809.106    13836.051    14026.386
565  PMB+F+I+R3    6848.925     57  13811.850    13837.780    14025.384
566  PMB+F+I+R4    6848.556     59  13815.112    13843.096    14036.138
578  Blosum62+R3   6995.432     37  14064.864    14075.089    14203.473
579  Blosum62+R4   6987.035     39  14052.070    14063.499    14198.172
587  Blosum62+I+R3 6988.891     38  14053.783    14064.600    14196.139
588  Blosum62+I+R4 6988.926     40  14057.853    14069.911    14207.701
600  Blosum62+F+R3 6853.550     56  13819.099    13844.037    14028.887
601  Blosum62+F+R4 6843.753     58  13803.507    13830.452    14020.787
609  Blosum62+F+I+R3 6845.701     57  13805.401    13831.331    14018.935
610  Blosum62+F+I+R4 6845.365     59  13808.729    13836.713    14029.755
622  Dayhoff+R3    6974.738     37  14023.475    14033.701    14162.085
623  Dayhoff+R4    6958.231     39  13994.462    14005.890    14140.564
631  Dayhoff+I+R3  6964.241     38  14004.482    14015.299    14146.838
632  Dayhoff+I+R4  6963.329     40  14006.658    14018.716    14156.506
644  Dayhoff+F+R3  6838.856     56  13789.712    13814.650    13999.500
645  Dayhoff+F+R4  6826.125     58  13768.250    13795.194    13985.529
653  Dayhoff+F+I+R3 6828.774     57  13771.549    13797.478    13985.082
654  Dayhoff+F+I+R4 6828.826     59  13775.653    13803.637    13996.679
666  mtREV+R3      7130.744     37  14335.488    14345.713    14474.097
667  mtREV+R4      7124.996     39  14327.991    14339.420    14474.093
675  mtREV+I+R3    7126.135     38  14328.270    14339.087    14470.626
676  mtREV+I+R4    7124.807     40  14329.614    14341.673    14479.462
688  mtREV+F+R3    6867.542     56  13847.084    13872.021    14056.871
689  mtREV+F+R4    6857.837     58  13831.673    13858.618    14048.953
697  mtREV+F+I+R3  6859.196     57  13832.391    13858.321    14045.925
698  mtREV+F+I+R4  6857.457     59  13832.914    13860.898    14053.940
710  mtART+R3      7201.140     37  14476.280    14486.505    14614.889
711  mtART+R4      7191.362     39  14460.723    14472.152    14606.825
719  mtART+I+R3    7197.618     38  14471.236    14482.053    14613.591
720  mtART+I+R4    7185.000     40  14450.001    14462.059    14599.849
732  mtART+F+R3    6864.100     56  13840.200    13865.138    14049.987
733  mtART+F+R4    6854.950     58  13825.899    13852.844    14043.179
741  mtART+F+I+R3  6856.418     57  13826.837    13852.766    14040.370
742  mtART+F+I+R4  6846.433     59  13810.866    13838.850    14031.892
754  mtZOA+R3      7066.243     37  14206.485    14216.711    14345.095
755  mtZOA+R4      7061.694     39  14201.387    14212.816    14347.489
763  mtZOA+I+R3    7063.375     38  14202.750    14213.568    14345.106
764  mtZOA+I+R4    7054.988     40  14189.975    14202.034    14339.823
776  mtZOA+F+R3    6823.149     56  13758.298    13783.236    13968.086
777  mtZOA+F+R4    6815.590     58  13747.180    13774.125    13964.460
785  mtZOA+F+I+R3  6816.300     57  13746.601    13772.530    13960.134
786  mtZOA+F+I+R4  6810.941     59  13739.882    13767.866    13960.908
798  mtMet+R3      7189.721     37  14453.442    14463.668    14592.052
799  mtMet+R4      7186.971     39  14451.941    14463.370    14598.043
807  mtMet+I+R3    7187.771     38  14451.541    14462.359    14593.897
808  mtMet+I+R4    7182.697     40  14445.394    14457.453    14595.242
820  mtMet+F+R3    6836.239     56  13784.477    13809.415    13994.265
821  mtMet+F+R4    6830.039     58  13776.077    13803.022    13993.357
829  mtMet+F+I+R3  6830.737     57  13775.475    13801.404    13989.009
830  mtMet+F+I+R4  6827.099     59  13772.198    13800.182    13993.224
842  mtVer+R3      7175.023     37  14424.046    14434.271    14562.655
843  mtVer+R4      7171.639     39  14421.277    14432.706    14567.379
851  mtVer+I+R3    7172.149     38  14420.298    14431.116    14562.654
852  mtVer+I+R4    7165.782     40  14411.564    14423.623    14561.412
864  mtVer+F+R3    6894.197     56  13900.393    13925.331    14110.180
865  mtVer+F+R4    6885.533     58  13887.066    13914.010    14104.345
873  mtVer+F+I+R3  6887.162     57  13888.323    13914.253    14101.857
874  mtVer+F+I+R4  6879.795     59  13877.590    13905.574    14098.616
886  mtInv+R3      7295.586     37  14665.173    14675.398    14803.782
887  mtInv+R4      7291.945     39  14661.891    14673.319    14807.993
895  mtInv+I+R3    7292.934     38  14661.869    14672.686    14804.225
896  mtInv+I+R4    7290.155     40  14660.310    14672.369    14810.158
908  mtInv+F+R3    6816.310     56  13744.620    13769.558    13954.408
909  mtInv+F+R4    6808.238     58  13732.475    13759.420    13949.755
917  mtInv+F+I+R3  6808.742     57  13731.485    13757.414    13945.018
918  mtInv+F+I+R4  6806.681     59  13731.363    13759.347    13952.389
930  mtMAM+R3      7222.604     37  14519.207    14529.433    14657.817
931  mtMAM+R4      7213.853     39  14505.706    14517.135    14651.808
939  mtMAM+I+R3    7218.435     38  14512.871    14523.688    14655.227
940  mtMAM+I+R4    7209.886     40  14499.772    14511.831    14649.620
952  mtMAM+F+R3    6919.444     56  13950.888    13975.825    14160.675
953  mtMAM+F+R4    6911.126     58  13938.252    13965.197    14155.531
961  mtMAM+F+I+R3  6912.789     57  13939.577    13965.506    14153.111
962  mtMAM+F+I+R4  6906.047     59  13930.094    13958.078    14151.120
WARNING: Normalizing state frequencies so that sum of them equals to 1
974  FLAVI+R3      7084.115     37  14242.230    14252.455    14380.839
WARNING: Normalizing state frequencies so that sum of them equals to 1
975  FLAVI+R4      7069.440     39  14216.881    14228.309    14362.983
WARNING: Normalizing state frequencies so that sum of them equals to 1
983  FLAVI+I+R3    7075.537     38  14227.073    14237.891    14369.429
WARNING: Normalizing state frequencies so that sum of them equals to 1
984  FLAVI+I+R4    7067.769     40  14215.539    14227.597    14365.387
WARNING: Normalizing state frequencies so that sum of them equals to 1
996  FLAVI+F+R3    6968.279     56  14048.557    14073.495    14258.345
WARNING: Normalizing state frequencies so that sum of them equals to 1
997  FLAVI+F+R4    6953.352     58  14022.705    14049.650    14239.984
WARNING: Normalizing state frequencies so that sum of them equals to 1
1005  FLAVI+F+I+R3  6957.502     57  14029.005    14054.934    14242.539
WARNING: Normalizing state frequencies so that sum of them equals to 1
1006  FLAVI+F+I+R4  6950.948     59  14019.895    14047.880    14240.921
1018  HIVb+R3       7111.833     37  14297.666    14307.892    14436.276
1019  HIVb+R4       7094.577     39  14267.153    14278.582    14413.255
1027  HIVb+I+R3     7102.406     38  14280.812    14291.630    14423.168
1028  HIVb+I+R4     7095.518     40  14271.036    14283.095    14420.884
1040  HIVb+F+R3     6902.282     56  13916.564    13941.502    14126.352
1041  HIVb+F+R4     6887.973     58  13891.945    13918.890    14109.225
1049  HIVb+F+I+R3   6891.958     57  13897.915    13923.845    14111.449
1050  HIVb+F+I+R4   6891.735     59  13901.470    13929.454    14122.496
1062  HIVw+R3       7350.712     37  14775.424    14785.650    14914.034
1063  HIVw+R4       7321.953     39  14721.907    14733.336    14868.009
1071  HIVw+I+R3     7337.097     38  14750.194    14761.012    14892.550
1072  HIVw+I+R4     7321.127     40  14722.254    14734.313    14872.102
1084  HIVw+F+R3     7023.661     56  14159.321    14184.259    14369.109
1085  HIVw+F+R4     7004.272     58  14124.543    14151.488    14341.823
1093  HIVw+F+I+R3   7010.193     57  14134.386    14160.315    14347.919
1094  HIVw+F+I+R4   7004.603     59  14127.207    14155.191    14348.233
1106  FLU+R3        7073.481     37  14220.962    14231.187    14359.571
1107  FLU+R4        7058.879     39  14195.759    14207.187    14341.861
1115  FLU+I+R3      7066.829     38  14209.658    14220.475    14352.013
1116  FLU+I+R4      7062.240     40  14204.480    14216.539    14354.328
1128  FLU+F+R3      6899.908     56  13911.815    13936.753    14121.603
1129  FLU+F+R4      6885.900     58  13887.800    13914.745    14105.080
1137  FLU+F+I+R3    6892.265     57  13898.530    13924.459    14112.064
1138  FLU+F+I+R4    6886.994     59  13891.989    13919.973    14113.015
1150  rtREV+R3      7036.831     37  14147.661    14157.887    14286.271
1151  rtREV+R4      7027.141     39  14132.282    14143.711    14278.384
1159  rtREV+I+R3    7029.432     38  14134.865    14145.682    14277.220
1160  rtREV+I+R4    7029.399     40  14138.797    14150.856    14288.645
1172  rtREV+F+R3    6828.618     56  13769.235    13794.173    13979.022
1173  rtREV+F+R4    6817.967     58  13751.934    13778.879    13969.214
1181  rtREV+F+I+R3  6819.714     57  13753.429    13779.358    13966.963
1182  rtREV+F+I+R4  6819.042     59  13756.085    13784.069    13977.111
1194  cpREV+R3      6966.853     37  14007.707    14017.932    14146.316
1195  cpREV+R4      6953.056     39  13984.111    13995.540    14130.213
1203  cpREV+I+R3    6959.439     38  13994.878    14005.696    14137.234
1204  cpREV+I+R4    6957.862     40  13995.725    14007.783    14145.573
1216  cpREV+F+R3    6856.745     56  13825.490    13850.427    14035.277
1217  cpREV+F+R4    6842.436     58  13800.871    13827.816    14018.151
1225  cpREV+F+I+R3  6847.996     57  13809.991    13835.920    14023.525
1226  cpREV+F+I+R4  6846.070     59  13810.141    13838.125    14031.167
Akaike Information Criterion:           Q.yeast+F+R4
Corrected Akaike Information Criterion: Q.yeast+F+I+R3
Bayesian Information Criterion:         Q.yeast+F+I+R3
Best-fit model: Q.yeast+F+I+R3 chosen according to BIC

All model information printed to FungalCW_tree_20231129/416039at4751.aa.mfa.model.gz
CPU time for ModelFinder: 270.330 seconds (0h:4m:30s)
Wall-clock time for ModelFinder: 138.766 seconds (0h:2m:18s)
Generating 1000 samples for ultrafast bootstrap (seed: 607858)...
WARNING: Normalizing state frequencies so that sum of them equals to 1

NOTE: 4 MB RAM (0 GB) is required!
Estimate model parameters (epsilon = 0.100)
1. Initial log-likelihood: -6790.458
Optimal log-likelihood: -6790.452
Proportion of invariable sites: 0.058
Site proportion and rates:  (0.254,0.036) (0.390,0.143) (0.297,3.145)
Parameters optimization took 1 rounds (0.034 sec)
Wrote distance file to... 
Computing ML distances based on estimated model parameters...
Calculating distance matrix: done in 0.050257 secs using 199.1% CPU
Computing ML distances took 0.050323 sec (of wall-clock time) 0.100157 sec (of CPU time)
WARNING: Some pairwise ML distances are too long (saturated)
Setting up auxiliary I and S matrices: done in 3.8147e-05 secs using 199.2% CPU
Constructing RapidNJ tree: done in 0.000121117 secs using 199.8% CPU
Computing RapidNJ tree took 0.000209 sec (of wall-clock time) 0.000417 sec (of CPU time)
Log-likelihood of RapidNJ tree: -6868.475
--------------------------------------------------------------------
|             INITIALIZING CANDIDATE TREE SET                      |
--------------------------------------------------------------------
Generating 98 parsimony trees... 0.207 second
Computing log-likelihood of 98 initial trees ... 0.462 seconds
Current best score: -6790.452

Do NNI search on 20 best initial trees
Optimizing NNI: done in 0.0208981 secs using 202.6% CPU
Estimate model parameters (epsilon = 0.100)
BETTER TREE FOUND at iteration 1: -6790.450
Optimizing NNI: done in 0.06529 secs using 198.7% CPU
Optimizing NNI: done in 0.0349569 secs using 198.9% CPU
Optimizing NNI: done in 0.046984 secs using 198.9% CPU
Optimizing NNI: done in 0.037853 secs using 199.3% CPU
Optimizing NNI: done in 0.0592718 secs using 199.8% CPU
Optimizing NNI: done in 0.051513 secs using 199.1% CPU
Optimizing NNI: done in 0.0684431 secs using 198.8% CPU
Optimizing NNI: done in 0.124566 secs using 198.3% CPU
Optimizing NNI: done in 0.0441642 secs using 199.3% CPU
Iteration 10 / LogL: -7090.447 / Time: 0h:0m:1s
Optimizing NNI: done in 0.0594289 secs using 199.7% CPU
Optimizing NNI: done in 0.0833609 secs using 197.6% CPU
Optimizing NNI: done in 0.064945 secs using 198.9% CPU
Optimizing NNI: done in 0.0386488 secs using 196.2% CPU
Optimizing NNI: done in 0.0888941 secs using 199.8% CPU
Optimizing NNI: done in 0.060626 secs using 197.2% CPU
Optimizing NNI: done in 0.059346 secs using 200.2% CPU
Optimizing NNI: done in 0.069298 secs using 198.9% CPU
Optimizing NNI: done in 0.0577922 secs using 198.4% CPU
Optimizing NNI: done in 0.060452 secs using 200.1% CPU
Iteration 20 / LogL: -7088.079 / Time: 0h:0m:2s
Finish initializing candidate tree set (3)
Current best tree score: -6790.450 / CPU time: 1.926
Number of iterations: 20
--------------------------------------------------------------------
|               OPTIMIZING CANDIDATE TREE SET                      |
--------------------------------------------------------------------
Optimizing NNI: done in 0.120775 secs using 199.5% CPU
Optimizing NNI: done in 0.0664189 secs using 200% CPU
Optimizing NNI: done in 0.0568309 secs using 197.6% CPU
Optimizing NNI: done in 0.115133 secs using 198.2% CPU
Optimizing NNI: done in 0.069479 secs using 199.5% CPU
Optimizing NNI: done in 0.060776 secs using 198.9% CPU
Optimizing NNI: done in 0.0671139 secs using 200.1% CPU
Optimizing NNI: done in 0.0637689 secs using 199% CPU
Optimizing NNI: done in 0.0985522 secs using 198.8% CPU
Optimizing NNI: done in 0.0968781 secs using 199.5% CPU
Iteration 30 / LogL: -6791.754 / Time: 0h:0m:2s (0h:0m:7s left)
Optimizing NNI: done in 0.0817828 secs using 199.5% CPU
Optimizing NNI: done in 0.0785151 secs using 198.7% CPU
Optimizing NNI: done in 0.0565791 secs using 197.8% CPU
Optimizing NNI: done in 0.107082 secs using 199.4% CPU
Optimizing NNI: done in 0.0642948 secs using 199.4% CPU
Optimizing NNI: done in 0.075824 secs using 199.1% CPU
Optimizing NNI: done in 0.111082 secs using 198% CPU
Optimizing NNI: done in 0.0761089 secs using 198.7% CPU
Optimizing NNI: done in 0.0821829 secs using 199.4% CPU
Optimizing NNI: done in 0.098145 secs using 199.6% CPU
Iteration 40 / LogL: -6791.388 / Time: 0h:0m:3s (0h:0m:5s left)
Optimizing NNI: done in 0.0673819 secs using 198.9% CPU
Optimizing NNI: done in 0.0623858 secs using 199.9% CPU
Optimizing NNI: done in 0.0848179 secs using 198.8% CPU
Optimizing NNI: done in 0.060715 secs using 198.7% CPU
Optimizing NNI: done in 0.059345 secs using 199.8% CPU
Optimizing NNI: done in 0.0782681 secs using 198.5% CPU
Optimizing NNI: done in 0.0995531 secs using 199.5% CPU
Optimizing NNI: done in 0.0977321 secs using 199.1% CPU
Optimizing NNI: done in 0.042979 secs using 199.1% CPU
Optimizing NNI: done in 0.034215 secs using 199.5% CPU
Iteration 50 / LogL: -6791.678 / Time: 0h:0m:4s (0h:0m:4s left)
Log-likelihood cutoff on original alignment: -6819.067
Optimizing NNI: done in 0.082762 secs using 199.3% CPU
Optimizing NNI: done in 0.08987 secs using 199.3% CPU
Optimizing NNI: done in 0.0856552 secs using 198.3% CPU
Optimizing NNI: done in 0.0546541 secs using 199.4% CPU
Optimizing NNI: done in 0.065345 secs using 200% CPU
Optimizing NNI: done in 0.094146 secs using 199.3% CPU
Optimizing NNI: done in 0.106845 secs using 198.9% CPU
Optimizing NNI: done in 0.0655861 secs using 199.4% CPU
Optimizing NNI: done in 0.058145 secs using 198.5% CPU
Optimizing NNI: done in 0.042623 secs using 197.3% CPU
Iteration 60 / LogL: -6790.817 / Time: 0h:0m:5s (0h:0m:3s left)
Optimizing NNI: done in 0.0757952 secs using 199.9% CPU
Optimizing NNI: done in 0.0835819 secs using 199.7% CPU
Optimizing NNI: done in 0.080997 secs using 198.8% CPU
Optimizing NNI: done in 0.0770211 secs using 199.9% CPU
Optimizing NNI: done in 0.0523791 secs using 199.2% CPU
Optimizing NNI: done in 0.087914 secs using 199.7% CPU
Optimizing NNI: done in 0.0764539 secs using 198.8% CPU
Optimizing NNI: done in 0.0858102 secs using 199.7% CPU
Optimizing NNI: done in 0.061662 secs using 199.9% CPU
Optimizing NNI: done in 0.121624 secs using 199.3% CPU
Iteration 70 / LogL: -6790.675 / Time: 0h:0m:6s (0h:0m:2s left)
Optimizing NNI: done in 0.07933 secs using 198.4% CPU
Optimizing NNI: done in 0.06445 secs using 199.1% CPU
Optimizing NNI: done in 0.072752 secs using 199.9% CPU
Optimizing NNI: done in 0.068953 secs using 200.1% CPU
Optimizing NNI: done in 0.0869088 secs using 198.9% CPU
Optimizing NNI: done in 0.059031 secs using 199.1% CPU
Optimizing NNI: done in 0.0910659 secs using 199.3% CPU
Optimizing NNI: done in 0.0733199 secs using 199.9% CPU
Optimizing NNI: done in 0.060854 secs using 199.3% CPU
Optimizing NNI: done in 0.0596299 secs using 199.6% CPU
Iteration 80 / LogL: -6791.982 / Time: 0h:0m:6s (0h:0m:1s left)
Optimizing NNI: done in 0.106504 secs using 199.5% CPU
Optimizing NNI: done in 0.0889339 secs using 199.3% CPU
Optimizing NNI: done in 0.0744421 secs using 199.7% CPU
Optimizing NNI: done in 0.057276 secs using 198.4% CPU
Optimizing NNI: done in 0.058049 secs using 198.7% CPU
Optimizing NNI: done in 0.0776539 secs using 198% CPU
Optimizing NNI: done in 0.060977 secs using 200.2% CPU
Optimizing NNI: done in 0.106999 secs using 198.9% CPU
Optimizing NNI: done in 0.0507901 secs using 199.5% CPU
Optimizing NNI: done in 0.0648582 secs using 199.4% CPU
Iteration 90 / LogL: -6790.613 / Time: 0h:0m:7s (0h:0m:0s left)
Optimizing NNI: done in 0.102901 secs using 199.3% CPU
Optimizing NNI: done in 0.106169 secs using 199.4% CPU
Optimizing NNI: done in 0.106545 secs using 199.2% CPU
Optimizing NNI: done in 0.10528 secs using 199% CPU
Optimizing NNI: done in 0.081882 secs using 199.5% CPU
Optimizing NNI: done in 0.0770051 secs using 199.7% CPU
Optimizing NNI: done in 0.077863 secs using 200% CPU
Optimizing NNI: done in 0.061928 secs using 199% CPU
Optimizing NNI: done in 0.0566802 secs using 199.2% CPU
Optimizing NNI: done in 0.0725861 secs using 199.1% CPU
Iteration 100 / LogL: -6791.653 / Time: 0h:0m:8s (0h:0m:0s left)
Log-likelihood cutoff on original alignment: -6820.167
NOTE: Bootstrap correlation coefficient of split occurrence frequencies: 1.000
Optimizing NNI: done in 0.063504 secs using 200.4% CPU
Optimizing NNI: done in 0.0760319 secs using 198.8% CPU
TREE SEARCH COMPLETED AFTER 102 ITERATIONS / Time: 0h:0m:8s

--------------------------------------------------------------------
|                    FINALIZING TREE SEARCH                        |
--------------------------------------------------------------------
Performs final model parameters optimization
Estimate model parameters (epsilon = 0.010)
1. Initial log-likelihood: -6790.450
Optimal log-likelihood: -6790.448
Proportion of invariable sites: 0.058
Site proportion and rates:  (0.255,0.036) (0.389,0.142) (0.297,3.146)
Parameters optimization took 1 rounds (0.033 sec)
BEST SCORE FOUND : -6790.448

Testing tree branches by SH-like aLRT with 1000 replicates...
0.065 sec.
Creating bootstrap support values...
Split supports printed to NEXUS file FungalCW_tree_20231129/416039at4751.aa.mfa.splits.nex
Total tree length: 102.918

Total number of iterations: 102
CPU time used for tree search: 17.126 sec (0h:0m:17s)
Wall-clock time used for tree search: 8.667 sec (0h:0m:8s)
Total CPU time used: 17.650 sec (0h:0m:17s)
Total wall-clock time used: 8.938 sec (0h:0m:8s)

Computing bootstrap consensus tree...
Reading input file FungalCW_tree_20231129/416039at4751.aa.mfa.splits.nex...
18 taxa and 89 splits.
Consensus tree written to FungalCW_tree_20231129/416039at4751.aa.mfa.contree
Reading input trees file FungalCW_tree_20231129/416039at4751.aa.mfa.contree
Log-likelihood of consensus tree: -6790.518

Analysis results written to: 
  IQ-TREE report:                FungalCW_tree_20231129/416039at4751.aa.mfa.iqtree
  Maximum-likelihood tree:       FungalCW_tree_20231129/416039at4751.aa.mfa.treefile
  Likelihood distances:          FungalCW_tree_20231129/416039at4751.aa.mfa.mldist

Ultrafast bootstrap approximation results written to:
  Split support values:          FungalCW_tree_20231129/416039at4751.aa.mfa.splits.nex
  Consensus tree:                FungalCW_tree_20231129/416039at4751.aa.mfa.contree
  Screen log file:               FungalCW_tree_20231129/416039at4751.aa.mfa.log

Date and Time: Wed Nov 29 01:38:13 2023
