IQ-TREE multicore version 2.2.2.6 COVID-edition for Linux 64-bit built May 27 2023
Developed by Bui Quang Minh, James Barbetti, Nguyen Lam Tung,
Olga Chernomor, Heiko Schmidt, Dominik Schrempf, Michael Woodhams, Ly Trong Nhan.

Host:    r12 (AVX2, FMA3, 503 GB RAM)
Command: iqtree2 -s FungalCW_tree_20231129/419048at4751.aa.mfa -gz -B 1000 -alrt 1000 -nt 2
Seed:    646049 (Using SPRNG - Scalable Parallel Random Number Generator)
Time:    Wed Nov 29 01:35:45 2023
Kernel:  AVX+FMA - 2 threads (2 CPU cores detected)

Reading alignment file FungalCW_tree_20231129/419048at4751.aa.mfa ... Fasta format detected
Reading fasta file: done in 0.000175953 secs using 49.45% CPU
Alignment most likely contains protein sequences
Constructing alignment: done in 0.000359058 secs using 89.96% CPU
Alignment has 17 sequences with 296 columns, 282 distinct patterns
141 parsimony-informative, 103 singleton sites, 52 constant sites
                                                               Gap/Ambiguity  Composition  p-value
Analyzing sequences: done in 2.59876e-05 secs using 53.87% CPU
   1  Basidiobolus_meristosporus_CBS_931.73.Basme2finSC.v1            34.80%    passed     99.49%
   2  Botrytis_cinerea_T4                                             33.45%    passed     99.96%
   3  Colletotrichum_graminicola_M1.001                               33.45%    passed     99.39%
   4  Colletotrichum_higginsianum_IMI_349063                          33.45%    passed     97.38%
   5  Fusarium_graminearum_PH-1                                       33.45%    passed     99.99%
   6  Fusarium_verticillioides_7600                                   33.45%    passed     99.99%
   7  Gilbertella_persicaria_var_persicaria_CBS_190.32-T.Gilper1.v1   33.78%    passed     99.99%
   8  Mortierella_elongata_AG-77                                      33.78%    passed     99.41%
   9  Mucor_mucedo_NRRL_3635                                          33.78%    passed     99.17%
  10  Neoconidiobolus_thromboides_FSU_785.Conth1.v1                   34.46%    passed     41.35%
  11  Phycomyces_blakesleeanus_NRRL_1555.Phybl2.v2                    35.14%    passed     90.92%
  12  Rhizopus_stolonifer_NRRL_66455                                  39.19%    passed     99.24%
  13  Trichoderma_harzianum_CBS_226.95                                34.12%    passed     99.99%
  14  Umbelopsis_ramanniana_NRRL_5844.Umbra1.v1                       34.46%    passed     98.93%
  15  Ustilago_maydis                                                 33.78%    passed     94.40%
  16  Zoophthora_radicans_ATCC_208865                                 34.80%    passed    100.00%
  17  Zymoseptoria_tritici_IP0323                                     34.46%    passed     99.65%
****  TOTAL                                                           34.34%  0 sequences failed composition chi2 test (p-value<5%; df=19)
Checking for duplicate sequences: done in 5.10216e-05 secs using 98% CPU


Create initial parsimony tree by phylogenetic likelihood library (PLL)... 0.001 seconds
Perform fast likelihood tree search using LG+I+G model...
Estimate model parameters (epsilon = 5.000)
Perform nearest neighbor interchange...
Optimizing NNI: done in 0.050736 secs using 198.2% CPU
Estimate model parameters (epsilon = 1.000)
1. Initial log-likelihood: -4893.187
Optimal log-likelihood: -4892.760
Proportion of invariable sites: 0.059
Gamma shape alpha: 0.613
Parameters optimization took 1 rounds (0.043 sec)
Time for fast ML tree search: 0.185 seconds

NOTE: ModelFinder requires 9 MB RAM!
ModelFinder will test up to 1232 protein models (sample size: 296) ...
 No. Model         -LnL         df  AIC          AICc         BIC
  1  LG            5281.330     31  10624.660    10632.175    10739.061
  2  LG+I          5133.439     32  10330.878    10338.908    10448.969
  3  LG+G4         4891.652     32  9847.303     9855.334     9965.395
  4  LG+I+G4       4892.268     33  9850.537     9859.102     9972.319
  5  LG+R2         4917.469     33  9900.938     9909.503     10022.720
  6  LG+R3         4893.768     35  9857.537     9867.229     9986.699
  7  LG+R4         4889.129     37  9852.257     9863.156     9988.800
 14  LG+I+R2       4899.098     34  9866.196     9875.315     9991.669
 15  LG+I+R3       4890.913     36  9853.827     9864.112     9986.680
 16  LG+I+R4       4889.587     38  9855.174     9866.707     9995.407
 25  LG+F+G4       4872.754     51  9847.508     9869.246     10035.717
 26  LG+F+I+G4     4873.268     52  9850.536     9873.219     10042.435
 47  WAG+G4        4904.909     32  9873.819     9881.849     9991.910
 48  WAG+I+G4      4904.962     33  9875.924     9884.489     9997.706
 69  WAG+F+G4      4885.581     51  9873.161     9894.899     10061.370
 70  WAG+F+I+G4    4885.392     52  9874.783     9897.466     10066.682
 91  JTT+G4        4911.099     32  9886.198     9894.228     10004.289
 92  JTT+I+G4      4911.557     33  9889.114     9897.679     10010.896
113  JTT+F+G4      4887.173     51  9876.346     9898.084     10064.555
114  JTT+F+I+G4    4887.363     52  9878.727     9901.410     10070.625
WARNING: Normalizing state frequencies so that sum of them equals to 1
135  Q.pfam+G4     4890.655     32  9845.310     9853.341     9963.402
WARNING: Normalizing state frequencies so that sum of them equals to 1
136  Q.pfam+I+G4   4891.216     33  9848.433     9856.998     9970.215
WARNING: Normalizing state frequencies so that sum of them equals to 1
157  Q.pfam+F+G4   4872.308     51  9846.617     9868.355     10034.825
WARNING: Normalizing state frequencies so that sum of them equals to 1
158  Q.pfam+F+I+G4 4872.825     52  9849.650     9872.333     10041.549
WARNING: Normalizing state frequencies so that sum of them equals to 1
179  Q.bird+G4     4965.048     32  9994.096     10002.127    10112.188
WARNING: Normalizing state frequencies so that sum of them equals to 1
180  Q.bird+I+G4   4965.595     33  9997.189     10005.754    10118.971
WARNING: Normalizing state frequencies so that sum of them equals to 1
201  Q.bird+F+G4   4945.301     51  9992.602     10014.340    10180.810
WARNING: Normalizing state frequencies so that sum of them equals to 1
202  Q.bird+F+I+G4 4945.968     52  9995.937     10018.620    10187.835
WARNING: Normalizing state frequencies so that sum of them equals to 1
223  Q.mammal+G4   4943.756     32  9951.511     9959.542     10069.603
WARNING: Normalizing state frequencies so that sum of them equals to 1
224  Q.mammal+I+G4 4944.245     33  9954.490     9963.055     10076.272
WARNING: Normalizing state frequencies so that sum of them equals to 1
245  Q.mammal+F+G4 4923.211     51  9948.423     9970.160     10136.631
WARNING: Normalizing state frequencies so that sum of them equals to 1
246  Q.mammal+F+I+G4 4923.679     52  9951.359     9974.042     10143.257
267  Q.insect+G4   4884.154     32  9832.308     9840.339     9950.400
268  Q.insect+I+G4 4884.745     33  9835.491     9844.055     9957.272
289  Q.insect+F+G4 4865.665     51  9833.331     9855.068     10021.539
290  Q.insect+F+I+G4 4866.267     52  9836.534     9859.217     10028.432
WARNING: Normalizing state frequencies so that sum of them equals to 1
311  Q.plant+G4    4906.752     32  9877.504     9885.535     9995.596
WARNING: Normalizing state frequencies so that sum of them equals to 1
312  Q.plant+I+G4  4907.538     33  9881.076     9889.641     10002.858
WARNING: Normalizing state frequencies so that sum of them equals to 1
333  Q.plant+F+G4  4898.153     51  9898.307     9920.044     10086.515
WARNING: Normalizing state frequencies so that sum of them equals to 1
334  Q.plant+F+I+G4 4898.881     52  9901.762     9924.445     10093.660
WARNING: Normalizing state frequencies so that sum of them equals to 1
355  Q.yeast+G4    4885.888     32  9835.776     9843.807     9953.868
WARNING: Normalizing state frequencies so that sum of them equals to 1
356  Q.yeast+I+G4  4886.487     33  9838.975     9847.540     9960.757
WARNING: Normalizing state frequencies so that sum of them equals to 1
377  Q.yeast+F+G4  4862.175     51  9826.350     9848.088     10014.559
WARNING: Normalizing state frequencies so that sum of them equals to 1
378  Q.yeast+F+I+G4 4862.875     52  9829.749     9852.432     10021.648
399  JTTDCMut+G4   4909.956     32  9883.913     9891.943     10002.004
400  JTTDCMut+I+G4 4910.399     33  9886.798     9895.363     10008.580
421  JTTDCMut+F+G4 4886.417     51  9874.833     9896.571     10063.042
422  JTTDCMut+F+I+G4 4886.585     52  9877.169     9899.852     10069.068
443  DCMut+G4      4937.453     32  9938.906     9946.937     10056.998
444  DCMut+I+G4    4937.856     33  9941.713     9950.277     10063.494
465  DCMut+F+G4    4883.932     51  9869.864     9891.602     10058.072
466  DCMut+F+I+G4  4883.897     52  9871.794     9894.477     10063.693
487  VT+G4         4897.920     32  9859.841     9867.871     9977.932
488  VT+I+G4       4897.771     33  9861.542     9870.107     9983.324
509  VT+F+G4       4882.959     51  9867.919     9889.656     10056.127
510  VT+F+I+G4     4882.689     52  9869.378     9892.061     10061.277
531  PMB+G4        4921.274     32  9906.547     9914.577     10024.639
532  PMB+I+G4      4920.838     33  9907.677     9916.242     10029.459
553  PMB+F+G4      4898.684     51  9899.367     9921.105     10087.576
554  PMB+F+I+G4    4898.051     52  9900.102     9922.785     10092.001
575  Blosum62+G4   4923.879     32  9911.757     9919.788     10029.849
576  Blosum62+I+G4 4923.620     33  9913.240     9921.805     10035.022
597  Blosum62+F+G4 4898.364     51  9898.728     9920.466     10086.937
598  Blosum62+F+I+G4 4898.008     52  9900.016     9922.699     10091.914
619  Dayhoff+G4    4937.229     32  9938.458     9946.489     10056.550
620  Dayhoff+I+G4  4937.652     33  9941.304     9949.869     10063.086
641  Dayhoff+F+G4  4883.744     51  9869.488     9891.226     10057.697
642  Dayhoff+F+I+G4 4883.720     52  9871.440     9894.123     10063.338
663  mtREV+G4      5178.633     32  10421.265    10429.296    10539.357
664  mtREV+I+G4    5179.146     33  10424.291    10432.856    10546.073
685  mtREV+F+G4    4945.172     51  9992.344     10014.082    10180.553
686  mtREV+F+I+G4  4945.549     52  9995.098     10017.781    10186.996
707  mtART+G4      5164.562     32  10393.123    10401.154    10511.215
708  mtART+I+G4    5165.022     33  10396.044    10404.609    10517.826
729  mtART+F+G4    4935.982     51  9973.965     9995.702     10162.173
730  mtART+F+I+G4  4936.376     52  9976.752     9999.435     10168.650
751  mtZOA+G4      5092.537     32  10249.074    10257.104    10367.165
752  mtZOA+I+G4    5093.011     33  10252.023    10260.588    10373.805
773  mtZOA+F+G4    4902.734     51  9907.469     9929.206     10095.677
774  mtZOA+F+I+G4  4903.161     52  9910.322     9933.005     10102.221
795  mtMet+G4      5156.967     32  10377.934    10385.965    10496.026
796  mtMet+I+G4    5157.628     33  10381.256    10389.821    10503.038
817  mtMet+F+G4    4921.736     51  9945.472     9967.209     10133.680
818  mtMet+F+I+G4  4922.481     52  9948.962     9971.645     10140.860
839  mtVer+G4      5215.317     32  10494.635    10502.665    10612.726
840  mtVer+I+G4    5215.886     33  10497.773    10506.337    10619.554
861  mtVer+F+G4    4971.576     51  10045.152    10066.890    10233.360
862  mtVer+F+I+G4  4972.229     52  10048.458    10071.141    10240.357
883  mtInv+G4      5177.632     32  10419.265    10427.295    10537.356
884  mtInv+I+G4    5178.332     33  10422.665    10431.230    10544.447
905  mtInv+F+G4    4894.310     51  9890.619     9912.357     10078.828
906  mtInv+F+I+G4  4895.372     52  9894.745     9917.428     10086.644
927  mtMAM+G4      5257.266     32  10578.532    10586.562    10696.623
928  mtMAM+I+G4    5257.941     33  10581.882    10590.447    10703.664
949  mtMAM+F+G4    5016.678     51  10135.356    10157.094    10323.564
950  mtMAM+F+I+G4  5017.199     52  10138.398    10161.081    10330.297
WARNING: Normalizing state frequencies so that sum of them equals to 1
971  FLAVI+G4      5062.802     32  10189.604    10197.635    10307.696
WARNING: Normalizing state frequencies so that sum of them equals to 1
972  FLAVI+I+G4    5062.666     33  10191.331    10199.896    10313.113
WARNING: Normalizing state frequencies so that sum of them equals to 1
993  FLAVI+F+G4    5008.029     51  10118.058    10139.796    10306.266
WARNING: Normalizing state frequencies so that sum of them equals to 1
994  FLAVI+F+I+G4  5005.759     52  10115.517    10138.200    10307.416
1015  HIVb+G4       5019.912     32  10103.824    10111.855    10221.916
1016  HIVb+I+G4     5019.353     33  10104.705    10113.270    10226.487
1037  HIVb+F+G4     4959.262     51  10020.523    10042.261    10208.731
1038  HIVb+F+I+G4   4956.439     52  10016.877    10039.560    10208.776
1059  HIVw+G4       5132.238     32  10328.477    10336.507    10446.568
1060  HIVw+I+G4     5131.306     33  10328.612    10337.177    10450.394
1081  HIVw+F+G4     5026.834     51  10155.667    10177.405    10343.876
1082  HIVw+F+I+G4   5025.841     52  10155.681    10178.364    10347.580
1103  FLU+G4        4977.095     32  10018.191    10026.221    10136.282
1104  FLU+I+G4      4977.310     33  10020.620    10029.184    10142.401
1125  FLU+F+G4      4939.001     51  9980.002     10001.740    10168.211
1126  FLU+F+I+G4    4938.950     52  9981.901     10004.584    10173.799
1147  rtREV+G4      4935.199     32  9934.398     9942.428     10052.489
1148  rtREV+I+G4    4935.724     33  9937.447     9946.012     10059.229
1169  rtREV+F+G4    4879.357     51  9860.714     9882.452     10048.923
1170  rtREV+F+I+G4  4879.553     52  9863.106     9885.789     10055.004
1191  cpREV+G4      4929.982     32  9923.963     9931.994     10042.055
1192  cpREV+I+G4    4930.813     33  9927.627     9936.192     10049.409
1213  cpREV+F+G4    4909.792     51  9921.584     9943.321     10109.792
1214  cpREV+F+I+G4  4910.369     52  9924.738     9947.422     10116.637
Akaike Information Criterion:           Q.yeast+F+G4
Corrected Akaike Information Criterion: Q.insect+G4
Bayesian Information Criterion:         Q.insect+G4
Best-fit model: Q.insect+G4 chosen according to BIC
NOTE: 12.914 seconds to dump checkpoint file, increase to 259.000

All model information printed to FungalCW_tree_20231129/419048at4751.aa.mfa.model.gz
CPU time for ModelFinder: 24.440 seconds (0h:0m:24s)
Wall-clock time for ModelFinder: 25.167 seconds (0h:0m:25s)
Generating 1000 samples for ultrafast bootstrap (seed: 646049)...

NOTE: 4 MB RAM (0 GB) is required!
Estimate model parameters (epsilon = 0.100)
1. Initial log-likelihood: -4884.154
Optimal log-likelihood: -4884.146
Gamma shape alpha: 0.511
Parameters optimization took 1 rounds (0.020 sec)
Wrote distance file to... 
Computing ML distances based on estimated model parameters...
Calculating distance matrix: done in 0.025243 secs using 194.5% CPU
Computing ML distances took 0.025383 sec (of wall-clock time) 0.049269 sec (of CPU time)
WARNING: Some pairwise ML distances are too long (saturated)
Setting up auxiliary I and S matrices: done in 4.60148e-05 secs using 199.9% CPU
Constructing RapidNJ tree: done in 0.000183105 secs using 199.3% CPU
Computing RapidNJ tree took 0.000323 sec (of wall-clock time) 0.000555 sec (of CPU time)
Log-likelihood of RapidNJ tree: -4933.405
--------------------------------------------------------------------
|             INITIALIZING CANDIDATE TREE SET                      |
--------------------------------------------------------------------
Generating 98 parsimony trees... 0.140 second
Computing log-likelihood of 98 initial trees ... 0.665 seconds
Current best score: -4884.146

Do NNI search on 20 best initial trees
Optimizing NNI: done in 0.056782 secs using 195.4% CPU
Estimate model parameters (epsilon = 0.100)
BETTER TREE FOUND at iteration 1: -4881.370
Optimizing NNI: done in 0.128289 secs using 198.8% CPU
Optimizing NNI: done in 0.145803 secs using 197.3% CPU
Optimizing NNI: done in 0.102531 secs using 197.7% CPU
Estimate model parameters (epsilon = 0.100)
BETTER TREE FOUND at iteration 4: -4880.884
Optimizing NNI: done in 0.110214 secs using 195.5% CPU
Optimizing NNI: done in 0.0856969 secs using 197.3% CPU
Optimizing NNI: done in 0.0714021 secs using 197.2% CPU
Optimizing NNI: done in 0.129864 secs using 197.8% CPU
Optimizing NNI: done in 0.108017 secs using 198.6% CPU
Estimate model parameters (epsilon = 0.100)
BETTER TREE FOUND at iteration 9: -4880.606
Optimizing NNI: done in 0.11373 secs using 198.6% CPU
Iteration 10 / LogL: -4885.115 / Time: 0h:0m:3s
Optimizing NNI: done in 0.130831 secs using 198.8% CPU
Optimizing NNI: done in 0.0831699 secs using 198.4% CPU
Optimizing NNI: done in 0.113443 secs using 197.9% CPU
Optimizing NNI: done in 0.082613 secs using 198.3% CPU
Optimizing NNI: done in 0.110913 secs using 197.7% CPU
Optimizing NNI: done in 0.125856 secs using 196.6% CPU
Optimizing NNI: done in 0.061542 secs using 198.9% CPU
Optimizing NNI: done in 0.149453 secs using 198.1% CPU
Estimate model parameters (epsilon = 0.100)
UPDATE BEST LOG-LIKELIHOOD: -4880.314
Optimizing NNI: done in 0.112842 secs using 199% CPU
Optimizing NNI: done in 0.130397 secs using 198.2% CPU
Iteration 20 / LogL: -4880.708 / Time: 0h:0m:4s
Finish initializing candidate tree set (13)
Current best tree score: -4880.314 / CPU time: 3.099
Number of iterations: 20
--------------------------------------------------------------------
|               OPTIMIZING CANDIDATE TREE SET                      |
--------------------------------------------------------------------
Optimizing NNI: done in 0.148204 secs using 197.9% CPU
Optimizing NNI: done in 0.250432 secs using 198.4% CPU
Optimizing NNI: done in 0.12413 secs using 197.3% CPU
Optimizing NNI: done in 0.0857589 secs using 199.2% CPU
Optimizing NNI: done in 0.121559 secs using 198.3% CPU
Optimizing NNI: done in 0.116109 secs using 198.2% CPU
Optimizing NNI: done in 0.079411 secs using 198.2% CPU
Estimate model parameters (epsilon = 0.100)
UPDATE BEST LOG-LIKELIHOOD: -4880.178
Optimizing NNI: done in 0.082118 secs using 198.4% CPU
Optimizing NNI: done in 0.111634 secs using 198.1% CPU
Optimizing NNI: done in 0.115614 secs using 198.3% CPU
Iteration 30 / LogL: -4880.350 / Time: 0h:0m:5s (0h:0m:15s left)
Optimizing NNI: done in 0.152152 secs using 198.2% CPU
Optimizing NNI: done in 0.158864 secs using 198.3% CPU
Optimizing NNI: done in 0.109549 secs using 197.6% CPU
Optimizing NNI: done in 0.091192 secs using 197.9% CPU
Optimizing NNI: done in 0.0946219 secs using 198% CPU
Optimizing NNI: done in 0.121442 secs using 198.3% CPU
Optimizing NNI: done in 0.108402 secs using 198.3% CPU
Optimizing NNI: done in 0.14668 secs using 198.4% CPU
Optimizing NNI: done in 0.145691 secs using 198.6% CPU
Optimizing NNI: done in 0.131023 secs using 196.6% CPU
Iteration 40 / LogL: -4880.423 / Time: 0h:0m:6s (0h:0m:12s left)
Optimizing NNI: done in 0.106314 secs using 197.7% CPU
Optimizing NNI: done in 0.092133 secs using 197.9% CPU
Optimizing NNI: done in 0.107907 secs using 198.2% CPU
Optimizing NNI: done in 0.123824 secs using 197.2% CPU
Optimizing NNI: done in 0.110799 secs using 196.5% CPU
Optimizing NNI: done in 0.093303 secs using 198.2% CPU
Optimizing NNI: done in 0.168253 secs using 197.6% CPU
Optimizing NNI: done in 0.08371 secs using 197.6% CPU
Optimizing NNI: done in 0.139762 secs using 197.8% CPU
Optimizing NNI: done in 0.134752 secs using 197.7% CPU
Iteration 50 / LogL: -4886.584 / Time: 0h:0m:8s (0h:0m:9s left)
Log-likelihood cutoff on original alignment: -4902.586
Optimizing NNI: done in 0.136009 secs using 197.7% CPU
Optimizing NNI: done in 0.110943 secs using 197.8% CPU
Optimizing NNI: done in 0.117055 secs using 197.8% CPU
Optimizing NNI: done in 0.163777 secs using 197.5% CPU
Optimizing NNI: done in 0.0967691 secs using 198% CPU
Optimizing NNI: done in 0.147783 secs using 198.6% CPU
Optimizing NNI: done in 0.127366 secs using 197.8% CPU
Optimizing NNI: done in 0.170982 secs using 197.7% CPU
Optimizing NNI: done in 0.122998 secs using 196.7% CPU
Optimizing NNI: done in 0.083338 secs using 198.3% CPU
Iteration 60 / LogL: -4883.309 / Time: 0h:0m:9s (0h:0m:7s left)
Optimizing NNI: done in 0.141075 secs using 198.5% CPU
Optimizing NNI: done in 0.121427 secs using 198.9% CPU
Optimizing NNI: done in 0.128818 secs using 198.1% CPU
Optimizing NNI: done in 0.0989249 secs using 197.1% CPU
Optimizing NNI: done in 0.108195 secs using 197.9% CPU
Optimizing NNI: done in 0.0998209 secs using 198.2% CPU
Optimizing NNI: done in 0.138069 secs using 197.3% CPU
Optimizing NNI: done in 0.077841 secs using 198% CPU
Optimizing NNI: done in 0.106218 secs using 197.6% CPU
Optimizing NNI: done in 0.160153 secs using 197.8% CPU
Iteration 70 / LogL: -4880.359 / Time: 0h:0m:10s (0h:0m:6s left)
Optimizing NNI: done in 0.123557 secs using 197.4% CPU
Optimizing NNI: done in 0.133245 secs using 198.2% CPU
Optimizing NNI: done in 0.0968981 secs using 197.9% CPU
Optimizing NNI: done in 0.150257 secs using 198.2% CPU
Optimizing NNI: done in 0.108575 secs using 197.4% CPU
Optimizing NNI: done in 0.0961051 secs using 198.7% CPU
Optimizing NNI: done in 0.113199 secs using 196.2% CPU
Optimizing NNI: done in 0.070334 secs using 196.9% CPU
Optimizing NNI: done in 0.0831928 secs using 198.2% CPU
Optimizing NNI: done in 0.110421 secs using 198.3% CPU
Iteration 80 / LogL: -4880.334 / Time: 0h:0m:11s (0h:0m:4s left)
Optimizing NNI: done in 0.140303 secs using 198.4% CPU
Optimizing NNI: done in 0.081089 secs using 198.3% CPU
Optimizing NNI: done in 0.0615799 secs using 198% CPU
Optimizing NNI: done in 0.123161 secs using 198.1% CPU
Optimizing NNI: done in 0.143897 secs using 197.8% CPU
Optimizing NNI: done in 0.117245 secs using 197.8% CPU
Optimizing NNI: done in 0.135278 secs using 197.4% CPU
Optimizing NNI: done in 0.143975 secs using 197.1% CPU
Optimizing NNI: done in 0.106007 secs using 197.7% CPU
Optimizing NNI: done in 0.0632379 secs using 197.7% CPU
Iteration 90 / LogL: -4881.087 / Time: 0h:0m:13s (0h:0m:2s left)
Optimizing NNI: done in 0.159872 secs using 197.7% CPU
Optimizing NNI: done in 0.10494 secs using 197.2% CPU
Optimizing NNI: done in 0.129881 secs using 197.6% CPU
Optimizing NNI: done in 0.113791 secs using 197.8% CPU
Optimizing NNI: done in 0.109814 secs using 196.3% CPU
Optimizing NNI: done in 0.180543 secs using 197.7% CPU
Optimizing NNI: done in 0.181712 secs using 197.7% CPU
Optimizing NNI: done in 0.110624 secs using 197.1% CPU
Optimizing NNI: done in 0.15469 secs using 197.9% CPU
Optimizing NNI: done in 0.168992 secs using 197.9% CPU
Iteration 100 / LogL: -4881.188 / Time: 0h:0m:14s (0h:0m:1s left)
Log-likelihood cutoff on original alignment: -4902.586
NOTE: Bootstrap correlation coefficient of split occurrence frequencies: 1.000
Optimizing NNI: done in 0.121979 secs using 198.5% CPU
Optimizing NNI: done in 0.102616 secs using 197.8% CPU
Optimizing NNI: done in 0.152083 secs using 197.5% CPU
Optimizing NNI: done in 0.100927 secs using 196.9% CPU
Optimizing NNI: done in 0.173743 secs using 198.5% CPU
Optimizing NNI: done in 0.0879309 secs using 198.6% CPU
Optimizing NNI: done in 0.163548 secs using 198.2% CPU
Optimizing NNI: done in 0.0878179 secs using 197.5% CPU
Optimizing NNI: done in 0.125955 secs using 197.8% CPU
Optimizing NNI: done in 0.0890272 secs using 196.7% CPU
Iteration 110 / LogL: -4880.344 / Time: 0h:0m:15s (0h:0m:13s left)
TREE SEARCH COMPLETED AFTER 110 ITERATIONS / Time: 0h:0m:15s

--------------------------------------------------------------------
|                    FINALIZING TREE SEARCH                        |
--------------------------------------------------------------------
Performs final model parameters optimization
Estimate model parameters (epsilon = 0.010)
1. Initial log-likelihood: -4880.178
Optimal log-likelihood: -4880.174
Gamma shape alpha: 0.506
Parameters optimization took 1 rounds (0.019 sec)
BEST SCORE FOUND : -4880.174

Testing tree branches by SH-like aLRT with 1000 replicates...
0.078 sec.
Creating bootstrap support values...
Split supports printed to NEXUS file FungalCW_tree_20231129/419048at4751.aa.mfa.splits.nex
Total tree length: 18.516

Total number of iterations: 110
CPU time used for tree search: 28.929 sec (0h:0m:28s)
Wall-clock time used for tree search: 14.654 sec (0h:0m:14s)
Total CPU time used: 29.904 sec (0h:0m:29s)
Total wall-clock time used: 16.061 sec (0h:0m:16s)

Computing bootstrap consensus tree...
Reading input file FungalCW_tree_20231129/419048at4751.aa.mfa.splits.nex...
17 taxa and 123 splits.
Consensus tree written to FungalCW_tree_20231129/419048at4751.aa.mfa.contree
Reading input trees file FungalCW_tree_20231129/419048at4751.aa.mfa.contree
Log-likelihood of consensus tree: -4880.174

Analysis results written to: 
  IQ-TREE report:                FungalCW_tree_20231129/419048at4751.aa.mfa.iqtree
  Maximum-likelihood tree:       FungalCW_tree_20231129/419048at4751.aa.mfa.treefile
  Likelihood distances:          FungalCW_tree_20231129/419048at4751.aa.mfa.mldist

Ultrafast bootstrap approximation results written to:
  Split support values:          FungalCW_tree_20231129/419048at4751.aa.mfa.splits.nex
  Consensus tree:                FungalCW_tree_20231129/419048at4751.aa.mfa.contree
  Screen log file:               FungalCW_tree_20231129/419048at4751.aa.mfa.log

Date and Time: Wed Nov 29 01:36:27 2023
