IQ-TREE multicore version 2.2.2.6 COVID-edition for Linux 64-bit built May 27 2023
Developed by Bui Quang Minh, James Barbetti, Nguyen Lam Tung,
Olga Chernomor, Heiko Schmidt, Dominik Schrempf, Michael Woodhams, Ly Trong Nhan.

Host:    r12 (AVX2, FMA3, 503 GB RAM)
Command: iqtree2 -s FungalCW_tree_20231129/420527at4751.aa.mfa -gz -B 1000 -alrt 1000 -nt 2
Seed:    628799 (Using SPRNG - Scalable Parallel Random Number Generator)
Time:    Wed Nov 29 01:35:45 2023
Kernel:  AVX+FMA - 2 threads (2 CPU cores detected)

Reading alignment file FungalCW_tree_20231129/420527at4751.aa.mfa ... Fasta format detected
Reading fasta file: done in 0.000275135 secs using 33.07% CPU
Alignment most likely contains protein sequences
Constructing alignment: done in 0.000649929 secs using 26.31% CPU
Alignment has 17 sequences with 619 columns, 601 distinct patterns
347 parsimony-informative, 203 singleton sites, 69 constant sites
                                                               Gap/Ambiguity  Composition  p-value
Analyzing sequences: done in 4.31538e-05 secs
   1  Basidiobolus_meristosporus_CBS_931.73.Basme2finSC.v1            39.90%    passed     75.57%
   2  Botrytis_cinerea_T4                                             36.03%    passed     91.28%
   3  Colletotrichum_graminicola_M1.001                               31.02%    passed     88.74%
   4  Colletotrichum_higginsianum_IMI_349063                          31.18%    passed     87.03%
   5  Fusarium_graminearum_PH-1                                       34.09%    passed     91.26%
   6  Fusarium_verticillioides_7600                                   33.93%    passed     49.40%
   7  Gilbertella_persicaria_var_persicaria_CBS_190.32-T.Gilper1.v1   32.96%    passed     17.91%
   8  Mortierella_elongata_AG-77                                      32.31%    passed     84.93%
   9  Mucor_mucedo_NRRL_3635                                          50.73%    passed     26.67%
  10  Neoconidiobolus_thromboides_FSU_785.Conth1.v1                   74.31%    passed     33.51%
  11  Phycomyces_blakesleeanus_NRRL_1555.Phybl2.v2                    45.40%    passed     99.97%
  12  Rhizopus_stolonifer_NRRL_66455                                  58.80%    failed      0.10%
  13  Trichoderma_harzianum_CBS_226.95                                33.60%    passed     76.39%
  14  Umbelopsis_ramanniana_NRRL_5844.Umbra1.v1                       40.71%    passed     95.44%
  15  Ustilago_maydis                                                 32.63%    passed     25.78%
  16  Zoophthora_radicans_ATCC_208865                                 39.90%    passed     35.92%
  17  Zymoseptoria_tritici_IP0323                                     35.86%    passed     68.50%
WARNING: 3 sequences contain more than 50% gaps/ambiguity
****  TOTAL                                                           40.20%  1 sequences failed composition chi2 test (p-value<5%; df=19)
Checking for duplicate sequences: done in 5.31673e-05 secs


Create initial parsimony tree by phylogenetic likelihood library (PLL)... 0.002 seconds
Perform fast likelihood tree search using LG+I+G model...
Estimate model parameters (epsilon = 5.000)
Perform nearest neighbor interchange...
Optimizing NNI: done in 0.102748 secs using 197.8% CPU
Estimate model parameters (epsilon = 1.000)
1. Initial log-likelihood: -13864.254
Optimal log-likelihood: -13862.934
Proportion of invariable sites: 0.023
Gamma shape alpha: 0.687
Parameters optimization took 1 rounds (0.084 sec)
Time for fast ML tree search: 0.441 seconds

NOTE: ModelFinder requires 18 MB RAM!
ModelFinder will test up to 1232 protein models (sample size: 619) ...
 No. Model         -LnL         df  AIC          AICc         BIC
  1  LG            14685.517    31  29433.035    29436.414    29570.306
  2  LG+I          14569.982    32  29203.964    29207.568    29345.663
  3  LG+G4         13865.454    32  27794.908    27798.513    27936.608
  4  LG+I+G4       13862.110    33  27790.221    27794.057    27936.348
  5  LG+R2         13933.511    33  27933.023    27936.858    28079.150
  6  LG+R3         13864.021    35  27798.043    27802.365    27953.026
  7  LG+R4         13857.465    37  27788.931    27793.771    27952.771
  8  LG+R5         13848.558    39  27775.115    27780.504    27947.811
  9  LG+R6         13847.763    41  27777.525    27783.494    27959.078
 14  LG+I+R2       13921.076    34  27910.151    27914.227    28060.707
 15  LG+I+R3       13858.573    36  27789.146    27793.723    27948.558
 16  LG+I+R4       13854.132    38  27784.265    27789.375    27952.533
 25  LG+F+G4       13562.443    51  27226.885    27236.240    27452.719
 26  LG+F+I+G4     13554.257    52  27212.514    27222.253    27442.776
 47  WAG+G4        13807.829    32  27679.658    27683.262    27821.358
 48  WAG+I+G4      13804.719    33  27675.437    27679.273    27821.565
 69  WAG+F+G4      13568.771    51  27239.541    27248.896    27465.374
 70  WAG+F+I+G4    13562.561    52  27229.123    27238.861    27459.384
 91  JTT+G4        13867.931    32  27799.861    27803.465    27941.561
 92  JTT+I+G4      13865.334    33  27796.668    27800.504    27942.795
113  JTT+F+G4      13618.792    51  27339.584    27348.939    27565.418
114  JTT+F+I+G4    13611.568    52  27327.136    27336.875    27557.398
WARNING: Normalizing state frequencies so that sum of them equals to 1
135  Q.pfam+G4     13800.063    32  27664.125    27667.729    27805.825
WARNING: Normalizing state frequencies so that sum of them equals to 1
136  Q.pfam+I+G4   13796.736    33  27659.473    27663.309    27805.600
WARNING: Normalizing state frequencies so that sum of them equals to 1
157  Q.pfam+F+G4   13558.395    51  27218.791    27228.145    27444.624
WARNING: Normalizing state frequencies so that sum of them equals to 1
158  Q.pfam+F+I+G4 13550.170    52  27204.339    27214.078    27434.601
WARNING: Normalizing state frequencies so that sum of them equals to 1
179  Q.bird+G4     13983.703    32  28031.405    28035.010    28173.105
WARNING: Normalizing state frequencies so that sum of them equals to 1
180  Q.bird+I+G4   13978.277    33  28022.553    28026.389    28168.681
WARNING: Normalizing state frequencies so that sum of them equals to 1
201  Q.bird+F+G4   13714.654    51  27531.309    27540.663    27757.142
WARNING: Normalizing state frequencies so that sum of them equals to 1
202  Q.bird+F+I+G4 13707.650    52  27519.301    27529.039    27749.562
WARNING: Normalizing state frequencies so that sum of them equals to 1
223  Q.mammal+G4   13921.570    32  27907.141    27910.745    28048.840
WARNING: Normalizing state frequencies so that sum of them equals to 1
224  Q.mammal+I+G4 13915.760    33  27897.520    27901.356    28043.648
WARNING: Normalizing state frequencies so that sum of them equals to 1
245  Q.mammal+F+G4 13674.729    51  27451.458    27460.813    27677.292
WARNING: Normalizing state frequencies so that sum of them equals to 1
246  Q.mammal+F+I+G4 13667.362    52  27438.724    27448.463    27668.986
267  Q.insect+G4   14007.377    32  28078.753    28082.357    28220.453
268  Q.insect+I+G4 14004.459    33  28074.919    28078.754    28221.046
289  Q.insect+F+G4 13585.639    51  27273.278    27282.632    27499.111
290  Q.insect+F+I+G4 13576.233    52  27256.467    27266.205    27486.728
WARNING: Normalizing state frequencies so that sum of them equals to 1
311  Q.plant+G4    13933.563    32  27931.126    27934.730    28072.825
WARNING: Normalizing state frequencies so that sum of them equals to 1
312  Q.plant+I+G4  13929.464    33  27924.928    27928.764    28071.056
WARNING: Normalizing state frequencies so that sum of them equals to 1
333  Q.plant+F+G4  13628.508    51  27359.016    27368.370    27584.849
WARNING: Normalizing state frequencies so that sum of them equals to 1
334  Q.plant+F+I+G4 13620.439    52  27344.878    27354.617    27575.140
WARNING: Normalizing state frequencies so that sum of them equals to 1
355  Q.yeast+G4    13956.706    32  27977.411    27981.015    28119.110
WARNING: Normalizing state frequencies so that sum of them equals to 1
356  Q.yeast+I+G4  13952.926    33  27971.852    27975.688    28117.980
WARNING: Normalizing state frequencies so that sum of them equals to 1
377  Q.yeast+F+G4  13577.510    51  27257.021    27266.375    27482.854
WARNING: Normalizing state frequencies so that sum of them equals to 1
378  Q.yeast+F+I+G4 13567.407    52  27238.814    27248.553    27469.076
399  JTTDCMut+G4   13868.948    32  27801.895    27805.499    27943.594
400  JTTDCMut+I+G4 13866.413    33  27798.825    27802.661    27944.953
421  JTTDCMut+F+G4 13617.773    51  27337.547    27346.901    27563.380
422  JTTDCMut+F+I+G4 13610.758    52  27325.515    27335.254    27555.777
443  DCMut+G4      13896.085    32  27856.170    27859.774    27997.869
444  DCMut+I+G4    13895.151    33  27856.302    27860.138    28002.429
465  DCMut+F+G4    13622.000    51  27346.001    27355.355    27571.834
466  DCMut+F+I+G4  13613.803    52  27331.607    27341.345    27561.868
487  VT+G4         13821.856    32  27707.711    27711.315    27849.411
488  VT+I+G4       13819.483    33  27704.966    27708.802    27851.094
509  VT+F+G4       13576.832    51  27255.663    27265.018    27481.497
510  VT+F+I+G4     13572.132    52  27248.265    27258.003    27478.526
531  PMB+G4        13957.827    32  27979.654    27983.258    28121.353
532  PMB+I+G4      13955.253    33  27976.506    27980.342    28122.634
553  PMB+F+G4      13584.355    51  27270.709    27280.064    27496.543
554  PMB+F+I+G4    13579.707    52  27263.413    27273.152    27493.675
575  Blosum62+G4   13996.971    32  28057.942    28061.546    28199.641
576  Blosum62+I+G4 13995.530    33  28057.059    28060.895    28203.187
597  Blosum62+F+G4 13581.292    51  27264.584    27273.939    27490.418
598  Blosum62+F+I+G4 13577.906    52  27259.811    27269.550    27490.073
619  Dayhoff+G4    13896.295    32  27856.591    27860.195    27998.290
620  Dayhoff+I+G4  13895.353    33  27856.706    27860.542    28002.834
641  Dayhoff+F+G4  13622.166    51  27346.332    27355.686    27572.165
642  Dayhoff+F+I+G4 13614.003    52  27332.005    27341.744    27562.267
663  mtREV+G4      14696.052    32  29456.104    29459.708    29597.803
664  mtREV+I+G4    14694.619    33  29455.237    29459.073    29601.365
685  mtREV+F+G4    13654.548    51  27411.096    27420.451    27636.930
686  mtREV+F+I+G4  13647.075    52  27398.151    27407.889    27628.412
707  mtART+G4      14840.512    32  29745.024    29748.628    29886.723
708  mtART+I+G4    14840.238    33  29746.477    29750.313    29892.604
729  mtART+F+G4    13671.935    51  27445.870    27455.225    27671.703
730  mtART+F+I+G4  13669.071    52  27442.142    27451.881    27672.404
751  mtZOA+G4      14603.074    32  29270.148    29273.752    29411.847
752  mtZOA+I+G4    14602.422    33  29270.844    29274.680    29416.972
773  mtZOA+F+G4    13646.304    51  27394.607    27403.962    27620.441
774  mtZOA+F+I+G4  13642.392    52  27388.784    27398.523    27619.046
795  mtMet+G4      14938.077    32  29940.154    29943.759    30081.854
796  mtMet+I+G4    14936.388    33  29938.775    29942.611    30084.903
817  mtMet+F+G4    13671.897    51  27445.793    27455.148    27671.627
818  mtMet+F+I+G4  13668.998    52  27441.996    27451.735    27672.258
839  mtVer+G4      14838.136    32  29740.271    29743.875    29881.970
840  mtVer+I+G4    14836.992    33  29739.984    29743.820    29886.111
861  mtVer+F+G4    13728.728    51  27559.456    27568.810    27785.289
862  mtVer+F+I+G4  13724.178    52  27552.355    27562.094    27782.617
883  mtInv+G4      15133.039    32  30330.078    30333.682    30471.777
884  mtInv+I+G4    15130.375    33  30326.750    30330.586    30472.877
905  mtInv+F+G4    13631.556    51  27365.113    27374.467    27590.946
906  mtInv+F+I+G4  13626.804    52  27357.608    27367.346    27587.869
927  mtMAM+G4      14884.354    32  29832.708    29836.312    29974.407
928  mtMAM+I+G4    14883.805    33  29833.609    29837.445    29979.737
949  mtMAM+F+G4    13747.980    51  27597.960    27607.314    27823.793
950  mtMAM+F+I+G4  13742.664    52  27589.328    27599.066    27819.589
WARNING: Normalizing state frequencies so that sum of them equals to 1
971  FLAVI+G4      14327.558    32  28719.115    28722.719    28860.815
WARNING: Normalizing state frequencies so that sum of them equals to 1
972  FLAVI+I+G4    14324.904    33  28715.808    28719.644    28861.936
WARNING: Normalizing state frequencies so that sum of them equals to 1
993  FLAVI+F+G4    13798.888    51  27699.775    27709.130    27925.609
WARNING: Normalizing state frequencies so that sum of them equals to 1
994  FLAVI+F+I+G4  13791.952    52  27687.904    27697.643    27918.166
1015  HIVb+G4       14198.453    32  28460.905    28464.509    28602.604
1016  HIVb+I+G4     14194.276    33  28454.552    28458.388    28600.680
1037  HIVb+F+G4     13727.874    51  27557.748    27567.103    27783.582
1038  HIVb+F+I+G4   13720.766    52  27545.532    27555.271    27775.794
1059  HIVw+G4       14567.911    32  29199.823    29203.427    29341.522
1060  HIVw+I+G4     14565.745    33  29197.490    29201.326    29343.618
1081  HIVw+F+G4     13838.777    51  27779.554    27788.908    28005.387
1082  HIVw+F+I+G4   13832.653    52  27769.305    27779.044    27999.567
1103  FLU+G4        14065.024    32  28194.048    28197.652    28335.747
1104  FLU+I+G4      14062.078    33  28190.156    28193.992    28336.283
1125  FLU+F+G4      13649.632    51  27401.264    27410.619    27627.098
1126  FLU+F+I+G4    13645.948    52  27395.897    27405.635    27626.158
1147  rtREV+G4      13970.500    32  28004.999    28008.603    28146.698
1148  rtREV+I+G4    13968.082    33  28002.164    28006.000    28148.291
1169  rtREV+F+G4    13564.832    51  27231.664    27241.018    27457.497
1170  rtREV+F+I+G4  13557.085    52  27218.170    27227.909    27448.432
1191  cpREV+G4      13994.261    32  28052.521    28056.125    28194.220
1192  cpREV+I+G4    13992.098    33  28050.196    28054.032    28196.324
1213  cpREV+F+G4    13610.935    51  27323.870    27333.224    27549.703
1214  cpREV+F+I+G4  13605.314    52  27314.629    27324.367    27544.890
Akaike Information Criterion:           Q.pfam+F+I+G4
Corrected Akaike Information Criterion: Q.pfam+F+I+G4
Bayesian Information Criterion:         Q.pfam+F+I+G4
Best-fit model: Q.pfam+F+I+G4 chosen according to BIC

All model information printed to FungalCW_tree_20231129/420527at4751.aa.mfa.model.gz
CPU time for ModelFinder: 95.110 seconds (0h:1m:35s)
Wall-clock time for ModelFinder: 53.575 seconds (0h:0m:53s)
Generating 1000 samples for ultrafast bootstrap (seed: 628799)...
WARNING: Normalizing state frequencies so that sum of them equals to 1

NOTE: 8 MB RAM (0 GB) is required!
Estimate model parameters (epsilon = 0.100)
Thoroughly optimizing +I+G parameters from 10 start values...
Init pinv, alpha: 0.000, 0.540 / Estimate: 0.000, 0.525 / LogL: -13558.396
Init pinv, alpha: 0.012, 0.540 / Estimate: 0.029, 0.540 / LogL: -13550.190
Init pinv, alpha: 0.025, 0.540 / Estimate: 0.029, 0.540 / LogL: -13550.193
Init pinv, alpha: 0.037, 0.540 / Estimate: 0.033, 0.540 / LogL: -13550.180
Init pinv, alpha: 0.050, 0.540 / Estimate: 0.034, 0.540 / LogL: -13550.195
Init pinv, alpha: 0.062, 0.540 / Estimate: 0.033, 0.540 / LogL: -13550.185
Init pinv, alpha: 0.074, 0.540 / Estimate: 0.034, 0.540 / LogL: -13550.195
Init pinv, alpha: 0.087, 0.540 / Estimate: 0.034, 0.540 / LogL: -13550.203
Init pinv, alpha: 0.099, 0.540 / Estimate: 0.033, 0.540 / LogL: -13550.180
Init pinv, alpha: 0.111, 0.540 / Estimate: 0.033, 0.540 / LogL: -13550.183
Optimal pinv,alpha: 0.033, 0.540 / LogL: -13550.180

Parameters optimization took 1.435 sec
Wrote distance file to... 
Computing ML distances based on estimated model parameters...
Calculating distance matrix: done in 0.050921 secs using 198.6% CPU
Computing ML distances took 0.051053 sec (of wall-clock time) 0.101250 sec (of CPU time)
WARNING: Some pairwise ML distances are too long (saturated)
Setting up auxiliary I and S matrices: done in 3.19481e-05 secs using 472.6% CPU
Constructing RapidNJ tree: done in 8.29697e-05 secs using 100% CPU
Computing RapidNJ tree took 0.000191 sec (of wall-clock time) 0.000310 sec (of CPU time)
Log-likelihood of RapidNJ tree: -13630.618
--------------------------------------------------------------------
|             INITIALIZING CANDIDATE TREE SET                      |
--------------------------------------------------------------------
Generating 98 parsimony trees... 0.224 second
Computing log-likelihood of 98 initial trees ... 1.310 seconds
Current best score: -13550.180

Do NNI search on 20 best initial trees
Optimizing NNI: done in 0.0586491 secs using 198% CPU
Estimate model parameters (epsilon = 0.100)
BETTER TREE FOUND at iteration 1: -13550.171
Optimizing NNI: done in 0.34085 secs using 197.2% CPU
Optimizing NNI: done in 0.158714 secs using 198.1% CPU
Optimizing NNI: done in 0.160307 secs using 198.2% CPU
Optimizing NNI: done in 0.196112 secs using 198.3% CPU
Optimizing NNI: done in 0.173629 secs using 198.4% CPU
Optimizing NNI: done in 0.194704 secs using 197.9% CPU
Optimizing NNI: done in 0.172169 secs using 198.4% CPU
Optimizing NNI: done in 0.174035 secs using 198.4% CPU
Optimizing NNI: done in 0.204492 secs using 198.3% CPU
Iteration 10 / LogL: -13566.239 / Time: 0h:0m:5s
Optimizing NNI: done in 0.195154 secs using 198.3% CPU
Optimizing NNI: done in 0.323195 secs using 198% CPU
Optimizing NNI: done in 0.146424 secs using 198.2% CPU
Optimizing NNI: done in 0.223565 secs using 198.3% CPU
Optimizing NNI: done in 0.234378 secs using 197.3% CPU
Optimizing NNI: done in 0.209496 secs using 198.3% CPU
Optimizing NNI: done in 0.383115 secs using 198.1% CPU
Optimizing NNI: done in 0.266588 secs using 198.5% CPU
Optimizing NNI: done in 0.324031 secs using 198% CPU
Optimizing NNI: done in 0.23402 secs using 198.4% CPU
Iteration 20 / LogL: -13565.069 / Time: 0h:0m:7s
Finish initializing candidate tree set (2)
Current best tree score: -13550.171 / CPU time: 6.020
Number of iterations: 20
--------------------------------------------------------------------
|               OPTIMIZING CANDIDATE TREE SET                      |
--------------------------------------------------------------------
Optimizing NNI: done in 0.183627 secs using 198.9% CPU
Optimizing NNI: done in 0.259499 secs using 198.3% CPU
Optimizing NNI: done in 0.191059 secs using 198.6% CPU
Optimizing NNI: done in 0.218901 secs using 198.7% CPU
Optimizing NNI: done in 0.2886 secs using 198.5% CPU
Optimizing NNI: done in 0.258376 secs using 198.8% CPU
Optimizing NNI: done in 0.352032 secs using 198.8% CPU
Optimizing NNI: done in 0.192845 secs using 198.8% CPU
Optimizing NNI: done in 0.202107 secs using 198.2% CPU
Estimate model parameters (epsilon = 0.100)
BETTER TREE FOUND at iteration 29: -13545.159
Optimizing NNI: done in 0.19669 secs using 198.7% CPU
Iteration 30 / LogL: -13560.343 / Time: 0h:0m:10s (0h:0m:35s left)
Optimizing NNI: done in 0.213297 secs using 198.3% CPU
Optimizing NNI: done in 0.18427 secs using 198.2% CPU
Optimizing NNI: done in 0.249307 secs using 198.4% CPU
Optimizing NNI: done in 0.232277 secs using 198.3% CPU
Optimizing NNI: done in 0.175945 secs using 198.5% CPU
Optimizing NNI: done in 0.263493 secs using 198.6% CPU
Optimizing NNI: done in 0.20767 secs using 198.5% CPU
Optimizing NNI: done in 0.30476 secs using 198.3% CPU
Optimizing NNI: done in 0.26928 secs using 198.6% CPU
Optimizing NNI: done in 0.126125 secs using 198% CPU
Iteration 40 / LogL: -13553.783 / Time: 0h:0m:12s (0h:0m:28s left)
Optimizing NNI: done in 0.246218 secs using 198.6% CPU
Optimizing NNI: done in 0.186115 secs using 198.8% CPU
Optimizing NNI: done in 0.338675 secs using 198.8% CPU
Optimizing NNI: done in 0.273266 secs using 198.7% CPU
Optimizing NNI: done in 0.186028 secs using 198.8% CPU
Optimizing NNI: done in 0.115338 secs using 198.8% CPU
Optimizing NNI: done in 0.174729 secs using 198.8% CPU
Optimizing NNI: done in 0.242509 secs using 198.5% CPU
Optimizing NNI: done in 0.267757 secs using 198.5% CPU
Optimizing NNI: done in 0.215945 secs using 198.9% CPU
Iteration 50 / LogL: -13545.285 / Time: 0h:0m:14s (0h:0m:24s left)
Log-likelihood cutoff on original alignment: -13589.871
Optimizing NNI: done in 0.222228 secs using 198.6% CPU
Optimizing NNI: done in 0.122787 secs using 198.8% CPU
Optimizing NNI: done in 0.175871 secs using 198.6% CPU
Optimizing NNI: done in 0.210973 secs using 198.5% CPU
Optimizing NNI: done in 0.209359 secs using 198.1% CPU
Optimizing NNI: done in 0.215778 secs using 197.9% CPU
Optimizing NNI: done in 0.259761 secs using 198.6% CPU
Optimizing NNI: done in 0.19889 secs using 198.2% CPU
Optimizing NNI: done in 0.240873 secs using 198.1% CPU
Optimizing NNI: done in 0.244243 secs using 198.6% CPU
Iteration 60 / LogL: -13567.646 / Time: 0h:0m:17s (0h:0m:20s left)
Optimizing NNI: done in 0.166158 secs using 198.8% CPU
Optimizing NNI: done in 0.248451 secs using 198.5% CPU
Optimizing NNI: done in 0.160571 secs using 199.2% CPU
Optimizing NNI: done in 0.187914 secs using 198.6% CPU
Optimizing NNI: done in 0.238611 secs using 198.2% CPU
Optimizing NNI: done in 0.115496 secs using 198.5% CPU
Optimizing NNI: done in 0.225602 secs using 198.6% CPU
Optimizing NNI: done in 0.294801 secs using 198.6% CPU
Optimizing NNI: done in 0.222948 secs using 198.4% CPU
Optimizing NNI: done in 0.182581 secs using 198.5% CPU
Iteration 70 / LogL: -13567.653 / Time: 0h:0m:19s (0h:0m:16s left)
Optimizing NNI: done in 0.196419 secs using 199% CPU
Optimizing NNI: done in 0.204955 secs using 198.7% CPU
Optimizing NNI: done in 0.192332 secs using 198.7% CPU
Optimizing NNI: done in 0.172671 secs using 198.8% CPU
Optimizing NNI: done in 0.202639 secs using 198.6% CPU
Optimizing NNI: done in 0.224104 secs using 198.8% CPU
Optimizing NNI: done in 0.270209 secs using 198.6% CPU
Optimizing NNI: done in 0.164247 secs using 198.6% CPU
Optimizing NNI: done in 0.176699 secs using 198.5% CPU
Optimizing NNI: done in 0.151976 secs using 198.8% CPU
Iteration 80 / LogL: -13545.202 / Time: 0h:0m:21s (0h:0m:13s left)
Optimizing NNI: done in 0.201991 secs using 198.7% CPU
Optimizing NNI: done in 0.143085 secs using 198.7% CPU
Optimizing NNI: done in 0.169787 secs using 198.9% CPU
Optimizing NNI: done in 0.181077 secs using 198.6% CPU
Optimizing NNI: done in 0.175033 secs using 198.8% CPU
Optimizing NNI: done in 0.226418 secs using 198% CPU
Optimizing NNI: done in 0.214994 secs using 198% CPU
Optimizing NNI: done in 0.189411 secs using 198.8% CPU
Optimizing NNI: done in 0.224477 secs using 198.7% CPU
Optimizing NNI: done in 0.302272 secs using 198.9% CPU
Iteration 90 / LogL: -13550.308 / Time: 0h:0m:23s (0h:0m:10s left)
Optimizing NNI: done in 0.204543 secs using 198.7% CPU
Optimizing NNI: done in 0.170338 secs using 197.9% CPU
Optimizing NNI: done in 0.236739 secs using 198% CPU
Optimizing NNI: done in 0.186963 secs using 198.5% CPU
Optimizing NNI: done in 0.18643 secs using 198.5% CPU
Optimizing NNI: done in 0.24525 secs using 198.6% CPU
Optimizing NNI: done in 0.245227 secs using 198.5% CPU
Optimizing NNI: done in 0.210541 secs using 199% CPU
Optimizing NNI: done in 0.172794 secs using 198.8% CPU
Optimizing NNI: done in 0.237401 secs using 198.6% CPU
Iteration 100 / LogL: -13551.232 / Time: 0h:0m:25s (0h:0m:7s left)
Log-likelihood cutoff on original alignment: -13585.520
NOTE: Bootstrap correlation coefficient of split occurrence frequencies: 0.996
Optimizing NNI: done in 0.212179 secs using 198.6% CPU
Optimizing NNI: done in 0.22311 secs using 198.6% CPU
Optimizing NNI: done in 0.165914 secs using 198.9% CPU
Optimizing NNI: done in 0.166906 secs using 198.6% CPU
Optimizing NNI: done in 0.231419 secs using 198.2% CPU
Optimizing NNI: done in 0.162116 secs using 198.4% CPU
Optimizing NNI: done in 0.15785 secs using 198.5% CPU
Optimizing NNI: done in 0.174136 secs using 198.2% CPU
Optimizing NNI: done in 0.2237 secs using 198.2% CPU
Optimizing NNI: done in 0.196235 secs using 198.5% CPU
Iteration 110 / LogL: -13551.565 / Time: 0h:0m:27s (0h:0m:22s left)
Optimizing NNI: done in 0.225268 secs using 198.7% CPU
Optimizing NNI: done in 0.166574 secs using 198.8% CPU
Optimizing NNI: done in 0.157016 secs using 198.6% CPU
Optimizing NNI: done in 0.185006 secs using 198.5% CPU
Optimizing NNI: done in 0.232609 secs using 198.6% CPU
Optimizing NNI: done in 0.172763 secs using 198.7% CPU
Optimizing NNI: done in 0.154486 secs using 198.7% CPU
Optimizing NNI: done in 0.236652 secs using 198.6% CPU
Optimizing NNI: done in 0.211407 secs using 199% CPU
Optimizing NNI: done in 0.176973 secs using 198.6% CPU
Iteration 120 / LogL: -13545.933 / Time: 0h:0m:29s (0h:0m:19s left)
Optimizing NNI: done in 0.217728 secs using 198.9% CPU
Optimizing NNI: done in 0.198865 secs using 198.5% CPU
Optimizing NNI: done in 0.151393 secs using 199.2% CPU
Optimizing NNI: done in 0.225519 secs using 198.6% CPU
Optimizing NNI: done in 0.275891 secs using 198.6% CPU
Optimizing NNI: done in 0.213745 secs using 198.5% CPU
Optimizing NNI: done in 0.387068 secs using 198.6% CPU
Optimizing NNI: done in 0.18845 secs using 198.5% CPU
Optimizing NNI: done in 0.105031 secs using 199.1% CPU
Optimizing NNI: done in 0.146448 secs using 198.4% CPU
Iteration 130 / LogL: -13550.397 / Time: 0h:0m:31s (0h:0m:17s left)
TREE SEARCH COMPLETED AFTER 130 ITERATIONS / Time: 0h:0m:31s

--------------------------------------------------------------------
|                    FINALIZING TREE SEARCH                        |
--------------------------------------------------------------------
Performs final model parameters optimization
Estimate model parameters (epsilon = 0.010)
1. Initial log-likelihood: -13545.159
Optimal log-likelihood: -13545.150
Proportion of invariable sites: 0.032
Gamma shape alpha: 0.540
Parameters optimization took 1 rounds (0.043 sec)
BEST SCORE FOUND : -13545.150

Testing tree branches by SH-like aLRT with 1000 replicates...
0.165 sec.
Creating bootstrap support values...
Split supports printed to NEXUS file FungalCW_tree_20231129/420527at4751.aa.mfa.splits.nex
Total tree length: 95.039

Total number of iterations: 130
CPU time used for tree search: 59.244 sec (0h:0m:59s)
Wall-clock time used for tree search: 29.908 sec (0h:0m:29s)
Total CPU time used: 63.243 sec (0h:1m:3s)
Total wall-clock time used: 31.994 sec (0h:0m:31s)

Computing bootstrap consensus tree...
Reading input file FungalCW_tree_20231129/420527at4751.aa.mfa.splits.nex...
17 taxa and 98 splits.
Consensus tree written to FungalCW_tree_20231129/420527at4751.aa.mfa.contree
Reading input trees file FungalCW_tree_20231129/420527at4751.aa.mfa.contree
Log-likelihood of consensus tree: -13545.149

Analysis results written to: 
  IQ-TREE report:                FungalCW_tree_20231129/420527at4751.aa.mfa.iqtree
  Maximum-likelihood tree:       FungalCW_tree_20231129/420527at4751.aa.mfa.treefile
  Likelihood distances:          FungalCW_tree_20231129/420527at4751.aa.mfa.mldist

Ultrafast bootstrap approximation results written to:
  Split support values:          FungalCW_tree_20231129/420527at4751.aa.mfa.splits.nex
  Consensus tree:                FungalCW_tree_20231129/420527at4751.aa.mfa.contree
  Screen log file:               FungalCW_tree_20231129/420527at4751.aa.mfa.log

Date and Time: Wed Nov 29 01:37:11 2023
