IQ-TREE multicore version 2.2.2.6 COVID-edition for Linux 64-bit built May 27 2023
Developed by Bui Quang Minh, James Barbetti, Nguyen Lam Tung,
Olga Chernomor, Heiko Schmidt, Dominik Schrempf, Michael Woodhams, Ly Trong Nhan.

Host:    r11 (AVX2, FMA3, 503 GB RAM)
Command: iqtree2 -s FungalCW_tree_20231129/427250at4751.aa.mfa -gz -B 1000 -alrt 1000 -nt 2
Seed:    887162 (Using SPRNG - Scalable Parallel Random Number Generator)
Time:    Wed Nov 29 01:35:40 2023
Kernel:  AVX+FMA - 2 threads (2 CPU cores detected)

Reading alignment file FungalCW_tree_20231129/427250at4751.aa.mfa ... Fasta format detected
Reading fasta file: done in 0.000165939 secs
Alignment most likely contains protein sequences
Constructing alignment: done in 0.000372887 secs
Alignment has 16 sequences with 231 columns, 230 distinct patterns
190 parsimony-informative, 26 singleton sites, 14 constant sites
                                                      Gap/Ambiguity  Composition  p-value
Analyzing sequences: done in 2.69413e-05 secs
   1  Basidiobolus_meristosporus_CBS_931.73.Basme2finSC.v1   35.50%    passed     70.39%
   2  Botrytis_cinerea_T4                                    26.84%    passed     35.92%
   3  Colletotrichum_graminicola_M1.001                      12.99%    passed     91.95%
   4  Colletotrichum_higginsianum_IMI_349063                 12.55%    passed     86.10%
   5  Fusarium_graminearum_PH-1                              12.12%    passed     93.89%
   6  Fusarium_verticillioides_7600                          12.99%    passed     98.72%
   7  Mortierella_elongata_AG-77                             32.90%    passed     97.40%
   8  Mucor_mucedo_NRRL_3635                                 32.90%    passed     65.40%
   9  Neoconidiobolus_thromboides_FSU_785.Conth1.v1          35.50%    passed     49.39%
  10  Phycomyces_blakesleeanus_NRRL_1555.Phybl2.v2           32.90%    passed     87.56%
  11  Rhizopus_stolonifer_NRRL_66455                         32.90%    passed     98.54%
  12  Trichoderma_harzianum_CBS_226.95                       12.55%    passed     96.24%
  13  Umbelopsis_ramanniana_NRRL_5844.Umbra1.v1              37.66%    passed     43.40%
  14  Ustilago_maydis                                        33.77%    passed     78.76%
  15  Zoophthora_radicans_ATCC_208865                        35.93%    passed     87.24%
  16  Zymoseptoria_tritici_IP0323                            19.48%    passed     90.75%
****  TOTAL                                                  26.22%  0 sequences failed composition chi2 test (p-value<5%; df=19)
Checking for duplicate sequences: done in 5.19753e-05 secs


Create initial parsimony tree by phylogenetic likelihood library (PLL)... 0.002 seconds
Perform fast likelihood tree search using LG+I+G model...
Estimate model parameters (epsilon = 5.000)
Perform nearest neighbor interchange...
Optimizing NNI: done in 0.0660591 secs using 197.7% CPU
Estimate model parameters (epsilon = 1.000)
1. Initial log-likelihood: -5864.975
Optimal log-likelihood: -5864.129
Proportion of invariable sites: 0.040
Gamma shape alpha: 1.706
Parameters optimization took 1 rounds (0.044 sec)
Time for fast ML tree search: 0.212 seconds

NOTE: ModelFinder requires 7 MB RAM!
ModelFinder will test up to 1232 protein models (sample size: 231) ...
 No. Model         -LnL         df  AIC          AICc         BIC
  1  LG            6014.201     29  12086.402    12095.059    12186.232
  2  LG+I          5956.538     30  11973.075    11982.375    12076.348
  3  LG+G4         5874.480     30  11808.960    11818.260    11912.233
  4  LG+I+G4       5864.079     31  11790.158    11800.128    11896.873
  5  LG+R2         5872.614     31  11807.228    11817.198    11913.943
  6  LG+R3         5865.965     33  11797.929    11809.320    11911.529
  7  LG+R4         5865.094     35  11800.187    11813.110    11920.672
 14  LG+I+R2       5859.197     32  11782.394    11793.060    11892.551
 15  LG+I+R3       5859.208     34  11786.416    11798.558    11903.458
 26  LG+F+I+G4     5817.015     50  11734.029    11762.363    11906.150
 36  LG+F+I+R2     5811.835     51  11725.669    11755.300    11901.232
 48  WAG+I+G4      5820.125     31  11702.249    11712.219    11808.964
 58  WAG+I+R2      5817.869     32  11699.739    11710.405    11809.896
 70  WAG+F+I+G4    5792.432     50  11684.864    11713.198    11856.985
 80  WAG+F+I+R2    5789.687     51  11681.375    11711.006    11856.938
 92  JTT+I+G4      5815.572     31  11693.144    11703.114    11799.859
102  JTT+I+R2      5811.459     32  11686.917    11697.584    11797.075
114  JTT+F+I+G4    5790.909     50  11681.819    11710.152    11853.940
124  JTT+F+I+R2    5786.707     51  11675.414    11705.045    11850.977
WARNING: Normalizing state frequencies so that sum of them equals to 1
136  Q.pfam+I+G4   5839.916     31  11741.832    11751.802    11848.547
WARNING: Normalizing state frequencies so that sum of them equals to 1
146  Q.pfam+I+R2   5833.342     32  11730.685    11741.351    11840.842
WARNING: Normalizing state frequencies so that sum of them equals to 1
158  Q.pfam+F+I+G4 5810.423     50  11720.847    11749.180    11892.968
WARNING: Normalizing state frequencies so that sum of them equals to 1
168  Q.pfam+F+I+R2 5803.552     51  11709.103    11738.734    11884.666
WARNING: Normalizing state frequencies so that sum of them equals to 1
180  Q.bird+I+G4   5900.835     31  11863.671    11873.640    11970.385
WARNING: Normalizing state frequencies so that sum of them equals to 1
190  Q.bird+I+R2   5893.826     32  11851.653    11862.319    11961.810
WARNING: Normalizing state frequencies so that sum of them equals to 1
202  Q.bird+F+I+G4 5872.113     50  11844.226    11872.559    12016.347
WARNING: Normalizing state frequencies so that sum of them equals to 1
212  Q.bird+F+I+R2 5865.823     51  11833.645    11863.276    12009.208
WARNING: Normalizing state frequencies so that sum of them equals to 1
224  Q.mammal+I+G4 5868.619     31  11799.239    11809.209    11905.954
WARNING: Normalizing state frequencies so that sum of them equals to 1
234  Q.mammal+I+R2 5861.729     32  11787.459    11798.126    11897.616
WARNING: Normalizing state frequencies so that sum of them equals to 1
246  Q.mammal+F+I+G4 5841.802     50  11783.604    11811.938    11955.725
WARNING: Normalizing state frequencies so that sum of them equals to 1
256  Q.mammal+F+I+R2 5834.522     51  11771.044    11800.675    11946.608
268  Q.insect+I+G4 5862.632     31  11787.265    11797.235    11893.980
278  Q.insect+I+R2 5855.300     32  11774.600    11785.266    11884.757
290  Q.insect+F+I+G4 5792.370     50  11684.741    11713.074    11856.862
300  Q.insect+F+I+R2 5783.881     51  11669.762    11699.393    11845.325
WARNING: Normalizing state frequencies so that sum of them equals to 1
312  Q.plant+I+G4  5881.893     31  11825.786    11835.756    11932.501
WARNING: Normalizing state frequencies so that sum of them equals to 1
322  Q.plant+I+R2  5873.927     32  11811.854    11822.521    11922.011
WARNING: Normalizing state frequencies so that sum of them equals to 1
334  Q.plant+F+I+G4 5839.586     50  11779.172    11807.505    11951.293
WARNING: Normalizing state frequencies so that sum of them equals to 1
344  Q.plant+F+I+R2 5832.053     51  11766.106    11795.737    11941.669
WARNING: Normalizing state frequencies so that sum of them equals to 1
356  Q.yeast+I+G4  5892.622     31  11847.244    11857.213    11953.959
WARNING: Normalizing state frequencies so that sum of them equals to 1
366  Q.yeast+I+R2  5887.561     32  11839.122    11849.789    11949.280
WARNING: Normalizing state frequencies so that sum of them equals to 1
378  Q.yeast+F+I+G4 5812.000     50  11723.999    11752.332    11896.120
WARNING: Normalizing state frequencies so that sum of them equals to 1
388  Q.yeast+F+I+R2 5805.975     51  11713.950    11743.581    11889.513
400  JTTDCMut+I+G4 5816.649     31  11695.298    11705.268    11802.013
410  JTTDCMut+I+R2 5812.884     32  11689.768    11700.434    11799.925
422  JTTDCMut+F+I+G4 5791.284     50  11682.568    11710.902    11854.689
432  JTTDCMut+F+I+R2 5787.308     51  11676.616    11706.248    11852.180
444  DCMut+I+G4    5872.804     31  11807.607    11817.577    11914.322
454  DCMut+I+R2    5873.456     32  11810.912    11821.578    11921.069
466  DCMut+F+I+G4  5813.721     50  11727.443    11755.776    11899.563
476  DCMut+F+I+R2  5812.009     51  11726.018    11755.649    11901.581
488  VT+I+G4       5787.823     31  11637.645    11647.615    11744.360
498  VT+I+R2       5783.218     32  11630.437    11641.103    11740.594
510  VT+F+I+G4     5761.328     50  11622.657    11650.990    11794.777
520  VT+F+I+R2     5756.355     51  11614.710    11644.342    11790.274
532  PMB+I+G4      5804.575     31  11671.151    11681.120    11777.865
542  PMB+I+R2      5798.329     32  11660.657    11671.324    11770.815
554  PMB+F+I+G4    5765.109     50  11630.218    11658.551    11802.339
564  PMB+F+I+R2    5758.781     51  11619.562    11649.194    11795.126
576  Blosum62+I+G4 5833.219     31  11728.438    11738.408    11835.153
586  Blosum62+I+R2 5827.592     32  11719.184    11729.850    11829.341
598  Blosum62+F+I+G4 5781.892     50  11663.785    11692.118    11835.906
608  Blosum62+F+I+R2 5775.744     51  11653.487    11683.118    11829.050
620  Dayhoff+I+G4  5873.463     31  11808.925    11818.895    11915.640
630  Dayhoff+I+R2  5874.174     32  11812.348    11823.015    11922.506
642  Dayhoff+F+I+G4 5814.375     50  11728.749    11757.083    11900.870
652  Dayhoff+F+I+R2 5812.720     51  11727.439    11757.071    11903.003
664  mtREV+I+G4    6120.439     31  12302.879    12312.849    12409.594
674  mtREV+I+R2    6110.806     32  12285.613    12296.279    12395.770
686  mtREV+F+I+G4  5864.829     50  11829.657    11857.990    12001.778
696  mtREV+F+I+R2  5853.106     51  11808.212    11837.843    11983.775
708  mtART+I+G4    6221.015     31  12504.030    12514.000    12610.745
718  mtART+I+R2    6232.300     32  12528.601    12539.267    12638.758
730  mtART+F+I+G4  5934.627     50  11969.255    11997.588    12141.376
740  mtART+F+I+R2  5946.238     51  11994.476    12024.107    12170.039
752  mtZOA+I+G4    6099.584     31  12261.169    12271.139    12367.884
762  mtZOA+I+R2    6093.022     32  12250.043    12260.710    12360.200
774  mtZOA+F+I+G4  5891.331     50  11882.662    11910.995    12054.783
784  mtZOA+F+I+R2  5885.498     51  11872.995    11902.626    12048.558
796  mtMet+I+G4    6192.129     31  12446.257    12456.227    12552.972
806  mtMet+I+R2    6178.279     32  12420.558    12431.225    12530.716
818  mtMet+F+I+G4  5880.768     50  11861.536    11889.869    12033.656
828  mtMet+F+I+R2  5869.368     51  11840.736    11870.367    12016.299
840  mtVer+I+G4    6211.662     31  12485.324    12495.294    12592.039
850  mtVer+I+R2    6199.047     32  12462.094    12472.761    12572.251
862  mtVer+F+I+G4  5932.699     50  11965.399    11993.732    12137.519
872  mtVer+F+I+R2  5925.253     51  11952.507    11982.138    12128.070
884  mtInv+I+G4    6229.574     31  12521.148    12531.118    12627.863
894  mtInv+I+R2    6216.578     32  12497.156    12507.823    12607.314
906  mtInv+F+I+G4  5842.361     50  11784.722    11813.056    11956.843
916  mtInv+F+I+R2  5830.738     51  11763.475    11793.107    11939.039
928  mtMAM+I+G4    6256.340     31  12574.680    12584.649    12681.394
938  mtMAM+I+R2    6261.029     32  12586.058    12596.724    12696.215
950  mtMAM+F+I+G4  5967.216     50  12034.432    12062.765    12206.552
960  mtMAM+F+I+R2  5969.483     51  12040.966    12070.597    12216.529
WARNING: Normalizing state frequencies so that sum of them equals to 1
972  FLAVI+I+G4    6029.326     31  12120.652    12130.622    12227.367
WARNING: Normalizing state frequencies so that sum of them equals to 1
982  FLAVI+I+R2    6032.452     32  12128.905    12139.571    12239.062
WARNING: Normalizing state frequencies so that sum of them equals to 1
994  FLAVI+F+I+G4  5956.173     50  12012.346    12040.680    12184.467
WARNING: Normalizing state frequencies so that sum of them equals to 1
1004  FLAVI+F+I+R2  5957.610     51  12017.220    12046.851    12192.783
1016  HIVb+I+G4     5945.365     31  11952.731    11962.700    12059.445
1026  HIVb+I+R2     5942.444     32  11948.888    11959.554    12059.045
1038  HIVb+F+I+G4   5885.002     50  11870.005    11898.338    12042.125
1048  HIVb+F+I+R2   5883.464     51  11868.927    11898.559    12044.491
1060  HIVw+I+G4     6130.261     31  12322.521    12332.491    12429.236
1070  HIVw+I+R2     6140.198     32  12344.396    12355.063    12454.554
1082  HIVw+F+I+G4   5969.749     50  12039.498    12067.831    12211.619
1092  HIVw+F+I+R2   5978.523     51  12059.046    12088.678    12234.610
1104  FLU+I+G4      5950.346     31  11962.692    11972.661    12069.406
1114  FLU+I+R2      5949.666     32  11963.331    11973.998    12073.489
1126  FLU+F+I+G4    5893.504     50  11887.007    11915.341    12059.128
1136  FLU+F+I+R2    5892.020     51  11886.040    11915.671    12061.603
1148  rtREV+I+G4    5901.560     31  11865.120    11875.090    11971.835
1158  rtREV+I+R2    5898.298     32  11860.597    11871.264    11970.754
1170  rtREV+F+I+G4  5821.703     50  11743.406    11771.739    11915.526
1180  rtREV+F+I+R2  5816.235     51  11734.470    11764.101    11910.033
1192  cpREV+I+G4    5872.553     31  11807.106    11817.076    11913.821
1202  cpREV+I+R2    5869.819     32  11803.637    11814.304    11913.795
1214  cpREV+F+I+G4  5824.456     50  11748.911    11777.245    11921.032
1224  cpREV+F+I+R2  5821.328     51  11744.656    11774.287    11920.219
Akaike Information Criterion:           VT+F+I+R2
Corrected Akaike Information Criterion: VT+I+R2
Bayesian Information Criterion:         VT+I+R2
Best-fit model: VT+I+R2 chosen according to BIC
NOTE: 9.096 seconds to dump checkpoint file, increase to 182.000

All model information printed to FungalCW_tree_20231129/427250at4751.aa.mfa.model.gz
CPU time for ModelFinder: 27.619 seconds (0h:0m:27s)
Wall-clock time for ModelFinder: 23.028 seconds (0h:0m:23s)
Generating 1000 samples for ultrafast bootstrap (seed: 887162)...

NOTE: 2 MB RAM (0 GB) is required!
Estimate model parameters (epsilon = 0.100)
1. Initial log-likelihood: -5783.218
Optimal log-likelihood: -5783.215
Proportion of invariable sites: 0.040
Site proportion and rates:  (0.318,0.396) (0.642,1.362)
Parameters optimization took 1 rounds (0.019 sec)
NOTE: 7.139 seconds to dump checkpoint file, increase to 143.000
Wrote distance file to... 
Computing ML distances based on estimated model parameters...
Calculating distance matrix: done in 0.015672 secs using 198.3% CPU
Computing ML distances took 0.015884 sec (of wall-clock time) 0.031352 sec (of CPU time)
Setting up auxiliary I and S matrices: done in 5.10216e-05 secs using 199.9% CPU
Constructing RapidNJ tree: done in 0.000248194 secs using 101.5% CPU
Computing RapidNJ tree took 0.000414 sec (of wall-clock time) 0.000514 sec (of CPU time)
Log-likelihood of RapidNJ tree: -5824.826
--------------------------------------------------------------------
|             INITIALIZING CANDIDATE TREE SET                      |
--------------------------------------------------------------------
Generating 98 parsimony trees... 0.202 second
Computing log-likelihood of 98 initial trees ... 0.377 seconds
Current best score: -5783.215

Do NNI search on 20 best initial trees
Optimizing NNI: done in 0.0164738 secs using 197.4% CPU
Estimate model parameters (epsilon = 0.100)
BETTER TREE FOUND at iteration 1: -5783.215
Optimizing NNI: done in 0.0445268 secs using 198.9% CPU
Estimate model parameters (epsilon = 0.100)
BETTER TREE FOUND at iteration 2: -5778.394
Optimizing NNI: done in 0.0365479 secs using 199% CPU
Estimate model parameters (epsilon = 0.100)
BETTER TREE FOUND at iteration 3: -5774.710
Optimizing NNI: done in 0.0500998 secs using 198.4% CPU
Optimizing NNI: done in 0.053839 secs using 197.1% CPU
Optimizing NNI: done in 0.057704 secs using 197.1% CPU
Optimizing NNI: done in 0.036694 secs using 193.9% CPU
Optimizing NNI: done in 0.0541141 secs using 198.7% CPU
Optimizing NNI: done in 0.035959 secs using 197.6% CPU
Optimizing NNI: done in 0.0542541 secs using 196.4% CPU
Iteration 10 / LogL: -5781.029 / Time: 0h:0m:8s
Optimizing NNI: done in 0.0280418 secs using 197% CPU
Optimizing NNI: done in 0.0560961 secs using 197.2% CPU
Optimizing NNI: done in 0.045155 secs using 198.9% CPU
Optimizing NNI: done in 0.0464668 secs using 197.8% CPU
Optimizing NNI: done in 0.0469382 secs using 199% CPU
Optimizing NNI: done in 0.084784 secs using 198.1% CPU
Optimizing NNI: done in 0.0483661 secs using 198.8% CPU
Optimizing NNI: done in 0.075151 secs using 197.9% CPU
Optimizing NNI: done in 0.0517111 secs using 198.7% CPU
Optimizing NNI: done in 0.069634 secs using 198.3% CPU
Iteration 20 / LogL: -5778.493 / Time: 0h:0m:9s
Finish initializing candidate tree set (9)
Current best tree score: -5774.710 / CPU time: 1.735
Number of iterations: 20
--------------------------------------------------------------------
|               OPTIMIZING CANDIDATE TREE SET                      |
--------------------------------------------------------------------
Optimizing NNI: done in 0.064518 secs using 198.2% CPU
Optimizing NNI: done in 0.111497 secs using 197.9% CPU
Optimizing NNI: done in 0.110051 secs using 198.1% CPU
Optimizing NNI: done in 0.082957 secs using 197.9% CPU
Optimizing NNI: done in 0.056335 secs using 198.8% CPU
Optimizing NNI: done in 0.088052 secs using 197.9% CPU
Optimizing NNI: done in 0.0419819 secs using 197.4% CPU
Optimizing NNI: done in 0.0631878 secs using 198.7% CPU
Optimizing NNI: done in 0.111383 secs using 197.8% CPU
Optimizing NNI: done in 0.059665 secs using 198.7% CPU
Iteration 30 / LogL: -5778.919 / Time: 0h:0m:10s (0h:0m:25s left)
Optimizing NNI: done in 0.065387 secs using 198.4% CPU
Optimizing NNI: done in 0.061126 secs using 198.2% CPU
Optimizing NNI: done in 0.078619 secs using 198.4% CPU
Optimizing NNI: done in 0.084655 secs using 198.2% CPU
Optimizing NNI: done in 0.0512471 secs using 199.3% CPU
Optimizing NNI: done in 0.063086 secs using 198.2% CPU
Optimizing NNI: done in 0.0523958 secs using 198.9% CPU
Optimizing NNI: done in 0.1021 secs using 197.7% CPU
Optimizing NNI: done in 0.0520821 secs using 198.3% CPU
Optimizing NNI: done in 0.101297 secs using 197.5% CPU
Iteration 40 / LogL: -5774.779 / Time: 0h:0m:11s (0h:0m:17s left)
Optimizing NNI: done in 0.051646 secs using 198.7% CPU
Optimizing NNI: done in 0.108147 secs using 198.6% CPU
Optimizing NNI: done in 0.0725832 secs using 198.9% CPU
Estimate model parameters (epsilon = 0.100)
BETTER TREE FOUND at iteration 43: -5769.152
Optimizing NNI: done in 0.12036 secs using 197.5% CPU
Optimizing NNI: done in 0.0593162 secs using 197.9% CPU
Optimizing NNI: done in 0.0651751 secs using 198.4% CPU
Optimizing NNI: done in 0.0305669 secs using 200.4% CPU
Optimizing NNI: done in 0.047137 secs using 198.7% CPU
Optimizing NNI: done in 0.0570409 secs using 197% CPU
Optimizing NNI: done in 0.076062 secs using 196.4% CPU
Iteration 50 / LogL: -5778.296 / Time: 0h:0m:11s (0h:0m:22s left)
Log-likelihood cutoff on original alignment: -5822.359
Optimizing NNI: done in 0.0782261 secs using 197.2% CPU
Optimizing NNI: done in 0.0767231 secs using 197.9% CPU
Optimizing NNI: done in 0.078522 secs using 198.6% CPU
Optimizing NNI: done in 0.103774 secs using 197.9% CPU
Optimizing NNI: done in 0.0431259 secs using 197.5% CPU
Optimizing NNI: done in 0.0598328 secs using 198.6% CPU
Optimizing NNI: done in 0.0593641 secs using 197.7% CPU
Optimizing NNI: done in 0.106726 secs using 198% CPU
Optimizing NNI: done in 0.0368731 secs using 197.9% CPU
Optimizing NNI: done in 0.057688 secs using 198.6% CPU
Iteration 60 / LogL: -5774.034 / Time: 0h:0m:12s (0h:0m:17s left)
Optimizing NNI: done in 0.0923181 secs using 198.5% CPU
Optimizing NNI: done in 0.053721 secs using 199.2% CPU
Optimizing NNI: done in 0.0994811 secs using 198.6% CPU
Optimizing NNI: done in 0.094275 secs using 198.7% CPU
Optimizing NNI: done in 0.0754049 secs using 198.6% CPU
Optimizing NNI: done in 0.0947571 secs using 198% CPU
Optimizing NNI: done in 0.081248 secs using 199% CPU
Optimizing NNI: done in 0.03617 secs using 197.4% CPU
Optimizing NNI: done in 0.048923 secs using 197.8% CPU
Optimizing NNI: done in 0.0596452 secs using 198.7% CPU
Iteration 70 / LogL: -5769.627 / Time: 0h:0m:13s (0h:0m:14s left)
Optimizing NNI: done in 0.044131 secs using 199% CPU
Optimizing NNI: done in 0.0297792 secs using 198.3% CPU
Optimizing NNI: done in 0.037154 secs using 198.7% CPU
Optimizing NNI: done in 0.103592 secs using 198.2% CPU
Optimizing NNI: done in 0.102844 secs using 197.9% CPU
Optimizing NNI: done in 0.103726 secs using 197.8% CPU
Optimizing NNI: done in 0.0535469 secs using 196.6% CPU
Optimizing NNI: done in 0.062047 secs using 197.6% CPU
Optimizing NNI: done in 0.0865951 secs using 198.1% CPU
Optimizing NNI: done in 0.093035 secs using 198.7% CPU
Iteration 80 / LogL: -5775.145 / Time: 0h:0m:14s (0h:0m:11s left)
Optimizing NNI: done in 0.101953 secs using 198.1% CPU
Optimizing NNI: done in 0.0616488 secs using 199.1% CPU
Optimizing NNI: done in 0.051147 secs using 199.2% CPU
Optimizing NNI: done in 0.100815 secs using 197.9% CPU
Optimizing NNI: done in 0.112779 secs using 198.4% CPU
Optimizing NNI: done in 0.0946069 secs using 197.4% CPU
Optimizing NNI: done in 0.0377259 secs using 195.6% CPU
Optimizing NNI: done in 0.0779209 secs using 197.5% CPU
Optimizing NNI: done in 0.0922961 secs using 197.2% CPU
Optimizing NNI: done in 0.0713751 secs using 198.6% CPU
Iteration 90 / LogL: -5770.502 / Time: 0h:0m:15s (0h:0m:8s left)
Optimizing NNI: done in 0.0885382 secs using 198.1% CPU
Optimizing NNI: done in 0.10346 secs using 198.3% CPU
Optimizing NNI: done in 0.076324 secs using 198.4% CPU
Optimizing NNI: done in 0.052619 secs using 196.3% CPU
Optimizing NNI: done in 0.0767112 secs using 197.9% CPU
Optimizing NNI: done in 0.0664451 secs using 198.3% CPU
Optimizing NNI: done in 0.0697629 secs using 198.2% CPU
Optimizing NNI: done in 0.085614 secs using 198.2% CPU
Optimizing NNI: done in 0.066648 secs using 198.8% CPU
Optimizing NNI: done in 0.0628841 secs using 197.7% CPU
Iteration 100 / LogL: -5771.584 / Time: 0h:0m:15s (0h:0m:6s left)
Log-likelihood cutoff on original alignment: -5822.359
NOTE: Bootstrap correlation coefficient of split occurrence frequencies: 0.992
Optimizing NNI: done in 0.0511229 secs using 197.6% CPU
Optimizing NNI: done in 0.067121 secs using 198.8% CPU
Optimizing NNI: done in 0.0508499 secs using 195.7% CPU
Optimizing NNI: done in 0.078665 secs using 198.3% CPU
Optimizing NNI: done in 0.0544169 secs using 198% CPU
Optimizing NNI: done in 0.0505581 secs using 198.7% CPU
Optimizing NNI: done in 0.042134 secs using 198.3% CPU
Optimizing NNI: done in 0.0690382 secs using 196.4% CPU
Optimizing NNI: done in 0.0895019 secs using 198.4% CPU
Optimizing NNI: done in 0.0511222 secs using 198.1% CPU
Iteration 110 / LogL: -5772.452 / Time: 0h:0m:16s (0h:0m:13s left)
Optimizing NNI: done in 0.0712969 secs using 198.3% CPU
Optimizing NNI: done in 0.10247 secs using 197.6% CPU
Optimizing NNI: done in 0.086072 secs using 197.8% CPU
Optimizing NNI: done in 0.0861301 secs using 198.8% CPU
Optimizing NNI: done in 0.0808489 secs using 197.7% CPU
Optimizing NNI: done in 0.0530891 secs using 199.1% CPU
Optimizing NNI: done in 0.110131 secs using 197.7% CPU
Optimizing NNI: done in 0.0516791 secs using 199.2% CPU
Optimizing NNI: done in 0.100541 secs using 197.9% CPU
Optimizing NNI: done in 0.0968361 secs using 197.4% CPU
Iteration 120 / LogL: -5782.818 / Time: 0h:0m:17s (0h:0m:11s left)
Optimizing NNI: done in 0.0395141 secs using 195.6% CPU
Optimizing NNI: done in 0.0747039 secs using 197.1% CPU
Optimizing NNI: done in 0.0709879 secs using 197.4% CPU
Optimizing NNI: done in 0.061008 secs using 196.9% CPU
Optimizing NNI: done in 0.086138 secs using 197.4% CPU
Optimizing NNI: done in 0.0641141 secs using 197.9% CPU
Optimizing NNI: done in 0.0564611 secs using 196.4% CPU
Optimizing NNI: done in 0.025872 secs using 197.7% CPU
Optimizing NNI: done in 0.0436041 secs using 197.4% CPU
Optimizing NNI: done in 0.0466781 secs using 196.7% CPU
Iteration 130 / LogL: -5769.869 / Time: 0h:0m:18s (0h:0m:9s left)
Optimizing NNI: done in 0.063359 secs using 196.6% CPU
Optimizing NNI: done in 0.0718491 secs using 198.1% CPU
Optimizing NNI: done in 0.05917 secs using 197.4% CPU
Optimizing NNI: done in 0.0571289 secs using 197.4% CPU
Optimizing NNI: done in 0.106132 secs using 198% CPU
Optimizing NNI: done in 0.0860221 secs using 197.9% CPU
Optimizing NNI: done in 0.0608759 secs using 199.3% CPU
Optimizing NNI: done in 0.0490201 secs using 198.6% CPU
Optimizing NNI: done in 0.112773 secs using 196.5% CPU
Optimizing NNI: done in 0.059577 secs using 198.8% CPU
Iteration 140 / LogL: -5771.489 / Time: 0h:0m:18s (0h:0m:8s left)
Optimizing NNI: done in 0.0700822 secs using 197.8% CPU
Optimizing NNI: done in 0.0804 secs using 198.4% CPU
Optimizing NNI: done in 0.0661218 secs using 198% CPU
Optimizing NNI: done in 0.077899 secs using 198.1% CPU
TREE SEARCH COMPLETED AFTER 144 ITERATIONS / Time: 0h:0m:19s

--------------------------------------------------------------------
|                    FINALIZING TREE SEARCH                        |
--------------------------------------------------------------------
Performs final model parameters optimization
Estimate model parameters (epsilon = 0.010)
1. Initial log-likelihood: -5769.152
Optimal log-likelihood: -5769.149
Proportion of invariable sites: 0.038
Site proportion and rates:  (0.347,0.381) (0.615,1.410)
Parameters optimization took 1 rounds (0.019 sec)
BEST SCORE FOUND : -5769.149

Testing tree branches by SH-like aLRT with 1000 replicates...
0.066 sec.
Creating bootstrap support values...
Split supports printed to NEXUS file FungalCW_tree_20231129/427250at4751.aa.mfa.splits.nex
Total tree length: 15.480

Total number of iterations: 144
CPU time used for tree search: 22.836 sec (0h:0m:22s)
Wall-clock time used for tree search: 11.609 sec (0h:0m:11s)
Total CPU time used: 23.635 sec (0h:0m:23s)
Total wall-clock time used: 19.394 sec (0h:0m:19s)

Computing bootstrap consensus tree...
Reading input file FungalCW_tree_20231129/427250at4751.aa.mfa.splits.nex...
16 taxa and 115 splits.
Consensus tree written to FungalCW_tree_20231129/427250at4751.aa.mfa.contree
Reading input trees file FungalCW_tree_20231129/427250at4751.aa.mfa.contree
Log-likelihood of consensus tree: -5769.149

Analysis results written to: 
  IQ-TREE report:                FungalCW_tree_20231129/427250at4751.aa.mfa.iqtree
  Maximum-likelihood tree:       FungalCW_tree_20231129/427250at4751.aa.mfa.treefile
  Likelihood distances:          FungalCW_tree_20231129/427250at4751.aa.mfa.mldist

Ultrafast bootstrap approximation results written to:
  Split support values:          FungalCW_tree_20231129/427250at4751.aa.mfa.splits.nex
  Consensus tree:                FungalCW_tree_20231129/427250at4751.aa.mfa.contree
  Screen log file:               FungalCW_tree_20231129/427250at4751.aa.mfa.log

Date and Time: Wed Nov 29 01:36:23 2023
