IQ-TREE multicore version 2.2.2.6 COVID-edition for Linux 64-bit built May 27 2023
Developed by Bui Quang Minh, James Barbetti, Nguyen Lam Tung,
Olga Chernomor, Heiko Schmidt, Dominik Schrempf, Michael Woodhams, Ly Trong Nhan.

Host:    r11 (AVX2, FMA3, 503 GB RAM)
Command: iqtree2 -s FungalCW_tree_20231129/428342at4751.aa.mfa -gz -B 1000 -alrt 1000 -nt 2
Seed:    533682 (Using SPRNG - Scalable Parallel Random Number Generator)
Time:    Wed Nov 29 01:35:43 2023
Kernel:  AVX+FMA - 2 threads (2 CPU cores detected)

Reading alignment file FungalCW_tree_20231129/428342at4751.aa.mfa ... Fasta format detected
Reading fasta file: done in 0.000100851 secs using 33.71% CPU
Alignment most likely contains protein sequences
Constructing alignment: done in 0.00015378 secs using 66.33% CPU
Alignment has 18 sequences with 158 columns, 111 distinct patterns
55 parsimony-informative, 28 singleton sites, 75 constant sites
                                                               Gap/Ambiguity  Composition  p-value
Analyzing sequences: done in 1.00136e-05 secs using 39.95% CPU
   1  Basidiobolus_meristosporus_CBS_931.73.Basme2finSC.v1             8.23%    passed     99.06%
   2  Botrytis_cinerea_T4                                              3.16%    passed     99.93%
   3  Capillidium_pumilum_ARSEF_79                                     6.33%    passed     98.00%
   4  Colletotrichum_graminicola_M1.001                                2.53%    passed     99.98%
   5  Colletotrichum_higginsianum_IMI_349063                           2.53%    passed     99.97%
   6  Fusarium_graminearum_PH-1                                        3.80%    passed     99.90%
   7  Fusarium_verticillioides_7600                                    3.80%    passed     99.90%
   8  Gilbertella_persicaria_var_persicaria_CBS_190.32-T.Gilper1.v1    8.23%    passed     99.24%
   9  Mortierella_elongata_AG-77                                      12.66%    passed     99.92%
  10  Mucor_mucedo_NRRL_3635                                           7.59%    passed     99.96%
  11  Neoconidiobolus_thromboides_FSU_785.Conth1.v1                    9.49%    passed     98.67%
  12  Phycomyces_blakesleeanus_NRRL_1555.Phybl2.v2                     6.96%    passed     98.85%
  13  Rhizopus_stolonifer_NRRL_66455                                   8.23%    passed     88.58%
  14  Trichoderma_harzianum_CBS_226.95                                 3.80%    passed    100.00%
  15  Umbelopsis_ramanniana_NRRL_5844.Umbra1.v1                        7.59%    passed     99.47%
  16  Ustilago_maydis                                                 11.39%    passed     65.48%
  17  Zoophthora_radicans_ATCC_208865                                  6.33%    passed     99.99%
  18  Zymoseptoria_tritici_IP0323                                      3.16%    passed     99.99%
****  TOTAL                                                            6.43%  0 sequences failed composition chi2 test (p-value<5%; df=19)
NOTE: Fusarium_verticillioides_7600 is identical to Fusarium_graminearum_PH-1 but kept for subsequent analysis
Checking for duplicate sequences: done in 4.88758e-05 secs using 190.3% CPU


Create initial parsimony tree by phylogenetic likelihood library (PLL)... 0.001 seconds
Perform fast likelihood tree search using LG+I+G model...
Estimate model parameters (epsilon = 5.000)
Perform nearest neighbor interchange...
Optimizing NNI: done in 0.012357 secs using 201.7% CPU
Estimate model parameters (epsilon = 1.000)
1. Initial log-likelihood: -1737.320
Optimal log-likelihood: -1737.105
Proportion of invariable sites: 0.231
Gamma shape alpha: 0.642
Parameters optimization took 1 rounds (0.020 sec)
Time for fast ML tree search: 0.076 seconds

NOTE: ModelFinder requires 4 MB RAM!
ModelFinder will test up to 1232 protein models (sample size: 158) ...
 No. Model         -LnL         df  AIC          AICc         BIC
  1  LG            1830.990     33  3727.981     3746.078     3829.046
  2  LG+I          1764.441     34  3596.881     3616.231     3701.009
  3  LG+G4         1739.372     34  3546.743     3566.093     3650.871
  4  LG+I+G4       1736.976     35  3543.952     3564.608     3651.143
  5  LG+R2         1746.703     35  3563.405     3584.061     3670.596
  6  LG+R3         1734.007     37  3542.014     3565.448     3655.330
  7  LG+R4         1733.849     39  3545.698     3572.138     3665.139
 14  LG+I+R2       1735.932     36  3543.864     3565.881     3654.118
 15  LG+I+R3       1733.962     38  3543.924     3568.832     3660.303
 25  LG+F+G4       1744.025     53  3594.050     3649.088     3756.367
 26  LG+F+I+G4     1742.632     54  3593.264     3650.934     3758.644
 28  LG+F+R3       1741.785     56  3595.571     3658.779     3767.076
 36  LG+F+I+R2     1742.976     55  3595.951     3656.343     3764.394
 37  LG+F+I+R3     1741.062     57  3596.124     3662.244     3770.692
 47  WAG+G4        1752.125     34  3572.250     3591.600     3676.378
 48  WAG+I+G4      1750.438     35  3570.875     3591.531     3678.066
 50  WAG+R3        1748.016     37  3570.032     3593.465     3683.348
 58  WAG+I+R2      1750.148     36  3572.297     3594.314     3682.550
 59  WAG+I+R3      1747.559     38  3571.118     3596.025     3687.496
 69  WAG+F+G4      1752.444     53  3610.888     3665.927     3773.206
 70  WAG+F+I+G4    1751.664     54  3611.327     3668.997     3776.707
 72  WAG+F+R3      1752.070     56  3616.141     3679.349     3787.646
 80  WAG+F+I+R2    1751.659     55  3613.319     3673.711     3781.761
 81  WAG+F+I+R3    1751.148     57  3616.296     3682.416     3790.864
 91  JTT+G4        1761.842     34  3591.683     3611.033     3695.812
 92  JTT+I+G4      1758.993     35  3587.986     3608.642     3695.177
 94  JTT+R3        1754.864     37  3583.728     3607.161     3697.044
102  JTT+I+R2      1757.320     36  3586.639     3608.656     3696.893
103  JTT+I+R3      1754.966     38  3585.931     3610.839     3702.310
113  JTT+F+G4      1763.032     53  3632.064     3687.102     3794.381
114  JTT+F+I+G4    1761.353     54  3630.705     3688.375     3796.085
116  JTT+F+R3      1759.906     56  3631.813     3695.020     3803.318
124  JTT+F+I+R2    1761.050     55  3632.100     3692.492     3800.543
125  JTT+F+I+R3    1759.425     57  3632.850     3698.970     3807.418
WARNING: Normalizing state frequencies so that sum of them equals to 1
135  Q.pfam+G4     1742.177     34  3552.353     3571.703     3656.481
WARNING: Normalizing state frequencies so that sum of them equals to 1
136  Q.pfam+I+G4   1739.963     35  3549.926     3570.582     3657.117
WARNING: Normalizing state frequencies so that sum of them equals to 1
138  Q.pfam+R3     1737.503     37  3549.006     3572.439     3662.322
WARNING: Normalizing state frequencies so that sum of them equals to 1
146  Q.pfam+I+R2   1738.751     36  3549.502     3571.518     3659.755
WARNING: Normalizing state frequencies so that sum of them equals to 1
147  Q.pfam+I+R3   1737.272     38  3550.544     3575.452     3666.923
WARNING: Normalizing state frequencies so that sum of them equals to 1
157  Q.pfam+F+G4   1744.242     53  3594.484     3649.523     3756.802
WARNING: Normalizing state frequencies so that sum of them equals to 1
158  Q.pfam+F+I+G4 1742.639     54  3593.277     3650.947     3758.657
WARNING: Normalizing state frequencies so that sum of them equals to 1
160  Q.pfam+F+R3   1741.854     56  3595.709     3658.917     3767.214
WARNING: Normalizing state frequencies so that sum of them equals to 1
168  Q.pfam+F+I+R2 1742.404     55  3594.807     3655.200     3763.250
WARNING: Normalizing state frequencies so that sum of them equals to 1
169  Q.pfam+F+I+R3 1741.180     57  3596.361     3662.481     3770.929
WARNING: Normalizing state frequencies so that sum of them equals to 1
179  Q.bird+G4     1807.345     34  3682.690     3702.040     3786.818
WARNING: Normalizing state frequencies so that sum of them equals to 1
180  Q.bird+I+G4   1805.050     35  3680.099     3700.755     3787.290
WARNING: Normalizing state frequencies so that sum of them equals to 1
182  Q.bird+R3     1802.591     37  3679.183     3702.616     3792.499
WARNING: Normalizing state frequencies so that sum of them equals to 1
190  Q.bird+I+R2   1800.714     36  3673.428     3695.445     3783.682
WARNING: Normalizing state frequencies so that sum of them equals to 1
191  Q.bird+I+R3   1799.635     38  3675.270     3700.177     3791.648
WARNING: Normalizing state frequencies so that sum of them equals to 1
201  Q.bird+F+G4   1806.999     53  3719.999     3775.037     3882.316
WARNING: Normalizing state frequencies so that sum of them equals to 1
202  Q.bird+F+I+G4 1804.718     54  3717.435     3775.105     3882.816
WARNING: Normalizing state frequencies so that sum of them equals to 1
204  Q.bird+F+R3   1803.236     56  3718.473     3781.681     3889.978
WARNING: Normalizing state frequencies so that sum of them equals to 1
212  Q.bird+F+I+R2 1800.841     55  3711.683     3772.075     3880.126
WARNING: Normalizing state frequencies so that sum of them equals to 1
213  Q.bird+F+I+R3 1800.008     57  3714.017     3780.137     3888.585
WARNING: Normalizing state frequencies so that sum of them equals to 1
223  Q.mammal+G4   1798.030     34  3664.061     3683.410     3768.189
WARNING: Normalizing state frequencies so that sum of them equals to 1
224  Q.mammal+I+G4 1795.491     35  3660.982     3681.638     3768.173
WARNING: Normalizing state frequencies so that sum of them equals to 1
226  Q.mammal+R3   1792.072     37  3658.143     3681.576     3771.459
WARNING: Normalizing state frequencies so that sum of them equals to 1
234  Q.mammal+I+R2 1791.674     36  3655.349     3677.365     3765.602
WARNING: Normalizing state frequencies so that sum of them equals to 1
235  Q.mammal+I+R3 1790.587     38  3657.174     3682.081     3773.553
WARNING: Normalizing state frequencies so that sum of them equals to 1
245  Q.mammal+F+G4 1794.894     53  3695.788     3750.826     3858.106
WARNING: Normalizing state frequencies so that sum of them equals to 1
246  Q.mammal+F+I+G4 1792.367     54  3692.734     3750.404     3858.114
WARNING: Normalizing state frequencies so that sum of them equals to 1
248  Q.mammal+F+R3 1790.144     56  3692.288     3755.496     3863.793
WARNING: Normalizing state frequencies so that sum of them equals to 1
256  Q.mammal+F+I+R2 1789.203     55  3688.407     3748.799     3856.849
WARNING: Normalizing state frequencies so that sum of them equals to 1
257  Q.mammal+F+I+R3 1788.347     57  3690.694     3756.814     3865.262
267  Q.insect+G4   1753.682     34  3575.364     3594.713     3679.492
268  Q.insect+I+G4 1750.847     35  3571.693     3592.349     3678.884
270  Q.insect+R3   1747.872     37  3569.745     3593.178     3683.061
278  Q.insect+I+R2 1749.226     36  3570.451     3592.468     3680.704
279  Q.insect+I+R3 1747.806     38  3571.612     3596.520     3687.991
289  Q.insect+F+G4 1748.681     53  3603.363     3658.401     3765.680
290  Q.insect+F+I+G4 1746.596     54  3601.193     3658.862     3766.573
292  Q.insect+F+R3 1744.884     56  3601.768     3664.976     3773.273
300  Q.insect+F+I+R2 1746.065     55  3602.131     3662.523     3770.574
301  Q.insect+F+I+R3 1744.563     57  3603.126     3669.246     3777.694
WARNING: Normalizing state frequencies so that sum of them equals to 1
311  Q.plant+G4    1769.774     34  3607.548     3626.897     3711.676
WARNING: Normalizing state frequencies so that sum of them equals to 1
312  Q.plant+I+G4  1768.091     35  3606.182     3626.838     3713.373
WARNING: Normalizing state frequencies so that sum of them equals to 1
314  Q.plant+R3    1764.480     37  3602.959     3626.392     3716.275
WARNING: Normalizing state frequencies so that sum of them equals to 1
322  Q.plant+I+R2  1762.997     36  3597.993     3620.010     3708.246
WARNING: Normalizing state frequencies so that sum of them equals to 1
323  Q.plant+I+R3  1762.438     38  3600.876     3625.783     3717.254
WARNING: Normalizing state frequencies so that sum of them equals to 1
333  Q.plant+F+G4  1774.291     53  3654.583     3709.621     3816.900
WARNING: Normalizing state frequencies so that sum of them equals to 1
334  Q.plant+F+I+G4 1772.237     54  3652.474     3710.144     3817.854
WARNING: Normalizing state frequencies so that sum of them equals to 1
336  Q.plant+F+R3  1769.823     56  3651.646     3714.854     3823.151
WARNING: Normalizing state frequencies so that sum of them equals to 1
344  Q.plant+F+I+R2 1768.086     55  3646.171     3706.563     3814.614
WARNING: Normalizing state frequencies so that sum of them equals to 1
345  Q.plant+F+I+R3 1767.591     57  3649.181     3715.301     3823.749
WARNING: Normalizing state frequencies so that sum of them equals to 1
355  Q.yeast+G4    1752.351     34  3572.703     3592.052     3676.831
WARNING: Normalizing state frequencies so that sum of them equals to 1
356  Q.yeast+I+G4  1749.929     35  3569.859     3590.515     3677.050
WARNING: Normalizing state frequencies so that sum of them equals to 1
358  Q.yeast+R3    1747.222     37  3568.444     3591.877     3681.760
WARNING: Normalizing state frequencies so that sum of them equals to 1
366  Q.yeast+I+R2  1748.422     36  3568.844     3590.861     3679.098
WARNING: Normalizing state frequencies so that sum of them equals to 1
367  Q.yeast+I+R3  1746.981     38  3569.963     3594.870     3686.341
WARNING: Normalizing state frequencies so that sum of them equals to 1
377  Q.yeast+F+G4  1740.859     53  3587.718     3642.756     3750.035
WARNING: Normalizing state frequencies so that sum of them equals to 1
378  Q.yeast+F+I+G4 1739.085     54  3586.171     3643.841     3751.551
WARNING: Normalizing state frequencies so that sum of them equals to 1
380  Q.yeast+F+R3  1737.725     56  3587.450     3650.658     3758.955
WARNING: Normalizing state frequencies so that sum of them equals to 1
388  Q.yeast+F+I+R2 1738.810     55  3587.619     3648.011     3756.062
WARNING: Normalizing state frequencies so that sum of them equals to 1
389  Q.yeast+F+I+R3 1737.172     57  3588.343     3654.463     3762.911
399  JTTDCMut+G4   1760.784     34  3589.569     3608.918     3693.697
400  JTTDCMut+I+G4 1757.965     35  3585.931     3606.587     3693.122
402  JTTDCMut+R3   1753.881     37  3581.763     3605.196     3695.079
410  JTTDCMut+I+R2 1756.381     36  3584.761     3606.778     3695.015
411  JTTDCMut+I+R3 1753.976     38  3583.951     3608.859     3700.330
421  JTTDCMut+F+G4 1761.376     53  3628.752     3683.790     3791.069
422  JTTDCMut+F+I+G4 1759.717     54  3627.433     3685.103     3792.813
424  JTTDCMut+F+R3 1758.299     56  3628.598     3691.806     3800.104
432  JTTDCMut+F+I+R2 1759.470     55  3628.940     3689.333     3797.383
433  JTTDCMut+F+I+R3 1757.822     57  3629.645     3695.765     3804.212
443  DCMut+G4      1765.134     34  3598.268     3617.618     3702.396
444  DCMut+I+G4    1762.693     35  3595.385     3616.041     3702.576
446  DCMut+R3      1758.693     37  3591.387     3614.820     3704.703
454  DCMut+I+R2    1760.398     36  3592.796     3614.812     3703.049
455  DCMut+I+R3    1758.448     38  3592.897     3617.804     3709.276
465  DCMut+F+G4    1748.198     53  3602.397     3657.435     3764.714
466  DCMut+F+I+G4  1746.285     54  3600.570     3658.240     3765.950
468  DCMut+F+R3    1744.410     56  3600.819     3664.027     3772.324
476  DCMut+F+I+R2  1744.263     55  3598.525     3658.917     3766.968
477  DCMut+F+I+R3  1743.504     57  3601.007     3667.127     3775.575
487  VT+G4         1758.253     34  3584.507     3603.856     3688.635
488  VT+I+G4       1757.131     35  3584.262     3604.918     3691.453
490  VT+R3         1755.906     37  3585.812     3609.246     3699.128
498  VT+I+R2       1757.749     36  3587.498     3609.515     3697.752
499  VT+I+R3       1755.603     38  3587.206     3612.113     3703.584
509  VT+F+G4       1759.604     53  3625.207     3680.246     3787.525
510  VT+F+I+G4     1759.041     54  3626.082     3683.752     3791.462
512  VT+F+R3       1759.620     56  3631.239     3694.447     3802.745
520  VT+F+I+R2     1759.261     55  3628.523     3688.915     3796.966
521  VT+F+I+R3     1758.953     57  3631.907     3698.027     3806.475
531  PMB+G4        1775.545     34  3619.090     3638.440     3723.218
532  PMB+I+G4      1774.328     35  3618.656     3639.311     3725.846
534  PMB+R3        1773.476     37  3620.953     3644.386     3734.269
542  PMB+I+R2      1774.868     36  3621.736     3643.752     3731.989
543  PMB+I+R3      1773.104     38  3622.208     3647.116     3738.587
553  PMB+F+G4      1769.866     53  3645.732     3700.770     3808.049
554  PMB+F+I+G4    1769.275     54  3646.550     3704.220     3811.930
556  PMB+F+R3      1770.056     56  3652.113     3715.321     3823.618
564  PMB+F+I+R2    1769.497     55  3648.994     3709.386     3817.436
565  PMB+F+I+R3    1769.232     57  3652.464     3718.584     3827.032
575  Blosum62+G4   1770.026     34  3608.052     3627.402     3712.180
576  Blosum62+I+G4 1768.841     35  3607.681     3628.337     3714.872
578  Blosum62+R3   1767.569     37  3609.138     3632.571     3722.454
586  Blosum62+I+R2 1769.619     36  3611.238     3633.254     3721.491
587  Blosum62+I+R3 1767.192     38  3610.383     3635.291     3726.762
597  Blosum62+F+G4 1772.292     53  3650.585     3705.623     3812.902
598  Blosum62+F+I+G4 1771.898     54  3651.795     3709.465     3817.176
600  Blosum62+F+R3 1772.696     56  3657.391     3720.599     3828.896
608  Blosum62+F+I+R2 1772.049     55  3654.098     3714.490     3822.540
609  Blosum62+F+I+R3 1771.859     57  3657.718     3723.838     3832.286
619  Dayhoff+G4    1765.072     34  3598.143     3617.493     3702.271
620  Dayhoff+I+G4  1762.621     35  3595.243     3615.898     3702.433
622  Dayhoff+R3    1758.597     37  3591.194     3614.627     3704.510
630  Dayhoff+I+R2  1760.297     36  3592.593     3614.610     3702.847
631  Dayhoff+I+R3  1758.351     38  3592.703     3617.610     3709.081
641  Dayhoff+F+G4  1748.171     53  3602.342     3657.380     3764.659
642  Dayhoff+F+I+G4 1746.264     54  3600.528     3658.198     3765.908
644  Dayhoff+F+R3  1744.328     56  3600.655     3663.863     3772.161
652  Dayhoff+F+I+R2 1744.190     55  3598.380     3658.772     3766.822
653  Dayhoff+F+I+R3 1743.441     57  3600.882     3667.002     3775.450
663  mtREV+G4      1869.507     34  3807.014     3826.364     3911.142
664  mtREV+I+G4    1869.659     35  3809.319     3829.975     3916.510
666  mtREV+R3      1867.646     37  3809.292     3832.725     3922.608
674  mtREV+I+R2    1864.963     36  3801.926     3823.942     3912.179
675  mtREV+I+R3    1864.483     38  3804.967     3829.874     3921.345
685  mtREV+F+G4    1788.374     53  3682.748     3737.787     3845.066
686  mtREV+F+I+G4  1787.154     54  3682.308     3739.978     3847.688
688  mtREV+F+R3    1783.537     56  3679.073     3742.281     3850.579
696  mtREV+F+I+R2  1782.462     55  3674.925     3735.317     3843.368
697  mtREV+F+I+R3  1782.124     57  3678.247     3744.367     3852.815
707  mtART+G4      1871.240     34  3810.480     3829.829     3914.608
708  mtART+I+G4    1870.191     35  3810.382     3831.037     3917.572
710  mtART+R3      1875.100     37  3824.200     3847.634     3937.516
718  mtART+I+R2    1870.834     36  3813.668     3835.684     3923.921
719  mtART+I+R3    1866.085     38  3808.170     3833.078     3924.549
729  mtART+F+G4    1783.130     53  3672.260     3727.299     3834.578
730  mtART+F+I+G4  1783.104     54  3674.209     3731.879     3839.589
732  mtART+F+R3    1780.167     56  3672.335     3735.543     3843.840
740  mtART+F+I+R2  1778.954     55  3667.907     3728.299     3836.350
741  mtART+F+I+R3  1776.755     57  3667.510     3733.630     3842.077
751  mtZOA+G4      1833.855     34  3735.709     3755.059     3839.838
752  mtZOA+I+G4    1832.930     35  3735.860     3756.516     3843.051
754  mtZOA+R3      1831.194     37  3736.388     3759.821     3849.704
762  mtZOA+I+R2    1831.859     36  3735.718     3757.735     3845.972
763  mtZOA+I+R3    1828.083     38  3732.166     3757.073     3848.545
773  mtZOA+F+G4    1762.184     53  3630.369     3685.407     3792.686
774  mtZOA+F+I+G4  1761.199     54  3630.397     3688.067     3795.777
776  mtZOA+F+R3    1755.825     56  3623.649     3686.857     3795.154
784  mtZOA+F+I+R2  1756.829     55  3623.659     3684.051     3792.102
785  mtZOA+F+I+R3  1755.074     57  3624.149     3690.269     3798.716
795  mtMet+G4      1887.677     34  3843.355     3862.704     3947.483
796  mtMet+I+G4    1886.099     35  3842.198     3862.854     3949.389
798  mtMet+R3      1881.795     37  3837.590     3861.023     3950.906
806  mtMet+I+R2    1884.257     36  3840.514     3862.530     3950.767
807  mtMet+I+R3    1880.704     38  3837.408     3862.315     3953.786
817  mtMet+F+G4    1786.216     53  3678.432     3733.471     3840.750
818  mtMet+F+I+G4  1784.503     54  3677.006     3734.676     3842.386
820  mtMet+F+R3    1779.867     56  3671.735     3734.943     3843.240
828  mtMet+F+I+R2  1779.744     55  3669.488     3729.880     3837.930
829  mtMet+F+I+R3  1778.940     57  3671.881     3738.001     3846.449
839  mtVer+G4      1902.098     34  3872.197     3891.546     3976.325
840  mtVer+I+G4    1902.009     35  3874.018     3894.674     3981.209
842  mtVer+R3      1900.690     37  3875.381     3898.814     3988.697
850  mtVer+I+R2    1900.672     36  3873.345     3895.361     3983.598
851  mtVer+I+R3    1897.851     38  3871.701     3896.609     3988.080
861  mtVer+F+G4    1814.329     53  3734.658     3789.697     3896.976
862  mtVer+F+I+G4  1813.714     54  3735.428     3793.098     3900.808
864  mtVer+F+R3    1810.084     56  3732.169     3795.377     3903.674
872  mtVer+F+I+R2  1807.778     55  3725.556     3785.948     3893.999
873  mtVer+F+I+R3  1807.538     57  3729.076     3795.196     3903.643
883  mtInv+G4      1898.401     34  3864.801     3884.151     3968.930
884  mtInv+I+G4    1895.609     35  3861.218     3881.874     3968.409
886  mtInv+R3      1889.731     37  3853.461     3876.894     3966.777
894  mtInv+I+R2    1893.359     36  3858.719     3880.735     3968.972
895  mtInv+I+R3    1889.632     38  3855.264     3880.172     3971.643
905  mtInv+F+G4    1772.773     53  3651.546     3706.584     3813.863
906  mtInv+F+I+G4  1770.569     54  3649.138     3706.808     3814.518
908  mtInv+F+R3    1766.050     56  3644.100     3707.308     3815.606
916  mtInv+F+I+R2  1767.277     55  3644.554     3704.946     3812.997
917  mtInv+F+I+R3  1765.660     57  3645.320     3711.440     3819.888
927  mtMAM+G4      1918.495     34  3904.991     3924.340     4009.119
928  mtMAM+I+G4    1916.853     35  3903.707     3924.363     4010.898
930  mtMAM+R3      1925.272     37  3924.543     3947.976     4037.859
938  mtMAM+I+R2    1917.996     36  3907.993     3930.009     4018.246
939  mtMAM+I+R3    1911.334     38  3898.668     3923.575     4015.046
949  mtMAM+F+G4    1829.238     53  3764.475     3819.514     3926.793
950  mtMAM+F+I+G4  1829.580     54  3767.160     3824.830     3932.540
952  mtMAM+F+R3    1828.863     56  3769.726     3832.934     3941.232
960  mtMAM+F+I+R2  1823.069     55  3756.139     3816.531     3924.581
961  mtMAM+F+I+R3  1822.050     57  3758.100     3824.220     3932.668
WARNING: Normalizing state frequencies so that sum of them equals to 1
971  FLAVI+G4      1828.466     34  3724.931     3744.281     3829.060
WARNING: Normalizing state frequencies so that sum of them equals to 1
972  FLAVI+I+G4    1827.701     35  3725.403     3746.058     3832.594
WARNING: Normalizing state frequencies so that sum of them equals to 1
974  FLAVI+R3      1827.178     37  3728.356     3751.789     3841.672
WARNING: Normalizing state frequencies so that sum of them equals to 1
982  FLAVI+I+R2    1825.021     36  3722.042     3744.059     3832.296
WARNING: Normalizing state frequencies so that sum of them equals to 1
983  FLAVI+I+R3    1822.279     38  3720.557     3745.465     3836.936
WARNING: Normalizing state frequencies so that sum of them equals to 1
993  FLAVI+F+G4    1834.210     53  3774.419     3829.457     3936.737
WARNING: Normalizing state frequencies so that sum of them equals to 1
994  FLAVI+F+I+G4  1832.705     54  3773.410     3831.079     3938.790
WARNING: Normalizing state frequencies so that sum of them equals to 1
996  FLAVI+F+R3    1833.860     56  3779.719     3842.927     3951.224
WARNING: Normalizing state frequencies so that sum of them equals to 1
1004  FLAVI+F+I+R2  1833.405     55  3776.810     3837.202     3945.252
WARNING: Normalizing state frequencies so that sum of them equals to 1
1005  FLAVI+F+I+R3  1828.735     57  3771.470     3837.590     3946.038
1015  HIVb+G4       1814.380     34  3696.759     3716.109     3800.888
1016  HIVb+I+G4     1812.819     35  3695.638     3716.293     3802.829
1018  HIVb+R3       1810.277     37  3694.554     3717.987     3807.870
1026  HIVb+I+R2     1810.038     36  3692.077     3714.093     3802.330
1027  HIVb+I+R3     1807.298     38  3690.596     3715.503     3806.974
1037  HIVb+F+G4     1813.211     53  3732.421     3787.460     3894.739
1038  HIVb+F+I+G4   1811.253     54  3730.506     3788.176     3895.886
1040  HIVb+F+R3     1810.283     56  3732.565     3795.773     3904.071
1048  HIVb+F+I+R2   1809.136     55  3728.272     3788.664     3896.714
1049  HIVb+F+I+R3   1806.568     57  3727.135     3793.255     3901.703
1059  HIVw+G4       1893.108     34  3854.215     3873.565     3958.344
1060  HIVw+I+G4     1889.776     35  3849.553     3870.209     3956.744
1062  HIVw+R3       1887.236     37  3848.472     3871.906     3961.788
1070  HIVw+I+R2     1890.472     36  3852.943     3874.960     3963.197
1071  HIVw+I+R3     1884.419     38  3844.839     3869.747     3961.218
1081  HIVw+F+G4     1866.464     53  3838.928     3893.966     4001.245
1082  HIVw+F+I+G4   1863.363     54  3834.726     3892.396     4000.107
1084  HIVw+F+R3     1861.971     56  3835.943     3899.151     4007.448
1092  HIVw+F+I+R2   1864.791     55  3839.581     3899.973     4008.024
1093  HIVw+F+I+R3   1858.663     57  3831.326     3897.446     4005.893
1103  FLU+G4        1808.455     34  3684.910     3704.259     3789.038
1104  FLU+I+G4      1805.951     35  3681.902     3702.558     3789.093
1106  FLU+R3        1801.565     37  3677.130     3700.563     3790.446
1114  FLU+I+R2      1803.076     36  3678.152     3700.169     3788.406
1115  FLU+I+R3      1800.194     38  3676.388     3701.295     3792.766
1125  FLU+F+G4      1800.690     53  3707.380     3762.419     3869.698
1126  FLU+F+I+G4    1797.609     54  3703.218     3760.888     3868.598
1128  FLU+F+R3      1796.130     56  3704.260     3767.467     3875.765
1136  FLU+F+I+R2    1799.093     55  3708.185     3768.577     3876.628
1137  FLU+F+I+R3    1794.023     57  3702.047     3768.167     3876.614
1147  rtREV+G4      1764.397     34  3596.793     3616.143     3700.921
1148  rtREV+I+G4    1762.192     35  3594.384     3615.039     3701.575
1150  rtREV+R3      1758.623     37  3591.245     3614.678     3704.561
1158  rtREV+I+R2    1761.484     36  3594.969     3616.985     3705.222
1159  rtREV+I+R3    1758.569     38  3593.138     3618.046     3709.517
1169  rtREV+F+G4    1746.812     53  3599.625     3654.663     3761.942
1170  rtREV+F+I+G4  1745.311     54  3598.622     3656.292     3764.003
1172  rtREV+F+R3    1743.986     56  3599.973     3663.181     3771.478
1180  rtREV+F+I+R2  1745.653     55  3601.306     3661.698     3769.748
1181  rtREV+F+I+R3  1743.043     57  3600.086     3666.206     3774.653
1191  cpREV+G4      1776.236     34  3620.472     3639.822     3724.600
1192  cpREV+I+G4    1774.378     35  3618.756     3639.412     3725.947
1194  cpREV+R3      1769.974     37  3613.949     3637.382     3727.265
1202  cpREV+I+R2    1773.737     36  3619.475     3641.492     3729.728
1203  cpREV+I+R3    1769.439     38  3614.879     3639.786     3731.257
1213  cpREV+F+G4    1773.979     53  3653.958     3708.996     3816.275
1214  cpREV+F+I+G4  1773.068     54  3654.135     3711.805     3819.515
1216  cpREV+F+R3    1771.827     56  3655.653     3718.861     3827.159
1224  cpREV+F+I+R2  1773.366     55  3656.732     3717.124     3825.174
1225  cpREV+F+I+R3  1769.529     57  3653.058     3719.178     3827.626
Akaike Information Criterion:           LG+R3
Corrected Akaike Information Criterion: LG+I+G4
Bayesian Information Criterion:         LG+G4
Best-fit model: LG+G4 chosen according to BIC

All model information printed to FungalCW_tree_20231129/428342at4751.aa.mfa.model.gz
CPU time for ModelFinder: 55.227 seconds (0h:0m:55s)
Wall-clock time for ModelFinder: 28.093 seconds (0h:0m:28s)
WARNING: States(s) W rarely appear in alignment and may cause numerical problems
Generating 1000 samples for ultrafast bootstrap (seed: 533682)...

NOTE: 1 MB RAM (0 GB) is required!
Estimate model parameters (epsilon = 0.100)
1. Initial log-likelihood: -1739.372
Optimal log-likelihood: -1739.265
Gamma shape alpha: 0.411
Parameters optimization took 1 rounds (0.010 sec)
Wrote distance file to... 
Computing ML distances based on estimated model parameters...
Calculating distance matrix: done in 0.0233951 secs using 197.3% CPU
Computing ML distances took 0.023505 sec (of wall-clock time) 0.046313 sec (of CPU time)
Setting up auxiliary I and S matrices: done in 3.38554e-05 secs using 197.9% CPU
Constructing RapidNJ tree: done in 0.000117064 secs using 198.2% CPU
Computing RapidNJ tree took 0.000207 sec (of wall-clock time) 0.000411 sec (of CPU time)
Log-likelihood of RapidNJ tree: -1759.940
--------------------------------------------------------------------
|             INITIALIZING CANDIDATE TREE SET                      |
--------------------------------------------------------------------
Generating 98 parsimony trees... 0.157 second
Computing log-likelihood of 98 initial trees ... 0.301 seconds
Current best score: -1738.804

Do NNI search on 20 best initial trees
Optimizing NNI: done in 0.036299 secs using 191% CPU
Estimate model parameters (epsilon = 0.100)
BETTER TREE FOUND at iteration 1: -1736.006
Optimizing NNI: done in 0.041008 secs using 196.5% CPU
Optimizing NNI: done in 0.0233848 secs using 199.2% CPU
Optimizing NNI: done in 0.033149 secs using 198.3% CPU
Optimizing NNI: done in 0.041626 secs using 196.2% CPU
Estimate model parameters (epsilon = 0.100)
BETTER TREE FOUND at iteration 5: -1734.175
Optimizing NNI: done in 0.045938 secs using 198.1% CPU
Optimizing NNI: done in 0.0385969 secs using 197.9% CPU
Optimizing NNI: done in 0.038599 secs using 199.2% CPU
Optimizing NNI: done in 0.0473421 secs using 199.5% CPU
Optimizing NNI: done in 0.035183 secs using 197.2% CPU
Iteration 10 / LogL: -1736.053 / Time: 0h:0m:1s
Optimizing NNI: done in 0.0461679 secs using 197.7% CPU
Optimizing NNI: done in 0.028502 secs using 199.5% CPU
Estimate model parameters (epsilon = 0.100)
BETTER TREE FOUND at iteration 12: -1732.123
Optimizing NNI: done in 0.035084 secs using 198.6% CPU
Optimizing NNI: done in 0.079915 secs using 198.2% CPU
Optimizing NNI: done in 0.0573649 secs using 198.1% CPU
Optimizing NNI: done in 0.047986 secs using 198.9% CPU
Optimizing NNI: done in 0.030215 secs using 199% CPU
Optimizing NNI: done in 0.0410681 secs using 199.1% CPU
Optimizing NNI: done in 0.0602798 secs using 197.2% CPU
Optimizing NNI: done in 0.0529051 secs using 199.8% CPU
Iteration 20 / LogL: -1734.199 / Time: 0h:0m:1s
Finish initializing candidate tree set (11)
Current best tree score: -1732.123 / CPU time: 1.408
Number of iterations: 20
--------------------------------------------------------------------
|               OPTIMIZING CANDIDATE TREE SET                      |
--------------------------------------------------------------------
Optimizing NNI: done in 0.0545759 secs using 199.2% CPU
Optimizing NNI: done in 0.0402679 secs using 199.3% CPU
Optimizing NNI: done in 0.0716119 secs using 198.7% CPU
Optimizing NNI: done in 0.0500441 secs using 199.2% CPU
Optimizing NNI: done in 0.047699 secs using 198.8% CPU
Optimizing NNI: done in 0.0620818 secs using 199.1% CPU
Optimizing NNI: done in 0.0485728 secs using 198.6% CPU
Optimizing NNI: done in 0.0500629 secs using 198.5% CPU
Optimizing NNI: done in 0.0336702 secs using 199.4% CPU
Optimizing NNI: done in 0.0531271 secs using 198.6% CPU
Iteration 30 / LogL: -1735.622 / Time: 0h:0m:2s (0h:0m:6s left)
Optimizing NNI: done in 0.0413771 secs using 199.4% CPU
Optimizing NNI: done in 0.0542669 secs using 199.2% CPU
Optimizing NNI: done in 0.0528231 secs using 199.3% CPU
Optimizing NNI: done in 0.0524211 secs using 198.2% CPU
Optimizing NNI: done in 0.0379131 secs using 200.1% CPU
Optimizing NNI: done in 0.0707049 secs using 199.3% CPU
Optimizing NNI: done in 0.041585 secs using 198.5% CPU
Optimizing NNI: done in 0.0428081 secs using 199.1% CPU
Optimizing NNI: done in 0.055753 secs using 199.7% CPU
Optimizing NNI: done in 0.0393369 secs using 199.8% CPU
Iteration 40 / LogL: -1733.022 / Time: 0h:0m:2s (0h:0m:5s left)
Optimizing NNI: done in 0.0367029 secs using 200% CPU
Optimizing NNI: done in 0.0353339 secs using 197.3% CPU
Optimizing NNI: done in 0.0353231 secs using 200.2% CPU
Optimizing NNI: done in 0.0568419 secs using 199.4% CPU
Optimizing NNI: done in 0.052536 secs using 199.6% CPU
Optimizing NNI: done in 0.03932 secs using 199.9% CPU
Optimizing NNI: done in 0.0607169 secs using 199.6% CPU
Optimizing NNI: done in 0.027364 secs using 200.6% CPU
Optimizing NNI: done in 0.0272181 secs using 200% CPU
Optimizing NNI: done in 0.048625 secs using 199.1% CPU
Iteration 50 / LogL: -1732.214 / Time: 0h:0m:3s (0h:0m:4s left)
Log-likelihood cutoff on original alignment: -1760.486
Optimizing NNI: done in 0.0558071 secs using 199.1% CPU
Optimizing NNI: done in 0.0638251 secs using 199.7% CPU
Optimizing NNI: done in 0.0575709 secs using 199.2% CPU
Optimizing NNI: done in 0.0268919 secs using 201% CPU
Optimizing NNI: done in 0.0522768 secs using 199.5% CPU
Optimizing NNI: done in 0.0417461 secs using 198.6% CPU
Optimizing NNI: done in 0.0321569 secs using 200.2% CPU
Optimizing NNI: done in 0.0383019 secs using 199.8% CPU
Optimizing NNI: done in 0.0442259 secs using 200% CPU
Optimizing NNI: done in 0.0593669 secs using 197.7% CPU
Iteration 60 / LogL: -1732.147 / Time: 0h:0m:3s (0h:0m:3s left)
Optimizing NNI: done in 0.0406721 secs using 199.5% CPU
Optimizing NNI: done in 0.0827079 secs using 198.5% CPU
Optimizing NNI: done in 0.036134 secs using 199.3% CPU
Optimizing NNI: done in 0.0420749 secs using 198.9% CPU
Optimizing NNI: done in 0.0623438 secs using 199% CPU
Optimizing NNI: done in 0.04951 secs using 199.4% CPU
Optimizing NNI: done in 0.03566 secs using 198.8% CPU
Optimizing NNI: done in 0.051662 secs using 199.3% CPU
Optimizing NNI: done in 0.0702028 secs using 198.5% CPU
Optimizing NNI: done in 0.0421689 secs using 199% CPU
Iteration 70 / LogL: -1732.137 / Time: 0h:0m:4s (0h:0m:2s left)
Optimizing NNI: done in 0.0533218 secs using 198.8% CPU
Optimizing NNI: done in 0.0500929 secs using 199.1% CPU
Optimizing NNI: done in 0.0677469 secs using 198.7% CPU
Optimizing NNI: done in 0.0501449 secs using 198% CPU
Optimizing NNI: done in 0.039032 secs using 199.4% CPU
Optimizing NNI: done in 0.044688 secs using 199.1% CPU
Optimizing NNI: done in 0.0252481 secs using 198.9% CPU
Optimizing NNI: done in 0.042001 secs using 198.8% CPU
Optimizing NNI: done in 0.038255 secs using 198.3% CPU
Optimizing NNI: done in 0.0338321 secs using 198.8% CPU
Iteration 80 / LogL: -1732.128 / Time: 0h:0m:4s (0h:0m:1s left)
Optimizing NNI: done in 0.028312 secs using 200.5% CPU
Optimizing NNI: done in 0.039016 secs using 198.2% CPU
Optimizing NNI: done in 0.0415919 secs using 199.6% CPU
Optimizing NNI: done in 0.0463641 secs using 198.7% CPU
Optimizing NNI: done in 0.0474751 secs using 199.1% CPU
Optimizing NNI: done in 0.069736 secs using 199.2% CPU
Optimizing NNI: done in 0.0693259 secs using 198.7% CPU
Optimizing NNI: done in 0.04619 secs using 199.2% CPU
Optimizing NNI: done in 0.0398591 secs using 199.3% CPU
Optimizing NNI: done in 0.046154 secs using 198% CPU
Iteration 90 / LogL: -1735.610 / Time: 0h:0m:5s (0h:0m:1s left)
Optimizing NNI: done in 0.044503 secs using 197.7% CPU
Optimizing NNI: done in 0.0490491 secs using 198.7% CPU
Optimizing NNI: done in 0.056344 secs using 198.6% CPU
Optimizing NNI: done in 0.0495989 secs using 197.5% CPU
Optimizing NNI: done in 0.0819509 secs using 198.6% CPU
Optimizing NNI: done in 0.0423279 secs using 197.7% CPU
Optimizing NNI: done in 0.0374188 secs using 198.6% CPU
Optimizing NNI: done in 0.037621 secs using 199.6% CPU
Optimizing NNI: done in 0.0254579 secs using 201% CPU
Optimizing NNI: done in 0.046232 secs using 198.5% CPU
Iteration 100 / LogL: -1734.203 / Time: 0h:0m:5s (0h:0m:0s left)
Log-likelihood cutoff on original alignment: -1760.486
NOTE: Bootstrap correlation coefficient of split occurrence frequencies: 0.999
Optimizing NNI: done in 0.052943 secs using 198.1% CPU
Optimizing NNI: done in 0.0475168 secs using 198.6% CPU
Optimizing NNI: done in 0.0581999 secs using 199.2% CPU
Optimizing NNI: done in 0.0429459 secs using 198.8% CPU
Optimizing NNI: done in 0.048697 secs using 199.5% CPU
Optimizing NNI: done in 0.0568938 secs using 198.6% CPU
Optimizing NNI: done in 0.028399 secs using 199.6% CPU
Optimizing NNI: done in 0.052933 secs using 199.5% CPU
Optimizing NNI: done in 0.045939 secs using 200% CPU
Optimizing NNI: done in 0.065424 secs using 198.6% CPU
Iteration 110 / LogL: -1734.136 / Time: 0h:0m:6s (0h:0m:5s left)
Optimizing NNI: done in 0.039676 secs using 199.9% CPU
Optimizing NNI: done in 0.0433121 secs using 199.7% CPU
Optimizing NNI: done in 0.0461771 secs using 198.4% CPU
TREE SEARCH COMPLETED AFTER 113 ITERATIONS / Time: 0h:0m:6s

--------------------------------------------------------------------
|                    FINALIZING TREE SEARCH                        |
--------------------------------------------------------------------
Performs final model parameters optimization
Estimate model parameters (epsilon = 0.010)
1. Initial log-likelihood: -1732.123
Optimal log-likelihood: -1732.123
Gamma shape alpha: 0.432
Parameters optimization took 1 rounds (0.009 sec)
BEST SCORE FOUND : -1732.123

Testing tree branches by SH-like aLRT with 1000 replicates...
0.039 sec.
Creating bootstrap support values...
Split supports printed to NEXUS file FungalCW_tree_20231129/428342at4751.aa.mfa.splits.nex
Total tree length: 2.530

Total number of iterations: 113
CPU time used for tree search: 12.490 sec (0h:0m:12s)
Wall-clock time used for tree search: 6.353 sec (0h:0m:6s)
Total CPU time used: 13.057 sec (0h:0m:13s)
Total wall-clock time used: 6.803 sec (0h:0m:6s)

Computing bootstrap consensus tree...
Reading input file FungalCW_tree_20231129/428342at4751.aa.mfa.splits.nex...
18 taxa and 131 splits.
Consensus tree written to FungalCW_tree_20231129/428342at4751.aa.mfa.contree
Reading input trees file FungalCW_tree_20231129/428342at4751.aa.mfa.contree
Log-likelihood of consensus tree: -1732.220

Analysis results written to: 
  IQ-TREE report:                FungalCW_tree_20231129/428342at4751.aa.mfa.iqtree
  Maximum-likelihood tree:       FungalCW_tree_20231129/428342at4751.aa.mfa.treefile
  Likelihood distances:          FungalCW_tree_20231129/428342at4751.aa.mfa.mldist

Ultrafast bootstrap approximation results written to:
  Split support values:          FungalCW_tree_20231129/428342at4751.aa.mfa.splits.nex
  Consensus tree:                FungalCW_tree_20231129/428342at4751.aa.mfa.contree
  Screen log file:               FungalCW_tree_20231129/428342at4751.aa.mfa.log

Date and Time: Wed Nov 29 01:36:18 2023
