IQ-TREE multicore version 2.2.2.6 COVID-edition for Linux 64-bit built May 27 2023
Developed by Bui Quang Minh, James Barbetti, Nguyen Lam Tung,
Olga Chernomor, Heiko Schmidt, Dominik Schrempf, Michael Woodhams, Ly Trong Nhan.

Host:    r12 (AVX2, FMA3, 503 GB RAM)
Command: iqtree2 -s FungalCW_tree_20231129/441586at4751.aa.mfa -gz -B 1000 -alrt 1000 -nt 2
Seed:    324233 (Using SPRNG - Scalable Parallel Random Number Generator)
Time:    Wed Nov 29 01:36:25 2023
Kernel:  AVX+FMA - 2 threads (2 CPU cores detected)

Reading alignment file FungalCW_tree_20231129/441586at4751.aa.mfa ... Fasta format detected
Reading fasta file: done in 0.000299931 secs using 40.01% CPU
Alignment most likely contains protein sequences
Constructing alignment: done in 0.00082016 secs using 98.88% CPU
Alignment has 15 sequences with 485 columns, 462 distinct patterns
253 parsimony-informative, 166 singleton sites, 66 constant sites
                                                               Gap/Ambiguity  Composition  p-value
Analyzing sequences: done in 3.79086e-05 secs using 42.21% CPU
   1  Basidiobolus_meristosporus_CBS_931.73.Basme2finSC.v1            19.18%    passed     44.25%
   2  Botrytis_cinerea_T4                                             39.79%    passed     46.01%
   3  Colletotrichum_graminicola_M1.001                               35.46%    passed     90.85%
   4  Colletotrichum_higginsianum_IMI_349063                          35.46%    passed     79.56%
   5  Fusarium_graminearum_PH-1                                       28.45%    passed     95.93%
   6  Fusarium_verticillioides_7600                                   35.46%    passed     80.42%
   7  Gilbertella_persicaria_var_persicaria_CBS_190.32-T.Gilper1.v1   32.99%    passed     23.87%
   8  Mortierella_elongata_AG-77                                      36.91%    passed     90.73%
   9  Mucor_mucedo_NRRL_3635                                          37.53%    passed     64.28%
  10  Phycomyces_blakesleeanus_NRRL_1555.Phybl2.v2                    34.23%    passed     67.19%
  11  Rhizopus_stolonifer_NRRL_66455                                  46.60%    passed     28.21%
  12  Trichoderma_harzianum_CBS_226.95                                35.67%    passed     82.44%
  13  Umbelopsis_ramanniana_NRRL_5844.Umbra1.v1                       19.59%    passed     14.32%
  14  Ustilago_maydis                                                 29.48%    failed      0.23%
  15  Zymoseptoria_tritici_IP0323                                     38.56%    failed      3.94%
****  TOTAL                                                           33.69%  2 sequences failed composition chi2 test (p-value<5%; df=19)
Checking for duplicate sequences: done in 6.19888e-05 secs


Create initial parsimony tree by phylogenetic likelihood library (PLL)... 0.001 seconds
Perform fast likelihood tree search using LG+I+G model...
Estimate model parameters (epsilon = 5.000)
Perform nearest neighbor interchange...
Optimizing NNI: done in 0.0825591 secs using 198.9% CPU
Estimate model parameters (epsilon = 1.000)
1. Initial log-likelihood: -8696.330
Optimal log-likelihood: -8696.209
Proportion of invariable sites: 0.055
Gamma shape alpha: 1.560
Parameters optimization took 1 rounds (0.038 sec)
Time for fast ML tree search: 0.279 seconds

NOTE: ModelFinder requires 13 MB RAM!
ModelFinder will test up to 1232 protein models (sample size: 485) ...
 No. Model         -LnL         df  AIC          AICc         BIC
  1  LG            8926.476     27  17906.952    17910.260    18019.924
  2  LG+I          8823.605     28  17703.210    17706.771    17820.366
  3  LG+G4         8706.435     28  17468.871    17472.432    17586.027
  4  LG+I+G4       8696.202     29  17450.404    17454.228    17571.744
  5  LG+R2         8733.249     29  17524.497    17528.322    17645.838
  6  LG+R3         8701.153     31  17464.306    17468.685    17594.014
  7  LG+R4         8695.572     33  17457.144    17462.119    17595.221
 14  LG+I+R2       8706.047     30  17472.094    17476.191    17597.619
 15  LG+I+R3       8695.486     32  17454.973    17459.645    17588.865
 16  LG+I+R4       8695.138     34  17458.275    17463.564    17600.536
 26  LG+F+I+G4     8658.712     48  17413.424    17424.213    17614.263
 48  WAG+I+G4      8710.191     29  17478.382    17482.206    17599.722
 70  WAG+F+I+G4    8675.111     48  17446.221    17457.010    17647.060
 92  JTT+I+G4      8744.263     29  17546.527    17550.351    17667.867
114  JTT+F+I+G4    8674.668     48  17445.337    17456.126    17646.176
WARNING: Normalizing state frequencies so that sum of them equals to 1
136  Q.pfam+I+G4   8694.408     29  17446.816    17450.640    17568.156
WARNING: Normalizing state frequencies so that sum of them equals to 1
158  Q.pfam+F+I+G4 8650.963     48  17397.927    17408.716    17598.766
WARNING: Normalizing state frequencies so that sum of them equals to 1
180  Q.bird+I+G4   8851.428     29  17760.856    17764.681    17882.197
WARNING: Normalizing state frequencies so that sum of them equals to 1
202  Q.bird+F+I+G4 8767.211     48  17630.422    17641.211    17831.261
WARNING: Normalizing state frequencies so that sum of them equals to 1
224  Q.mammal+I+G4 8811.025     29  17680.050    17683.874    17801.390
WARNING: Normalizing state frequencies so that sum of them equals to 1
246  Q.mammal+F+I+G4 8729.320     48  17554.641    17565.430    17755.480
268  Q.insect+I+G4 8731.841     29  17521.683    17525.507    17643.023
290  Q.insect+F+I+G4 8655.320     48  17406.639    17417.428    17607.478
WARNING: Normalizing state frequencies so that sum of them equals to 1
312  Q.plant+I+G4  8774.286     29  17606.572    17610.396    17727.913
WARNING: Normalizing state frequencies so that sum of them equals to 1
334  Q.plant+F+I+G4 8712.281     48  17520.561    17531.350    17721.400
WARNING: Normalizing state frequencies so that sum of them equals to 1
356  Q.yeast+I+G4  8736.270     29  17530.540    17534.364    17651.880
WARNING: Normalizing state frequencies so that sum of them equals to 1
378  Q.yeast+F+I+G4 8646.402     48  17388.804    17399.593    17589.643
400  JTTDCMut+I+G4 8741.334     29  17540.667    17544.492    17662.008
422  JTTDCMut+F+I+G4 8673.021     48  17442.042    17452.831    17642.881
444  DCMut+I+G4    8774.197     29  17606.394    17610.219    17727.735
466  DCMut+F+I+G4  8681.796     48  17459.592    17470.381    17660.431
488  VT+I+G4       8716.789     29  17491.577    17495.402    17612.918
510  VT+F+I+G4     8670.644     48  17437.287    17448.076    17638.126
532  PMB+I+G4      8798.674     29  17655.349    17659.173    17776.689
554  PMB+F+I+G4    8713.455     48  17522.910    17533.699    17723.749
576  Blosum62+I+G4 8782.011     29  17622.022    17625.847    17743.363
598  Blosum62+F+I+G4 8707.477     48  17510.955    17521.744    17711.794
620  Dayhoff+I+G4  8773.892     29  17605.785    17609.609    17727.125
642  Dayhoff+F+I+G4 8681.596     48  17459.192    17469.981    17660.032
664  mtREV+I+G4    9402.138     29  18862.275    18866.100    18983.616
686  mtREV+F+I+G4  8783.977     48  17663.954    17674.743    17864.793
708  mtART+I+G4    9540.921     29  19139.841    19143.665    19261.181
730  mtART+F+I+G4  8814.945     48  17725.891    17736.680    17926.730
752  mtZOA+I+G4    9312.745     29  18683.490    18687.314    18804.830
774  mtZOA+F+I+G4  8760.778     48  17617.556    17628.345    17818.395
796  mtMet+I+G4    9453.237     29  18964.474    18968.299    19085.815
818  mtMet+F+I+G4  8766.238     48  17628.477    17639.266    17829.316
840  mtVer+I+G4    9452.009     29  18962.017    18965.842    19083.358
862  mtVer+F+I+G4  8846.967     48  17789.935    17800.724    17990.774
884  mtInv+I+G4    9558.320     29  19174.640    19178.465    19295.981
906  mtInv+F+I+G4  8732.448     48  17560.895    17571.684    17761.734
928  mtMAM+I+G4    9565.126     29  19188.252    19192.076    19309.592
950  mtMAM+F+I+G4  8897.096     48  17890.192    17900.981    18091.032
WARNING: Normalizing state frequencies so that sum of them equals to 1
972  FLAVI+I+G4    9006.949     29  18071.899    18075.723    18193.239
WARNING: Normalizing state frequencies so that sum of them equals to 1
994  FLAVI+F+I+G4  8906.923     48  17909.847    17920.636    18110.686
1016  HIVb+I+G4     8904.279     29  17866.557    17870.381    17987.898
1038  HIVb+F+I+G4   8794.092     48  17684.184    17694.973    17885.023
1060  HIVw+I+G4     9208.182     29  18474.363    18478.187    18595.703
1082  HIVw+F+I+G4   8926.477     48  17948.955    17959.744    18149.794
1104  FLU+I+G4      8909.544     29  17877.088    17880.912    17998.428
1126  FLU+F+I+G4    8771.207     48  17638.413    17649.202    17839.253
1148  rtREV+I+G4    8782.061     29  17622.123    17625.947    17743.463
1170  rtREV+F+I+G4  8673.542     48  17443.083    17453.872    17643.922
1192  cpREV+I+G4    8821.202     29  17700.404    17704.228    17821.745
1214  cpREV+F+I+G4  8735.413     48  17566.827    17577.616    17767.666
Akaike Information Criterion:           Q.yeast+F+I+G4
Corrected Akaike Information Criterion: Q.yeast+F+I+G4
Bayesian Information Criterion:         Q.pfam+I+G4
Best-fit model: Q.pfam+I+G4 chosen according to BIC

All model information printed to FungalCW_tree_20231129/441586at4751.aa.mfa.model.gz
CPU time for ModelFinder: 30.551 seconds (0h:0m:30s)
Wall-clock time for ModelFinder: 15.666 seconds (0h:0m:15s)
Generating 1000 samples for ultrafast bootstrap (seed: 324233)...
WARNING: Normalizing state frequencies so that sum of them equals to 1

NOTE: 6 MB RAM (0 GB) is required!
Estimate model parameters (epsilon = 0.100)
Thoroughly optimizing +I+G parameters from 10 start values...
Init pinv, alpha: 0.000, 1.616 / Estimate: 0.000, 1.108 / LogL: -8704.562
Init pinv, alpha: 0.015, 1.616 / Estimate: 0.052, 1.599 / LogL: -8694.423
Init pinv, alpha: 0.030, 1.616 / Estimate: 0.053, 1.612 / LogL: -8694.411
Init pinv, alpha: 0.045, 1.616 / Estimate: 0.053, 1.612 / LogL: -8694.415
Init pinv, alpha: 0.060, 1.616 / Estimate: 0.057, 1.638 / LogL: -8694.422
Init pinv, alpha: 0.076, 1.616 / Estimate: 0.056, 1.637 / LogL: -8694.408
Init pinv, alpha: 0.091, 1.616 / Estimate: 0.056, 1.646 / LogL: -8694.414
Init pinv, alpha: 0.106, 1.616 / Estimate: 0.057, 1.651 / LogL: -8694.420
Init pinv, alpha: 0.121, 1.616 / Estimate: 0.055, 1.641 / LogL: -8694.408
Init pinv, alpha: 0.136, 1.616 / Estimate: 0.056, 1.642 / LogL: -8694.409
Optimal pinv,alpha: 0.055, 1.641 / LogL: -8694.408

Parameters optimization took 1.574 sec
Wrote distance file to... 
Computing ML distances based on estimated model parameters...
Calculating distance matrix: done in 0.02227 secs using 195.1% CPU
Computing ML distances took 0.022449 sec (of wall-clock time) 0.043525 sec (of CPU time)
Setting up auxiliary I and S matrices: done in 5.6982e-05 secs
Constructing RapidNJ tree: done in 0.000188112 secs
Computing RapidNJ tree took 0.000318 sec (of wall-clock time) 0.000038 sec (of CPU time)
Log-likelihood of RapidNJ tree: -8705.604
--------------------------------------------------------------------
|             INITIALIZING CANDIDATE TREE SET                      |
--------------------------------------------------------------------
Generating 98 parsimony trees... 0.173 second
Computing log-likelihood of 98 initial trees ... 1.075 seconds
Current best score: -8694.408

Do NNI search on 20 best initial trees
Optimizing NNI: done in 0.0450449 secs using 198.4% CPU
Estimate model parameters (epsilon = 0.100)
BETTER TREE FOUND at iteration 1: -8694.404
Optimizing NNI: done in 0.0772521 secs using 198.1% CPU
Optimizing NNI: done in 0.140771 secs using 198.7% CPU
Optimizing NNI: done in 0.139599 secs using 198.3% CPU
Optimizing NNI: done in 0.120378 secs using 198.6% CPU
Optimizing NNI: done in 0.17645 secs using 197.4% CPU
Optimizing NNI: done in 0.17566 secs using 198% CPU
Optimizing NNI: done in 0.14633 secs using 198.3% CPU
Optimizing NNI: done in 0.147892 secs using 198.3% CPU
Optimizing NNI: done in 0.131089 secs using 198.6% CPU
Iteration 10 / LogL: -8694.520 / Time: 0h:0m:4s
Optimizing NNI: done in 0.142904 secs using 198.5% CPU
Optimizing NNI: done in 0.13157 secs using 198.2% CPU
Optimizing NNI: done in 0.210923 secs using 198.1% CPU
Optimizing NNI: done in 0.162135 secs using 197.6% CPU
Optimizing NNI: done in 0.122397 secs using 198.2% CPU
Optimizing NNI: done in 0.16526 secs using 198.1% CPU
Optimizing NNI: done in 0.0972271 secs using 198.7% CPU
Optimizing NNI: done in 0.196178 secs using 198.3% CPU
Optimizing NNI: done in 0.152256 secs using 198.2% CPU
Optimizing NNI: done in 0.166101 secs using 198.3% CPU
Iteration 20 / LogL: -8694.421 / Time: 0h:0m:6s
Finish initializing candidate tree set (2)
Current best tree score: -8694.404 / CPU time: 4.192
Number of iterations: 20
--------------------------------------------------------------------
|               OPTIMIZING CANDIDATE TREE SET                      |
--------------------------------------------------------------------
Optimizing NNI: done in 0.169505 secs using 198.7% CPU
Optimizing NNI: done in 0.252209 secs using 198.4% CPU
Optimizing NNI: done in 0.142384 secs using 198.2% CPU
Optimizing NNI: done in 0.149146 secs using 198.6% CPU
Optimizing NNI: done in 0.194742 secs using 198.5% CPU
Optimizing NNI: done in 0.140253 secs using 198.9% CPU
Optimizing NNI: done in 0.24529 secs using 198.3% CPU
Optimizing NNI: done in 0.162445 secs using 198.5% CPU
Optimizing NNI: done in 0.095603 secs using 198.8% CPU
Optimizing NNI: done in 0.116083 secs using 198.4% CPU
Iteration 30 / LogL: -8700.143 / Time: 0h:0m:7s (0h:0m:18s left)
Optimizing NNI: done in 0.265833 secs using 198.4% CPU
Optimizing NNI: done in 0.206344 secs using 198.5% CPU
Optimizing NNI: done in 0.20223 secs using 198.4% CPU
Optimizing NNI: done in 0.173657 secs using 198.4% CPU
Optimizing NNI: done in 0.19332 secs using 197.9% CPU
Optimizing NNI: done in 0.196657 secs using 198% CPU
Optimizing NNI: done in 0.175484 secs using 198.5% CPU
Optimizing NNI: done in 0.174238 secs using 198% CPU
Optimizing NNI: done in 0.135003 secs using 198.3% CPU
Optimizing NNI: done in 0.202752 secs using 198% CPU
Iteration 40 / LogL: -8696.699 / Time: 0h:0m:9s (0h:0m:15s left)
Optimizing NNI: done in 0.228927 secs using 198.6% CPU
Optimizing NNI: done in 0.131195 secs using 198.7% CPU
Optimizing NNI: done in 0.134815 secs using 198.2% CPU
Optimizing NNI: done in 0.138562 secs using 198% CPU
Optimizing NNI: done in 0.220342 secs using 198.4% CPU
Optimizing NNI: done in 0.117692 secs using 198.6% CPU
Optimizing NNI: done in 0.171321 secs using 198.4% CPU
Optimizing NNI: done in 0.1516 secs using 198.8% CPU
Optimizing NNI: done in 0.119205 secs using 198.1% CPU
Optimizing NNI: done in 0.169121 secs using 198.4% CPU
Iteration 50 / LogL: -8694.661 / Time: 0h:0m:11s (0h:0m:11s left)
Log-likelihood cutoff on original alignment: -8725.034
Optimizing NNI: done in 0.152212 secs using 198.2% CPU
Optimizing NNI: done in 0.16118 secs using 198.6% CPU
Optimizing NNI: done in 0.12093 secs using 198.5% CPU
Optimizing NNI: done in 0.157189 secs using 198.6% CPU
Optimizing NNI: done in 0.16958 secs using 198.7% CPU
Optimizing NNI: done in 0.155131 secs using 198.4% CPU
Optimizing NNI: done in 0.112189 secs using 199.2% CPU
Optimizing NNI: done in 0.094053 secs using 197.4% CPU
Optimizing NNI: done in 0.142259 secs using 198.2% CPU
Optimizing NNI: done in 0.119682 secs using 199% CPU
Iteration 60 / LogL: -8694.606 / Time: 0h:0m:12s (0h:0m:8s left)
Optimizing NNI: done in 0.150743 secs using 198.7% CPU
Optimizing NNI: done in 0.109972 secs using 198.8% CPU
Optimizing NNI: done in 0.173756 secs using 198.5% CPU
Optimizing NNI: done in 0.176016 secs using 198.5% CPU
Optimizing NNI: done in 0.192587 secs using 198.4% CPU
Optimizing NNI: done in 0.153142 secs using 198.8% CPU
Optimizing NNI: done in 0.182518 secs using 198.6% CPU
Optimizing NNI: done in 0.14817 secs using 198.9% CPU
Optimizing NNI: done in 0.195319 secs using 198.8% CPU
Optimizing NNI: done in 0.147458 secs using 198.9% CPU
Iteration 70 / LogL: -8730.080 / Time: 0h:0m:14s (0h:0m:6s left)
Optimizing NNI: done in 0.272628 secs using 198.5% CPU
Optimizing NNI: done in 0.140433 secs using 198.9% CPU
Optimizing NNI: done in 0.162372 secs using 198.5% CPU
Optimizing NNI: done in 0.19346 secs using 198.6% CPU
Optimizing NNI: done in 0.162817 secs using 199% CPU
Optimizing NNI: done in 0.227835 secs using 198.6% CPU
Optimizing NNI: done in 0.141808 secs using 198.7% CPU
Optimizing NNI: done in 0.236745 secs using 197.6% CPU
Optimizing NNI: done in 0.142849 secs using 198.8% CPU
Optimizing NNI: done in 0.172627 secs using 198.4% CPU
Iteration 80 / LogL: -8694.559 / Time: 0h:0m:16s (0h:0m:4s left)
Optimizing NNI: done in 0.255867 secs using 198.6% CPU
Optimizing NNI: done in 0.234721 secs using 198.5% CPU
Optimizing NNI: done in 0.164127 secs using 198.3% CPU
Optimizing NNI: done in 0.213984 secs using 198.2% CPU
Optimizing NNI: done in 0.154887 secs using 198.5% CPU
Optimizing NNI: done in 0.132443 secs using 199% CPU
Optimizing NNI: done in 0.126346 secs using 198.6% CPU
Optimizing NNI: done in 0.1273 secs using 198.8% CPU
Optimizing NNI: done in 0.212848 secs using 198.8% CPU
Optimizing NNI: done in 0.179337 secs using 198.7% CPU
Iteration 90 / LogL: -8694.757 / Time: 0h:0m:18s (0h:0m:2s left)
Optimizing NNI: done in 0.117076 secs using 198.9% CPU
Optimizing NNI: done in 0.16245 secs using 198.6% CPU
Optimizing NNI: done in 0.158734 secs using 198% CPU
Optimizing NNI: done in 0.120371 secs using 199.1% CPU
Optimizing NNI: done in 0.0808339 secs using 198.5% CPU
Optimizing NNI: done in 0.138571 secs using 198.9% CPU
Optimizing NNI: done in 0.175381 secs using 198.6% CPU
Optimizing NNI: done in 0.161483 secs using 198.7% CPU
Optimizing NNI: done in 0.13119 secs using 199% CPU
Optimizing NNI: done in 0.185694 secs using 198.6% CPU
Iteration 100 / LogL: -8694.492 / Time: 0h:0m:19s (0h:0m:0s left)
Log-likelihood cutoff on original alignment: -8717.819
NOTE: Bootstrap correlation coefficient of split occurrence frequencies: 0.999
Optimizing NNI: done in 0.132231 secs using 197.5% CPU
Optimizing NNI: done in 0.182053 secs using 198.5% CPU
TREE SEARCH COMPLETED AFTER 102 ITERATIONS / Time: 0h:0m:20s

--------------------------------------------------------------------
|                    FINALIZING TREE SEARCH                        |
--------------------------------------------------------------------
Performs final model parameters optimization
Estimate model parameters (epsilon = 0.010)
1. Initial log-likelihood: -8694.404
Optimal log-likelihood: -8694.404
Proportion of invariable sites: 0.055
Gamma shape alpha: 1.630
Parameters optimization took 1 rounds (0.035 sec)
BEST SCORE FOUND : -8694.404

Testing tree branches by SH-like aLRT with 1000 replicates...
0.119 sec.
Creating bootstrap support values...
Split supports printed to NEXUS file FungalCW_tree_20231129/441586at4751.aa.mfa.splits.nex
Total tree length: 13.252

Total number of iterations: 102
CPU time used for tree search: 36.488 sec (0h:0m:36s)
Wall-clock time used for tree search: 18.419 sec (0h:0m:18s)
Total CPU time used: 40.383 sec (0h:0m:40s)
Total wall-clock time used: 20.454 sec (0h:0m:20s)

Computing bootstrap consensus tree...
Reading input file FungalCW_tree_20231129/441586at4751.aa.mfa.splits.nex...
15 taxa and 54 splits.
Consensus tree written to FungalCW_tree_20231129/441586at4751.aa.mfa.contree
Reading input trees file FungalCW_tree_20231129/441586at4751.aa.mfa.contree
Log-likelihood of consensus tree: -8694.404

Analysis results written to: 
  IQ-TREE report:                FungalCW_tree_20231129/441586at4751.aa.mfa.iqtree
  Maximum-likelihood tree:       FungalCW_tree_20231129/441586at4751.aa.mfa.treefile
  Likelihood distances:          FungalCW_tree_20231129/441586at4751.aa.mfa.mldist

Ultrafast bootstrap approximation results written to:
  Split support values:          FungalCW_tree_20231129/441586at4751.aa.mfa.splits.nex
  Consensus tree:                FungalCW_tree_20231129/441586at4751.aa.mfa.contree
  Screen log file:               FungalCW_tree_20231129/441586at4751.aa.mfa.log

Date and Time: Wed Nov 29 01:37:01 2023
