IQ-TREE multicore version 2.2.2.6 COVID-edition for Linux 64-bit built May 27 2023
Developed by Bui Quang Minh, James Barbetti, Nguyen Lam Tung,
Olga Chernomor, Heiko Schmidt, Dominik Schrempf, Michael Woodhams, Ly Trong Nhan.

Host:    i24 (AVX2, FMA3, 503 GB RAM)
Command: iqtree2 -s FungalCW_tree_20231129/447424at4751.aa.mfa -gz -B 1000 -alrt 1000 -nt 2
Seed:    284725 (Using SPRNG - Scalable Parallel Random Number Generator)
Time:    Wed Nov 29 01:41:18 2023
Kernel:  AVX+FMA - 2 threads (2 CPU cores detected)

Reading alignment file FungalCW_tree_20231129/447424at4751.aa.mfa ... Fasta format detected
Reading fasta file: done in 0.000243902 secs using 25.01% CPU
Alignment most likely contains protein sequences
Constructing alignment: done in 0.00109506 secs using 92.78% CPU
Alignment has 18 sequences with 467 columns, 434 distinct patterns
249 parsimony-informative, 144 singleton sites, 74 constant sites
                                                               Gap/Ambiguity  Composition  p-value
Analyzing sequences: done in 3.38554e-05 secs using 121.1% CPU
   1  Basidiobolus_meristosporus_CBS_931.73.Basme2finSC.v1            40.47%    passed     92.48%
   2  Botrytis_cinerea_T4                                             30.62%    passed     99.74%
   3  Capillidium_pumilum_ARSEF_79                                    49.68%    passed     31.96%
   4  Colletotrichum_graminicola_M1.001                               31.26%    passed     99.97%
   5  Colletotrichum_higginsianum_IMI_349063                          15.20%    passed     92.49%
   6  Fusarium_graminearum_PH-1                                       30.62%    passed    100.00%
   7  Fusarium_verticillioides_7600                                   30.62%    passed     99.84%
   8  Gilbertella_persicaria_var_persicaria_CBS_190.32-T.Gilper1.v1   30.84%    passed     98.71%
   9  Mortierella_elongata_AG-77                                      50.11%    passed     12.06%
  10  Mucor_mucedo_NRRL_3635                                          20.13%    passed      8.85%
  11  Neoconidiobolus_thromboides_FSU_785.Conth1.v1                   27.62%    passed     32.93%
  12  Phycomyces_blakesleeanus_NRRL_1555.Phybl2.v2                    49.68%    passed     36.17%
  13  Rhizopus_stolonifer_NRRL_66455                                  28.05%    passed     97.66%
  14  Trichoderma_harzianum_CBS_226.95                                31.48%    passed     99.99%
  15  Umbelopsis_ramanniana_NRRL_5844.Umbra1.v1                       25.48%    passed     87.58%
  16  Ustilago_maydis                                                 22.06%    passed     20.92%
  17  Zoophthora_radicans_ATCC_208865                                 29.55%    passed     40.74%
  18  Zymoseptoria_tritici_IP0323                                     27.19%    passed     97.42%
WARNING: 1 sequences contain more than 50% gaps/ambiguity
****  TOTAL                                                           31.70%  0 sequences failed composition chi2 test (p-value<5%; df=19)
Checking for duplicate sequences: done in 0.000105858 secs using 198.4% CPU


Create initial parsimony tree by phylogenetic likelihood library (PLL)... 0.003 seconds
Perform fast likelihood tree search using LG+I+G model...
Estimate model parameters (epsilon = 5.000)
Perform nearest neighbor interchange...
Optimizing NNI: done in 0.1474 secs using 198.4% CPU
Estimate model parameters (epsilon = 1.000)
1. Initial log-likelihood: -8392.226
Optimal log-likelihood: -8391.853
Proportion of invariable sites: 0.039
Gamma shape alpha: 0.762
Parameters optimization took 1 rounds (0.099 sec)
Time for fast ML tree search: 0.551 seconds

NOTE: ModelFinder requires 14 MB RAM!
ModelFinder will test up to 1232 protein models (sample size: 467) ...
 No. Model         -LnL         df  AIC          AICc         BIC
  1  LG            8787.715     33  17641.430    17646.612    17778.258
  2  LG+I          8668.969     34  17405.938    17411.448    17546.914
  3  LG+G4         8390.328     34  16848.656    16854.165    16989.631
  4  LG+I+G4       8391.100     35  16852.199    16858.046    16997.321
  5  LG+R2         8438.831     35  16947.661    16953.508    17092.783
  6  LG+R3         8396.973     37  16867.945    16874.500    17021.359
  7  LG+R4         8388.438     39  16854.876    16862.183    17016.583
  8  LG+R5         8388.670     41  16859.340    16867.443    17029.339
 14  LG+I+R2       8419.514     36  16911.028    16917.223    17060.296
 15  LG+I+R3       8394.261     38  16864.522    16871.447    17022.083
 16  LG+I+R4       8388.792     40  16857.584    16865.283    17023.437
 25  LG+F+G4       8169.266     53  16444.532    16458.391    16664.287
 26  LG+F+I+G4     8169.823     54  16447.646    16462.063    16671.548
 47  WAG+G4        8376.957     34  16821.914    16827.423    16962.889
 48  WAG+I+G4      8377.318     35  16824.637    16830.484    16969.758
 69  WAG+F+G4      8187.516     53  16481.032    16494.892    16700.787
 70  WAG+F+I+G4    8187.691     54  16483.382    16497.800    16707.284
 91  JTT+G4        8347.729     34  16763.458    16768.967    16904.433
 92  JTT+I+G4      8347.963     35  16765.927    16771.774    16911.048
113  JTT+F+G4      8178.842     53  16463.683    16477.543    16683.439
114  JTT+F+I+G4    8179.009     54  16466.018    16480.435    16689.920
WARNING: Normalizing state frequencies so that sum of them equals to 1
135  Q.pfam+G4     8373.799     34  16815.598    16821.107    16956.573
WARNING: Normalizing state frequencies so that sum of them equals to 1
136  Q.pfam+I+G4   8374.525     35  16819.051    16824.898    16964.172
WARNING: Normalizing state frequencies so that sum of them equals to 1
157  Q.pfam+F+G4   8164.000     53  16434.000    16447.860    16653.756
WARNING: Normalizing state frequencies so that sum of them equals to 1
158  Q.pfam+F+I+G4 8164.607     54  16437.215    16451.632    16661.117
WARNING: Normalizing state frequencies so that sum of them equals to 1
179  Q.bird+G4     8450.282     34  16968.564    16974.073    17109.539
WARNING: Normalizing state frequencies so that sum of them equals to 1
180  Q.bird+I+G4   8450.687     35  16971.374    16977.221    17116.495
WARNING: Normalizing state frequencies so that sum of them equals to 1
201  Q.bird+F+G4   8267.675     53  16641.350    16655.209    16861.105
WARNING: Normalizing state frequencies so that sum of them equals to 1
202  Q.bird+F+I+G4 8268.200     54  16644.400    16658.818    16868.302
WARNING: Normalizing state frequencies so that sum of them equals to 1
223  Q.mammal+G4   8413.129     34  16894.258    16899.768    17035.234
WARNING: Normalizing state frequencies so that sum of them equals to 1
224  Q.mammal+I+G4 8413.393     35  16896.787    16902.634    17041.908
WARNING: Normalizing state frequencies so that sum of them equals to 1
245  Q.mammal+F+G4 8228.108     53  16562.216    16576.076    16781.972
WARNING: Normalizing state frequencies so that sum of them equals to 1
246  Q.mammal+F+I+G4 8228.541     54  16565.082    16579.500    16788.984
267  Q.insect+G4   8420.609     34  16909.217    16914.726    17050.192
268  Q.insect+I+G4 8420.605     35  16911.210    16917.057    17056.331
289  Q.insect+F+G4 8157.761     53  16421.523    16435.382    16641.278
290  Q.insect+F+I+G4 8157.681     54  16423.362    16437.779    16647.264
WARNING: Normalizing state frequencies so that sum of them equals to 1
311  Q.plant+G4    8433.370     34  16934.741    16940.250    17075.716
WARNING: Normalizing state frequencies so that sum of them equals to 1
312  Q.plant+I+G4  8433.964     35  16937.928    16943.775    17083.049
WARNING: Normalizing state frequencies so that sum of them equals to 1
333  Q.plant+F+G4  8207.582     53  16521.163    16535.023    16740.919
WARNING: Normalizing state frequencies so that sum of them equals to 1
334  Q.plant+F+I+G4 8208.078     54  16524.156    16538.574    16748.058
WARNING: Normalizing state frequencies so that sum of them equals to 1
355  Q.yeast+G4    8441.815     34  16951.630    16957.140    17092.606
WARNING: Normalizing state frequencies so that sum of them equals to 1
356  Q.yeast+I+G4  8442.463     35  16954.927    16960.774    17100.048
WARNING: Normalizing state frequencies so that sum of them equals to 1
377  Q.yeast+F+G4  8158.814     53  16423.627    16437.487    16643.383
WARNING: Normalizing state frequencies so that sum of them equals to 1
378  Q.yeast+F+I+G4 8159.286     54  16426.572    16440.990    16650.474
399  JTTDCMut+G4   8350.362     34  16768.723    16774.233    16909.698
400  JTTDCMut+I+G4 8350.677     35  16771.354    16777.201    16916.476
421  JTTDCMut+F+G4 8182.131     53  16470.261    16484.121    16690.017
422  JTTDCMut+F+I+G4 8182.375     54  16472.750    16487.167    16696.651
443  DCMut+G4      8455.061     34  16978.121    16983.630    17119.096
444  DCMut+I+G4    8455.319     35  16980.638    16986.485    17125.759
465  DCMut+F+G4    8234.587     53  16575.174    16589.034    16794.930
466  DCMut+F+I+G4  8234.903     54  16577.806    16592.224    16801.708
487  VT+G4         8354.695     34  16777.391    16782.900    16918.366
488  VT+I+G4       8354.696     35  16779.392    16785.239    16924.514
509  VT+F+G4       8174.328     53  16454.657    16468.516    16674.412
510  VT+F+I+G4     8174.178     54  16456.355    16470.773    16680.257
531  PMB+G4        8391.551     34  16851.102    16856.611    16992.077
532  PMB+I+G4      8390.886     35  16851.772    16857.619    16996.893
553  PMB+F+G4      8207.013     53  16520.026    16533.886    16739.782
554  PMB+F+I+G4    8206.276     54  16520.553    16534.970    16744.454
575  Blosum62+G4   8414.565     34  16897.129    16902.639    17038.105
576  Blosum62+I+G4 8414.252     35  16898.505    16904.352    17043.627
597  Blosum62+F+G4 8203.241     53  16512.483    16526.342    16732.238
598  Blosum62+F+I+G4 8202.680     54  16513.359    16527.777    16737.261
619  Dayhoff+G4    8455.224     34  16978.448    16983.957    17119.423
620  Dayhoff+I+G4  8455.482     35  16980.964    16986.810    17126.085
641  Dayhoff+F+G4  8234.574     53  16575.148    16589.007    16794.903
642  Dayhoff+F+I+G4 8234.893     54  16577.786    16592.203    16801.688
663  mtREV+G4      8602.895     34  17273.790    17279.300    17414.766
664  mtREV+I+G4    8603.518     35  17277.036    17282.883    17422.158
685  mtREV+F+G4    8259.104     53  16624.208    16638.068    16843.964
686  mtREV+F+I+G4  8259.839     54  16627.678    16642.096    16851.580
707  mtART+G4      8639.791     34  17347.583    17353.092    17488.558
708  mtART+I+G4    8639.422     35  17348.843    17354.690    17493.965
729  mtART+F+G4    8289.064     53  16684.128    16697.988    16903.884
730  mtART+F+I+G4  8289.806     54  16687.613    16702.030    16911.515
751  mtZOA+G4      8534.298     34  17136.595    17142.105    17277.571
752  mtZOA+I+G4    8534.020     35  17138.040    17143.887    17283.162
773  mtZOA+F+G4    8219.601     53  16545.201    16559.061    16764.957
774  mtZOA+F+I+G4  8220.167     54  16548.333    16562.751    16772.235
795  mtMet+G4      8611.076     34  17290.152    17295.661    17431.127
796  mtMet+I+G4    8611.254     35  17292.508    17298.355    17437.629
817  mtMet+F+G4    8218.646     53  16543.293    16557.152    16763.048
818  mtMet+F+I+G4  8219.196     54  16546.392    16560.810    16770.294
839  mtVer+G4      8652.283     34  17372.566    17378.075    17513.541
840  mtVer+I+G4    8652.045     35  17374.090    17379.937    17519.211
861  mtVer+F+G4    8293.120     53  16692.240    16706.099    16911.995
862  mtVer+F+I+G4  8293.759     54  16695.517    16709.935    16919.419
883  mtInv+G4      8683.736     34  17435.473    17440.982    17576.448
884  mtInv+I+G4    8683.885     35  17437.769    17443.616    17582.891
905  mtInv+F+G4    8184.517     53  16475.035    16488.894    16694.790
906  mtInv+F+I+G4  8185.077     54  16478.153    16492.571    16702.055
927  mtMAM+G4      8754.143     34  17576.287    17581.796    17717.262
928  mtMAM+I+G4    8754.215     35  17578.430    17584.276    17723.551
949  mtMAM+F+G4    8395.013     53  16896.026    16909.885    17115.781
950  mtMAM+F+I+G4  8395.664     54  16899.328    16913.745    17123.229
WARNING: Normalizing state frequencies so that sum of them equals to 1
971  FLAVI+G4      8611.470     34  17290.939    17296.449    17431.915
WARNING: Normalizing state frequencies so that sum of them equals to 1
972  FLAVI+I+G4    8611.861     35  17293.723    17299.569    17438.844
WARNING: Normalizing state frequencies so that sum of them equals to 1
993  FLAVI+F+G4    8360.860     53  16827.720    16841.579    17047.475
WARNING: Normalizing state frequencies so that sum of them equals to 1
994  FLAVI+F+I+G4  8361.458     54  16830.916    16845.333    17054.817
1015  HIVb+G4       8530.988     34  17129.976    17135.486    17270.951
1016  HIVb+I+G4     8531.135     35  17132.271    17138.118    17277.392
1037  HIVb+F+G4     8295.956     53  16697.912    16711.772    16917.668
1038  HIVb+F+I+G4   8296.195     54  16700.389    16714.807    16924.291
1059  HIVw+G4       8751.485     34  17570.970    17576.479    17711.945
1060  HIVw+I+G4     8751.999     35  17573.998    17579.844    17719.119
1081  HIVw+F+G4     8446.666     53  16999.331    17013.191    17219.087
1082  HIVw+F+I+G4   8447.136     54  17002.271    17016.689    17226.173
1103  FLU+G4        8471.930     34  17011.860    17017.370    17152.836
1104  FLU+I+G4      8472.788     35  17015.576    17021.423    17160.697
1125  FLU+F+G4      8255.315     53  16616.630    16630.489    16836.385
1126  FLU+F+I+G4    8256.041     54  16620.082    16634.499    16843.983
1147  rtREV+G4      8410.278     34  16888.555    16894.065    17029.530
1148  rtREV+I+G4    8411.054     35  16892.108    16897.955    17037.230
1169  rtREV+F+G4    8204.892     53  16515.784    16529.643    16735.539
1170  rtREV+F+I+G4  8205.518     54  16519.035    16533.453    16742.937
1191  cpREV+G4      8424.986     34  16917.971    16923.480    17058.946
1192  cpREV+I+G4    8425.177     35  16920.353    16926.200    17065.475
1213  cpREV+F+G4    8218.518     53  16543.036    16556.896    16762.791
1214  cpREV+F+I+G4  8217.799     54  16543.599    16558.016    16767.500
Akaike Information Criterion:           Q.insect+F+G4
Corrected Akaike Information Criterion: Q.insect+F+G4
Bayesian Information Criterion:         Q.insect+F+G4
Best-fit model: Q.insect+F+G4 chosen according to BIC

All model information printed to FungalCW_tree_20231129/447424at4751.aa.mfa.model.gz
CPU time for ModelFinder: 63.092 seconds (0h:1m:3s)
Wall-clock time for ModelFinder: 32.005 seconds (0h:0m:32s)
Generating 1000 samples for ultrafast bootstrap (seed: 284725)...

NOTE: 6 MB RAM (0 GB) is required!
Estimate model parameters (epsilon = 0.100)
1. Initial log-likelihood: -8157.761
Optimal log-likelihood: -8157.753
Gamma shape alpha: 0.685
Parameters optimization took 1 rounds (0.048 sec)
Wrote distance file to... 
Computing ML distances based on estimated model parameters...
Calculating distance matrix: done in 0.037874 secs using 198.1% CPU
Computing ML distances took 0.038143 sec (of wall-clock time) 0.075544 sec (of CPU time)
Setting up auxiliary I and S matrices: done in 6.29425e-05 secs using 198.6% CPU
Constructing RapidNJ tree: done in 0.00019598 secs
Computing RapidNJ tree took 0.000389 sec (of wall-clock time) 0.000146 sec (of CPU time)
Log-likelihood of RapidNJ tree: -8172.653
--------------------------------------------------------------------
|             INITIALIZING CANDIDATE TREE SET                      |
--------------------------------------------------------------------
Generating 98 parsimony trees... 0.317 second
Computing log-likelihood of 98 initial trees ... 1.581 seconds
Current best score: -8157.753

Do NNI search on 20 best initial trees
Optimizing NNI: done in 0.073427 secs using 198.4% CPU
Estimate model parameters (epsilon = 0.100)
BETTER TREE FOUND at iteration 1: -8157.751
Optimizing NNI: done in 0.235788 secs using 196.8% CPU
Optimizing NNI: done in 0.200432 secs using 198.2% CPU
Optimizing NNI: done in 0.264009 secs using 197.8% CPU
Optimizing NNI: done in 0.234846 secs using 197% CPU
Estimate model parameters (epsilon = 0.100)
UPDATE BEST LOG-LIKELIHOOD: -8156.769
Optimizing NNI: done in 0.243836 secs using 197.8% CPU
Optimizing NNI: done in 0.183603 secs using 197.6% CPU
Optimizing NNI: done in 0.216054 secs using 197.3% CPU
Optimizing NNI: done in 0.32504 secs using 197.6% CPU
Optimizing NNI: done in 0.24162 secs using 198.2% CPU
Iteration 10 / LogL: -8160.052 / Time: 0h:0m:4s
Optimizing NNI: done in 0.254019 secs using 197.7% CPU
Optimizing NNI: done in 0.203962 secs using 198.3% CPU
Optimizing NNI: done in 0.298709 secs using 197.9% CPU
Optimizing NNI: done in 0.34641 secs using 197.7% CPU
Optimizing NNI: done in 0.215312 secs using 196.4% CPU
Optimizing NNI: done in 0.190635 secs using 197.7% CPU
Optimizing NNI: done in 0.293008 secs using 197% CPU
Optimizing NNI: done in 0.236311 secs using 198.4% CPU
Optimizing NNI: done in 0.236393 secs using 197.8% CPU
Optimizing NNI: done in 0.203022 secs using 197.3% CPU
Iteration 20 / LogL: -8157.946 / Time: 0h:0m:7s
Finish initializing candidate tree set (3)
Current best tree score: -8156.769 / CPU time: 6.820
Number of iterations: 20
--------------------------------------------------------------------
|               OPTIMIZING CANDIDATE TREE SET                      |
--------------------------------------------------------------------
Optimizing NNI: done in 0.291509 secs using 198.3% CPU
Optimizing NNI: done in 0.230838 secs using 198.4% CPU
Optimizing NNI: done in 0.194065 secs using 197.9% CPU
Optimizing NNI: done in 0.321047 secs using 197.6% CPU
Optimizing NNI: done in 0.273786 secs using 197.3% CPU
Optimizing NNI: done in 0.217001 secs using 198.3% CPU
Optimizing NNI: done in 0.204727 secs using 197.8% CPU
Optimizing NNI: done in 0.204188 secs using 197.9% CPU
Optimizing NNI: done in 0.194067 secs using 198.2% CPU
Optimizing NNI: done in 0.204993 secs using 198.3% CPU
Iteration 30 / LogL: -8157.876 / Time: 0h:0m:9s (0h:0m:23s left)
Optimizing NNI: done in 0.198525 secs using 197.9% CPU
Optimizing NNI: done in 0.156093 secs using 196.4% CPU
Optimizing NNI: done in 0.315399 secs using 198% CPU
Optimizing NNI: done in 0.21819 secs using 197.4% CPU
Optimizing NNI: done in 0.127833 secs using 196.6% CPU
Optimizing NNI: done in 0.223201 secs using 198.3% CPU
Optimizing NNI: done in 0.270456 secs using 198.5% CPU
Optimizing NNI: done in 0.20186 secs using 197.8% CPU
Optimizing NNI: done in 0.273775 secs using 196.9% CPU
Optimizing NNI: done in 0.182792 secs using 198.4% CPU
Iteration 40 / LogL: -8156.843 / Time: 0h:0m:11s (0h:0m:18s left)
Optimizing NNI: done in 0.247167 secs using 198% CPU
Optimizing NNI: done in 0.23827 secs using 197% CPU
Optimizing NNI: done in 0.300592 secs using 197.4% CPU
Optimizing NNI: done in 0.254282 secs using 197.7% CPU
Optimizing NNI: done in 0.17609 secs using 197.8% CPU
Optimizing NNI: done in 0.348458 secs using 198.1% CPU
Optimizing NNI: done in 0.444368 secs using 197.7% CPU
Optimizing NNI: done in 0.21174 secs using 197.8% CPU
Optimizing NNI: done in 0.195236 secs using 197.4% CPU
Optimizing NNI: done in 0.172892 secs using 197.8% CPU
Iteration 50 / LogL: -8156.789 / Time: 0h:0m:14s (0h:0m:15s left)
Log-likelihood cutoff on original alignment: -8188.497
Optimizing NNI: done in 0.276606 secs using 198% CPU
Optimizing NNI: done in 0.211918 secs using 197.1% CPU
Optimizing NNI: done in 0.190594 secs using 198% CPU
Optimizing NNI: done in 0.201265 secs using 197.4% CPU
Optimizing NNI: done in 0.149761 secs using 197.7% CPU
Optimizing NNI: done in 0.175706 secs using 198.4% CPU
Optimizing NNI: done in 0.128554 secs using 196.9% CPU
Optimizing NNI: done in 0.19277 secs using 198.4% CPU
Optimizing NNI: done in 0.215471 secs using 198.3% CPU
Optimizing NNI: done in 0.256502 secs using 197.9% CPU
Iteration 60 / LogL: -8156.781 / Time: 0h:0m:16s (0h:0m:11s left)
Optimizing NNI: done in 0.331159 secs using 198.2% CPU
Optimizing NNI: done in 0.279318 secs using 197.7% CPU
Optimizing NNI: done in 0.197114 secs using 198% CPU
Optimizing NNI: done in 0.24394 secs using 198.5% CPU
Optimizing NNI: done in 0.256456 secs using 198.5% CPU
Optimizing NNI: done in 0.298395 secs using 197.5% CPU
Optimizing NNI: done in 0.160549 secs using 197.3% CPU
Optimizing NNI: done in 0.176563 secs using 198% CPU
Optimizing NNI: done in 0.200071 secs using 197.5% CPU
Optimizing NNI: done in 0.221043 secs using 198.1% CPU
Iteration 70 / LogL: -8157.632 / Time: 0h:0m:19s (0h:0m:8s left)
Optimizing NNI: done in 0.297967 secs using 198.6% CPU
Optimizing NNI: done in 0.313637 secs using 197.6% CPU
Optimizing NNI: done in 0.186088 secs using 196.2% CPU
Optimizing NNI: done in 0.138914 secs using 196.4% CPU
Optimizing NNI: done in 0.320389 secs using 198.2% CPU
Optimizing NNI: done in 0.328557 secs using 197.6% CPU
Optimizing NNI: done in 0.297507 secs using 197.5% CPU
Optimizing NNI: done in 0.186879 secs using 197.6% CPU
Optimizing NNI: done in 0.214203 secs using 198.9% CPU
Optimizing NNI: done in 0.283191 secs using 198.2% CPU
Iteration 80 / LogL: -8157.825 / Time: 0h:0m:22s (0h:0m:5s left)
Optimizing NNI: done in 0.355401 secs using 196.8% CPU
Optimizing NNI: done in 0.274525 secs using 198.1% CPU
Optimizing NNI: done in 0.297898 secs using 198.5% CPU
Optimizing NNI: done in 0.369333 secs using 197.8% CPU
Optimizing NNI: done in 0.220761 secs using 198.3% CPU
Optimizing NNI: done in 0.318655 secs using 198.6% CPU
Optimizing NNI: done in 0.192103 secs using 197.9% CPU
Optimizing NNI: done in 0.168551 secs using 197.2% CPU
Optimizing NNI: done in 0.214734 secs using 197% CPU
Optimizing NNI: done in 0.205285 secs using 197.9% CPU
Iteration 90 / LogL: -8157.093 / Time: 0h:0m:24s (0h:0m:3s left)
Optimizing NNI: done in 0.28684 secs using 198.1% CPU
Optimizing NNI: done in 0.320965 secs using 197.7% CPU
Optimizing NNI: done in 0.149963 secs using 198.4% CPU
Optimizing NNI: done in 0.192644 secs using 197.5% CPU
Optimizing NNI: done in 0.241047 secs using 198.1% CPU
Optimizing NNI: done in 0.338395 secs using 197.5% CPU
Optimizing NNI: done in 0.249235 secs using 197.2% CPU
Optimizing NNI: done in 0.411095 secs using 198.1% CPU
Optimizing NNI: done in 0.16185 secs using 198.3% CPU
Optimizing NNI: done in 0.246944 secs using 197.9% CPU
Iteration 100 / LogL: -8157.767 / Time: 0h:0m:27s (0h:0m:0s left)
Log-likelihood cutoff on original alignment: -8188.497
NOTE: Bootstrap correlation coefficient of split occurrence frequencies: 1.000
Optimizing NNI: done in 0.255602 secs using 196.9% CPU
Optimizing NNI: done in 0.254025 secs using 198.5% CPU
TREE SEARCH COMPLETED AFTER 102 ITERATIONS / Time: 0h:0m:28s

--------------------------------------------------------------------
|                    FINALIZING TREE SEARCH                        |
--------------------------------------------------------------------
Performs final model parameters optimization
Estimate model parameters (epsilon = 0.010)
1. Initial log-likelihood: -8156.769
Optimal log-likelihood: -8156.768
Gamma shape alpha: 0.690
Parameters optimization took 1 rounds (0.044 sec)
BEST SCORE FOUND : -8156.768

Testing tree branches by SH-like aLRT with 1000 replicates...
0.157 sec.
Creating bootstrap support values...
Split supports printed to NEXUS file FungalCW_tree_20231129/447424at4751.aa.mfa.splits.nex
Total tree length: 14.086

Total number of iterations: 102
CPU time used for tree search: 54.682 sec (0h:0m:54s)
Wall-clock time used for tree search: 27.780 sec (0h:0m:27s)
Total CPU time used: 55.854 sec (0h:0m:55s)
Total wall-clock time used: 28.428 sec (0h:0m:28s)

Computing bootstrap consensus tree...
Reading input file FungalCW_tree_20231129/447424at4751.aa.mfa.splits.nex...
18 taxa and 71 splits.
Consensus tree written to FungalCW_tree_20231129/447424at4751.aa.mfa.contree
Reading input trees file FungalCW_tree_20231129/447424at4751.aa.mfa.contree
Log-likelihood of consensus tree: -8156.768

Analysis results written to: 
  IQ-TREE report:                FungalCW_tree_20231129/447424at4751.aa.mfa.iqtree
  Maximum-likelihood tree:       FungalCW_tree_20231129/447424at4751.aa.mfa.treefile
  Likelihood distances:          FungalCW_tree_20231129/447424at4751.aa.mfa.mldist

Ultrafast bootstrap approximation results written to:
  Split support values:          FungalCW_tree_20231129/447424at4751.aa.mfa.splits.nex
  Consensus tree:                FungalCW_tree_20231129/447424at4751.aa.mfa.contree
  Screen log file:               FungalCW_tree_20231129/447424at4751.aa.mfa.log

Date and Time: Wed Nov 29 01:42:18 2023
