IQ-TREE multicore version 2.2.2.6 COVID-edition for Linux 64-bit built May 27 2023
Developed by Bui Quang Minh, James Barbetti, Nguyen Lam Tung,
Olga Chernomor, Heiko Schmidt, Dominik Schrempf, Michael Woodhams, Ly Trong Nhan.

Host:    i20 (AVX2, FMA3, 503 GB RAM)
Command: iqtree2 -s FungalCW_tree_20231129/452692at4751.aa.mfa -gz -B 1000 -alrt 1000 -nt 2
Seed:    678239 (Using SPRNG - Scalable Parallel Random Number Generator)
Time:    Wed Nov 29 01:41:45 2023
Kernel:  AVX+FMA - 2 threads (2 CPU cores detected)

Reading alignment file FungalCW_tree_20231129/452692at4751.aa.mfa ... Fasta format detected
Reading fasta file: done in 0.000136852 secs
Alignment most likely contains protein sequences
Constructing alignment: done in 0.000593901 secs using 126.5% CPU
Alignment has 16 sequences with 261 columns, 258 distinct patterns
174 parsimony-informative, 68 singleton sites, 19 constant sites
                                                               Gap/Ambiguity  Composition  p-value
Analyzing sequences: done in 1.90735e-05 secs using 99.61% CPU
   1  Basidiobolus_meristosporus_CBS_931.73.Basme2finSC.v1            26.05%    passed     31.37%
   2  Botrytis_cinerea_T4                                             18.01%    passed     80.56%
   3  Colletotrichum_graminicola_M1.001                               17.24%    passed     98.03%
   4  Colletotrichum_higginsianum_IMI_349063                          16.86%    passed     98.90%
   5  Fusarium_graminearum_PH-1                                       20.69%    passed     99.70%
   6  Fusarium_verticillioides_7600                                   22.22%    passed     97.30%
   7  Gilbertella_persicaria_var_persicaria_CBS_190.32-T.Gilper1.v1   27.20%    passed     96.63%
   8  Mortierella_elongata_AG-77                                       8.05%    failed      1.38%
   9  Mucor_mucedo_NRRL_3635                                          27.97%    passed     96.96%
  10  Neoconidiobolus_thromboides_FSU_785.Conth1.v1                   16.86%    failed      3.11%
  11  Phycomyces_blakesleeanus_NRRL_1555.Phybl2.v2                    29.50%    passed     99.78%
  12  Rhizopus_stolonifer_NRRL_66455                                  27.20%    passed     95.33%
  13  Trichoderma_harzianum_CBS_226.95                                18.39%    passed     99.26%
  14  Umbelopsis_ramanniana_NRRL_5844.Umbra1.v1                       23.75%    passed     74.47%
  15  Ustilago_maydis                                                 10.73%    passed     20.39%
  16  Zymoseptoria_tritici_IP0323                                     17.62%    passed     66.92%
****  TOTAL                                                           20.52%  2 sequences failed composition chi2 test (p-value<5%; df=19)
Checking for duplicate sequences: done in 7.48634e-05 secs using 205.7% CPU


Create initial parsimony tree by phylogenetic likelihood library (PLL)... 0.001 seconds
Perform fast likelihood tree search using LG+I+G model...
Estimate model parameters (epsilon = 5.000)
Perform nearest neighbor interchange...
Optimizing NNI: done in 0.0681698 secs using 197.3% CPU
Estimate model parameters (epsilon = 1.000)
1. Initial log-likelihood: -6208.352
Optimal log-likelihood: -6207.821
Proportion of invariable sites: 0.028
Gamma shape alpha: 0.917
Parameters optimization took 1 rounds (0.049 sec)
Time for fast ML tree search: 0.198 seconds

NOTE: ModelFinder requires 7 MB RAM!
ModelFinder will test up to 1232 protein models (sample size: 261) ...
 No. Model         -LnL         df  AIC          AICc         BIC
  1  LG            6468.197     29  12994.393    13001.926    13097.764
  2  LG+I          6404.206     30  12868.412    12876.499    12975.348
  3  LG+G4         6208.042     30  12476.085    12484.172    12583.020
  4  LG+I+G4       6207.746     31  12477.492    12486.156    12587.992
  5  LG+R2         6250.242     31  12562.483    12571.147    12672.984
  6  LG+R3         6204.055     33  12474.110    12483.995    12591.739
  7  LG+R4         6197.165     35  12464.330    12475.530    12589.088
  8  LG+R5         6196.860     37  12467.721    12480.331    12599.608
 14  LG+I+R2       6230.739     32  12525.477    12534.740    12639.542
 15  LG+I+R3       6204.276     34  12476.552    12487.083    12597.746
 16  LG+I+R4       6197.214     36  12466.427    12478.320    12594.750
 17  LG+I+R5       6196.865     38  12469.729    12483.080    12605.181
 25  LG+F+G4       6172.580     49  12443.161    12466.383    12617.822
 26  LG+F+I+G4     6171.749     50  12443.499    12467.785    12621.725
 28  LG+F+R3       6168.646     52  12441.292    12467.792    12626.647
 29  LG+F+R4       6161.552     54  12431.104    12459.939    12623.588
 47  WAG+G4        6223.408     30  12506.816    12514.903    12613.751
 48  WAG+I+G4      6222.664     31  12507.328    12515.992    12617.828
 50  WAG+R3        6223.513     33  12513.025    12522.911    12630.655
 51  WAG+R4        6216.315     35  12502.631    12513.831    12627.389
 69  WAG+F+G4      6183.534     49  12465.069    12488.292    12639.730
 70  WAG+F+I+G4    6182.508     50  12465.016    12489.301    12643.242
 72  WAG+F+R3      6184.191     52  12472.383    12498.883    12657.738
 73  WAG+F+R4      6175.917     54  12459.833    12488.668    12652.317
 91  JTT+G4        6225.636     30  12511.271    12519.358    12618.207
 92  JTT+I+G4      6224.763     31  12511.526    12520.190    12622.026
 94  JTT+R3        6222.350     33  12510.700    12520.585    12628.329
 95  JTT+R4        6215.410     35  12500.819    12512.019    12625.578
113  JTT+F+G4      6168.264     49  12434.528    12457.750    12609.189
114  JTT+F+I+G4    6166.843     50  12433.685    12457.971    12611.911
116  JTT+F+R3      6164.531     52  12433.063    12459.563    12618.418
117  JTT+F+R4      6158.620     54  12425.240    12454.075    12617.724
WARNING: Normalizing state frequencies so that sum of them equals to 1
135  Q.pfam+G4     6203.275     30  12466.550    12474.637    12573.486
WARNING: Normalizing state frequencies so that sum of them equals to 1
136  Q.pfam+I+G4   6202.425     31  12466.849    12475.513    12577.349
WARNING: Normalizing state frequencies so that sum of them equals to 1
138  Q.pfam+R3     6200.048     33  12466.095    12475.981    12583.724
WARNING: Normalizing state frequencies so that sum of them equals to 1
139  Q.pfam+R4     6193.576     35  12457.152    12468.352    12581.910
WARNING: Normalizing state frequencies so that sum of them equals to 1
157  Q.pfam+F+G4   6166.623     49  12431.245    12454.468    12605.907
WARNING: Normalizing state frequencies so that sum of them equals to 1
158  Q.pfam+F+I+G4 6165.226     50  12430.452    12454.737    12608.678
WARNING: Normalizing state frequencies so that sum of them equals to 1
160  Q.pfam+F+R3   6162.985     52  12429.969    12456.469    12615.324
WARNING: Normalizing state frequencies so that sum of them equals to 1
161  Q.pfam+F+R4   6156.999     54  12421.998    12450.832    12614.482
WARNING: Normalizing state frequencies so that sum of them equals to 1
179  Q.bird+G4     6280.661     30  12621.322    12629.409    12728.257
WARNING: Normalizing state frequencies so that sum of them equals to 1
180  Q.bird+I+G4   6278.549     31  12619.099    12627.762    12729.599
WARNING: Normalizing state frequencies so that sum of them equals to 1
182  Q.bird+R3     6278.930     33  12623.859    12633.745    12741.488
WARNING: Normalizing state frequencies so that sum of them equals to 1
183  Q.bird+R4     6270.616     35  12611.232    12622.432    12735.990
WARNING: Normalizing state frequencies so that sum of them equals to 1
201  Q.bird+F+G4   6206.907     49  12511.814    12535.037    12686.475
WARNING: Normalizing state frequencies so that sum of them equals to 1
202  Q.bird+F+I+G4 6204.727     50  12509.455    12533.740    12687.681
WARNING: Normalizing state frequencies so that sum of them equals to 1
204  Q.bird+F+R3   6205.867     52  12515.735    12542.235    12701.090
WARNING: Normalizing state frequencies so that sum of them equals to 1
205  Q.bird+F+R4   6198.504     54  12505.007    12533.842    12697.491
WARNING: Normalizing state frequencies so that sum of them equals to 1
223  Q.mammal+G4   6269.229     30  12598.457    12606.544    12705.393
WARNING: Normalizing state frequencies so that sum of them equals to 1
224  Q.mammal+I+G4 6266.964     31  12595.927    12604.591    12706.427
WARNING: Normalizing state frequencies so that sum of them equals to 1
226  Q.mammal+R3   6266.170     33  12598.341    12608.226    12715.970
WARNING: Normalizing state frequencies so that sum of them equals to 1
227  Q.mammal+R4   6260.185     35  12590.370    12601.570    12715.129
WARNING: Normalizing state frequencies so that sum of them equals to 1
245  Q.mammal+F+G4 6187.744     49  12473.489    12496.712    12648.150
WARNING: Normalizing state frequencies so that sum of them equals to 1
246  Q.mammal+F+I+G4 6185.478     50  12470.955    12495.241    12649.181
WARNING: Normalizing state frequencies so that sum of them equals to 1
248  Q.mammal+F+R3 6185.557     52  12475.114    12501.614    12660.469
WARNING: Normalizing state frequencies so that sum of them equals to 1
249  Q.mammal+F+R4 6180.239     54  12468.478    12497.313    12660.962
267  Q.insect+G4   6214.605     30  12489.209    12497.296    12596.145
268  Q.insect+I+G4 6213.724     31  12489.448    12498.112    12599.948
270  Q.insect+R3   6210.594     33  12487.188    12497.073    12604.817
271  Q.insect+R4   6204.334     35  12478.668    12489.868    12603.426
289  Q.insect+F+G4 6166.586     49  12431.171    12454.394    12605.833
290  Q.insect+F+I+G4 6165.285     50  12430.570    12454.856    12608.796
292  Q.insect+F+R3 6161.579     52  12427.158    12453.658    12612.513
293  Q.insect+F+R4 6156.564     54  12421.128    12449.963    12613.612
WARNING: Normalizing state frequencies so that sum of them equals to 1
311  Q.plant+G4    6207.144     30  12474.287    12482.374    12581.223
WARNING: Normalizing state frequencies so that sum of them equals to 1
312  Q.plant+I+G4  6206.318     31  12474.635    12483.299    12585.135
WARNING: Normalizing state frequencies so that sum of them equals to 1
314  Q.plant+R3    6203.542     33  12473.085    12482.970    12590.714
WARNING: Normalizing state frequencies so that sum of them equals to 1
315  Q.plant+R4    6195.521     35  12461.042    12472.242    12585.800
WARNING: Normalizing state frequencies so that sum of them equals to 1
333  Q.plant+F+G4  6167.785     49  12433.570    12456.793    12608.231
WARNING: Normalizing state frequencies so that sum of them equals to 1
334  Q.plant+F+I+G4 6166.441     50  12432.883    12457.168    12611.109
WARNING: Normalizing state frequencies so that sum of them equals to 1
336  Q.plant+F+R3  6164.302     52  12432.605    12459.105    12617.960
WARNING: Normalizing state frequencies so that sum of them equals to 1
337  Q.plant+F+R4  6157.219     54  12422.439    12451.274    12614.923
WARNING: Normalizing state frequencies so that sum of them equals to 1
355  Q.yeast+G4    6210.584     30  12481.168    12489.255    12588.104
WARNING: Normalizing state frequencies so that sum of them equals to 1
356  Q.yeast+I+G4  6209.407     31  12480.815    12489.479    12591.315
WARNING: Normalizing state frequencies so that sum of them equals to 1
358  Q.yeast+R3    6207.542     33  12481.084    12490.970    12598.713
WARNING: Normalizing state frequencies so that sum of them equals to 1
359  Q.yeast+R4    6198.731     35  12467.461    12478.661    12592.219
WARNING: Normalizing state frequencies so that sum of them equals to 1
377  Q.yeast+F+G4  6161.124     49  12420.247    12443.470    12594.909
WARNING: Normalizing state frequencies so that sum of them equals to 1
378  Q.yeast+F+I+G4 6159.313     50  12418.627    12442.912    12596.853
WARNING: Normalizing state frequencies so that sum of them equals to 1
380  Q.yeast+F+R3  6156.877     52  12417.754    12444.254    12603.109
WARNING: Normalizing state frequencies so that sum of them equals to 1
381  Q.yeast+F+R4  6149.661     54  12407.321    12436.156    12599.805
399  JTTDCMut+G4   6226.596     30  12513.192    12521.279    12620.128
400  JTTDCMut+I+G4 6225.745     31  12513.490    12522.154    12623.990
402  JTTDCMut+R3   6223.504     33  12513.008    12522.893    12630.637
403  JTTDCMut+R4   6216.282     35  12502.565    12513.765    12627.323
421  JTTDCMut+F+G4 6169.188     49  12436.376    12459.599    12611.037
422  JTTDCMut+F+I+G4 6167.777     50  12435.554    12459.840    12613.780
424  JTTDCMut+F+R3 6165.598     52  12435.196    12461.696    12620.551
425  JTTDCMut+F+R4 6159.487     54  12426.974    12455.809    12619.458
443  DCMut+G4      6280.552     30  12621.105    12629.192    12728.041
444  DCMut+I+G4    6279.912     31  12621.823    12630.487    12732.324
446  DCMut+R3      6278.594     33  12623.189    12633.074    12740.818
447  DCMut+R4      6271.385     35  12612.771    12623.971    12737.529
465  DCMut+F+G4    6191.208     49  12480.416    12503.638    12655.077
466  DCMut+F+I+G4  6190.364     50  12480.729    12505.014    12658.955
468  DCMut+F+R3    6188.943     52  12481.886    12508.386    12667.241
469  DCMut+F+R4    6182.234     54  12472.469    12501.304    12664.953
487  VT+G4         6219.547     30  12499.094    12507.180    12606.029
488  VT+I+G4       6218.308     31  12498.617    12507.281    12609.117
490  VT+R3         6217.215     33  12500.429    12510.315    12618.058
491  VT+R4         6212.471     35  12494.941    12506.141    12619.700
509  VT+F+G4       6183.201     49  12464.403    12487.626    12639.064
510  VT+F+I+G4     6181.553     50  12463.106    12487.392    12641.332
512  VT+F+R3       6180.120     52  12464.239    12490.739    12649.594
513  VT+F+R4       6175.939     54  12459.878    12488.713    12652.362
531  PMB+G4        6254.351     30  12568.702    12576.789    12675.638
532  PMB+I+G4      6252.380     31  12566.760    12575.423    12677.260
534  PMB+R3        6250.583     33  12567.165    12577.051    12684.795
535  PMB+R4        6248.970     35  12567.941    12579.141    12692.699
553  PMB+F+G4      6212.997     49  12523.995    12547.217    12698.656
554  PMB+F+I+G4    6211.135     50  12522.270    12546.556    12700.497
556  PMB+F+R3      6209.558     52  12523.116    12549.616    12708.471
557  PMB+F+R4      6207.582     54  12523.164    12551.999    12715.648
575  Blosum62+G4   6248.228     30  12556.456    12564.543    12663.392
576  Blosum62+I+G4 6246.946     31  12555.892    12564.556    12666.392
578  Blosum62+R3   6246.426     33  12558.851    12568.737    12676.481
579  Blosum62+R4   6243.287     35  12556.575    12567.775    12681.333
597  Blosum62+F+G4 6206.317     49  12510.634    12533.857    12685.295
598  Blosum62+F+I+G4 6204.939     50  12509.878    12534.164    12688.104
600  Blosum62+F+R3 6204.492     52  12512.984    12539.484    12698.339
601  Blosum62+F+R4 6201.164     54  12510.329    12539.164    12702.813
619  Dayhoff+G4    6280.623     30  12621.247    12629.334    12728.182
620  Dayhoff+I+G4  6279.992     31  12621.984    12630.648    12732.484
622  Dayhoff+R3    6278.711     33  12623.422    12633.307    12741.051
623  Dayhoff+R4    6271.430     35  12612.859    12624.059    12737.617
641  Dayhoff+F+G4  6191.283     49  12480.565    12503.788    12655.227
642  Dayhoff+F+I+G4 6190.448     50  12480.896    12505.181    12659.122
644  Dayhoff+F+R3  6189.039     52  12482.077    12508.577    12667.432
645  Dayhoff+F+R4  6182.275     54  12472.551    12501.386    12665.035
663  mtREV+G4      6388.909     30  12837.817    12845.904    12944.753
664  mtREV+I+G4    6388.884     31  12839.768    12848.432    12950.269
666  mtREV+R3      6384.864     33  12835.728    12845.613    12953.357
667  mtREV+R4      6379.779     35  12829.558    12840.758    12954.317
685  mtREV+F+G4    6199.543     49  12497.086    12520.309    12671.748
686  mtREV+F+I+G4  6199.675     50  12499.350    12523.635    12677.576
688  mtREV+F+R3    6196.933     52  12497.865    12524.365    12683.220
689  mtREV+F+R4    6190.651     54  12489.302    12518.137    12681.786
707  mtART+G4      6442.887     30  12945.773    12953.860    13052.709
708  mtART+I+G4    6440.440     31  12942.880    12951.543    13053.380
710  mtART+R3      6441.063     33  12948.127    12958.012    13065.756
711  mtART+R4      6434.887     35  12939.773    12950.973    13064.532
729  mtART+F+G4    6214.161     49  12526.323    12549.545    12700.984
730  mtART+F+I+G4  6213.967     50  12527.935    12552.220    12706.161
732  mtART+F+R3    6209.483     52  12522.965    12549.465    12708.320
733  mtART+F+R4    6204.480     54  12516.961    12545.796    12709.445
751  mtZOA+G4      6347.996     30  12755.992    12764.078    12862.927
752  mtZOA+I+G4    6345.925     31  12753.849    12762.513    12864.349
754  mtZOA+R3      6346.784     33  12759.569    12769.454    12877.198
755  mtZOA+R4      6337.333     35  12744.665    12755.865    12869.423
773  mtZOA+F+G4    6182.148     49  12462.297    12485.519    12636.958
774  mtZOA+F+I+G4  6181.636     50  12463.272    12487.558    12641.498
776  mtZOA+F+R3    6177.901     52  12459.801    12486.301    12645.156
777  mtZOA+F+R4    6172.326     54  12452.652    12481.487    12645.136
795  mtMet+G4      6391.789     30  12843.577    12851.664    12950.513
796  mtMet+I+G4    6389.315     31  12840.630    12849.293    12951.130
798  mtMet+R3      6392.045     33  12850.091    12859.976    12967.720
799  mtMet+R4      6382.000     35  12833.999    12845.199    12958.758
817  mtMet+F+G4    6183.896     49  12465.791    12489.014    12640.453
818  mtMet+F+I+G4  6182.628     50  12465.255    12489.541    12643.481
820  mtMet+F+R3    6180.229     52  12464.458    12490.958    12649.813
821  mtMet+F+R4    6175.362     54  12458.724    12487.559    12651.208
839  mtVer+G4      6421.312     30  12902.624    12910.711    13009.560
840  mtVer+I+G4    6419.914     31  12901.829    12910.493    13012.329
842  mtVer+R3      6418.094     33  12902.188    12912.074    13019.817
843  mtVer+R4      6410.037     35  12890.073    12901.273    13014.831
861  mtVer+F+G4    6225.542     49  12549.084    12572.307    12723.746
862  mtVer+F+I+G4  6224.779     50  12549.558    12573.843    12727.784
864  mtVer+F+R3    6220.913     52  12545.827    12572.327    12731.182
865  mtVer+F+R4    6217.006     54  12542.012    12570.847    12734.496
883  mtInv+G4      6461.600     30  12983.199    12991.286    13090.135
884  mtInv+I+G4    6459.018     31  12980.036    12988.700    13090.536
886  mtInv+R3      6462.646     33  12991.291    13001.177    13108.920
887  mtInv+R4      6451.779     35  12973.559    12984.759    13098.317
905  mtInv+F+G4    6171.710     49  12441.421    12464.644    12616.082
906  mtInv+F+I+G4  6170.720     50  12441.439    12465.725    12619.665
908  mtInv+F+R3    6167.890     52  12439.780    12466.280    12625.135
909  mtInv+F+R4    6162.711     54  12433.423    12462.258    12625.907
927  mtMAM+G4      6474.678     30  13009.355    13017.442    13116.291
928  mtMAM+I+G4    6474.375     31  13010.750    13019.414    13121.250
930  mtMAM+R3      6470.469     33  13006.937    13016.823    13124.567
931  mtMAM+R4      6464.279     35  12998.559    13009.759    13123.317
949  mtMAM+F+G4    6255.567     49  12609.135    12632.358    12783.796
950  mtMAM+F+I+G4  6255.524     50  12611.048    12635.334    12789.274
952  mtMAM+F+R3    6249.131     52  12602.263    12628.763    12787.618
953  mtMAM+F+R4    6244.657     54  12597.314    12626.149    12789.798
WARNING: Normalizing state frequencies so that sum of them equals to 1
971  FLAVI+G4      6311.449     30  12682.898    12690.985    12789.833
WARNING: Normalizing state frequencies so that sum of them equals to 1
972  FLAVI+I+G4    6310.004     31  12682.009    12690.672    12792.509
WARNING: Normalizing state frequencies so that sum of them equals to 1
974  FLAVI+R3      6310.089     33  12686.178    12696.064    12803.807
WARNING: Normalizing state frequencies so that sum of them equals to 1
975  FLAVI+R4      6299.103     35  12668.206    12679.406    12792.964
WARNING: Normalizing state frequencies so that sum of them equals to 1
993  FLAVI+F+G4    6272.265     49  12642.530    12665.753    12817.191
WARNING: Normalizing state frequencies so that sum of them equals to 1
994  FLAVI+F+I+G4  6269.720     50  12639.440    12663.726    12817.666
WARNING: Normalizing state frequencies so that sum of them equals to 1
996  FLAVI+F+R3    6271.136     52  12646.273    12672.773    12831.628
WARNING: Normalizing state frequencies so that sum of them equals to 1
997  FLAVI+F+R4    6259.467     54  12626.933    12655.768    12819.417
1015  HIVb+G4       6319.400     30  12698.800    12706.887    12805.736
1016  HIVb+I+G4     6318.545     31  12699.090    12707.754    12809.590
1018  HIVb+R3       6318.662     33  12703.323    12713.209    12820.953
1019  HIVb+R4       6307.593     35  12685.186    12696.386    12809.944
1037  HIVb+F+G4     6215.187     49  12528.374    12551.597    12703.036
1038  HIVb+F+I+G4   6213.601     50  12527.203    12551.489    12705.429
1040  HIVb+F+R3     6214.801     52  12533.603    12560.103    12718.958
1041  HIVb+F+R4     6203.113     54  12514.226    12543.061    12706.711
1059  HIVw+G4       6504.550     30  13069.101    13077.187    13176.036
1060  HIVw+I+G4     6502.875     31  13067.751    13076.414    13178.251
1062  HIVw+R3       6506.732     33  13079.464    13089.349    13197.093
1063  HIVw+R4       6489.919     35  13049.838    13061.038    13174.596
1081  HIVw+F+G4     6304.276     49  12706.553    12729.776    12881.214
1082  HIVw+F+I+G4   6300.832     50  12701.665    12725.951    12879.891
1084  HIVw+F+R3     6301.969     52  12707.938    12734.438    12893.293
1085  HIVw+F+R4     6288.386     54  12684.772    12713.607    12877.256
1103  FLU+G4        6302.161     30  12664.321    12672.408    12771.257
1104  FLU+I+G4      6300.620     31  12663.239    12671.903    12773.739
1106  FLU+R3        6302.398     33  12670.795    12680.681    12788.424
1107  FLU+R4        6292.380     35  12654.761    12665.961    12779.519
1125  FLU+F+G4      6199.577     49  12497.153    12520.376    12671.815
1126  FLU+F+I+G4    6196.958     50  12493.915    12518.201    12672.142
1128  FLU+F+R3      6200.198     52  12504.395    12530.895    12689.750
1129  FLU+F+R4      6190.448     54  12488.897    12517.732    12681.381
1147  rtREV+G4      6258.806     30  12577.611    12585.698    12684.547
1148  rtREV+I+G4    6258.376     31  12578.752    12587.416    12689.252
1150  rtREV+R3      6252.210     33  12570.421    12580.306    12688.050
1151  rtREV+R4      6247.460     35  12564.920    12576.120    12689.678
1169  rtREV+F+G4    6189.116     49  12476.232    12499.455    12650.894
1170  rtREV+F+I+G4  6188.384     50  12476.769    12501.054    12654.995
1172  rtREV+F+R3    6183.637     52  12471.273    12497.773    12656.628
1173  rtREV+F+R4    6178.209     54  12464.417    12493.252    12656.901
1191  cpREV+G4      6239.109     30  12538.217    12546.304    12645.153
1192  cpREV+I+G4    6239.378     31  12540.756    12549.420    12651.257
1194  cpREV+R3      6241.292     33  12548.584    12558.470    12666.214
1195  cpREV+R4      6233.507     35  12537.014    12548.214    12661.773
1213  cpREV+F+G4    6204.439     49  12506.878    12530.101    12681.539
1214  cpREV+F+I+G4  6204.401     50  12508.802    12533.088    12687.028
1216  cpREV+F+R3    6207.593     52  12519.186    12545.686    12704.541
1217  cpREV+F+R4    6196.949     54  12501.899    12530.734    12694.383
Akaike Information Criterion:           Q.yeast+F+R4
Corrected Akaike Information Criterion: Q.yeast+F+R4
Bayesian Information Criterion:         Q.pfam+G4
Best-fit model: Q.pfam+G4 chosen according to BIC

All model information printed to FungalCW_tree_20231129/452692at4751.aa.mfa.model.gz
CPU time for ModelFinder: 135.330 seconds (0h:2m:15s)
Wall-clock time for ModelFinder: 68.438 seconds (0h:1m:8s)
Generating 1000 samples for ultrafast bootstrap (seed: 678239)...
WARNING: Normalizing state frequencies so that sum of them equals to 1

NOTE: 3 MB RAM (0 GB) is required!
Estimate model parameters (epsilon = 0.100)
1. Initial log-likelihood: -6203.275
Optimal log-likelihood: -6203.257
Gamma shape alpha: 0.782
Parameters optimization took 1 rounds (0.024 sec)
Wrote distance file to... 
Computing ML distances based on estimated model parameters...
Calculating distance matrix: done in 0.0419271 secs using 199% CPU
Computing ML distances took 0.042118 sec (of wall-clock time) 0.083788 sec (of CPU time)
WARNING: Some pairwise ML distances are too long (saturated)
Setting up auxiliary I and S matrices: done in 5.19753e-05 secs using 200.1% CPU
Constructing RapidNJ tree: done in 0.000231981 secs using 199.2% CPU
Computing RapidNJ tree took 0.000372 sec (of wall-clock time) 0.000736 sec (of CPU time)
Log-likelihood of RapidNJ tree: -6215.663
--------------------------------------------------------------------
|             INITIALIZING CANDIDATE TREE SET                      |
--------------------------------------------------------------------
Generating 98 parsimony trees... 0.225 second
Computing log-likelihood of 97 initial trees ... 0.785 seconds
Current best score: -6203.257

Do NNI search on 20 best initial trees
Optimizing NNI: done in 0.0344238 secs using 198.9% CPU
Estimate model parameters (epsilon = 0.100)
BETTER TREE FOUND at iteration 1: -6203.252
Optimizing NNI: done in 0.134338 secs using 198.7% CPU
Estimate model parameters (epsilon = 0.100)
BETTER TREE FOUND at iteration 2: -6203.023
Optimizing NNI: done in 0.192598 secs using 199.4% CPU
Estimate model parameters (epsilon = 0.100)
BETTER TREE FOUND at iteration 3: -6202.858
Optimizing NNI: done in 0.212277 secs using 198.1% CPU
Optimizing NNI: done in 0.113775 secs using 197.3% CPU
Optimizing NNI: done in 0.193715 secs using 198% CPU
Optimizing NNI: done in 0.197356 secs using 197.5% CPU
Optimizing NNI: done in 0.232749 secs using 197.8% CPU
Optimizing NNI: done in 0.140801 secs using 199.1% CPU
Optimizing NNI: done in 0.136016 secs using 195.4% CPU
Iteration 10 / LogL: -6203.406 / Time: 0h:0m:3s
Optimizing NNI: done in 0.258061 secs using 198.3% CPU
Optimizing NNI: done in 0.118934 secs using 198.3% CPU
Optimizing NNI: done in 0.105154 secs using 198.1% CPU
Optimizing NNI: done in 0.159837 secs using 198.8% CPU
Optimizing NNI: done in 0.115348 secs using 199.6% CPU
Optimizing NNI: done in 0.120595 secs using 199.1% CPU
Optimizing NNI: done in 0.246987 secs using 198.2% CPU
Optimizing NNI: done in 0.147068 secs using 199.1% CPU
Optimizing NNI: done in 0.136674 secs using 198.4% CPU
Optimizing NNI: done in 0.127959 secs using 197.5% CPU
Iteration 20 / LogL: -6203.471 / Time: 0h:0m:4s
Finish initializing candidate tree set (3)
Current best tree score: -6202.858 / CPU time: 4.281
Number of iterations: 20
--------------------------------------------------------------------
|               OPTIMIZING CANDIDATE TREE SET                      |
--------------------------------------------------------------------
Optimizing NNI: done in 0.130733 secs using 197.5% CPU
Optimizing NNI: done in 0.0645039 secs using 197.4% CPU
Optimizing NNI: done in 0.115808 secs using 198.2% CPU
Optimizing NNI: done in 0.151426 secs using 198.3% CPU
Optimizing NNI: done in 0.265883 secs using 198.7% CPU
Optimizing NNI: done in 0.173457 secs using 198.5% CPU
Optimizing NNI: done in 0.126495 secs using 197.8% CPU
Optimizing NNI: done in 0.208743 secs using 199.2% CPU
Optimizing NNI: done in 0.243718 secs using 197.8% CPU
Optimizing NNI: done in 0.28899 secs using 198.1% CPU
Iteration 30 / LogL: -6203.013 / Time: 0h:0m:6s (0h:0m:16s left)
Optimizing NNI: done in 0.182678 secs using 198.5% CPU
Optimizing NNI: done in 0.119147 secs using 199.1% CPU
Optimizing NNI: done in 0.176028 secs using 199.1% CPU
Optimizing NNI: done in 0.184356 secs using 198% CPU
Optimizing NNI: done in 0.0565829 secs using 197.2% CPU
Optimizing NNI: done in 0.264211 secs using 197.9% CPU
Optimizing NNI: done in 0.225625 secs using 198.2% CPU
Optimizing NNI: done in 0.113927 secs using 198.7% CPU
Optimizing NNI: done in 0.237489 secs using 199.1% CPU
Optimizing NNI: done in 0.173 secs using 198.5% CPU
Iteration 40 / LogL: -6203.014 / Time: 0h:0m:8s (0h:0m:13s left)
Optimizing NNI: done in 0.11464 secs using 196.5% CPU
Optimizing NNI: done in 0.194099 secs using 197.5% CPU
Optimizing NNI: done in 0.110053 secs using 198.2% CPU
Optimizing NNI: done in 0.134007 secs using 199% CPU
UPDATE BEST LOG-LIKELIHOOD: -6202.858
Optimizing NNI: done in 0.130062 secs using 197.6% CPU
Optimizing NNI: done in 0.211775 secs using 197.2% CPU
Optimizing NNI: done in 0.21225 secs using 196.7% CPU
Optimizing NNI: done in 0.19997 secs using 197.6% CPU
Optimizing NNI: done in 0.1851 secs using 198.5% CPU
Optimizing NNI: done in 0.226473 secs using 199.1% CPU
Iteration 50 / LogL: -6203.014 / Time: 0h:0m:10s (0h:0m:10s left)
Log-likelihood cutoff on original alignment: -6229.791
Optimizing NNI: done in 0.174519 secs using 199.1% CPU
Optimizing NNI: done in 0.156888 secs using 197.2% CPU
Optimizing NNI: done in 0.184249 secs using 197% CPU
Optimizing NNI: done in 0.154399 secs using 197.8% CPU
Optimizing NNI: done in 0.17015 secs using 198.5% CPU
Optimizing NNI: done in 0.217748 secs using 198.6% CPU
Optimizing NNI: done in 0.189413 secs using 197% CPU
Optimizing NNI: done in 0.145335 secs using 197.7% CPU
Optimizing NNI: done in 0.15749 secs using 198.4% CPU
Optimizing NNI: done in 0.170578 secs using 198.7% CPU
Iteration 60 / LogL: -6203.192 / Time: 0h:0m:11s (0h:0m:8s left)
Optimizing NNI: done in 0.153805 secs using 199.2% CPU
Optimizing NNI: done in 0.233927 secs using 198.9% CPU
Optimizing NNI: done in 0.214078 secs using 198.6% CPU
Optimizing NNI: done in 0.220266 secs using 198.6% CPU
Optimizing NNI: done in 0.108123 secs using 199.1% CPU
Optimizing NNI: done in 0.097276 secs using 199.1% CPU
Optimizing NNI: done in 0.230728 secs using 198.6% CPU
Optimizing NNI: done in 0.169421 secs using 199% CPU
Optimizing NNI: done in 0.169116 secs using 199.1% CPU
Optimizing NNI: done in 0.189283 secs using 198.5% CPU
Iteration 70 / LogL: -6202.858 / Time: 0h:0m:13s (0h:0m:6s left)
Optimizing NNI: done in 0.175448 secs using 196.8% CPU
Optimizing NNI: done in 0.187256 secs using 198.9% CPU
Optimizing NNI: done in 0.135203 secs using 196.9% CPU
Optimizing NNI: done in 0.21778 secs using 198.2% CPU
Optimizing NNI: done in 0.109657 secs using 198.2% CPU
Optimizing NNI: done in 0.147351 secs using 198.4% CPU
Optimizing NNI: done in 0.205292 secs using 197.1% CPU
Optimizing NNI: done in 0.155854 secs using 198.4% CPU
Optimizing NNI: done in 0.04002 secs using 196.3% CPU
UPDATE BEST LOG-LIKELIHOOD: -6202.858
Optimizing NNI: done in 0.189851 secs using 196.9% CPU
Iteration 80 / LogL: -6203.013 / Time: 0h:0m:15s (0h:0m:4s left)
Optimizing NNI: done in 0.135426 secs using 199% CPU
Optimizing NNI: done in 0.208234 secs using 198.6% CPU
Optimizing NNI: done in 0.189019 secs using 198.6% CPU
Optimizing NNI: done in 0.11054 secs using 197.9% CPU
Optimizing NNI: done in 0.298083 secs using 198.6% CPU
Optimizing NNI: done in 0.186059 secs using 198.6% CPU
Optimizing NNI: done in 0.229699 secs using 198.6% CPU
Optimizing NNI: done in 0.216688 secs using 199% CPU
Optimizing NNI: done in 0.24549 secs using 198.3% CPU
Optimizing NNI: done in 0.185704 secs using 198% CPU
Iteration 90 / LogL: -6202.858 / Time: 0h:0m:17s (0h:0m:2s left)
Optimizing NNI: done in 0.13408 secs using 199.1% CPU
Optimizing NNI: done in 0.211441 secs using 198.1% CPU
Optimizing NNI: done in 0.142981 secs using 199.1% CPU
Optimizing NNI: done in 0.135782 secs using 197.1% CPU
Optimizing NNI: done in 0.187013 secs using 198.9% CPU
Optimizing NNI: done in 0.178226 secs using 199% CPU
Optimizing NNI: done in 0.179201 secs using 198.5% CPU
Optimizing NNI: done in 0.18201 secs using 198% CPU
Optimizing NNI: done in 0.224658 secs using 198.1% CPU
Optimizing NNI: done in 0.240184 secs using 197.8% CPU
Iteration 100 / LogL: -6202.858 / Time: 0h:0m:19s (0h:0m:0s left)
Log-likelihood cutoff on original alignment: -6229.791
NOTE: Bootstrap correlation coefficient of split occurrence frequencies: 1.000
Optimizing NNI: done in 0.18046 secs using 197.5% CPU
Optimizing NNI: done in 0.197085 secs using 198.1% CPU
Optimizing NNI: done in 0.187139 secs using 197.9% CPU
Optimizing NNI: done in 0.166573 secs using 198.8% CPU
TREE SEARCH COMPLETED AFTER 104 ITERATIONS / Time: 0h:0m:20s

--------------------------------------------------------------------
|                    FINALIZING TREE SEARCH                        |
--------------------------------------------------------------------
Performs final model parameters optimization
Estimate model parameters (epsilon = 0.010)
1. Initial log-likelihood: -6202.858
Optimal log-likelihood: -6202.858
Gamma shape alpha: 0.756
Parameters optimization took 1 rounds (0.022 sec)
BEST SCORE FOUND : -6202.858

Testing tree branches by SH-like aLRT with 1000 replicates...
0.079 sec.
Creating bootstrap support values...
Split supports printed to NEXUS file FungalCW_tree_20231129/452692at4751.aa.mfa.splits.nex
Total tree length: 23.372

Total number of iterations: 104
CPU time used for tree search: 39.696 sec (0h:0m:39s)
Wall-clock time used for tree search: 20.100 sec (0h:0m:20s)
Total CPU time used: 40.465 sec (0h:0m:40s)
Total wall-clock time used: 20.573 sec (0h:0m:20s)

Computing bootstrap consensus tree...
Reading input file FungalCW_tree_20231129/452692at4751.aa.mfa.splits.nex...
16 taxa and 102 splits.
Consensus tree written to FungalCW_tree_20231129/452692at4751.aa.mfa.contree
Reading input trees file FungalCW_tree_20231129/452692at4751.aa.mfa.contree
Log-likelihood of consensus tree: -6202.858

Analysis results written to: 
  IQ-TREE report:                FungalCW_tree_20231129/452692at4751.aa.mfa.iqtree
  Maximum-likelihood tree:       FungalCW_tree_20231129/452692at4751.aa.mfa.treefile
  Likelihood distances:          FungalCW_tree_20231129/452692at4751.aa.mfa.mldist

Ultrafast bootstrap approximation results written to:
  Split support values:          FungalCW_tree_20231129/452692at4751.aa.mfa.splits.nex
  Consensus tree:                FungalCW_tree_20231129/452692at4751.aa.mfa.contree
  Screen log file:               FungalCW_tree_20231129/452692at4751.aa.mfa.log

Date and Time: Wed Nov 29 01:43:14 2023
