IQ-TREE multicore version 2.2.2.6 COVID-edition for Linux 64-bit built May 27 2023
Developed by Bui Quang Minh, James Barbetti, Nguyen Lam Tung,
Olga Chernomor, Heiko Schmidt, Dominik Schrempf, Michael Woodhams, Ly Trong Nhan.

Host:    i24 (AVX2, FMA3, 503 GB RAM)
Command: iqtree2 -s FungalCW_tree_20231129/452759at4751.aa.mfa -gz -B 1000 -alrt 1000 -nt 2
Seed:    875140 (Using SPRNG - Scalable Parallel Random Number Generator)
Time:    Wed Nov 29 01:41:45 2023
Kernel:  AVX+FMA - 2 threads (2 CPU cores detected)

Reading alignment file FungalCW_tree_20231129/452759at4751.aa.mfa ... Fasta format detected
Reading fasta file: done in 0.000128984 secs using 17.06% CPU
Alignment most likely contains protein sequences
Constructing alignment: done in 0.00041008 secs using 39.5% CPU
Alignment has 17 sequences with 168 columns, 134 distinct patterns
77 parsimony-informative, 17 singleton sites, 74 constant sites
                                                               Gap/Ambiguity  Composition  p-value
Analyzing sequences: done in 1.88351e-05 secs using 180.5% CPU
   1  Basidiobolus_meristosporus_CBS_931.73.Basme2finSC.v1            21.43%    passed     99.90%
   2  Botrytis_cinerea_T4                                              4.76%    passed     99.90%
   3  Capillidium_pumilum_ARSEF_79                                    31.55%    passed     94.00%
   4  Colletotrichum_graminicola_M1.001                                4.17%    passed     99.99%
   5  Colletotrichum_higginsianum_IMI_349063                           4.17%    passed     99.97%
   6  Fusarium_graminearum_PH-1                                        6.55%    passed    100.00%
   7  Fusarium_verticillioides_7600                                    5.95%    passed    100.00%
   8  Gilbertella_persicaria_var_persicaria_CBS_190.32-T.Gilper1.v1   17.26%    passed     99.98%
   9  Mortierella_elongata_AG-77                                      18.45%    passed     99.99%
  10  Mucor_mucedo_NRRL_3635                                          11.90%    passed     85.60%
  11  Neoconidiobolus_thromboides_FSU_785.Conth1.v1                   17.86%    passed     98.26%
  12  Phycomyces_blakesleeanus_NRRL_1555.Phybl2.v2                    15.48%    passed     93.15%
  13  Rhizopus_stolonifer_NRRL_66455                                  17.26%    passed     99.81%
  14  Trichoderma_harzianum_CBS_226.95                                13.69%    passed     99.97%
  15  Ustilago_maydis                                                 11.31%    passed     99.87%
  16  Zoophthora_radicans_ATCC_208865                                 10.71%    passed     99.88%
  17  Zymoseptoria_tritici_IP0323                                     10.71%    passed     99.90%
****  TOTAL                                                           13.13%  0 sequences failed composition chi2 test (p-value<5%; df=19)
Checking for duplicate sequences: done in 8.29697e-05 secs using 184.4% CPU


Create initial parsimony tree by phylogenetic likelihood library (PLL)... 0.002 seconds
Perform fast likelihood tree search using LG+I+G model...
Estimate model parameters (epsilon = 5.000)
Perform nearest neighbor interchange...
Optimizing NNI: done in 0.044771 secs using 198% CPU
Estimate model parameters (epsilon = 1.000)
1. Initial log-likelihood: -2223.795
Optimal log-likelihood: -2223.584
Proportion of invariable sites: 0.235
Gamma shape alpha: 0.464
Parameters optimization took 1 rounds (0.018 sec)
Time for fast ML tree search: 0.121 seconds

NOTE: ModelFinder requires 4 MB RAM!
ModelFinder will test up to 1232 protein models (sample size: 168) ...
 No. Model         -LnL         df  AIC          AICc         BIC
  1  LG            2479.874     31  5021.748     5036.336     5118.591
  2  LG+I          2313.734     32  4691.468     4707.113     4791.435
  3  LG+G4         2225.818     32  4515.637     4531.281     4615.604
  4  LG+I+G4       2223.389     33  4512.778     4529.525     4615.869
  5  LG+R2         2249.380     33  4564.760     4581.506     4667.850
  6  LG+R3         2241.133     35  4552.267     4571.358     4661.606
  7  LG+R4         2232.576     37  4539.151     4560.782     4654.738
  8  LG+R5         2227.571     39  4533.141     4557.516     4654.976
 14  LG+I+R2       2228.319     34  4524.638     4542.533     4630.853
 15  LG+I+R3       2221.378     36  4514.756     4535.092     4627.219
 16  LG+I+R4       2219.526     38  4515.051     4538.028     4633.762
 25  LG+F+G4       2170.278     51  4442.556     4488.280     4601.879
 26  LG+F+I+G4     2168.217     52  4440.434     4488.364     4602.880
 47  WAG+G4        2215.803     32  4495.605     4511.249     4595.572
 48  WAG+I+G4      2213.798     33  4493.595     4510.342     4596.686
 69  WAG+F+G4      2163.531     51  4429.061     4474.785     4588.383
 70  WAG+F+I+G4    2161.395     52  4426.789     4474.720     4589.235
 91  JTT+G4        2205.682     32  4475.363     4491.008     4575.330
 92  JTT+I+G4      2203.013     33  4472.026     4488.773     4575.117
113  JTT+F+G4      2151.179     51  4404.357     4450.081     4563.679
114  JTT+F+I+G4    2148.097     52  4400.193     4448.124     4562.639
WARNING: Normalizing state frequencies so that sum of them equals to 1
135  Q.pfam+G4     2219.216     32  4502.432     4518.076     4602.399
WARNING: Normalizing state frequencies so that sum of them equals to 1
136  Q.pfam+I+G4   2216.617     33  4499.234     4515.980     4602.325
WARNING: Normalizing state frequencies so that sum of them equals to 1
157  Q.pfam+F+G4   2167.685     51  4437.371     4483.095     4596.693
WARNING: Normalizing state frequencies so that sum of them equals to 1
158  Q.pfam+F+I+G4 2164.942     52  4433.883     4481.814     4596.329
WARNING: Normalizing state frequencies so that sum of them equals to 1
179  Q.bird+G4     2253.158     32  4570.316     4585.960     4670.282
WARNING: Normalizing state frequencies so that sum of them equals to 1
180  Q.bird+I+G4   2251.931     33  4569.861     4586.607     4672.952
WARNING: Normalizing state frequencies so that sum of them equals to 1
201  Q.bird+F+G4   2186.049     51  4474.097     4519.822     4633.420
WARNING: Normalizing state frequencies so that sum of them equals to 1
202  Q.bird+F+I+G4 2181.055     52  4466.110     4514.041     4628.556
WARNING: Normalizing state frequencies so that sum of them equals to 1
223  Q.mammal+G4   2240.724     32  4545.449     4561.093     4645.416
WARNING: Normalizing state frequencies so that sum of them equals to 1
224  Q.mammal+I+G4 2240.033     33  4546.066     4562.813     4649.157
WARNING: Normalizing state frequencies so that sum of them equals to 1
245  Q.mammal+F+G4 2167.353     51  4436.707     4482.431     4596.029
WARNING: Normalizing state frequencies so that sum of them equals to 1
246  Q.mammal+F+I+G4 2162.888     52  4429.776     4477.707     4592.222
267  Q.insect+G4   2215.074     32  4494.149     4509.793     4594.116
268  Q.insect+I+G4 2210.891     33  4487.782     4504.529     4590.873
289  Q.insect+F+G4 2142.464     51  4386.929     4432.653     4546.251
290  Q.insect+F+I+G4 2140.095     52  4384.191     4432.121     4546.637
WARNING: Normalizing state frequencies so that sum of them equals to 1
311  Q.plant+G4    2225.720     32  4515.440     4531.085     4615.407
WARNING: Normalizing state frequencies so that sum of them equals to 1
312  Q.plant+I+G4  2222.122     33  4510.244     4526.990     4613.335
WARNING: Normalizing state frequencies so that sum of them equals to 1
333  Q.plant+F+G4  2176.164     51  4454.328     4500.052     4613.650
WARNING: Normalizing state frequencies so that sum of them equals to 1
334  Q.plant+F+I+G4 2172.682     52  4449.364     4497.294     4611.810
WARNING: Normalizing state frequencies so that sum of them equals to 1
355  Q.yeast+G4    2216.821     32  4497.641     4513.286     4597.608
WARNING: Normalizing state frequencies so that sum of them equals to 1
356  Q.yeast+I+G4  2212.433     33  4490.867     4507.613     4593.958
WARNING: Normalizing state frequencies so that sum of them equals to 1
377  Q.yeast+F+G4  2156.480     51  4414.960     4460.684     4574.282
WARNING: Normalizing state frequencies so that sum of them equals to 1
378  Q.yeast+F+I+G4 2154.096     52  4412.192     4460.122     4574.638
399  JTTDCMut+G4   2206.098     32  4476.195     4491.839     4576.162
400  JTTDCMut+I+G4 2203.293     33  4472.586     4489.332     4575.676
421  JTTDCMut+F+G4 2151.067     51  4404.133     4449.857     4563.455
422  JTTDCMut+F+I+G4 2148.160     52  4400.320     4448.250     4562.766
443  DCMut+G4      2222.861     32  4509.723     4525.367     4609.690
444  DCMut+I+G4    2219.779     33  4505.558     4522.304     4608.649
465  DCMut+F+G4    2145.104     51  4392.208     4437.932     4551.530
466  DCMut+F+I+G4  2142.446     52  4388.893     4436.823     4551.339
487  VT+G4         2210.405     32  4484.810     4500.454     4584.776
488  VT+I+G4       2208.183     33  4482.366     4499.112     4585.457
509  VT+F+G4       2155.704     51  4413.408     4459.132     4572.730
510  VT+F+I+G4     2152.686     52  4409.371     4457.302     4571.818
531  PMB+G4        2241.026     32  4546.052     4561.696     4646.019
532  PMB+I+G4      2239.433     33  4544.867     4561.613     4647.958
553  PMB+F+G4      2166.289     51  4434.578     4480.302     4593.900
554  PMB+F+I+G4    2163.422     52  4430.844     4478.774     4593.290
575  Blosum62+G4   2225.042     32  4514.085     4529.729     4614.052
576  Blosum62+I+G4 2222.974     33  4511.948     4528.694     4615.038
597  Blosum62+F+G4 2163.984     51  4429.968     4475.692     4589.290
598  Blosum62+F+I+G4 2161.542     52  4427.085     4475.015     4589.531
619  Dayhoff+G4    2223.020     32  4510.040     4525.684     4610.006
620  Dayhoff+I+G4  2219.910     33  4505.819     4522.565     4608.910
641  Dayhoff+F+G4  2145.270     51  4392.540     4438.265     4551.863
642  Dayhoff+F+I+G4 2142.623     52  4389.246     4437.177     4551.692
663  mtREV+G4      2395.475     32  4854.950     4870.595     4954.917
664  mtREV+I+G4    2396.226     33  4858.452     4875.199     4961.543
685  mtREV+F+G4    2193.550     51  4489.100     4534.824     4648.422
686  mtREV+F+I+G4  2191.370     52  4486.739     4534.670     4649.186
707  mtART+G4      2362.894     32  4789.788     4805.432     4889.755
708  mtART+I+G4    2362.285     33  4790.571     4807.317     4893.662
729  mtART+F+G4    2193.244     51  4488.487     4534.211     4647.809
730  mtART+F+I+G4  2192.339     52  4488.678     4536.609     4651.125
751  mtZOA+G4      2349.735     32  4763.470     4779.114     4863.436
752  mtZOA+I+G4    2349.128     33  4764.256     4781.002     4867.346
773  mtZOA+F+G4    2192.477     51  4486.955     4532.679     4646.277
774  mtZOA+F+I+G4  2192.061     52  4488.121     4536.051     4650.567
795  mtMet+G4      2385.814     32  4835.628     4851.273     4935.595
796  mtMet+I+G4    2384.651     33  4835.303     4852.049     4938.393
817  mtMet+F+G4    2181.957     51  4465.913     4511.638     4625.236
818  mtMet+F+I+G4  2180.950     52  4465.899     4513.829     4628.345
839  mtVer+G4      2419.495     32  4902.990     4918.635     5002.957
840  mtVer+I+G4    2416.692     33  4899.385     4916.131     5002.475
861  mtVer+F+G4    2204.988     51  4511.975     4557.699     4671.297
862  mtVer+F+I+G4  2202.852     52  4509.704     4557.634     4672.150
883  mtInv+G4      2392.385     32  4848.770     4864.415     4948.737
884  mtInv+I+G4    2390.897     33  4847.793     4864.539     4950.884
905  mtInv+F+G4    2174.418     51  4450.836     4496.560     4610.158
906  mtInv+F+I+G4  2174.008     52  4452.015     4499.946     4614.461
927  mtMAM+G4      2425.054     32  4914.108     4929.753     5014.075
928  mtMAM+I+G4    2422.697     33  4911.395     4928.141     5014.485
949  mtMAM+F+G4    2222.379     51  4546.758     4592.482     4706.080
950  mtMAM+F+I+G4  2219.040     52  4542.080     4590.011     4704.527
WARNING: Normalizing state frequencies so that sum of them equals to 1
971  FLAVI+G4      2283.988     32  4631.976     4647.620     4731.943
WARNING: Normalizing state frequencies so that sum of them equals to 1
972  FLAVI+I+G4    2281.194     33  4628.388     4645.134     4731.479
WARNING: Normalizing state frequencies so that sum of them equals to 1
993  FLAVI+F+G4    2211.236     51  4524.472     4570.196     4683.794
WARNING: Normalizing state frequencies so that sum of them equals to 1
994  FLAVI+F+I+G4  2205.355     52  4514.710     4562.641     4677.156
1015  HIVb+G4       2258.476     32  4580.952     4596.596     4680.919
1016  HIVb+I+G4     2256.419     33  4578.838     4595.584     4681.929
1037  HIVb+F+G4     2199.094     51  4500.188     4545.912     4659.510
1038  HIVb+F+I+G4   2194.098     52  4492.195     4540.125     4654.641
1059  HIVw+G4       2320.783     32  4705.566     4721.211     4805.533
1060  HIVw+I+G4     2315.689     33  4697.378     4714.124     4800.469
1081  HIVw+F+G4     2230.450     51  4562.901     4608.625     4722.223
1082  HIVw+F+I+G4   2225.043     52  4554.085     4602.016     4716.532
1103  FLU+G4        2254.653     32  4573.307     4588.951     4673.274
1104  FLU+I+G4      2249.589     33  4565.179     4581.925     4668.270
1125  FLU+F+G4      2188.626     51  4479.252     4524.976     4638.574
1126  FLU+F+I+G4    2184.110     52  4472.221     4520.151     4634.667
1147  rtREV+G4      2249.584     32  4563.167     4578.812     4663.134
1148  rtREV+I+G4    2248.685     33  4563.371     4580.117     4666.462
1169  rtREV+F+G4    2156.137     51  4414.274     4459.998     4573.597
1170  rtREV+F+I+G4  2155.435     52  4414.871     4462.801     4577.317
1191  cpREV+G4      2247.186     32  4558.372     4574.016     4658.339
1192  cpREV+I+G4    2244.200     33  4554.399     4571.145     4657.490
1213  cpREV+F+G4    2184.728     51  4471.456     4517.180     4630.778
1214  cpREV+F+I+G4  2182.428     52  4468.856     4516.786     4631.302
Akaike Information Criterion:           Q.insect+F+I+G4
Corrected Akaike Information Criterion: Q.insect+F+I+G4
Bayesian Information Criterion:         Q.insect+F+G4
Best-fit model: Q.insect+F+G4 chosen according to BIC

All model information printed to FungalCW_tree_20231129/452759at4751.aa.mfa.model.gz
CPU time for ModelFinder: 20.430 seconds (0h:0m:20s)
Wall-clock time for ModelFinder: 10.420 seconds (0h:0m:10s)
Generating 1000 samples for ultrafast bootstrap (seed: 875140)...

NOTE: 2 MB RAM (0 GB) is required!
Estimate model parameters (epsilon = 0.100)
1. Initial log-likelihood: -2142.464
Optimal log-likelihood: -2142.443
Gamma shape alpha: 0.265
Parameters optimization took 1 rounds (0.016 sec)
Wrote distance file to... 
Computing ML distances based on estimated model parameters...
Calculating distance matrix: done in 0.033602 secs using 197.6% CPU
Computing ML distances took 0.033796 sec (of wall-clock time) 0.066793 sec (of CPU time)
Setting up auxiliary I and S matrices: done in 6.19888e-05 secs using 196.8% CPU
Constructing RapidNJ tree: done in 0.00027895 secs
Computing RapidNJ tree took 0.000468 sec (of wall-clock time) 0.000141 sec (of CPU time)
Log-likelihood of RapidNJ tree: -2188.194
--------------------------------------------------------------------
|             INITIALIZING CANDIDATE TREE SET                      |
--------------------------------------------------------------------
Generating 98 parsimony trees... 0.205 second
Computing log-likelihood of 98 initial trees ... 0.554 seconds
Current best score: -2142.443

Do NNI search on 20 best initial trees
Optimizing NNI: done in 0.0246689 secs using 195.4% CPU
Estimate model parameters (epsilon = 0.100)
BETTER TREE FOUND at iteration 1: -2142.420
Optimizing NNI: done in 0.063812 secs using 197.2% CPU
Optimizing NNI: done in 0.0623322 secs using 196.5% CPU
Optimizing NNI: done in 0.0514719 secs using 194.3% CPU
Optimizing NNI: done in 0.0762732 secs using 198.3% CPU
Optimizing NNI: done in 0.0775568 secs using 198.3% CPU
Optimizing NNI: done in 0.077605 secs using 198.2% CPU
Optimizing NNI: done in 0.0976119 secs using 195.2% CPU
Optimizing NNI: done in 0.0961082 secs using 194.1% CPU
Optimizing NNI: done in 0.0960751 secs using 195.2% CPU
Iteration 10 / LogL: -2154.922 / Time: 0h:0m:1s
Optimizing NNI: done in 0.0763352 secs using 195.7% CPU
Optimizing NNI: done in 0.0767961 secs using 198.2% CPU
Optimizing NNI: done in 0.091198 secs using 196.9% CPU
Optimizing NNI: done in 0.0978422 secs using 194.2% CPU
Optimizing NNI: done in 0.091584 secs using 196.1% CPU
Optimizing NNI: done in 0.114219 secs using 197.5% CPU
Optimizing NNI: done in 0.104822 secs using 197.4% CPU
Optimizing NNI: done in 0.0687981 secs using 196.8% CPU
Optimizing NNI: done in 0.0486221 secs using 198.2% CPU
Optimizing NNI: done in 0.0748351 secs using 196.9% CPU
Iteration 20 / LogL: -2146.365 / Time: 0h:0m:2s
Finish initializing candidate tree set (4)
Current best tree score: -2142.420 / CPU time: 2.388
Number of iterations: 20
--------------------------------------------------------------------
|               OPTIMIZING CANDIDATE TREE SET                      |
--------------------------------------------------------------------
Optimizing NNI: done in 0.0796981 secs using 198.1% CPU
Optimizing NNI: done in 0.123509 secs using 196.6% CPU
Optimizing NNI: done in 0.112533 secs using 195.6% CPU
Optimizing NNI: done in 0.140628 secs using 197.8% CPU
Optimizing NNI: done in 0.0903001 secs using 197.4% CPU
Optimizing NNI: done in 0.0593379 secs using 198.3% CPU
Optimizing NNI: done in 0.113184 secs using 197.4% CPU
Optimizing NNI: done in 0.0680311 secs using 198.2% CPU
Optimizing NNI: done in 0.0731962 secs using 195.5% CPU
Optimizing NNI: done in 0.075568 secs using 198.2% CPU
Iteration 30 / LogL: -2161.064 / Time: 0h:0m:3s (0h:0m:8s left)
Optimizing NNI: done in 0.109169 secs using 197.3% CPU
Optimizing NNI: done in 0.142395 secs using 195.5% CPU
Optimizing NNI: done in 0.0760229 secs using 198.1% CPU
Optimizing NNI: done in 0.063925 secs using 198.1% CPU
Estimate model parameters (epsilon = 0.100)
UPDATE BEST LOG-LIKELIHOOD: -2142.338
Optimizing NNI: done in 0.073765 secs using 198% CPU
Optimizing NNI: done in 0.0966201 secs using 197.2% CPU
Optimizing NNI: done in 0.051055 secs using 196.3% CPU
Optimizing NNI: done in 0.165668 secs using 197.7% CPU
Optimizing NNI: done in 0.106097 secs using 196.3% CPU
Optimizing NNI: done in 0.0810611 secs using 198.3% CPU
Iteration 40 / LogL: -2142.357 / Time: 0h:0m:4s (0h:0m:7s left)
Optimizing NNI: done in 0.0962429 secs using 196.1% CPU
Optimizing NNI: done in 0.0895219 secs using 196% CPU
Optimizing NNI: done in 0.09868 secs using 197.2% CPU
Optimizing NNI: done in 0.0545199 secs using 197.3% CPU
Optimizing NNI: done in 0.0550041 secs using 197.9% CPU
Optimizing NNI: done in 0.0920689 secs using 198.4% CPU
Optimizing NNI: done in 0.0763218 secs using 195.7% CPU
Optimizing NNI: done in 0.107176 secs using 193.6% CPU
Optimizing NNI: done in 0.064908 secs using 198.3% CPU
Optimizing NNI: done in 0.0870171 secs using 194.9% CPU
Iteration 50 / LogL: -2149.776 / Time: 0h:0m:5s (0h:0m:5s left)
Log-likelihood cutoff on original alignment: -2174.732
Optimizing NNI: done in 0.0729809 secs using 198.3% CPU
Optimizing NNI: done in 0.064909 secs using 197.9% CPU
Optimizing NNI: done in 0.127702 secs using 197.5% CPU
Optimizing NNI: done in 0.0780702 secs using 197% CPU
Optimizing NNI: done in 0.0641329 secs using 195.2% CPU
Optimizing NNI: done in 0.069217 secs using 196.8% CPU
Optimizing NNI: done in 0.08586 secs using 197.1% CPU
Optimizing NNI: done in 0.0616629 secs using 198.1% CPU
Optimizing NNI: done in 0.0929589 secs using 198.3% CPU
Optimizing NNI: done in 0.110985 secs using 197.4% CPU
Iteration 60 / LogL: -2142.505 / Time: 0h:0m:6s (0h:0m:4s left)
Optimizing NNI: done in 0.082119 secs using 194.6% CPU
Optimizing NNI: done in 0.078191 secs using 195.8% CPU
Optimizing NNI: done in 0.0851369 secs using 196% CPU
Optimizing NNI: done in 0.07974 secs using 198.3% CPU
Optimizing NNI: done in 0.102541 secs using 196.2% CPU
Optimizing NNI: done in 0.102731 secs using 197.9% CPU
Optimizing NNI: done in 0.113399 secs using 196.9% CPU
Optimizing NNI: done in 0.0735619 secs using 198.3% CPU
Optimizing NNI: done in 0.073715 secs using 198.3% CPU
Optimizing NNI: done in 0.094835 secs using 197.2% CPU
Iteration 70 / LogL: -2142.365 / Time: 0h:0m:7s (0h:0m:3s left)
Optimizing NNI: done in 0.088829 secs using 197.1% CPU
Optimizing NNI: done in 0.07757 secs using 195.6% CPU
Optimizing NNI: done in 0.105589 secs using 198.3% CPU
Optimizing NNI: done in 0.141134 secs using 197.6% CPU
Optimizing NNI: done in 0.0924039 secs using 196% CPU
Optimizing NNI: done in 0.139966 secs using 198.3% CPU
Optimizing NNI: done in 0.108354 secs using 197.4% CPU
Optimizing NNI: done in 0.0878799 secs using 194.9% CPU
Optimizing NNI: done in 0.076683 secs using 195.8% CPU
Optimizing NNI: done in 0.0666399 secs using 198.3% CPU
Iteration 80 / LogL: -2142.357 / Time: 0h:0m:8s (0h:0m:2s left)
Optimizing NNI: done in 0.0506771 secs using 198.3% CPU
Optimizing NNI: done in 0.095422 secs using 197.3% CPU
Optimizing NNI: done in 0.0511169 secs using 196.1% CPU
Optimizing NNI: done in 0.0904222 secs using 196% CPU
Optimizing NNI: done in 0.0908329 secs using 197.2% CPU
Optimizing NNI: done in 0.116987 secs using 196.6% CPU
Optimizing NNI: done in 0.0685511 secs using 198.8% CPU
Optimizing NNI: done in 0.145957 secs using 198% CPU
Optimizing NNI: done in 0.117607 secs using 194.1% CPU
Optimizing NNI: done in 0.0705302 secs using 196.8% CPU
Iteration 90 / LogL: -2142.348 / Time: 0h:0m:9s (0h:0m:1s left)
Optimizing NNI: done in 0.0999289 secs using 195.3% CPU
Optimizing NNI: done in 0.067775 secs using 196.7% CPU
Optimizing NNI: done in 0.0716622 secs using 196.8% CPU
Optimizing NNI: done in 0.082706 secs using 197.1% CPU
Optimizing NNI: done in 0.085587 secs using 197.1% CPU
Optimizing NNI: done in 0.086997 secs using 198.3% CPU
Optimizing NNI: done in 0.0877788 secs using 197.2% CPU
Optimizing NNI: done in 0.101394 secs using 195.3% CPU
Optimizing NNI: done in 0.061847 secs using 196.6% CPU
Optimizing NNI: done in 0.0735719 secs using 198.2% CPU
Iteration 100 / LogL: -2160.219 / Time: 0h:0m:10s (0h:0m:0s left)
Log-likelihood cutoff on original alignment: -2174.732
NOTE: Bootstrap correlation coefficient of split occurrence frequencies: 1.000
Optimizing NNI: done in 0.048332 secs using 194.2% CPU
Optimizing NNI: done in 0.0748482 secs using 198.5% CPU
TREE SEARCH COMPLETED AFTER 102 ITERATIONS / Time: 0h:0m:10s

--------------------------------------------------------------------
|                    FINALIZING TREE SEARCH                        |
--------------------------------------------------------------------
Performs final model parameters optimization
Estimate model parameters (epsilon = 0.010)
1. Initial log-likelihood: -2142.338
Optimal log-likelihood: -2142.338
Gamma shape alpha: 0.264
Parameters optimization took 1 rounds (0.015 sec)
BEST SCORE FOUND : -2142.338

Testing tree branches by SH-like aLRT with 1000 replicates...
0.055 sec.
Creating bootstrap support values...
Split supports printed to NEXUS file FungalCW_tree_20231129/452759at4751.aa.mfa.splits.nex
Total tree length: 9.299

Total number of iterations: 102
CPU time used for tree search: 20.906 sec (0h:0m:20s)
Wall-clock time used for tree search: 10.691 sec (0h:0m:10s)
Total CPU time used: 21.566 sec (0h:0m:21s)
Total wall-clock time used: 11.118 sec (0h:0m:11s)

Computing bootstrap consensus tree...
Reading input file FungalCW_tree_20231129/452759at4751.aa.mfa.splits.nex...
17 taxa and 112 splits.
Consensus tree written to FungalCW_tree_20231129/452759at4751.aa.mfa.contree
Reading input trees file FungalCW_tree_20231129/452759at4751.aa.mfa.contree
Log-likelihood of consensus tree: -2142.338

Analysis results written to: 
  IQ-TREE report:                FungalCW_tree_20231129/452759at4751.aa.mfa.iqtree
  Maximum-likelihood tree:       FungalCW_tree_20231129/452759at4751.aa.mfa.treefile
  Likelihood distances:          FungalCW_tree_20231129/452759at4751.aa.mfa.mldist

Ultrafast bootstrap approximation results written to:
  Split support values:          FungalCW_tree_20231129/452759at4751.aa.mfa.splits.nex
  Consensus tree:                FungalCW_tree_20231129/452759at4751.aa.mfa.contree
  Screen log file:               FungalCW_tree_20231129/452759at4751.aa.mfa.log

Date and Time: Wed Nov 29 01:42:07 2023
