IQ-TREE multicore version 2.2.2.6 COVID-edition for Linux 64-bit built May 27 2023
Developed by Bui Quang Minh, James Barbetti, Nguyen Lam Tung,
Olga Chernomor, Heiko Schmidt, Dominik Schrempf, Michael Woodhams, Ly Trong Nhan.

Host:    i29 (AVX2, FMA3, 503 GB RAM)
Command: iqtree2 -s FungalCW_tree_20231129/458554at4751.aa.mfa -gz -B 1000 -alrt 1000 -nt 2
Seed:    134194 (Using SPRNG - Scalable Parallel Random Number Generator)
Time:    Wed Nov 29 01:42:16 2023
Kernel:  AVX+FMA - 2 threads (2 CPU cores detected)

Reading alignment file FungalCW_tree_20231129/458554at4751.aa.mfa ... Fasta format detected
Reading fasta file: done in 0.000159025 secs using 49.68% CPU
Alignment most likely contains protein sequences
Constructing alignment: done in 0.000543118 secs using 100.7% CPU
Alignment has 18 sequences with 223 columns, 208 distinct patterns
105 parsimony-informative, 73 singleton sites, 45 constant sites
                                                               Gap/Ambiguity  Composition  p-value
Analyzing sequences: done in 2.12193e-05 secs using 94.25% CPU
   1  Basidiobolus_meristosporus_CBS_931.73.Basme2finSC.v1            39.91%    passed     96.21%
   2  Botrytis_cinerea_T4                                             26.91%    passed     46.33%
   3  Capillidium_pumilum_ARSEF_79                                    48.88%    passed      9.38%
   4  Colletotrichum_graminicola_M1.001                               26.91%    passed     95.91%
   5  Colletotrichum_higginsianum_IMI_349063                          26.91%    passed     97.36%
   6  Fusarium_graminearum_PH-1                                       27.35%    passed     99.08%
   7  Fusarium_verticillioides_7600                                   27.35%    passed     99.68%
   8  Gilbertella_persicaria_var_persicaria_CBS_190.32-T.Gilper1.v1   36.32%    passed     99.47%
   9  Mortierella_elongata_AG-77                                      33.63%    passed     93.43%
  10  Mucor_mucedo_NRRL_3635                                          35.43%    passed     99.63%
  11  Neoconidiobolus_thromboides_FSU_785.Conth1.v1                   39.01%    passed     48.32%
  12  Phycomyces_blakesleeanus_NRRL_1555.Phybl2.v2                    35.87%    passed     97.89%
  13  Rhizopus_stolonifer_NRRL_66455                                  35.87%    passed     99.39%
  14  Trichoderma_harzianum_CBS_226.95                                26.91%    passed     97.74%
  15  Umbelopsis_ramanniana_NRRL_5844.Umbra1.v1                       40.36%    passed     99.56%
  16  Ustilago_maydis                                                 45.29%    passed     23.53%
  17  Zoophthora_radicans_ATCC_208865                                 41.26%    passed     50.52%
  18  Zymoseptoria_tritici_IP0323                                     29.15%    passed     99.54%
****  TOTAL                                                           34.63%  0 sequences failed composition chi2 test (p-value<5%; df=19)
Checking for duplicate sequences: done in 8.91685e-05 secs using 116.6% CPU


Create initial parsimony tree by phylogenetic likelihood library (PLL)... 0.002 seconds
Perform fast likelihood tree search using LG+I+G model...
Estimate model parameters (epsilon = 5.000)
Perform nearest neighbor interchange...
Optimizing NNI: done in 0.060163 secs using 196.1% CPU
Estimate model parameters (epsilon = 1.000)
1. Initial log-likelihood: -3004.410
Optimal log-likelihood: -3004.178
Proportion of invariable sites: 0.056
Gamma shape alpha: 2.013
Parameters optimization took 1 rounds (0.049 sec)
Time for fast ML tree search: 0.216 seconds

NOTE: ModelFinder requires 7 MB RAM!
ModelFinder will test up to 1232 protein models (sample size: 223) ...
 No. Model         -LnL         df  AIC          AICc         BIC
  1  LG            3044.097     33  6154.194     6166.067     6266.630
  2  LG+I          3028.102     34  6124.205     6136.864     6240.049
  3  LG+G4         3003.915     34  6075.829     6088.489     6191.673
  4  LG+I+G4       3003.974     35  6077.948     6091.424     6197.199
  5  LG+R2         3007.944     35  6085.888     6099.364     6205.139
  6  LG+R3         3003.043     37  6080.086     6095.286     6206.152
 14  LG+I+R2       3005.089     36  6082.178     6096.501     6204.837
 15  LG+I+R3       3003.280     38  6082.561     6098.669     6212.033
 25  LG+F+G4       3000.515     53  6107.030     6140.899     6287.610
 26  LG+F+I+G4     3000.357     54  6108.714     6144.071     6292.701
 47  WAG+G4        3034.153     34  6136.306     6148.966     6252.150
 48  WAG+I+G4      3034.122     35  6138.243     6151.719     6257.494
 69  WAG+F+G4      3035.957     53  6177.915     6211.784     6358.495
 70  WAG+F+I+G4    3035.654     54  6179.309     6214.666     6363.296
 91  JTT+G4        3023.956     34  6115.912     6128.571     6231.755
 92  JTT+I+G4      3024.017     35  6118.034     6131.509     6237.285
113  JTT+F+G4      3021.115     53  6148.229     6182.099     6328.809
114  JTT+F+I+G4    3020.985     54  6149.970     6185.327     6333.957
WARNING: Normalizing state frequencies so that sum of them equals to 1
135  Q.pfam+G4     3008.962     34  6085.925     6098.584     6201.769
WARNING: Normalizing state frequencies so that sum of them equals to 1
136  Q.pfam+I+G4   3009.022     35  6088.043     6101.519     6207.294
WARNING: Normalizing state frequencies so that sum of them equals to 1
157  Q.pfam+F+G4   3007.768     53  6121.537     6155.407     6302.117
WARNING: Normalizing state frequencies so that sum of them equals to 1
158  Q.pfam+F+I+G4 3007.581     54  6123.163     6158.520     6307.150
WARNING: Normalizing state frequencies so that sum of them equals to 1
179  Q.bird+G4     3079.758     34  6227.516     6240.175     6343.359
WARNING: Normalizing state frequencies so that sum of them equals to 1
180  Q.bird+I+G4   3080.097     35  6230.193     6243.669     6349.444
WARNING: Normalizing state frequencies so that sum of them equals to 1
201  Q.bird+F+G4   3069.352     53  6244.703     6278.573     6425.283
WARNING: Normalizing state frequencies so that sum of them equals to 1
202  Q.bird+F+I+G4 3069.716     54  6247.432     6282.789     6431.419
WARNING: Normalizing state frequencies so that sum of them equals to 1
223  Q.mammal+G4   3057.002     34  6182.005     6194.664     6297.848
WARNING: Normalizing state frequencies so that sum of them equals to 1
224  Q.mammal+I+G4 3057.371     35  6184.742     6198.218     6303.993
WARNING: Normalizing state frequencies so that sum of them equals to 1
245  Q.mammal+F+G4 3047.901     53  6201.801     6235.671     6382.381
WARNING: Normalizing state frequencies so that sum of them equals to 1
246  Q.mammal+F+I+G4 3048.223     54  6204.445     6239.803     6388.433
267  Q.insect+G4   2990.570     34  6049.141     6061.800     6164.984
268  Q.insect+I+G4 2990.616     35  6051.232     6064.708     6170.483
289  Q.insect+F+G4 2985.975     53  6077.950     6111.820     6258.530
290  Q.insect+F+I+G4 2985.740     54  6079.481     6114.838     6263.468
WARNING: Normalizing state frequencies so that sum of them equals to 1
311  Q.plant+G4    3023.207     34  6114.414     6127.074     6230.258
WARNING: Normalizing state frequencies so that sum of them equals to 1
312  Q.plant+I+G4  3023.337     35  6116.675     6130.151     6235.926
WARNING: Normalizing state frequencies so that sum of them equals to 1
333  Q.plant+F+G4  3020.755     53  6147.511     6181.381     6328.091
WARNING: Normalizing state frequencies so that sum of them equals to 1
334  Q.plant+F+I+G4 3020.672     54  6149.344     6184.701     6333.331
WARNING: Normalizing state frequencies so that sum of them equals to 1
355  Q.yeast+G4    2999.036     34  6066.073     6078.732     6181.917
WARNING: Normalizing state frequencies so that sum of them equals to 1
356  Q.yeast+I+G4  2999.089     35  6068.178     6081.654     6187.429
WARNING: Normalizing state frequencies so that sum of them equals to 1
377  Q.yeast+F+G4  2987.461     53  6080.922     6114.792     6261.502
WARNING: Normalizing state frequencies so that sum of them equals to 1
378  Q.yeast+F+I+G4 2987.306     54  6082.613     6117.970     6266.600
399  JTTDCMut+G4   3024.111     34  6116.222     6128.882     6232.066
400  JTTDCMut+I+G4 3024.168     35  6118.336     6131.812     6237.587
421  JTTDCMut+F+G4 3021.526     53  6149.052     6182.922     6329.632
422  JTTDCMut+F+I+G4 3021.390     54  6150.780     6186.138     6334.768
443  DCMut+G4      3053.009     34  6174.019     6186.678     6289.862
444  DCMut+I+G4    3052.718     35  6175.435     6188.911     6294.686
465  DCMut+F+G4    3044.231     53  6194.462     6228.332     6375.042
466  DCMut+F+I+G4  3043.607     54  6195.214     6230.571     6379.201
487  VT+G4         3036.221     34  6140.442     6153.102     6256.286
488  VT+I+G4       3035.871     35  6141.741     6155.217     6260.992
509  VT+F+G4       3035.192     53  6176.384     6210.254     6356.964
510  VT+F+I+G4     3034.651     54  6177.302     6212.659     6361.289
531  PMB+G4        3062.636     34  6193.273     6205.932     6309.117
532  PMB+I+G4      3062.356     35  6194.712     6208.188     6313.963
553  PMB+F+G4      3063.468     53  6232.936     6266.806     6413.516
554  PMB+F+I+G4    3062.974     54  6233.949     6269.306     6417.936
575  Blosum62+G4   3060.370     34  6188.740     6201.400     6304.584
576  Blosum62+I+G4 3060.029     35  6190.058     6203.533     6309.309
597  Blosum62+F+G4 3058.471     53  6222.942     6256.812     6403.522
598  Blosum62+F+I+G4 3058.004     54  6224.009     6259.366     6407.996
619  Dayhoff+G4    3052.662     34  6173.323     6185.983     6289.167
620  Dayhoff+I+G4  3052.372     35  6174.744     6188.220     6293.995
641  Dayhoff+F+G4  3043.912     53  6193.825     6227.695     6374.405
642  Dayhoff+F+I+G4 3043.287     54  6194.574     6229.931     6378.561
663  mtREV+G4      3160.503     34  6389.006     6401.665     6504.849
664  mtREV+I+G4    3160.872     35  6391.744     6405.220     6510.995
685  mtREV+F+G4    3079.751     53  6265.502     6299.371     6446.082
686  mtREV+F+I+G4  3079.940     54  6267.880     6303.237     6451.867
707  mtART+G4      3150.162     34  6368.324     6380.984     6484.168
708  mtART+I+G4    3150.466     35  6370.931     6384.407     6490.182
729  mtART+F+G4    3063.236     53  6232.473     6266.342     6413.053
730  mtART+F+I+G4  3063.711     54  6235.421     6270.778     6419.409
751  mtZOA+G4      3098.353     34  6264.705     6277.365     6380.549
752  mtZOA+I+G4    3098.737     35  6267.474     6280.949     6386.725
773  mtZOA+F+G4    3032.306     53  6170.612     6204.482     6351.192
774  mtZOA+F+I+G4  3032.761     54  6173.523     6208.880     6357.510
795  mtMet+G4      3146.280     34  6360.560     6373.219     6476.404
796  mtMet+I+G4    3146.683     35  6363.366     6376.842     6482.617
817  mtMet+F+G4    3055.819     53  6217.638     6251.508     6398.218
818  mtMet+F+I+G4  3056.241     54  6220.482     6255.839     6404.470
839  mtVer+G4      3197.506     34  6463.013     6475.672     6578.857
840  mtVer+I+G4    3197.924     35  6465.848     6479.324     6585.099
861  mtVer+F+G4    3115.266     53  6336.532     6370.402     6517.113
862  mtVer+F+I+G4  3115.588     54  6339.177     6374.534     6523.164
883  mtInv+G4      3159.046     34  6386.092     6398.752     6501.936
884  mtInv+I+G4    3159.272     35  6388.543     6402.019     6507.794
905  mtInv+F+G4    3030.896     53  6167.791     6201.661     6348.371
906  mtInv+F+I+G4  3031.139     54  6170.278     6205.635     6354.266
927  mtMAM+G4      3221.634     34  6511.268     6523.928     6627.112
928  mtMAM+I+G4    3222.000     35  6514.000     6527.476     6633.252
949  mtMAM+F+G4    3136.578     53  6379.156     6413.026     6559.736
950  mtMAM+F+I+G4  3136.938     54  6381.875     6417.232     6565.863
WARNING: Normalizing state frequencies so that sum of them equals to 1
971  FLAVI+G4      3122.694     34  6313.387     6326.047     6429.231
WARNING: Normalizing state frequencies so that sum of them equals to 1
972  FLAVI+I+G4    3123.191     35  6316.383     6329.858     6435.634
WARNING: Normalizing state frequencies so that sum of them equals to 1
993  FLAVI+F+G4    3112.245     53  6330.491     6364.360     6511.071
WARNING: Normalizing state frequencies so that sum of them equals to 1
994  FLAVI+F+I+G4  3112.659     54  6333.318     6368.675     6517.305
1015  HIVb+G4       3108.641     34  6285.282     6297.942     6401.126
1016  HIVb+I+G4     3108.678     35  6287.357     6300.833     6406.608
1037  HIVb+F+G4     3083.689     53  6273.377     6307.247     6453.957
1038  HIVb+F+I+G4   3083.751     54  6275.501     6310.858     6459.488
1059  HIVw+G4       3231.280     34  6530.560     6543.220     6646.404
1060  HIVw+I+G4     3231.109     35  6532.217     6545.693     6651.468
1081  HIVw+F+G4     3175.431     53  6456.862     6490.732     6637.442
1082  HIVw+F+I+G4   3175.354     54  6458.709     6494.066     6642.696
1103  FLU+G4        3068.707     34  6205.414     6218.073     6321.258
1104  FLU+I+G4      3068.983     35  6207.966     6221.442     6327.217
1125  FLU+F+G4      3060.195     53  6226.390     6260.260     6406.970
1126  FLU+F+I+G4    3060.549     54  6229.097     6264.454     6413.084
1147  rtREV+G4      3032.772     34  6133.544     6146.204     6249.388
1148  rtREV+I+G4    3032.754     35  6135.508     6148.984     6254.759
1169  rtREV+F+G4    3005.927     53  6117.854     6151.723     6298.434
1170  rtREV+F+I+G4  3005.548     54  6119.095     6154.453     6303.083
1191  cpREV+G4      3056.629     34  6181.258     6193.918     6297.102
1192  cpREV+I+G4    3056.736     35  6183.472     6196.948     6302.723
1213  cpREV+F+G4    3055.281     53  6216.561     6250.431     6397.141
1214  cpREV+F+I+G4  3055.257     54  6218.514     6253.871     6402.501
Akaike Information Criterion:           Q.insect+G4
Corrected Akaike Information Criterion: Q.insect+G4
Bayesian Information Criterion:         Q.insect+G4
Best-fit model: Q.insect+G4 chosen according to BIC

All model information printed to FungalCW_tree_20231129/458554at4751.aa.mfa.model.gz
CPU time for ModelFinder: 26.859 seconds (0h:0m:26s)
Wall-clock time for ModelFinder: 13.726 seconds (0h:0m:13s)
Generating 1000 samples for ultrafast bootstrap (seed: 134194)...

NOTE: 3 MB RAM (0 GB) is required!
Estimate model parameters (epsilon = 0.100)
1. Initial log-likelihood: -2990.570
Optimal log-likelihood: -2990.570
Gamma shape alpha: 1.468
Parameters optimization took 1 rounds (0.024 sec)
Wrote distance file to... 
Computing ML distances based on estimated model parameters...
Calculating distance matrix: done in 0.0278628 secs using 198.2% CPU
Computing ML distances took 0.028054 sec (of wall-clock time) 0.055601 sec (of CPU time)
Setting up auxiliary I and S matrices: done in 9.39369e-05 secs using 162.9% CPU
Constructing RapidNJ tree: done in 0.0003829 secs using 190.1% CPU
Computing RapidNJ tree took 0.000588 sec (of wall-clock time) 0.000990 sec (of CPU time)
Log-likelihood of RapidNJ tree: -2991.021
--------------------------------------------------------------------
|             INITIALIZING CANDIDATE TREE SET                      |
--------------------------------------------------------------------
Generating 98 parsimony trees... 0.286 second
Computing log-likelihood of 98 initial trees ... 0.807 seconds
Current best score: -2990.570

Do NNI search on 20 best initial trees
Optimizing NNI: done in 0.0584929 secs using 198.5% CPU
Estimate model parameters (epsilon = 0.100)
BETTER TREE FOUND at iteration 1: -2990.327
Optimizing NNI: done in 0.132328 secs using 197.1% CPU
Estimate model parameters (epsilon = 0.100)
BETTER TREE FOUND at iteration 2: -2985.478
Optimizing NNI: done in 0.0869081 secs using 195.1% CPU
Optimizing NNI: done in 0.0935011 secs using 198.5% CPU
Optimizing NNI: done in 0.0948591 secs using 198.6% CPU
Optimizing NNI: done in 0.095351 secs using 197.6% CPU
Optimizing NNI: done in 0.0976629 secs using 197.5% CPU
Optimizing NNI: done in 0.09708 secs using 197.6% CPU
Optimizing NNI: done in 0.0954499 secs using 198.5% CPU
Optimizing NNI: done in 0.121128 secs using 196.8% CPU
Iteration 10 / LogL: -2986.558 / Time: 0h:0m:2s
Optimizing NNI: done in 0.0809948 secs using 198.6% CPU
Optimizing NNI: done in 0.0950899 secs using 198.5% CPU
Optimizing NNI: done in 0.0743811 secs using 197.2% CPU
Optimizing NNI: done in 0.104972 secs using 197.4% CPU
Optimizing NNI: done in 0.097717 secs using 198.8% CPU
Optimizing NNI: done in 0.106145 secs using 195.9% CPU
Optimizing NNI: done in 0.11528 secs using 197% CPU
Optimizing NNI: done in 0.123106 secs using 197% CPU
Optimizing NNI: done in 0.0884671 secs using 196.4% CPU
Optimizing NNI: done in 0.0954502 secs using 196.5% CPU
Iteration 20 / LogL: -2986.032 / Time: 0h:0m:3s
Finish initializing candidate tree set (6)
Current best tree score: -2985.478 / CPU time: 3.168
Number of iterations: 20
--------------------------------------------------------------------
|               OPTIMIZING CANDIDATE TREE SET                      |
--------------------------------------------------------------------
Optimizing NNI: done in 0.122151 secs using 197.8% CPU
Optimizing NNI: done in 0.146175 secs using 198.6% CPU
Optimizing NNI: done in 0.171392 secs using 196.9% CPU
Optimizing NNI: done in 0.153871 secs using 198% CPU
Optimizing NNI: done in 0.111095 secs using 198.6% CPU
Optimizing NNI: done in 0.149639 secs using 197.2% CPU
Optimizing NNI: done in 0.0647008 secs using 198.5% CPU
Optimizing NNI: done in 0.160832 secs using 198.7% CPU
Optimizing NNI: done in 0.143492 secs using 197.3% CPU
Optimizing NNI: done in 0.09096 secs using 198% CPU
Iteration 30 / LogL: -2985.499 / Time: 0h:0m:4s (0h:0m:11s left)
Optimizing NNI: done in 0.0959668 secs using 198.7% CPU
Optimizing NNI: done in 0.158041 secs using 198.8% CPU
Optimizing NNI: done in 0.145416 secs using 198.1% CPU
Optimizing NNI: done in 0.115923 secs using 197.7% CPU
Optimizing NNI: done in 0.146549 secs using 197.4% CPU
Optimizing NNI: done in 0.122331 secs using 198.7% CPU
Optimizing NNI: done in 0.166299 secs using 198% CPU
Optimizing NNI: done in 0.113513 secs using 197.8% CPU
Optimizing NNI: done in 0.17274 secs using 197% CPU
Optimizing NNI: done in 0.101383 secs using 196.8% CPU
Iteration 40 / LogL: -2986.112 / Time: 0h:0m:6s (0h:0m:9s left)
Optimizing NNI: done in 0.129201 secs using 197.2% CPU
Optimizing NNI: done in 0.0959911 secs using 197.1% CPU
Optimizing NNI: done in 0.107913 secs using 198.8% CPU
Optimizing NNI: done in 0.159165 secs using 198.8% CPU
Optimizing NNI: done in 0.19056 secs using 198.3% CPU
Optimizing NNI: done in 0.13448 secs using 198.7% CPU
Optimizing NNI: done in 0.0929019 secs using 197.7% CPU
Optimizing NNI: done in 0.121634 secs using 198.8% CPU
Optimizing NNI: done in 0.106349 secs using 198.7% CPU
Optimizing NNI: done in 0.130531 secs using 195.7% CPU
Iteration 50 / LogL: -2986.641 / Time: 0h:0m:7s (0h:0m:8s left)
Log-likelihood cutoff on original alignment: -3014.096
Optimizing NNI: done in 0.149712 secs using 197.5% CPU
Optimizing NNI: done in 0.194872 secs using 197.3% CPU
Optimizing NNI: done in 0.097033 secs using 197.8% CPU
Optimizing NNI: done in 0.127658 secs using 198% CPU
Optimizing NNI: done in 0.139108 secs using 196.7% CPU
Optimizing NNI: done in 0.188966 secs using 198.8% CPU
Optimizing NNI: done in 0.0795171 secs using 198.8% CPU
Optimizing NNI: done in 0.129914 secs using 198.8% CPU
Optimizing NNI: done in 0.123602 secs using 198.8% CPU
Optimizing NNI: done in 0.0914569 secs using 199.3% CPU
Iteration 60 / LogL: -2986.050 / Time: 0h:0m:9s (0h:0m:6s left)
Optimizing NNI: done in 0.168093 secs using 199.1% CPU
Optimizing NNI: done in 0.108894 secs using 197.6% CPU
Optimizing NNI: done in 0.132793 secs using 198% CPU
Optimizing NNI: done in 0.105596 secs using 198.7% CPU
Optimizing NNI: done in 0.134821 secs using 198% CPU
Optimizing NNI: done in 0.092355 secs using 198.8% CPU
Optimizing NNI: done in 0.152917 secs using 198% CPU
Optimizing NNI: done in 0.0989702 secs using 197.6% CPU
Optimizing NNI: done in 0.15726 secs using 197.4% CPU
Optimizing NNI: done in 0.147785 secs using 194.9% CPU
Iteration 70 / LogL: -2985.495 / Time: 0h:0m:10s (0h:0m:4s left)
Optimizing NNI: done in 0.205656 secs using 197.9% CPU
Optimizing NNI: done in 0.117116 secs using 198% CPU
Optimizing NNI: done in 0.149855 secs using 198.8% CPU
Optimizing NNI: done in 0.117705 secs using 198.8% CPU
Optimizing NNI: done in 0.102944 secs using 199.4% CPU
Optimizing NNI: done in 0.0867651 secs using 198.8% CPU
Optimizing NNI: done in 0.139337 secs using 197.4% CPU
Optimizing NNI: done in 0.156636 secs using 198.7% CPU
Optimizing NNI: done in 0.0905769 secs using 198.7% CPU
Optimizing NNI: done in 0.121576 secs using 198.7% CPU
Iteration 80 / LogL: -2985.490 / Time: 0h:0m:11s (0h:0m:3s left)
Optimizing NNI: done in 0.09057 secs using 195.5% CPU
Optimizing NNI: done in 0.115795 secs using 197.9% CPU
Optimizing NNI: done in 0.093188 secs using 198.7% CPU
Optimizing NNI: done in 0.154882 secs using 198.1% CPU
Optimizing NNI: done in 0.088604 secs using 194% CPU
Optimizing NNI: done in 0.102625 secs using 197.8% CPU
Optimizing NNI: done in 0.101627 secs using 197.8% CPU
Optimizing NNI: done in 0.113455 secs using 198.9% CPU
Optimizing NNI: done in 0.154407 secs using 198.8% CPU
Optimizing NNI: done in 0.0969682 secs using 198.7% CPU
Iteration 90 / LogL: -2985.565 / Time: 0h:0m:13s (0h:0m:1s left)
Optimizing NNI: done in 0.116738 secs using 198.6% CPU
Optimizing NNI: done in 0.101084 secs using 199.4% CPU
Optimizing NNI: done in 0.0642231 secs using 197.2% CPU
Optimizing NNI: done in 0.143145 secs using 198.8% CPU
Optimizing NNI: done in 0.090503 secs using 198.7% CPU
Optimizing NNI: done in 0.0879631 secs using 196.5% CPU
Optimizing NNI: done in 0.0696568 secs using 197.3% CPU
Optimizing NNI: done in 0.135991 secs using 198.8% CPU
Optimizing NNI: done in 0.152392 secs using 198.2% CPU
Optimizing NNI: done in 0.130797 secs using 197.3% CPU
Iteration 100 / LogL: -2986.072 / Time: 0h:0m:14s (0h:0m:0s left)
Log-likelihood cutoff on original alignment: -3013.809
NOTE: Bootstrap correlation coefficient of split occurrence frequencies: 0.999
Optimizing NNI: done in 0.117553 secs using 194.8% CPU
Optimizing NNI: done in 0.113187 secs using 198.6% CPU
Optimizing NNI: done in 0.120738 secs using 197.8% CPU
TREE SEARCH COMPLETED AFTER 103 ITERATIONS / Time: 0h:0m:14s

--------------------------------------------------------------------
|                    FINALIZING TREE SEARCH                        |
--------------------------------------------------------------------
Performs final model parameters optimization
Estimate model parameters (epsilon = 0.010)
1. Initial log-likelihood: -2985.478
Optimal log-likelihood: -2985.473
Gamma shape alpha: 1.375
Parameters optimization took 1 rounds (0.024 sec)
BEST SCORE FOUND : -2985.473

Testing tree branches by SH-like aLRT with 1000 replicates...
0.077 sec.
Creating bootstrap support values...
Split supports printed to NEXUS file FungalCW_tree_20231129/458554at4751.aa.mfa.splits.nex
Total tree length: 6.245

Total number of iterations: 103
CPU time used for tree search: 28.593 sec (0h:0m:28s)
Wall-clock time used for tree search: 14.603 sec (0h:0m:14s)
Total CPU time used: 29.263 sec (0h:0m:29s)
Total wall-clock time used: 14.994 sec (0h:0m:14s)

Computing bootstrap consensus tree...
Reading input file FungalCW_tree_20231129/458554at4751.aa.mfa.splits.nex...
18 taxa and 109 splits.
Consensus tree written to FungalCW_tree_20231129/458554at4751.aa.mfa.contree
Reading input trees file FungalCW_tree_20231129/458554at4751.aa.mfa.contree
Log-likelihood of consensus tree: -2986.518

Analysis results written to: 
  IQ-TREE report:                FungalCW_tree_20231129/458554at4751.aa.mfa.iqtree
  Maximum-likelihood tree:       FungalCW_tree_20231129/458554at4751.aa.mfa.treefile
  Likelihood distances:          FungalCW_tree_20231129/458554at4751.aa.mfa.mldist

Ultrafast bootstrap approximation results written to:
  Split support values:          FungalCW_tree_20231129/458554at4751.aa.mfa.splits.nex
  Consensus tree:                FungalCW_tree_20231129/458554at4751.aa.mfa.contree
  Screen log file:               FungalCW_tree_20231129/458554at4751.aa.mfa.log

Date and Time: Wed Nov 29 01:42:44 2023
