IQ-TREE multicore version 2.2.2.6 COVID-edition for Linux 64-bit built May 27 2023
Developed by Bui Quang Minh, James Barbetti, Nguyen Lam Tung,
Olga Chernomor, Heiko Schmidt, Dominik Schrempf, Michael Woodhams, Ly Trong Nhan.

Host:    i21 (AVX2, FMA3, 503 GB RAM)
Command: iqtree2 -s FungalCW_tree_20231129/464711at4751.aa.mfa -gz -B 1000 -alrt 1000 -nt 2
Seed:    799633 (Using SPRNG - Scalable Parallel Random Number Generator)
Time:    Wed Nov 29 01:42:45 2023
Kernel:  AVX+FMA - 2 threads (2 CPU cores detected)

Reading alignment file FungalCW_tree_20231129/464711at4751.aa.mfa ... Fasta format detected
Reading fasta file: done in 0.000156879 secs using 33.15% CPU
Alignment most likely contains protein sequences
Constructing alignment: done in 0.000620842 secs using 195.9% CPU
Alignment has 17 sequences with 279 columns, 263 distinct patterns
193 parsimony-informative, 49 singleton sites, 37 constant sites
                                                               Gap/Ambiguity  Composition  p-value
Analyzing sequences: done in 2.00272e-05 secs using 99.86% CPU
   1  Basidiobolus_meristosporus_CBS_931.73.Basme2finSC.v1            21.15%    passed     77.80%
   2  Botrytis_cinerea_T4                                             20.79%    passed     97.19%
   3  Capillidium_pumilum_ARSEF_79                                    25.09%    passed     16.97%
   4  Colletotrichum_graminicola_M1.001                               13.62%    passed     97.90%
   5  Colletotrichum_higginsianum_IMI_349063                          13.26%    passed     95.68%
   6  Fusarium_graminearum_PH-1                                       13.62%    passed     62.86%
   7  Fusarium_verticillioides_7600                                   13.62%    passed     49.67%
   8  Gilbertella_persicaria_var_persicaria_CBS_190.32-T.Gilper1.v1   23.66%    passed     99.66%
   9  Mortierella_elongata_AG-77                                      27.24%    passed     80.81%
  10  Mucor_mucedo_NRRL_3635                                          21.86%    passed     68.88%
  11  Neoconidiobolus_thromboides_FSU_785.Conth1.v1                   34.41%    passed     75.56%
  12  Rhizopus_stolonifer_NRRL_66455                                  27.96%    passed     85.20%
  13  Trichoderma_harzianum_CBS_226.95                                15.05%    passed     95.24%
  14  Umbelopsis_ramanniana_NRRL_5844.Umbra1.v1                       20.79%    passed     59.55%
  15  Ustilago_maydis                                                 20.43%    passed     88.37%
  16  Zoophthora_radicans_ATCC_208865                                 14.70%    passed     52.17%
  17  Zymoseptoria_tritici_IP0323                                     19.00%    passed     70.30%
****  TOTAL                                                           20.37%  0 sequences failed composition chi2 test (p-value<5%; df=19)
Checking for duplicate sequences: done in 8.79765e-05 secs using 94.34% CPU


Create initial parsimony tree by phylogenetic likelihood library (PLL)... 0.003 seconds
Perform fast likelihood tree search using LG+I+G model...
Estimate model parameters (epsilon = 5.000)
Perform nearest neighbor interchange...
Optimizing NNI: done in 0.0325601 secs using 198.7% CPU
Estimate model parameters (epsilon = 1.000)
1. Initial log-likelihood: -6785.538
Optimal log-likelihood: -6785.223
Proportion of invariable sites: 0.029
Gamma shape alpha: 0.572
Parameters optimization took 1 rounds (0.052 sec)
Time for fast ML tree search: 0.233 seconds

NOTE: ModelFinder requires 8 MB RAM!
ModelFinder will test up to 1232 protein models (sample size: 279) ...
 No. Model         -LnL         df  AIC          AICc         BIC
  1  LG            7222.606     31  14507.212    14515.244    14619.780
  2  LG+I          7084.465     32  14232.930    14241.516    14349.129
  3  LG+G4         6784.174     32  13632.349    13640.934    13748.547
  4  LG+I+G4       6784.890     33  13635.780    13644.939    13755.610
  5  LG+R2         6852.311     33  13770.622    13779.782    13890.452
  6  LG+R3         6801.949     35  13673.899    13684.269    13800.991
  7  LG+R4         6788.645     37  13651.289    13662.957    13785.644
  8  LG+R5         6782.364     39  13642.728    13655.782    13784.345
  9  LG+R6         6778.176     41  13638.351    13652.883    13787.231
 14  LG+I+R2       6807.856     34  13683.711    13693.465    13807.172
 15  LG+I+R3       6780.036     36  13632.073    13643.081    13762.796
 16  LG+I+R4       6775.193     38  13626.386    13638.736    13764.372
 25  LG+F+G4       6667.139     51  13436.278    13459.644    13621.470
 26  LG+F+I+G4     6667.739     52  13439.478    13463.868    13628.301
 47  WAG+G4        6758.362     32  13580.724    13589.310    13696.923
 48  WAG+I+G4      6758.299     33  13582.598    13591.758    13702.428
 69  WAG+F+G4      6673.174     51  13448.349    13471.714    13633.541
 70  WAG+F+I+G4    6673.052     52  13450.104    13474.494    13638.927
 91  JTT+G4        6763.396     32  13590.792    13599.377    13706.990
 92  JTT+I+G4      6763.663     33  13593.325    13602.484    13713.155
113  JTT+F+G4      6694.020     51  13490.041    13513.406    13675.232
114  JTT+F+I+G4    6694.504     52  13493.008    13517.397    13681.831
WARNING: Normalizing state frequencies so that sum of them equals to 1
135  Q.pfam+G4     6753.894     32  13571.789    13580.374    13687.988
WARNING: Normalizing state frequencies so that sum of them equals to 1
136  Q.pfam+I+G4   6754.307     33  13574.614    13583.773    13694.444
WARNING: Normalizing state frequencies so that sum of them equals to 1
157  Q.pfam+F+G4   6663.625     51  13429.251    13452.616    13614.443
WARNING: Normalizing state frequencies so that sum of them equals to 1
158  Q.pfam+F+I+G4 6663.971     52  13431.943    13456.332    13620.766
WARNING: Normalizing state frequencies so that sum of them equals to 1
179  Q.bird+G4     6827.850     32  13719.700    13728.285    13835.898
WARNING: Normalizing state frequencies so that sum of them equals to 1
180  Q.bird+I+G4   6828.092     33  13722.183    13731.343    13842.013
WARNING: Normalizing state frequencies so that sum of them equals to 1
201  Q.bird+F+G4   6757.662     51  13617.324    13640.690    13802.516
WARNING: Normalizing state frequencies so that sum of them equals to 1
202  Q.bird+F+I+G4 6757.801     52  13619.602    13643.992    13808.425
WARNING: Normalizing state frequencies so that sum of them equals to 1
223  Q.mammal+G4   6801.003     32  13666.006    13674.592    13782.205
WARNING: Normalizing state frequencies so that sum of them equals to 1
224  Q.mammal+I+G4 6801.386     33  13668.773    13677.932    13788.603
WARNING: Normalizing state frequencies so that sum of them equals to 1
245  Q.mammal+F+G4 6732.265     51  13566.531    13589.897    13751.723
WARNING: Normalizing state frequencies so that sum of them equals to 1
246  Q.mammal+F+I+G4 6732.502     52  13569.005    13593.394    13757.828
267  Q.insect+G4   6822.852     32  13709.703    13718.289    13825.902
268  Q.insect+I+G4 6823.374     33  13712.749    13721.908    13832.579
289  Q.insect+F+G4 6681.902     51  13465.804    13489.170    13650.996
290  Q.insect+F+I+G4 6682.325     52  13468.650    13493.039    13657.473
WARNING: Normalizing state frequencies so that sum of them equals to 1
311  Q.plant+G4    6803.040     32  13670.079    13678.665    13786.278
WARNING: Normalizing state frequencies so that sum of them equals to 1
312  Q.plant+I+G4  6803.388     33  13672.775    13681.934    13792.605
WARNING: Normalizing state frequencies so that sum of them equals to 1
333  Q.plant+F+G4  6713.301     51  13528.603    13551.968    13713.795
WARNING: Normalizing state frequencies so that sum of them equals to 1
334  Q.plant+F+I+G4 6713.547     52  13531.094    13555.484    13719.917
WARNING: Normalizing state frequencies so that sum of them equals to 1
355  Q.yeast+G4    6812.521     32  13689.043    13697.628    13805.242
WARNING: Normalizing state frequencies so that sum of them equals to 1
356  Q.yeast+I+G4  6812.960     33  13691.921    13701.080    13811.751
WARNING: Normalizing state frequencies so that sum of them equals to 1
377  Q.yeast+F+G4  6676.939     51  13455.878    13479.244    13641.070
WARNING: Normalizing state frequencies so that sum of them equals to 1
378  Q.yeast+F+I+G4 6677.409     52  13458.819    13483.208    13647.642
399  JTTDCMut+G4   6763.590     32  13591.181    13599.766    13707.379
400  JTTDCMut+I+G4 6763.950     33  13593.900    13603.059    13713.730
421  JTTDCMut+F+G4 6693.007     51  13488.013    13511.379    13673.205
422  JTTDCMut+F+I+G4 6693.487     52  13490.974    13515.363    13679.797
443  DCMut+G4      6803.513     32  13671.026    13679.611    13787.224
444  DCMut+I+G4    6803.982     33  13673.964    13683.123    13793.794
465  DCMut+F+G4    6708.404     51  13518.808    13542.174    13704.000
466  DCMut+F+I+G4  6708.773     52  13521.546    13545.935    13710.369
487  VT+G4         6751.223     32  13566.446    13575.032    13682.645
488  VT+I+G4       6751.627     33  13569.254    13578.413    13689.084
509  VT+F+G4       6665.639     51  13433.277    13456.643    13618.469
510  VT+F+I+G4     6665.981     52  13435.962    13460.351    13624.785
531  PMB+G4        6774.862     32  13613.724    13622.309    13729.922
532  PMB+I+G4      6774.924     33  13615.847    13625.007    13735.677
553  PMB+F+G4      6668.228     51  13438.457    13461.822    13623.649
554  PMB+F+I+G4    6668.409     52  13440.819    13465.208    13629.642
575  Blosum62+G4   6802.881     32  13669.762    13678.348    13785.961
576  Blosum62+I+G4 6803.246     33  13672.491    13681.651    13792.321
597  Blosum62+F+G4 6667.571     51  13437.143    13460.509    13622.335
598  Blosum62+F+I+G4 6667.881     52  13439.762    13464.152    13628.585
619  Dayhoff+G4    6803.701     32  13671.403    13679.988    13787.602
620  Dayhoff+I+G4  6804.111     33  13674.222    13683.381    13794.052
641  Dayhoff+F+G4  6708.582     51  13519.164    13542.529    13704.356
642  Dayhoff+F+I+G4 6708.948     52  13521.897    13546.286    13710.720
663  mtREV+G4      6904.913     32  13873.825    13882.411    13990.024
664  mtREV+I+G4    6903.694     33  13873.389    13882.548    13993.219
685  mtREV+F+G4    6704.420     51  13510.840    13534.205    13696.031
686  mtREV+F+I+G4  6703.779     52  13511.557    13535.947    13700.380
707  mtART+G4      6956.519     32  13977.038    13985.623    14093.236
708  mtART+I+G4    6956.617     33  13979.234    13988.393    14099.064
729  mtART+F+G4    6737.381     51  13576.762    13600.128    13761.954
730  mtART+F+I+G4  6734.651     52  13573.301    13597.691    13762.124
751  mtZOA+G4      6856.720     32  13777.441    13786.026    13893.639
752  mtZOA+I+G4    6856.829     33  13779.658    13788.817    13899.488
773  mtZOA+F+G4    6703.694     51  13509.388    13532.754    13694.580
774  mtZOA+F+I+G4  6703.808     52  13511.615    13536.005    13700.438
795  mtMet+G4      6978.990     32  14021.980    14030.566    14138.179
796  mtMet+I+G4    6979.167     33  14024.335    14033.494    14144.165
817  mtMet+F+G4    6718.638     51  13539.275    13562.641    13724.467
818  mtMet+F+I+G4  6718.773     52  13541.545    13565.934    13730.368
839  mtVer+G4      6976.897     32  14017.794    14026.380    14133.993
840  mtVer+I+G4    6977.049     33  14020.098    14029.257    14139.928
861  mtVer+F+G4    6762.151     51  13626.301    13649.667    13811.493
862  mtVer+F+I+G4  6762.339     52  13628.679    13653.068    13817.502
883  mtInv+G4      7058.867     32  14181.733    14190.319    14297.932
884  mtInv+I+G4    7059.261     33  14184.522    14193.681    14304.352
905  mtInv+F+G4    6692.776     51  13487.553    13510.918    13672.745
906  mtInv+F+I+G4  6692.978     52  13489.955    13514.345    13678.778
927  mtMAM+G4      6993.550     32  14051.100    14059.685    14167.299
928  mtMAM+I+G4    6993.604     33  14053.209    14062.368    14173.039
949  mtMAM+F+G4    6774.533     51  13651.067    13674.432    13836.259
950  mtMAM+F+I+G4  6774.603     52  13653.207    13677.596    13842.030
WARNING: Normalizing state frequencies so that sum of them equals to 1
971  FLAVI+G4      6937.517     32  13939.033    13947.619    14055.232
WARNING: Normalizing state frequencies so that sum of them equals to 1
972  FLAVI+I+G4    6937.729     33  13941.458    13950.618    14061.288
WARNING: Normalizing state frequencies so that sum of them equals to 1
993  FLAVI+F+G4    6803.868     51  13709.736    13733.102    13894.928
WARNING: Normalizing state frequencies so that sum of them equals to 1
994  FLAVI+F+I+G4  6803.807     52  13711.613    13736.002    13900.436
1015  HIVb+G4       6961.216     32  13986.432    13995.017    14102.630
1016  HIVb+I+G4     6961.459     33  13988.919    13998.078    14108.749
1037  HIVb+F+G4     6780.008     51  13662.016    13685.381    13847.207
1038  HIVb+F+I+G4   6780.166     52  13664.332    13688.721    13853.155
1059  HIVw+G4       7128.745     32  14321.490    14330.075    14437.688
1060  HIVw+I+G4     7128.932     33  14323.863    14333.022    14443.693
1081  HIVw+F+G4     6848.111     51  13798.222    13821.588    13983.414
1082  HIVw+F+I+G4   6848.120     52  13800.240    13824.629    13989.063
1103  FLU+G4        6868.607     32  13801.214    13809.800    13917.413
1104  FLU+I+G4      6868.880     33  13803.759    13812.918    13923.589
1125  FLU+F+G4      6726.849     51  13555.698    13579.063    13740.889
1126  FLU+F+I+G4    6727.085     52  13558.169    13582.559    13746.992
1147  rtREV+G4      6838.668     32  13741.336    13749.921    13857.535
1148  rtREV+I+G4    6838.451     33  13742.903    13752.062    13862.733
1169  rtREV+F+G4    6670.043     51  13442.085    13465.451    13627.277
1170  rtREV+F+I+G4  6670.855     52  13445.710    13470.099    13634.533
1191  cpREV+G4      6797.069     32  13658.139    13666.724    13774.338
1192  cpREV+I+G4    6797.523     33  13661.045    13670.205    13780.875
1213  cpREV+F+G4    6684.239     51  13470.479    13493.844    13655.670
1214  cpREV+F+I+G4  6684.704     52  13473.408    13497.797    13662.231
Akaike Information Criterion:           Q.pfam+F+G4
Corrected Akaike Information Criterion: Q.pfam+F+G4
Bayesian Information Criterion:         Q.pfam+F+G4
Best-fit model: Q.pfam+F+G4 chosen according to BIC

All model information printed to FungalCW_tree_20231129/464711at4751.aa.mfa.model.gz
CPU time for ModelFinder: 43.407 seconds (0h:0m:43s)
Wall-clock time for ModelFinder: 21.930 seconds (0h:0m:21s)
Generating 1000 samples for ultrafast bootstrap (seed: 799633)...
WARNING: Normalizing state frequencies so that sum of them equals to 1

NOTE: 4 MB RAM (0 GB) is required!
Estimate model parameters (epsilon = 0.100)
1. Initial log-likelihood: -6663.625
Optimal log-likelihood: -6663.608
Gamma shape alpha: 0.478
Parameters optimization took 1 rounds (0.025 sec)
Wrote distance file to... 
Computing ML distances based on estimated model parameters...
Calculating distance matrix: done in 0.045742 secs using 197.9% CPU
Computing ML distances took 0.045920 sec (of wall-clock time) 0.090800 sec (of CPU time)
WARNING: Some pairwise ML distances are too long (saturated)
Setting up auxiliary I and S matrices: done in 5.29289e-05 secs using 196.5% CPU
Constructing RapidNJ tree: done in 0.000235796 secs using 198.9% CPU
Computing RapidNJ tree took 0.000384 sec (of wall-clock time) 0.000761 sec (of CPU time)
Log-likelihood of RapidNJ tree: -6672.149
--------------------------------------------------------------------
|             INITIALIZING CANDIDATE TREE SET                      |
--------------------------------------------------------------------
Generating 98 parsimony trees... 0.281 second
Computing log-likelihood of 98 initial trees ... 0.837 seconds
Current best score: -6663.608

Do NNI search on 20 best initial trees
Optimizing NNI: done in 0.0351851 secs using 199.2% CPU
Estimate model parameters (epsilon = 0.100)
BETTER TREE FOUND at iteration 1: -6663.604
Optimizing NNI: done in 0.104227 secs using 199.1% CPU
Optimizing NNI: done in 0.116422 secs using 197.4% CPU
Optimizing NNI: done in 0.11691 secs using 198.2% CPU
Optimizing NNI: done in 0.146083 secs using 198.4% CPU
Optimizing NNI: done in 0.133434 secs using 198.7% CPU
Optimizing NNI: done in 0.181755 secs using 199.4% CPU
Optimizing NNI: done in 0.163872 secs using 197.8% CPU
Optimizing NNI: done in 0.172475 secs using 198.5% CPU
Optimizing NNI: done in 0.144648 secs using 198.4% CPU
Iteration 10 / LogL: -6663.868 / Time: 0h:0m:2s
Optimizing NNI: done in 0.138915 secs using 198.3% CPU
Optimizing NNI: done in 0.110242 secs using 199% CPU
Optimizing NNI: done in 0.121161 secs using 199% CPU
Optimizing NNI: done in 0.143847 secs using 199.1% CPU
Optimizing NNI: done in 0.134694 secs using 199.1% CPU
Optimizing NNI: done in 0.154941 secs using 197.8% CPU
Optimizing NNI: done in 0.180955 secs using 199.1% CPU
Optimizing NNI: done in 0.163274 secs using 197.8% CPU
Optimizing NNI: done in 0.305372 secs using 197.7% CPU
Optimizing NNI: done in 0.134219 secs using 198.6% CPU
Iteration 20 / LogL: -6664.749 / Time: 0h:0m:4s
Finish initializing candidate tree set (4)
Current best tree score: -6663.604 / CPU time: 4.095
Number of iterations: 20
--------------------------------------------------------------------
|               OPTIMIZING CANDIDATE TREE SET                      |
--------------------------------------------------------------------
Optimizing NNI: done in 0.121147 secs using 199.1% CPU
Estimate model parameters (epsilon = 0.100)
UPDATE BEST LOG-LIKELIHOOD: -6663.578
Optimizing NNI: done in 0.137058 secs using 199.1% CPU
Optimizing NNI: done in 0.152357 secs using 198.3% CPU
Optimizing NNI: done in 0.111445 secs using 198.2% CPU
Optimizing NNI: done in 0.095556 secs using 197% CPU
Optimizing NNI: done in 0.283866 secs using 196.9% CPU
Optimizing NNI: done in 0.131625 secs using 197.6% CPU
Optimizing NNI: done in 0.190808 secs using 198.5% CPU
Optimizing NNI: done in 0.146108 secs using 199.1% CPU
Optimizing NNI: done in 0.130553 secs using 199.1% CPU
Iteration 30 / LogL: -6664.427 / Time: 0h:0m:5s (0h:0m:14s left)
Optimizing NNI: done in 0.0910521 secs using 196.9% CPU
Optimizing NNI: done in 0.112552 secs using 198.8% CPU
Optimizing NNI: done in 0.111409 secs using 199.6% CPU
Optimizing NNI: done in 0.181188 secs using 199.5% CPU
Optimizing NNI: done in 0.070019 secs using 199.1% CPU
Optimizing NNI: done in 0.0933468 secs using 199.1% CPU
Optimizing NNI: done in 0.283291 secs using 198.2% CPU
Optimizing NNI: done in 0.0958772 secs using 199% CPU
Optimizing NNI: done in 0.274381 secs using 197.6% CPU
Optimizing NNI: done in 0.342352 secs using 198.5% CPU
Iteration 40 / LogL: -6668.434 / Time: 0h:0m:7s (0h:0m:11s left)
Optimizing NNI: done in 0.1134 secs using 199.1% CPU
Optimizing NNI: done in 0.146818 secs using 199.1% CPU
Optimizing NNI: done in 0.131619 secs using 197.6% CPU
Optimizing NNI: done in 0.225244 secs using 198.2% CPU
Optimizing NNI: done in 0.157797 secs using 199.2% CPU
Optimizing NNI: done in 0.221472 secs using 199.1% CPU
Optimizing NNI: done in 0.107056 secs using 198.1% CPU
Optimizing NNI: done in 0.173989 secs using 198% CPU
Optimizing NNI: done in 0.15982 secs using 198.5% CPU
Optimizing NNI: done in 0.0995281 secs using 197.1% CPU
Iteration 50 / LogL: -6663.813 / Time: 0h:0m:9s (0h:0m:9s left)
Log-likelihood cutoff on original alignment: -6706.071
Optimizing NNI: done in 0.15314 secs using 198.4% CPU
Optimizing NNI: done in 0.25219 secs using 198.2% CPU
Optimizing NNI: done in 0.177085 secs using 198.6% CPU
Optimizing NNI: done in 0.124604 secs using 199.1% CPU
Optimizing NNI: done in 0.156025 secs using 198.4% CPU
Optimizing NNI: done in 0.302325 secs using 198.7% CPU
Optimizing NNI: done in 0.181627 secs using 197.9% CPU
Optimizing NNI: done in 0.290052 secs using 197.6% CPU
Optimizing NNI: done in 0.247267 secs using 198.2% CPU
Optimizing NNI: done in 0.14193 secs using 199% CPU
Iteration 60 / LogL: -6663.899 / Time: 0h:0m:11s (0h:0m:7s left)
Optimizing NNI: done in 0.204675 secs using 199% CPU
Optimizing NNI: done in 0.215269 secs using 198.1% CPU
Optimizing NNI: done in 0.111683 secs using 195.5% CPU
Optimizing NNI: done in 0.220027 secs using 197.7% CPU
Optimizing NNI: done in 0.0728118 secs using 199% CPU
Optimizing NNI: done in 0.135373 secs using 198.6% CPU
Optimizing NNI: done in 0.224273 secs using 198.3% CPU
Optimizing NNI: done in 0.127991 secs using 197.5% CPU
Optimizing NNI: done in 0.1458 secs using 198.4% CPU
Optimizing NNI: done in 0.156602 secs using 199.1% CPU
Iteration 70 / LogL: -6663.750 / Time: 0h:0m:13s (0h:0m:5s left)
Optimizing NNI: done in 0.32114 secs using 198.8% CPU
Optimizing NNI: done in 0.40998 secs using 198.6% CPU
Optimizing NNI: done in 0.155736 secs using 198.5% CPU
Optimizing NNI: done in 0.220795 secs using 198.6% CPU
Optimizing NNI: done in 0.182206 secs using 198.4% CPU
Optimizing NNI: done in 0.249514 secs using 199.4% CPU
Optimizing NNI: done in 0.190544 secs using 199.1% CPU
Optimizing NNI: done in 0.170563 secs using 197.4% CPU
Optimizing NNI: done in 0.201536 secs using 198.1% CPU
Optimizing NNI: done in 0.330372 secs using 198.8% CPU
Iteration 80 / LogL: -6668.433 / Time: 0h:0m:15s (0h:0m:4s left)
Optimizing NNI: done in 0.173729 secs using 198% CPU
Optimizing NNI: done in 0.131559 secs using 199.1% CPU
Optimizing NNI: done in 0.170254 secs using 197.4% CPU
Optimizing NNI: done in 0.180949 secs using 199.1% CPU
Optimizing NNI: done in 0.104941 secs using 199% CPU
Optimizing NNI: done in 0.124121 secs using 198.7% CPU
Optimizing NNI: done in 0.143056 secs using 198.5% CPU
Optimizing NNI: done in 0.0763478 secs using 199.1% CPU
Optimizing NNI: done in 0.201884 secs using 197.6% CPU
Optimizing NNI: done in 0.110527 secs using 199.1% CPU
Iteration 90 / LogL: -6664.795 / Time: 0h:0m:17s (0h:0m:2s left)
Optimizing NNI: done in 0.148867 secs using 199.1% CPU
Optimizing NNI: done in 0.209364 secs using 197.2% CPU
Optimizing NNI: done in 0.146518 secs using 199% CPU
Optimizing NNI: done in 0.087276 secs using 199% CPU
Optimizing NNI: done in 0.230874 secs using 197.7% CPU
Optimizing NNI: done in 0.0963528 secs using 199.1% CPU
Optimizing NNI: done in 0.235128 secs using 198.2% CPU
Optimizing NNI: done in 0.166696 secs using 198.5% CPU
Optimizing NNI: done in 0.341153 secs using 198.4% CPU
Optimizing NNI: done in 0.190371 secs using 198% CPU
Iteration 100 / LogL: -6663.586 / Time: 0h:0m:19s (0h:0m:0s left)
Log-likelihood cutoff on original alignment: -6698.658
NOTE: Bootstrap correlation coefficient of split occurrence frequencies: 0.999
Optimizing NNI: done in 0.14662 secs using 198.4% CPU
Optimizing NNI: done in 0.152859 secs using 199.1% CPU
TREE SEARCH COMPLETED AFTER 102 ITERATIONS / Time: 0h:0m:19s

--------------------------------------------------------------------
|                    FINALIZING TREE SEARCH                        |
--------------------------------------------------------------------
Performs final model parameters optimization
Estimate model parameters (epsilon = 0.010)
1. Initial log-likelihood: -6663.578
Optimal log-likelihood: -6663.578
Gamma shape alpha: 0.478
Parameters optimization took 1 rounds (0.023 sec)
BEST SCORE FOUND : -6663.578

Testing tree branches by SH-like aLRT with 1000 replicates...
0.081 sec.
Creating bootstrap support values...
Split supports printed to NEXUS file FungalCW_tree_20231129/464711at4751.aa.mfa.splits.nex
Total tree length: 26.566

Total number of iterations: 102
CPU time used for tree search: 38.140 sec (0h:0m:38s)
Wall-clock time used for tree search: 19.394 sec (0h:0m:19s)
Total CPU time used: 38.892 sec (0h:0m:38s)
Total wall-clock time used: 19.810 sec (0h:0m:19s)

Computing bootstrap consensus tree...
Reading input file FungalCW_tree_20231129/464711at4751.aa.mfa.splits.nex...
17 taxa and 113 splits.
Consensus tree written to FungalCW_tree_20231129/464711at4751.aa.mfa.contree
Reading input trees file FungalCW_tree_20231129/464711at4751.aa.mfa.contree
Log-likelihood of consensus tree: -6663.578

Analysis results written to: 
  IQ-TREE report:                FungalCW_tree_20231129/464711at4751.aa.mfa.iqtree
  Maximum-likelihood tree:       FungalCW_tree_20231129/464711at4751.aa.mfa.treefile
  Likelihood distances:          FungalCW_tree_20231129/464711at4751.aa.mfa.mldist

Ultrafast bootstrap approximation results written to:
  Split support values:          FungalCW_tree_20231129/464711at4751.aa.mfa.splits.nex
  Consensus tree:                FungalCW_tree_20231129/464711at4751.aa.mfa.contree
  Screen log file:               FungalCW_tree_20231129/464711at4751.aa.mfa.log

Date and Time: Wed Nov 29 01:43:27 2023
