IQ-TREE multicore version 2.2.2.6 COVID-edition for Linux 64-bit built May 27 2023
Developed by Bui Quang Minh, James Barbetti, Nguyen Lam Tung,
Olga Chernomor, Heiko Schmidt, Dominik Schrempf, Michael Woodhams, Ly Trong Nhan.

Host:    i28 (AVX2, FMA3, 503 GB RAM)
Command: iqtree2 -s FungalCW_tree_20231129/474320at4751.aa.mfa -gz -B 1000 -alrt 1000 -nt 2
Seed:    149434 (Using SPRNG - Scalable Parallel Random Number Generator)
Time:    Wed Nov 29 01:43:16 2023
Kernel:  AVX+FMA - 2 threads (2 CPU cores detected)

Reading alignment file FungalCW_tree_20231129/474320at4751.aa.mfa ... Fasta format detected
Reading fasta file: done in 0.000155926 secs using 50.02% CPU
Alignment most likely contains protein sequences
Constructing alignment: done in 0.000597 secs using 38.53% CPU
Alignment has 18 sequences with 248 columns, 243 distinct patterns
186 parsimony-informative, 39 singleton sites, 23 constant sites
                                                               Gap/Ambiguity  Composition  p-value
Analyzing sequences: done in 2.19345e-05 secs using 41.03% CPU
   1  Basidiobolus_meristosporus_CBS_931.73.Basme2finSC.v1            40.73%    passed     87.75%
   2  Botrytis_cinerea_T4                                              9.68%    passed     74.75%
   3  Capillidium_pumilum_ARSEF_79                                    34.68%    passed     43.77%
   4  Colletotrichum_graminicola_M1.001                                2.82%    passed     90.83%
   5  Colletotrichum_higginsianum_IMI_349063                           5.24%    passed     91.89%
   6  Fusarium_graminearum_PH-1                                        3.63%    passed     99.63%
   7  Fusarium_verticillioides_7600                                    2.82%    passed     99.45%
   8  Gilbertella_persicaria_var_persicaria_CBS_190.32-T.Gilper1.v1   34.68%    passed     99.93%
   9  Mortierella_elongata_AG-77                                      31.05%    passed     96.01%
  10  Mucor_mucedo_NRRL_3635                                          34.68%    passed     99.92%
  11  Neoconidiobolus_thromboides_FSU_785.Conth1.v1                   33.06%    failed      2.37%
  12  Phycomyces_blakesleeanus_NRRL_1555.Phybl2.v2                    34.27%    passed     96.99%
  13  Rhizopus_stolonifer_NRRL_66455                                  12.90%    passed     30.67%
  14  Trichoderma_harzianum_CBS_226.95                                 1.21%    passed     93.86%
  15  Umbelopsis_ramanniana_NRRL_5844.Umbra1.v1                       36.29%    passed     97.37%
  16  Ustilago_maydis                                                 14.11%    passed     40.06%
  17  Zoophthora_radicans_ATCC_208865                                 38.71%    passed     22.74%
  18  Zymoseptoria_tritici_IP0323                                     12.50%    passed     98.52%
****  TOTAL                                                           21.28%  1 sequences failed composition chi2 test (p-value<5%; df=19)
Checking for duplicate sequences: done in 8.79765e-05 secs using 85.25% CPU


Create initial parsimony tree by phylogenetic likelihood library (PLL)... 0.002 seconds
Perform fast likelihood tree search using LG+I+G model...
Estimate model parameters (epsilon = 5.000)
Perform nearest neighbor interchange...
Optimizing NNI: done in 0.111838 secs using 194.2% CPU
Estimate model parameters (epsilon = 1.000)
1. Initial log-likelihood: -6377.722
Optimal log-likelihood: -6377.495
Proportion of invariable sites: 0.054
Gamma shape alpha: 0.748
Parameters optimization took 1 rounds (0.058 sec)
Time for fast ML tree search: 0.324 seconds

NOTE: ModelFinder requires 8 MB RAM!
ModelFinder will test up to 1232 protein models (sample size: 248) ...
 No. Model         -LnL         df  AIC          AICc         BIC
  1  LG            6780.566     33  13627.132    13637.618    13743.075
  2  LG+I          6644.702     34  13357.405    13368.578    13476.861
  3  LG+G4         6380.482     34  12828.964    12840.138    12948.421
  4  LG+I+G4       6377.441     35  12824.882    12836.769    12947.852
  5  LG+R2         6434.416     35  12938.833    12950.719    13061.803
  6  LG+R3         6381.519     37  12837.038    12850.429    12967.035
  7  LG+R4         6378.594     39  12835.189    12850.189    12972.212
 14  LG+I+R2       6410.202     36  12892.405    12905.030    13018.888
 15  LG+I+R3       6377.626     38  12831.253    12845.434    12964.763
 16  LG+I+R4       6375.862     40  12831.724    12847.569    12972.261
 25  LG+F+G4       6157.926     53  12421.852    12451.358    12608.064
 26  LG+F+I+G4     6152.717     54  12413.435    12444.212    12603.160
 47  WAG+G4        6345.438     34  12758.877    12770.051    12878.333
 48  WAG+I+G4      6341.561     35  12753.122    12765.009    12876.092
 69  WAG+F+G4      6147.728     53  12401.456    12430.961    12587.668
 70  WAG+F+I+G4    6144.845     54  12397.690    12428.468    12587.415
 91  JTT+G4        6428.284     34  12924.568    12935.741    13044.024
 92  JTT+I+G4      6425.052     35  12920.103    12931.990    13043.073
113  JTT+F+G4      6176.838     53  12459.676    12489.181    12645.888
114  JTT+F+I+G4    6172.055     54  12452.111    12482.888    12641.836
WARNING: Normalizing state frequencies so that sum of them equals to 1
135  Q.pfam+G4     6383.752     34  12835.504    12846.678    12954.961
WARNING: Normalizing state frequencies so that sum of them equals to 1
136  Q.pfam+I+G4   6381.405     35  12832.810    12844.697    12955.780
WARNING: Normalizing state frequencies so that sum of them equals to 1
157  Q.pfam+F+G4   6152.237     53  12410.474    12439.979    12596.686
WARNING: Normalizing state frequencies so that sum of them equals to 1
158  Q.pfam+F+I+G4 6147.694     54  12403.389    12434.166    12593.114
WARNING: Normalizing state frequencies so that sum of them equals to 1
179  Q.bird+G4     6520.450     34  13108.899    13120.073    13228.356
WARNING: Normalizing state frequencies so that sum of them equals to 1
180  Q.bird+I+G4   6518.058     35  13106.116    13118.003    13229.086
WARNING: Normalizing state frequencies so that sum of them equals to 1
201  Q.bird+F+G4   6257.892     53  12621.785    12651.290    12807.996
WARNING: Normalizing state frequencies so that sum of them equals to 1
202  Q.bird+F+I+G4 6252.008     54  12612.016    12642.794    12801.742
WARNING: Normalizing state frequencies so that sum of them equals to 1
223  Q.mammal+G4   6494.239     34  13056.478    13067.652    13175.935
WARNING: Normalizing state frequencies so that sum of them equals to 1
224  Q.mammal+I+G4 6492.400     35  13054.801    13066.687    13177.771
WARNING: Normalizing state frequencies so that sum of them equals to 1
245  Q.mammal+F+G4 6221.351     53  12548.701    12578.207    12734.913
WARNING: Normalizing state frequencies so that sum of them equals to 1
246  Q.mammal+F+I+G4 6215.022     54  12538.045    12568.822    12727.770
267  Q.insect+G4   6380.353     34  12828.706    12839.880    12948.163
268  Q.insect+I+G4 6378.515     35  12827.030    12838.917    12950.000
289  Q.insect+F+G4 6164.546     53  12435.092    12464.597    12621.304
290  Q.insect+F+I+G4 6159.053     54  12426.106    12456.883    12615.831
WARNING: Normalizing state frequencies so that sum of them equals to 1
311  Q.plant+G4    6438.118     34  12944.235    12955.409    13063.692
WARNING: Normalizing state frequencies so that sum of them equals to 1
312  Q.plant+I+G4  6434.303     35  12938.607    12950.494    13061.577
WARNING: Normalizing state frequencies so that sum of them equals to 1
333  Q.plant+F+G4  6216.094     53  12538.189    12567.694    12724.401
WARNING: Normalizing state frequencies so that sum of them equals to 1
334  Q.plant+F+I+G4 6208.598     54  12525.196    12555.973    12714.921
WARNING: Normalizing state frequencies so that sum of them equals to 1
355  Q.yeast+G4    6377.983     34  12823.967    12835.141    12943.423
WARNING: Normalizing state frequencies so that sum of them equals to 1
356  Q.yeast+I+G4  6376.282     35  12822.565    12834.452    12945.535
WARNING: Normalizing state frequencies so that sum of them equals to 1
377  Q.yeast+F+G4  6168.142     53  12442.283    12471.788    12628.495
WARNING: Normalizing state frequencies so that sum of them equals to 1
378  Q.yeast+F+I+G4 6162.145     54  12432.289    12463.066    12622.014
399  JTTDCMut+G4   6424.029     34  12916.058    12927.232    13035.514
400  JTTDCMut+I+G4 6420.840     35  12911.680    12923.566    13034.650
421  JTTDCMut+F+G4 6175.291     53  12456.581    12486.087    12642.793
422  JTTDCMut+F+I+G4 6170.566     54  12449.132    12479.910    12638.858
443  DCMut+G4      6378.162     34  12824.325    12835.499    12943.781
444  DCMut+I+G4    6375.341     35  12820.682    12832.569    12943.652
465  DCMut+F+G4    6172.524     53  12451.048    12480.553    12637.260
466  DCMut+F+I+G4  6171.029     54  12450.058    12480.835    12639.783
487  VT+G4         6360.044     34  12788.087    12799.261    12907.544
488  VT+I+G4       6356.502     35  12783.004    12794.891    12905.974
509  VT+F+G4       6134.153     53  12374.307    12403.812    12560.519
510  VT+F+I+G4     6131.177     54  12370.354    12401.131    12560.079
531  PMB+G4        6399.605     34  12867.210    12878.383    12986.666
532  PMB+I+G4      6394.671     35  12859.342    12871.229    12982.312
553  PMB+F+G4      6127.886     53  12361.772    12391.277    12547.984
554  PMB+F+I+G4    6124.974     54  12357.948    12388.725    12547.673
575  Blosum62+G4   6371.447     34  12810.894    12822.067    12930.350
576  Blosum62+I+G4 6366.479     35  12802.958    12814.845    12925.928
597  Blosum62+F+G4 6133.420     53  12372.840    12402.345    12559.051
598  Blosum62+F+I+G4 6130.497     54  12368.995    12399.772    12558.720
619  Dayhoff+G4    6378.679     34  12825.357    12836.531    12944.814
620  Dayhoff+I+G4  6375.851     35  12821.703    12833.590    12944.673
641  Dayhoff+F+G4  6172.930     53  12451.860    12481.366    12638.072
642  Dayhoff+F+I+G4 6171.402     54  12450.805    12481.582    12640.530
663  mtREV+G4      6953.394     34  13974.789    13985.962    14094.245
664  mtREV+I+G4    6945.435     35  13960.870    13972.757    14083.840
685  mtREV+F+G4    6234.144     53  12574.288    12603.793    12760.500
686  mtREV+F+I+G4  6223.596     54  12555.191    12585.968    12744.916
707  mtART+G4      6971.054     34  14010.108    14021.282    14129.565
708  mtART+I+G4    6969.143     35  14008.286    14020.173    14131.256
729  mtART+F+G4    6243.621     53  12593.241    12622.747    12779.453
730  mtART+F+I+G4  6237.185     54  12582.370    12613.147    12772.095
751  mtZOA+G4      6852.858     34  13773.717    13784.891    13893.174
752  mtZOA+I+G4    6850.429     35  13770.858    13782.745    13893.828
773  mtZOA+F+G4    6225.579     53  12557.157    12586.663    12743.369
774  mtZOA+F+I+G4  6218.627     54  12545.253    12576.030    12734.978
795  mtMet+G4      6881.026     34  13830.051    13841.225    13949.508
796  mtMet+I+G4    6879.233     35  13828.466    13840.353    13951.436
817  mtMet+F+G4    6219.177     53  12544.354    12573.860    12730.566
818  mtMet+F+I+G4  6212.140     54  12532.279    12563.056    12722.004
839  mtVer+G4      6966.224     34  14000.448    14011.622    14119.905
840  mtVer+I+G4    6965.858     35  14001.715    14013.602    14124.685
861  mtVer+F+G4    6278.474     53  12662.949    12692.454    12849.161
862  mtVer+F+I+G4  6272.856     54  12653.713    12684.490    12843.438
883  mtInv+G4      6901.838     34  13871.677    13882.850    13991.133
884  mtInv+I+G4    6898.904     35  13867.807    13879.694    13990.777
905  mtInv+F+G4    6193.480     53  12492.960    12522.465    12679.171
906  mtInv+F+I+G4  6187.869     54  12483.739    12514.516    12673.464
927  mtMAM+G4      7055.673     34  14179.345    14190.519    14298.802
928  mtMAM+I+G4    7053.996     35  14177.991    14189.878    14300.961
949  mtMAM+F+G4    6315.283     53  12736.565    12766.070    12922.777
950  mtMAM+F+I+G4  6306.785     54  12721.569    12752.346    12911.294
WARNING: Normalizing state frequencies so that sum of them equals to 1
971  FLAVI+G4      6685.154     34  13438.308    13449.482    13557.765
WARNING: Normalizing state frequencies so that sum of them equals to 1
972  FLAVI+I+G4    6683.694     35  13437.388    13449.275    13560.358
WARNING: Normalizing state frequencies so that sum of them equals to 1
993  FLAVI+F+G4    6345.184     53  12796.368    12825.874    12982.580
WARNING: Normalizing state frequencies so that sum of them equals to 1
994  FLAVI+F+I+G4  6334.918     54  12777.836    12808.613    12967.561
1015  HIVb+G4       6631.370     34  13330.740    13341.914    13450.197
1016  HIVb+I+G4     6626.241     35  13322.483    13334.369    13445.453
1037  HIVb+F+G4     6268.016     53  12642.032    12671.537    12828.243
1038  HIVb+F+I+G4   6252.919     54  12613.838    12644.616    12803.563
1059  HIVw+G4       6881.108     34  13830.216    13841.390    13949.672
1060  HIVw+I+G4     6876.497     35  13822.995    13834.881    13945.965
1081  HIVw+F+G4     6370.729     53  12847.457    12876.963    13033.669
1082  HIVw+F+I+G4   6364.809     54  12837.618    12868.395    13027.343
1103  FLU+G4        6634.084     34  13336.168    13347.341    13455.624
1104  FLU+I+G4      6632.030     35  13334.061    13345.947    13457.031
1125  FLU+F+G4      6254.713     53  12615.427    12644.932    12801.639
1126  FLU+F+I+G4    6244.082     54  12596.164    12626.941    12785.889
1147  rtREV+G4      6452.069     34  12972.137    12983.311    13091.594
1148  rtREV+I+G4    6448.642     35  12967.284    12979.171    13090.254
1169  rtREV+F+G4    6161.079     53  12428.159    12457.664    12614.370
1170  rtREV+F+I+G4  6155.432     54  12418.864    12449.642    12608.590
1191  cpREV+G4      6528.549     34  13125.099    13136.272    13244.555
1192  cpREV+I+G4    6524.585     35  13119.169    13131.056    13242.139
1213  cpREV+F+G4    6185.489     53  12476.979    12506.484    12663.191
1214  cpREV+F+I+G4  6180.005     54  12468.009    12498.786    12657.734
Akaike Information Criterion:           PMB+F+I+G4
Corrected Akaike Information Criterion: PMB+F+I+G4
Bayesian Information Criterion:         PMB+F+I+G4
Best-fit model: PMB+F+I+G4 chosen according to BIC

All model information printed to FungalCW_tree_20231129/474320at4751.aa.mfa.model.gz
CPU time for ModelFinder: 45.989 seconds (0h:0m:45s)
Wall-clock time for ModelFinder: 23.427 seconds (0h:0m:23s)
Generating 1000 samples for ultrafast bootstrap (seed: 149434)...

NOTE: 3 MB RAM (0 GB) is required!
Estimate model parameters (epsilon = 0.100)
Thoroughly optimizing +I+G parameters from 10 start values...
Init pinv, alpha: 0.000, 0.861 / Estimate: 0.000, 0.627 / LogL: -6127.918
Init pinv, alpha: 0.010, 0.861 / Estimate: 0.059, 0.855 / LogL: -6124.976
Init pinv, alpha: 0.021, 0.861 / Estimate: 0.059, 0.855 / LogL: -6124.980
Init pinv, alpha: 0.031, 0.861 / Estimate: 0.058, 0.854 / LogL: -6124.986
Init pinv, alpha: 0.041, 0.861 / Estimate: 0.059, 0.857 / LogL: -6124.976
Init pinv, alpha: 0.052, 0.861 / Estimate: 0.060, 0.860 / LogL: -6124.969
Init pinv, alpha: 0.062, 0.861 / Estimate: 0.062, 0.866 / LogL: -6124.962
Init pinv, alpha: 0.072, 0.861 / Estimate: 0.064, 0.874 / LogL: -6124.966
Init pinv, alpha: 0.082, 0.861 / Estimate: 0.065, 0.876 / LogL: -6124.978
Init pinv, alpha: 0.093, 0.861 / Estimate: 0.064, 0.873 / LogL: -6124.967
Optimal pinv,alpha: 0.062, 0.866 / LogL: -6124.962

Parameters optimization took 1.501 sec
Wrote distance file to... 
Computing ML distances based on estimated model parameters...
Calculating distance matrix: done in 0.0491002 secs using 197% CPU
Computing ML distances took 0.049340 sec (of wall-clock time) 0.096925 sec (of CPU time)
Setting up auxiliary I and S matrices: done in 6.19888e-05 secs using 198.4% CPU
Constructing RapidNJ tree: done in 0.000207901 secs using 199.1% CPU
Computing RapidNJ tree took 0.000383 sec (of wall-clock time) 0.000758 sec (of CPU time)
Log-likelihood of RapidNJ tree: -6158.382
--------------------------------------------------------------------
|             INITIALIZING CANDIDATE TREE SET                      |
--------------------------------------------------------------------
Generating 98 parsimony trees... 0.293 second
Computing log-likelihood of 98 initial trees ... 0.966 seconds
Current best score: -6124.962

Do NNI search on 20 best initial trees
Optimizing NNI: done in 0.068779 secs using 195.9% CPU
Estimate model parameters (epsilon = 0.100)
BETTER TREE FOUND at iteration 1: -6123.766
Optimizing NNI: done in 0.143371 secs using 198.3% CPU
Optimizing NNI: done in 0.139396 secs using 196.2% CPU
Estimate model parameters (epsilon = 0.100)
BETTER TREE FOUND at iteration 3: -6120.338
Optimizing NNI: done in 0.227 secs using 197.2% CPU
Optimizing NNI: done in 0.164334 secs using 197.5% CPU
Optimizing NNI: done in 0.172112 secs using 197.4% CPU
Optimizing NNI: done in 0.16305 secs using 197.2% CPU
Optimizing NNI: done in 0.119032 secs using 197.7% CPU
Optimizing NNI: done in 0.117996 secs using 195.7% CPU
Optimizing NNI: done in 0.143906 secs using 197.8% CPU
Iteration 10 / LogL: -6128.004 / Time: 0h:0m:4s
Optimizing NNI: done in 0.189351 secs using 197.5% CPU
Optimizing NNI: done in 0.1869 secs using 195.8% CPU
Optimizing NNI: done in 0.146713 secs using 196.9% CPU
Optimizing NNI: done in 0.229643 secs using 197.3% CPU
Optimizing NNI: done in 0.200572 secs using 196.4% CPU
Optimizing NNI: done in 0.237766 secs using 195.9% CPU
Optimizing NNI: done in 0.181886 secs using 197.7% CPU
Optimizing NNI: done in 0.147842 secs using 196.7% CPU
Optimizing NNI: done in 0.245147 secs using 196.4% CPU
Optimizing NNI: done in 0.172522 secs using 198.5% CPU
Iteration 20 / LogL: -6121.756 / Time: 0h:0m:6s
Finish initializing candidate tree set (10)
Current best tree score: -6120.338 / CPU time: 4.896
Number of iterations: 20
--------------------------------------------------------------------
|               OPTIMIZING CANDIDATE TREE SET                      |
--------------------------------------------------------------------
Optimizing NNI: done in 0.135137 secs using 198.5% CPU
Optimizing NNI: done in 0.204467 secs using 198% CPU
Optimizing NNI: done in 0.119582 secs using 196.9% CPU
Optimizing NNI: done in 0.191853 secs using 197.5% CPU
Optimizing NNI: done in 0.18976 secs using 196.4% CPU
Optimizing NNI: done in 0.13886 secs using 196.9% CPU
Optimizing NNI: done in 0.146598 secs using 196.5% CPU
Optimizing NNI: done in 0.159091 secs using 198.2% CPU
Optimizing NNI: done in 0.13763 secs using 197.5% CPU
Optimizing NNI: done in 0.129167 secs using 196.8% CPU
Iteration 30 / LogL: -6120.455 / Time: 0h:0m:8s (0h:0m:20s left)
Optimizing NNI: done in 0.182184 secs using 197.2% CPU
Optimizing NNI: done in 0.121103 secs using 198.2% CPU
Optimizing NNI: done in 0.15985 secs using 197.8% CPU
Optimizing NNI: done in 0.154824 secs using 197.4% CPU
Optimizing NNI: done in 0.320832 secs using 197.7% CPU
Optimizing NNI: done in 0.270794 secs using 198.3% CPU
Optimizing NNI: done in 0.120434 secs using 198.4% CPU
Optimizing NNI: done in 0.129415 secs using 198% CPU
Optimizing NNI: done in 0.309049 secs using 197.1% CPU
Optimizing NNI: done in 0.18058 secs using 197.3% CPU
Iteration 40 / LogL: -6121.284 / Time: 0h:0m:10s (0h:0m:16s left)
Optimizing NNI: done in 0.192673 secs using 197.4% CPU
Optimizing NNI: done in 0.288237 secs using 197.2% CPU
Optimizing NNI: done in 0.13796 secs using 198.3% CPU
Optimizing NNI: done in 0.206474 secs using 197.9% CPU
Optimizing NNI: done in 0.112806 secs using 196.7% CPU
Optimizing NNI: done in 0.161313 secs using 197.6% CPU
Estimate model parameters (epsilon = 0.100)
UPDATE BEST LOG-LIKELIHOOD: -6120.204
Optimizing NNI: done in 0.108891 secs using 197.8% CPU
Optimizing NNI: done in 0.211107 secs using 197.2% CPU
Optimizing NNI: done in 0.161503 secs using 195.1% CPU
Optimizing NNI: done in 0.152356 secs using 196.5% CPU
Iteration 50 / LogL: -6122.805 / Time: 0h:0m:12s (0h:0m:13s left)
Log-likelihood cutoff on original alignment: -6150.341
Optimizing NNI: done in 0.115315 secs using 198.3% CPU
Optimizing NNI: done in 0.167768 secs using 197.8% CPU
Optimizing NNI: done in 0.13508 secs using 197.6% CPU
Optimizing NNI: done in 0.15847 secs using 197.8% CPU
Optimizing NNI: done in 0.187608 secs using 197.9% CPU
Optimizing NNI: done in 0.242607 secs using 196.5% CPU
Optimizing NNI: done in 0.209389 secs using 197.7% CPU
Optimizing NNI: done in 0.208083 secs using 197.8% CPU
Optimizing NNI: done in 0.135073 secs using 197.6% CPU
Optimizing NNI: done in 0.158418 secs using 198.3% CPU
Iteration 60 / LogL: -6125.301 / Time: 0h:0m:14s (0h:0m:10s left)
Optimizing NNI: done in 0.221966 secs using 197.4% CPU
Optimizing NNI: done in 0.201648 secs using 197.8% CPU
Optimizing NNI: done in 0.157209 secs using 198.4% CPU
Optimizing NNI: done in 0.198354 secs using 197.7% CPU
Optimizing NNI: done in 0.158668 secs using 196.4% CPU
Optimizing NNI: done in 0.17585 secs using 197.3% CPU
Optimizing NNI: done in 0.139325 secs using 197.7% CPU
Optimizing NNI: done in 0.171995 secs using 197.1% CPU
Optimizing NNI: done in 0.201972 secs using 197.9% CPU
Optimizing NNI: done in 0.091162 secs using 198.3% CPU
Iteration 70 / LogL: -6122.607 / Time: 0h:0m:15s (0h:0m:7s left)
Optimizing NNI: done in 0.250509 secs using 197.3% CPU
Optimizing NNI: done in 0.12834 secs using 198.4% CPU
Optimizing NNI: done in 0.169564 secs using 196.6% CPU
Optimizing NNI: done in 0.160017 secs using 198.4% CPU
Optimizing NNI: done in 0.109719 secs using 196.1% CPU
Optimizing NNI: done in 0.157318 secs using 197.2% CPU
Optimizing NNI: done in 0.156307 secs using 197.5% CPU
Optimizing NNI: done in 0.120655 secs using 197.7% CPU
Optimizing NNI: done in 0.150485 secs using 198.3% CPU
Optimizing NNI: done in 0.130897 secs using 197.7% CPU
Iteration 80 / LogL: -6121.633 / Time: 0h:0m:17s (0h:0m:5s left)
Optimizing NNI: done in 0.211817 secs using 197.7% CPU
Optimizing NNI: done in 0.163125 secs using 196.8% CPU
Optimizing NNI: done in 0.212771 secs using 198.4% CPU
Optimizing NNI: done in 0.172107 secs using 197.8% CPU
Optimizing NNI: done in 0.131249 secs using 197.7% CPU
Optimizing NNI: done in 0.173197 secs using 197.4% CPU
Optimizing NNI: done in 0.242076 secs using 197.6% CPU
Optimizing NNI: done in 0.163931 secs using 196.5% CPU
Optimizing NNI: done in 0.142987 secs using 196.3% CPU
Optimizing NNI: done in 0.46401 secs using 197.2% CPU
Iteration 90 / LogL: -6126.134 / Time: 0h:0m:19s (0h:0m:2s left)
Optimizing NNI: done in 0.177747 secs using 197.9% CPU
Optimizing NNI: done in 0.117114 secs using 197.5% CPU
Optimizing NNI: done in 0.321283 secs using 196.8% CPU
Optimizing NNI: done in 0.424977 secs using 198.3% CPU
Optimizing NNI: done in 0.115246 secs using 197.6% CPU
Optimizing NNI: done in 0.16318 secs using 197.7% CPU
Optimizing NNI: done in 0.187343 secs using 197.9% CPU
Optimizing NNI: done in 0.130237 secs using 198.4% CPU
Optimizing NNI: done in 0.0924492 secs using 198.4% CPU
Optimizing NNI: done in 0.208499 secs using 196% CPU
Iteration 100 / LogL: -6121.203 / Time: 0h:0m:21s (0h:0m:0s left)
Log-likelihood cutoff on original alignment: -6146.600
NOTE: Bootstrap correlation coefficient of split occurrence frequencies: 1.000
Optimizing NNI: done in 0.175968 secs using 198% CPU
Optimizing NNI: done in 0.129177 secs using 197% CPU
Optimizing NNI: done in 0.206655 secs using 197.3% CPU
Optimizing NNI: done in 0.133384 secs using 197% CPU
TREE SEARCH COMPLETED AFTER 104 ITERATIONS / Time: 0h:0m:22s

--------------------------------------------------------------------
|                    FINALIZING TREE SEARCH                        |
--------------------------------------------------------------------
Performs final model parameters optimization
Estimate model parameters (epsilon = 0.010)
1. Initial log-likelihood: -6120.204
Optimal log-likelihood: -6120.202
Proportion of invariable sites: 0.062
Gamma shape alpha: 0.872
Parameters optimization took 1 rounds (0.032 sec)
BEST SCORE FOUND : -6120.202

Testing tree branches by SH-like aLRT with 1000 replicates...
0.089 sec.
Creating bootstrap support values...
Split supports printed to NEXUS file FungalCW_tree_20231129/474320at4751.aa.mfa.splits.nex
Total tree length: 22.862

Total number of iterations: 104
CPU time used for tree search: 41.102 sec (0h:0m:41s)
Wall-clock time used for tree search: 20.964 sec (0h:0m:20s)
Total CPU time used: 44.812 sec (0h:0m:44s)
Total wall-clock time used: 22.886 sec (0h:0m:22s)

Computing bootstrap consensus tree...
Reading input file FungalCW_tree_20231129/474320at4751.aa.mfa.splits.nex...
18 taxa and 134 splits.
Consensus tree written to FungalCW_tree_20231129/474320at4751.aa.mfa.contree
Reading input trees file FungalCW_tree_20231129/474320at4751.aa.mfa.contree
Log-likelihood of consensus tree: -6120.202

Analysis results written to: 
  IQ-TREE report:                FungalCW_tree_20231129/474320at4751.aa.mfa.iqtree
  Maximum-likelihood tree:       FungalCW_tree_20231129/474320at4751.aa.mfa.treefile
  Likelihood distances:          FungalCW_tree_20231129/474320at4751.aa.mfa.mldist

Ultrafast bootstrap approximation results written to:
  Split support values:          FungalCW_tree_20231129/474320at4751.aa.mfa.splits.nex
  Consensus tree:                FungalCW_tree_20231129/474320at4751.aa.mfa.contree
  Screen log file:               FungalCW_tree_20231129/474320at4751.aa.mfa.log

Date and Time: Wed Nov 29 01:44:02 2023
