IQ-TREE multicore version 2.2.2.6 COVID-edition for Linux 64-bit built May 27 2023
Developed by Bui Quang Minh, James Barbetti, Nguyen Lam Tung,
Olga Chernomor, Heiko Schmidt, Dominik Schrempf, Michael Woodhams, Ly Trong Nhan.

Host:    i29 (AVX2, FMA3, 503 GB RAM)
Command: iqtree2 -s FungalCW_tree_20231129/482337at4751.aa.mfa -gz -B 1000 -alrt 1000 -nt 2
Seed:    375119 (Using SPRNG - Scalable Parallel Random Number Generator)
Time:    Wed Nov 29 01:43:16 2023
Kernel:  AVX+FMA - 2 threads (2 CPU cores detected)

Reading alignment file FungalCW_tree_20231129/482337at4751.aa.mfa ... Fasta format detected
Reading fasta file: done in 0.000263214 secs using 91.18% CPU
Alignment most likely contains protein sequences
Constructing alignment: done in 0.00118399 secs using 113.3% CPU
Alignment has 18 sequences with 505 columns, 476 distinct patterns
274 parsimony-informative, 153 singleton sites, 78 constant sites
                                                               Gap/Ambiguity  Composition  p-value
Analyzing sequences: done in 3.50475e-05 secs using 57.07% CPU
   1  Basidiobolus_meristosporus_CBS_931.73.Basme2finSC.v1            29.11%    failed      0.13%
   2  Botrytis_cinerea_T4                                             38.22%    passed     97.75%
   3  Capillidium_pumilum_ARSEF_79                                    38.42%    failed      2.19%
   4  Colletotrichum_graminicola_M1.001                               36.24%    passed     86.30%
   5  Colletotrichum_higginsianum_IMI_349063                          33.86%    passed     40.86%
   6  Fusarium_graminearum_PH-1                                       35.05%    passed     99.77%
   7  Fusarium_verticillioides_7600                                   37.23%    passed     98.89%
   8  Gilbertella_persicaria_var_persicaria_CBS_190.32-T.Gilper1.v1   60.59%    passed     96.70%
   9  Mortierella_elongata_AG-77                                      23.76%    failed      0.00%
  10  Mucor_mucedo_NRRL_3635                                          60.00%    passed     92.06%
  11  Neoconidiobolus_thromboides_FSU_785.Conth1.v1                   64.16%    passed     39.47%
  12  Phycomyces_blakesleeanus_NRRL_1555.Phybl2.v2                    28.71%    passed     85.74%
  13  Rhizopus_stolonifer_NRRL_66455                                  60.20%    passed     74.83%
  14  Trichoderma_harzianum_CBS_226.95                                37.03%    passed     93.39%
  15  Umbelopsis_ramanniana_NRRL_5844.Umbra1.v1                       26.93%    passed     95.40%
  16  Ustilago_maydis                                                 34.65%    passed     45.65%
  17  Zoophthora_radicans_ATCC_208865                                 62.38%    passed     94.94%
  18  Zymoseptoria_tritici_IP0323                                     40.20%    passed     25.22%
WARNING: 5 sequences contain more than 50% gaps/ambiguity
****  TOTAL                                                           41.49%  3 sequences failed composition chi2 test (p-value<5%; df=19)
Checking for duplicate sequences: done in 0.000169992 secs using 90% CPU


Create initial parsimony tree by phylogenetic likelihood library (PLL)... 0.004 seconds
Perform fast likelihood tree search using LG+I+G model...
Estimate model parameters (epsilon = 5.000)
Perform nearest neighbor interchange...
Optimizing NNI: done in 0.30576 secs using 197.3% CPU
Estimate model parameters (epsilon = 1.000)
1. Initial log-likelihood: -10779.865
Optimal log-likelihood: -10779.345
Proportion of invariable sites: 0.064
Gamma shape alpha: 0.965
Parameters optimization took 1 rounds (0.104 sec)
Time for fast ML tree search: 0.727 seconds

NOTE: ModelFinder requires 15 MB RAM!
ModelFinder will test up to 1232 protein models (sample size: 505) ...
 No. Model         -LnL         df  AIC          AICc         BIC
  1  LG            11256.405    33  22578.811    22583.575    22718.221
  2  LG+I          11060.375    34  22188.750    22193.814    22332.385
  3  LG+G4         10789.486    34  21646.972    21652.036    21790.607
  4  LG+I+G4       10779.154    35  21628.307    21633.680    21776.167
  5  LG+R2         10866.573    35  21803.145    21808.519    21951.005
  6  LG+R3         10789.628    37  21653.255    21659.276    21809.564
  7  LG+R4         10776.914    39  21631.828    21638.538    21796.586
  8  LG+R5         10769.647    41  21621.294    21628.733    21794.501
  9  LG+R6         10769.909    43  21625.818    21634.026    21807.474
 14  LG+I+R2       10815.431    36  21702.862    21708.554    21854.946
 15  LG+I+R3       10775.941    38  21627.881    21634.242    21788.414
 16  LG+I+R4       10769.796    40  21619.592    21626.661    21788.574
 26  LG+F+I+G4     10583.437    54  21274.874    21288.074    21503.000
 48  WAG+I+G4      10781.789    35  21633.577    21638.950    21781.437
 70  WAG+F+I+G4    10573.277    54  21254.553    21267.753    21482.679
 92  JTT+I+G4      10857.655    35  21785.310    21790.683    21933.169
114  JTT+F+I+G4    10613.749    54  21335.499    21348.699    21563.625
WARNING: Normalizing state frequencies so that sum of them equals to 1
136  Q.pfam+I+G4   10760.441    35  21590.882    21596.255    21738.742
WARNING: Normalizing state frequencies so that sum of them equals to 1
158  Q.pfam+F+I+G4 10572.877    54  21253.755    21266.955    21481.881
WARNING: Normalizing state frequencies so that sum of them equals to 1
180  Q.bird+I+G4   10986.455    35  22042.910    22048.283    22190.770
WARNING: Normalizing state frequencies so that sum of them equals to 1
202  Q.bird+F+I+G4 10698.425    54  21504.850    21518.050    21732.977
WARNING: Normalizing state frequencies so that sum of them equals to 1
224  Q.mammal+I+G4 10941.695    35  21953.390    21958.763    22101.249
WARNING: Normalizing state frequencies so that sum of them equals to 1
246  Q.mammal+F+I+G4 10661.415    54  21430.830    21444.030    21658.956
268  Q.insect+I+G4 10871.001    35  21812.003    21817.376    21959.862
290  Q.insect+F+I+G4 10609.448    54  21326.895    21340.095    21555.022
WARNING: Normalizing state frequencies so that sum of them equals to 1
312  Q.plant+I+G4  10886.567    35  21843.133    21848.506    21990.993
WARNING: Normalizing state frequencies so that sum of them equals to 1
334  Q.plant+F+I+G4 10650.680    54  21409.359    21422.559    21637.485
WARNING: Normalizing state frequencies so that sum of them equals to 1
356  Q.yeast+I+G4  10859.357    35  21788.714    21794.087    21936.573
WARNING: Normalizing state frequencies so that sum of them equals to 1
378  Q.yeast+F+I+G4 10602.710    54  21313.419    21326.619    21541.546
400  JTTDCMut+I+G4 10857.248    35  21784.495    21789.868    21932.355
422  JTTDCMut+F+I+G4 10612.907    54  21333.813    21347.013    21561.940
444  DCMut+I+G4    10920.924    35  21911.848    21917.221    22059.708
466  DCMut+F+I+G4  10621.351    54  21350.701    21363.901    21578.827
488  VT+I+G4       10782.034    35  21634.067    21639.441    21781.927
510  VT+F+I+G4     10568.156    54  21244.311    21257.511    21472.438
532  PMB+I+G4      10872.697    35  21815.393    21820.766    21963.253
554  PMB+F+I+G4    10566.131    54  21240.263    21253.463    21468.389
576  Blosum62+I+G4 10854.442    35  21778.884    21784.258    21926.744
598  Blosum62+F+I+G4 10567.498    54  21242.996    21256.196    21471.122
620  Dayhoff+I+G4  10921.085    35  21912.170    21917.543    22060.029
642  Dayhoff+F+I+G4 10621.881    54  21351.762    21364.962    21579.888
664  mtREV+I+G4    11722.222    35  23514.445    23519.818    23662.304
686  mtREV+F+I+G4  10669.039    54  21446.078    21459.278    21674.204
708  mtART+I+G4    11913.589    35  23897.178    23902.551    24045.038
730  mtART+F+I+G4  10726.964    54  21561.928    21575.128    21790.054
752  mtZOA+I+G4    11681.622    35  23433.245    23438.618    23581.104
774  mtZOA+F+I+G4  10690.791    54  21489.581    21502.781    21717.707
796  mtMet+I+G4    11838.886    35  23747.772    23753.145    23895.632
818  mtMet+F+I+G4  10691.173    54  21490.347    21503.547    21718.473
840  mtVer+I+G4    11862.369    35  23794.739    23800.112    23942.598
862  mtVer+F+I+G4  10768.449    54  21644.898    21658.098    21873.024
884  mtInv+I+G4    11942.082    35  23954.164    23959.538    24102.024
906  mtInv+F+I+G4  10664.633    54  21437.266    21450.466    21665.392
928  mtMAM+I+G4    11937.340    35  23944.679    23950.053    24092.539
950  mtMAM+F+I+G4  10792.191    54  21692.382    21705.582    21920.509
WARNING: Normalizing state frequencies so that sum of them equals to 1
972  FLAVI+I+G4    11165.847    35  22401.695    22407.068    22549.554
WARNING: Normalizing state frequencies so that sum of them equals to 1
994  FLAVI+F+I+G4  10821.515    54  21751.029    21764.229    21979.155
1016  HIVb+I+G4     11009.798    35  22089.596    22094.970    22237.456
1038  HIVb+F+I+G4   10706.320    54  21520.640    21533.840    21748.766
1060  HIVw+I+G4     11370.682    35  22811.365    22816.738    22959.224
1082  HIVw+F+I+G4   10796.115    54  21700.231    21713.431    21928.357
1104  FLU+I+G4      11032.760    35  22135.519    22140.892    22283.379
1126  FLU+F+I+G4    10671.992    54  21451.985    21465.185    21680.111
1148  rtREV+I+G4    10895.064    35  21860.127    21865.501    22007.987
1170  rtREV+F+I+G4  10585.157    54  21278.315    21291.515    21506.441
1192  cpREV+I+G4    10915.548    35  21901.097    21906.470    22048.956
1214  cpREV+F+I+G4  10623.389    54  21354.779    21367.979    21582.905
Akaike Information Criterion:           PMB+F+I+G4
Corrected Akaike Information Criterion: PMB+F+I+G4
Bayesian Information Criterion:         PMB+F+I+G4
Best-fit model: PMB+F+I+G4 chosen according to BIC

All model information printed to FungalCW_tree_20231129/482337at4751.aa.mfa.model.gz
CPU time for ModelFinder: 83.730 seconds (0h:1m:23s)
Wall-clock time for ModelFinder: 42.333 seconds (0h:0m:42s)
Generating 1000 samples for ultrafast bootstrap (seed: 375119)...

NOTE: 7 MB RAM (0 GB) is required!
Estimate model parameters (epsilon = 0.100)
Thoroughly optimizing +I+G parameters from 10 start values...
Init pinv, alpha: 0.000, 0.958 / Estimate: 0.000, 0.606 / LogL: -10575.719
Init pinv, alpha: 0.017, 0.958 / Estimate: 0.064, 0.964 / LogL: -10566.101
Init pinv, alpha: 0.034, 0.958 / Estimate: 0.064, 0.968 / LogL: -10566.095
Init pinv, alpha: 0.051, 0.958 / Estimate: 0.064, 0.973 / LogL: -10566.088
Init pinv, alpha: 0.069, 0.958 / Estimate: 0.067, 0.972 / LogL: -10566.101
Init pinv, alpha: 0.086, 0.958 / Estimate: 0.067, 0.978 / LogL: -10566.091
Init pinv, alpha: 0.103, 0.958 / Estimate: 0.067, 0.983 / LogL: -10566.093
Init pinv, alpha: 0.120, 0.958 / Estimate: 0.066, 0.982 / LogL: -10566.086
Init pinv, alpha: 0.137, 0.958 / Estimate: 0.066, 0.984 / LogL: -10566.086
Init pinv, alpha: 0.154, 0.958 / Estimate: 0.067, 0.985 / LogL: -10566.087
Optimal pinv,alpha: 0.066, 0.982 / LogL: -10566.086

Parameters optimization took 2.596 sec
Wrote distance file to... 
Computing ML distances based on estimated model parameters...
Calculating distance matrix: done in 0.0449021 secs using 199.4% CPU
Computing ML distances took 0.045114 sec (of wall-clock time) 0.089743 sec (of CPU time)
Setting up auxiliary I and S matrices: done in 0.000103951 secs using 201.1% CPU
Constructing RapidNJ tree: done in 0.00037694 secs using 141.4% CPU
Computing RapidNJ tree took 0.000644 sec (of wall-clock time) 0.000983 sec (of CPU time)
Log-likelihood of RapidNJ tree: -10679.463
--------------------------------------------------------------------
|             INITIALIZING CANDIDATE TREE SET                      |
--------------------------------------------------------------------
Generating 98 parsimony trees... 0.348 second
Computing log-likelihood of 98 initial trees ... 1.693 seconds
Current best score: -10566.086

Do NNI search on 20 best initial trees
Optimizing NNI: done in 0.104056 secs using 198.8% CPU
Estimate model parameters (epsilon = 0.100)
BETTER TREE FOUND at iteration 1: -10565.835
Optimizing NNI: done in 0.365663 secs using 198.1% CPU
Estimate model parameters (epsilon = 0.100)
BETTER TREE FOUND at iteration 2: -10565.062
Optimizing NNI: done in 0.349121 secs using 197.9% CPU
Estimate model parameters (epsilon = 0.100)
BETTER TREE FOUND at iteration 3: -10562.720
Optimizing NNI: done in 0.446057 secs using 198.2% CPU
Optimizing NNI: done in 0.34486 secs using 197.9% CPU
Optimizing NNI: done in 0.312574 secs using 198.1% CPU
Optimizing NNI: done in 0.379272 secs using 197.7% CPU
Optimizing NNI: done in 0.303531 secs using 197.8% CPU
Optimizing NNI: done in 0.362423 secs using 196.8% CPU
Optimizing NNI: done in 0.354651 secs using 198% CPU
Iteration 10 / LogL: -10573.098 / Time: 0h:0m:8s
Optimizing NNI: done in 0.246906 secs using 196.8% CPU
Optimizing NNI: done in 0.38105 secs using 198.4% CPU
Optimizing NNI: done in 0.312443 secs using 198% CPU
Optimizing NNI: done in 0.473104 secs using 198.4% CPU
Optimizing NNI: done in 0.287237 secs using 197.7% CPU
Optimizing NNI: done in 0.313715 secs using 198.7% CPU
Optimizing NNI: done in 0.313646 secs using 197.8% CPU
Optimizing NNI: done in 0.361407 secs using 198.8% CPU
Optimizing NNI: done in 0.367671 secs using 198% CPU
Optimizing NNI: done in 0.355819 secs using 197.9% CPU
Iteration 20 / LogL: -10567.734 / Time: 0h:0m:12s
Finish initializing candidate tree set (12)
Current best tree score: -10562.720 / CPU time: 9.031
Number of iterations: 20
--------------------------------------------------------------------
|               OPTIMIZING CANDIDATE TREE SET                      |
--------------------------------------------------------------------
Optimizing NNI: done in 0.214139 secs using 197.8% CPU
Optimizing NNI: done in 0.269014 secs using 198% CPU
Optimizing NNI: done in 0.299815 secs using 197.8% CPU
Optimizing NNI: done in 0.312559 secs using 197.4% CPU
Optimizing NNI: done in 0.482578 secs using 197.9% CPU
Optimizing NNI: done in 0.305744 secs using 197.5% CPU
Optimizing NNI: done in 0.146323 secs using 198% CPU
Optimizing NNI: done in 0.19427 secs using 197.9% CPU
Optimizing NNI: done in 0.312016 secs using 198.4% CPU
Optimizing NNI: done in 0.289377 secs using 198.4% CPU
Iteration 30 / LogL: -10562.736 / Time: 0h:0m:14s (0h:0m:37s left)
Optimizing NNI: done in 0.296798 secs using 198.3% CPU
Optimizing NNI: done in 0.468767 secs using 198% CPU
Optimizing NNI: done in 0.163729 secs using 196.7% CPU
Optimizing NNI: done in 0.250797 secs using 198.7% CPU
Optimizing NNI: done in 0.28336 secs using 196.9% CPU
Optimizing NNI: done in 0.160833 secs using 198.8% CPU
Optimizing NNI: done in 0.351478 secs using 198.1% CPU
Optimizing NNI: done in 0.356726 secs using 198.3% CPU
Optimizing NNI: done in 0.370421 secs using 197.2% CPU
Optimizing NNI: done in 0.227937 secs using 197.7% CPU
Iteration 40 / LogL: -10565.877 / Time: 0h:0m:18s (0h:0m:29s left)
Optimizing NNI: done in 0.217274 secs using 196.8% CPU
Optimizing NNI: done in 0.278509 secs using 198.3% CPU
Optimizing NNI: done in 0.215261 secs using 198.2% CPU
Optimizing NNI: done in 0.353791 secs using 198.1% CPU
Optimizing NNI: done in 0.155711 secs using 198.1% CPU
Optimizing NNI: done in 0.434669 secs using 197.7% CPU
Optimizing NNI: done in 0.369409 secs using 197.2% CPU
Optimizing NNI: done in 0.193361 secs using 198.6% CPU
Optimizing NNI: done in 0.236074 secs using 197.8% CPU
Optimizing NNI: done in 0.247566 secs using 198.3% CPU
Iteration 50 / LogL: -10563.144 / Time: 0h:0m:20s (0h:0m:22s left)
Log-likelihood cutoff on original alignment: -10593.099
Optimizing NNI: done in 0.302882 secs using 198.5% CPU
Optimizing NNI: done in 0.329483 secs using 197.9% CPU
Optimizing NNI: done in 0.353094 secs using 198.7% CPU
Optimizing NNI: done in 0.233132 secs using 197.9% CPU
Optimizing NNI: done in 0.265342 secs using 198.7% CPU
Optimizing NNI: done in 0.3165 secs using 197.7% CPU
Optimizing NNI: done in 0.239766 secs using 198.2% CPU
Optimizing NNI: done in 0.380733 secs using 197.9% CPU
Optimizing NNI: done in 0.206485 secs using 198.5% CPU
Optimizing NNI: done in 0.291465 secs using 198.9% CPU
Iteration 60 / LogL: -10562.809 / Time: 0h:0m:23s (0h:0m:17s left)
Optimizing NNI: done in 0.317849 secs using 198.7% CPU
Optimizing NNI: done in 0.270798 secs using 198% CPU
Optimizing NNI: done in 0.282793 secs using 197.4% CPU
Optimizing NNI: done in 0.232674 secs using 197.9% CPU
Optimizing NNI: done in 0.339875 secs using 198.5% CPU
Optimizing NNI: done in 0.395589 secs using 198.7% CPU
Optimizing NNI: done in 0.37611 secs using 198% CPU
Optimizing NNI: done in 0.21103 secs using 198.7% CPU
Optimizing NNI: done in 0.312252 secs using 198.7% CPU
Optimizing NNI: done in 0.389287 secs using 198% CPU
Iteration 70 / LogL: -10563.486 / Time: 0h:0m:27s (0h:0m:13s left)
Optimizing NNI: done in 0.314517 secs using 198.7% CPU
Optimizing NNI: done in 0.281284 secs using 198.7% CPU
Optimizing NNI: done in 0.206541 secs using 198.1% CPU
Optimizing NNI: done in 0.283912 secs using 198.4% CPU
Optimizing NNI: done in 0.229593 secs using 197.9% CPU
Optimizing NNI: done in 0.383746 secs using 198.5% CPU
Optimizing NNI: done in 0.385324 secs using 198.2% CPU
Optimizing NNI: done in 0.339587 secs using 198.8% CPU
Optimizing NNI: done in 0.321187 secs using 198.7% CPU
Optimizing NNI: done in 0.287254 secs using 198.4% CPU
Iteration 80 / LogL: -10562.744 / Time: 0h:0m:30s (0h:0m:8s left)
Optimizing NNI: done in 0.392018 secs using 198.3% CPU
Optimizing NNI: done in 0.214833 secs using 198.2% CPU
Optimizing NNI: done in 0.230816 secs using 197.1% CPU
Optimizing NNI: done in 0.237758 secs using 198.7% CPU
Optimizing NNI: done in 0.501069 secs using 198% CPU
Optimizing NNI: done in 0.190538 secs using 197.4% CPU
Optimizing NNI: done in 0.317657 secs using 198.1% CPU
Optimizing NNI: done in 0.394619 secs using 198.3% CPU
Optimizing NNI: done in 0.374198 secs using 198.1% CPU
Optimizing NNI: done in 0.228107 secs using 197.4% CPU
Iteration 90 / LogL: -10562.772 / Time: 0h:0m:33s (0h:0m:4s left)
Optimizing NNI: done in 0.24617 secs using 197.4% CPU
Optimizing NNI: done in 0.336821 secs using 198% CPU
Optimizing NNI: done in 0.377754 secs using 198.1% CPU
Optimizing NNI: done in 0.2478 secs using 198.7% CPU
Optimizing NNI: done in 0.204546 secs using 196.7% CPU
Optimizing NNI: done in 0.320975 secs using 198.4% CPU
Optimizing NNI: done in 0.247901 secs using 198.3% CPU
Optimizing NNI: done in 0.321477 secs using 198.4% CPU
Optimizing NNI: done in 0.255806 secs using 198.4% CPU
Optimizing NNI: done in 0.195992 secs using 198.8% CPU
Iteration 100 / LogL: -10563.361 / Time: 0h:0m:36s (0h:0m:1s left)
Log-likelihood cutoff on original alignment: -10592.443
NOTE: Bootstrap correlation coefficient of split occurrence frequencies: 0.998
Optimizing NNI: done in 0.385021 secs using 198.6% CPU
Optimizing NNI: done in 0.249881 secs using 198.8% CPU
Optimizing NNI: done in 0.3108 secs using 197.2% CPU
Optimizing NNI: done in 0.237029 secs using 198.7% CPU
TREE SEARCH COMPLETED AFTER 104 ITERATIONS / Time: 0h:0m:37s

--------------------------------------------------------------------
|                    FINALIZING TREE SEARCH                        |
--------------------------------------------------------------------
Performs final model parameters optimization
Estimate model parameters (epsilon = 0.010)
1. Initial log-likelihood: -10562.720
Optimal log-likelihood: -10562.713
Proportion of invariable sites: 0.064
Gamma shape alpha: 0.968
Parameters optimization took 1 rounds (0.057 sec)
BEST SCORE FOUND : -10562.713

Testing tree branches by SH-like aLRT with 1000 replicates...
0.166 sec.
Creating bootstrap support values...
Split supports printed to NEXUS file FungalCW_tree_20231129/482337at4751.aa.mfa.splits.nex
Total tree length: 27.640

Total number of iterations: 104
CPU time used for tree search: 68.724 sec (0h:1m:8s)
Wall-clock time used for tree search: 34.833 sec (0h:0m:34s)
Total CPU time used: 75.118 sec (0h:1m:15s)
Total wall-clock time used: 38.144 sec (0h:0m:38s)

Computing bootstrap consensus tree...
Reading input file FungalCW_tree_20231129/482337at4751.aa.mfa.splits.nex...
18 taxa and 136 splits.
Consensus tree written to FungalCW_tree_20231129/482337at4751.aa.mfa.contree
Reading input trees file FungalCW_tree_20231129/482337at4751.aa.mfa.contree
Log-likelihood of consensus tree: -10562.712

Analysis results written to: 
  IQ-TREE report:                FungalCW_tree_20231129/482337at4751.aa.mfa.iqtree
  Maximum-likelihood tree:       FungalCW_tree_20231129/482337at4751.aa.mfa.treefile
  Likelihood distances:          FungalCW_tree_20231129/482337at4751.aa.mfa.mldist

Ultrafast bootstrap approximation results written to:
  Split support values:          FungalCW_tree_20231129/482337at4751.aa.mfa.splits.nex
  Consensus tree:                FungalCW_tree_20231129/482337at4751.aa.mfa.contree
  Screen log file:               FungalCW_tree_20231129/482337at4751.aa.mfa.log

Date and Time: Wed Nov 29 01:44:37 2023
