IQ-TREE multicore version 2.2.2.6 COVID-edition for Linux 64-bit built May 27 2023
Developed by Bui Quang Minh, James Barbetti, Nguyen Lam Tung,
Olga Chernomor, Heiko Schmidt, Dominik Schrempf, Michael Woodhams, Ly Trong Nhan.

Host:    i29 (AVX2, FMA3, 503 GB RAM)
Command: iqtree2 -s FungalCW_tree_20231129/483049at4751.aa.mfa -gz -B 1000 -alrt 1000 -nt 2
Seed:    281512 (Using SPRNG - Scalable Parallel Random Number Generator)
Time:    Wed Nov 29 01:43:16 2023
Kernel:  AVX+FMA - 2 threads (2 CPU cores detected)

Reading alignment file FungalCW_tree_20231129/483049at4751.aa.mfa ... Fasta format detected
Reading fasta file: done in 0.000138998 secs using 33.09% CPU
Alignment most likely contains protein sequences
Constructing alignment: done in 0.000528097 secs using 132.6% CPU
Alignment has 17 sequences with 221 columns, 217 distinct patterns
143 parsimony-informative, 61 singleton sites, 17 constant sites
                                                               Gap/Ambiguity  Composition  p-value
Analyzing sequences: done in 1.97887e-05 secs using 45.48% CPU
   1  Basidiobolus_meristosporus_CBS_931.73.Basme2finSC.v1            69.23%    passed     93.67%
   2  Botrytis_cinerea_T4                                             14.48%    passed     93.80%
   3  Colletotrichum_graminicola_M1.001                                7.69%    passed     78.68%
   4  Colletotrichum_higginsianum_IMI_349063                           7.24%    passed     60.23%
   5  Fusarium_graminearum_PH-1                                       15.38%    passed     92.73%
   6  Fusarium_verticillioides_7600                                   15.38%    passed     98.59%
   7  Gilbertella_persicaria_var_persicaria_CBS_190.32-T.Gilper1.v1   57.01%    passed     77.75%
   8  Mortierella_elongata_AG-77                                      52.04%    passed     13.63%
   9  Mucor_mucedo_NRRL_3635                                          39.37%    passed     69.77%
  10  Neoconidiobolus_thromboides_FSU_785.Conth1.v1                   29.41%    passed     12.84%
  11  Phycomyces_blakesleeanus_NRRL_1555.Phybl2.v2                    54.75%    passed     79.43%
  12  Rhizopus_stolonifer_NRRL_66455                                  38.46%    passed     78.68%
  13  Trichoderma_harzianum_CBS_226.95                                12.22%    passed     86.68%
  14  Umbelopsis_ramanniana_NRRL_5844.Umbra1.v1                       51.13%    passed     92.94%
  15  Ustilago_maydis                                                 19.91%    passed     18.71%
  16  Zoophthora_radicans_ATCC_208865                                 28.51%    passed     56.54%
  17  Zymoseptoria_tritici_IP0323                                     14.93%    passed     92.21%
WARNING: 5 sequences contain more than 50% gaps/ambiguity
****  TOTAL                                                           31.01%  0 sequences failed composition chi2 test (p-value<5%; df=19)
Checking for duplicate sequences: done in 8.01086e-05 secs using 84.88% CPU


Create initial parsimony tree by phylogenetic likelihood library (PLL)... 0.002 seconds
Perform fast likelihood tree search using LG+I+G model...
Estimate model parameters (epsilon = 5.000)
Perform nearest neighbor interchange...
Optimizing NNI: done in 0.160239 secs using 185.2% CPU
Estimate model parameters (epsilon = 1.000)
1. Initial log-likelihood: -4686.770
Optimal log-likelihood: -4686.481
Proportion of invariable sites: 0.029
Gamma shape alpha: 0.694
Parameters optimization took 1 rounds (0.052 sec)
Time for fast ML tree search: 0.371 seconds

NOTE: ModelFinder requires 7 MB RAM!
ModelFinder will test up to 1232 protein models (sample size: 221) ...
 No. Model         -LnL         df  AIC          AICc         BIC
  1  LG            4916.574     31  9895.147     9905.645     10000.490
  2  LG+I          4852.005     32  9768.011     9779.245     9876.752
  3  LG+G4         4686.782     32  9437.565     9448.799     9546.306
  4  LG+I+G4       4686.420     33  9438.840     9450.840     9550.979
  5  LG+R2         4734.905     33  9535.809     9547.809     9647.948
  6  LG+R3         4696.161     35  9462.323     9475.944     9581.258
  7  LG+R4         4688.283     37  9450.567     9465.933     9576.299
  8  LG+R5         4685.086     39  9448.173     9465.410     9580.701
 14  LG+I+R2       4715.333     34  9498.667     9511.463     9614.204
 15  LG+I+R3       4687.048     36  9446.096     9460.574     9568.430
 16  LG+I+R4       4682.816     38  9441.631     9457.917     9570.762
 25  LG+F+G4       4639.408     51  9380.816     9412.200     9554.122
 26  LG+F+I+G4     4639.513     52  9383.025     9415.835     9559.730
 47  WAG+G4        4665.921     32  9395.841     9407.075     9504.582
 48  WAG+I+G4      4665.689     33  9397.378     9409.378     9509.518
 69  WAG+F+G4      4636.613     51  9375.226     9406.611     9548.532
 70  WAG+F+I+G4    4637.011     52  9378.023     9410.832     9554.727
 91  JTT+G4        4674.950     32  9413.900     9425.134     9522.641
 92  JTT+I+G4      4674.217     33  9414.435     9426.435     9526.574
113  JTT+F+G4      4643.688     51  9389.376     9420.761     9562.682
114  JTT+F+I+G4    4643.708     52  9391.416     9424.225     9568.120
WARNING: Normalizing state frequencies so that sum of them equals to 1
135  Q.pfam+G4     4670.670     32  9405.340     9416.574     9514.081
WARNING: Normalizing state frequencies so that sum of them equals to 1
136  Q.pfam+I+G4   4670.053     33  9406.107     9418.107     9518.246
WARNING: Normalizing state frequencies so that sum of them equals to 1
157  Q.pfam+F+G4   4634.087     51  9370.173     9401.558     9543.480
WARNING: Normalizing state frequencies so that sum of them equals to 1
158  Q.pfam+F+I+G4 4633.943     52  9371.886     9404.696     9548.591
WARNING: Normalizing state frequencies so that sum of them equals to 1
179  Q.bird+G4     4741.910     32  9547.820     9559.054     9656.561
WARNING: Normalizing state frequencies so that sum of them equals to 1
180  Q.bird+I+G4   4740.733     33  9547.466     9559.466     9659.605
WARNING: Normalizing state frequencies so that sum of them equals to 1
201  Q.bird+F+G4   4700.073     51  9502.145     9533.530     9675.452
WARNING: Normalizing state frequencies so that sum of them equals to 1
202  Q.bird+F+I+G4 4697.780     52  9499.559     9532.369     9676.263
WARNING: Normalizing state frequencies so that sum of them equals to 1
223  Q.mammal+G4   4713.321     32  9490.642     9501.876     9599.383
WARNING: Normalizing state frequencies so that sum of them equals to 1
224  Q.mammal+I+G4 4712.332     33  9490.664     9502.664     9602.803
WARNING: Normalizing state frequencies so that sum of them equals to 1
245  Q.mammal+F+G4 4675.565     51  9453.130     9484.515     9626.436
WARNING: Normalizing state frequencies so that sum of them equals to 1
246  Q.mammal+F+I+G4 4673.781     52  9451.562     9484.372     9628.267
267  Q.insect+G4   4694.754     32  9453.509     9464.743     9562.250
268  Q.insect+I+G4 4693.813     33  9453.626     9465.626     9565.766
289  Q.insect+F+G4 4632.089     51  9366.179     9397.563     9539.485
290  Q.insect+F+I+G4 4630.028     52  9364.057     9396.866     9540.761
WARNING: Normalizing state frequencies so that sum of them equals to 1
311  Q.plant+G4    4723.591     32  9511.181     9522.415     9619.922
WARNING: Normalizing state frequencies so that sum of them equals to 1
312  Q.plant+I+G4  4721.516     33  9509.033     9521.033     9621.172
WARNING: Normalizing state frequencies so that sum of them equals to 1
333  Q.plant+F+G4  4676.311     51  9454.622     9486.007     9627.928
WARNING: Normalizing state frequencies so that sum of them equals to 1
334  Q.plant+F+I+G4 4674.040     52  9452.080     9484.890     9628.785
WARNING: Normalizing state frequencies so that sum of them equals to 1
355  Q.yeast+G4    4692.874     32  9449.749     9460.983     9558.490
WARNING: Normalizing state frequencies so that sum of them equals to 1
356  Q.yeast+I+G4  4691.764     33  9449.528     9461.528     9561.667
WARNING: Normalizing state frequencies so that sum of them equals to 1
377  Q.yeast+F+G4  4636.042     51  9374.084     9405.468     9547.390
WARNING: Normalizing state frequencies so that sum of them equals to 1
378  Q.yeast+F+I+G4 4634.995     52  9373.989     9406.799     9550.694
399  JTTDCMut+G4   4675.454     32  9414.907     9426.141     9523.648
400  JTTDCMut+I+G4 4674.724     33  9415.448     9427.448     9527.588
421  JTTDCMut+F+G4 4644.229     51  9390.458     9421.843     9563.765
422  JTTDCMut+F+I+G4 4644.124     52  9392.248     9425.058     9568.953
443  DCMut+G4      4669.814     32  9403.629     9414.863     9512.370
444  DCMut+I+G4    4667.400     33  9400.801     9412.801     9512.940
465  DCMut+F+G4    4634.041     51  9370.083     9401.467     9543.389
466  DCMut+F+I+G4  4631.579     52  9367.159     9399.969     9543.863
487  VT+G4         4657.735     32  9379.469     9390.703     9488.210
488  VT+I+G4       4657.422     33  9380.845     9392.845     9492.984
509  VT+F+G4       4628.270     51  9358.540     9389.925     9531.846
510  VT+F+I+G4     4628.559     52  9361.118     9393.928     9537.823
531  PMB+G4        4699.974     32  9463.948     9475.182     9572.689
532  PMB+I+G4      4699.036     33  9464.072     9476.072     9576.211
553  PMB+F+G4      4634.586     51  9371.172     9402.556     9544.478
554  PMB+F+I+G4    4634.469     52  9372.938     9405.748     9549.643
575  Blosum62+G4   4707.071     32  9478.142     9489.376     9586.883
576  Blosum62+I+G4 4706.698     33  9479.395     9491.395     9591.535
597  Blosum62+F+G4 4635.911     51  9373.821     9405.206     9547.128
598  Blosum62+F+I+G4 4636.154     52  9376.307     9409.117     9553.012
619  Dayhoff+G4    4670.050     32  9404.099     9415.333     9512.841
620  Dayhoff+I+G4  4667.619     33  9401.238     9413.238     9513.377
641  Dayhoff+F+G4  4634.280     51  9370.560     9401.945     9543.867
642  Dayhoff+F+I+G4 4631.826     52  9367.651     9400.461     9544.356
663  mtREV+G4      4949.212     32  9962.424     9973.658     10071.165
664  mtREV+I+G4    4946.898     33  9959.796     9971.796     10071.935
685  mtREV+F+G4    4734.443     51  9570.886     9602.271     9744.193
686  mtREV+F+I+G4  4731.748     52  9567.497     9600.306     9744.201
707  mtART+G4      5058.284     32  10180.568    10191.802    10289.309
708  mtART+I+G4    5054.461     33  10174.923    10186.923    10287.062
729  mtART+F+G4    4764.301     51  9630.603     9661.987     9803.909
730  mtART+F+I+G4  4759.195     52  9622.390     9655.200     9799.095
751  mtZOA+G4      4956.453     32  9976.905     9988.139     10085.646
752  mtZOA+I+G4    4953.843     33  9973.686     9985.686     10085.825
773  mtZOA+F+G4    4725.051     51  9552.102     9583.487     9725.408
774  mtZOA+F+I+G4  4720.900     52  9545.800     9578.610     9722.505
795  mtMet+G4      5004.583     32  10073.166    10084.401    10181.908
796  mtMet+I+G4    5002.173     33  10070.347    10082.347    10182.486
817  mtMet+F+G4    4729.241     51  9560.481     9591.866     9733.787
818  mtMet+F+I+G4  4726.442     52  9556.885     9589.694     9733.589
839  mtVer+G4      4993.275     32  10050.551    10061.785    10159.292
840  mtVer+I+G4    4989.745     33  10045.490    10057.490    10157.629
861  mtVer+F+G4    4771.561     51  9645.122     9676.507     9818.428
862  mtVer+F+I+G4  4768.590     52  9641.179     9673.989     9817.884
883  mtInv+G4      5060.733     32  10185.466    10196.700    10294.207
884  mtInv+I+G4    5058.312     33  10182.624    10194.624    10294.764
905  mtInv+F+G4    4700.625     51  9503.250     9534.635     9676.557
906  mtInv+F+I+G4  4697.360     52  9498.719     9531.529     9675.424
927  mtMAM+G4      5052.425     32  10168.850    10180.084    10277.591
928  mtMAM+I+G4    5048.333     33  10162.666    10174.666    10274.805
949  mtMAM+F+G4    4809.232     51  9720.464     9751.849     9893.770
950  mtMAM+F+I+G4  4805.371     52  9714.742     9747.551     9891.446
WARNING: Normalizing state frequencies so that sum of them equals to 1
971  FLAVI+G4      4838.086     32  9740.172     9751.406     9848.913
WARNING: Normalizing state frequencies so that sum of them equals to 1
972  FLAVI+I+G4    4838.064     33  9742.128     9754.128     9854.267
WARNING: Normalizing state frequencies so that sum of them equals to 1
993  FLAVI+F+G4    4764.543     51  9631.087     9662.472     9804.393
WARNING: Normalizing state frequencies so that sum of them equals to 1
994  FLAVI+F+I+G4  4762.303     52  9628.605     9661.415     9805.310
1015  HIVb+G4       4778.201     32  9620.403     9631.637     9729.144
1016  HIVb+I+G4     4778.016     33  9622.031     9634.031     9734.170
1037  HIVb+F+G4     4714.455     51  9530.909     9562.294     9704.215
1038  HIVb+F+I+G4   4713.205     52  9530.411     9563.220     9707.115
1059  HIVw+G4       4918.289     32  9900.579     9911.813     10009.320
1060  HIVw+I+G4     4918.484     33  9902.968     9914.968     10015.107
1081  HIVw+F+G4     4786.192     51  9674.384     9705.769     9847.690
1082  HIVw+F+I+G4   4786.339     52  9676.677     9709.487     9853.382
1103  FLU+G4        4740.412     32  9544.824     9556.058     9653.565
1104  FLU+I+G4      4740.506     33  9547.012     9559.012     9659.151
1125  FLU+F+G4      4676.131     51  9454.261     9485.646     9627.568
1126  FLU+F+I+G4    4676.400     52  9456.799     9489.609     9633.504
1147  rtREV+G4      4696.230     32  9456.461     9467.695     9565.202
1148  rtREV+I+G4    4696.025     33  9458.050     9470.050     9570.190
1169  rtREV+F+G4    4644.725     51  9391.450     9422.835     9564.757
1170  rtREV+F+I+G4  4644.784     52  9393.569     9426.378     9570.273
1191  cpREV+G4      4727.392     32  9518.783     9530.017     9627.525
1192  cpREV+I+G4    4725.751     33  9517.502     9529.502     9629.641
1213  cpREV+F+G4    4681.588     51  9465.176     9496.561     9638.483
1214  cpREV+F+I+G4  4681.327     52  9466.653     9499.463     9643.358
Akaike Information Criterion:           VT+F+G4
Corrected Akaike Information Criterion: VT+F+G4
Bayesian Information Criterion:         VT+G4
Best-fit model: VT+G4 chosen according to BIC

All model information printed to FungalCW_tree_20231129/483049at4751.aa.mfa.model.gz
CPU time for ModelFinder: 32.898 seconds (0h:0m:32s)
Wall-clock time for ModelFinder: 16.700 seconds (0h:0m:16s)
Generating 1000 samples for ultrafast bootstrap (seed: 281512)...

NOTE: 3 MB RAM (0 GB) is required!
Estimate model parameters (epsilon = 0.100)
1. Initial log-likelihood: -4657.735
Optimal log-likelihood: -4657.689
Gamma shape alpha: 0.685
Parameters optimization took 1 rounds (0.024 sec)
Wrote distance file to... 
Computing ML distances based on estimated model parameters...
Calculating distance matrix: done in 0.035675 secs using 198.5% CPU
Computing ML distances took 0.035886 sec (of wall-clock time) 0.071214 sec (of CPU time)
Setting up auxiliary I and S matrices: done in 5.81741e-05 secs using 199.4% CPU
Constructing RapidNJ tree: done in 0.000302076 secs using 66.54% CPU
Computing RapidNJ tree took 0.000470 sec (of wall-clock time) 0.000463 sec (of CPU time)
Log-likelihood of RapidNJ tree: -4716.202
--------------------------------------------------------------------
|             INITIALIZING CANDIDATE TREE SET                      |
--------------------------------------------------------------------
Generating 98 parsimony trees... 0.252 second
Computing log-likelihood of 98 initial trees ... 0.811 seconds
Current best score: -4657.689

Do NNI search on 20 best initial trees
Optimizing NNI: done in 0.067647 secs using 197.1% CPU
Estimate model parameters (epsilon = 0.100)
BETTER TREE FOUND at iteration 1: -4657.674
Optimizing NNI: done in 0.172644 secs using 196.6% CPU
Optimizing NNI: done in 0.172646 secs using 198.9% CPU
Optimizing NNI: done in 0.263472 secs using 197.8% CPU
Estimate model parameters (epsilon = 0.100)
BETTER TREE FOUND at iteration 4: -4653.564
Optimizing NNI: done in 0.264605 secs using 196.7% CPU
Optimizing NNI: done in 0.245035 secs using 196.6% CPU
Optimizing NNI: done in 0.205253 secs using 197.2% CPU
Optimizing NNI: done in 0.162766 secs using 196.8% CPU
Optimizing NNI: done in 0.213199 secs using 197.2% CPU
Optimizing NNI: done in 0.206676 secs using 196.3% CPU
Iteration 10 / LogL: -4657.673 / Time: 0h:0m:3s
Optimizing NNI: done in 0.216465 secs using 196.2% CPU
Optimizing NNI: done in 0.209649 secs using 198.3% CPU
Estimate model parameters (epsilon = 0.100)
BETTER TREE FOUND at iteration 12: -4652.227
Optimizing NNI: done in 0.323561 secs using 197.2% CPU
Optimizing NNI: done in 0.195457 secs using 198.6% CPU
Optimizing NNI: done in 0.209637 secs using 196.7% CPU
Optimizing NNI: done in 0.200175 secs using 196.6% CPU
Optimizing NNI: done in 0.254416 secs using 196.5% CPU
Optimizing NNI: done in 0.216131 secs using 197.2% CPU
Optimizing NNI: done in 0.24257 secs using 196.6% CPU
Optimizing NNI: done in 0.207931 secs using 197.6% CPU
Iteration 20 / LogL: -4657.672 / Time: 0h:0m:5s
Finish initializing candidate tree set (10)
Current best tree score: -4652.227 / CPU time: 5.436
Number of iterations: 20
--------------------------------------------------------------------
|               OPTIMIZING CANDIDATE TREE SET                      |
--------------------------------------------------------------------
Optimizing NNI: done in 0.161254 secs using 197.2% CPU
Optimizing NNI: done in 0.173877 secs using 198.1% CPU
Optimizing NNI: done in 0.282043 secs using 197.1% CPU
BETTER TREE FOUND at iteration 23: -4652.227
Optimizing NNI: done in 0.28133 secs using 196.8% CPU
Optimizing NNI: done in 0.19925 secs using 197.1% CPU
Optimizing NNI: done in 0.223185 secs using 196.9% CPU
Optimizing NNI: done in 0.163131 secs using 196.7% CPU
Optimizing NNI: done in 0.182595 secs using 197% CPU
Optimizing NNI: done in 0.249992 secs using 197.1% CPU
Optimizing NNI: done in 0.227044 secs using 198.5% CPU
Iteration 30 / LogL: -4652.227 / Time: 0h:0m:7s (0h:0m:25s left)
Optimizing NNI: done in 0.182306 secs using 197.9% CPU
UPDATE BEST LOG-LIKELIHOOD: -4652.227
Optimizing NNI: done in 0.133506 secs using 197.1% CPU
Optimizing NNI: done in 0.157278 secs using 197.3% CPU
Optimizing NNI: done in 0.17705 secs using 196.8% CPU
Optimizing NNI: done in 0.188465 secs using 196.5% CPU
Optimizing NNI: done in 0.187925 secs using 198.1% CPU
Optimizing NNI: done in 0.188063 secs using 198.6% CPU
Optimizing NNI: done in 0.193042 secs using 196.6% CPU
Optimizing NNI: done in 0.19651 secs using 198.1% CPU
Optimizing NNI: done in 0.162389 secs using 196.3% CPU
Iteration 40 / LogL: -4657.178 / Time: 0h:0m:9s (0h:0m:20s left)
Optimizing NNI: done in 0.169853 secs using 198.9% CPU
Optimizing NNI: done in 0.20894 secs using 199.1% CPU
Optimizing NNI: done in 0.162125 secs using 195.8% CPU
Optimizing NNI: done in 0.313875 secs using 197.3% CPU
Optimizing NNI: done in 0.207421 secs using 196.9% CPU
Optimizing NNI: done in 0.151782 secs using 198.3% CPU
Optimizing NNI: done in 0.16017 secs using 197.6% CPU
Optimizing NNI: done in 0.18699 secs using 197.4% CPU
Optimizing NNI: done in 0.343993 secs using 196.9% CPU
Optimizing NNI: done in 0.233535 secs using 198.2% CPU
Iteration 50 / LogL: -4652.227 / Time: 0h:0m:12s (0h:0m:17s left)
Log-likelihood cutoff on original alignment: -4691.262
Optimizing NNI: done in 0.189878 secs using 197.5% CPU
Optimizing NNI: done in 0.191855 secs using 197.4% CPU
Optimizing NNI: done in 0.111104 secs using 197.6% CPU
Optimizing NNI: done in 0.188738 secs using 197.1% CPU
Optimizing NNI: done in 0.189544 secs using 197.5% CPU
Optimizing NNI: done in 0.26025 secs using 197.1% CPU
Optimizing NNI: done in 0.157526 secs using 197.8% CPU
Optimizing NNI: done in 0.256455 secs using 196.6% CPU
Optimizing NNI: done in 0.181849 secs using 196.3% CPU
Optimizing NNI: done in 0.209141 secs using 198.2% CPU
Iteration 60 / LogL: -4663.318 / Time: 0h:0m:14s (0h:0m:15s left)
Optimizing NNI: done in 0.284397 secs using 197.9% CPU
Optimizing NNI: done in 0.190345 secs using 198.5% CPU
Optimizing NNI: done in 0.168126 secs using 195.7% CPU
Optimizing NNI: done in 0.204739 secs using 197.2% CPU
Optimizing NNI: done in 0.288576 secs using 198.3% CPU
Optimizing NNI: done in 0.167028 secs using 198.4% CPU
Optimizing NNI: done in 0.170617 secs using 198% CPU
Optimizing NNI: done in 0.312068 secs using 196.7% CPU
Optimizing NNI: done in 0.108262 secs using 197.7% CPU
Optimizing NNI: done in 0.192385 secs using 198.5% CPU
Iteration 70 / LogL: -4659.312 / Time: 0h:0m:16s (0h:0m:12s left)
Optimizing NNI: done in 0.23265 secs using 197.1% CPU
Optimizing NNI: done in 0.225092 secs using 197.8% CPU
Optimizing NNI: done in 0.210972 secs using 197.1% CPU
Optimizing NNI: done in 0.240721 secs using 197.2% CPU
Optimizing NNI: done in 0.222775 secs using 198.1% CPU
Optimizing NNI: done in 0.128624 secs using 196.3% CPU
Optimizing NNI: done in 0.214867 secs using 197.6% CPU
Optimizing NNI: done in 0.16435 secs using 196.8% CPU
Optimizing NNI: done in 0.182276 secs using 198% CPU
Optimizing NNI: done in 0.165653 secs using 198.3% CPU
Iteration 80 / LogL: -4653.568 / Time: 0h:0m:18s (0h:0m:10s left)
Optimizing NNI: done in 0.201222 secs using 198.4% CPU
Optimizing NNI: done in 0.195128 secs using 197.5% CPU
Optimizing NNI: done in 0.231711 secs using 197.7% CPU
Optimizing NNI: done in 0.195867 secs using 198.2% CPU
Optimizing NNI: done in 0.167948 secs using 197.3% CPU
Optimizing NNI: done in 0.213352 secs using 197.2% CPU
Optimizing NNI: done in 0.214062 secs using 197.7% CPU
Optimizing NNI: done in 0.189743 secs using 197% CPU
Optimizing NNI: done in 0.175401 secs using 197.5% CPU
Optimizing NNI: done in 0.197682 secs using 197.9% CPU
Iteration 90 / LogL: -4652.227 / Time: 0h:0m:20s (0h:0m:7s left)
Optimizing NNI: done in 0.288332 secs using 198.7% CPU
Optimizing NNI: done in 0.204942 secs using 197.6% CPU
Optimizing NNI: done in 0.216094 secs using 197.7% CPU
Optimizing NNI: done in 0.125434 secs using 197.7% CPU
Optimizing NNI: done in 0.23909 secs using 198.5% CPU
Optimizing NNI: done in 0.175072 secs using 197.9% CPU
Optimizing NNI: done in 0.166939 secs using 196.7% CPU
Optimizing NNI: done in 0.149094 secs using 195.2% CPU
Optimizing NNI: done in 0.192151 secs using 197.6% CPU
Optimizing NNI: done in 0.162799 secs using 196.4% CPU
Iteration 100 / LogL: -4652.227 / Time: 0h:0m:22s (0h:0m:5s left)
Log-likelihood cutoff on original alignment: -4691.262
NOTE: Bootstrap correlation coefficient of split occurrence frequencies: 0.998
Optimizing NNI: done in 0.166864 secs using 198.5% CPU
Optimizing NNI: done in 0.157133 secs using 197.2% CPU
Optimizing NNI: done in 0.19082 secs using 197% CPU
Optimizing NNI: done in 0.249321 secs using 197.8% CPU
Optimizing NNI: done in 0.15715 secs using 196.6% CPU
Optimizing NNI: done in 0.240741 secs using 198.2% CPU
UPDATE BEST LOG-LIKELIHOOD: -4652.227
Optimizing NNI: done in 0.162147 secs using 197.9% CPU
Optimizing NNI: done in 0.171881 secs using 198.5% CPU
Optimizing NNI: done in 0.159127 secs using 197.9% CPU
Optimizing NNI: done in 0.15791 secs using 197.9% CPU
Iteration 110 / LogL: -4653.568 / Time: 0h:0m:24s (0h:0m:20s left)
Optimizing NNI: done in 0.164498 secs using 197.9% CPU
Optimizing NNI: done in 0.228395 secs using 198.1% CPU
Optimizing NNI: done in 0.139269 secs using 196.8% CPU
Optimizing NNI: done in 0.242964 secs using 197.7% CPU
Optimizing NNI: done in 0.255837 secs using 197.9% CPU
Optimizing NNI: done in 0.234424 secs using 197.3% CPU
Optimizing NNI: done in 0.192348 secs using 196.9% CPU
Optimizing NNI: done in 0.163099 secs using 197.9% CPU
Optimizing NNI: done in 0.188535 secs using 198% CPU
Optimizing NNI: done in 0.197015 secs using 197.5% CPU
Iteration 120 / LogL: -4652.227 / Time: 0h:0m:26s (0h:0m:17s left)
Optimizing NNI: done in 0.225535 secs using 198.4% CPU
Optimizing NNI: done in 0.20888 secs using 197.1% CPU
Optimizing NNI: done in 0.19172 secs using 195.5% CPU
Optimizing NNI: done in 0.208122 secs using 197.5% CPU
TREE SEARCH COMPLETED AFTER 124 ITERATIONS / Time: 0h:0m:27s

--------------------------------------------------------------------
|                    FINALIZING TREE SEARCH                        |
--------------------------------------------------------------------
Performs final model parameters optimization
Estimate model parameters (epsilon = 0.010)
1. Initial log-likelihood: -4652.227
Optimal log-likelihood: -4652.226
Gamma shape alpha: 0.695
Parameters optimization took 1 rounds (0.023 sec)
BEST SCORE FOUND : -4652.226

Testing tree branches by SH-like aLRT with 1000 replicates...
0.076 sec.
Creating bootstrap support values...
Split supports printed to NEXUS file FungalCW_tree_20231129/483049at4751.aa.mfa.splits.nex
Total tree length: 20.955

Total number of iterations: 124
CPU time used for tree search: 53.838 sec (0h:0m:53s)
Wall-clock time used for tree search: 27.368 sec (0h:0m:27s)
Total CPU time used: 54.607 sec (0h:0m:54s)
Total wall-clock time used: 27.834 sec (0h:0m:27s)

Computing bootstrap consensus tree...
Reading input file FungalCW_tree_20231129/483049at4751.aa.mfa.splits.nex...
17 taxa and 139 splits.
Consensus tree written to FungalCW_tree_20231129/483049at4751.aa.mfa.contree
Reading input trees file FungalCW_tree_20231129/483049at4751.aa.mfa.contree
Log-likelihood of consensus tree: -4652.226

Analysis results written to: 
  IQ-TREE report:                FungalCW_tree_20231129/483049at4751.aa.mfa.iqtree
  Maximum-likelihood tree:       FungalCW_tree_20231129/483049at4751.aa.mfa.treefile
  Likelihood distances:          FungalCW_tree_20231129/483049at4751.aa.mfa.mldist

Ultrafast bootstrap approximation results written to:
  Split support values:          FungalCW_tree_20231129/483049at4751.aa.mfa.splits.nex
  Consensus tree:                FungalCW_tree_20231129/483049at4751.aa.mfa.contree
  Screen log file:               FungalCW_tree_20231129/483049at4751.aa.mfa.log

Date and Time: Wed Nov 29 01:44:01 2023
