IQ-TREE multicore version 2.2.2.6 COVID-edition for Linux 64-bit built May 27 2023
Developed by Bui Quang Minh, James Barbetti, Nguyen Lam Tung,
Olga Chernomor, Heiko Schmidt, Dominik Schrempf, Michael Woodhams, Ly Trong Nhan.

Host:    i20 (AVX2, FMA3, 503 GB RAM)
Command: iqtree2 -s FungalCW_tree_20231129/483370at4751.aa.mfa -gz -B 1000 -alrt 1000 -nt 2
Seed:    335972 (Using SPRNG - Scalable Parallel Random Number Generator)
Time:    Wed Nov 29 01:43:18 2023
Kernel:  AVX+FMA - 2 threads (2 CPU cores detected)

Reading alignment file FungalCW_tree_20231129/483370at4751.aa.mfa ... Fasta format detected
Reading fasta file: done in 0.000194073 secs using 81.41% CPU
Alignment most likely contains protein sequences
Constructing alignment: done in 0.000771999 secs using 97.41% CPU
Alignment has 18 sequences with 353 columns, 334 distinct patterns
225 parsimony-informative, 86 singleton sites, 42 constant sites
                                                               Gap/Ambiguity  Composition  p-value
Analyzing sequences: done in 2.38419e-05 secs using 96.47% CPU
   1  Basidiobolus_meristosporus_CBS_931.73.Basme2finSC.v1            52.97%    passed     23.34%
   2  Botrytis_cinerea_T4                                             25.50%    passed      7.52%
   3  Capillidium_pumilum_ARSEF_79                                    57.79%    passed     55.39%
   4  Colletotrichum_graminicola_M1.001                               15.30%    passed     22.25%
   5  Colletotrichum_higginsianum_IMI_349063                           3.12%    passed     78.59%
   6  Fusarium_graminearum_PH-1                                       23.80%    passed     87.19%
   7  Fusarium_verticillioides_7600                                   24.08%    passed     98.61%
   8  Gilbertella_persicaria_var_persicaria_CBS_190.32-T.Gilper1.v1   56.66%    passed     93.38%
   9  Mortierella_elongata_AG-77                                      76.77%    passed     95.17%
  10  Mucor_mucedo_NRRL_3635                                          56.37%    passed     86.76%
  11  Neoconidiobolus_thromboides_FSU_785.Conth1.v1                   79.04%    passed     73.09%
  12  Phycomyces_blakesleeanus_NRRL_1555.Phybl2.v2                    73.37%    passed     86.41%
  13  Rhizopus_stolonifer_NRRL_66455                                  43.34%    passed     45.90%
  14  Trichoderma_harzianum_CBS_226.95                                22.95%    passed     86.85%
  15  Umbelopsis_ramanniana_NRRL_5844.Umbra1.v1                       52.69%    passed     22.79%
  16  Ustilago_maydis                                                 33.14%    failed      0.12%
  17  Zoophthora_radicans_ATCC_208865                                 52.12%    passed     36.16%
  18  Zymoseptoria_tritici_IP0323                                     22.66%    passed     15.23%
WARNING: 9 sequences contain more than 50% gaps/ambiguity
****  TOTAL                                                           42.87%  1 sequences failed composition chi2 test (p-value<5%; df=19)
Checking for duplicate sequences: done in 9.39369e-05 secs using 90.49% CPU


Create initial parsimony tree by phylogenetic likelihood library (PLL)... 0.003 seconds
Perform fast likelihood tree search using LG+I+G model...
Estimate model parameters (epsilon = 5.000)
Perform nearest neighbor interchange...
Optimizing NNI: done in 0.0895681 secs using 199.5% CPU
Estimate model parameters (epsilon = 1.000)
1. Initial log-likelihood: -6333.806
Optimal log-likelihood: -6332.816
Proportion of invariable sites: 0.035
Gamma shape alpha: 0.649
Parameters optimization took 1 rounds (0.073 sec)
Time for fast ML tree search: 0.378 seconds

NOTE: ModelFinder requires 11 MB RAM!
ModelFinder will test up to 1232 protein models (sample size: 353) ...
 No. Model         -LnL         df  AIC          AICc         BIC
  1  LG            6667.486     33  13400.972    13408.007    13528.566
  2  LG+I          6577.267     34  13222.534    13230.019    13353.994
  3  LG+G4         6335.227     34  12738.454    12745.938    12869.914
  4  LG+I+G4       6332.273     35  12734.546    12742.496    12869.873
  5  LG+R2         6379.035     35  12828.069    12836.019    12963.396
  6  LG+R3         6354.051     37  12782.102    12791.029    12925.161
  7  LG+R4         6331.778     39  12741.556    12751.524    12892.348
  8  LG+R5         6331.707     41  12745.413    12756.487    12903.938
 14  LG+I+R2       6360.627     36  12793.254    12801.685    12932.447
 15  LG+I+R3       6340.716     38  12757.432    12766.871    12904.357
 16  LG+I+R4       6328.963     40  12737.927    12748.440    12892.586
 17  LG+I+R5       6328.533     42  12741.066    12752.718    12903.458
 25  LG+F+G4       6310.924     53  12727.848    12746.992    12932.771
 26  LG+F+I+G4     6308.668     54  12725.335    12745.268    12934.124
 47  WAG+G4        6334.458     34  12736.916    12744.400    12868.376
 48  WAG+I+G4      6332.769     35  12735.538    12743.488    12870.865
 69  WAG+F+G4      6296.727     53  12699.455    12718.598    12904.377
 70  WAG+F+I+G4    6294.945     54  12697.891    12717.824    12906.680
 91  JTT+G4        6352.026     34  12772.051    12779.535    12903.511
 92  JTT+I+G4      6349.874     35  12769.748    12777.697    12905.074
113  JTT+F+G4      6327.646     53  12761.292    12780.436    12966.215
114  JTT+F+I+G4    6324.594     54  12757.189    12777.122    12965.978
WARNING: Normalizing state frequencies so that sum of them equals to 1
135  Q.pfam+G4     6324.097     34  12716.193    12723.678    12847.653
WARNING: Normalizing state frequencies so that sum of them equals to 1
136  Q.pfam+I+G4   6320.876     35  12711.752    12719.701    12847.078
WARNING: Normalizing state frequencies so that sum of them equals to 1
157  Q.pfam+F+G4   6303.761     53  12713.521    12732.665    12918.444
WARNING: Normalizing state frequencies so that sum of them equals to 1
158  Q.pfam+F+I+G4 6300.933     54  12709.866    12729.799    12918.655
WARNING: Normalizing state frequencies so that sum of them equals to 1
179  Q.bird+G4     6438.477     34  12944.954    12952.438    13076.414
WARNING: Normalizing state frequencies so that sum of them equals to 1
180  Q.bird+I+G4   6433.906     35  12937.812    12945.762    13073.139
WARNING: Normalizing state frequencies so that sum of them equals to 1
201  Q.bird+F+G4   6401.835     53  12909.670    12928.814    13114.593
WARNING: Normalizing state frequencies so that sum of them equals to 1
202  Q.bird+F+I+G4 6395.749     54  12899.498    12919.431    13108.288
WARNING: Normalizing state frequencies so that sum of them equals to 1
223  Q.mammal+G4   6404.036     34  12876.073    12883.557    13007.533
WARNING: Normalizing state frequencies so that sum of them equals to 1
224  Q.mammal+I+G4 6399.358     35  12868.717    12876.666    13004.043
WARNING: Normalizing state frequencies so that sum of them equals to 1
245  Q.mammal+F+G4 6367.678     53  12841.356    12860.500    13046.279
WARNING: Normalizing state frequencies so that sum of them equals to 1
246  Q.mammal+F+I+G4 6361.830     54  12831.660    12851.593    13040.449
267  Q.insect+G4   6379.591     34  12827.182    12834.666    12958.642
268  Q.insect+I+G4 6375.847     35  12821.695    12829.644    12957.021
289  Q.insect+F+G4 6316.410     53  12738.821    12757.965    12943.744
290  Q.insect+F+I+G4 6311.741     54  12731.482    12751.414    12940.271
WARNING: Normalizing state frequencies so that sum of them equals to 1
311  Q.plant+G4    6390.954     34  12849.908    12857.393    12981.368
WARNING: Normalizing state frequencies so that sum of them equals to 1
312  Q.plant+I+G4  6385.640     35  12841.280    12849.230    12976.606
WARNING: Normalizing state frequencies so that sum of them equals to 1
333  Q.plant+F+G4  6353.042     53  12812.084    12831.228    13017.007
WARNING: Normalizing state frequencies so that sum of them equals to 1
334  Q.plant+F+I+G4 6347.450     54  12802.899    12822.832    13011.689
WARNING: Normalizing state frequencies so that sum of them equals to 1
355  Q.yeast+G4    6397.342     34  12862.684    12870.168    12994.144
WARNING: Normalizing state frequencies so that sum of them equals to 1
356  Q.yeast+I+G4  6395.350     35  12860.699    12868.649    12996.026
WARNING: Normalizing state frequencies so that sum of them equals to 1
377  Q.yeast+F+G4  6316.939     53  12739.878    12759.022    12944.801
WARNING: Normalizing state frequencies so that sum of them equals to 1
378  Q.yeast+F+I+G4 6313.833     54  12735.667    12755.600    12944.456
399  JTTDCMut+G4   6350.061     34  12768.121    12775.606    12899.581
400  JTTDCMut+I+G4 6348.061     35  12766.121    12774.071    12901.448
421  JTTDCMut+F+G4 6324.752     53  12755.503    12774.647    12960.426
422  JTTDCMut+F+I+G4 6321.868     54  12751.736    12771.669    12960.525
443  DCMut+G4      6382.933     34  12833.866    12841.351    12965.326
444  DCMut+I+G4    6381.388     35  12832.777    12840.726    12968.103
465  DCMut+F+G4    6325.815     53  12757.629    12776.773    12962.552
466  DCMut+F+I+G4  6323.703     54  12755.406    12775.339    12964.195
487  VT+G4         6323.484     34  12714.968    12722.452    12846.428
488  VT+I+G4       6320.960     35  12711.920    12719.870    12847.247
509  VT+F+G4       6295.252     53  12696.504    12715.648    12901.427
510  VT+F+I+G4     6292.751     54  12693.501    12713.434    12902.290
531  PMB+G4        6350.306     34  12768.612    12776.096    12900.072
532  PMB+I+G4      6347.318     35  12764.636    12772.586    12899.963
553  PMB+F+G4      6297.156     53  12700.312    12719.456    12905.235
554  PMB+F+I+G4    6294.510     54  12697.021    12716.953    12905.810
575  Blosum62+G4   6355.711     34  12779.423    12786.907    12910.883
576  Blosum62+I+G4 6353.181     35  12776.361    12784.311    12911.688
597  Blosum62+F+G4 6296.858     53  12699.716    12718.860    12904.639
598  Blosum62+F+I+G4 6294.799     54  12697.597    12717.530    12906.386
619  Dayhoff+G4    6383.039     34  12834.077    12841.562    12965.537
620  Dayhoff+I+G4  6381.486     35  12832.972    12840.922    12968.298
641  Dayhoff+F+G4  6325.935     53  12757.871    12777.014    12962.793
642  Dayhoff+F+I+G4 6323.805     54  12755.610    12775.543    12964.400
663  mtREV+G4      6705.858     34  13479.716    13487.201    13611.176
664  mtREV+I+G4    6701.893     35  13473.786    13481.736    13609.113
685  mtREV+F+G4    6360.587     53  12827.174    12846.318    13032.097
686  mtREV+F+I+G4  6356.654     54  12821.308    12841.241    13030.097
707  mtART+G4      6848.106     34  13764.212    13771.697    13895.672
708  mtART+I+G4    6843.849     35  13757.698    13765.648    13893.024
729  mtART+F+G4    6406.317     53  12918.633    12937.777    13123.556
730  mtART+F+I+G4  6401.523     54  12911.047    12930.980    13119.836
751  mtZOA+G4      6718.016     34  13504.032    13511.517    13635.492
752  mtZOA+I+G4    6715.397     35  13500.795    13508.744    13636.121
773  mtZOA+F+G4    6380.383     53  12866.765    12885.909    13071.688
774  mtZOA+F+I+G4  6375.981     54  12859.962    12879.895    13068.751
795  mtMet+G4      6816.272     34  13700.543    13708.028    13832.003
796  mtMet+I+G4    6813.913     35  13697.826    13705.776    13833.153
817  mtMet+F+G4    6386.969     53  12879.938    12899.082    13084.861
818  mtMet+F+I+G4  6383.338     54  12874.675    12894.608    13083.464
839  mtVer+G4      6790.468     34  13648.935    13656.420    13780.395
840  mtVer+I+G4    6788.308     35  13646.616    13654.566    13781.943
861  mtVer+F+G4    6425.435     53  12956.870    12976.014    13161.793
862  mtVer+F+I+G4  6421.606     54  12951.212    12971.145    13160.002
883  mtInv+G4      6913.788     34  13895.577    13903.061    14027.037
884  mtInv+I+G4    6910.122     35  13890.244    13898.193    14025.570
905  mtInv+F+G4    6365.684     53  12837.368    12856.512    13042.291
906  mtInv+F+I+G4  6361.879     54  12831.759    12851.692    13040.548
927  mtMAM+G4      6816.533     34  13701.067    13708.551    13832.527
928  mtMAM+I+G4    6814.102     35  13698.204    13706.153    13833.530
949  mtMAM+F+G4    6437.105     53  12980.211    12999.355    13185.134
950  mtMAM+F+I+G4  6430.755     54  12969.510    12989.443    13178.299
WARNING: Normalizing state frequencies so that sum of them equals to 1
971  FLAVI+G4      6522.522     34  13113.044    13120.528    13244.504
WARNING: Normalizing state frequencies so that sum of them equals to 1
972  FLAVI+I+G4    6517.701     35  13105.401    13113.351    13240.728
WARNING: Normalizing state frequencies so that sum of them equals to 1
993  FLAVI+F+G4    6469.506     53  13045.012    13064.156    13249.935
WARNING: Normalizing state frequencies so that sum of them equals to 1
994  FLAVI+F+I+G4  6463.336     54  13034.671    13054.604    13243.460
1015  HIVb+G4       6463.078     34  12994.155    13001.640    13125.615
1016  HIVb+I+G4     6457.722     35  12985.444    12993.393    13120.770
1037  HIVb+F+G4     6421.517     53  12949.034    12968.178    13153.957
1038  HIVb+F+I+G4   6416.087     54  12940.174    12960.107    13148.963
1059  HIVw+G4       6660.729     34  13389.457    13396.942    13520.917
1060  HIVw+I+G4     6659.485     35  13388.969    13396.919    13524.296
1081  HIVw+F+G4     6485.003     53  13076.006    13095.150    13280.929
1082  HIVw+F+I+G4   6481.780     54  13071.560    13091.493    13280.349
1103  FLU+G4        6475.399     34  13018.798    13026.283    13150.258
1104  FLU+I+G4      6473.644     35  13017.288    13025.237    13152.614
1125  FLU+F+G4      6378.414     53  12862.829    12881.973    13067.752
1126  FLU+F+I+G4    6375.313     54  12858.626    12878.559    13067.416
1147  rtREV+G4      6355.139     34  12778.278    12785.762    12909.738
1148  rtREV+I+G4    6352.562     35  12775.123    12783.073    12910.450
1169  rtREV+F+G4    6305.761     53  12717.521    12736.665    12922.444
1170  rtREV+F+I+G4  6303.248     54  12714.497    12734.430    12923.286
1191  cpREV+G4      6363.168     34  12794.335    12801.819    12925.795
1192  cpREV+I+G4    6361.956     35  12793.913    12801.862    12929.239
1213  cpREV+F+G4    6333.558     53  12773.115    12792.259    12978.038
1214  cpREV+F+I+G4  6332.121     54  12772.241    12792.174    12981.030
Akaike Information Criterion:           VT+F+I+G4
Corrected Akaike Information Criterion: VT+F+I+G4
Bayesian Information Criterion:         VT+G4
Best-fit model: VT+G4 chosen according to BIC

All model information printed to FungalCW_tree_20231129/483370at4751.aa.mfa.model.gz
CPU time for ModelFinder: 57.855 seconds (0h:0m:57s)
Wall-clock time for ModelFinder: 29.182 seconds (0h:0m:29s)
Generating 1000 samples for ultrafast bootstrap (seed: 335972)...

NOTE: 5 MB RAM (0 GB) is required!
Estimate model parameters (epsilon = 0.100)
1. Initial log-likelihood: -6323.484
Optimal log-likelihood: -6323.447
Gamma shape alpha: 0.628
Parameters optimization took 1 rounds (0.034 sec)
Wrote distance file to... 
Computing ML distances based on estimated model parameters...
Calculating distance matrix: done in 0.0411839 secs using 198.9% CPU
Computing ML distances took 0.041384 sec (of wall-clock time) 0.082307 sec (of CPU time)
WARNING: Some pairwise ML distances are too long (saturated)
Setting up auxiliary I and S matrices: done in 5.4121e-05 secs using 199.6% CPU
Constructing RapidNJ tree: done in 0.000184059 secs
Computing RapidNJ tree took 0.000334 sec (of wall-clock time) 0.000125 sec (of CPU time)
Log-likelihood of RapidNJ tree: -6382.498
--------------------------------------------------------------------
|             INITIALIZING CANDIDATE TREE SET                      |
--------------------------------------------------------------------
Generating 98 parsimony trees... 0.274 second
Computing log-likelihood of 98 initial trees ... 1.175 seconds
Current best score: -6323.447

Do NNI search on 20 best initial trees
Optimizing NNI: done in 0.0792971 secs using 197.8% CPU
Estimate model parameters (epsilon = 0.100)
BETTER TREE FOUND at iteration 1: -6323.382
Optimizing NNI: done in 0.275412 secs using 198.4% CPU
Estimate model parameters (epsilon = 0.100)
BETTER TREE FOUND at iteration 2: -6321.477
Optimizing NNI: done in 0.175421 secs using 197.9% CPU
Optimizing NNI: done in 0.203791 secs using 198.2% CPU
Optimizing NNI: done in 0.213934 secs using 199.4% CPU
Optimizing NNI: done in 0.202661 secs using 198.6% CPU
Optimizing NNI: done in 0.215296 secs using 197.7% CPU
Optimizing NNI: done in 0.243498 secs using 197.8% CPU
Optimizing NNI: done in 0.243274 secs using 197.5% CPU
Optimizing NNI: done in 0.212759 secs using 198.2% CPU
Iteration 10 / LogL: -6321.638 / Time: 0h:0m:3s
Optimizing NNI: done in 0.21438 secs using 199.1% CPU
Optimizing NNI: done in 0.173645 secs using 196.8% CPU
Optimizing NNI: done in 0.259664 secs using 197.8% CPU
Estimate model parameters (epsilon = 0.100)
UPDATE BEST LOG-LIKELIHOOD: -6321.359
Optimizing NNI: done in 0.179014 secs using 198.6% CPU
Optimizing NNI: done in 0.242013 secs using 198.6% CPU
Optimizing NNI: done in 0.184503 secs using 198.5% CPU
Optimizing NNI: done in 0.22446 secs using 198.6% CPU
Optimizing NNI: done in 0.177976 secs using 197.9% CPU
Optimizing NNI: done in 0.236152 secs using 198.3% CPU
Optimizing NNI: done in 0.190561 secs using 198.6% CPU
Iteration 20 / LogL: -6323.792 / Time: 0h:0m:6s
Finish initializing candidate tree set (4)
Current best tree score: -6321.359 / CPU time: 5.765
Number of iterations: 20
--------------------------------------------------------------------
|               OPTIMIZING CANDIDATE TREE SET                      |
--------------------------------------------------------------------
Optimizing NNI: done in 0.310568 secs using 198.8% CPU
Optimizing NNI: done in 0.201509 secs using 199.1% CPU
Optimizing NNI: done in 0.20418 secs using 198.2% CPU
Optimizing NNI: done in 0.215011 secs using 198.9% CPU
Optimizing NNI: done in 0.232937 secs using 199.1% CPU
Optimizing NNI: done in 0.137631 secs using 198.4% CPU
Optimizing NNI: done in 0.268468 secs using 198.4% CPU
Optimizing NNI: done in 0.185505 secs using 198.6% CPU
Optimizing NNI: done in 0.109636 secs using 198.9% CPU
Optimizing NNI: done in 0.227757 secs using 199.1% CPU
Iteration 30 / LogL: -6321.408 / Time: 0h:0m:8s (0h:0m:20s left)
Optimizing NNI: done in 0.136886 secs using 198.4% CPU
Optimizing NNI: done in 0.19569 secs using 198.6% CPU
Optimizing NNI: done in 0.17839 secs using 199.1% CPU
Optimizing NNI: done in 0.138505 secs using 198.6% CPU
Optimizing NNI: done in 0.176552 secs using 198.7% CPU
Optimizing NNI: done in 0.171502 secs using 197.3% CPU
Optimizing NNI: done in 0.161136 secs using 198.3% CPU
Optimizing NNI: done in 0.265525 secs using 197.6% CPU
Optimizing NNI: done in 0.150173 secs using 199.1% CPU
Optimizing NNI: done in 0.272344 secs using 198.7% CPU
Iteration 40 / LogL: -6321.845 / Time: 0h:0m:10s (0h:0m:16s left)
Optimizing NNI: done in 0.335769 secs using 198.2% CPU
Optimizing NNI: done in 0.170004 secs using 198% CPU
Optimizing NNI: done in 0.33888 secs using 198.7% CPU
Optimizing NNI: done in 0.311775 secs using 198.2% CPU
Optimizing NNI: done in 0.245712 secs using 197.9% CPU
Optimizing NNI: done in 0.14423 secs using 198.4% CPU
Optimizing NNI: done in 0.26382 secs using 198.7% CPU
Optimizing NNI: done in 0.251286 secs using 198.7% CPU
Optimizing NNI: done in 0.178382 secs using 197.9% CPU
Optimizing NNI: done in 0.192992 secs using 199.1% CPU
Iteration 50 / LogL: -6323.118 / Time: 0h:0m:12s (0h:0m:13s left)
Log-likelihood cutoff on original alignment: -6372.043
Optimizing NNI: done in 0.169322 secs using 197.3% CPU
Optimizing NNI: done in 0.242152 secs using 199.3% CPU
Optimizing NNI: done in 0.234219 secs using 198.6% CPU
Optimizing NNI: done in 0.138055 secs using 198.4% CPU
Optimizing NNI: done in 0.181645 secs using 198.6% CPU
Optimizing NNI: done in 0.085268 secs using 199.1% CPU
Optimizing NNI: done in 0.198302 secs using 198.6% CPU
Optimizing NNI: done in 0.254365 secs using 198.3% CPU
Optimizing NNI: done in 0.270534 secs using 198.8% CPU
Optimizing NNI: done in 0.0842538 secs using 196.7% CPU
Iteration 60 / LogL: -6338.141 / Time: 0h:0m:14s (0h:0m:10s left)
Optimizing NNI: done in 0.181143 secs using 199.1% CPU
Optimizing NNI: done in 0.157228 secs using 198.7% CPU
Optimizing NNI: done in 0.223826 secs using 199.4% CPU
Optimizing NNI: done in 0.219733 secs using 198.2% CPU
UPDATE BEST LOG-LIKELIHOOD: -6321.353
Optimizing NNI: done in 0.213372 secs using 198.6% CPU
Optimizing NNI: done in 0.192038 secs using 198.6% CPU
Optimizing NNI: done in 0.190872 secs using 198.6% CPU
Optimizing NNI: done in 0.146115 secs using 199.1% CPU
Optimizing NNI: done in 0.173474 secs using 198.5% CPU
Optimizing NNI: done in 0.088001 secs using 199% CPU
Iteration 70 / LogL: -6333.360 / Time: 0h:0m:16s (0h:0m:7s left)
Optimizing NNI: done in 0.1001 secs using 198.1% CPU
Optimizing NNI: done in 0.212182 secs using 198.2% CPU
Optimizing NNI: done in 0.448626 secs using 198.7% CPU
Optimizing NNI: done in 0.296536 secs using 198.8% CPU
Optimizing NNI: done in 0.143276 secs using 199.1% CPU
Optimizing NNI: done in 0.172821 secs using 198.6% CPU
Optimizing NNI: done in 0.188984 secs using 199.1% CPU
Optimizing NNI: done in 0.16203 secs using 198.5% CPU
Optimizing NNI: done in 0.209354 secs using 198.1% CPU
Optimizing NNI: done in 0.20719 secs using 198.6% CPU
Iteration 80 / LogL: -6323.278 / Time: 0h:0m:18s (0h:0m:5s left)
Optimizing NNI: done in 0.159576 secs using 198.5% CPU
Optimizing NNI: done in 0.0848229 secs using 199% CPU
Optimizing NNI: done in 0.0851679 secs using 199% CPU
Optimizing NNI: done in 0.14883 secs using 199.2% CPU
Optimizing NNI: done in 0.152761 secs using 199.4% CPU
Optimizing NNI: done in 0.162703 secs using 197.9% CPU
Optimizing NNI: done in 0.19447 secs using 197.1% CPU
Optimizing NNI: done in 0.2243 secs using 198.2% CPU
Optimizing NNI: done in 0.245485 secs using 199.1% CPU
Optimizing NNI: done in 0.204499 secs using 198.6% CPU
Iteration 90 / LogL: -6321.474 / Time: 0h:0m:20s (0h:0m:2s left)
Optimizing NNI: done in 0.205147 secs using 199.1% CPU
Optimizing NNI: done in 0.14445 secs using 199.1% CPU
Optimizing NNI: done in 0.137017 secs using 197.6% CPU
Optimizing NNI: done in 0.273665 secs using 199% CPU
Optimizing NNI: done in 0.21449 secs using 198.4% CPU
Optimizing NNI: done in 0.150095 secs using 199.1% CPU
Optimizing NNI: done in 0.229447 secs using 198.3% CPU
Optimizing NNI: done in 0.190466 secs using 198.6% CPU
Optimizing NNI: done in 0.243923 secs using 198.6% CPU
Optimizing NNI: done in 0.141953 secs using 199.1% CPU
Iteration 100 / LogL: -6323.244 / Time: 0h:0m:22s (0h:0m:0s left)
Log-likelihood cutoff on original alignment: -6362.569
NOTE: Bootstrap correlation coefficient of split occurrence frequencies: 0.999
Optimizing NNI: done in 0.204353 secs using 198.2% CPU
Optimizing NNI: done in 0.127601 secs using 198.4% CPU
Optimizing NNI: done in 0.25803 secs using 198.7% CPU
TREE SEARCH COMPLETED AFTER 103 ITERATIONS / Time: 0h:0m:23s

--------------------------------------------------------------------
|                    FINALIZING TREE SEARCH                        |
--------------------------------------------------------------------
Performs final model parameters optimization
Estimate model parameters (epsilon = 0.010)
1. Initial log-likelihood: -6321.353
2. Current log-likelihood: -6321.335
Optimal log-likelihood: -6321.332
Gamma shape alpha: 0.623
Parameters optimization took 2 rounds (0.066 sec)
BEST SCORE FOUND : -6321.332

Testing tree branches by SH-like aLRT with 1000 replicates...
0.113 sec.
Creating bootstrap support values...
Split supports printed to NEXUS file FungalCW_tree_20231129/483370at4751.aa.mfa.splits.nex
Total tree length: 30.962

Total number of iterations: 103
CPU time used for tree search: 45.813 sec (0h:0m:45s)
Wall-clock time used for tree search: 23.178 sec (0h:0m:23s)
Total CPU time used: 46.851 sec (0h:0m:46s)
Total wall-clock time used: 23.761 sec (0h:0m:23s)

Computing bootstrap consensus tree...
Reading input file FungalCW_tree_20231129/483370at4751.aa.mfa.splits.nex...
18 taxa and 109 splits.
Consensus tree written to FungalCW_tree_20231129/483370at4751.aa.mfa.contree
Reading input trees file FungalCW_tree_20231129/483370at4751.aa.mfa.contree
Log-likelihood of consensus tree: -6321.333

Analysis results written to: 
  IQ-TREE report:                FungalCW_tree_20231129/483370at4751.aa.mfa.iqtree
  Maximum-likelihood tree:       FungalCW_tree_20231129/483370at4751.aa.mfa.treefile
  Likelihood distances:          FungalCW_tree_20231129/483370at4751.aa.mfa.mldist

Ultrafast bootstrap approximation results written to:
  Split support values:          FungalCW_tree_20231129/483370at4751.aa.mfa.splits.nex
  Consensus tree:                FungalCW_tree_20231129/483370at4751.aa.mfa.contree
  Screen log file:               FungalCW_tree_20231129/483370at4751.aa.mfa.log

Date and Time: Wed Nov 29 01:44:11 2023
