IQ-TREE multicore version 2.2.2.6 COVID-edition for Linux 64-bit built May 27 2023
Developed by Bui Quang Minh, James Barbetti, Nguyen Lam Tung,
Olga Chernomor, Heiko Schmidt, Dominik Schrempf, Michael Woodhams, Ly Trong Nhan.

Host:    i29 (AVX2, FMA3, 503 GB RAM)
Command: iqtree2 -s FungalCW_tree_20231129/48708at4751.aa.mfa -gz -B 1000 -alrt 1000 -nt 2
Seed:    349006 (Using SPRNG - Scalable Parallel Random Number Generator)
Time:    Wed Nov 29 01:43:46 2023
Kernel:  AVX+FMA - 2 threads (2 CPU cores detected)

Reading alignment file FungalCW_tree_20231129/48708at4751.aa.mfa ... Fasta format detected
Reading fasta file: done in 0.000537872 secs
Alignment most likely contains protein sequences
Constructing alignment: done in 0.00310206 secs using 158.5% CPU
Alignment has 18 sequences with 1307 columns, 1088 distinct patterns
737 parsimony-informative, 268 singleton sites, 302 constant sites
                                                               Gap/Ambiguity  Composition  p-value
Analyzing sequences: done in 7.29561e-05 secs using 201.5% CPU
   1  Basidiobolus_meristosporus_CBS_931.73.Basme2finSC.v1            18.90%    passed     99.69%
   2  Botrytis_cinerea_T4                                             14.08%    passed     99.68%
   3  Capillidium_pumilum_ARSEF_79                                    20.12%    passed     95.21%
   4  Colletotrichum_graminicola_M1.001                               14.61%    passed     96.62%
   5  Colletotrichum_higginsianum_IMI_349063                          14.69%    passed     85.24%
   6  Fusarium_graminearum_PH-1                                       15.23%    passed     99.75%
   7  Fusarium_verticillioides_7600                                   15.23%    passed     99.94%
   8  Gilbertella_persicaria_var_persicaria_CBS_190.32-T.Gilper1.v1   18.13%    passed     99.82%
   9  Mortierella_elongata_AG-77                                      18.59%    passed     97.68%
  10  Mucor_mucedo_NRRL_3635                                          18.59%    passed     98.04%
  11  Neoconidiobolus_thromboides_FSU_785.Conth1.v1                   31.68%    passed     78.37%
  12  Phycomyces_blakesleeanus_NRRL_1555.Phybl2.v2                    22.11%    passed     98.14%
  13  Rhizopus_stolonifer_NRRL_66455                                  19.05%    passed     96.07%
  14  Trichoderma_harzianum_CBS_226.95                                14.61%    passed     98.81%
  15  Umbelopsis_ramanniana_NRRL_5844.Umbra1.v1                       18.59%    passed     99.92%
  16  Ustilago_maydis                                                 18.13%    passed     87.09%
  17  Zoophthora_radicans_ATCC_208865                                 18.75%    passed     78.97%
  18  Zymoseptoria_tritici_IP0323                                     14.23%    passed     92.62%
****  TOTAL                                                           18.07%  0 sequences failed composition chi2 test (p-value<5%; df=19)
Checking for duplicate sequences: done in 0.000155926 secs using 198.8% CPU


Create initial parsimony tree by phylogenetic likelihood library (PLL)... 0.007 seconds
Perform fast likelihood tree search using LG+I+G model...
Estimate model parameters (epsilon = 5.000)
Perform nearest neighbor interchange...
Optimizing NNI: done in 0.330738 secs using 197.7% CPU
Estimate model parameters (epsilon = 1.000)
1. Initial log-likelihood: -24020.469
Optimal log-likelihood: -24020.098
Proportion of invariable sites: 0.135
Gamma shape alpha: 1.096
Parameters optimization took 1 rounds (0.228 sec)
Time for fast ML tree search: 1.088 seconds

NOTE: ModelFinder requires 35 MB RAM!
ModelFinder will test up to 1232 protein models (sample size: 1307) ...
 No. Model         -LnL         df  AIC          AICc         BIC
  1  LG            25220.905    33  50507.810    50509.573    50678.601
  2  LG+I          24519.659    34  49107.318    49109.189    49283.284
  3  LG+G4         24043.741    34  48155.482    48157.353    48331.449
  4  LG+I+G4       24019.853    35  48109.707    48111.690    48290.849
  5  LG+R2         24191.024    35  48452.049    48454.031    48633.191
  6  LG+R3         24030.801    37  48135.601    48137.817    48327.094
  7  LG+R4         24001.780    39  48081.561    48084.023    48283.405
  8  LG+R5         24001.166    41  48084.332    48087.054    48296.527
 14  LG+I+R2       24075.861    36  48223.722    48225.819    48410.039
 15  LG+I+R3       24008.516    38  48093.031    48095.369    48289.700
 16  LG+I+R4       24001.130    40  48082.261    48084.852    48289.281
 17  LG+I+R5       24001.118    42  48086.236    48089.093    48303.606
 26  LG+F+I+G4     23962.354    54  48032.707    48037.452    48312.184
 29  LG+F+R4       23944.357    58  48004.713    48010.197    48304.892
 37  LG+F+I+R3     23950.112    57  48014.223    48019.517    48309.226
 38  LG+F+I+R4     23943.985    59  48005.969    48011.647    48311.323
 48  WAG+I+G4      24050.592    35  48171.185    48173.167    48352.327
 51  WAG+R4        24041.272    39  48160.544    48163.007    48362.389
 59  WAG+I+R3      24043.218    38  48162.436    48164.774    48359.105
 60  WAG+I+R4      24040.226    40  48160.451    48163.042    48367.471
 70  WAG+F+I+G4    24042.517    54  48193.034    48197.779    48472.511
 73  WAG+F+R4      24032.236    58  48180.471    48185.955    48480.650
 81  WAG+F+I+R3    24033.534    57  48181.068    48186.362    48476.071
 82  WAG+F+I+R4    24031.495    59  48180.989    48186.667    48486.343
 92  JTT+I+G4      24229.960    35  48529.920    48531.903    48711.063
 95  JTT+R4        24220.835    39  48519.670    48522.132    48721.514
103  JTT+I+R3      24225.824    38  48527.647    48529.985    48724.316
104  JTT+I+R4      24218.520    40  48517.040    48519.631    48724.060
114  JTT+F+I+G4    24136.173    54  48380.345    48385.090    48659.822
117  JTT+F+R4      24126.660    58  48369.320    48374.804    48669.499
125  JTT+F+I+R3    24130.991    57  48375.981    48381.275    48670.984
126  JTT+F+I+R4    24124.930    59  48367.861    48373.538    48673.214
WARNING: Normalizing state frequencies so that sum of them equals to 1
136  Q.pfam+I+G4   24027.985    35  48125.971    48127.953    48307.113
WARNING: Normalizing state frequencies so that sum of them equals to 1
139  Q.pfam+R4     24012.817    39  48103.635    48106.097    48305.479
WARNING: Normalizing state frequencies so that sum of them equals to 1
147  Q.pfam+I+R3   24019.107    38  48114.214    48116.551    48310.882
WARNING: Normalizing state frequencies so that sum of them equals to 1
148  Q.pfam+I+R4   24012.731    40  48105.462    48108.052    48312.481
WARNING: Normalizing state frequencies so that sum of them equals to 1
158  Q.pfam+F+I+G4 23960.088    54  48028.175    48032.920    48307.652
WARNING: Normalizing state frequencies so that sum of them equals to 1
161  Q.pfam+F+R4   23944.654    58  48005.308    48010.792    48305.486
WARNING: Normalizing state frequencies so that sum of them equals to 1
169  Q.pfam+F+I+R3 23950.317    57  48014.634    48019.928    48309.637
WARNING: Normalizing state frequencies so that sum of them equals to 1
170  Q.pfam+F+I+R4 23944.940    59  48007.879    48013.557    48313.233
WARNING: Normalizing state frequencies so that sum of them equals to 1
180  Q.bird+I+G4   24770.943    35  49611.886    49613.869    49793.028
WARNING: Normalizing state frequencies so that sum of them equals to 1
183  Q.bird+R4     24764.211    39  49606.421    49608.884    49808.266
WARNING: Normalizing state frequencies so that sum of them equals to 1
191  Q.bird+I+R3   24770.043    38  49616.087    49618.424    49812.755
WARNING: Normalizing state frequencies so that sum of them equals to 1
192  Q.bird+I+R4   24761.538    40  49603.076    49605.667    49810.096
WARNING: Normalizing state frequencies so that sum of them equals to 1
202  Q.bird+F+I+G4 24625.296    54  49358.592    49363.337    49638.069
WARNING: Normalizing state frequencies so that sum of them equals to 1
205  Q.bird+F+R4   24620.383    58  49356.766    49362.250    49656.945
WARNING: Normalizing state frequencies so that sum of them equals to 1
213  Q.bird+F+I+R3 24624.633    57  49363.266    49368.560    49658.269
WARNING: Normalizing state frequencies so that sum of them equals to 1
214  Q.bird+F+I+R4 24616.572    59  49351.144    49356.822    49656.498
WARNING: Normalizing state frequencies so that sum of them equals to 1
224  Q.mammal+I+G4 24600.881    35  49271.762    49273.744    49452.904
WARNING: Normalizing state frequencies so that sum of them equals to 1
227  Q.mammal+R4   24594.362    39  49266.723    49269.186    49468.567
WARNING: Normalizing state frequencies so that sum of them equals to 1
235  Q.mammal+I+R3 24599.393    38  49274.786    49277.123    49471.454
WARNING: Normalizing state frequencies so that sum of them equals to 1
236  Q.mammal+I+R4 24592.819    40  49265.639    49268.230    49472.658
WARNING: Normalizing state frequencies so that sum of them equals to 1
246  Q.mammal+F+I+G4 24437.108    54  48982.216    48986.960    49261.692
WARNING: Normalizing state frequencies so that sum of them equals to 1
249  Q.mammal+F+R4 24431.695    58  48979.391    48984.875    49279.569
WARNING: Normalizing state frequencies so that sum of them equals to 1
257  Q.mammal+F+I+R3 24435.036    57  48984.072    48989.366    49279.075
WARNING: Normalizing state frequencies so that sum of them equals to 1
258  Q.mammal+F+I+R4 24429.764    59  48977.528    48983.206    49282.882
268  Q.insect+I+G4 24074.418    35  48218.837    48220.819    48399.979
271  Q.insect+R4   24064.097    39  48206.195    48208.657    48408.039
279  Q.insect+I+R3 24071.822    38  48219.644    48221.981    48416.312
280  Q.insect+I+R4 24063.153    40  48206.305    48208.896    48413.325
290  Q.insect+F+I+G4 23975.936    54  48059.872    48064.617    48339.349
293  Q.insect+F+R4 23964.637    58  48045.274    48050.758    48345.452
301  Q.insect+F+I+R3 23972.137    57  48058.275    48063.568    48353.278
302  Q.insect+F+I+R4 23963.905    59  48045.810    48051.488    48351.164
WARNING: Normalizing state frequencies so that sum of them equals to 1
312  Q.plant+I+G4  24340.471    35  48750.942    48752.925    48932.084
WARNING: Normalizing state frequencies so that sum of them equals to 1
315  Q.plant+R4    24325.244    39  48728.489    48730.951    48930.333
WARNING: Normalizing state frequencies so that sum of them equals to 1
323  Q.plant+I+R3  24334.475    38  48744.949    48747.287    48941.618
WARNING: Normalizing state frequencies so that sum of them equals to 1
324  Q.plant+I+R4  24323.697    40  48727.394    48729.984    48934.413
WARNING: Normalizing state frequencies so that sum of them equals to 1
334  Q.plant+F+I+G4 24227.067    54  48562.134    48566.879    48841.611
WARNING: Normalizing state frequencies so that sum of them equals to 1
337  Q.plant+F+R4  24210.620    58  48537.240    48542.724    48837.419
WARNING: Normalizing state frequencies so that sum of them equals to 1
345  Q.plant+F+I+R3 24218.759    57  48551.518    48556.812    48846.521
WARNING: Normalizing state frequencies so that sum of them equals to 1
346  Q.plant+F+I+R4 24209.237    59  48536.475    48542.153    48841.829
WARNING: Normalizing state frequencies so that sum of them equals to 1
356  Q.yeast+I+G4  24056.075    35  48182.151    48184.133    48363.293
WARNING: Normalizing state frequencies so that sum of them equals to 1
359  Q.yeast+R4    24042.024    39  48162.048    48164.510    48363.892
WARNING: Normalizing state frequencies so that sum of them equals to 1
367  Q.yeast+I+R3  24050.607    38  48177.215    48179.552    48373.883
WARNING: Normalizing state frequencies so that sum of them equals to 1
368  Q.yeast+I+R4  24040.887    40  48161.774    48164.364    48368.793
WARNING: Normalizing state frequencies so that sum of them equals to 1
378  Q.yeast+F+I+G4 23935.068    54  47978.136    47982.880    48257.612
WARNING: Normalizing state frequencies so that sum of them equals to 1
381  Q.yeast+F+R4  23920.655    58  47957.310    47962.794    48257.488
WARNING: Normalizing state frequencies so that sum of them equals to 1
389  Q.yeast+F+I+R3 23928.146    57  47970.292    47975.586    48265.295
WARNING: Normalizing state frequencies so that sum of them equals to 1
390  Q.yeast+F+I+R4 23919.941    59  47957.883    47963.560    48263.236
400  JTTDCMut+I+G4 24215.073    35  48500.146    48502.129    48681.288
403  JTTDCMut+R4   24205.608    39  48489.216    48491.679    48691.060
411  JTTDCMut+I+R3 24210.886    38  48497.772    48500.110    48694.441
412  JTTDCMut+I+R4 24203.238    40  48486.477    48489.068    48693.496
422  JTTDCMut+F+I+G4 24124.999    54  48357.998    48362.742    48637.474
425  JTTDCMut+F+R4 24115.072    58  48346.145    48351.629    48646.323
433  JTTDCMut+F+I+R3 24119.582    57  48353.163    48358.457    48648.166
434  JTTDCMut+F+I+R4 24113.282    59  48344.563    48350.241    48649.917
444  DCMut+I+G4    24276.740    35  48623.480    48625.463    48804.622
447  DCMut+R4      24270.534    39  48619.069    48621.531    48820.913
455  DCMut+I+R3    24275.139    38  48626.277    48628.615    48822.946
456  DCMut+I+R4    24267.083    40  48614.167    48616.758    48821.187
466  DCMut+F+I+G4  24192.656    54  48493.311    48498.056    48772.788
469  DCMut+F+R4    24184.652    58  48485.304    48490.788    48785.482
477  DCMut+F+I+R3  24189.551    57  48493.102    48498.396    48788.105
478  DCMut+F+I+R4  24182.875    59  48483.750    48489.428    48789.104
488  VT+I+G4       24100.093    35  48270.185    48272.168    48451.328
491  VT+R4         24092.094    39  48262.188    48264.651    48464.033
499  VT+I+R3       24094.068    38  48264.136    48266.474    48460.805
500  VT+I+R4       24091.150    40  48262.301    48264.892    48469.320
510  VT+F+I+G4     24066.964    54  48241.927    48246.672    48521.404
513  VT+F+R4       24058.550    58  48233.101    48238.585    48533.279
521  VT+F+I+R3     24060.111    57  48234.222    48239.516    48529.225
522  VT+F+I+R4     24057.861    59  48233.721    48239.399    48539.075
532  PMB+I+G4      24289.516    35  48649.031    48651.014    48830.174
535  PMB+R4        24283.255    39  48644.510    48646.973    48846.354
543  PMB+I+R3      24284.690    38  48645.379    48647.717    48842.048
544  PMB+I+R4      24283.147    40  48646.295    48648.885    48853.314
554  PMB+F+I+G4    24186.297    54  48480.594    48485.338    48760.070
557  PMB+F+R4      24179.185    58  48474.370    48479.854    48774.549
565  PMB+F+I+R3    24180.192    57  48474.383    48479.677    48769.386
566  PMB+F+I+R4    24179.100    59  48476.199    48481.877    48781.553
576  Blosum62+I+G4 24244.213    35  48558.426    48560.408    48739.568
579  Blosum62+R4   24236.222    39  48550.444    48552.907    48752.288
587  Blosum62+I+R3 24237.997    38  48551.995    48554.332    48748.663
588  Blosum62+I+R4 24235.754    40  48551.509    48554.100    48758.528
598  Blosum62+F+I+G4 24180.563    54  48469.127    48473.871    48748.603
601  Blosum62+F+R4 24171.676    58  48459.353    48464.837    48759.531
609  Blosum62+F+I+R3 24172.388    57  48458.775    48464.069    48753.778
610  Blosum62+F+I+R4 24170.982    59  48459.963    48465.641    48765.317
620  Dayhoff+I+G4  24276.844    35  48623.688    48625.671    48804.830
623  Dayhoff+R4    24270.586    39  48619.173    48621.635    48821.017
631  Dayhoff+I+R3  24275.234    38  48626.468    48628.806    48823.137
632  Dayhoff+I+R4  24267.089    40  48614.178    48616.768    48821.197
642  Dayhoff+F+I+G4 24192.882    54  48493.764    48498.508    48773.240
645  Dayhoff+F+R4  24184.818    58  48485.636    48491.120    48785.815
653  Dayhoff+F+I+R3 24189.783    57  48493.567    48498.860    48788.570
654  Dayhoff+F+I+R4 24183.015    59  48484.030    48489.707    48789.384
664  mtREV+I+G4    25423.435    35  50916.869    50918.852    51098.011
667  mtREV+R4      25416.582    39  50911.163    50913.626    51113.007
675  mtREV+I+R3    25427.387    38  50930.775    50933.112    51127.444
676  mtREV+I+R4    25409.431    40  50898.863    50901.454    51105.882
686  mtREV+F+I+G4  24445.908    54  48999.816    49004.560    49279.292
689  mtREV+F+R4    24424.066    58  48964.131    48969.615    49264.310
697  mtREV+F+I+R3  24430.827    57  48975.655    48980.949    49270.658
698  mtREV+F+I+R4  24422.034    59  48962.068    48967.746    49267.422
708  mtART+I+G4    25601.144    35  51272.289    51274.272    51453.431
711  mtART+R4      25601.507    39  51281.015    51283.477    51482.859
719  mtART+I+R3    25622.216    38  51320.432    51322.769    51517.100
720  mtART+I+R4    25591.878    40  51263.756    51266.347    51470.776
730  mtART+F+I+G4  24510.194    54  49128.388    49133.132    49407.864
733  mtART+F+R4    24489.843    58  49095.687    49101.171    49395.865
741  mtART+F+I+R3  24514.821    57  49143.641    49148.935    49438.644
742  mtART+F+I+R4  24485.600    59  49089.200    49094.878    49394.554
752  mtZOA+I+G4    25150.996    35  50371.992    50373.975    50553.134
755  mtZOA+R4      25149.652    39  50377.303    50379.766    50579.147
763  mtZOA+I+R3    25164.110    38  50404.220    50406.558    50600.889
764  mtZOA+I+R4    25142.572    40  50365.144    50367.735    50572.163
774  mtZOA+F+I+G4  24306.114    54  48720.227    48724.972    48999.704
777  mtZOA+F+R4    24283.974    58  48683.949    48689.433    48984.127
785  mtZOA+F+I+R3  24300.794    57  48715.588    48720.882    49010.591
786  mtZOA+F+I+R4  24281.396    59  48680.792    48686.469    48986.145
796  mtMet+I+G4    25508.397    35  51086.794    51088.776    51267.936
799  mtMet+R4      25506.952    39  51091.905    51094.367    51293.749
807  mtMet+I+R3    25517.209    38  51110.418    51112.756    51307.087
808  mtMet+I+R4    25501.105    40  51082.210    51084.801    51289.230
818  mtMet+F+I+G4  24448.455    54  49004.909    49009.653    49284.385
821  mtMet+F+R4    24430.912    58  48977.823    48983.307    49278.002
829  mtMet+F+I+R3  24444.009    57  49002.018    49007.312    49297.021
830  mtMet+F+I+R4  24427.378    59  48972.757    48978.434    49278.111
840  mtVer+I+G4    25684.879    35  51439.758    51441.741    51620.901
843  mtVer+R4      25685.444    39  51448.888    51451.351    51650.732
851  mtVer+I+R3    25701.557    38  51479.113    51481.451    51675.782
852  mtVer+I+R4    25677.836    40  51435.671    51438.262    51642.691
862  mtVer+F+I+G4  24785.072    54  49678.144    49682.888    49957.620
865  mtVer+F+R4    24766.903    58  49649.807    49655.291    49949.985
873  mtVer+F+I+R3  24781.783    57  49677.565    49682.859    49972.568
874  mtVer+F+I+R4  24763.988    59  49645.975    49651.653    49951.329
884  mtInv+I+G4    25658.102    35  51386.203    51388.186    51567.345
887  mtInv+R4      25656.006    39  51390.012    51392.474    51591.856
895  mtInv+I+R3    25661.654    38  51399.309    51401.646    51595.978
896  mtInv+I+R4    25652.019    40  51384.038    51386.629    51591.058
906  mtInv+F+I+G4  24275.634    54  48659.267    48664.012    48938.744
909  mtInv+F+R4    24258.394    58  48632.789    48638.273    48932.967
917  mtInv+F+I+R3  24267.817    57  48649.633    48654.927    48944.636
918  mtInv+F+I+R4  24256.725    59  48631.451    48637.128    48936.805
928  mtMAM+I+G4    25936.000    35  51942.000    51943.983    52123.142
931  mtMAM+R4      25939.718    39  51957.436    51959.899    52159.280
939  mtMAM+I+R3    25967.976    38  52011.951    52014.289    52208.620
940  mtMAM+I+R4    25928.636    40  51937.272    51939.863    52144.292
950  mtMAM+F+I+G4  24946.170    54  50000.341    50005.085    50279.817
953  mtMAM+F+R4    24929.377    58  49974.754    49980.238    50274.932
961  mtMAM+F+I+R3  24953.712    57  50021.424    50026.718    50316.427
962  mtMAM+F+I+R4  24923.245    59  49964.490    49970.168    50269.844
WARNING: Normalizing state frequencies so that sum of them equals to 1
972  FLAVI+I+G4    25364.412    35  50798.824    50800.807    50979.966
WARNING: Normalizing state frequencies so that sum of them equals to 1
975  FLAVI+R4      25359.223    39  50796.446    50798.908    50998.290
WARNING: Normalizing state frequencies so that sum of them equals to 1
983  FLAVI+I+R3    25367.466    38  50810.933    50813.270    51007.601
WARNING: Normalizing state frequencies so that sum of them equals to 1
984  FLAVI+I+R4    25354.789    40  50789.577    50792.168    50996.597
WARNING: Normalizing state frequencies so that sum of them equals to 1
994  FLAVI+F+I+G4  25074.892    54  50257.784    50262.529    50537.261
WARNING: Normalizing state frequencies so that sum of them equals to 1
997  FLAVI+F+R4    25068.246    58  50252.491    50257.975    50552.670
WARNING: Normalizing state frequencies so that sum of them equals to 1
1005  FLAVI+F+I+R3  25077.839    57  50269.677    50274.971    50564.680
WARNING: Normalizing state frequencies so that sum of them equals to 1
1006  FLAVI+F+I+R4  25063.267    59  50244.534    50250.212    50549.888
1016  HIVb+I+G4     24909.973    35  49889.946    49891.929    50071.088
1019  HIVb+R4       24897.241    39  49872.482    49874.945    50074.326
1027  HIVb+I+R3     24901.706    38  49879.412    49881.750    50076.081
1028  HIVb+I+R4     24891.821    40  49863.641    49866.232    50070.661
1038  HIVb+F+I+G4   24670.023    54  49448.047    49452.791    49727.523
1041  HIVb+F+R4     24658.731    58  49433.462    49438.946    49733.640
1049  HIVb+F+I+R3   24664.383    57  49442.767    49448.061    49737.770
1050  HIVb+F+I+R4   24652.960    59  49423.920    49429.597    49729.273
1060  HIVw+I+G4     25940.896    35  51951.792    51953.775    52132.934
1063  HIVw+R4       25925.239    39  51928.478    51930.941    52130.323
1071  HIVw+I+R3     25928.969    38  51933.938    51936.275    52130.606
1072  HIVw+I+R4     25918.025    40  51916.049    51918.640    52123.069
1082  HIVw+F+I+G4   25373.839    54  50855.678    50860.423    51135.155
1085  HIVw+F+R4     25365.422    58  50846.845    50852.329    51147.023
1093  HIVw+F+I+R3   25365.846    57  50845.692    50850.986    51140.695
1094  HIVw+F+I+R4   25357.121    59  50832.242    50837.920    51137.596
1104  FLU+I+G4      24821.992    35  49713.983    49715.966    49895.125
1107  FLU+R4        24806.693    39  49691.386    49693.849    49893.230
1115  FLU+I+R3      24813.157    38  49702.313    49704.651    49898.982
1116  FLU+I+R4      24803.283    40  49686.566    49689.157    49893.586
1126  FLU+F+I+G4    24551.625    54  49211.251    49215.995    49490.727
1129  FLU+F+R4      24538.287    58  49192.574    49198.058    49492.752
1137  FLU+F+I+R3    24543.312    57  49200.623    49205.917    49495.626
1138  FLU+F+I+R4    24535.468    59  49188.935    49194.613    49494.289
1148  rtREV+I+G4    24176.630    35  48423.260    48425.243    48604.402
1151  rtREV+R4      24163.166    39  48404.332    48406.795    48606.176
1159  rtREV+I+R3    24170.768    38  48417.536    48419.873    48614.204
1160  rtREV+I+R4    24162.797    40  48405.594    48408.184    48612.613
1170  rtREV+F+I+G4  24023.469    54  48154.939    48159.683    48434.415
1173  rtREV+F+R4    24008.268    58  48132.536    48138.020    48432.714
1181  rtREV+F+I+R3  24014.646    57  48143.292    48148.586    48438.295
1182  rtREV+F+I+R4  24008.201    59  48134.402    48140.080    48439.756
1192  cpREV+I+G4    24335.757    35  48741.514    48743.496    48922.656
1195  cpREV+R4      24321.899    39  48721.799    48724.261    48923.643
1203  cpREV+I+R3    24326.029    38  48728.058    48730.395    48924.726
1204  cpREV+I+R4    24319.200    40  48718.399    48720.990    48925.419
1214  cpREV+F+I+G4  24187.706    54  48483.412    48488.156    48762.888
1217  cpREV+F+R4    24173.647    58  48463.294    48468.778    48763.472
1225  cpREV+F+I+R3  24175.774    57  48465.547    48470.841    48760.550
1226  cpREV+F+I+R4  24170.639    59  48459.279    48464.956    48764.633
Akaike Information Criterion:           Q.yeast+F+R4
Corrected Akaike Information Criterion: Q.yeast+F+R4
Bayesian Information Criterion:         Q.yeast+F+R4
Best-fit model: Q.yeast+F+R4 chosen according to BIC

All model information printed to FungalCW_tree_20231129/48708at4751.aa.mfa.model.gz
CPU time for ModelFinder: 792.523 seconds (0h:13m:12s)
Wall-clock time for ModelFinder: 401.278 seconds (0h:6m:41s)
Generating 1000 samples for ultrafast bootstrap (seed: 349006)...
WARNING: Normalizing state frequencies so that sum of them equals to 1

NOTE: 16 MB RAM (0 GB) is required!
Estimate model parameters (epsilon = 0.100)
1. Initial log-likelihood: -23920.655
Optimal log-likelihood: -23920.642
Site proportion and rates:  (0.246,0.036) (0.317,0.465) (0.330,1.317) (0.106,3.841)
Parameters optimization took 1 rounds (0.334 sec)
Wrote distance file to... 
Computing ML distances based on estimated model parameters...
Calculating distance matrix: done in 0.0341351 secs using 197.3% CPU
Computing ML distances took 0.034499 sec (of wall-clock time) 0.068040 sec (of CPU time)
Setting up auxiliary I and S matrices: done in 0.00011301 secs using 99.99% CPU
Constructing RapidNJ tree: done in 0.000406027 secs
Computing RapidNJ tree took 0.000662 sec (of wall-clock time) 0.000232 sec (of CPU time)
Log-likelihood of RapidNJ tree: -23944.650
--------------------------------------------------------------------
|             INITIALIZING CANDIDATE TREE SET                      |
--------------------------------------------------------------------
Generating 98 parsimony trees... 0.611 second
Computing log-likelihood of 98 initial trees ... 3.976 seconds
Current best score: -23920.642

Do NNI search on 20 best initial trees
Optimizing NNI: done in 0.193926 secs using 197.5% CPU
Estimate model parameters (epsilon = 0.100)
BETTER TREE FOUND at iteration 1: -23920.634
Optimizing NNI: done in 0.424138 secs using 197.4% CPU
Optimizing NNI: done in 0.384111 secs using 197.7% CPU
Optimizing NNI: done in 0.495889 secs using 196.6% CPU
Optimizing NNI: done in 0.511946 secs using 197.7% CPU
Optimizing NNI: done in 0.48067 secs using 197.4% CPU
Optimizing NNI: done in 0.537094 secs using 197.3% CPU
Optimizing NNI: done in 0.574618 secs using 197.4% CPU
Optimizing NNI: done in 0.741495 secs using 197.4% CPU
Optimizing NNI: done in 0.426926 secs using 198% CPU
Iteration 10 / LogL: -23927.601 / Time: 0h:0m:10s
Optimizing NNI: done in 0.717811 secs using 197.5% CPU
Optimizing NNI: done in 0.637365 secs using 197.6% CPU
Optimizing NNI: done in 0.807504 secs using 197.1% CPU
Optimizing NNI: done in 0.675835 secs using 197.4% CPU
Optimizing NNI: done in 0.519942 secs using 197.7% CPU
Optimizing NNI: done in 0.723434 secs using 197.8% CPU
Optimizing NNI: done in 0.529065 secs using 197.3% CPU
Optimizing NNI: done in 0.608372 secs using 197.3% CPU
Optimizing NNI: done in 0.422776 secs using 197.6% CPU
Optimizing NNI: done in 0.526977 secs using 197.2% CPU
Iteration 20 / LogL: -23922.842 / Time: 0h:0m:16s
Finish initializing candidate tree set (1)
Current best tree score: -23920.634 / CPU time: 16.051
Number of iterations: 20
--------------------------------------------------------------------
|               OPTIMIZING CANDIDATE TREE SET                      |
--------------------------------------------------------------------
Optimizing NNI: done in 0.553215 secs using 197.2% CPU
Optimizing NNI: done in 0.64436 secs using 197.6% CPU
Optimizing NNI: done in 0.44202 secs using 197.6% CPU
Optimizing NNI: done in 0.420209 secs using 197.6% CPU
Optimizing NNI: done in 0.997171 secs using 197.4% CPU
Optimizing NNI: done in 0.389913 secs using 197.7% CPU
Optimizing NNI: done in 0.57545 secs using 197.5% CPU
Optimizing NNI: done in 0.742876 secs using 197.3% CPU
Optimizing NNI: done in 0.388058 secs using 197.6% CPU
Optimizing NNI: done in 0.705508 secs using 197.7% CPU
Iteration 30 / LogL: -23921.905 / Time: 0h:0m:22s (0h:0m:55s left)
Optimizing NNI: done in 0.481366 secs using 197.7% CPU
Optimizing NNI: done in 0.647819 secs using 197% CPU
Optimizing NNI: done in 0.671675 secs using 197.4% CPU
Optimizing NNI: done in 0.760601 secs using 196.1% CPU
Optimizing NNI: done in 0.505107 secs using 196.4% CPU
Optimizing NNI: done in 0.537253 secs using 197.5% CPU
Optimizing NNI: done in 0.526306 secs using 197.2% CPU
Optimizing NNI: done in 0.356527 secs using 197.6% CPU
Optimizing NNI: done in 0.70133 secs using 197.4% CPU
Optimizing NNI: done in 0.46961 secs using 197.5% CPU
Iteration 40 / LogL: -23920.722 / Time: 0h:0m:28s (0h:0m:44s left)
Optimizing NNI: done in 0.547218 secs using 197.1% CPU
Optimizing NNI: done in 0.729109 secs using 197.2% CPU
Optimizing NNI: done in 0.664984 secs using 197.5% CPU
Optimizing NNI: done in 0.551232 secs using 197.5% CPU
Optimizing NNI: done in 0.736469 secs using 196.9% CPU
Optimizing NNI: done in 0.565529 secs using 197.7% CPU
Optimizing NNI: done in 0.483019 secs using 197.2% CPU
Optimizing NNI: done in 0.47378 secs using 197.9% CPU
Optimizing NNI: done in 0.410278 secs using 197.1% CPU
Optimizing NNI: done in 0.641659 secs using 197.7% CPU
Iteration 50 / LogL: -23920.644 / Time: 0h:0m:34s (0h:0m:36s left)
Log-likelihood cutoff on original alignment: -23968.618
Optimizing NNI: done in 0.661907 secs using 197.4% CPU
Optimizing NNI: done in 0.370343 secs using 197.6% CPU
Optimizing NNI: done in 0.613354 secs using 196.8% CPU
Optimizing NNI: done in 0.765533 secs using 197.2% CPU
Optimizing NNI: done in 1.23353 secs using 197.4% CPU
Optimizing NNI: done in 0.618582 secs using 197.2% CPU
Optimizing NNI: done in 0.519592 secs using 197.8% CPU
Optimizing NNI: done in 0.51866 secs using 197.3% CPU
Optimizing NNI: done in 0.649178 secs using 196.7% CPU
Optimizing NNI: done in 0.62283 secs using 197.1% CPU
Iteration 60 / LogL: -23921.195 / Time: 0h:0m:41s (0h:0m:28s left)
Optimizing NNI: done in 0.632574 secs using 197.5% CPU
Optimizing NNI: done in 0.648827 secs using 197% CPU
Optimizing NNI: done in 0.619658 secs using 196.9% CPU
Optimizing NNI: done in 0.510561 secs using 196.7% CPU
Optimizing NNI: done in 0.514733 secs using 197.8% CPU
Optimizing NNI: done in 0.629871 secs using 197.5% CPU
Optimizing NNI: done in 0.683476 secs using 197.9% CPU
Optimizing NNI: done in 0.39489 secs using 197.1% CPU
Optimizing NNI: done in 0.49715 secs using 197.7% CPU
Optimizing NNI: done in 0.693898 secs using 197.2% CPU
Iteration 70 / LogL: -23921.145 / Time: 0h:0m:47s (0h:0m:21s left)
Optimizing NNI: done in 1.01802 secs using 197.5% CPU
Optimizing NNI: done in 0.567225 secs using 197.2% CPU
Optimizing NNI: done in 0.473723 secs using 197.9% CPU
Optimizing NNI: done in 0.377668 secs using 197.6% CPU
Optimizing NNI: done in 0.555561 secs using 197.6% CPU
Optimizing NNI: done in 0.725963 secs using 197.8% CPU
Optimizing NNI: done in 0.290981 secs using 197.8% CPU
UPDATE BEST LOG-LIKELIHOOD: -23920.634
Optimizing NNI: done in 0.827661 secs using 197.3% CPU
Optimizing NNI: done in 0.523012 secs using 197% CPU
Optimizing NNI: done in 0.534658 secs using 197.2% CPU
Iteration 80 / LogL: -23920.819 / Time: 0h:0m:53s (0h:0m:14s left)
Optimizing NNI: done in 0.455908 secs using 197.3% CPU
Optimizing NNI: done in 0.365673 secs using 197.1% CPU
Optimizing NNI: done in 0.468529 secs using 196% CPU
Optimizing NNI: done in 0.459187 secs using 197.9% CPU
Optimizing NNI: done in 0.563867 secs using 197.4% CPU
Optimizing NNI: done in 0.588913 secs using 197.6% CPU
Optimizing NNI: done in 0.556305 secs using 197.5% CPU
Optimizing NNI: done in 0.560437 secs using 197.7% CPU
Optimizing NNI: done in 0.610588 secs using 197.5% CPU
Optimizing NNI: done in 0.564262 secs using 197.3% CPU
Iteration 90 / LogL: -23920.811 / Time: 0h:0m:58s (0h:0m:7s left)
Optimizing NNI: done in 0.65888 secs using 197.6% CPU
Optimizing NNI: done in 0.513638 secs using 197.5% CPU
Optimizing NNI: done in 0.665188 secs using 197.3% CPU
Optimizing NNI: done in 0.535513 secs using 197.7% CPU
Optimizing NNI: done in 0.656305 secs using 197.3% CPU
Optimizing NNI: done in 0.636199 secs using 197.6% CPU
Optimizing NNI: done in 0.549965 secs using 197.9% CPU
Optimizing NNI: done in 0.790933 secs using 197.6% CPU
Optimizing NNI: done in 0.540649 secs using 197.8% CPU
Optimizing NNI: done in 0.418394 secs using 197.5% CPU
Iteration 100 / LogL: -23920.677 / Time: 0h:1m:5s (0h:0m:0s left)
Log-likelihood cutoff on original alignment: -23968.618
NOTE: Bootstrap correlation coefficient of split occurrence frequencies: 1.000
Optimizing NNI: done in 0.698841 secs using 197.7% CPU
Optimizing NNI: done in 0.64906 secs using 197.8% CPU
TREE SEARCH COMPLETED AFTER 102 ITERATIONS / Time: 0h:1m:6s

--------------------------------------------------------------------
|                    FINALIZING TREE SEARCH                        |
--------------------------------------------------------------------
Performs final model parameters optimization
Estimate model parameters (epsilon = 0.010)
1. Initial log-likelihood: -23920.634
Optimal log-likelihood: -23920.630
Site proportion and rates:  (0.247,0.036) (0.319,0.469) (0.328,1.323) (0.106,3.848)
Parameters optimization took 1 rounds (0.337 sec)
BEST SCORE FOUND : -23920.630

Testing tree branches by SH-like aLRT with 1000 replicates...
0.426 sec.
Creating bootstrap support values...
Split supports printed to NEXUS file FungalCW_tree_20231129/48708at4751.aa.mfa.splits.nex
Total tree length: 7.625

Total number of iterations: 102
CPU time used for tree search: 129.549 sec (0h:2m:9s)
Wall-clock time used for tree search: 65.924 sec (0h:1m:5s)
Total CPU time used: 132.580 sec (0h:2m:12s)
Total wall-clock time used: 67.516 sec (0h:1m:7s)

Computing bootstrap consensus tree...
Reading input file FungalCW_tree_20231129/48708at4751.aa.mfa.splits.nex...
18 taxa and 51 splits.
Consensus tree written to FungalCW_tree_20231129/48708at4751.aa.mfa.contree
Reading input trees file FungalCW_tree_20231129/48708at4751.aa.mfa.contree
Log-likelihood of consensus tree: -23920.630

Analysis results written to: 
  IQ-TREE report:                FungalCW_tree_20231129/48708at4751.aa.mfa.iqtree
  Maximum-likelihood tree:       FungalCW_tree_20231129/48708at4751.aa.mfa.treefile
  Likelihood distances:          FungalCW_tree_20231129/48708at4751.aa.mfa.mldist

Ultrafast bootstrap approximation results written to:
  Split support values:          FungalCW_tree_20231129/48708at4751.aa.mfa.splits.nex
  Consensus tree:                FungalCW_tree_20231129/48708at4751.aa.mfa.contree
  Screen log file:               FungalCW_tree_20231129/48708at4751.aa.mfa.log

Date and Time: Wed Nov 29 01:51:35 2023
