IQ-TREE multicore version 2.2.2.6 COVID-edition for Linux 64-bit built May 27 2023
Developed by Bui Quang Minh, James Barbetti, Nguyen Lam Tung,
Olga Chernomor, Heiko Schmidt, Dominik Schrempf, Michael Woodhams, Ly Trong Nhan.

Host:    i29 (AVX2, FMA3, 503 GB RAM)
Command: iqtree2 -s FungalCW_tree_20231129/488348at4751.aa.mfa -gz -B 1000 -alrt 1000 -nt 2
Seed:    432565 (Using SPRNG - Scalable Parallel Random Number Generator)
Time:    Wed Nov 29 01:43:46 2023
Kernel:  AVX+FMA - 2 threads (2 CPU cores detected)

Reading alignment file FungalCW_tree_20231129/488348at4751.aa.mfa ... Fasta format detected
Reading fasta file: done in 0.000173092 secs using 39.86% CPU
Alignment most likely contains protein sequences
Constructing alignment: done in 0.000752926 secs using 127.9% CPU
Alignment has 17 sequences with 288 columns, 274 distinct patterns
179 parsimony-informative, 75 singleton sites, 34 constant sites
                                                               Gap/Ambiguity  Composition  p-value
Analyzing sequences: done in 2.31266e-05 secs using 125.4% CPU
   1  Basidiobolus_meristosporus_CBS_931.73.Basme2finSC.v1            11.11%    passed     85.07%
   2  Botrytis_cinerea_T4                                             35.07%    passed     94.28%
   3  Capillidium_pumilum_ARSEF_79                                    68.75%    failed      0.13%
   4  Colletotrichum_graminicola_M1.001                               21.18%    passed     93.36%
   5  Colletotrichum_higginsianum_IMI_349063                          21.18%    passed     90.76%
   6  Fusarium_verticillioides_7600                                   28.12%    passed     47.49%
   7  Gilbertella_persicaria_var_persicaria_CBS_190.32-T.Gilper1.v1   30.21%    passed     96.23%
   8  Mortierella_elongata_AG-77                                      16.67%    passed     90.94%
   9  Mucor_mucedo_NRRL_3635                                          23.96%    passed     62.38%
  10  Neoconidiobolus_thromboides_FSU_785.Conth1.v1                   19.44%    passed     95.50%
  11  Phycomyces_blakesleeanus_NRRL_1555.Phybl2.v2                    40.62%    passed     98.98%
  12  Rhizopus_stolonifer_NRRL_66455                                  28.12%    passed     99.66%
  13  Trichoderma_harzianum_CBS_226.95                                30.56%    passed     88.17%
  14  Umbelopsis_ramanniana_NRRL_5844.Umbra1.v1                       54.51%    failed      0.00%
  15  Ustilago_maydis                                                 26.74%    passed     70.95%
  16  Zoophthora_radicans_ATCC_208865                                 13.89%    passed     92.54%
  17  Zymoseptoria_tritici_IP0323                                     33.68%    failed      4.78%
WARNING: 2 sequences contain more than 50% gaps/ambiguity
****  TOTAL                                                           29.64%  3 sequences failed composition chi2 test (p-value<5%; df=19)
Checking for duplicate sequences: done in 9.70364e-05 secs using 107.2% CPU


Create initial parsimony tree by phylogenetic likelihood library (PLL)... 0.003 seconds
Perform fast likelihood tree search using LG+I+G model...
Estimate model parameters (epsilon = 5.000)
Perform nearest neighbor interchange...
Optimizing NNI: done in 0.220538 secs using 197.4% CPU
Estimate model parameters (epsilon = 1.000)
1. Initial log-likelihood: -6741.217
Optimal log-likelihood: -6740.687
Proportion of invariable sites: 0.078
Gamma shape alpha: 1.163
Parameters optimization took 1 rounds (0.061 sec)
Time for fast ML tree search: 0.405 seconds

NOTE: ModelFinder requires 8 MB RAM!
ModelFinder will test up to 1232 protein models (sample size: 288) ...
 No. Model         -LnL         df  AIC          AICc         BIC
  1  LG            7152.524     31  14367.048    14374.798    14480.599
  2  LG+I          6984.484     32  14032.968    14041.251    14150.183
  3  LG+G4         6749.805     32  13563.610    13571.892    13680.825
  4  LG+I+G4       6740.660     33  13547.319    13556.154    13668.197
  5  LG+R2         6735.480     33  13536.959    13545.794    13657.837
  6  LG+R3         6716.076     35  13502.151    13512.151    13630.355
  7  LG+R4         6715.866     37  13505.732    13516.980    13641.262
 14  LG+I+R2       6720.252     34  13508.504    13517.911    13633.045
 15  LG+I+R3       6718.981     36  13509.962    13520.576    13641.829
 28  LG+F+R3       5981.592     54  12071.183    12096.677    12268.983
 36  LG+F+I+R2     5994.898     53  12095.796    12120.258    12289.933
 50  WAG+R3        6671.112     35  13412.224    13422.224    13540.428
 58  WAG+I+R2      6675.692     34  13419.383    13428.790    13543.924
 72  WAG+F+R3      5984.256     54  12076.512    12102.006    12274.312
 80  WAG+F+I+R2    5997.158     53  12100.315    12124.777    12294.452
 94  JTT+R3        6635.669     35  13341.339    13351.339    13469.543
102  JTT+I+R2      6638.063     34  13344.127    13353.534    13468.668
116  JTT+F+R3      5998.891     54  12105.782    12131.275    12303.582
124  JTT+F+I+R2    6010.309     53  12126.617    12151.079    12320.754
WARNING: Normalizing state frequencies so that sum of them equals to 1
138  Q.pfam+R3     6689.448     35  13448.897    13458.897    13577.100
WARNING: Normalizing state frequencies so that sum of them equals to 1
146  Q.pfam+I+R2   6692.137     34  13452.273    13461.680    13576.814
WARNING: Normalizing state frequencies so that sum of them equals to 1
160  Q.pfam+F+R3   5974.598     54  12057.195    12082.689    12254.995
WARNING: Normalizing state frequencies so that sum of them equals to 1
168  Q.pfam+F+I+R2 5985.705     53  12077.410    12101.872    12271.547
WARNING: Normalizing state frequencies so that sum of them equals to 1
182  Q.bird+R3     6787.651     35  13645.301    13655.301    13773.505
WARNING: Normalizing state frequencies so that sum of them equals to 1
190  Q.bird+I+R2   6791.448     34  13650.896    13660.303    13775.436
WARNING: Normalizing state frequencies so that sum of them equals to 1
204  Q.bird+F+R3   6015.195     54  12138.391    12163.884    12336.191
WARNING: Normalizing state frequencies so that sum of them equals to 1
212  Q.bird+F+I+R2 6068.850     53  12243.700    12268.162    12437.837
WARNING: Normalizing state frequencies so that sum of them equals to 1
226  Q.mammal+R3   6787.524     35  13645.049    13655.049    13773.252
WARNING: Normalizing state frequencies so that sum of them equals to 1
234  Q.mammal+I+R2 6790.477     34  13648.954    13658.361    13773.494
WARNING: Normalizing state frequencies so that sum of them equals to 1
248  Q.mammal+F+R3 5995.975     54  12099.949    12125.443    12297.749
WARNING: Normalizing state frequencies so that sum of them equals to 1
256  Q.mammal+F+I+R2 6040.097     53  12186.194    12210.655    12380.331
270  Q.insect+R3   6853.521     35  13777.043    13787.043    13905.246
278  Q.insect+I+R2 6855.612     34  13779.225    13788.632    13903.765
292  Q.insect+F+R3 5968.072     54  12044.145    12069.638    12241.945
300  Q.insect+F+I+R2 5977.972     53  12061.943    12086.405    12256.080
WARNING: Normalizing state frequencies so that sum of them equals to 1
314  Q.plant+R3    6801.762     35  13673.524    13683.524    13801.727
WARNING: Normalizing state frequencies so that sum of them equals to 1
322  Q.plant+I+R2  6806.246     34  13680.492    13689.899    13805.032
WARNING: Normalizing state frequencies so that sum of them equals to 1
336  Q.plant+F+R3  5987.500     54  12083.000    12108.494    12280.800
WARNING: Normalizing state frequencies so that sum of them equals to 1
344  Q.plant+F+I+R2 6048.028     53  12202.055    12226.517    12396.192
WARNING: Normalizing state frequencies so that sum of them equals to 1
358  Q.yeast+R3    6921.950     35  13913.901    13923.901    14042.104
WARNING: Normalizing state frequencies so that sum of them equals to 1
366  Q.yeast+I+R2  6924.026     34  13916.052    13925.459    14040.592
WARNING: Normalizing state frequencies so that sum of them equals to 1
380  Q.yeast+F+R3  5982.812     54  12073.624    12099.118    12271.424
WARNING: Normalizing state frequencies so that sum of them equals to 1
388  Q.yeast+F+I+R2 5995.171     53  12096.342    12120.804    12290.479
402  JTTDCMut+R3   6645.895     35  13361.790    13371.790    13489.993
410  JTTDCMut+I+R2 6648.490     34  13364.979    13374.386    13489.520
424  JTTDCMut+F+R3 6001.135     54  12110.271    12135.764    12308.071
432  JTTDCMut+F+I+R2 6012.801     53  12131.603    12156.064    12325.740
446  DCMut+R3      6646.525     35  13363.051    13373.051    13491.254
454  DCMut+I+R2    6652.038     34  13372.075    13381.482    13496.616
468  DCMut+F+R3    5985.329     54  12078.659    12104.152    12276.459
476  DCMut+F+I+R2  5999.344     53  12104.688    12129.150    12298.825
490  VT+R3         6649.769     35  13369.538    13379.538    13497.742
498  VT+I+R2       6652.030     34  13372.060    13381.468    13496.601
512  VT+F+R3       5962.974     54  12033.949    12059.442    12231.749
520  VT+F+I+R2     5972.502     53  12051.004    12075.466    12245.141
534  PMB+R3        6553.508     35  13177.017    13187.017    13305.220
542  PMB+I+R2      6555.659     34  13179.318    13188.725    13303.859
556  PMB+F+R3      5930.213     54  11968.426    11993.920    12166.226
564  PMB+F+I+R2    5935.981     53  11977.962    12002.424    12172.099
578  Blosum62+R3   6621.312     35  13312.624    13322.624    13440.827
586  Blosum62+I+R2 6624.365     34  13316.730    13326.137    13441.271
600  Blosum62+F+R3 5954.017     54  12016.035    12041.528    12213.835
608  Blosum62+F+I+R2 5962.523     53  12031.046    12055.508    12225.183
622  Dayhoff+R3    6648.299     35  13366.598    13376.598    13494.802
630  Dayhoff+I+R2  6653.854     34  13375.709    13385.116    13500.249
644  Dayhoff+F+R3  5986.052     54  12080.105    12105.598    12277.904
652  Dayhoff+F+I+R2 6001.357     53  12108.714    12133.175    12302.851
666  mtREV+R3      6902.632     35  13875.263    13885.263    14003.467
674  mtREV+I+R2    6910.404     34  13888.807    13898.214    14013.348
688  mtREV+F+R3    5994.828     54  12097.656    12123.149    12295.456
696  mtREV+F+I+R2  6035.584     53  12177.169    12201.631    12371.306
710  mtART+R3      6870.234     35  13810.469    13820.469    13938.672
718  mtART+I+R2    6882.326     34  13832.652    13842.059    13957.192
732  mtART+F+R3    5996.667     54  12101.334    12126.828    12299.134
740  mtART+F+I+R2  6037.257     53  12180.515    12204.976    12374.651
754  mtZOA+R3      6708.367     35  13486.734    13496.734    13614.937
762  mtZOA+I+R2    6720.691     34  13509.381    13518.788    13633.922
776  mtZOA+F+R3    5973.436     54  12054.873    12080.366    12252.673
784  mtZOA+F+I+R2  6011.266     53  12128.531    12152.993    12322.668
798  mtMet+R3      6966.029     35  14002.058    14012.058    14130.262
806  mtMet+I+R2    6968.176     34  14004.352    14013.759    14128.892
820  mtMet+F+R3    5984.062     54  12076.124    12101.618    12273.924
828  mtMet+F+I+R2  6032.117     53  12170.235    12194.696    12364.371
842  mtVer+R3      6982.309     35  14034.617    14044.617    14162.821
850  mtVer+I+R2    6984.847     34  14037.694    14047.102    14162.235
864  mtVer+F+R3    6031.561     54  12171.123    12196.616    12368.923
872  mtVer+F+I+R2  6076.725     53  12259.450    12283.912    12453.587
886  mtInv+R3      7020.640     35  14111.280    14121.280    14239.484
894  mtInv+I+R2    7023.545     34  14115.091    14124.498    14239.631
908  mtInv+F+R3    5949.591     54  12007.182    12032.676    12204.982
916  mtInv+F+I+R2  5992.479     53  12090.959    12115.420    12285.096
930  mtMAM+R3      6977.590     35  14025.179    14035.179    14153.383
938  mtMAM+I+R2    6990.137     34  14048.274    14057.681    14172.814
952  mtMAM+F+R3    6030.201     54  12168.402    12193.896    12366.202
960  mtMAM+F+I+R2  6096.378     53  12298.757    12323.218    12492.894
WARNING: Normalizing state frequencies so that sum of them equals to 1
974  FLAVI+R3      6879.587     35  13829.175    13839.175    13957.378
WARNING: Normalizing state frequencies so that sum of them equals to 1
982  FLAVI+I+R2    6881.049     34  13830.098    13839.505    13954.638
WARNING: Normalizing state frequencies so that sum of them equals to 1
996  FLAVI+F+R3    6122.280     54  12352.560    12378.054    12550.360
WARNING: Normalizing state frequencies so that sum of them equals to 1
1004  FLAVI+F+I+R2  6158.252     53  12422.505    12446.966    12616.642
1018  HIVb+R3       6900.591     35  13871.182    13881.182    13999.386
1026  HIVb+I+R2     6906.264     34  13880.528    13889.935    14005.069
1040  HIVb+F+R3     6062.040     54  12232.080    12257.573    12429.880
1048  HIVb+F+I+R2   6102.477     53  12310.953    12335.415    12505.090
1062  HIVw+R3       7130.977     35  14331.954    14341.954    14460.157
1070  HIVw+I+R2     7139.073     34  14346.145    14355.553    14470.686
1084  HIVw+F+R3     6175.211     54  12458.423    12483.916    12656.223
1092  HIVw+F+I+R2   6211.790     53  12529.580    12554.042    12723.717
1106  FLU+R3        6895.317     35  13860.633    13870.633    13988.837
1114  FLU+I+R2      6899.389     34  13866.778    13876.185    13991.319
1128  FLU+F+R3      6046.868     54  12201.736    12227.229    12399.536
1136  FLU+F+I+R2    6085.573     53  12277.147    12301.608    12471.283
1150  rtREV+R3      6750.298     35  13570.595    13580.595    13698.799
1158  rtREV+I+R2    6756.700     34  13581.401    13590.808    13705.941
1172  rtREV+F+R3    5971.684     54  12051.367    12076.861    12249.167
1180  rtREV+F+I+R2  6009.527     53  12125.055    12149.516    12319.192
1194  cpREV+R3      6700.654     35  13471.307    13481.307    13599.511
1202  cpREV+I+R2    6705.183     34  13478.367    13487.774    13602.907
1216  cpREV+F+R3    6013.649     54  12135.298    12160.791    12333.098
1224  cpREV+F+I+R2  6030.887     53  12167.774    12192.235    12361.910
Akaike Information Criterion:           PMB+F+R3
Corrected Akaike Information Criterion: PMB+F+R3
Bayesian Information Criterion:         PMB+F+R3
Best-fit model: PMB+F+R3 chosen according to BIC

All model information printed to FungalCW_tree_20231129/488348at4751.aa.mfa.model.gz
CPU time for ModelFinder: 49.417 seconds (0h:0m:49s)
Wall-clock time for ModelFinder: 25.091 seconds (0h:0m:25s)
Generating 1000 samples for ultrafast bootstrap (seed: 432565)...

NOTE: 3 MB RAM (0 GB) is required!
Estimate model parameters (epsilon = 0.100)
1. Initial log-likelihood: -5930.213
Optimal log-likelihood: -5930.205
Site proportion and rates:  (0.179,0.043) (0.258,0.321) (0.563,1.615)
Parameters optimization took 1 rounds (0.054 sec)
Wrote distance file to... 
Computing ML distances based on estimated model parameters...
Calculating distance matrix: done in 0.0278521 secs using 198% CPU
Computing ML distances took 0.028072 sec (of wall-clock time) 0.055578 sec (of CPU time)
Setting up auxiliary I and S matrices: done in 5.79357e-05 secs using 196.8% CPU
Constructing RapidNJ tree: done in 0.000304222 secs
Computing RapidNJ tree took 0.000497 sec (of wall-clock time) 0.000135 sec (of CPU time)
Log-likelihood of RapidNJ tree: -5936.629
--------------------------------------------------------------------
|             INITIALIZING CANDIDATE TREE SET                      |
--------------------------------------------------------------------
Generating 98 parsimony trees... 0.286 second
Computing log-likelihood of 98 initial trees ... 0.756 seconds
Current best score: -5930.205

Do NNI search on 20 best initial trees
Optimizing NNI: done in 0.108074 secs using 197.6% CPU
Estimate model parameters (epsilon = 0.100)
BETTER TREE FOUND at iteration 1: -5918.134
Optimizing NNI: done in 0.170078 secs using 198.4% CPU
Estimate model parameters (epsilon = 0.100)
BETTER TREE FOUND at iteration 2: -5916.605
Optimizing NNI: done in 0.13006 secs using 196.2% CPU
Optimizing NNI: done in 0.13746 secs using 196.3% CPU
Optimizing NNI: done in 0.122039 secs using 198.5% CPU
Optimizing NNI: done in 0.1348 secs using 197% CPU
Estimate model parameters (epsilon = 0.100)
BETTER TREE FOUND at iteration 6: -5915.473
Optimizing NNI: done in 0.136637 secs using 198% CPU
Optimizing NNI: done in 0.14826 secs using 198.8% CPU
Optimizing NNI: done in 0.305546 secs using 197.1% CPU
Optimizing NNI: done in 0.132085 secs using 198.3% CPU
Iteration 10 / LogL: -5919.088 / Time: 0h:0m:3s
Optimizing NNI: done in 0.249812 secs using 195.9% CPU
Optimizing NNI: done in 0.199063 secs using 195.8% CPU
Optimizing NNI: done in 0.164735 secs using 197.8% CPU
Optimizing NNI: done in 0.139855 secs using 196.8% CPU
Optimizing NNI: done in 0.2013 secs using 196.3% CPU
Optimizing NNI: done in 0.217808 secs using 196.7% CPU
Optimizing NNI: done in 0.22265 secs using 196.9% CPU
Optimizing NNI: done in 0.21219 secs using 197.1% CPU
Optimizing NNI: done in 0.199588 secs using 198% CPU
Optimizing NNI: done in 0.282057 secs using 196.8% CPU
Iteration 20 / LogL: -5916.947 / Time: 0h:0m:5s
Finish initializing candidate tree set (11)
Current best tree score: -5915.473 / CPU time: 5.092
Number of iterations: 20
--------------------------------------------------------------------
|               OPTIMIZING CANDIDATE TREE SET                      |
--------------------------------------------------------------------
Optimizing NNI: done in 0.140592 secs using 196.6% CPU
Optimizing NNI: done in 0.114163 secs using 198.1% CPU
Optimizing NNI: done in 0.114129 secs using 197.1% CPU
Optimizing NNI: done in 0.109337 secs using 197% CPU
Optimizing NNI: done in 0.210505 secs using 195.7% CPU
Optimizing NNI: done in 0.169179 secs using 197.4% CPU
Optimizing NNI: done in 0.132115 secs using 197.3% CPU
Optimizing NNI: done in 0.1036 secs using 197.2% CPU
Optimizing NNI: done in 0.135881 secs using 198% CPU
Optimizing NNI: done in 0.12321 secs using 195.6% CPU
Iteration 30 / LogL: -5915.588 / Time: 0h:0m:6s (0h:0m:17s left)
Optimizing NNI: done in 0.12997 secs using 197.7% CPU
Optimizing NNI: done in 0.0855799 secs using 198.6% CPU
Optimizing NNI: done in 0.196658 secs using 196.1% CPU
Optimizing NNI: done in 0.193741 secs using 196.1% CPU
Optimizing NNI: done in 0.183109 secs using 196.6% CPU
Optimizing NNI: done in 0.111159 secs using 198% CPU
Optimizing NNI: done in 0.103408 secs using 197.1% CPU
Optimizing NNI: done in 0.131785 secs using 198% CPU
Optimizing NNI: done in 0.120549 secs using 196.5% CPU
Optimizing NNI: done in 0.18613 secs using 196.7% CPU
Iteration 40 / LogL: -5916.789 / Time: 0h:0m:8s (0h:0m:14s left)
Optimizing NNI: done in 0.133678 secs using 198.3% CPU
Optimizing NNI: done in 0.104113 secs using 197.3% CPU
Optimizing NNI: done in 0.0998151 secs using 197.1% CPU
Optimizing NNI: done in 0.104579 secs using 197.3% CPU
Optimizing NNI: done in 0.142466 secs using 197.3% CPU
Optimizing NNI: done in 0.233933 secs using 198.2% CPU
Optimizing NNI: done in 0.141169 secs using 197.5% CPU
Optimizing NNI: done in 0.152715 secs using 197.4% CPU
Optimizing NNI: done in 0.0993938 secs using 197.2% CPU
Optimizing NNI: done in 0.07883 secs using 196.8% CPU
Iteration 50 / LogL: -5916.627 / Time: 0h:0m:9s (0h:0m:11s left)
Log-likelihood cutoff on original alignment: -5947.905
Optimizing NNI: done in 0.133893 secs using 197.3% CPU
Optimizing NNI: done in 0.131256 secs using 196.6% CPU
Optimizing NNI: done in 0.127906 secs using 197.2% CPU
Optimizing NNI: done in 0.124404 secs using 196.6% CPU
Optimizing NNI: done in 0.19612 secs using 197.5% CPU
Optimizing NNI: done in 0.154408 secs using 196.8% CPU
Optimizing NNI: done in 0.145979 secs using 195.4% CPU
Optimizing NNI: done in 0.0998731 secs using 197.4% CPU
Optimizing NNI: done in 0.196045 secs using 197.8% CPU
Optimizing NNI: done in 0.14425 secs using 196.7% CPU
Iteration 60 / LogL: -5915.686 / Time: 0h:0m:11s (0h:0m:8s left)
Optimizing NNI: done in 0.1381 secs using 197.3% CPU
Optimizing NNI: done in 0.159422 secs using 197.5% CPU
Optimizing NNI: done in 0.113897 secs using 195.5% CPU
Optimizing NNI: done in 0.114208 secs using 198.1% CPU
Optimizing NNI: done in 0.174446 secs using 198% CPU
Optimizing NNI: done in 0.100475 secs using 197.2% CPU
Optimizing NNI: done in 0.118687 secs using 195.5% CPU
Optimizing NNI: done in 0.108976 secs using 197.1% CPU
Optimizing NNI: done in 0.197531 secs using 197.1% CPU
Optimizing NNI: done in 0.211436 secs using 196.7% CPU
Iteration 70 / LogL: -5915.507 / Time: 0h:0m:12s (0h:0m:6s left)
Optimizing NNI: done in 0.0950351 secs using 195.9% CPU
Optimizing NNI: done in 0.221986 secs using 197.2% CPU
Optimizing NNI: done in 0.107111 secs using 198.1% CPU
Optimizing NNI: done in 0.152279 secs using 196.7% CPU
Optimizing NNI: done in 0.149705 secs using 196.8% CPU
Optimizing NNI: done in 0.085201 secs using 196.9% CPU
Optimizing NNI: done in 0.101249 secs using 197.2% CPU
Optimizing NNI: done in 0.161685 secs using 198.1% CPU
Optimizing NNI: done in 0.136154 secs using 196.7% CPU
Optimizing NNI: done in 0.151903 secs using 196.7% CPU
Iteration 80 / LogL: -5917.302 / Time: 0h:0m:14s (0h:0m:4s left)
Optimizing NNI: done in 0.10385 secs using 198.1% CPU
Optimizing NNI: done in 0.11603 secs using 197.3% CPU
Optimizing NNI: done in 0.147804 secs using 198% CPU
Optimizing NNI: done in 0.073411 secs using 196.7% CPU
Optimizing NNI: done in 0.104427 secs using 198.1% CPU
Optimizing NNI: done in 0.105675 secs using 197% CPU
Optimizing NNI: done in 0.115759 secs using 196.3% CPU
Optimizing NNI: done in 0.134103 secs using 197.1% CPU
Optimizing NNI: done in 0.109912 secs using 198.1% CPU
Optimizing NNI: done in 0.112425 secs using 195.5% CPU
Iteration 90 / LogL: -5924.244 / Time: 0h:0m:15s (0h:0m:2s left)
Optimizing NNI: done in 0.114323 secs using 196.3% CPU
Optimizing NNI: done in 0.119466 secs using 198% CPU
Optimizing NNI: done in 0.142702 secs using 197.3% CPU
Optimizing NNI: done in 0.200256 secs using 196.4% CPU
Optimizing NNI: done in 0.138042 secs using 195.9% CPU
Optimizing NNI: done in 0.112927 secs using 198.1% CPU
Optimizing NNI: done in 0.124052 secs using 196.5% CPU
Optimizing NNI: done in 0.143523 secs using 198.1% CPU
Optimizing NNI: done in 0.095443 secs using 196.9% CPU
Optimizing NNI: done in 0.147752 secs using 197.4% CPU
Iteration 100 / LogL: -5916.902 / Time: 0h:0m:17s (0h:0m:1s left)
Log-likelihood cutoff on original alignment: -5947.905
NOTE: Bootstrap correlation coefficient of split occurrence frequencies: 0.999
Optimizing NNI: done in 0.088896 secs using 195.8% CPU
Optimizing NNI: done in 0.157657 secs using 198% CPU
Optimizing NNI: done in 0.112764 secs using 197.2% CPU
Optimizing NNI: done in 0.140359 secs using 198.1% CPU
Optimizing NNI: done in 0.111784 secs using 196.3% CPU
Optimizing NNI: done in 0.12246 secs using 197.9% CPU
Optimizing NNI: done in 0.203075 secs using 197.5% CPU
TREE SEARCH COMPLETED AFTER 107 ITERATIONS / Time: 0h:0m:18s

--------------------------------------------------------------------
|                    FINALIZING TREE SEARCH                        |
--------------------------------------------------------------------
Performs final model parameters optimization
Estimate model parameters (epsilon = 0.010)
1. Initial log-likelihood: -5915.473
Optimal log-likelihood: -5915.465
Site proportion and rates:  (0.196,0.041) (0.252,0.273) (0.552,1.672)
Parameters optimization took 1 rounds (0.057 sec)
BEST SCORE FOUND : -5915.465

Testing tree branches by SH-like aLRT with 1000 replicates...
0.090 sec.
Creating bootstrap support values...
Split supports printed to NEXUS file FungalCW_tree_20231129/488348at4751.aa.mfa.splits.nex
Total tree length: 19.620

Total number of iterations: 107
CPU time used for tree search: 35.287 sec (0h:0m:35s)
Wall-clock time used for tree search: 18.055 sec (0h:0m:18s)
Total CPU time used: 36.148 sec (0h:0m:36s)
Total wall-clock time used: 18.567 sec (0h:0m:18s)

Computing bootstrap consensus tree...
Reading input file FungalCW_tree_20231129/488348at4751.aa.mfa.splits.nex...
17 taxa and 187 splits.
Consensus tree written to FungalCW_tree_20231129/488348at4751.aa.mfa.contree
Reading input trees file FungalCW_tree_20231129/488348at4751.aa.mfa.contree
Log-likelihood of consensus tree: -5917.417

Analysis results written to: 
  IQ-TREE report:                FungalCW_tree_20231129/488348at4751.aa.mfa.iqtree
  Maximum-likelihood tree:       FungalCW_tree_20231129/488348at4751.aa.mfa.treefile
  Likelihood distances:          FungalCW_tree_20231129/488348at4751.aa.mfa.mldist

Ultrafast bootstrap approximation results written to:
  Split support values:          FungalCW_tree_20231129/488348at4751.aa.mfa.splits.nex
  Consensus tree:                FungalCW_tree_20231129/488348at4751.aa.mfa.contree
  Screen log file:               FungalCW_tree_20231129/488348at4751.aa.mfa.log

Date and Time: Wed Nov 29 01:44:30 2023
