IQ-TREE multicore version 2.2.2.6 COVID-edition for Linux 64-bit built May 27 2023
Developed by Bui Quang Minh, James Barbetti, Nguyen Lam Tung,
Olga Chernomor, Heiko Schmidt, Dominik Schrempf, Michael Woodhams, Ly Trong Nhan.

Host:    i29 (AVX2, FMA3, 503 GB RAM)
Command: iqtree2 -s FungalCW_tree_20231129/488857at4751.aa.mfa -gz -B 1000 -alrt 1000 -nt 2
Seed:    416415 (Using SPRNG - Scalable Parallel Random Number Generator)
Time:    Wed Nov 29 01:43:46 2023
Kernel:  AVX+FMA - 2 threads (2 CPU cores detected)

Reading alignment file FungalCW_tree_20231129/488857at4751.aa.mfa ... Fasta format detected
Reading fasta file: done in 0.000196934 secs using 84.8% CPU
Alignment most likely contains protein sequences
Constructing alignment: done in 0.000813007 secs using 165.8% CPU
Alignment has 18 sequences with 349 columns, 345 distinct patterns
229 parsimony-informative, 105 singleton sites, 14 constant sites
                                                               Gap/Ambiguity  Composition  p-value
Analyzing sequences: done in 2.59876e-05 secs using 127% CPU
   1  Basidiobolus_meristosporus_CBS_931.73.Basme2finSC.v1            20.92%    passed     38.51%
   2  Botrytis_cinerea_T4                                             32.95%    passed     58.80%
   3  Capillidium_pumilum_ARSEF_79                                    19.20%    failed      0.00%
   4  Colletotrichum_graminicola_M1.001                               30.37%    passed     72.37%
   5  Colletotrichum_higginsianum_IMI_349063                          28.37%    passed     84.79%
   6  Fusarium_graminearum_PH-1                                       31.52%    passed     84.38%
   7  Fusarium_verticillioides_7600                                   31.81%    passed     85.96%
   8  Gilbertella_persicaria_var_persicaria_CBS_190.32-T.Gilper1.v1   34.10%    passed     36.86%
   9  Mortierella_elongata_AG-77                                      25.21%    passed     83.28%
  10  Mucor_mucedo_NRRL_3635                                          36.68%    passed     27.96%
  11  Neoconidiobolus_thromboides_FSU_785.Conth1.v1                   29.80%    failed      0.04%
  12  Phycomyces_blakesleeanus_NRRL_1555.Phybl2.v2                    36.10%    passed     46.01%
  13  Rhizopus_stolonifer_NRRL_66455                                  39.26%    passed     57.06%
  14  Trichoderma_harzianum_CBS_226.95                                32.38%    passed     90.45%
  15  Umbelopsis_ramanniana_NRRL_5844.Umbra1.v1                       33.24%    passed     92.74%
  16  Ustilago_maydis                                                 20.34%    passed     78.51%
  17  Zoophthora_radicans_ATCC_208865                                 20.92%    passed     11.25%
  18  Zymoseptoria_tritici_IP0323                                     28.65%    passed     65.64%
****  TOTAL                                                           29.54%  2 sequences failed composition chi2 test (p-value<5%; df=19)
Checking for duplicate sequences: done in 0.00010705 secs using 95.28% CPU


Create initial parsimony tree by phylogenetic likelihood library (PLL)... 0.003 seconds
Perform fast likelihood tree search using LG+I+G model...
Estimate model parameters (epsilon = 5.000)
Perform nearest neighbor interchange...
Optimizing NNI: done in 0.375235 secs using 197.8% CPU
Estimate model parameters (epsilon = 1.000)
1. Initial log-likelihood: -9717.876
Optimal log-likelihood: -9717.560
Proportion of invariable sites: 0.012
Gamma shape alpha: 0.856
Parameters optimization took 1 rounds (0.040 sec)
Time for fast ML tree search: 0.705 seconds

NOTE: ModelFinder requires 11 MB RAM!
ModelFinder will test up to 1232 protein models (sample size: 349) ...
 No. Model         -LnL         df  AIC          AICc         BIC
  1  LG            10177.906    33  20421.813    20428.937    20549.030
  2  LG+I          10132.610    34  20333.221    20340.800    20464.293
  3  LG+G4         9719.154     34  19506.308    19513.888    19637.381
  4  LG+I+G4       9717.546     35  19505.093    19513.144    19640.020
  5  LG+R2         9730.023     35  19530.046    19538.097    19664.973
  6  LG+R3         9700.330     37  19474.660    19483.701    19617.297
  7  LG+R4         9700.227     39  19478.454    19488.551    19628.802
 14  LG+I+R2       9720.747     36  19513.495    19522.033    19652.277
 15  LG+I+R3       9698.918     38  19473.837    19483.398    19620.330
 16  LG+I+R4       9698.819     40  19477.637    19488.286    19631.840
 28  LG+F+R3       9480.514     56  19073.029    19094.892    19288.913
 37  LG+F+I+R3     9478.972     57  19071.945    19094.666    19291.684
 50  WAG+R3        9659.033     37  19392.067    19401.108    19534.704
 59  WAG+I+R3      9658.945     38  19393.890    19403.451    19540.382
 72  WAG+F+R3      9474.913     56  19061.825    19083.688    19277.709
 81  WAG+F+I+R3    9474.978     57  19063.955    19086.677    19283.694
 94  JTT+R3        9687.594     37  19449.187    19458.229    19591.825
103  JTT+I+R3      9687.358     38  19450.716    19460.278    19597.209
116  JTT+F+R3      9482.776     56  19077.551    19099.414    19293.435
125  JTT+F+I+R3    9484.230     57  19082.460    19105.182    19302.199
WARNING: Normalizing state frequencies so that sum of them equals to 1
138  Q.pfam+R3     9647.514     37  19369.027    19378.069    19511.665
WARNING: Normalizing state frequencies so that sum of them equals to 1
147  Q.pfam+I+R3   9646.411     38  19368.823    19378.384    19515.315
WARNING: Normalizing state frequencies so that sum of them equals to 1
160  Q.pfam+F+R3   9475.886     56  19063.773    19085.636    19279.657
WARNING: Normalizing state frequencies so that sum of them equals to 1
169  Q.pfam+F+I+R3 9475.111     57  19064.221    19086.943    19283.961
WARNING: Normalizing state frequencies so that sum of them equals to 1
182  Q.bird+R3     9779.839     37  19633.678    19642.720    19776.316
WARNING: Normalizing state frequencies so that sum of them equals to 1
191  Q.bird+I+R3   9777.129     38  19630.257    19639.819    19776.750
WARNING: Normalizing state frequencies so that sum of them equals to 1
204  Q.bird+F+R3   9538.430     56  19188.861    19210.724    19404.745
WARNING: Normalizing state frequencies so that sum of them equals to 1
213  Q.bird+F+I+R3 9535.901     57  19185.802    19208.524    19405.541
WARNING: Normalizing state frequencies so that sum of them equals to 1
226  Q.mammal+R3   9736.953     37  19547.906    19556.948    19690.544
WARNING: Normalizing state frequencies so that sum of them equals to 1
235  Q.mammal+I+R3 9734.961     38  19545.921    19555.483    19692.414
WARNING: Normalizing state frequencies so that sum of them equals to 1
248  Q.mammal+F+R3 9512.954     56  19137.907    19159.770    19353.791
WARNING: Normalizing state frequencies so that sum of them equals to 1
257  Q.mammal+F+I+R3 9511.479     57  19136.959    19159.680    19356.698
270  Q.insect+R3   9760.332     37  19594.665    19603.706    19737.302
279  Q.insect+I+R3 9758.332     38  19592.663    19602.225    19739.156
292  Q.insect+F+R3 9481.747     56  19075.494    19097.357    19291.378
301  Q.insect+F+I+R3 9479.550     57  19073.099    19095.821    19292.838
WARNING: Normalizing state frequencies so that sum of them equals to 1
314  Q.plant+R3    9721.294     37  19516.587    19525.629    19659.225
WARNING: Normalizing state frequencies so that sum of them equals to 1
323  Q.plant+I+R3  9719.772     38  19515.545    19525.106    19662.037
WARNING: Normalizing state frequencies so that sum of them equals to 1
336  Q.plant+F+R3  9508.857     56  19129.713    19151.576    19345.597
WARNING: Normalizing state frequencies so that sum of them equals to 1
345  Q.plant+F+I+R3 9506.223     57  19126.447    19149.168    19346.186
WARNING: Normalizing state frequencies so that sum of them equals to 1
358  Q.yeast+R3    9701.711     37  19477.423    19486.465    19620.060
WARNING: Normalizing state frequencies so that sum of them equals to 1
367  Q.yeast+I+R3  9699.506     38  19475.012    19484.573    19621.505
WARNING: Normalizing state frequencies so that sum of them equals to 1
380  Q.yeast+F+R3  9479.831     56  19071.662    19093.525    19287.546
WARNING: Normalizing state frequencies so that sum of them equals to 1
389  Q.yeast+F+I+R3 9477.081     57  19068.162    19090.884    19287.901
402  JTTDCMut+R3   9686.875     37  19447.750    19456.792    19590.387
411  JTTDCMut+I+R3 9686.428     38  19448.856    19458.417    19595.349
424  JTTDCMut+F+R3 9481.090     56  19074.181    19096.044    19290.065
433  JTTDCMut+F+I+R3 9482.718     57  19079.436    19102.158    19299.175
446  DCMut+R3      9736.215     37  19546.430    19555.472    19689.068
455  DCMut+I+R3    9735.939     38  19547.879    19557.440    19694.371
468  DCMut+F+R3    9512.316     56  19136.631    19158.494    19352.515
477  DCMut+F+I+R3  9510.623     57  19135.245    19157.967    19354.984
490  VT+R3         9644.168     37  19362.337    19371.379    19504.974
499  VT+I+R3       9643.381     38  19362.763    19372.324    19509.255
512  VT+F+R3       9463.463     56  19038.926    19060.789    19254.810
521  VT+F+I+R3     9463.218     57  19040.437    19063.158    19260.176
534  PMB+R3        9748.565     37  19571.130    19580.172    19713.767
543  PMB+I+R3      9747.428     38  19570.855    19580.417    19717.348
556  PMB+F+R3      9469.450     56  19050.900    19072.763    19266.784
565  PMB+F+I+R3    9469.538     57  19053.075    19075.797    19272.815
578  Blosum62+R3   9750.686     37  19575.372    19584.414    19718.010
587  Blosum62+I+R3 9749.609     38  19575.217    19584.779    19721.710
600  Blosum62+F+R3 9471.744     56  19055.488    19077.351    19271.372
609  Blosum62+F+I+R3 9471.481     57  19056.961    19079.683    19276.700
622  Dayhoff+R3    9736.752     37  19547.504    19556.546    19690.142
631  Dayhoff+I+R3  9736.462     38  19548.924    19558.486    19695.417
644  Dayhoff+F+R3  9512.856     56  19137.712    19159.575    19353.596
653  Dayhoff+F+I+R3 9511.177     57  19136.354    19159.076    19356.093
666  mtREV+R3      10199.631    37  20473.262    20482.304    20615.900
675  mtREV+I+R3    10198.572    38  20473.144    20482.705    20619.636
688  mtREV+F+R3    9560.116     56  19232.231    19254.094    19448.115
697  mtREV+F+I+R3  9559.947     57  19233.893    19256.615    19453.633
710  mtART+R3      10256.361    37  20586.723    20595.764    20729.360
719  mtART+I+R3    10254.094    38  20584.189    20593.750    20730.681
732  mtART+F+R3    9595.438     56  19302.877    19324.740    19518.761
741  mtART+F+I+R3  9592.318     57  19298.636    19321.357    19518.375
754  mtZOA+R3      10111.783    37  20297.566    20306.608    20440.203
763  mtZOA+I+R3    10109.509    38  20295.018    20304.579    20441.510
776  mtZOA+F+R3    9555.821     56  19223.641    19245.504    19439.525
785  mtZOA+F+I+R3  9552.636     57  19219.272    19241.994    19439.011
798  mtMet+R3      10294.937    37  20663.873    20672.915    20806.511
807  mtMet+I+R3    10291.868    38  20659.736    20669.297    20806.229
820  mtMet+F+R3    9574.114     56  19260.229    19282.092    19476.113
829  mtMet+F+I+R3  9571.627     57  19257.254    19279.976    19476.993
842  mtVer+R3      10341.140    37  20756.281    20765.323    20898.919
851  mtVer+I+R3    10338.751    38  20753.501    20763.063    20899.994
864  mtVer+F+R3    9652.433     56  19416.867    19438.730    19632.751
873  mtVer+F+I+R3  9650.143     57  19414.286    19437.008    19634.026
886  mtInv+R3      10402.420    37  20878.839    20887.881    21021.477
895  mtInv+I+R3    10399.496    38  20874.993    20884.554    21021.486
908  mtInv+F+R3    9548.692     56  19209.384    19231.247    19425.268
917  mtInv+F+I+R3  9547.293     57  19208.586    19231.307    19428.325
930  mtMAM+R3      10352.188    37  20778.377    20787.419    20921.014
939  mtMAM+I+R3    10353.893    38  20783.786    20793.347    20930.279
952  mtMAM+F+R3    9657.408     56  19426.817    19448.680    19642.701
961  mtMAM+F+I+R3  9654.300     57  19422.600    19445.322    19642.339
WARNING: Normalizing state frequencies so that sum of them equals to 1
974  FLAVI+R3      10022.694    37  20119.388    20128.430    20262.026
WARNING: Normalizing state frequencies so that sum of them equals to 1
983  FLAVI+I+R3    10021.529    38  20119.057    20128.619    20265.550
WARNING: Normalizing state frequencies so that sum of them equals to 1
996  FLAVI+F+R3    9600.652     56  19313.305    19335.168    19529.189
WARNING: Normalizing state frequencies so that sum of them equals to 1
1005  FLAVI+F+I+R3  9598.912     57  19311.823    19334.545    19531.562
1018  HIVb+R3       9991.992     37  20057.984    20067.025    20200.621
1027  HIVb+I+R3     9995.911     38  20067.822    20077.383    20214.314
1040  HIVb+F+R3     9587.613     56  19287.227    19309.090    19503.111
1049  HIVb+F+I+R3   9587.549     57  19289.098    19311.820    19508.837
1062  HIVw+R3       10178.640    37  20431.281    20440.323    20573.919
1071  HIVw+I+R3     10189.066    38  20454.133    20463.694    20600.626
1084  HIVw+F+R3     9634.467     56  19380.935    19402.798    19596.819
1093  HIVw+F+I+R3   9654.199     57  19422.398    19445.119    19642.137
1106  FLU+R3        9820.044     37  19714.089    19723.131    19856.727
1115  FLU+I+R3      9819.842     38  19715.685    19725.246    19862.178
1128  FLU+F+R3      9526.366     56  19164.731    19186.594    19380.615
1137  FLU+F+I+R3    9524.842     57  19163.684    19186.405    19383.423
1150  rtREV+R3      9857.990     37  19789.981    19799.023    19932.619
1159  rtREV+I+R3    9857.459     38  19790.918    19800.479    19937.410
1172  rtREV+F+R3    9483.563     56  19079.127    19100.990    19295.011
1181  rtREV+F+I+R3  9482.890     57  19079.780    19102.501    19299.519
1194  cpREV+R3      9768.238     37  19610.476    19619.517    19753.113
1203  cpREV+I+R3    9768.422     38  19612.844    19622.405    19759.337
1216  cpREV+F+R3    9501.510     56  19115.020    19136.883    19330.904
1225  cpREV+F+I+R3  9501.391     57  19116.782    19139.503    19336.521
Akaike Information Criterion:           VT+F+R3
Corrected Akaike Information Criterion: VT+F+R3
Bayesian Information Criterion:         VT+F+R3
Best-fit model: VT+F+R3 chosen according to BIC

All model information printed to FungalCW_tree_20231129/488857at4751.aa.mfa.model.gz
CPU time for ModelFinder: 118.455 seconds (0h:1m:58s)
Wall-clock time for ModelFinder: 60.160 seconds (0h:1m:0s)
WARNING: States(s) C rarely appear in alignment and may cause numerical problems
Generating 1000 samples for ultrafast bootstrap (seed: 416415)...

NOTE: 4 MB RAM (0 GB) is required!
Estimate model parameters (epsilon = 0.100)
1. Initial log-likelihood: -9463.463
Optimal log-likelihood: -9463.455
Site proportion and rates:  (0.224,0.080) (0.278,0.232) (0.498,1.843)
Parameters optimization took 1 rounds (0.064 sec)
Wrote distance file to... 
Computing ML distances based on estimated model parameters...
Calculating distance matrix: done in 0.0655901 secs using 198% CPU
Computing ML distances took 0.065814 sec (of wall-clock time) 0.130287 sec (of CPU time)
WARNING: Some pairwise ML distances are too long (saturated)
Setting up auxiliary I and S matrices: done in 6.48499e-05 secs using 198.9% CPU
Constructing RapidNJ tree: done in 0.000282049 secs using 199.6% CPU
Computing RapidNJ tree took 0.000490 sec (of wall-clock time) 0.000886 sec (of CPU time)
Log-likelihood of RapidNJ tree: -9482.337
--------------------------------------------------------------------
|             INITIALIZING CANDIDATE TREE SET                      |
--------------------------------------------------------------------
Generating 98 parsimony trees... 0.356 second
Computing log-likelihood of 98 initial trees ... 1.025 seconds
Current best score: -9463.455

Do NNI search on 20 best initial trees
Optimizing NNI: done in 0.146202 secs using 197.3% CPU
Estimate model parameters (epsilon = 0.100)
BETTER TREE FOUND at iteration 1: -9460.679
Optimizing NNI: done in 0.132509 secs using 197.4% CPU
Estimate model parameters (epsilon = 0.100)
BETTER TREE FOUND at iteration 2: -9435.673
Optimizing NNI: done in 0.150396 secs using 197.6% CPU
Estimate model parameters (epsilon = 0.100)
BETTER TREE FOUND at iteration 3: -9423.122
Optimizing NNI: done in 0.152817 secs using 196.6% CPU
Optimizing NNI: done in 0.125935 secs using 197.9% CPU
Optimizing NNI: done in 0.138143 secs using 197.3% CPU
Optimizing NNI: done in 0.156214 secs using 198.1% CPU
Optimizing NNI: done in 0.190843 secs using 198% CPU
Optimizing NNI: done in 0.178061 secs using 198.1% CPU
Optimizing NNI: done in 0.173532 secs using 196.9% CPU
Iteration 10 / LogL: -9423.171 / Time: 0h:0m:4s
Optimizing NNI: done in 0.186692 secs using 197.5% CPU
Optimizing NNI: done in 0.134095 secs using 198.6% CPU
Optimizing NNI: done in 0.150545 secs using 198.1% CPU
Optimizing NNI: done in 0.147624 secs using 197.2% CPU
Optimizing NNI: done in 0.145732 secs using 195.4% CPU
Optimizing NNI: done in 0.200284 secs using 196.6% CPU
Optimizing NNI: done in 0.16254 secs using 197.4% CPU
Optimizing NNI: done in 0.144082 secs using 196.7% CPU
Optimizing NNI: done in 0.205424 secs using 197.2% CPU
Optimizing NNI: done in 0.195397 secs using 197% CPU
Iteration 20 / LogL: -9423.193 / Time: 0h:0m:5s
Finish initializing candidate tree set (5)
Current best tree score: -9423.122 / CPU time: 5.364
Number of iterations: 20
--------------------------------------------------------------------
|               OPTIMIZING CANDIDATE TREE SET                      |
--------------------------------------------------------------------
Optimizing NNI: done in 0.176132 secs using 196.4% CPU
Optimizing NNI: done in 0.184356 secs using 196.6% CPU
Optimizing NNI: done in 0.165288 secs using 197.1% CPU
Optimizing NNI: done in 0.244015 secs using 197.6% CPU
Optimizing NNI: done in 0.167254 secs using 198.2% CPU
Optimizing NNI: done in 0.168371 secs using 197% CPU
Optimizing NNI: done in 0.129271 secs using 196.6% CPU
Optimizing NNI: done in 0.172546 secs using 195.6% CPU
Optimizing NNI: done in 0.172043 secs using 197.5% CPU
Optimizing NNI: done in 0.182139 secs using 197.5% CPU
Iteration 30 / LogL: -9431.533 / Time: 0h:0m:7s (0h:0m:19s left)
Optimizing NNI: done in 0.108916 secs using 197.9% CPU
Optimizing NNI: done in 0.145607 secs using 197.5% CPU
Optimizing NNI: done in 0.173668 secs using 196.5% CPU
Optimizing NNI: done in 0.147451 secs using 197.3% CPU
Optimizing NNI: done in 0.112032 secs using 197.7% CPU
Optimizing NNI: done in 0.126353 secs using 197.7% CPU
Optimizing NNI: done in 0.174524 secs using 196.4% CPU
Optimizing NNI: done in 0.164205 secs using 196.2% CPU
Optimizing NNI: done in 0.242786 secs using 198% CPU
Optimizing NNI: done in 0.175486 secs using 196.2% CPU
Iteration 40 / LogL: -9429.171 / Time: 0h:0m:9s (0h:0m:14s left)
Optimizing NNI: done in 0.14509 secs using 196.8% CPU
Optimizing NNI: done in 0.108136 secs using 198.3% CPU
Optimizing NNI: done in 0.192571 secs using 197.6% CPU
Optimizing NNI: done in 0.130152 secs using 197.3% CPU
Optimizing NNI: done in 0.110613 secs using 197.2% CPU
Optimizing NNI: done in 0.157803 secs using 196.7% CPU
Optimizing NNI: done in 0.185114 secs using 197.1% CPU
Optimizing NNI: done in 0.176006 secs using 197.5% CPU
Optimizing NNI: done in 0.139737 secs using 196.6% CPU
Optimizing NNI: done in 0.138749 secs using 196.7% CPU
Iteration 50 / LogL: -9428.619 / Time: 0h:0m:10s (0h:0m:11s left)
Log-likelihood cutoff on original alignment: -9464.202
Optimizing NNI: done in 0.186224 secs using 195.2% CPU
Optimizing NNI: done in 0.116092 secs using 198.1% CPU
Optimizing NNI: done in 0.130809 secs using 195.2% CPU
Optimizing NNI: done in 0.0950999 secs using 198.2% CPU
Optimizing NNI: done in 0.199702 secs using 195.1% CPU
Optimizing NNI: done in 0.181077 secs using 195.9% CPU
Optimizing NNI: done in 0.200304 secs using 196.9% CPU
Optimizing NNI: done in 0.097332 secs using 198.2% CPU
Optimizing NNI: done in 0.218715 secs using 197.7% CPU
Optimizing NNI: done in 0.141055 secs using 197.9% CPU
Iteration 60 / LogL: -9428.516 / Time: 0h:0m:12s (0h:0m:9s left)
Optimizing NNI: done in 0.172712 secs using 197% CPU
Optimizing NNI: done in 0.16176 secs using 198.1% CPU
Optimizing NNI: done in 0.137533 secs using 197.8% CPU
Optimizing NNI: done in 0.112027 secs using 197.3% CPU
Optimizing NNI: done in 0.0989699 secs using 198% CPU
Optimizing NNI: done in 0.142635 secs using 196.6% CPU
Optimizing NNI: done in 0.153839 secs using 197.3% CPU
Optimizing NNI: done in 0.174918 secs using 197.5% CPU
Optimizing NNI: done in 0.125811 secs using 197.9% CPU
Optimizing NNI: done in 0.108191 secs using 196.9% CPU
Iteration 70 / LogL: -9431.759 / Time: 0h:0m:14s (0h:0m:6s left)
Optimizing NNI: done in 0.108134 secs using 195.4% CPU
Optimizing NNI: done in 0.102306 secs using 198.1% CPU
Optimizing NNI: done in 0.155838 secs using 198% CPU
Optimizing NNI: done in 0.202801 secs using 198.2% CPU
Optimizing NNI: done in 0.22605 secs using 196.1% CPU
Optimizing NNI: done in 0.152805 secs using 196.6% CPU
Optimizing NNI: done in 0.160321 secs using 198.1% CPU
Optimizing NNI: done in 0.127827 secs using 196.6% CPU
Optimizing NNI: done in 0.208969 secs using 196% CPU
Optimizing NNI: done in 0.168143 secs using 196% CPU
Iteration 80 / LogL: -9428.422 / Time: 0h:0m:15s (0h:0m:4s left)
Optimizing NNI: done in 0.293083 secs using 197.3% CPU
Optimizing NNI: done in 0.157705 secs using 197.8% CPU
Optimizing NNI: done in 0.165373 secs using 197.9% CPU
Optimizing NNI: done in 0.176852 secs using 198.2% CPU
Optimizing NNI: done in 0.202474 secs using 198.3% CPU
Optimizing NNI: done in 0.110868 secs using 198.4% CPU
Optimizing NNI: done in 0.167974 secs using 198.4% CPU
Optimizing NNI: done in 0.159231 secs using 197.8% CPU
Optimizing NNI: done in 0.170278 secs using 197.8% CPU
Optimizing NNI: done in 0.180227 secs using 197.8% CPU
Iteration 90 / LogL: -9423.134 / Time: 0h:0m:17s (0h:0m:2s left)
Optimizing NNI: done in 0.117258 secs using 195% CPU
Optimizing NNI: done in 0.118203 secs using 196.6% CPU
Optimizing NNI: done in 0.219859 secs using 198.5% CPU
Optimizing NNI: done in 0.149112 secs using 197.8% CPU
Optimizing NNI: done in 0.138843 secs using 197.1% CPU
Optimizing NNI: done in 0.151625 secs using 198.5% CPU
Optimizing NNI: done in 0.148927 secs using 198.3% CPU
Optimizing NNI: done in 0.15133 secs using 198.3% CPU
Optimizing NNI: done in 0.140144 secs using 198.4% CPU
Optimizing NNI: done in 0.199495 secs using 198.5% CPU
Iteration 100 / LogL: -9428.698 / Time: 0h:0m:19s (0h:0m:0s left)
Log-likelihood cutoff on original alignment: -9464.202
NOTE: Bootstrap correlation coefficient of split occurrence frequencies: 0.999
Optimizing NNI: done in 0.15129 secs using 197.9% CPU
Optimizing NNI: done in 0.12393 secs using 198.4% CPU
Optimizing NNI: done in 0.113442 secs using 198.4% CPU
Optimizing NNI: done in 0.119494 secs using 196.8% CPU
TREE SEARCH COMPLETED AFTER 104 ITERATIONS / Time: 0h:0m:20s

--------------------------------------------------------------------
|                    FINALIZING TREE SEARCH                        |
--------------------------------------------------------------------
Performs final model parameters optimization
Estimate model parameters (epsilon = 0.010)
1. Initial log-likelihood: -9423.122
2. Current log-likelihood: -9423.099
3. Current log-likelihood: -9423.082
4. Current log-likelihood: -9423.069
Optimal log-likelihood: -9423.059
Site proportion and rates:  (0.238,0.070) (0.262,0.194) (0.500,1.866)
Parameters optimization took 4 rounds (0.241 sec)
BEST SCORE FOUND : -9423.059

Testing tree branches by SH-like aLRT with 1000 replicates...
0.110 sec.
Creating bootstrap support values...
Split supports printed to NEXUS file FungalCW_tree_20231129/488857at4751.aa.mfa.splits.nex
Total tree length: 54.336

Total number of iterations: 104
CPU time used for tree search: 38.646 sec (0h:0m:38s)
Wall-clock time used for tree search: 19.744 sec (0h:0m:19s)
Total CPU time used: 40.057 sec (0h:0m:40s)
Total wall-clock time used: 20.545 sec (0h:0m:20s)

Computing bootstrap consensus tree...
Reading input file FungalCW_tree_20231129/488857at4751.aa.mfa.splits.nex...
18 taxa and 123 splits.
Consensus tree written to FungalCW_tree_20231129/488857at4751.aa.mfa.contree
Reading input trees file FungalCW_tree_20231129/488857at4751.aa.mfa.contree
Log-likelihood of consensus tree: -9423.059

Analysis results written to: 
  IQ-TREE report:                FungalCW_tree_20231129/488857at4751.aa.mfa.iqtree
  Maximum-likelihood tree:       FungalCW_tree_20231129/488857at4751.aa.mfa.treefile
  Likelihood distances:          FungalCW_tree_20231129/488857at4751.aa.mfa.mldist

Ultrafast bootstrap approximation results written to:
  Split support values:          FungalCW_tree_20231129/488857at4751.aa.mfa.splits.nex
  Consensus tree:                FungalCW_tree_20231129/488857at4751.aa.mfa.contree
  Screen log file:               FungalCW_tree_20231129/488857at4751.aa.mfa.log

Date and Time: Wed Nov 29 01:45:07 2023
