IQ-TREE multicore version 2.2.2.6 COVID-edition for Linux 64-bit built May 27 2023
Developed by Bui Quang Minh, James Barbetti, Nguyen Lam Tung,
Olga Chernomor, Heiko Schmidt, Dominik Schrempf, Michael Woodhams, Ly Trong Nhan.

Host:    i20 (AVX2, FMA3, 503 GB RAM)
Command: iqtree2 -s FungalCW_tree_20231129/492591at4751.aa.mfa -gz -B 1000 -alrt 1000 -nt 2
Seed:    41018 (Using SPRNG - Scalable Parallel Random Number Generator)
Time:    Wed Nov 29 01:44:16 2023
Kernel:  AVX+FMA - 2 threads (2 CPU cores detected)

Reading alignment file FungalCW_tree_20231129/492591at4751.aa.mfa ... Fasta format detected
Reading fasta file: done in 0.000154018 secs using 24.67% CPU
Alignment most likely contains protein sequences
Constructing alignment: done in 0.000627041 secs using 73.52% CPU
Alignment has 17 sequences with 271 columns, 258 distinct patterns
137 parsimony-informative, 88 singleton sites, 46 constant sites
                                                               Gap/Ambiguity  Composition  p-value
Analyzing sequences: done in 2.09808e-05 secs using 100.1% CPU
   1  Basidiobolus_meristosporus_CBS_931.73.Basme2finSC.v1            32.84%    passed     95.29%
   2  Botrytis_cinerea_T4                                             28.78%    passed     97.89%
   3  Colletotrichum_graminicola_M1.001                               27.68%    passed     99.66%
   4  Colletotrichum_higginsianum_IMI_349063                          27.68%    passed     98.35%
   5  Fusarium_graminearum_PH-1                                       28.41%    passed     88.75%
   6  Fusarium_verticillioides_7600                                   28.78%    passed     98.62%
   7  Gilbertella_persicaria_var_persicaria_CBS_190.32-T.Gilper1.v1   32.47%    passed     93.88%
   8  Mortierella_elongata_AG-77                                      31.73%    passed     92.76%
   9  Mucor_mucedo_NRRL_3635                                          30.63%    passed     90.84%
  10  Neoconidiobolus_thromboides_FSU_785.Conth1.v1                   31.73%    passed     75.96%
  11  Phycomyces_blakesleeanus_NRRL_1555.Phybl2.v2                    32.47%    passed     97.25%
  12  Rhizopus_stolonifer_NRRL_66455                                  31.73%    passed     92.15%
  13  Trichoderma_harzianum_CBS_226.95                                29.52%    passed     99.35%
  14  Umbelopsis_ramanniana_NRRL_5844.Umbra1.v1                       32.84%    passed     87.86%
  15  Ustilago_maydis                                                 32.84%    passed     12.15%
  16  Zoophthora_radicans_ATCC_208865                                 26.94%    passed     96.07%
  17  Zymoseptoria_tritici_IP0323                                     28.04%    passed     99.84%
****  TOTAL                                                           30.30%  0 sequences failed composition chi2 test (p-value<5%; df=19)
Checking for duplicate sequences: done in 9.60827e-05 secs using 178% CPU


Create initial parsimony tree by phylogenetic likelihood library (PLL)... 0.002 seconds
Perform fast likelihood tree search using LG+I+G model...
Estimate model parameters (epsilon = 5.000)
Perform nearest neighbor interchange...
Optimizing NNI: done in 0.0704322 secs using 198.8% CPU
Estimate model parameters (epsilon = 1.000)
1. Initial log-likelihood: -4473.828
Optimal log-likelihood: -4473.739
Proportion of invariable sites: 0.073
Gamma shape alpha: 1.295
Parameters optimization took 1 rounds (0.027 sec)
Time for fast ML tree search: 0.208 seconds

NOTE: ModelFinder requires 8 MB RAM!
ModelFinder will test up to 1232 protein models (sample size: 271) ...
 No. Model         -LnL         df  AIC          AICc         BIC
  1  LG            4626.742     31  9315.485     9323.786     9427.150
  2  LG+I          4550.462     32  9164.924     9173.798     9280.192
  3  LG+G4         4475.709     32  9015.419     9024.293     9130.686
  4  LG+I+G4       4473.737     33  9013.474     9022.943     9132.344
  5  LG+R2         4490.069     33  9046.137     9055.606     9165.007
  6  LG+R3         4472.383     35  9014.767     9025.490     9140.841
  7  LG+R4         4471.840     37  9017.681     9029.750     9150.959
 14  LG+I+R2       4481.812     34  9031.624     9041.709     9154.096
 15  LG+I+R3       4472.273     36  9016.547     9027.931     9146.223
 16  LG+I+R4       4471.991     38  9019.982     9032.758     9156.863
 25  LG+F+G4       4451.716     51  9005.431     9029.650     9189.139
 26  LG+F+I+G4     4449.923     52  9003.845     9029.130     9191.156
 47  WAG+G4        4469.322     32  9002.645     9011.519     9117.913
 48  WAG+I+G4      4466.366     33  8998.733     9008.201     9117.603
 69  WAG+F+G4      4448.498     51  8998.995     9023.214     9182.703
 70  WAG+F+I+G4    4445.799     52  8995.599     9020.883     9182.909
 91  JTT+G4        4492.048     32  9048.096     9056.970     9163.364
 92  JTT+I+G4      4489.667     33  9045.335     9054.803     9164.205
113  JTT+F+G4      4447.910     51  8997.820     9022.039     9181.528
114  JTT+F+I+G4    4445.704     52  8995.407     9020.691     9182.717
WARNING: Normalizing state frequencies so that sum of them equals to 1
135  Q.pfam+G4     4478.606     32  9021.211     9030.085     9136.479
WARNING: Normalizing state frequencies so that sum of them equals to 1
136  Q.pfam+I+G4   4476.196     33  9018.392     9027.860     9137.262
WARNING: Normalizing state frequencies so that sum of them equals to 1
157  Q.pfam+F+G4   4446.199     51  8994.398     9018.617     9178.106
WARNING: Normalizing state frequencies so that sum of them equals to 1
158  Q.pfam+F+I+G4 4443.936     52  8991.872     9017.156     9179.182
WARNING: Normalizing state frequencies so that sum of them equals to 1
179  Q.bird+G4     4582.665     32  9229.331     9238.205     9344.598
WARNING: Normalizing state frequencies so that sum of them equals to 1
180  Q.bird+I+G4   4580.736     33  9227.472     9236.940     9346.342
WARNING: Normalizing state frequencies so that sum of them equals to 1
201  Q.bird+F+G4   4528.942     51  9159.884     9184.103     9343.592
WARNING: Normalizing state frequencies so that sum of them equals to 1
202  Q.bird+F+I+G4 4527.143     52  9158.286     9183.570     9345.596
WARNING: Normalizing state frequencies so that sum of them equals to 1
223  Q.mammal+G4   4548.803     32  9161.606     9170.480     9276.874
WARNING: Normalizing state frequencies so that sum of them equals to 1
224  Q.mammal+I+G4 4547.103     33  9160.206     9169.674     9279.076
WARNING: Normalizing state frequencies so that sum of them equals to 1
245  Q.mammal+F+G4 4488.711     51  9079.421     9103.640     9263.129
WARNING: Normalizing state frequencies so that sum of them equals to 1
246  Q.mammal+F+I+G4 4486.993     52  9077.986     9103.270     9265.296
267  Q.insect+G4   4472.944     32  9009.888     9018.762     9125.156
268  Q.insect+I+G4 4471.138     33  9008.277     9017.745     9127.147
289  Q.insect+F+G4 4427.073     51  8956.146     8980.365     9139.854
290  Q.insect+F+I+G4 4425.169     52  8954.339     8979.623     9141.649
WARNING: Normalizing state frequencies so that sum of them equals to 1
311  Q.plant+G4    4525.273     32  9114.546     9123.420     9229.814
WARNING: Normalizing state frequencies so that sum of them equals to 1
312  Q.plant+I+G4  4523.362     33  9112.724     9122.192     9231.593
WARNING: Normalizing state frequencies so that sum of them equals to 1
333  Q.plant+F+G4  4481.554     51  9065.108     9089.328     9248.817
WARNING: Normalizing state frequencies so that sum of them equals to 1
334  Q.plant+F+I+G4 4479.883     52  9063.766     9089.051     9251.076
WARNING: Normalizing state frequencies so that sum of them equals to 1
355  Q.yeast+G4    4481.611     32  9027.222     9036.096     9142.489
WARNING: Normalizing state frequencies so that sum of them equals to 1
356  Q.yeast+I+G4  4479.481     33  9024.961     9034.429     9143.831
WARNING: Normalizing state frequencies so that sum of them equals to 1
377  Q.yeast+F+G4  4443.034     51  8988.068     9012.287     9171.776
WARNING: Normalizing state frequencies so that sum of them equals to 1
378  Q.yeast+F+I+G4 4440.882     52  8985.764     9011.049     9173.074
399  JTTDCMut+G4   4489.538     32  9043.076     9051.950     9158.344
400  JTTDCMut+I+G4 4487.151     33  9040.303     9049.771     9159.173
421  JTTDCMut+F+G4 4446.118     51  8994.237     9018.456     9177.945
422  JTTDCMut+F+I+G4 4443.870     52  8991.741     9017.025     9179.051
443  DCMut+G4      4486.875     32  9037.750     9046.623     9153.017
444  DCMut+I+G4    4485.010     33  9036.019     9045.487     9154.889
465  DCMut+F+G4    4439.153     51  8980.306     9004.526     9164.015
466  DCMut+F+I+G4  4436.757     52  8977.515     9002.799     9164.825
487  VT+G4         4473.391     32  9010.781     9019.655     9126.049
488  VT+I+G4       4470.152     33  9006.305     9015.773     9125.175
509  VT+F+G4       4446.571     51  8995.141     9019.361     9178.849
510  VT+F+I+G4     4443.549     52  8991.098     9016.382     9178.408
531  PMB+G4        4521.887     32  9107.774     9116.648     9223.042
532  PMB+I+G4      4518.854     33  9103.707     9113.176     9222.577
553  PMB+F+G4      4467.931     51  9037.863     9062.082     9221.571
554  PMB+F+I+G4    4465.202     52  9034.404     9059.688     9221.714
575  Blosum62+G4   4518.435     32  9100.869     9109.743     9216.137
576  Blosum62+I+G4 4515.207     33  9096.415     9105.883     9215.285
597  Blosum62+F+G4 4478.899     51  9059.799     9084.018     9243.507
598  Blosum62+F+I+G4 4475.921     52  9055.842     9081.127     9243.152
619  Dayhoff+G4    4486.998     32  9037.996     9046.870     9153.264
620  Dayhoff+I+G4  4485.133     33  9036.266     9045.735     9155.136
641  Dayhoff+F+G4  4439.398     51  8980.796     9005.015     9164.504
642  Dayhoff+F+I+G4 4436.997     52  8977.993     9003.277     9165.303
663  mtREV+G4      4820.017     32  9704.034     9712.908     9819.302
664  mtREV+I+G4    4817.744     33  9701.487     9710.955     9820.357
685  mtREV+F+G4    4543.356     51  9188.713     9212.932     9372.421
686  mtREV+F+I+G4  4541.306     52  9186.612     9211.896     9373.922
707  mtART+G4      4897.867     32  9859.734     9868.608     9975.002
708  mtART+I+G4    4894.662     33  9855.323     9864.791     9974.193
729  mtART+F+G4    4604.054     51  9310.107     9334.326     9493.815
730  mtART+F+I+G4  4602.932     52  9309.864     9335.149     9497.175
751  mtZOA+G4      4789.780     32  9643.560     9652.434     9758.828
752  mtZOA+I+G4    4786.750     33  9639.500     9648.968     9758.370
773  mtZOA+F+G4    4554.220     51  9210.441     9234.660     9394.149
774  mtZOA+F+I+G4  4553.599     52  9211.199     9236.483     9398.509
795  mtMet+G4      4827.289     32  9718.577     9727.451     9833.845
796  mtMet+I+G4    4825.253     33  9716.505     9725.974     9835.375
817  mtMet+F+G4    4542.047     51  9186.094     9210.314     9369.803
818  mtMet+F+I+G4  4541.254     52  9186.507     9211.792     9373.817
839  mtVer+G4      4855.526     32  9775.052     9783.926     9890.320
840  mtVer+I+G4    4852.590     33  9771.179     9780.648     9890.049
861  mtVer+F+G4    4599.038     51  9300.076     9324.295     9483.784
862  mtVer+F+I+G4  4598.418     52  9300.837     9326.121     9488.147
883  mtInv+G4      4858.546     32  9781.093     9789.967     9896.361
884  mtInv+I+G4    4856.689     33  9779.378     9788.847     9898.248
905  mtInv+F+G4    4518.673     51  9139.347     9163.566     9323.055
906  mtInv+F+I+G4  4517.624     52  9139.249     9164.533     9326.559
927  mtMAM+G4      4929.538     32  9923.077     9931.951     10038.345
928  mtMAM+I+G4    4925.504     33  9917.008     9926.477     10035.878
949  mtMAM+F+G4    4635.166     51  9372.333     9396.552     9556.041
950  mtMAM+F+I+G4  4633.770     52  9371.540     9396.824     9558.850
WARNING: Normalizing state frequencies so that sum of them equals to 1
971  FLAVI+G4      4700.791     32  9465.582     9474.456     9580.850
WARNING: Normalizing state frequencies so that sum of them equals to 1
972  FLAVI+I+G4    4698.244     33  9462.489     9471.957     9581.358
WARNING: Normalizing state frequencies so that sum of them equals to 1
993  FLAVI+F+G4    4618.886     51  9339.772     9363.992     9523.480
WARNING: Normalizing state frequencies so that sum of them equals to 1
994  FLAVI+F+I+G4  4618.495     52  9340.990     9366.275     9528.301
1015  HIVb+G4       4601.327     32  9266.655     9275.529     9381.923
1016  HIVb+I+G4     4598.468     33  9262.937     9272.405     9381.807
1037  HIVb+F+G4     4533.762     51  9169.524     9193.743     9353.232
1038  HIVb+F+I+G4   4532.328     52  9168.657     9193.941     9355.967
1059  HIVw+G4       4775.796     32  9615.591     9624.465     9730.859
1060  HIVw+I+G4     4774.006     33  9614.012     9623.481     9732.882
1081  HIVw+F+G4     4649.892     51  9401.783     9426.002     9585.491
1082  HIVw+F+I+G4   4649.967     52  9403.934     9429.218     9591.244
1103  FLU+G4        4597.495     32  9258.991     9267.865     9374.259
1104  FLU+I+G4      4595.244     33  9256.489     9265.957     9375.359
1125  FLU+F+G4      4512.808     51  9127.616     9151.835     9311.324
1126  FLU+F+I+G4    4512.650     52  9129.300     9154.584     9316.610
1147  rtREV+G4      4507.788     32  9079.575     9088.449     9194.843
1148  rtREV+I+G4    4505.483     33  9076.966     9086.434     9195.836
1169  rtREV+F+G4    4464.816     51  9031.633     9055.852     9215.341
1170  rtREV+F+I+G4  4462.681     52  9029.363     9054.647     9216.673
1191  cpREV+G4      4545.740     32  9155.480     9164.354     9270.748
1192  cpREV+I+G4    4542.490     33  9150.980     9160.449     9269.850
1213  cpREV+F+G4    4509.818     51  9121.636     9145.855     9305.344
1214  cpREV+F+I+G4  4508.165     52  9120.331     9145.615     9307.641
Akaike Information Criterion:           Q.insect+F+I+G4
Corrected Akaike Information Criterion: Q.insect+F+I+G4
Bayesian Information Criterion:         WAG+I+G4
Best-fit model: WAG+I+G4 chosen according to BIC

All model information printed to FungalCW_tree_20231129/492591at4751.aa.mfa.model.gz
CPU time for ModelFinder: 29.844 seconds (0h:0m:29s)
Wall-clock time for ModelFinder: 15.107 seconds (0h:0m:15s)
Generating 1000 samples for ultrafast bootstrap (seed: 41018)...

NOTE: 4 MB RAM (0 GB) is required!
Estimate model parameters (epsilon = 0.100)
Thoroughly optimizing +I+G parameters from 10 start values...
Init pinv, alpha: 0.000, 1.627 / Estimate: 0.000, 1.086 / LogL: -4469.322
Init pinv, alpha: 0.019, 1.627 / Estimate: 0.065, 1.535 / LogL: -4466.470
Init pinv, alpha: 0.038, 1.627 / Estimate: 0.065, 1.539 / LogL: -4466.463
Init pinv, alpha: 0.057, 1.627 / Estimate: 0.066, 1.547 / LogL: -4466.451
Init pinv, alpha: 0.075, 1.627 / Estimate: 0.076, 1.637 / LogL: -4466.364
Init pinv, alpha: 0.094, 1.627 / Estimate: 0.083, 1.702 / LogL: -4466.394
Init pinv, alpha: 0.113, 1.627 / Estimate: 0.083, 1.706 / LogL: -4466.396
Init pinv, alpha: 0.132, 1.627 / Estimate: 0.081, 1.693 / LogL: -4466.382
Init pinv, alpha: 0.151, 1.627 / Estimate: 0.082, 1.700 / LogL: -4466.387
Init pinv, alpha: 0.170, 1.627 / Estimate: 0.083, 1.705 / LogL: -4466.392
Optimal pinv,alpha: 0.076, 1.637 / LogL: -4466.364

Parameters optimization took 1.570 sec
Wrote distance file to... 
Computing ML distances based on estimated model parameters...
Calculating distance matrix: done in 0.0227768 secs using 199% CPU
Computing ML distances took 0.022984 sec (of wall-clock time) 0.045717 sec (of CPU time)
Setting up auxiliary I and S matrices: done in 5.29289e-05 secs using 200.3% CPU
Constructing RapidNJ tree: done in 0.000245094 secs using 199.1% CPU
Computing RapidNJ tree took 0.000393 sec (of wall-clock time) 0.000778 sec (of CPU time)
Log-likelihood of RapidNJ tree: -4466.364
--------------------------------------------------------------------
|             INITIALIZING CANDIDATE TREE SET                      |
--------------------------------------------------------------------
Generating 99 parsimony trees... 0.252 second
Computing log-likelihood of 99 initial trees ... 0.848 seconds
Current best score: -4466.364

Do NNI search on 20 best initial trees
Optimizing NNI: done in 0.037528 secs using 198.9% CPU
Estimate model parameters (epsilon = 0.100)
BETTER TREE FOUND at iteration 1: -4466.364
Optimizing NNI: done in 0.0682549 secs using 199% CPU
Optimizing NNI: done in 0.0764461 secs using 199.1% CPU
Optimizing NNI: done in 0.115286 secs using 199% CPU
Optimizing NNI: done in 0.10019 secs using 199% CPU
Optimizing NNI: done in 0.130451 secs using 196.3% CPU
Optimizing NNI: done in 0.0827711 secs using 199.2% CPU
Optimizing NNI: done in 0.0789809 secs using 198.9% CPU
Optimizing NNI: done in 0.103804 secs using 199.7% CPU
Optimizing NNI: done in 0.138443 secs using 197.6% CPU
Iteration 10 / LogL: -4466.433 / Time: 0h:0m:3s
Optimizing NNI: done in 0.103235 secs using 198.1% CPU
Optimizing NNI: done in 0.105032 secs using 199.1% CPU
Optimizing NNI: done in 0.0830221 secs using 196.6% CPU
Optimizing NNI: done in 0.122882 secs using 199% CPU
Optimizing NNI: done in 0.0995021 secs using 199.1% CPU
Optimizing NNI: done in 0.116611 secs using 198.1% CPU
Optimizing NNI: done in 0.138275 secs using 195.9% CPU
Optimizing NNI: done in 0.101558 secs using 198.9% CPU
Optimizing NNI: done in 0.11293 secs using 199% CPU
Optimizing NNI: done in 0.138464 secs using 197.6% CPU
Iteration 20 / LogL: -4466.372 / Time: 0h:0m:4s
Finish initializing candidate tree set (2)
Current best tree score: -4466.364 / CPU time: 3.239
Number of iterations: 20
--------------------------------------------------------------------
|               OPTIMIZING CANDIDATE TREE SET                      |
--------------------------------------------------------------------
Optimizing NNI: done in 0.096827 secs using 198% CPU
Optimizing NNI: done in 0.139712 secs using 198.4% CPU
Optimizing NNI: done in 0.181243 secs using 197.4% CPU
Optimizing NNI: done in 0.091254 secs using 196.7% CPU
Optimizing NNI: done in 0.104648 secs using 198.6% CPU
Optimizing NNI: done in 0.110364 secs using 198.2% CPU
Optimizing NNI: done in 0.142367 secs using 199% CPU
Optimizing NNI: done in 0.135474 secs using 198.3% CPU
Optimizing NNI: done in 0.144722 secs using 198.3% CPU
Optimizing NNI: done in 0.0813029 secs using 197.8% CPU
Iteration 30 / LogL: -4466.445 / Time: 0h:0m:6s (0h:0m:15s left)
Optimizing NNI: done in 0.124099 secs using 197.4% CPU
Optimizing NNI: done in 0.149237 secs using 198.9% CPU
Optimizing NNI: done in 0.176183 secs using 198.4% CPU
Optimizing NNI: done in 0.107066 secs using 199% CPU
Optimizing NNI: done in 0.123959 secs using 197.4% CPU
Optimizing NNI: done in 0.140538 secs using 198.3% CPU
Optimizing NNI: done in 0.100124 secs using 199% CPU
Optimizing NNI: done in 0.130682 secs using 198.3% CPU
Optimizing NNI: done in 0.185827 secs using 197.9% CPU
Optimizing NNI: done in 0.129999 secs using 198.2% CPU
Iteration 40 / LogL: -4466.640 / Time: 0h:0m:7s (0h:0m:12s left)
Optimizing NNI: done in 0.119859 secs using 199.7% CPU
Optimizing NNI: done in 0.196336 secs using 199.1% CPU
Optimizing NNI: done in 0.100239 secs using 195% CPU
Optimizing NNI: done in 0.134648 secs using 199.1% CPU
Optimizing NNI: done in 0.115693 secs using 199% CPU
Optimizing NNI: done in 0.128363 secs using 197.5% CPU
Optimizing NNI: done in 0.165516 secs using 198.4% CPU
Optimizing NNI: done in 0.104945 secs using 198.1% CPU
Optimizing NNI: done in 0.128131 secs using 199% CPU
Optimizing NNI: done in 0.13678 secs using 199.1% CPU
Iteration 50 / LogL: -4466.431 / Time: 0h:0m:9s (0h:0m:9s left)
Log-likelihood cutoff on original alignment: -4510.762
Optimizing NNI: done in 0.116213 secs using 197.3% CPU
Optimizing NNI: done in 0.0922861 secs using 198.9% CPU
Optimizing NNI: done in 0.142864 secs using 197.7% CPU
Optimizing NNI: done in 0.079699 secs using 197.7% CPU
Optimizing NNI: done in 0.110339 secs using 198.8% CPU
Optimizing NNI: done in 0.107003 secs using 199.1% CPU
Optimizing NNI: done in 0.133737 secs using 198.8% CPU
Optimizing NNI: done in 0.153138 secs using 198.4% CPU
Optimizing NNI: done in 0.115292 secs using 197.2% CPU
Optimizing NNI: done in 0.153246 secs using 198.3% CPU
Iteration 60 / LogL: -4466.550 / Time: 0h:0m:10s (0h:0m:7s left)
Optimizing NNI: done in 0.12228 secs using 198.2% CPU
Optimizing NNI: done in 0.0661201 secs using 199% CPU
Optimizing NNI: done in 0.172914 secs using 196.8% CPU
Optimizing NNI: done in 0.126942 secs using 198.3% CPU
Optimizing NNI: done in 0.190724 secs using 198.6% CPU
Optimizing NNI: done in 0.163996 secs using 197.2% CPU
Optimizing NNI: done in 0.141224 secs using 197.6% CPU
Optimizing NNI: done in 0.120744 secs using 199.1% CPU
Optimizing NNI: done in 0.100206 secs using 197.1% CPU
Optimizing NNI: done in 0.161043 secs using 198.7% CPU
Iteration 70 / LogL: -4467.008 / Time: 0h:0m:12s (0h:0m:5s left)
Optimizing NNI: done in 0.155067 secs using 198.4% CPU
Optimizing NNI: done in 0.119598 secs using 199.1% CPU
Optimizing NNI: done in 0.105984 secs using 197% CPU
Optimizing NNI: done in 0.132645 secs using 198.2% CPU
Optimizing NNI: done in 0.108679 secs using 199.1% CPU
Optimizing NNI: done in 0.142413 secs using 198.4% CPU
Optimizing NNI: done in 0.108731 secs using 198.1% CPU
Optimizing NNI: done in 0.207214 secs using 199% CPU
Optimizing NNI: done in 0.097225 secs using 198% CPU
Optimizing NNI: done in 0.100412 secs using 197.4% CPU
Iteration 80 / LogL: -4477.854 / Time: 0h:0m:13s (0h:0m:3s left)
Optimizing NNI: done in 0.0774989 secs using 199% CPU
Optimizing NNI: done in 0.215193 secs using 198.1% CPU
Optimizing NNI: done in 0.119609 secs using 198.2% CPU
Optimizing NNI: done in 0.168141 secs using 199% CPU
Optimizing NNI: done in 0.162687 secs using 198.6% CPU
Optimizing NNI: done in 0.167237 secs using 197.8% CPU
Optimizing NNI: done in 0.109174 secs using 198.1% CPU
Optimizing NNI: done in 0.0792251 secs using 197.7% CPU
Optimizing NNI: done in 0.138555 secs using 198.4% CPU
Optimizing NNI: done in 0.0996411 secs using 197.1% CPU
Iteration 90 / LogL: -4477.823 / Time: 0h:0m:14s (0h:0m:1s left)
Optimizing NNI: done in 0.135234 secs using 198.3% CPU
Optimizing NNI: done in 0.153016 secs using 197.7% CPU
Optimizing NNI: done in 0.1541 secs using 197.8% CPU
Optimizing NNI: done in 0.13729 secs using 198.2% CPU
Optimizing NNI: done in 0.0853422 secs using 197.8% CPU
Optimizing NNI: done in 0.142391 secs using 198.4% CPU
Optimizing NNI: done in 0.112441 secs using 195.5% CPU
Optimizing NNI: done in 0.132328 secs using 198.3% CPU
Optimizing NNI: done in 0.144415 secs using 197.7% CPU
Optimizing NNI: done in 0.080236 secs using 197.8% CPU
Iteration 100 / LogL: -4466.744 / Time: 0h:0m:16s (0h:0m:0s left)
Log-likelihood cutoff on original alignment: -4510.762
NOTE: Bootstrap correlation coefficient of split occurrence frequencies: 1.000
Optimizing NNI: done in 0.116565 secs using 199.4% CPU
Optimizing NNI: done in 0.159292 secs using 197.8% CPU
TREE SEARCH COMPLETED AFTER 102 ITERATIONS / Time: 0h:0m:16s

--------------------------------------------------------------------
|                    FINALIZING TREE SEARCH                        |
--------------------------------------------------------------------
Performs final model parameters optimization
Estimate model parameters (epsilon = 0.010)
1. Initial log-likelihood: -4466.364
Optimal log-likelihood: -4466.364
Proportion of invariable sites: 0.076
Gamma shape alpha: 1.642
Parameters optimization took 1 rounds (0.029 sec)
BEST SCORE FOUND : -4466.364

Testing tree branches by SH-like aLRT with 1000 replicates...
0.084 sec.
Creating bootstrap support values...
Split supports printed to NEXUS file FungalCW_tree_20231129/492591at4751.aa.mfa.splits.nex
Total tree length: 6.975

Total number of iterations: 102
CPU time used for tree search: 29.295 sec (0h:0m:29s)
Wall-clock time used for tree search: 14.890 sec (0h:0m:14s)
Total CPU time used: 33.025 sec (0h:0m:33s)
Total wall-clock time used: 16.846 sec (0h:0m:16s)

Computing bootstrap consensus tree...
Reading input file FungalCW_tree_20231129/492591at4751.aa.mfa.splits.nex...
17 taxa and 111 splits.
Consensus tree written to FungalCW_tree_20231129/492591at4751.aa.mfa.contree
Reading input trees file FungalCW_tree_20231129/492591at4751.aa.mfa.contree
Log-likelihood of consensus tree: -4466.592

Analysis results written to: 
  IQ-TREE report:                FungalCW_tree_20231129/492591at4751.aa.mfa.iqtree
  Maximum-likelihood tree:       FungalCW_tree_20231129/492591at4751.aa.mfa.treefile
  Likelihood distances:          FungalCW_tree_20231129/492591at4751.aa.mfa.mldist

Ultrafast bootstrap approximation results written to:
  Split support values:          FungalCW_tree_20231129/492591at4751.aa.mfa.splits.nex
  Consensus tree:                FungalCW_tree_20231129/492591at4751.aa.mfa.contree
  Screen log file:               FungalCW_tree_20231129/492591at4751.aa.mfa.log

Date and Time: Wed Nov 29 01:44:48 2023
