IQ-TREE multicore version 2.2.2.6 COVID-edition for Linux 64-bit built May 27 2023
Developed by Bui Quang Minh, James Barbetti, Nguyen Lam Tung,
Olga Chernomor, Heiko Schmidt, Dominik Schrempf, Michael Woodhams, Ly Trong Nhan.

Host:    i28 (AVX2, FMA3, 503 GB RAM)
Command: iqtree2 -s FungalCW_tree_20231129/50786at4751.aa.mfa -gz -B 1000 -alrt 1000 -nt 2
Seed:    442656 (Using SPRNG - Scalable Parallel Random Number Generator)
Time:    Wed Nov 29 01:44:16 2023
Kernel:  AVX+FMA - 2 threads (2 CPU cores detected)

Reading alignment file FungalCW_tree_20231129/50786at4751.aa.mfa ... Fasta format detected
Reading fasta file: done in 0.000386 secs
Alignment most likely contains protein sequences
Constructing alignment: done in 0.00198817 secs using 132.8% CPU
Alignment has 17 sequences with 869 columns, 761 distinct patterns
552 parsimony-informative, 150 singleton sites, 167 constant sites
                                                               Gap/Ambiguity  Composition  p-value
Analyzing sequences: done in 5.50747e-05 secs using 194.3% CPU
   1  Basidiobolus_meristosporus_CBS_931.73.Basme2finSC.v1            15.42%    passed     98.18%
   2  Botrytis_cinerea_T4                                             15.30%    passed     99.83%
   3  Colletotrichum_graminicola_M1.001                               14.73%    passed     99.50%
   4  Colletotrichum_higginsianum_IMI_349063                          15.30%    passed     99.64%
   5  Fusarium_graminearum_PH-1                                       14.15%    passed     96.91%
   6  Fusarium_verticillioides_7600                                   14.04%    passed     99.76%
   7  Gilbertella_persicaria_var_persicaria_CBS_190.32-T.Gilper1.v1   15.77%    passed     98.89%
   8  Mortierella_elongata_AG-77                                      17.03%    passed     99.99%
   9  Mucor_mucedo_NRRL_3635                                          16.11%    passed     99.20%
  10  Neoconidiobolus_thromboides_FSU_785.Conth1.v1                   16.57%    passed     78.89%
  11  Phycomyces_blakesleeanus_NRRL_1555.Phybl2.v2                    16.00%    passed     93.82%
  12  Rhizopus_stolonifer_NRRL_66455                                  16.34%    passed     76.85%
  13  Trichoderma_harzianum_CBS_226.95                                13.81%    passed     98.95%
  14  Umbelopsis_ramanniana_NRRL_5844.Umbra1.v1                       16.34%    passed     99.06%
  15  Ustilago_maydis                                                 21.06%    passed     17.43%
  16  Zoophthora_radicans_ATCC_208865                                 18.07%    passed     29.86%
  17  Zymoseptoria_tritici_IP0323                                     15.54%    passed     88.56%
****  TOTAL                                                           15.98%  0 sequences failed composition chi2 test (p-value<5%; df=19)
Checking for duplicate sequences: done in 0.000134945 secs using 193.4% CPU


Create initial parsimony tree by phylogenetic likelihood library (PLL)... 0.005 seconds
Perform fast likelihood tree search using LG+I+G model...
Estimate model parameters (epsilon = 5.000)
Perform nearest neighbor interchange...
Optimizing NNI: done in 0.165492 secs using 196.8% CPU
Estimate model parameters (epsilon = 1.000)
1. Initial log-likelihood: -16935.110
2. Current log-likelihood: -16933.681
Optimal log-likelihood: -16933.025
Proportion of invariable sites: 0.042
Gamma shape alpha: 0.653
Parameters optimization took 2 rounds (0.216 sec)
Time for fast ML tree search: 0.891 seconds

NOTE: ModelFinder requires 23 MB RAM!
ModelFinder will test up to 1232 protein models (sample size: 869) ...
 No. Model         -LnL         df  AIC          AICc         BIC
  1  LG            17898.660    31  35859.320    35861.690    36007.107
  2  LG+I          17581.797    32  35227.594    35230.120    35380.149
  3  LG+G4         16929.794    32  33923.587    33926.114    34076.142
  4  LG+I+G4       16930.693    33  33927.387    33930.074    34084.709
  5  LG+R2         17062.611    33  34191.221    34193.909    34348.543
  6  LG+R3         16912.276    35  33894.551    33897.576    34061.408
  7  LG+R4         16905.299    37  33884.599    33887.983    34060.991
  8  LG+R5         16905.202    39  33888.405    33892.168    34074.331
 14  LG+I+R2       16963.536    34  33995.071    33997.925    34157.161
 15  LG+I+R3       16908.519    36  33889.038    33892.240    34060.663
 16  LG+I+R4       16905.763    38  33887.526    33891.097    34068.685
 28  LG+F+R3       16867.394    54  33842.788    33850.085    34100.225
 29  LG+F+R4       16862.295    56  33836.590    33844.452    34103.562
 37  LG+F+I+R3     16865.707    55  33841.415    33848.992    34103.619
 38  LG+F+I+R4     16862.548    57  33839.097    33847.250    34110.835
 50  WAG+R3        16930.334    35  33930.668    33933.693    34097.525
 51  WAG+R4        16928.224    37  33930.447    33933.831    34106.839
 59  WAG+I+R3      16929.794    36  33931.588    33934.790    34103.213
 60  WAG+I+R4      16928.660    38  33933.321    33936.892    34114.480
 72  WAG+F+R3      16906.036    54  33920.073    33927.370    34177.509
 73  WAG+F+R4      16904.446    56  33920.891    33928.754    34187.863
 81  WAG+F+I+R3    16905.531    55  33921.061    33928.638    34183.265
 82  WAG+F+I+R4    16904.742    57  33923.484    33931.636    34195.222
 94  JTT+R3        16993.835    35  34057.670    34060.695    34224.527
 95  JTT+R4        16988.988    37  34051.976    34055.360    34228.368
103  JTT+I+R3      16992.235    36  34056.469    34059.671    34228.093
104  JTT+I+R4      16989.333    38  34054.665    34058.237    34235.824
116  JTT+F+R3      16933.342    54  33974.683    33981.981    34232.120
117  JTT+F+R4      16929.216    56  33970.431    33978.293    34237.402
125  JTT+F+I+R3    16932.229    55  33974.458    33982.035    34236.662
126  JTT+F+I+R4    16929.502    57  33973.003    33981.156    34244.742
WARNING: Normalizing state frequencies so that sum of them equals to 1
138  Q.pfam+R3     16906.503    35  33883.006    33886.031    34049.863
WARNING: Normalizing state frequencies so that sum of them equals to 1
139  Q.pfam+R4     16898.470    37  33870.940    33874.324    34047.332
WARNING: Normalizing state frequencies so that sum of them equals to 1
147  Q.pfam+I+R3   16900.261    36  33872.523    33875.725    34044.147
WARNING: Normalizing state frequencies so that sum of them equals to 1
148  Q.pfam+I+R4   16898.684    38  33873.367    33876.938    34054.526
WARNING: Normalizing state frequencies so that sum of them equals to 1
160  Q.pfam+F+R3   16849.149    54  33806.297    33813.595    34063.734
WARNING: Normalizing state frequencies so that sum of them equals to 1
161  Q.pfam+F+R4   16843.597    56  33799.194    33807.056    34066.165
WARNING: Normalizing state frequencies so that sum of them equals to 1
169  Q.pfam+F+I+R3 16845.380    55  33800.760    33808.337    34062.964
WARNING: Normalizing state frequencies so that sum of them equals to 1
170  Q.pfam+F+I+R4 16843.948    57  33801.897    33810.049    34073.635
WARNING: Normalizing state frequencies so that sum of them equals to 1
182  Q.bird+R3     17323.611    35  34717.223    34720.248    34884.080
WARNING: Normalizing state frequencies so that sum of them equals to 1
183  Q.bird+R4     17305.897    37  34685.794    34689.178    34862.186
WARNING: Normalizing state frequencies so that sum of them equals to 1
191  Q.bird+I+R3   17311.304    36  34694.607    34697.809    34866.232
WARNING: Normalizing state frequencies so that sum of them equals to 1
192  Q.bird+I+R4   17305.625    38  34687.251    34690.822    34868.410
WARNING: Normalizing state frequencies so that sum of them equals to 1
204  Q.bird+F+R3   17239.991    54  34587.982    34595.280    34845.419
WARNING: Normalizing state frequencies so that sum of them equals to 1
205  Q.bird+F+R4   17222.501    56  34557.003    34564.865    34823.974
WARNING: Normalizing state frequencies so that sum of them equals to 1
213  Q.bird+F+I+R3 17227.367    55  34564.734    34572.311    34826.938
WARNING: Normalizing state frequencies so that sum of them equals to 1
214  Q.bird+F+I+R4 17222.496    57  34558.991    34567.144    34830.730
WARNING: Normalizing state frequencies so that sum of them equals to 1
226  Q.mammal+R3   17196.861    35  34463.723    34466.748    34630.580
WARNING: Normalizing state frequencies so that sum of them equals to 1
227  Q.mammal+R4   17183.875    37  34441.749    34445.133    34618.141
WARNING: Normalizing state frequencies so that sum of them equals to 1
235  Q.mammal+I+R3 17187.429    36  34446.858    34450.060    34618.482
WARNING: Normalizing state frequencies so that sum of them equals to 1
236  Q.mammal+I+R4 17183.730    38  34443.459    34447.030    34624.618
WARNING: Normalizing state frequencies so that sum of them equals to 1
248  Q.mammal+F+R3 17104.630    54  34317.259    34324.557    34574.696
WARNING: Normalizing state frequencies so that sum of them equals to 1
249  Q.mammal+F+R4 17092.467    56  34296.935    34304.797    34563.906
WARNING: Normalizing state frequencies so that sum of them equals to 1
257  Q.mammal+F+I+R3 17095.679    55  34301.357    34308.934    34563.561
WARNING: Normalizing state frequencies so that sum of them equals to 1
258  Q.mammal+F+I+R4 17092.453    57  34298.905    34307.058    34570.644
270  Q.insect+R3   16893.290    35  33856.580    33859.605    34023.437
271  Q.insect+R4   16884.953    37  33843.905    33847.289    34020.297
279  Q.insect+I+R3 16887.547    36  33847.094    33850.296    34018.718
280  Q.insect+I+R4 16885.177    38  33846.355    33849.926    34027.514
292  Q.insect+F+R3 16801.670    54  33711.341    33718.638    33968.777
293  Q.insect+F+R4 16795.075    56  33702.150    33710.012    33969.122
301  Q.insect+F+I+R3 16799.078    55  33708.155    33715.732    33970.359
302  Q.insect+F+I+R4 16795.105    57  33704.210    33712.363    33975.948
WARNING: Normalizing state frequencies so that sum of them equals to 1
314  Q.plant+R3    17062.702    35  34195.404    34198.429    34362.261
WARNING: Normalizing state frequencies so that sum of them equals to 1
315  Q.plant+R4    17052.125    37  34178.249    34181.633    34354.641
WARNING: Normalizing state frequencies so that sum of them equals to 1
323  Q.plant+I+R3  17055.490    36  34182.979    34186.181    34354.604
WARNING: Normalizing state frequencies so that sum of them equals to 1
324  Q.plant+I+R4  17050.979    38  34177.958    34181.529    34359.117
WARNING: Normalizing state frequencies so that sum of them equals to 1
336  Q.plant+F+R3  17003.965    54  34115.929    34123.227    34373.366
WARNING: Normalizing state frequencies so that sum of them equals to 1
337  Q.plant+F+R4  16995.141    56  34102.282    34110.144    34369.253
WARNING: Normalizing state frequencies so that sum of them equals to 1
345  Q.plant+F+I+R3 16999.663    55  34109.326    34116.903    34371.530
WARNING: Normalizing state frequencies so that sum of them equals to 1
346  Q.plant+F+I+R4 16994.345    57  34102.690    34110.842    34374.428
WARNING: Normalizing state frequencies so that sum of them equals to 1
358  Q.yeast+R3    16913.561    35  33897.122    33900.147    34063.979
WARNING: Normalizing state frequencies so that sum of them equals to 1
359  Q.yeast+R4    16904.251    37  33882.501    33885.885    34058.893
WARNING: Normalizing state frequencies so that sum of them equals to 1
367  Q.yeast+I+R3  16907.151    36  33886.303    33889.505    34057.927
WARNING: Normalizing state frequencies so that sum of them equals to 1
368  Q.yeast+I+R4  16904.717    38  33885.434    33889.005    34066.593
WARNING: Normalizing state frequencies so that sum of them equals to 1
380  Q.yeast+F+R3  16819.060    54  33746.121    33753.418    34003.557
WARNING: Normalizing state frequencies so that sum of them equals to 1
381  Q.yeast+F+R4  16812.661    56  33737.322    33745.184    34004.293
WARNING: Normalizing state frequencies so that sum of them equals to 1
389  Q.yeast+F+I+R3 16816.215    55  33742.430    33750.007    34004.634
WARNING: Normalizing state frequencies so that sum of them equals to 1
390  Q.yeast+F+I+R4 16812.843    57  33739.687    33747.840    34011.425
402  JTTDCMut+R3   16990.777    35  34051.555    34054.580    34218.412
403  JTTDCMut+R4   16986.252    37  34046.504    34049.888    34222.896
411  JTTDCMut+I+R3 16989.382    36  34050.764    34053.966    34222.388
412  JTTDCMut+I+R4 16986.506    38  34049.012    34052.583    34230.171
424  JTTDCMut+F+R3 16931.294    54  33970.589    33977.886    34228.025
425  JTTDCMut+F+R4 16927.350    56  33966.700    33974.562    34233.671
433  JTTDCMut+F+I+R3 16930.260    55  33970.521    33978.097    34232.724
434  JTTDCMut+F+I+R4 16927.589    57  33969.178    33977.331    34240.917
446  DCMut+R3      17059.386    35  34188.772    34191.797    34355.629
447  DCMut+R4      17053.329    37  34180.657    34184.041    34357.049
455  DCMut+I+R3    17058.831    36  34189.661    34192.863    34361.286
456  DCMut+I+R4    17052.939    38  34181.877    34185.448    34363.036
468  DCMut+F+R3    16928.828    54  33965.656    33972.953    34223.092
469  DCMut+F+R4    16921.677    56  33955.355    33963.217    34222.326
477  DCMut+F+I+R3  16927.185    55  33964.370    33971.947    34226.574
478  DCMut+F+I+R4  16921.305    57  33956.609    33964.762    34228.348
490  VT+R3         16919.171    35  33908.341    33911.366    34075.198
491  VT+R4         16916.806    37  33907.612    33910.996    34084.004
499  VT+I+R3       16918.236    36  33908.471    33911.673    34080.096
500  VT+I+R4       16917.222    38  33910.443    33914.014    34091.602
512  VT+F+R3       16895.590    54  33899.180    33906.477    34156.616
513  VT+F+R4       16894.364    56  33900.729    33908.591    34167.700
521  VT+F+I+R3     16895.164    55  33900.328    33907.905    34162.532
522  VT+F+I+R4     16894.555    57  33903.110    33911.263    34174.849
534  PMB+R3        17048.169    35  34166.338    34169.364    34333.195
535  PMB+R4        17045.748    37  34165.497    34168.881    34341.889
543  PMB+I+R3      17047.221    36  34166.443    34169.645    34338.067
544  PMB+I+R4      17046.322    38  34168.645    34172.216    34349.804
556  PMB+F+R3      16965.625    54  34039.250    34046.547    34296.686
557  PMB+F+R4      16964.356    56  34040.712    34048.574    34307.683
565  PMB+F+I+R3    16965.436    55  34040.872    34048.449    34303.076
566  PMB+F+I+R4    16964.756    57  34043.512    34051.665    34315.251
578  Blosum62+R3   17042.547    35  34155.093    34158.118    34321.950
579  Blosum62+R4   17038.786    37  34151.572    34154.956    34327.963
587  Blosum62+I+R3 17041.597    36  34155.194    34158.396    34326.819
588  Blosum62+I+R4 17039.738    38  34155.477    34159.048    34336.636
600  Blosum62+F+R3 16966.430    54  34040.859    34048.157    34298.296
601  Blosum62+F+R4 16964.226    56  34040.452    34048.314    34307.423
609  Blosum62+F+I+R3 16966.374    55  34042.747    34050.324    34304.951
610  Blosum62+F+I+R4 16964.992    57  34043.984    34052.137    34315.722
622  Dayhoff+R3    17058.930    35  34187.861    34190.886    34354.718
623  Dayhoff+R4    17052.800    37  34179.599    34182.983    34355.991
631  Dayhoff+I+R3  17058.373    36  34188.746    34191.947    34360.370
632  Dayhoff+I+R4  17052.404    38  34180.808    34184.379    34361.967
644  Dayhoff+F+R3  16928.713    54  33965.425    33972.723    34222.862
645  Dayhoff+F+R4  16921.463    56  33954.926    33962.788    34221.897
653  Dayhoff+F+I+R3 16927.054    55  33964.107    33971.684    34226.311
654  Dayhoff+F+I+R4 16921.089    57  33956.178    33964.331    34227.917
666  mtREV+R3      17939.171    35  35948.342    35951.367    36115.199
667  mtREV+R4      17918.603    37  35911.205    35914.589    36087.597
675  mtREV+I+R3    17922.956    36  35917.911    35921.113    36089.536
676  mtREV+I+R4    17917.727    38  35911.455    35915.026    36092.614
688  mtREV+F+R3    17166.364    54  34440.728    34448.025    34698.164
689  mtREV+F+R4    17153.130    56  34418.259    34426.121    34685.230
697  mtREV+F+I+R3  17159.993    55  34429.987    34437.564    34692.191
698  mtREV+F+I+R4  17152.089    57  34418.177    34426.330    34689.916
710  mtART+R3      18068.189    35  36206.379    36209.404    36373.236
711  mtART+R4      18038.972    37  36151.945    36155.329    36328.337
719  mtART+I+R3    18043.551    36  36159.102    36162.304    36330.727
720  mtART+I+R4    18031.440    38  36138.881    36142.452    36320.040
732  mtART+F+R3    17251.489    54  34610.978    34618.275    34868.415
733  mtART+F+R4    17235.461    56  34582.922    34590.784    34849.893
741  mtART+F+I+R3  17241.641    55  34593.282    34600.858    34855.485
742  mtART+F+I+R4  17233.010    57  34580.021    34588.174    34851.759
754  mtZOA+R3      17759.687    35  35589.374    35592.399    35756.231
755  mtZOA+R4      17737.135    37  35548.271    35551.655    35724.662
763  mtZOA+I+R3    17740.905    36  35553.809    35557.011    35725.433
764  mtZOA+I+R4    17732.951    38  35541.903    35545.474    35723.062
776  mtZOA+F+R3    17126.884    54  34361.769    34369.066    34619.205
777  mtZOA+F+R4    17112.570    56  34337.140    34345.002    34604.111
785  mtZOA+F+I+R3  17121.746    55  34353.492    34361.069    34615.696
786  mtZOA+F+I+R4  17111.216    57  34336.432    34344.585    34608.170
798  mtMet+R3      18002.631    35  36075.263    36078.288    36242.120
799  mtMet+R4      17983.543    37  36041.086    36044.470    36217.478
807  mtMet+I+R3    17986.842    36  36045.683    36048.885    36217.307
808  mtMet+I+R4    17983.590    38  36043.180    36046.751    36224.339
820  mtMet+F+R3    17184.586    54  34477.172    34484.469    34734.608
821  mtMet+F+R4    17170.159    56  34452.318    34460.180    34719.289
829  mtMet+F+I+R3  17178.835    55  34467.671    34475.247    34729.874
830  mtMet+F+I+R4  17168.600    57  34451.201    34459.354    34722.939
842  mtVer+R3      18175.929    35  36421.857    36424.883    36588.714
843  mtVer+R4      18152.918    37  36379.836    36383.220    36556.227
851  mtVer+I+R3    18158.447    36  36388.894    36392.096    36560.518
852  mtVer+I+R4    18150.420    38  36376.839    36380.410    36557.998
864  mtVer+F+R3    17414.982    54  34937.964    34945.261    35195.400
865  mtVer+F+R4    17393.003    56  34898.006    34905.868    35164.977
873  mtVer+F+I+R3  17406.370    55  34922.740    34930.317    35184.944
874  mtVer+F+I+R4  17390.946    57  34895.892    34904.044    35167.630
886  mtInv+R3      18078.380    35  36226.760    36229.785    36393.617
887  mtInv+R4      18063.756    37  36201.511    36204.895    36377.903
895  mtInv+I+R3    18066.560    36  36205.121    36208.323    36376.745
896  mtInv+I+R4    18063.592    38  36203.184    36206.755    36384.343
908  mtInv+F+R3    17074.427    54  34256.855    34264.152    34514.291
909  mtInv+F+R4    17061.058    56  34234.116    34241.978    34501.087
917  mtInv+F+I+R3  17071.706    55  34253.411    34260.988    34515.615
918  mtInv+F+I+R4  17060.723    57  34235.446    34243.599    34507.185
930  mtMAM+R3      18314.310    35  36698.620    36701.646    36865.477
931  mtMAM+R4      18277.855    37  36629.710    36633.094    36806.102
939  mtMAM+I+R3    18286.712    36  36645.424    36648.626    36817.049
940  mtMAM+I+R4    18273.513    38  36623.025    36626.596    36804.184
952  mtMAM+F+R3    17462.682    54  35033.365    35040.662    35290.801
953  mtMAM+F+R4    17437.596    56  34987.192    34995.054    35254.163
961  mtMAM+F+I+R3  17444.217    55  34998.433    35006.010    35260.637
962  mtMAM+F+I+R4  17433.488    57  34980.976    34989.129    35252.715
WARNING: Normalizing state frequencies so that sum of them equals to 1
974  FLAVI+R3      17750.213    35  35570.425    35573.451    35737.282
WARNING: Normalizing state frequencies so that sum of them equals to 1
975  FLAVI+R4      17726.196    37  35526.391    35529.775    35702.783
WARNING: Normalizing state frequencies so that sum of them equals to 1
983  FLAVI+I+R3    17734.434    36  35540.869    35544.071    35712.493
WARNING: Normalizing state frequencies so that sum of them equals to 1
984  FLAVI+I+R4    17721.989    38  35519.978    35523.549    35701.137
WARNING: Normalizing state frequencies so that sum of them equals to 1
996  FLAVI+F+R3    17570.433    54  35248.867    35256.164    35506.303
WARNING: Normalizing state frequencies so that sum of them equals to 1
997  FLAVI+F+R4    17546.229    56  35204.458    35212.320    35471.429
WARNING: Normalizing state frequencies so that sum of them equals to 1
1005  FLAVI+F+I+R3  17559.546    55  35229.092    35236.668    35491.295
WARNING: Normalizing state frequencies so that sum of them equals to 1
1006  FLAVI+F+I+R4  17544.102    57  35202.203    35210.356    35473.942
1018  HIVb+R3       17446.376    35  34962.751    34965.776    35129.608
1019  HIVb+R4       17432.842    37  34939.685    34943.068    35116.076
1027  HIVb+I+R3     17439.753    36  34951.506    34954.707    35123.130
1028  HIVb+I+R4     17430.624    38  34937.248    34940.819    35118.407
1040  HIVb+F+R3     17293.312    54  34694.625    34701.922    34952.061
1041  HIVb+F+R4     17279.358    56  34670.717    34678.579    34937.688
1049  HIVb+F+I+R3   17288.639    55  34687.279    34694.856    34949.483
1050  HIVb+F+I+R4   17277.968    57  34669.937    34678.090    34941.675
1062  HIVw+R3       18176.767    35  36423.535    36426.560    36590.392
1063  HIVw+R4       18156.377    37  36386.755    36390.138    36563.146
1071  HIVw+I+R3     18169.400    36  36410.799    36414.001    36582.424
1072  HIVw+I+R4     18155.861    38  36387.722    36391.293    36568.881
1084  HIVw+F+R3     17777.267    54  35662.533    35669.831    35919.970
1085  HIVw+F+R4     17762.062    56  35636.125    35643.987    35903.096
1093  HIVw+F+I+R3   17770.070    55  35650.139    35657.716    35912.343
1094  HIVw+F+I+R4   17760.634    57  35635.268    35643.421    35907.006
1106  FLU+R3        17400.231    35  34870.462    34873.487    35037.319
1107  FLU+R4        17386.006    37  34846.013    34849.397    35022.405
1115  FLU+I+R3      17390.534    36  34853.069    34856.271    35024.693
1116  FLU+I+R4      17386.063    38  34848.125    34851.696    35029.284
1128  FLU+F+R3      17247.225    54  34602.450    34609.747    34859.886
1129  FLU+F+R4      17235.356    56  34582.712    34590.574    34849.683
1137  FLU+F+I+R3    17238.597    55  34587.194    34594.771    34849.398
1138  FLU+F+I+R4    17235.481    57  34584.962    34593.115    34856.701
1150  rtREV+R3      17019.139    35  34108.278    34111.303    34275.135
1151  rtREV+R4      17009.341    37  34092.681    34096.065    34269.073
1159  rtREV+I+R3    17015.677    36  34103.355    34106.556    34274.979
1160  rtREV+I+R4    17009.858    38  34095.717    34099.288    34276.876
1172  rtREV+F+R3    16877.691    54  33863.382    33870.679    34120.818
1173  rtREV+F+R4    16869.924    56  33851.849    33859.711    34118.820
1181  rtREV+F+I+R3  16875.642    55  33861.285    33868.862    34123.489
1182  rtREV+F+I+R4  16870.143    57  33854.287    33862.440    34126.025
1194  cpREV+R3      17183.186    35  34436.372    34439.397    34603.229
1195  cpREV+R4      17179.976    37  34433.952    34437.336    34610.344
1203  cpREV+I+R3    17180.898    36  34433.797    34436.999    34605.421
1204  cpREV+I+R4    17179.613    38  34435.225    34438.796    34616.384
1216  cpREV+F+R3    17082.384    54  34272.768    34280.065    34530.205
1217  cpREV+F+R4    17078.657    56  34269.314    34277.176    34536.285
1225  cpREV+F+I+R3  17080.930    55  34271.861    34279.438    34534.065
1226  cpREV+F+I+R4  17078.529    57  34271.058    34279.211    34542.796
Akaike Information Criterion:           Q.insect+F+R4
Corrected Akaike Information Criterion: Q.insect+F+R4
Bayesian Information Criterion:         Q.insect+F+R3
Best-fit model: Q.insect+F+R3 chosen according to BIC

All model information printed to FungalCW_tree_20231129/50786at4751.aa.mfa.model.gz
CPU time for ModelFinder: 432.238 seconds (0h:7m:12s)
Wall-clock time for ModelFinder: 219.152 seconds (0h:3m:39s)
Generating 1000 samples for ultrafast bootstrap (seed: 442656)...

NOTE: 9 MB RAM (0 GB) is required!
Estimate model parameters (epsilon = 0.100)
1. Initial log-likelihood: -16801.670
Optimal log-likelihood: -16801.656
Site proportion and rates:  (0.314,0.081) (0.478,0.571) (0.208,3.381)
Parameters optimization took 1 rounds (0.130 sec)
Wrote distance file to... 
Computing ML distances based on estimated model parameters...
Calculating distance matrix: done in 0.0285661 secs using 194.5% CPU
Computing ML distances took 0.028884 sec (of wall-clock time) 0.056132 sec (of CPU time)
Setting up auxiliary I and S matrices: done in 5.60284e-05 secs using 201.7% CPU
Constructing RapidNJ tree: done in 0.000271797 secs using 199% CPU
Computing RapidNJ tree took 0.000450 sec (of wall-clock time) 0.000894 sec (of CPU time)
Log-likelihood of RapidNJ tree: -16827.151
--------------------------------------------------------------------
|             INITIALIZING CANDIDATE TREE SET                      |
--------------------------------------------------------------------
Generating 98 parsimony trees... 0.397 second
Computing log-likelihood of 98 initial trees ... 1.918 seconds
Current best score: -16801.656

Do NNI search on 20 best initial trees
Optimizing NNI: done in 0.0929551 secs using 198% CPU
Estimate model parameters (epsilon = 0.100)
BETTER TREE FOUND at iteration 1: -16801.652
Optimizing NNI: done in 0.183606 secs using 198% CPU
Optimizing NNI: done in 0.231173 secs using 197.3% CPU
Optimizing NNI: done in 0.253675 secs using 198.1% CPU
Optimizing NNI: done in 0.242988 secs using 197.2% CPU
Optimizing NNI: done in 0.25551 secs using 197.2% CPU
Optimizing NNI: done in 0.283777 secs using 197.7% CPU
Optimizing NNI: done in 0.294051 secs using 195.3% CPU
Optimizing NNI: done in 0.280547 secs using 197.9% CPU
Optimizing NNI: done in 0.264615 secs using 196.6% CPU
Iteration 10 / LogL: -16802.095 / Time: 0h:0m:5s
Optimizing NNI: done in 0.253309 secs using 197.4% CPU
Optimizing NNI: done in 0.250599 secs using 197.8% CPU
Optimizing NNI: done in 0.27608 secs using 197.2% CPU
Optimizing NNI: done in 0.310184 secs using 197.2% CPU
Optimizing NNI: done in 0.289062 secs using 197.4% CPU
Optimizing NNI: done in 0.307523 secs using 197.5% CPU
Optimizing NNI: done in 0.301587 secs using 197.5% CPU
Optimizing NNI: done in 0.303644 secs using 197.9% CPU
Optimizing NNI: done in 0.283877 secs using 198.1% CPU
Optimizing NNI: done in 0.303276 secs using 197.7% CPU
Iteration 20 / LogL: -16802.421 / Time: 0h:0m:8s
Finish initializing candidate tree set (1)
Current best tree score: -16801.652 / CPU time: 7.804
Number of iterations: 20
--------------------------------------------------------------------
|               OPTIMIZING CANDIDATE TREE SET                      |
--------------------------------------------------------------------
Optimizing NNI: done in 0.238991 secs using 198.2% CPU
Optimizing NNI: done in 0.176543 secs using 197.6% CPU
Optimizing NNI: done in 0.317687 secs using 197.6% CPU
Optimizing NNI: done in 0.210597 secs using 198.1% CPU
Optimizing NNI: done in 0.283942 secs using 197.7% CPU
Optimizing NNI: done in 0.314807 secs using 197.5% CPU
Optimizing NNI: done in 0.260397 secs using 198.1% CPU
Optimizing NNI: done in 0.230084 secs using 197.7% CPU
Optimizing NNI: done in 0.238006 secs using 198.2% CPU
Optimizing NNI: done in 0.442702 secs using 198% CPU
Iteration 30 / LogL: -16801.804 / Time: 0h:0m:11s (0h:0m:26s left)
Optimizing NNI: done in 0.358859 secs using 197.7% CPU
Optimizing NNI: done in 0.265239 secs using 196.6% CPU
Optimizing NNI: done in 0.2377 secs using 197.8% CPU
Optimizing NNI: done in 0.231056 secs using 197.7% CPU
Optimizing NNI: done in 0.177827 secs using 197.5% CPU
Optimizing NNI: done in 0.284397 secs using 198.1% CPU
Optimizing NNI: done in 0.268171 secs using 197.8% CPU
Optimizing NNI: done in 0.253574 secs using 197.8% CPU
Optimizing NNI: done in 0.386632 secs using 198.2% CPU
Optimizing NNI: done in 0.326656 secs using 196.6% CPU
Iteration 40 / LogL: -16801.675 / Time: 0h:0m:13s (0h:0m:21s left)
Optimizing NNI: done in 0.250249 secs using 197.3% CPU
Optimizing NNI: done in 0.456866 secs using 197.5% CPU
Optimizing NNI: done in 0.268038 secs using 197.7% CPU
Optimizing NNI: done in 0.411654 secs using 197.8% CPU
Optimizing NNI: done in 0.332239 secs using 197.1% CPU
Optimizing NNI: done in 0.384112 secs using 197.9% CPU
Optimizing NNI: done in 0.432636 secs using 197.8% CPU
Optimizing NNI: done in 0.34428 secs using 197.7% CPU
Optimizing NNI: done in 0.295796 secs using 197.8% CPU
Optimizing NNI: done in 0.34644 secs using 198.3% CPU
Iteration 50 / LogL: -16820.454 / Time: 0h:0m:17s (0h:0m:18s left)
Log-likelihood cutoff on original alignment: -16838.579
Optimizing NNI: done in 0.25671 secs using 197.7% CPU
Optimizing NNI: done in 0.257319 secs using 198.1% CPU
Optimizing NNI: done in 0.275553 secs using 197.6% CPU
Optimizing NNI: done in 0.276947 secs using 198.1% CPU
Optimizing NNI: done in 0.393797 secs using 196.5% CPU
Optimizing NNI: done in 0.235005 secs using 197.6% CPU
Optimizing NNI: done in 0.257649 secs using 197.5% CPU
Optimizing NNI: done in 0.494295 secs using 197.5% CPU
Optimizing NNI: done in 0.277817 secs using 197.5% CPU
Optimizing NNI: done in 0.334875 secs using 197% CPU
Iteration 60 / LogL: -16801.978 / Time: 0h:0m:20s (0h:0m:14s left)
Optimizing NNI: done in 0.185053 secs using 197.9% CPU
Optimizing NNI: done in 0.234939 secs using 197.4% CPU
Optimizing NNI: done in 0.290691 secs using 197.3% CPU
Optimizing NNI: done in 0.292636 secs using 196.8% CPU
Optimizing NNI: done in 0.288774 secs using 197.4% CPU
Optimizing NNI: done in 0.155253 secs using 196% CPU
Optimizing NNI: done in 0.176708 secs using 197.8% CPU
Optimizing NNI: done in 0.320806 secs using 197% CPU
Optimizing NNI: done in 0.301993 secs using 197.3% CPU
Optimizing NNI: done in 0.169064 secs using 197.5% CPU
Iteration 70 / LogL: -16820.617 / Time: 0h:0m:23s (0h:0m:10s left)
Optimizing NNI: done in 0.265037 secs using 197.4% CPU
Optimizing NNI: done in 0.389495 secs using 196.6% CPU
Optimizing NNI: done in 0.233191 secs using 196% CPU
Optimizing NNI: done in 0.30842 secs using 197.4% CPU
Optimizing NNI: done in 0.29983 secs using 196.6% CPU
Optimizing NNI: done in 0.372826 secs using 197.5% CPU
Optimizing NNI: done in 0.416326 secs using 197.1% CPU
Optimizing NNI: done in 0.376421 secs using 197.8% CPU
Optimizing NNI: done in 0.307673 secs using 196.3% CPU
Optimizing NNI: done in 0.349651 secs using 197.4% CPU
Iteration 80 / LogL: -16824.069 / Time: 0h:0m:26s (0h:0m:7s left)
Optimizing NNI: done in 0.307557 secs using 197.2% CPU
Optimizing NNI: done in 0.349741 secs using 196.4% CPU
Optimizing NNI: done in 0.192363 secs using 197.1% CPU
Optimizing NNI: done in 0.193137 secs using 196.7% CPU
Optimizing NNI: done in 0.274257 secs using 197.2% CPU
Optimizing NNI: done in 0.365171 secs using 197.3% CPU
Optimizing NNI: done in 0.287579 secs using 197.9% CPU
Optimizing NNI: done in 0.376703 secs using 197% CPU
Optimizing NNI: done in 0.391095 secs using 197.2% CPU
Optimizing NNI: done in 0.328347 secs using 197.3% CPU
Iteration 90 / LogL: -16801.835 / Time: 0h:0m:30s (0h:0m:3s left)
Optimizing NNI: done in 0.252116 secs using 197.9% CPU
Optimizing NNI: done in 0.349396 secs using 197.5% CPU
Optimizing NNI: done in 0.297584 secs using 197.1% CPU
Optimizing NNI: done in 0.325343 secs using 197% CPU
Optimizing NNI: done in 0.3307 secs using 197.8% CPU
Optimizing NNI: done in 0.367692 secs using 197.5% CPU
Optimizing NNI: done in 0.32793 secs using 197.2% CPU
Optimizing NNI: done in 0.3645 secs using 197.5% CPU
Optimizing NNI: done in 0.402941 secs using 197.8% CPU
Optimizing NNI: done in 0.24093 secs using 197.4% CPU
Iteration 100 / LogL: -16820.352 / Time: 0h:0m:33s (0h:0m:0s left)
Log-likelihood cutoff on original alignment: -16838.283
NOTE: Bootstrap correlation coefficient of split occurrence frequencies: 1.000
Optimizing NNI: done in 0.314587 secs using 197.1% CPU
Optimizing NNI: done in 0.293631 secs using 197.8% CPU
TREE SEARCH COMPLETED AFTER 102 ITERATIONS / Time: 0h:0m:34s

--------------------------------------------------------------------
|                    FINALIZING TREE SEARCH                        |
--------------------------------------------------------------------
Performs final model parameters optimization
Estimate model parameters (epsilon = 0.010)
1. Initial log-likelihood: -16801.652
Optimal log-likelihood: -16801.651
Site proportion and rates:  (0.313,0.080) (0.480,0.569) (0.208,3.379)
Parameters optimization took 1 rounds (0.128 sec)
BEST SCORE FOUND : -16801.651

Testing tree branches by SH-like aLRT with 1000 replicates...
0.249 sec.
Creating bootstrap support values...
Split supports printed to NEXUS file FungalCW_tree_20231129/50786at4751.aa.mfa.splits.nex
Total tree length: 10.838

Total number of iterations: 102
CPU time used for tree search: 66.521 sec (0h:1m:6s)
Wall-clock time used for tree search: 33.862 sec (0h:0m:33s)
Total CPU time used: 68.169 sec (0h:1m:8s)
Total wall-clock time used: 34.738 sec (0h:0m:34s)

Computing bootstrap consensus tree...
Reading input file FungalCW_tree_20231129/50786at4751.aa.mfa.splits.nex...
17 taxa and 48 splits.
Consensus tree written to FungalCW_tree_20231129/50786at4751.aa.mfa.contree
Reading input trees file FungalCW_tree_20231129/50786at4751.aa.mfa.contree
Log-likelihood of consensus tree: -16801.651

Analysis results written to: 
  IQ-TREE report:                FungalCW_tree_20231129/50786at4751.aa.mfa.iqtree
  Maximum-likelihood tree:       FungalCW_tree_20231129/50786at4751.aa.mfa.treefile
  Likelihood distances:          FungalCW_tree_20231129/50786at4751.aa.mfa.mldist

Ultrafast bootstrap approximation results written to:
  Split support values:          FungalCW_tree_20231129/50786at4751.aa.mfa.splits.nex
  Consensus tree:                FungalCW_tree_20231129/50786at4751.aa.mfa.contree
  Screen log file:               FungalCW_tree_20231129/50786at4751.aa.mfa.log

Date and Time: Wed Nov 29 01:48:30 2023
