IQ-TREE multicore version 2.2.2.6 COVID-edition for Linux 64-bit built May 27 2023
Developed by Bui Quang Minh, James Barbetti, Nguyen Lam Tung,
Olga Chernomor, Heiko Schmidt, Dominik Schrempf, Michael Woodhams, Ly Trong Nhan.

Host:    i24 (AVX2, FMA3, 503 GB RAM)
Command: iqtree2 -s FungalCW_tree_20231129/59795at4751.aa.mfa -gz -B 1000 -alrt 1000 -nt 2
Seed:    235642 (Using SPRNG - Scalable Parallel Random Number Generator)
Time:    Wed Nov 29 01:44:46 2023
Kernel:  AVX+FMA - 2 threads (2 CPU cores detected)

Reading alignment file FungalCW_tree_20231129/59795at4751.aa.mfa ... Fasta format detected
Reading fasta file: done in 0.00050211 secs using 69.31% CPU
Alignment most likely contains protein sequences
Constructing alignment: done in 0.0021441 secs using 99.3% CPU
Alignment has 18 sequences with 1387 columns, 1177 distinct patterns
593 parsimony-informative, 495 singleton sites, 299 constant sites
                                                               Gap/Ambiguity  Composition  p-value
Analyzing sequences: done in 9.70364e-05 secs using 98.93% CPU
   1  Basidiobolus_meristosporus_CBS_931.73.Basme2finSC.v1            34.75%    passed     97.40%
   2  Botrytis_cinerea_T4                                             34.39%    passed     89.38%
   3  Capillidium_pumilum_ARSEF_79                                    77.94%    passed     80.52%
   4  Colletotrichum_graminicola_M1.001                               33.89%    passed     98.99%
   5  Colletotrichum_higginsianum_IMI_349063                          33.89%    passed     98.59%
   6  Fusarium_graminearum_PH-1                                       33.96%    passed     98.70%
   7  Fusarium_verticillioides_7600                                   34.03%    passed     99.41%
   8  Gilbertella_persicaria_var_persicaria_CBS_190.32-T.Gilper1.v1   35.83%    passed     81.59%
   9  Mortierella_elongata_AG-77                                      38.28%    passed     93.44%
  10  Mucor_mucedo_NRRL_3635                                          35.11%    passed     59.09%
  11  Neoconidiobolus_thromboides_FSU_785.Conth1.v1                   35.04%    failed      3.08%
  12  Phycomyces_blakesleeanus_NRRL_1555.Phybl2.v2                    34.46%    passed     99.97%
  13  Rhizopus_stolonifer_NRRL_66455                                  33.67%    passed     64.50%
  14  Trichoderma_harzianum_CBS_226.95                                33.89%    passed     99.93%
  15  Umbelopsis_ramanniana_NRRL_5844.Umbra1.v1                       32.52%    passed     98.78%
  16  Ustilago_maydis                                                 33.89%    passed     57.84%
  17  Zoophthora_radicans_ATCC_208865                                 35.76%    passed     81.62%
  18  Zymoseptoria_tritici_IP0323                                     35.11%    passed     90.91%
WARNING: 1 sequences contain more than 50% gaps/ambiguity
****  TOTAL                                                           37.02%  1 sequences failed composition chi2 test (p-value<5%; df=19)
Checking for duplicate sequences: done in 0.000126123 secs using 25.37% CPU


Create initial parsimony tree by phylogenetic likelihood library (PLL)... 0.005 seconds
Perform fast likelihood tree search using LG+I+G model...
Estimate model parameters (epsilon = 5.000)
Perform nearest neighbor interchange...
Optimizing NNI: done in 0.308057 secs using 197% CPU
Estimate model parameters (epsilon = 1.000)
1. Initial log-likelihood: -17937.241
Optimal log-likelihood: -17937.012
Proportion of invariable sites: 0.081
Gamma shape alpha: 1.060
Parameters optimization took 1 rounds (0.129 sec)
Time for fast ML tree search: 1.076 seconds

NOTE: ModelFinder requires 37 MB RAM!
ModelFinder will test up to 1232 protein models (sample size: 1387) ...
 No. Model         -LnL         df  AIC          AICc         BIC
  1  LG            18605.445    33  37276.890    37278.549    37449.642
  2  LG+I          18288.372    34  36644.745    36646.505    36822.731
  3  LG+G4         17939.719    34  35947.439    35949.199    36125.425
  4  LG+I+G4       17936.827    35  35943.654    35945.520    36126.876
  5  LG+R2         17968.690    35  36007.380    36009.245    36190.601
  6  LG+R3         17939.978    37  35953.956    35956.040    36147.647
  7  LG+R4         17932.992    39  35943.984    35946.300    36148.145
 14  LG+I+R2       17949.314    36  35970.627    35972.601    36159.084
 15  LG+I+R3       17932.712    38  35941.425    35943.624    36140.351
 16  LG+I+R4       17932.328    40  35944.656    35947.093    36154.052
 25  LG+F+G4       17852.367    53  35810.733    35815.027    36088.183
 26  LG+F+I+G4     17850.020    54  35808.040    35812.499    36090.724
 47  WAG+G4        17989.363    34  36046.725    36048.486    36224.712
 48  WAG+I+G4      17981.732    35  36033.465    36035.330    36216.686
 69  WAG+F+G4      17932.865    53  35971.730    35976.024    36249.179
 70  WAG+F+I+G4    17926.721    54  35961.442    35965.901    36244.127
 91  JTT+G4        17963.520    34  35995.041    35996.801    36173.027
 92  JTT+I+G4      17957.224    35  35984.449    35986.314    36167.670
113  JTT+F+G4      17887.760    53  35881.519    35885.813    36158.969
114  JTT+F+I+G4    17882.652    54  35873.305    35877.764    36155.989
WARNING: Normalizing state frequencies so that sum of them equals to 1
135  Q.pfam+G4     17927.194    34  35922.387    35924.148    36100.374
WARNING: Normalizing state frequencies so that sum of them equals to 1
136  Q.pfam+I+G4   17924.158    35  35918.317    35920.182    36101.538
WARNING: Normalizing state frequencies so that sum of them equals to 1
157  Q.pfam+F+G4   17866.073    53  35838.146    35842.440    36115.595
WARNING: Normalizing state frequencies so that sum of them equals to 1
158  Q.pfam+F+I+G4 17863.519    54  35835.038    35839.497    36117.723
WARNING: Normalizing state frequencies so that sum of them equals to 1
179  Q.bird+G4     18211.566    34  36491.132    36492.892    36669.118
WARNING: Normalizing state frequencies so that sum of them equals to 1
180  Q.bird+I+G4   18207.448    35  36484.896    36486.761    36668.117
WARNING: Normalizing state frequencies so that sum of them equals to 1
201  Q.bird+F+G4   18143.182    53  36392.364    36396.658    36669.814
WARNING: Normalizing state frequencies so that sum of them equals to 1
202  Q.bird+F+I+G4 18140.504    54  36389.008    36393.467    36671.692
WARNING: Normalizing state frequencies so that sum of them equals to 1
223  Q.mammal+G4   18101.674    34  36271.348    36273.109    36449.335
WARNING: Normalizing state frequencies so that sum of them equals to 1
224  Q.mammal+I+G4 18097.500    35  36265.000    36266.865    36448.222
WARNING: Normalizing state frequencies so that sum of them equals to 1
245  Q.mammal+F+G4 18037.687    53  36181.374    36185.668    36458.824
WARNING: Normalizing state frequencies so that sum of them equals to 1
246  Q.mammal+F+I+G4 18035.101    54  36178.202    36182.661    36460.886
267  Q.insect+G4   17863.836    34  35795.672    35797.433    35973.659
268  Q.insect+I+G4 17860.665    35  35791.329    35793.194    35974.550
289  Q.insect+F+G4 17769.560    53  35645.119    35649.413    35922.569
290  Q.insect+F+I+G4 17767.193    54  35642.385    35646.845    35925.070
WARNING: Normalizing state frequencies so that sum of them equals to 1
311  Q.plant+G4    17967.159    34  36002.319    36004.079    36180.305
WARNING: Normalizing state frequencies so that sum of them equals to 1
312  Q.plant+I+G4  17964.217    35  35998.434    36000.299    36181.655
WARNING: Normalizing state frequencies so that sum of them equals to 1
333  Q.plant+F+G4  17920.397    53  35946.794    35951.088    36224.243
WARNING: Normalizing state frequencies so that sum of them equals to 1
334  Q.plant+F+I+G4 17918.341    54  35944.682    35949.142    36227.367
WARNING: Normalizing state frequencies so that sum of them equals to 1
355  Q.yeast+G4    17891.515    34  35851.030    35852.790    36029.016
WARNING: Normalizing state frequencies so that sum of them equals to 1
356  Q.yeast+I+G4  17888.048    35  35846.096    35847.961    36029.317
WARNING: Normalizing state frequencies so that sum of them equals to 1
377  Q.yeast+F+G4  17798.737    53  35703.474    35707.768    35980.924
WARNING: Normalizing state frequencies so that sum of them equals to 1
378  Q.yeast+F+I+G4 17795.894    54  35699.788    35704.248    35982.473
399  JTTDCMut+G4   17960.846    34  35989.693    35991.453    36167.679
400  JTTDCMut+I+G4 17954.415    35  35978.830    35980.696    36162.052
421  JTTDCMut+F+G4 17885.985    53  35877.969    35882.264    36155.419
422  JTTDCMut+F+I+G4 17880.851    54  35869.702    35874.162    36152.387
443  DCMut+G4      18043.234    34  36154.467    36156.227    36332.454
444  DCMut+I+G4    18035.502    35  36141.003    36142.868    36324.225
465  DCMut+F+G4    17907.379    53  35920.758    35925.052    36198.208
466  DCMut+F+I+G4  17901.317    54  35910.633    35915.093    36193.318
487  VT+G4         18005.903    34  36079.805    36081.566    36257.792
488  VT+I+G4       17998.264    35  36066.528    36068.393    36249.750
509  VT+F+G4       17950.609    53  36007.218    36011.513    36284.668
510  VT+F+I+G4     17943.875    54  35995.750    36000.210    36278.435
531  PMB+G4        18175.546    34  36419.092    36420.852    36597.078
532  PMB+I+G4      18168.276    35  36406.553    36408.418    36589.774
553  PMB+F+G4      18066.312    53  36238.624    36242.918    36516.074
554  PMB+F+I+G4    18059.686    54  36227.372    36231.831    36510.056
575  Blosum62+G4   18192.864    34  36453.729    36455.489    36631.715
576  Blosum62+I+G4 18186.605    35  36443.211    36445.076    36626.432
597  Blosum62+F+G4 18066.893    53  36239.787    36244.081    36517.237
598  Blosum62+F+I+G4 18061.107    54  36230.214    36234.673    36512.899
619  Dayhoff+G4    18042.468    34  36152.935    36154.695    36330.922
620  Dayhoff+I+G4  18034.759    35  36139.517    36141.383    36322.739
641  Dayhoff+F+G4  17906.954    53  35919.908    35924.202    36197.358
642  Dayhoff+F+I+G4 17900.905    54  35909.810    35914.270    36192.495
663  mtREV+G4      18756.105    34  37580.211    37581.971    37758.197
664  mtREV+I+G4    18756.484    35  37582.969    37584.834    37766.190
685  mtREV+F+G4    18092.981    53  36291.961    36296.256    36569.411
686  mtREV+F+I+G4  18092.464    54  36292.927    36297.387    36575.612
707  mtART+G4      18751.273    34  37570.545    37572.306    37748.532
708  mtART+I+G4    18750.685    35  37571.370    37573.236    37754.592
729  mtART+F+G4    18124.477    53  36354.953    36359.247    36632.403
730  mtART+F+I+G4  18124.132    54  36356.263    36360.723    36638.948
751  mtZOA+G4      18471.519    34  37011.039    37012.799    37189.025
752  mtZOA+I+G4    18471.092    35  37012.183    37014.048    37195.405
773  mtZOA+F+G4    17998.378    53  36102.756    36107.050    36380.206
774  mtZOA+F+I+G4  17998.303    54  36104.606    36109.065    36387.290
795  mtMet+G4      18763.890    34  37595.781    37597.541    37773.767
796  mtMet+I+G4    18763.908    35  37597.817    37599.682    37781.038
817  mtMet+F+G4    18068.885    53  36243.770    36248.064    36521.219
818  mtMet+F+I+G4  18068.336    54  36244.672    36249.132    36527.357
839  mtVer+G4      18898.052    34  37864.104    37865.865    38042.091
840  mtVer+I+G4    18898.747    35  37867.494    37869.359    38050.716
861  mtVer+F+G4    18256.264    53  36618.528    36622.822    36895.978
862  mtVer+F+I+G4  18256.201    54  36620.401    36624.861    36903.086
883  mtInv+G4      18882.336    34  37832.671    37834.432    38010.658
884  mtInv+I+G4    18881.754    35  37833.508    37835.373    38016.730
905  mtInv+F+G4    17963.015    53  36032.031    36036.325    36309.480
906  mtInv+F+I+G4  17962.357    54  36032.714    36037.174    36315.399
927  mtMAM+G4      19027.591    34  38123.181    38124.942    38301.168
928  mtMAM+I+G4    19027.145    35  38124.291    38126.156    38307.512
949  mtMAM+F+G4    18327.686    53  36761.372    36765.666    37038.822
950  mtMAM+F+I+G4  18326.874    54  36761.747    36766.207    37044.432
WARNING: Normalizing state frequencies so that sum of them equals to 1
971  FLAVI+G4      18564.196    34  37196.391    37198.152    37374.378
WARNING: Normalizing state frequencies so that sum of them equals to 1
972  FLAVI+I+G4    18561.025    35  37192.050    37193.916    37375.272
WARNING: Normalizing state frequencies so that sum of them equals to 1
993  FLAVI+F+G4    18370.751    53  36847.503    36851.797    37124.952
WARNING: Normalizing state frequencies so that sum of them equals to 1
994  FLAVI+F+I+G4  18368.585    54  36845.170    36849.630    37127.855
1015  HIVb+G4       18493.139    34  37054.278    37056.038    37232.264
1016  HIVb+I+G4     18486.705    35  37043.409    37045.275    37226.631
1037  HIVb+F+G4     18205.702    53  36517.403    36521.698    36794.853
1038  HIVb+F+I+G4   18200.826    54  36509.653    36514.112    36792.337
1059  HIVw+G4       19125.571    34  38319.141    38320.902    38497.128
1060  HIVw+I+G4     19116.891    35  38303.783    38305.648    38487.004
1081  HIVw+F+G4     18647.799    53  37401.598    37405.892    37679.047
1082  HIVw+F+I+G4   18641.799    54  37391.599    37396.058    37674.283
1103  FLU+G4        18311.770    34  36691.540    36693.301    36869.527
1104  FLU+I+G4      18306.275    35  36682.550    36684.415    36865.771
1125  FLU+F+G4      18144.003    53  36394.006    36398.300    36671.455
1126  FLU+F+I+G4    18139.107    54  36386.213    36390.673    36668.898
1147  rtREV+G4      18158.679    34  36385.359    36387.119    36563.345
1148  rtREV+I+G4    18155.266    35  36380.532    36382.397    36563.754
1169  rtREV+F+G4    17909.882    53  35925.763    35930.057    36203.213
1170  rtREV+F+I+G4  17907.558    54  35923.115    35927.575    36205.800
1191  cpREV+G4      18174.893    34  36417.786    36419.546    36595.772
1192  cpREV+I+G4    18168.983    35  36407.966    36409.831    36591.187
1213  cpREV+F+G4    18059.027    53  36224.053    36228.347    36501.503
1214  cpREV+F+I+G4  18053.588    54  36215.176    36219.636    36497.861
Akaike Information Criterion:           Q.insect+F+I+G4
Corrected Akaike Information Criterion: Q.insect+F+I+G4
Bayesian Information Criterion:         Q.insect+F+G4
Best-fit model: Q.insect+F+G4 chosen according to BIC

All model information printed to FungalCW_tree_20231129/59795at4751.aa.mfa.model.gz
CPU time for ModelFinder: 172.909 seconds (0h:2m:52s)
Wall-clock time for ModelFinder: 87.562 seconds (0h:1m:27s)
Generating 1000 samples for ultrafast bootstrap (seed: 235642)...

NOTE: 17 MB RAM (0 GB) is required!
Estimate model parameters (epsilon = 0.100)
1. Initial log-likelihood: -17769.560
Optimal log-likelihood: -17769.555
Gamma shape alpha: 0.769
Parameters optimization took 1 rounds (0.124 sec)
Wrote distance file to... 
Computing ML distances based on estimated model parameters...
Calculating distance matrix: done in 0.028512 secs using 198.1% CPU
Computing ML distances took 0.028832 sec (of wall-clock time) 0.057056 sec (of CPU time)
Setting up auxiliary I and S matrices: done in 6.41346e-05 secs using 198% CPU
Constructing RapidNJ tree: done in 0.000222921 secs using 50.69% CPU
Computing RapidNJ tree took 0.000408 sec (of wall-clock time) 0.000409 sec (of CPU time)
Log-likelihood of RapidNJ tree: -17822.864
--------------------------------------------------------------------
|             INITIALIZING CANDIDATE TREE SET                      |
--------------------------------------------------------------------
Generating 98 parsimony trees... 0.517 second
Computing log-likelihood of 98 initial trees ... 4.194 seconds
Current best score: -17769.555

Do NNI search on 20 best initial trees
Optimizing NNI: done in 0.328821 secs using 198% CPU
Estimate model parameters (epsilon = 0.100)
BETTER TREE FOUND at iteration 1: -17767.433
Optimizing NNI: done in 0.614991 secs using 197.8% CPU
Optimizing NNI: done in 0.661122 secs using 197.6% CPU
Optimizing NNI: done in 0.591424 secs using 197.5% CPU
Optimizing NNI: done in 0.61996 secs using 197.3% CPU
Optimizing NNI: done in 0.520084 secs using 197% CPU
Optimizing NNI: done in 0.438117 secs using 197.5% CPU
Optimizing NNI: done in 0.656126 secs using 197.8% CPU
Optimizing NNI: done in 0.781513 secs using 197.7% CPU
Optimizing NNI: done in 0.673712 secs using 197.7% CPU
Iteration 10 / LogL: -17769.470 / Time: 0h:0m:11s
Optimizing NNI: done in 0.570744 secs using 197.5% CPU
Optimizing NNI: done in 0.659506 secs using 197.9% CPU
Optimizing NNI: done in 0.862472 secs using 197.4% CPU
Optimizing NNI: done in 0.717582 secs using 197.5% CPU
Optimizing NNI: done in 0.769525 secs using 197.6% CPU
Optimizing NNI: done in 0.670559 secs using 197.8% CPU
Optimizing NNI: done in 0.771626 secs using 197.3% CPU
Optimizing NNI: done in 0.703778 secs using 197.2% CPU
Optimizing NNI: done in 0.70821 secs using 197.2% CPU
Optimizing NNI: done in 0.587333 secs using 197.3% CPU
Iteration 20 / LogL: -17768.914 / Time: 0h:0m:18s
Finish initializing candidate tree set (2)
Current best tree score: -17767.433 / CPU time: 17.930
Number of iterations: 20
--------------------------------------------------------------------
|               OPTIMIZING CANDIDATE TREE SET                      |
--------------------------------------------------------------------
Optimizing NNI: done in 0.557385 secs using 197.9% CPU
Optimizing NNI: done in 0.839819 secs using 197.4% CPU
Optimizing NNI: done in 0.42071 secs using 197.2% CPU
Optimizing NNI: done in 0.772823 secs using 197.7% CPU
Optimizing NNI: done in 0.481642 secs using 196.9% CPU
UPDATE BEST LOG-LIKELIHOOD: -17767.427
Optimizing NNI: done in 0.550595 secs using 197.1% CPU
Optimizing NNI: done in 0.747868 secs using 197.6% CPU
Optimizing NNI: done in 0.657697 secs using 197.5% CPU
Optimizing NNI: done in 0.562078 secs using 197.2% CPU
Optimizing NNI: done in 0.495196 secs using 197.9% CPU
Iteration 30 / LogL: -17767.456 / Time: 0h:0m:24s (0h:1m:0s left)
Optimizing NNI: done in 0.491429 secs using 197.7% CPU
Optimizing NNI: done in 0.694701 secs using 197.5% CPU
Optimizing NNI: done in 0.502912 secs using 197.5% CPU
Optimizing NNI: done in 0.636781 secs using 197.7% CPU
UPDATE BEST LOG-LIKELIHOOD: -17767.424
Optimizing NNI: done in 0.518351 secs using 197.6% CPU
UPDATE BEST LOG-LIKELIHOOD: -17767.423
Optimizing NNI: done in 0.476822 secs using 197.8% CPU
Optimizing NNI: done in 0.685279 secs using 197.7% CPU
Optimizing NNI: done in 0.683205 secs using 197.6% CPU
Optimizing NNI: done in 0.805697 secs using 197.2% CPU
Optimizing NNI: done in 0.879448 secs using 197.3% CPU
Iteration 40 / LogL: -17767.451 / Time: 0h:0m:31s (0h:0m:48s left)
Optimizing NNI: done in 0.404279 secs using 197.4% CPU
Optimizing NNI: done in 0.520864 secs using 197% CPU
Optimizing NNI: done in 0.381784 secs using 197.6% CPU
Optimizing NNI: done in 0.828556 secs using 197.4% CPU
Optimizing NNI: done in 0.803075 secs using 197.6% CPU
Optimizing NNI: done in 0.720772 secs using 197.1% CPU
Optimizing NNI: done in 0.504602 secs using 197.7% CPU
Optimizing NNI: done in 0.68695 secs using 197.2% CPU
Optimizing NNI: done in 0.677183 secs using 197.7% CPU
Optimizing NNI: done in 0.498243 secs using 197.5% CPU
Iteration 50 / LogL: -17767.445 / Time: 0h:0m:37s (0h:0m:39s left)
Log-likelihood cutoff on original alignment: -17800.487
Optimizing NNI: done in 0.554547 secs using 197.5% CPU
Optimizing NNI: done in 0.908019 secs using 197.9% CPU
Optimizing NNI: done in 0.783756 secs using 197.8% CPU
Optimizing NNI: done in 0.76035 secs using 197.5% CPU
Optimizing NNI: done in 0.571884 secs using 197.6% CPU
Optimizing NNI: done in 0.549309 secs using 197.5% CPU
Optimizing NNI: done in 0.562918 secs using 197.2% CPU
Optimizing NNI: done in 0.898852 secs using 197.3% CPU
Optimizing NNI: done in 0.989388 secs using 197.8% CPU
Optimizing NNI: done in 0.657847 secs using 197.7% CPU
Iteration 60 / LogL: -17767.478 / Time: 0h:0m:45s (0h:0m:31s left)
Optimizing NNI: done in 0.404128 secs using 197.2% CPU
Optimizing NNI: done in 0.825515 secs using 197.8% CPU
Optimizing NNI: done in 0.702498 secs using 196.8% CPU
Optimizing NNI: done in 0.534949 secs using 197.2% CPU
Optimizing NNI: done in 0.779493 secs using 197.6% CPU
Optimizing NNI: done in 0.574587 secs using 197.6% CPU
Optimizing NNI: done in 0.779839 secs using 197.7% CPU
Optimizing NNI: done in 0.579492 secs using 197.4% CPU
Optimizing NNI: done in 0.551129 secs using 197.6% CPU
Optimizing NNI: done in 0.905042 secs using 197.6% CPU
Iteration 70 / LogL: -17767.443 / Time: 0h:0m:51s (0h:0m:23s left)
Optimizing NNI: done in 0.796617 secs using 197.8% CPU
Optimizing NNI: done in 0.495119 secs using 197.1% CPU
Optimizing NNI: done in 0.720092 secs using 197.1% CPU
Optimizing NNI: done in 0.727199 secs using 197.6% CPU
Optimizing NNI: done in 0.815825 secs using 197.6% CPU
Optimizing NNI: done in 0.590201 secs using 197.4% CPU
Optimizing NNI: done in 0.940431 secs using 197.7% CPU
Optimizing NNI: done in 0.476151 secs using 197.9% CPU
Optimizing NNI: done in 0.722809 secs using 197.6% CPU
Optimizing NNI: done in 0.617194 secs using 197.4% CPU
Iteration 80 / LogL: -17767.496 / Time: 0h:0m:58s (0h:0m:15s left)
Optimizing NNI: done in 0.509426 secs using 197.5% CPU
Optimizing NNI: done in 0.502168 secs using 197.1% CPU
Optimizing NNI: done in 0.72058 secs using 197.7% CPU
Optimizing NNI: done in 0.596868 secs using 197.3% CPU
Optimizing NNI: done in 0.680869 secs using 197.5% CPU
Optimizing NNI: done in 0.733201 secs using 197.6% CPU
Optimizing NNI: done in 0.867197 secs using 197.2% CPU
Optimizing NNI: done in 0.636403 secs using 196.9% CPU
Optimizing NNI: done in 0.510288 secs using 197.4% CPU
Optimizing NNI: done in 0.864733 secs using 197.5% CPU
Iteration 90 / LogL: -17768.142 / Time: 0h:1m:5s (0h:0m:8s left)
Optimizing NNI: done in 0.697375 secs using 197.3% CPU
Optimizing NNI: done in 0.657337 secs using 197.7% CPU
Optimizing NNI: done in 0.524198 secs using 197.3% CPU
Optimizing NNI: done in 0.672545 secs using 197.2% CPU
Optimizing NNI: done in 0.583245 secs using 197.3% CPU
Optimizing NNI: done in 0.725871 secs using 197.4% CPU
Optimizing NNI: done in 0.574773 secs using 197.7% CPU
Optimizing NNI: done in 0.730782 secs using 197.3% CPU
Optimizing NNI: done in 0.682776 secs using 197.8% CPU
Optimizing NNI: done in 0.536992 secs using 197.8% CPU
Iteration 100 / LogL: -17768.641 / Time: 0h:1m:12s (0h:0m:0s left)
Log-likelihood cutoff on original alignment: -17797.546
NOTE: Bootstrap correlation coefficient of split occurrence frequencies: 1.000
Optimizing NNI: done in 0.626188 secs using 197.4% CPU
Optimizing NNI: done in 0.814405 secs using 197.9% CPU
TREE SEARCH COMPLETED AFTER 102 ITERATIONS / Time: 0h:1m:13s

--------------------------------------------------------------------
|                    FINALIZING TREE SEARCH                        |
--------------------------------------------------------------------
Performs final model parameters optimization
Estimate model parameters (epsilon = 0.010)
1. Initial log-likelihood: -17767.423
Optimal log-likelihood: -17767.421
Gamma shape alpha: 0.771
Parameters optimization took 1 rounds (0.114 sec)
BEST SCORE FOUND : -17767.421

Testing tree branches by SH-like aLRT with 1000 replicates...
0.424 sec.
Creating bootstrap support values...
Split supports printed to NEXUS file FungalCW_tree_20231129/59795at4751.aa.mfa.splits.nex
Total tree length: 7.894

Total number of iterations: 102
CPU time used for tree search: 144.400 sec (0h:2m:24s)
Wall-clock time used for tree search: 73.370 sec (0h:1m:13s)
Total CPU time used: 146.689 sec (0h:2m:26s)
Total wall-clock time used: 74.600 sec (0h:1m:14s)

Computing bootstrap consensus tree...
Reading input file FungalCW_tree_20231129/59795at4751.aa.mfa.splits.nex...
18 taxa and 47 splits.
Consensus tree written to FungalCW_tree_20231129/59795at4751.aa.mfa.contree
Reading input trees file FungalCW_tree_20231129/59795at4751.aa.mfa.contree
Log-likelihood of consensus tree: -17767.421

Analysis results written to: 
  IQ-TREE report:                FungalCW_tree_20231129/59795at4751.aa.mfa.iqtree
  Maximum-likelihood tree:       FungalCW_tree_20231129/59795at4751.aa.mfa.treefile
  Likelihood distances:          FungalCW_tree_20231129/59795at4751.aa.mfa.mldist

Ultrafast bootstrap approximation results written to:
  Split support values:          FungalCW_tree_20231129/59795at4751.aa.mfa.splits.nex
  Consensus tree:                FungalCW_tree_20231129/59795at4751.aa.mfa.contree
  Screen log file:               FungalCW_tree_20231129/59795at4751.aa.mfa.log

Date and Time: Wed Nov 29 01:47:28 2023
