IQ-TREE multicore version 2.2.2.6 COVID-edition for Linux 64-bit built May 27 2023
Developed by Bui Quang Minh, James Barbetti, Nguyen Lam Tung,
Olga Chernomor, Heiko Schmidt, Dominik Schrempf, Michael Woodhams, Ly Trong Nhan.

Host:    i20 (AVX2, FMA3, 503 GB RAM)
Command: iqtree2 -s FungalCW_tree_20231129/63838at4751.aa.mfa -gz -B 1000 -alrt 1000 -nt 2
Seed:    87152 (Using SPRNG - Scalable Parallel Random Number Generator)
Time:    Wed Nov 29 01:45:16 2023
Kernel:  AVX+FMA - 2 threads (2 CPU cores detected)

Reading alignment file FungalCW_tree_20231129/63838at4751.aa.mfa ... Fasta format detected
Reading fasta file: done in 0.000365973 secs using 66.13% CPU
Alignment most likely contains protein sequences
Constructing alignment: done in 0.00218892 secs using 150.1% CPU
Alignment has 17 sequences with 1052 columns, 1000 distinct patterns
615 parsimony-informative, 294 singleton sites, 143 constant sites
                                                               Gap/Ambiguity  Composition  p-value
Analyzing sequences: done in 5.79357e-05 secs using 198.5% CPU
   1  Basidiobolus_meristosporus_CBS_931.73.Basme2finSC.v1            32.41%    passed     11.93%
   2  Botrytis_cinerea_T4                                             21.58%    passed     57.27%
   3  Capillidium_pumilum_ARSEF_79                                    27.57%    passed     35.84%
   4  Colletotrichum_graminicola_M1.001                               26.05%    passed     36.47%
   5  Colletotrichum_higginsianum_IMI_349063                          25.86%    passed     17.26%
   6  Fusarium_graminearum_PH-1                                       26.24%    passed     60.01%
   7  Fusarium_verticillioides_7600                                   28.23%    passed     56.68%
   8  Gilbertella_persicaria_var_persicaria_CBS_190.32-T.Gilper1.v1   24.52%    passed     82.67%
   9  Mortierella_elongata_AG-77                                      20.82%    passed     55.80%
  10  Mucor_mucedo_NRRL_3635                                          24.33%    passed     59.42%
  11  Neoconidiobolus_thromboides_FSU_785.Conth1.v1                   30.80%    failed      0.00%
  12  Rhizopus_stolonifer_NRRL_66455                                  24.43%    passed     99.43%
  13  Trichoderma_harzianum_CBS_226.95                                26.24%    passed     88.85%
  14  Umbelopsis_ramanniana_NRRL_5844.Umbra1.v1                       30.51%    passed     95.14%
  15  Ustilago_maydis                                                 48.57%    failed      0.03%
  16  Zoophthora_radicans_ATCC_208865                                 33.84%    passed     36.60%
  17  Zymoseptoria_tritici_IP0323                                     26.14%    passed     49.17%
****  TOTAL                                                           28.13%  2 sequences failed composition chi2 test (p-value<5%; df=19)
Checking for duplicate sequences: done in 0.000123024 secs using 147.1% CPU


Create initial parsimony tree by phylogenetic likelihood library (PLL)... 0.005 seconds
Perform fast likelihood tree search using LG+I+G model...
Estimate model parameters (epsilon = 5.000)
Perform nearest neighbor interchange...
Optimizing NNI: done in 0.231289 secs using 198.7% CPU
Estimate model parameters (epsilon = 1.000)
1. Initial log-likelihood: -21456.856
Optimal log-likelihood: -21456.101
Proportion of invariable sites: 0.037
Gamma shape alpha: 0.626
Parameters optimization took 1 rounds (0.192 sec)
Time for fast ML tree search: 0.993 seconds

NOTE: ModelFinder requires 30 MB RAM!
ModelFinder will test up to 1232 protein models (sample size: 1052) ...
 No. Model         -LnL         df  AIC          AICc         BIC
  1  LG            23041.092    31  46144.185    46146.130    46297.896
  2  LG+I          22623.138    32  45310.275    45312.348    45468.946
  3  LG+G4         21453.330    32  42970.660    42972.733    43129.330
  4  LG+I+G4       21454.465    33  42974.930    42977.134    43138.559
  5  LG+R2         21588.462    33  43242.924    43245.129    43406.553
  6  LG+R3         21455.819    35  42981.638    42984.118    43155.183
  7  LG+R4         21438.324    37  42950.648    42953.421    43134.110
  8  LG+R5         21435.637    39  42949.273    42952.356    43142.653
 14  LG+I+R2       21515.865    34  43099.730    43102.070    43268.317
 15  LG+I+R3       21449.454    36  42970.908    42973.533    43149.412
 16  LG+I+R4       21435.600    38  42947.200    42950.126    43135.622
 17  LG+I+R5       21434.328    40  42948.656    42951.900    43146.994
 25  LG+F+G4       21286.705    51  42675.409    42680.713    42928.290
 26  LG+F+I+G4     21287.658    52  42679.316    42684.834    42937.156
 29  LG+F+R4       21267.262    56  42646.525    42652.941    42924.198
 38  LG+F+I+R4     21264.604    57  42643.209    42649.860    42925.840
 47  WAG+G4        21485.566    32  43035.132    43037.205    43193.802
 48  WAG+I+G4      21486.074    33  43038.148    43040.353    43201.777
 51  WAG+R4        21476.053    37  43026.106    43028.879    43209.569
 60  WAG+I+R4      21473.384    38  43022.768    43025.694    43211.189
 69  WAG+F+G4      21313.110    51  42728.219    42733.523    42981.100
 70  WAG+F+I+G4    21313.998    52  42731.997    42737.514    42989.836
 73  WAG+F+R4      21299.048    56  42710.097    42716.513    42987.770
 82  WAG+F+I+R4    21296.477    57  42706.954    42713.606    42989.586
 91  JTT+G4        21516.161    32  43096.321    43098.394    43254.992
 92  JTT+I+G4      21516.992    33  43099.984    43102.189    43263.613
 95  JTT+R4        21502.108    37  43078.216    43080.989    43261.679
104  JTT+I+R4      21498.910    38  43073.820    43076.746    43262.241
113  JTT+F+G4      21336.457    51  42774.914    42780.218    43027.795
114  JTT+F+I+G4    21337.521    52  42779.042    42784.560    43036.882
117  JTT+F+R4      21319.465    56  42750.931    42757.347    43028.604
126  JTT+F+I+R4    21316.853    57  42747.705    42754.357    43030.337
WARNING: Normalizing state frequencies so that sum of them equals to 1
135  Q.pfam+G4     21411.816    32  42887.631    42889.704    43046.302
WARNING: Normalizing state frequencies so that sum of them equals to 1
136  Q.pfam+I+G4   21412.930    33  42891.860    42894.064    43055.488
WARNING: Normalizing state frequencies so that sum of them equals to 1
139  Q.pfam+R4     21396.513    37  42867.026    42869.799    43050.489
WARNING: Normalizing state frequencies so that sum of them equals to 1
148  Q.pfam+I+R4   21394.487    38  42864.975    42867.901    43053.396
WARNING: Normalizing state frequencies so that sum of them equals to 1
157  Q.pfam+F+G4   21294.049    51  42690.098    42695.402    42942.979
WARNING: Normalizing state frequencies so that sum of them equals to 1
158  Q.pfam+F+I+G4 21295.055    52  42694.110    42699.628    42951.950
WARNING: Normalizing state frequencies so that sum of them equals to 1
161  Q.pfam+F+R4   21275.570    56  42663.141    42669.557    42940.814
WARNING: Normalizing state frequencies so that sum of them equals to 1
170  Q.pfam+F+I+R4 21273.165    57  42660.331    42666.983    42942.962
WARNING: Normalizing state frequencies so that sum of them equals to 1
179  Q.bird+G4     21698.112    32  43460.224    43462.296    43618.894
WARNING: Normalizing state frequencies so that sum of them equals to 1
180  Q.bird+I+G4   21696.708    33  43459.416    43461.620    43623.044
WARNING: Normalizing state frequencies so that sum of them equals to 1
183  Q.bird+R4     21672.981    37  43419.962    43422.735    43603.425
WARNING: Normalizing state frequencies so that sum of them equals to 1
192  Q.bird+I+R4   21663.045    38  43402.090    43405.016    43590.512
WARNING: Normalizing state frequencies so that sum of them equals to 1
201  Q.bird+F+G4   21561.041    51  43224.081    43229.385    43476.962
WARNING: Normalizing state frequencies so that sum of them equals to 1
202  Q.bird+F+I+G4 21561.537    52  43227.074    43232.592    43484.913
WARNING: Normalizing state frequencies so that sum of them equals to 1
205  Q.bird+F+R4   21535.129    56  43182.257    43188.673    43459.930
WARNING: Normalizing state frequencies so that sum of them equals to 1
214  Q.bird+F+I+R4 21527.399    57  43168.799    43175.451    43451.430
WARNING: Normalizing state frequencies so that sum of them equals to 1
223  Q.mammal+G4   21583.530    32  43231.059    43233.132    43389.729
WARNING: Normalizing state frequencies so that sum of them equals to 1
224  Q.mammal+I+G4 21582.803    33  43231.607    43233.811    43395.236
WARNING: Normalizing state frequencies so that sum of them equals to 1
227  Q.mammal+R4   21562.354    37  43198.708    43201.481    43382.171
WARNING: Normalizing state frequencies so that sum of them equals to 1
236  Q.mammal+I+R4 21555.241    38  43186.482    43189.408    43374.903
WARNING: Normalizing state frequencies so that sum of them equals to 1
245  Q.mammal+F+G4 21459.983    51  43021.967    43027.271    43274.848
WARNING: Normalizing state frequencies so that sum of them equals to 1
246  Q.mammal+F+I+G4 21460.584    52  43025.168    43030.685    43283.007
WARNING: Normalizing state frequencies so that sum of them equals to 1
249  Q.mammal+F+R4 21437.090    56  42986.181    42992.597    43263.854
WARNING: Normalizing state frequencies so that sum of them equals to 1
258  Q.mammal+F+I+R4 21431.768    57  42977.537    42984.189    43260.168
267  Q.insect+G4   21442.776    32  42949.552    42951.624    43108.222
268  Q.insect+I+G4 21443.882    33  42953.763    42955.968    43117.392
271  Q.insect+R4   21423.848    37  42921.697    42924.470    43105.159
280  Q.insect+I+R4 21421.266    38  42918.532    42921.458    43106.953
289  Q.insect+F+G4 21268.929    51  42639.857    42645.161    42892.738
290  Q.insect+F+I+G4 21269.906    52  42643.813    42649.330    42901.652
293  Q.insect+F+R4 21247.195    56  42606.389    42612.805    42884.062
302  Q.insect+F+I+R4 21245.263    57  42604.527    42611.179    42887.158
WARNING: Normalizing state frequencies so that sum of them equals to 1
311  Q.plant+G4    21520.071    32  43104.141    43106.214    43262.812
WARNING: Normalizing state frequencies so that sum of them equals to 1
312  Q.plant+I+G4  21521.247    33  43108.494    43110.698    43272.122
WARNING: Normalizing state frequencies so that sum of them equals to 1
315  Q.plant+R4    21493.109    37  43060.218    43062.991    43243.681
WARNING: Normalizing state frequencies so that sum of them equals to 1
324  Q.plant+I+R4  21487.678    38  43051.357    43054.283    43239.778
WARNING: Normalizing state frequencies so that sum of them equals to 1
333  Q.plant+F+G4  21405.115    51  42912.229    42917.533    43165.110
WARNING: Normalizing state frequencies so that sum of them equals to 1
334  Q.plant+F+I+G4 21405.968    52  42915.935    42921.453    43173.774
WARNING: Normalizing state frequencies so that sum of them equals to 1
337  Q.plant+F+R4  21375.129    56  42862.258    42868.674    43139.931
WARNING: Normalizing state frequencies so that sum of them equals to 1
346  Q.plant+F+I+R4 21370.039    57  42854.079    42860.731    43136.710
WARNING: Normalizing state frequencies so that sum of them equals to 1
355  Q.yeast+G4    21402.535    32  42869.070    42871.143    43027.740
WARNING: Normalizing state frequencies so that sum of them equals to 1
356  Q.yeast+I+G4  21403.852    33  42873.705    42875.909    43037.333
WARNING: Normalizing state frequencies so that sum of them equals to 1
359  Q.yeast+R4    21382.021    37  42838.043    42840.816    43021.505
WARNING: Normalizing state frequencies so that sum of them equals to 1
368  Q.yeast+I+R4  21379.579    38  42835.159    42838.084    43023.580
WARNING: Normalizing state frequencies so that sum of them equals to 1
377  Q.yeast+F+G4  21273.189    51  42648.379    42653.683    42901.259
WARNING: Normalizing state frequencies so that sum of them equals to 1
378  Q.yeast+F+I+G4 21274.108    52  42652.217    42657.734    42910.056
WARNING: Normalizing state frequencies so that sum of them equals to 1
381  Q.yeast+F+R4  21250.815    56  42613.629    42620.045    42891.302
WARNING: Normalizing state frequencies so that sum of them equals to 1
390  Q.yeast+F+I+R4 21248.524    57  42611.049    42617.701    42893.680
399  JTTDCMut+G4   21519.197    32  43102.395    43104.467    43261.065
400  JTTDCMut+I+G4 21519.996    33  43105.993    43108.197    43269.622
403  JTTDCMut+R4   21504.978    37  43083.957    43086.730    43267.419
412  JTTDCMut+I+R4 21501.898    38  43079.795    43082.721    43268.216
421  JTTDCMut+F+G4 21336.240    51  42774.480    42779.784    43027.361
422  JTTDCMut+F+I+G4 21337.303    52  42778.605    42784.123    43036.444
425  JTTDCMut+F+R4 21318.858    56  42749.715    42756.131    43027.388
434  JTTDCMut+F+I+R4 21316.425    57  42746.850    42753.502    43029.482
443  DCMut+G4      21677.982    32  43419.964    43422.036    43578.634
444  DCMut+I+G4    21678.608    33  43423.216    43425.420    43586.845
447  DCMut+R4      21666.207    37  43406.414    43409.187    43589.876
456  DCMut+I+R4    21663.729    38  43403.457    43406.383    43591.878
465  DCMut+F+G4    21354.195    51  42810.391    42815.695    43063.272
466  DCMut+F+I+G4  21355.037    52  42814.074    42819.592    43071.914
469  DCMut+F+R4    21336.920    56  42785.840    42792.256    43063.514
478  DCMut+F+I+R4  21334.908    57  42783.817    42790.469    43066.448
487  VT+G4         21419.944    32  42903.888    42905.961    43062.559
488  VT+I+G4       21420.474    33  42906.948    42909.153    43070.577
491  VT+R4         21412.086    37  42898.173    42900.946    43081.636
500  VT+I+R4       21410.083    38  42896.166    42899.092    43084.587
509  VT+F+G4       21296.326    51  42694.652    42699.956    42947.533
510  VT+F+I+G4     21297.201    52  42698.401    42703.919    42956.240
513  VT+F+R4       21285.279    56  42682.557    42688.974    42960.231
522  VT+F+I+R4     21283.426    57  42680.852    42687.504    42963.483
531  PMB+G4        21617.486    32  43298.972    43301.045    43457.643
532  PMB+I+G4      21616.998    33  43299.997    43302.201    43463.626
535  PMB+R4        21613.874    37  43301.748    43304.522    43485.211
544  PMB+I+R4      21611.615    38  43299.230    43302.156    43487.651
553  PMB+F+G4      21358.922    51  42819.843    42825.147    43072.724
554  PMB+F+I+G4    21359.600    52  42823.200    42828.718    43081.040
557  PMB+F+R4      21350.081    56  42812.161    42818.577    43089.834
566  PMB+F+I+R4    21347.716    57  42809.432    42816.083    43092.063
575  Blosum62+G4   21639.549    32  43343.097    43345.170    43501.768
576  Blosum62+I+G4 21639.545    33  43345.089    43347.294    43508.718
579  Blosum62+R4   21635.019    37  43344.038    43346.811    43527.500
588  Blosum62+I+R4 21633.041    38  43342.082    43345.008    43530.503
597  Blosum62+F+G4 21350.137    51  42802.275    42807.579    43055.156
598  Blosum62+F+I+G4 21351.105    52  42806.209    42811.727    43064.049
601  Blosum62+F+R4 21340.018    56  42792.036    42798.452    43069.709
610  Blosum62+F+I+R4 21338.138    57  42790.277    42796.929    43072.908
619  Dayhoff+G4    21678.394    32  43420.787    43422.860    43579.458
620  Dayhoff+I+G4  21679.053    33  43424.107    43426.311    43587.735
623  Dayhoff+R4    21666.543    37  43407.085    43409.858    43590.548
632  Dayhoff+I+R4  21664.101    38  43404.202    43407.128    43592.623
641  Dayhoff+F+G4  21354.495    51  42810.990    42816.294    43063.871
642  Dayhoff+F+I+G4 21355.359    52  42814.717    42820.235    43072.556
645  Dayhoff+F+R4  21337.174    56  42786.348    42792.764    43064.021
654  Dayhoff+F+I+R4 21335.261    57  42784.523    42791.175    43067.154
663  mtREV+G4      22582.620    32  45229.239    45231.312    45387.909
664  mtREV+I+G4    22581.788    33  45229.576    45231.781    45393.205
667  mtREV+R4      22563.100    37  45200.199    45202.972    45383.662
676  mtREV+I+R4    22561.730    38  45199.460    45202.386    45387.881
685  mtREV+F+G4    21435.376    51  42972.752    42978.056    43225.633
686  mtREV+F+I+G4  21435.870    52  42975.741    42981.258    43233.580
689  mtREV+F+R4    21399.726    56  42911.452    42917.869    43189.126
698  mtREV+F+I+R4  21396.043    57  42906.086    42912.738    43188.718
707  mtART+G4      22730.407    32  45524.813    45526.886    45683.484
708  mtART+I+G4    22729.874    33  45525.748    45527.953    45689.377
711  mtART+R4      22706.301    37  45486.603    45489.376    45670.065
720  mtART+I+R4    22704.323    38  45484.647    45487.573    45673.068
729  mtART+F+G4    21505.250    51  43112.500    43117.804    43365.381
730  mtART+F+I+G4  21504.864    52  43113.727    43119.245    43371.566
733  mtART+F+R4    21470.750    56  43053.501    43059.917    43331.174
742  mtART+F+I+R4  21465.885    57  43045.770    43052.422    43328.401
751  mtZOA+G4      22400.363    32  44864.725    44866.798    45023.396
752  mtZOA+I+G4    22400.369    33  44866.739    44868.943    45030.368
755  mtZOA+R4      22380.158    37  44834.315    44837.088    45017.778
764  mtZOA+I+R4    22378.073    38  44832.146    44835.072    45020.567
773  mtZOA+F+G4    21407.365    51  42916.731    42922.035    43169.612
774  mtZOA+F+I+G4  21407.415    52  42918.830    42924.347    43176.669
777  mtZOA+F+R4    21375.494    56  42862.988    42869.404    43140.661
786  mtZOA+F+I+R4  21370.801    57  42855.602    42862.254    43138.233
795  mtMet+G4      22688.525    32  45441.049    45443.122    45599.719
796  mtMet+I+G4    22687.853    33  45441.707    45443.911    45605.336
799  mtMet+R4      22669.440    37  45412.881    45415.654    45596.343
808  mtMet+I+R4    22667.662    38  45411.324    45414.250    45599.745
817  mtMet+F+G4    21409.755    51  42921.511    42926.815    43174.392
818  mtMet+F+I+G4  21410.371    52  42924.742    42930.260    43182.582
821  mtMet+F+R4    21382.191    56  42876.382    42882.798    43154.055
830  mtMet+F+I+R4  21378.181    57  42870.362    42877.014    43152.994
839  mtVer+G4      22819.905    32  45703.809    45705.882    45862.480
840  mtVer+I+G4    22818.446    33  45702.893    45705.097    45866.522
843  mtVer+R4      22802.053    37  45678.106    45680.879    45861.568
852  mtVer+I+R4    22800.273    38  45676.546    45679.472    45864.967
861  mtVer+F+G4    21588.519    51  43279.038    43284.342    43531.919
862  mtVer+F+I+G4  21588.632    52  43281.264    43286.782    43539.104
865  mtVer+F+R4    21559.837    56  43231.674    43238.090    43509.347
874  mtVer+F+I+R4  21601.931    57  43317.863    43324.515    43600.495
883  mtInv+G4      22843.925    32  45751.851    45753.923    45910.521
884  mtInv+I+G4    22843.273    33  45752.546    45754.750    45916.175
887  mtInv+R4      22823.970    37  45721.940    45724.713    45905.402
896  mtInv+I+R4    22822.275    38  45720.549    45723.475    45908.970
905  mtInv+F+G4    21316.646    51  42735.291    42740.595    42988.172
906  mtInv+F+I+G4  21317.483    52  42738.966    42744.483    42996.805
909  mtInv+F+R4    21291.031    56  42694.062    42700.478    42971.735
918  mtInv+F+I+R4  21288.598    57  42691.196    42697.848    42973.828
927  mtMAM+G4      22945.928    32  45955.855    45957.928    46114.526
928  mtMAM+I+G4    22945.367    33  45956.735    45958.939    46120.364
931  mtMAM+R4      22920.346    37  45914.692    45917.466    46098.155
940  mtMAM+I+R4    22918.412    38  45912.823    45915.749    46101.245
949  mtMAM+F+G4    21715.491    51  43532.981    43538.285    43785.862
950  mtMAM+F+I+G4  21714.874    52  43533.747    43539.265    43791.586
953  mtMAM+F+R4    21675.979    56  43463.957    43470.373    43741.630
962  mtMAM+F+I+R4  21749.701    57  43613.403    43620.055    43896.034
WARNING: Normalizing state frequencies so that sum of them equals to 1
971  FLAVI+G4      22205.236    32  44474.473    44476.545    44633.143
WARNING: Normalizing state frequencies so that sum of them equals to 1
972  FLAVI+I+G4    22201.718    33  44469.437    44471.641    44633.066
WARNING: Normalizing state frequencies so that sum of them equals to 1
975  FLAVI+R4      22186.866    37  44447.732    44450.505    44631.194
WARNING: Normalizing state frequencies so that sum of them equals to 1
984  FLAVI+I+R4    22178.769    38  44433.537    44436.463    44621.958
WARNING: Normalizing state frequencies so that sum of them equals to 1
993  FLAVI+F+G4    21749.681    51  43601.362    43606.666    43854.243
WARNING: Normalizing state frequencies so that sum of them equals to 1
994  FLAVI+F+I+G4  21749.281    52  43602.562    43608.079    43860.401
WARNING: Normalizing state frequencies so that sum of them equals to 1
997  FLAVI+F+R4    21720.375    56  43552.751    43559.167    43830.424
WARNING: Normalizing state frequencies so that sum of them equals to 1
1006  FLAVI+F+I+R4  21711.508    57  43537.016    43543.668    43819.648
1015  HIVb+G4       21941.398    32  43946.796    43948.868    44105.466
1016  HIVb+I+G4     21939.289    33  43944.577    43946.782    44108.206
1019  HIVb+R4       21921.765    37  43917.529    43920.302    44100.992
1028  HIVb+I+R4     21915.581    38  43907.162    43910.088    44095.583
1037  HIVb+F+G4     21555.630    51  43213.260    43218.564    43466.141
1038  HIVb+F+I+G4   21554.591    52  43213.182    43218.700    43471.022
1041  HIVb+F+R4     21529.089    56  43170.178    43176.595    43447.852
1050  HIVb+F+I+R4   21521.131    57  43156.262    43162.914    43438.894
1059  HIVw+G4       22646.457    32  45356.915    45358.988    45515.585
1060  HIVw+I+G4     22644.263    33  45354.525    45356.729    45518.154
1063  HIVw+R4       22621.172    37  45316.344    45319.117    45499.807
1072  HIVw+I+R4     22610.289    38  45296.577    45299.503    45484.998
1081  HIVw+F+G4     21874.994    51  43851.987    43857.291    44104.868
1082  HIVw+F+I+G4   21872.698    52  43849.395    43854.913    44107.235
1085  HIVw+F+R4     21850.667    56  43813.334    43819.750    44091.007
1094  HIVw+F+I+R4   21839.001    57  43792.001    43798.653    44074.633
1103  FLU+G4        21787.147    32  43638.293    43640.366    43796.963
1104  FLU+I+G4      21784.701    33  43635.402    43637.606    43799.030
1107  FLU+R4        21772.581    37  43619.162    43621.936    43802.625
1116  FLU+I+R4      21765.937    38  43607.875    43610.801    43796.296
1125  FLU+F+G4      21459.567    51  43021.134    43026.438    43274.015
1126  FLU+F+I+G4    21457.588    52  43019.175    43024.693    43277.015
1129  FLU+F+R4      21442.058    56  42996.116    43002.532    43273.789
1138  FLU+F+I+R4    21435.894    57  42985.787    42992.439    43268.419
1147  rtREV+G4      21687.957    32  43439.915    43441.987    43598.585
1148  rtREV+I+G4    21689.071    33  43444.141    43446.346    43607.770
1151  rtREV+R4      21679.061    37  43432.123    43434.896    43615.585
1160  rtREV+I+R4    21677.443    38  43430.887    43433.813    43619.308
1169  rtREV+F+G4    21307.994    51  42717.988    42723.292    42970.869
1170  rtREV+F+I+G4  21308.863    52  42721.726    42727.243    42979.565
1173  rtREV+F+R4    21291.115    56  42694.231    42700.647    42971.904
1182  rtREV+F+I+R4  21289.643    57  42693.285    42699.937    42975.917
1191  cpREV+G4      21678.120    32  43420.240    43422.313    43578.910
1192  cpREV+I+G4    21677.940    33  43421.880    43424.085    43585.509
1195  cpREV+R4      21671.342    37  43416.684    43419.457    43600.146
1204  cpREV+I+R4    21669.395    38  43414.790    43417.715    43603.211
1213  cpREV+F+G4    21392.127    51  42886.253    42891.557    43139.134
1214  cpREV+F+I+G4  21392.868    52  42889.737    42895.254    43147.576
1217  cpREV+F+R4    21375.528    56  42863.055    42869.471    43140.728
1226  cpREV+F+I+R4  21373.715    57  42861.430    42868.081    43144.061
Akaike Information Criterion:           Q.insect+F+I+R4
Corrected Akaike Information Criterion: Q.insect+F+I+R4
Bayesian Information Criterion:         Q.insect+F+R4
Best-fit model: Q.insect+F+R4 chosen according to BIC

All model information printed to FungalCW_tree_20231129/63838at4751.aa.mfa.model.gz
CPU time for ModelFinder: 771.499 seconds (0h:12m:51s)
Wall-clock time for ModelFinder: 388.503 seconds (0h:6m:28s)
Generating 1000 samples for ultrafast bootstrap (seed: 87152)...

NOTE: 14 MB RAM (0 GB) is required!
Estimate model parameters (epsilon = 0.100)
1. Initial log-likelihood: -21247.195
Optimal log-likelihood: -21247.136
Site proportion and rates:  (0.230,0.037) (0.344,0.218) (0.243,1.140) (0.183,3.502)
Parameters optimization took 1 rounds (0.257 sec)
Wrote distance file to... 
Computing ML distances based on estimated model parameters...
Calculating distance matrix: done in 0.0527689 secs using 200.1% CPU
Computing ML distances took 0.053050 sec (of wall-clock time) 0.105883 sec (of CPU time)
WARNING: Some pairwise ML distances are too long (saturated)
Setting up auxiliary I and S matrices: done in 6.60419e-05 secs using 251.4% CPU
Constructing RapidNJ tree: done in 0.000125885 secs using 100.1% CPU
Computing RapidNJ tree took 0.000327 sec (of wall-clock time) 0.000425 sec (of CPU time)
Log-likelihood of RapidNJ tree: -21255.948
--------------------------------------------------------------------
|             INITIALIZING CANDIDATE TREE SET                      |
--------------------------------------------------------------------
Generating 98 parsimony trees... 0.447 second
Computing log-likelihood of 98 initial trees ... 3.026 seconds
Current best score: -21247.136

Do NNI search on 20 best initial trees
Optimizing NNI: done in 0.137411 secs using 197.7% CPU
Estimate model parameters (epsilon = 0.100)
BETTER TREE FOUND at iteration 1: -21247.089
Optimizing NNI: done in 0.255252 secs using 198.8% CPU
Optimizing NNI: done in 0.529706 secs using 198.9% CPU
Optimizing NNI: done in 0.552611 secs using 198.7% CPU
Optimizing NNI: done in 0.439712 secs using 198.6% CPU
Optimizing NNI: done in 0.441391 secs using 199.1% CPU
Optimizing NNI: done in 0.43659 secs using 198.4% CPU
Optimizing NNI: done in 0.435451 secs using 198.7% CPU
Optimizing NNI: done in 0.535816 secs using 198.9% CPU
Optimizing NNI: done in 0.532566 secs using 198.7% CPU
Iteration 10 / LogL: -21257.380 / Time: 0h:0m:8s
Optimizing NNI: done in 0.566681 secs using 198.9% CPU
Optimizing NNI: done in 0.55775 secs using 197.8% CPU
Optimizing NNI: done in 0.431436 secs using 198.9% CPU
Optimizing NNI: done in 0.474003 secs using 198.5% CPU
Optimizing NNI: done in 0.555615 secs using 198.9% CPU
Optimizing NNI: done in 0.516985 secs using 198.7% CPU
Optimizing NNI: done in 0.46279 secs using 198.4% CPU
Optimizing NNI: done in 0.663049 secs using 199.1% CPU
Optimizing NNI: done in 0.657041 secs using 199.1% CPU
Optimizing NNI: done in 0.463553 secs using 198.7% CPU
Iteration 20 / LogL: -21251.247 / Time: 0h:0m:14s
Finish initializing candidate tree set (4)
Current best tree score: -21247.089 / CPU time: 13.524
Number of iterations: 20
--------------------------------------------------------------------
|               OPTIMIZING CANDIDATE TREE SET                      |
--------------------------------------------------------------------
Optimizing NNI: done in 0.481502 secs using 198.9% CPU
Optimizing NNI: done in 0.613434 secs using 198.9% CPU
Optimizing NNI: done in 0.431805 secs using 199.1% CPU
Estimate model parameters (epsilon = 0.100)
UPDATE BEST LOG-LIKELIHOOD: -21246.373
Optimizing NNI: done in 0.542843 secs using 198.6% CPU
Optimizing NNI: done in 0.282388 secs using 199% CPU
Optimizing NNI: done in 0.543293 secs using 199% CPU
Optimizing NNI: done in 0.439309 secs using 198.8% CPU
Optimizing NNI: done in 0.577349 secs using 199.1% CPU
Optimizing NNI: done in 0.314986 secs using 198.8% CPU
Optimizing NNI: done in 0.494872 secs using 198.9% CPU
Iteration 30 / LogL: -21247.202 / Time: 0h:0m:19s (0h:0m:48s left)
Optimizing NNI: done in 0.473772 secs using 198.9% CPU
Optimizing NNI: done in 0.606484 secs using 198.9% CPU
Optimizing NNI: done in 0.571577 secs using 199% CPU
Optimizing NNI: done in 0.372546 secs using 198.6% CPU
Optimizing NNI: done in 0.749317 secs using 199.1% CPU
Optimizing NNI: done in 0.527261 secs using 198.9% CPU
Optimizing NNI: done in 0.497583 secs using 198.9% CPU
Optimizing NNI: done in 0.687206 secs using 198.7% CPU
Optimizing NNI: done in 0.346054 secs using 198.7% CPU
Optimizing NNI: done in 0.460297 secs using 198.9% CPU
Iteration 40 / LogL: -21249.829 / Time: 0h:0m:25s (0h:0m:39s left)
Optimizing NNI: done in 0.361631 secs using 199% CPU
Optimizing NNI: done in 0.402077 secs using 198.6% CPU
Optimizing NNI: done in 0.437582 secs using 198.9% CPU
Optimizing NNI: done in 0.647775 secs using 198.9% CPU
Optimizing NNI: done in 0.544508 secs using 198.6% CPU
Optimizing NNI: done in 0.376342 secs using 199.2% CPU
Optimizing NNI: done in 0.471317 secs using 198.4% CPU
Optimizing NNI: done in 0.563802 secs using 198.6% CPU
Optimizing NNI: done in 0.467143 secs using 198.3% CPU
Optimizing NNI: done in 0.584576 secs using 198.5% CPU
Iteration 50 / LogL: -21250.659 / Time: 0h:0m:30s (0h:0m:31s left)
Log-likelihood cutoff on original alignment: -21297.357
Optimizing NNI: done in 0.456238 secs using 199.1% CPU
Optimizing NNI: done in 0.360031 secs using 198.8% CPU
Optimizing NNI: done in 0.290614 secs using 199.1% CPU
Optimizing NNI: done in 0.355912 secs using 199.1% CPU
Optimizing NNI: done in 0.573309 secs using 198.7% CPU
Optimizing NNI: done in 0.37287 secs using 198.9% CPU
Optimizing NNI: done in 0.460675 secs using 198.7% CPU
Optimizing NNI: done in 0.766604 secs using 199% CPU
Optimizing NNI: done in 0.361901 secs using 199.2% CPU
Optimizing NNI: done in 0.727573 secs using 198.4% CPU
Iteration 60 / LogL: -21249.994 / Time: 0h:0m:35s (0h:0m:24s left)
Optimizing NNI: done in 0.740965 secs using 198.8% CPU
Optimizing NNI: done in 0.508969 secs using 198.5% CPU
Optimizing NNI: done in 0.472409 secs using 199.1% CPU
Optimizing NNI: done in 0.62981 secs using 198.9% CPU
Optimizing NNI: done in 0.593838 secs using 198.7% CPU
Optimizing NNI: done in 0.607471 secs using 199.1% CPU
Optimizing NNI: done in 0.43421 secs using 198.6% CPU
Optimizing NNI: done in 0.586749 secs using 198.8% CPU
Optimizing NNI: done in 0.602674 secs using 198.8% CPU
Optimizing NNI: done in 0.507074 secs using 198.9% CPU
Iteration 70 / LogL: -21250.278 / Time: 0h:0m:40s (0h:0m:18s left)
Optimizing NNI: done in 0.345287 secs using 198.5% CPU
Optimizing NNI: done in 0.693316 secs using 198.7% CPU
Optimizing NNI: done in 0.603804 secs using 198.9% CPU
Optimizing NNI: done in 0.500796 secs using 198.3% CPU
Optimizing NNI: done in 0.435003 secs using 198.6% CPU
Optimizing NNI: done in 0.777714 secs using 198.8% CPU
Optimizing NNI: done in 0.582028 secs using 198.9% CPU
Optimizing NNI: done in 0.710508 secs using 198.7% CPU
Optimizing NNI: done in 0.525512 secs using 199.1% CPU
Optimizing NNI: done in 0.356103 secs using 199% CPU
Iteration 80 / LogL: -21246.617 / Time: 0h:0m:46s (0h:0m:12s left)
Optimizing NNI: done in 0.547399 secs using 198.6% CPU
Optimizing NNI: done in 0.292613 secs using 198.8% CPU
Optimizing NNI: done in 0.5316 secs using 198.9% CPU
Optimizing NNI: done in 0.656516 secs using 198.9% CPU
Optimizing NNI: done in 0.288818 secs using 199.3% CPU
Optimizing NNI: done in 0.436801 secs using 198.6% CPU
Optimizing NNI: done in 0.345406 secs using 199.1% CPU
Optimizing NNI: done in 0.580774 secs using 198.8% CPU
Optimizing NNI: done in 0.550289 secs using 199.1% CPU
Optimizing NNI: done in 0.373155 secs using 198.3% CPU
Iteration 90 / LogL: -21249.585 / Time: 0h:0m:51s (0h:0m:6s left)
Optimizing NNI: done in 0.60825 secs using 198.9% CPU
Optimizing NNI: done in 0.478046 secs using 198.3% CPU
Optimizing NNI: done in 0.611386 secs using 198.9% CPU
Optimizing NNI: done in 0.442012 secs using 198.6% CPU
Optimizing NNI: done in 0.58022 secs using 199.1% CPU
Optimizing NNI: done in 0.598715 secs using 198.8% CPU
Optimizing NNI: done in 0.486923 secs using 198.9% CPU
Optimizing NNI: done in 0.705498 secs using 198.8% CPU
Optimizing NNI: done in 0.570037 secs using 198.4% CPU
Optimizing NNI: done in 0.371446 secs using 198.6% CPU
Iteration 100 / LogL: -21249.945 / Time: 0h:0m:56s (0h:0m:0s left)
Log-likelihood cutoff on original alignment: -21297.357
NOTE: Bootstrap correlation coefficient of split occurrence frequencies: 0.999
Optimizing NNI: done in 0.524476 secs using 199.1% CPU
Optimizing NNI: done in 0.535379 secs using 198.6% CPU
TREE SEARCH COMPLETED AFTER 102 ITERATIONS / Time: 0h:0m:58s

--------------------------------------------------------------------
|                    FINALIZING TREE SEARCH                        |
--------------------------------------------------------------------
Performs final model parameters optimization
Estimate model parameters (epsilon = 0.010)
1. Initial log-likelihood: -21246.373
2. Current log-likelihood: -21246.351
3. Current log-likelihood: -21246.324
4. Current log-likelihood: -21246.309
5. Current log-likelihood: -21246.293
6. Current log-likelihood: -21246.278
7. Current log-likelihood: -21246.264
8. Current log-likelihood: -21246.251
9. Current log-likelihood: -21246.240
10. Current log-likelihood: -21246.230
Optimal log-likelihood: -21246.214
Site proportion and rates:  (0.235,0.037) (0.343,0.220) (0.254,1.164) (0.168,3.692)
Parameters optimization took 10 rounds (2.321 sec)
BEST SCORE FOUND : -21246.214

Testing tree branches by SH-like aLRT with 1000 replicates...
0.296 sec.
Creating bootstrap support values...
Split supports printed to NEXUS file FungalCW_tree_20231129/63838at4751.aa.mfa.splits.nex
Total tree length: 33.880

Total number of iterations: 102
CPU time used for tree search: 113.619 sec (0h:1m:53s)
Wall-clock time used for tree search: 57.341 sec (0h:0m:57s)
Total CPU time used: 120.409 sec (0h:2m:0s)
Total wall-clock time used: 60.834 sec (0h:1m:0s)

Computing bootstrap consensus tree...
Reading input file FungalCW_tree_20231129/63838at4751.aa.mfa.splits.nex...
17 taxa and 81 splits.
Consensus tree written to FungalCW_tree_20231129/63838at4751.aa.mfa.contree
Reading input trees file FungalCW_tree_20231129/63838at4751.aa.mfa.contree
Log-likelihood of consensus tree: -21246.891

Analysis results written to: 
  IQ-TREE report:                FungalCW_tree_20231129/63838at4751.aa.mfa.iqtree
  Maximum-likelihood tree:       FungalCW_tree_20231129/63838at4751.aa.mfa.treefile
  Likelihood distances:          FungalCW_tree_20231129/63838at4751.aa.mfa.mldist

Ultrafast bootstrap approximation results written to:
  Split support values:          FungalCW_tree_20231129/63838at4751.aa.mfa.splits.nex
  Consensus tree:                FungalCW_tree_20231129/63838at4751.aa.mfa.contree
  Screen log file:               FungalCW_tree_20231129/63838at4751.aa.mfa.log

Date and Time: Wed Nov 29 01:52:45 2023
