IQ-TREE multicore version 2.2.2.6 COVID-edition for Linux 64-bit built May 27 2023
Developed by Bui Quang Minh, James Barbetti, Nguyen Lam Tung,
Olga Chernomor, Heiko Schmidt, Dominik Schrempf, Michael Woodhams, Ly Trong Nhan.

Host:    i24 (AVX2, FMA3, 503 GB RAM)
Command: iqtree2 -s FungalCW_tree_20231129/78289at4751.aa.mfa -gz -B 1000 -alrt 1000 -nt 2
Seed:    606000 (Using SPRNG - Scalable Parallel Random Number Generator)
Time:    Wed Nov 29 01:47:46 2023
Kernel:  AVX+FMA - 2 threads (2 CPU cores detected)

Reading alignment file FungalCW_tree_20231129/78289at4751.aa.mfa ... Fasta format detected
Reading fasta file: done in 0.000353813 secs using 86.77% CPU
Alignment most likely contains protein sequences
Constructing alignment: done in 0.00185919 secs using 57.82% CPU
Alignment has 18 sequences with 825 columns, 676 distinct patterns
376 parsimony-informative, 221 singleton sites, 228 constant sites
                                                               Gap/Ambiguity  Composition  p-value
Analyzing sequences: done in 4.60148e-05 secs using 102.1% CPU
   1  Basidiobolus_meristosporus_CBS_931.73.Basme2finSC.v1            24.97%    passed     98.77%
   2  Botrytis_cinerea_T4                                             22.42%    passed     98.92%
   3  Capillidium_pumilum_ARSEF_79                                    83.76%    passed     27.28%
   4  Colletotrichum_graminicola_M1.001                               21.33%    passed     99.80%
   5  Colletotrichum_higginsianum_IMI_349063                          21.82%    passed     99.38%
   6  Fusarium_graminearum_PH-1                                       21.33%    passed    100.00%
   7  Fusarium_verticillioides_7600                                   21.45%    passed     99.96%
   8  Gilbertella_persicaria_var_persicaria_CBS_190.32-T.Gilper1.v1   25.09%    passed     99.89%
   9  Mortierella_elongata_AG-77                                      26.06%    passed     99.76%
  10  Mucor_mucedo_NRRL_3635                                          25.21%    passed     99.50%
  11  Neoconidiobolus_thromboides_FSU_785.Conth1.v1                   28.00%    passed     22.75%
  12  Phycomyces_blakesleeanus_NRRL_1555.Phybl2.v2                    25.09%    passed     99.83%
  13  Rhizopus_stolonifer_NRRL_66455                                  26.42%    passed     97.08%
  14  Trichoderma_harzianum_CBS_226.95                                22.55%    passed     99.97%
  15  Umbelopsis_ramanniana_NRRL_5844.Umbra1.v1                       25.58%    passed     99.99%
  16  Ustilago_maydis                                                 27.15%    passed    100.00%
  17  Zoophthora_radicans_ATCC_208865                                 24.48%    passed     83.55%
  18  Zymoseptoria_tritici_IP0323                                     22.42%    passed     96.64%
WARNING: 1 sequences contain more than 50% gaps/ambiguity
****  TOTAL                                                           27.51%  0 sequences failed composition chi2 test (p-value<5%; df=19)
Checking for duplicate sequences: done in 0.000118971 secs using 200.9% CPU


Create initial parsimony tree by phylogenetic likelihood library (PLL)... 0.003 seconds
Perform fast likelihood tree search using LG+I+G model...
Estimate model parameters (epsilon = 5.000)
Perform nearest neighbor interchange...
Optimizing NNI: done in 0.143584 secs using 198% CPU
Estimate model parameters (epsilon = 1.000)
1. Initial log-likelihood: -11751.630
2. Current log-likelihood: -11750.420
Optimal log-likelihood: -11749.717
Proportion of invariable sites: 0.071
Gamma shape alpha: 0.442
Parameters optimization took 2 rounds (0.215 sec)
Time for fast ML tree search: 0.841 seconds

NOTE: ModelFinder requires 22 MB RAM!
ModelFinder will test up to 1232 protein models (sample size: 825) ...
 No. Model         -LnL         df  AIC          AICc         BIC
  1  LG            12547.450    33  25160.900    25163.737    25316.508
  2  LG+I          12179.392    34  24426.784    24429.797    24587.107
  3  LG+G4         11747.360    34  23562.719    23565.732    23723.042
  4  LG+I+G4       11748.230    35  23566.461    23569.655    23731.499
  5  LG+R2         11887.334    35  23844.669    23847.862    24009.707
  6  LG+R3         11706.577    37  23487.154    23490.727    23661.623
  7  LG+R4         11685.460    39  23448.919    23452.894    23632.819
  8  LG+R5         11684.941    41  23451.881    23456.280    23645.212
 14  LG+I+R2       11736.416    36  23544.832    23548.213    23714.586
 15  LG+I+R3       11689.188    38  23454.376    23458.147    23633.561
 16  LG+I+R4       11685.107    40  23450.213    23454.397    23638.829
 29  LG+F+R4       11675.827    58  23467.653    23476.588    23741.146
 37  LG+F+I+R3     11678.769    57  23471.538    23480.159    23740.315
 38  LG+F+I+R4     11675.792    59  23469.585    23478.839    23747.792
 51  WAG+R4        11714.938    39  23507.875    23511.850    23691.775
 59  WAG+I+R3      11716.935    38  23509.871    23513.642    23689.055
 60  WAG+I+R4      11715.590    40  23511.180    23515.363    23699.795
 73  WAG+F+R4      11693.992    58  23503.984    23512.919    23777.476
 81  WAG+F+I+R3    11695.986    57  23505.972    23514.593    23774.749
 82  WAG+F+I+R4    11694.469    59  23506.937    23516.192    23785.145
 95  JTT+R4        11763.078    39  23604.155    23608.130    23788.055
103  JTT+I+R3      11766.520    38  23609.040    23612.811    23788.224
104  JTT+I+R4      11764.276    40  23608.552    23612.736    23797.167
117  JTT+F+R4      11746.038    58  23608.075    23617.010    23881.567
125  JTT+F+I+R3    11749.200    57  23612.400    23621.021    23881.177
126  JTT+F+I+R4    11746.773    59  23611.546    23620.801    23889.754
WARNING: Normalizing state frequencies so that sum of them equals to 1
139  Q.pfam+R4     11685.513    39  23449.027    23453.001    23632.926
WARNING: Normalizing state frequencies so that sum of them equals to 1
147  Q.pfam+I+R3   11687.663    38  23451.326    23455.097    23630.510
WARNING: Normalizing state frequencies so that sum of them equals to 1
148  Q.pfam+I+R4   11685.113    40  23450.227    23454.410    23638.842
WARNING: Normalizing state frequencies so that sum of them equals to 1
161  Q.pfam+F+R4   11679.409    58  23474.819    23483.754    23748.311
WARNING: Normalizing state frequencies so that sum of them equals to 1
169  Q.pfam+F+I+R3 11681.412    57  23476.824    23485.444    23745.601
WARNING: Normalizing state frequencies so that sum of them equals to 1
170  Q.pfam+F+I+R4 11678.572    59  23475.145    23484.400    23753.353
WARNING: Normalizing state frequencies so that sum of them equals to 1
183  Q.bird+R4     12018.772    39  24115.544    24119.519    24299.444
WARNING: Normalizing state frequencies so that sum of them equals to 1
191  Q.bird+I+R3   12027.177    38  24130.354    24134.125    24309.538
WARNING: Normalizing state frequencies so that sum of them equals to 1
192  Q.bird+I+R4   12016.248    40  24112.496    24116.680    24301.111
WARNING: Normalizing state frequencies so that sum of them equals to 1
205  Q.bird+F+R4   11992.907    58  24101.814    24110.749    24375.306
WARNING: Normalizing state frequencies so that sum of them equals to 1
213  Q.bird+F+I+R3 12002.283    57  24118.566    24127.186    24387.343
WARNING: Normalizing state frequencies so that sum of them equals to 1
214  Q.bird+F+I+R4 11990.047    59  24098.094    24107.349    24376.302
WARNING: Normalizing state frequencies so that sum of them equals to 1
227  Q.mammal+R4   11930.220    39  23938.439    23942.414    24122.339
WARNING: Normalizing state frequencies so that sum of them equals to 1
235  Q.mammal+I+R3 11936.285    38  23948.569    23952.340    24127.754
WARNING: Normalizing state frequencies so that sum of them equals to 1
236  Q.mammal+I+R4 11928.265    40  23936.531    23940.714    24125.146
WARNING: Normalizing state frequencies so that sum of them equals to 1
249  Q.mammal+F+R4 11901.457    58  23918.913    23927.848    24192.406
WARNING: Normalizing state frequencies so that sum of them equals to 1
257  Q.mammal+F+I+R3 11908.310    57  23930.619    23939.240    24199.396
WARNING: Normalizing state frequencies so that sum of them equals to 1
258  Q.mammal+F+I+R4 11899.229    59  23916.457    23925.712    24194.665
271  Q.insect+R4   11692.084    39  23462.169    23466.143    23646.069
279  Q.insect+I+R3 11694.303    38  23464.606    23468.377    23643.791
280  Q.insect+I+R4 11691.854    40  23463.708    23467.892    23652.323
293  Q.insect+F+R4 11670.385    58  23456.770    23465.704    23730.262
301  Q.insect+F+I+R3 11672.688    57  23459.376    23467.996    23728.153
302  Q.insect+F+I+R4 11670.599    59  23459.198    23468.453    23737.406
WARNING: Normalizing state frequencies so that sum of them equals to 1
315  Q.plant+R4    11806.033    39  23690.066    23694.040    23873.965
WARNING: Normalizing state frequencies so that sum of them equals to 1
323  Q.plant+I+R3  11810.937    38  23697.874    23701.645    23877.059
WARNING: Normalizing state frequencies so that sum of them equals to 1
324  Q.plant+I+R4  11809.634    40  23699.268    23703.452    23887.883
WARNING: Normalizing state frequencies so that sum of them equals to 1
337  Q.plant+F+R4  11804.552    58  23725.103    23734.038    23998.596
WARNING: Normalizing state frequencies so that sum of them equals to 1
345  Q.plant+F+I+R3 11809.263    57  23732.525    23741.146    24001.302
WARNING: Normalizing state frequencies so that sum of them equals to 1
346  Q.plant+F+I+R4 11807.147    59  23732.295    23741.550    24010.502
WARNING: Normalizing state frequencies so that sum of them equals to 1
359  Q.yeast+R4    11689.152    39  23456.304    23460.278    23640.204
WARNING: Normalizing state frequencies so that sum of them equals to 1
367  Q.yeast+I+R3  11691.806    38  23459.612    23463.383    23638.796
WARNING: Normalizing state frequencies so that sum of them equals to 1
368  Q.yeast+I+R4  11688.919    40  23457.838    23462.021    23646.453
WARNING: Normalizing state frequencies so that sum of them equals to 1
381  Q.yeast+F+R4  11661.129    58  23438.258    23447.192    23711.750
WARNING: Normalizing state frequencies so that sum of them equals to 1
389  Q.yeast+F+I+R3 11663.737    57  23441.473    23450.094    23710.250
WARNING: Normalizing state frequencies so that sum of them equals to 1
390  Q.yeast+F+I+R4 11661.141    59  23440.281    23449.536    23718.489
403  JTTDCMut+R4   11761.777    39  23601.553    23605.528    23785.453
411  JTTDCMut+I+R3 11765.031    38  23606.062    23609.833    23785.246
412  JTTDCMut+I+R4 11762.884    40  23605.767    23609.951    23794.383
425  JTTDCMut+F+R4 11744.867    58  23605.734    23614.669    23879.226
433  JTTDCMut+F+I+R3 11747.732    57  23609.464    23618.085    23878.241
434  JTTDCMut+F+I+R4 11745.570    59  23609.139    23618.394    23887.347
447  DCMut+R4      11820.332    39  23718.664    23722.638    23902.564
455  DCMut+I+R3    11821.887    38  23719.774    23723.545    23898.959
456  DCMut+I+R4    11821.401    40  23722.802    23726.985    23911.417
469  DCMut+F+R4    11757.754    58  23631.508    23640.443    23905.001
477  DCMut+F+I+R3  11758.952    57  23631.903    23640.524    23900.680
478  DCMut+F+I+R4  11757.995    59  23633.991    23643.246    23912.198
491  VT+R4         11711.204    39  23500.409    23504.383    23684.309
499  VT+I+R3       11712.713    38  23501.426    23505.197    23680.611
500  VT+I+R4       11711.922    40  23503.844    23508.028    23692.459
513  VT+F+R4       11708.152    58  23532.303    23541.238    23805.795
521  VT+F+I+R3     11709.581    57  23533.161    23541.782    23801.938
522  VT+F+I+R4     11708.748    59  23535.496    23544.751    23813.704
535  PMB+R4        11802.438    39  23682.875    23686.850    23866.775
543  PMB+I+R3      11803.152    38  23682.304    23686.075    23861.489
544  PMB+I+R4      11802.161    40  23684.322    23688.505    23872.937
557  PMB+F+R4      11747.244    58  23610.488    23619.423    23883.980
565  PMB+F+I+R3    11748.171    57  23610.343    23618.963    23879.120
566  PMB+F+I+R4    11747.083    59  23612.166    23621.421    23890.374
579  Blosum62+R4   11774.661    39  23627.323    23631.297    23811.223
587  Blosum62+I+R3 11775.850    38  23627.700    23631.471    23806.885
588  Blosum62+I+R4 11774.673    40  23629.346    23633.530    23817.962
601  Blosum62+F+R4 11733.285    58  23582.570    23591.505    23856.062
609  Blosum62+F+I+R3 11734.647    57  23583.294    23591.915    23852.071
610  Blosum62+F+I+R4 11733.497    59  23584.994    23594.248    23863.201
623  Dayhoff+R4    11819.872    39  23717.744    23721.719    23901.644
631  Dayhoff+I+R3  11821.465    38  23718.929    23722.700    23898.114
632  Dayhoff+I+R4  11820.955    40  23721.911    23726.094    23910.526
645  Dayhoff+F+R4  11757.435    58  23630.870    23639.805    23904.362
653  Dayhoff+F+I+R3 11758.676    57  23631.352    23639.973    23900.129
654  Dayhoff+F+I+R4 11757.685    59  23633.370    23642.625    23911.577
667  mtREV+R4      12435.118    39  24948.235    24952.210    25132.135
675  mtREV+I+R3    12443.247    38  24962.494    24966.265    25141.678
676  mtREV+I+R4    12435.078    40  24950.157    24954.340    25138.772
689  mtREV+F+R4    11904.481    58  23924.961    23933.896    24198.454
697  mtREV+F+I+R3  11909.467    57  23932.933    23941.554    24201.710
698  mtREV+F+I+R4  11901.371    59  23920.743    23929.998    24198.951
711  mtART+R4      12475.647    39  25029.295    25033.269    25213.195
719  mtART+I+R3    12494.312    38  25064.623    25068.394    25243.808
720  mtART+I+R4    12468.342    40  25016.685    25020.869    25205.300
733  mtART+F+R4    11926.595    58  23969.190    23978.125    24242.683
741  mtART+F+I+R3  11952.576    57  24019.151    24027.772    24287.928
742  mtART+F+I+R4  11934.311    59  23986.622    23995.877    24264.830
755  mtZOA+R4      12303.256    39  24684.513    24688.487    24868.413
763  mtZOA+I+R3    12321.509    38  24719.017    24722.788    24898.202
764  mtZOA+I+R4    12300.138    40  24680.277    24684.460    24868.892
777  mtZOA+F+R4    11848.196    58  23812.393    23821.327    24085.885
785  mtZOA+F+I+R3  11861.665    57  23837.330    23845.951    24106.107
786  mtZOA+F+I+R4  11858.052    59  23834.104    23843.359    24112.311
799  mtMet+R4      12476.119    39  25030.239    25034.213    25214.139
807  mtMet+I+R3    12484.371    38  25044.742    25048.513    25223.927
808  mtMet+I+R4    12472.311    40  25024.621    25028.805    25213.237
821  mtMet+F+R4    11916.628    58  23949.256    23958.191    24222.748
829  mtMet+F+I+R3  11923.197    57  23960.395    23969.015    24229.172
830  mtMet+F+I+R4  11913.023    59  23944.045    23953.300    24222.253
843  mtVer+R4      12618.137    39  25314.273    25318.248    25498.173
851  mtVer+I+R3    12632.367    38  25340.734    25344.505    25519.919
852  mtVer+I+R4    12612.181    40  25304.363    25308.546    25492.978
865  mtVer+F+R4    12086.962    58  24289.924    24298.858    24563.416
873  mtVer+F+I+R3  12101.977    57  24317.955    24326.576    24586.732
874  mtVer+F+I+R4  12080.193    59  24278.386    24287.641    24556.594
887  mtInv+R4      12501.243    39  25080.485    25084.460    25264.385
895  mtInv+I+R3    12505.149    38  25086.298    25090.069    25265.483
896  mtInv+I+R4    12497.209    40  25074.418    25078.602    25263.033
909  mtInv+F+R4    11810.924    58  23737.848    23746.783    24011.340
917  mtInv+F+I+R3  11814.167    57  23742.335    23750.955    24011.111
918  mtInv+F+I+R4  11809.770    59  23737.540    23746.795    24015.747
931  mtMAM+R4      12695.084    39  25468.167    25472.142    25652.067
939  mtMAM+I+R3    12723.333    38  25522.666    25526.437    25701.851
940  mtMAM+I+R4    12693.851    40  25467.702    25471.885    25656.317
953  mtMAM+F+R4    12147.883    58  24411.766    24420.700    24685.258
961  mtMAM+F+I+R3  12177.185    57  24468.370    24476.991    24737.147
962  mtMAM+F+I+R4  12155.828    59  24429.655    24438.910    24707.863
WARNING: Normalizing state frequencies so that sum of them equals to 1
975  FLAVI+R4      12275.234    39  24628.469    24632.443    24812.369
WARNING: Normalizing state frequencies so that sum of them equals to 1
983  FLAVI+I+R3    12298.842    38  24673.683    24677.454    24852.868
WARNING: Normalizing state frequencies so that sum of them equals to 1
984  FLAVI+I+R4    12292.735    40  24665.469    24669.653    24854.084
WARNING: Normalizing state frequencies so that sum of them equals to 1
997  FLAVI+F+R4    12178.065    58  24472.131    24481.066    24745.623
WARNING: Normalizing state frequencies so that sum of them equals to 1
1005  FLAVI+F+I+R3  12194.321    57  24502.643    24511.263    24771.419
WARNING: Normalizing state frequencies so that sum of them equals to 1
1006  FLAVI+F+I+R4  12191.165    59  24500.330    24509.585    24778.538
1019  HIVb+R4       12078.007    39  24234.014    24237.989    24417.914
1027  HIVb+I+R3     12089.871    38  24255.742    24259.513    24434.926
1028  HIVb+I+R4     12077.021    40  24234.042    24238.226    24422.658
1041  HIVb+F+R4     12022.355    58  24160.709    24169.644    24434.202
1049  HIVb+F+I+R3   12032.900    57  24179.800    24188.420    24448.577
1050  HIVb+F+I+R4   12020.190    59  24158.380    24167.634    24436.587
1063  HIVw+R4       12467.186    39  25012.371    25016.346    25196.271
1071  HIVw+I+R3     12480.445    38  25036.890    25040.661    25216.074
1072  HIVw+I+R4     12465.979    40  25011.959    25016.142    25200.574
1085  HIVw+F+R4     12272.796    58  24661.592    24670.527    24935.085
1093  HIVw+F+I+R3   12284.084    57  24682.168    24690.789    24950.945
1094  HIVw+F+I+R4   12270.982    59  24659.963    24669.218    24938.171
1107  FLU+R4        11972.479    39  24022.959    24026.933    24206.859
1115  FLU+I+R3      11983.255    38  24042.510    24046.281    24221.694
1116  FLU+I+R4      11976.879    40  24033.759    24037.942    24222.374
1129  FLU+F+R4      11915.335    58  23946.671    23955.606    24220.163
1137  FLU+F+I+R3    11928.201    57  23970.402    23979.022    24239.178
1138  FLU+F+I+R4    11922.724    59  23963.448    23972.702    24241.655
1151  rtREV+R4      11759.431    39  23596.863    23600.837    23780.763
1159  rtREV+I+R3    11761.487    38  23598.973    23602.744    23778.158
1160  rtREV+I+R4    11759.063    40  23598.125    23602.309    23786.741
1173  rtREV+F+R4    11670.798    58  23457.595    23466.530    23731.087
1181  rtREV+F+I+R3  11672.625    57  23459.251    23467.871    23728.027
1182  rtREV+F+I+R4  11670.274    59  23458.548    23467.803    23736.755
1195  cpREV+R4      11808.052    39  23694.104    23698.078    23878.004
1203  cpREV+I+R3    11812.371    38  23700.741    23704.512    23879.926
1204  cpREV+I+R4    11809.261    40  23698.523    23702.707    23887.138
1217  cpREV+F+R4    11787.711    58  23691.422    23700.357    23964.914
1225  cpREV+F+I+R3  11792.011    57  23698.022    23706.643    23966.799
1226  cpREV+F+I+R4  11788.773    59  23695.546    23704.801    23973.753
Akaike Information Criterion:           Q.yeast+F+R4
Corrected Akaike Information Criterion: Q.yeast+F+R4
Bayesian Information Criterion:         Q.pfam+I+R3
Best-fit model: Q.pfam+I+R3 chosen according to BIC

All model information printed to FungalCW_tree_20231129/78289at4751.aa.mfa.model.gz
CPU time for ModelFinder: 475.813 seconds (0h:7m:55s)
Wall-clock time for ModelFinder: 241.250 seconds (0h:4m:1s)
Generating 1000 samples for ultrafast bootstrap (seed: 606000)...
WARNING: Normalizing state frequencies so that sum of them equals to 1

NOTE: 8 MB RAM (0 GB) is required!
Estimate model parameters (epsilon = 0.100)
1. Initial log-likelihood: -11687.663
2. Current log-likelihood: -11687.422
3. Current log-likelihood: -11687.261
Optimal log-likelihood: -11687.198
Proportion of invariable sites: 0.193
Site proportion and rates:  (0.427,0.141) (0.214,0.489) (0.166,5.033)
Parameters optimization took 3 rounds (0.353 sec)
Wrote distance file to... 
Computing ML distances based on estimated model parameters...
Calculating distance matrix: done in 0.0316808 secs using 197.6% CPU
Computing ML distances took 0.032013 sec (of wall-clock time) 0.063213 sec (of CPU time)
Setting up auxiliary I and S matrices: done in 6.07967e-05 secs using 200.7% CPU
Constructing RapidNJ tree: done in 0.000207901 secs using 199.6% CPU
Computing RapidNJ tree took 0.000386 sec (of wall-clock time) 0.000767 sec (of CPU time)
Log-likelihood of RapidNJ tree: -11868.419
--------------------------------------------------------------------
|             INITIALIZING CANDIDATE TREE SET                      |
--------------------------------------------------------------------
Generating 98 parsimony trees... 0.387 second
Computing log-likelihood of 98 initial trees ... 1.878 seconds
Current best score: -11687.198

Do NNI search on 20 best initial trees
Optimizing NNI: done in 0.092566 secs using 196.7% CPU
Estimate model parameters (epsilon = 0.100)
BETTER TREE FOUND at iteration 1: -11687.188
Optimizing NNI: done in 0.27694 secs using 197.1% CPU
Optimizing NNI: done in 0.317329 secs using 197.5% CPU
Optimizing NNI: done in 0.299106 secs using 196.9% CPU
Optimizing NNI: done in 0.330634 secs using 196.6% CPU
Optimizing NNI: done in 0.358815 secs using 197.6% CPU
Optimizing NNI: done in 0.332709 secs using 197.8% CPU
Optimizing NNI: done in 0.340997 secs using 197% CPU
Optimizing NNI: done in 0.353054 secs using 197.6% CPU
Optimizing NNI: done in 0.32955 secs using 197.2% CPU
Iteration 10 / LogL: -11687.653 / Time: 0h:0m:6s
Optimizing NNI: done in 0.390439 secs using 197.3% CPU
Optimizing NNI: done in 0.310607 secs using 197.8% CPU
Optimizing NNI: done in 0.487686 secs using 197% CPU
Optimizing NNI: done in 0.326573 secs using 197% CPU
Optimizing NNI: done in 0.345152 secs using 197.3% CPU
Optimizing NNI: done in 0.396837 secs using 197.4% CPU
Optimizing NNI: done in 0.331137 secs using 197.3% CPU
Optimizing NNI: done in 0.320074 secs using 198% CPU
Optimizing NNI: done in 0.344625 secs using 197.6% CPU
Optimizing NNI: done in 0.362029 secs using 196.6% CPU
Iteration 20 / LogL: -11689.436 / Time: 0h:0m:9s
Finish initializing candidate tree set (2)
Current best tree score: -11687.188 / CPU time: 9.133
Number of iterations: 20
--------------------------------------------------------------------
|               OPTIMIZING CANDIDATE TREE SET                      |
--------------------------------------------------------------------
Optimizing NNI: done in 0.304123 secs using 197.2% CPU
Optimizing NNI: done in 0.371407 secs using 197.5% CPU
Optimizing NNI: done in 0.182378 secs using 198.1% CPU
Optimizing NNI: done in 0.233952 secs using 198% CPU
Optimizing NNI: done in 0.213933 secs using 197.5% CPU
Optimizing NNI: done in 0.312426 secs using 197.6% CPU
Optimizing NNI: done in 0.179586 secs using 198% CPU
Optimizing NNI: done in 0.261877 secs using 197.7% CPU
Optimizing NNI: done in 0.306494 secs using 197.7% CPU
Optimizing NNI: done in 0.380838 secs using 197.7% CPU
Iteration 30 / LogL: -11687.214 / Time: 0h:0m:12s (0h:0m:31s left)
Optimizing NNI: done in 0.316852 secs using 197.7% CPU
Optimizing NNI: done in 0.35149 secs using 197.6% CPU
Optimizing NNI: done in 0.224517 secs using 197.6% CPU
Optimizing NNI: done in 0.354184 secs using 197.9% CPU
Optimizing NNI: done in 0.327732 secs using 197.5% CPU
Optimizing NNI: done in 0.307265 secs using 197.3% CPU
Optimizing NNI: done in 0.176966 secs using 198% CPU
Optimizing NNI: done in 0.264875 secs using 197.1% CPU
Optimizing NNI: done in 0.324897 secs using 197.6% CPU
Optimizing NNI: done in 0.231833 secs using 197.7% CPU
Iteration 40 / LogL: -11687.423 / Time: 0h:0m:15s (0h:0m:24s left)
Optimizing NNI: done in 0.28759 secs using 197.9% CPU
Optimizing NNI: done in 0.22176 secs using 197.9% CPU
Optimizing NNI: done in 0.336944 secs using 197.5% CPU
Optimizing NNI: done in 0.267333 secs using 197.6% CPU
Optimizing NNI: done in 0.265131 secs using 197.8% CPU
Optimizing NNI: done in 0.273796 secs using 198% CPU
Optimizing NNI: done in 0.247252 secs using 197.1% CPU
Optimizing NNI: done in 0.234852 secs using 197.9% CPU
Optimizing NNI: done in 0.366955 secs using 197.4% CPU
Optimizing NNI: done in 0.310364 secs using 197.2% CPU
Iteration 50 / LogL: -11687.212 / Time: 0h:0m:18s (0h:0m:19s left)
Log-likelihood cutoff on original alignment: -11732.534
Optimizing NNI: done in 0.252553 secs using 197.6% CPU
Optimizing NNI: done in 0.24037 secs using 197.9% CPU
Optimizing NNI: done in 0.241824 secs using 197.1% CPU
Optimizing NNI: done in 0.243482 secs using 198.2% CPU
Optimizing NNI: done in 0.323522 secs using 198% CPU
Optimizing NNI: done in 0.368975 secs using 198.1% CPU
Optimizing NNI: done in 0.276257 secs using 197.5% CPU
Optimizing NNI: done in 0.279688 secs using 197.9% CPU
Optimizing NNI: done in 0.204048 secs using 197.3% CPU
Optimizing NNI: done in 0.281331 secs using 198% CPU
Iteration 60 / LogL: -11691.907 / Time: 0h:0m:21s (0h:0m:14s left)
Optimizing NNI: done in 0.370797 secs using 197.7% CPU
Optimizing NNI: done in 0.268223 secs using 198.2% CPU
Optimizing NNI: done in 0.349713 secs using 197.3% CPU
Optimizing NNI: done in 0.261512 secs using 198% CPU
Optimizing NNI: done in 0.252893 secs using 198% CPU
Optimizing NNI: done in 0.286961 secs using 198% CPU
Optimizing NNI: done in 0.160438 secs using 196.5% CPU
Optimizing NNI: done in 0.205084 secs using 198.4% CPU
Optimizing NNI: done in 0.286582 secs using 197.8% CPU
Optimizing NNI: done in 0.302756 secs using 197.2% CPU
Iteration 70 / LogL: -11687.206 / Time: 0h:0m:24s (0h:0m:10s left)
Optimizing NNI: done in 0.343112 secs using 197.5% CPU
Optimizing NNI: done in 0.204487 secs using 198.4% CPU
Optimizing NNI: done in 0.314276 secs using 198% CPU
Optimizing NNI: done in 0.503817 secs using 197.7% CPU
Optimizing NNI: done in 0.242902 secs using 197.3% CPU
Optimizing NNI: done in 0.252803 secs using 197.4% CPU
Optimizing NNI: done in 0.302708 secs using 197.8% CPU
Optimizing NNI: done in 0.204531 secs using 197.7% CPU
Optimizing NNI: done in 0.266166 secs using 196.8% CPU
Optimizing NNI: done in 0.264302 secs using 197.4% CPU
Iteration 80 / LogL: -11687.201 / Time: 0h:0m:27s (0h:0m:7s left)
Optimizing NNI: done in 0.294165 secs using 198.2% CPU
Optimizing NNI: done in 0.385799 secs using 198.2% CPU
Optimizing NNI: done in 0.282949 secs using 197.1% CPU
Optimizing NNI: done in 0.301072 secs using 198.3% CPU
Optimizing NNI: done in 0.222565 secs using 198% CPU
Optimizing NNI: done in 0.253071 secs using 197.9% CPU
Optimizing NNI: done in 0.269633 secs using 197.9% CPU
Optimizing NNI: done in 0.369389 secs using 198% CPU
Optimizing NNI: done in 0.322154 secs using 197.5% CPU
Optimizing NNI: done in 0.256668 secs using 197.4% CPU
Iteration 90 / LogL: -11687.240 / Time: 0h:0m:30s (0h:0m:3s left)
Optimizing NNI: done in 0.204587 secs using 196.2% CPU
Optimizing NNI: done in 0.312187 secs using 197.4% CPU
Optimizing NNI: done in 0.25472 secs using 197.9% CPU
Optimizing NNI: done in 0.249596 secs using 197.8% CPU
Optimizing NNI: done in 0.219926 secs using 196.4% CPU
Optimizing NNI: done in 0.220231 secs using 197.8% CPU
Optimizing NNI: done in 0.276401 secs using 198.1% CPU
Optimizing NNI: done in 0.294013 secs using 197.9% CPU
Optimizing NNI: done in 0.189714 secs using 197.7% CPU
Optimizing NNI: done in 0.244361 secs using 197.9% CPU
Iteration 100 / LogL: -11687.250 / Time: 0h:0m:33s (0h:0m:0s left)
Log-likelihood cutoff on original alignment: -11732.534
NOTE: Bootstrap correlation coefficient of split occurrence frequencies: 1.000
Optimizing NNI: done in 0.248606 secs using 198.3% CPU
Optimizing NNI: done in 0.26148 secs using 197.9% CPU
TREE SEARCH COMPLETED AFTER 102 ITERATIONS / Time: 0h:0m:33s

--------------------------------------------------------------------
|                    FINALIZING TREE SEARCH                        |
--------------------------------------------------------------------
Performs final model parameters optimization
Estimate model parameters (epsilon = 0.010)
1. Initial log-likelihood: -11687.188
Optimal log-likelihood: -11687.185
Proportion of invariable sites: 0.193
Site proportion and rates:  (0.426,0.139) (0.215,0.482) (0.166,5.047)
Parameters optimization took 1 rounds (0.119 sec)
BEST SCORE FOUND : -11687.185

Testing tree branches by SH-like aLRT with 1000 replicates...
0.232 sec.
Creating bootstrap support values...
Split supports printed to NEXUS file FungalCW_tree_20231129/78289at4751.aa.mfa.splits.nex
Total tree length: 17.503

Total number of iterations: 102
CPU time used for tree search: 65.136 sec (0h:1m:5s)
Wall-clock time used for tree search: 33.133 sec (0h:0m:33s)
Total CPU time used: 67.215 sec (0h:1m:7s)
Total wall-clock time used: 34.260 sec (0h:0m:34s)

Computing bootstrap consensus tree...
Reading input file FungalCW_tree_20231129/78289at4751.aa.mfa.splits.nex...
18 taxa and 65 splits.
Consensus tree written to FungalCW_tree_20231129/78289at4751.aa.mfa.contree
Reading input trees file FungalCW_tree_20231129/78289at4751.aa.mfa.contree
Log-likelihood of consensus tree: -11687.185

Analysis results written to: 
  IQ-TREE report:                FungalCW_tree_20231129/78289at4751.aa.mfa.iqtree
  Maximum-likelihood tree:       FungalCW_tree_20231129/78289at4751.aa.mfa.treefile
  Likelihood distances:          FungalCW_tree_20231129/78289at4751.aa.mfa.mldist

Ultrafast bootstrap approximation results written to:
  Split support values:          FungalCW_tree_20231129/78289at4751.aa.mfa.splits.nex
  Consensus tree:                FungalCW_tree_20231129/78289at4751.aa.mfa.contree
  Screen log file:               FungalCW_tree_20231129/78289at4751.aa.mfa.log

Date and Time: Wed Nov 29 01:52:22 2023
