IQ-TREE multicore version 2.2.2.6 COVID-edition for Linux 64-bit built May 27 2023
Developed by Bui Quang Minh, James Barbetti, Nguyen Lam Tung,
Olga Chernomor, Heiko Schmidt, Dominik Schrempf, Michael Woodhams, Ly Trong Nhan.

Host:    i30 (AVX2, FMA3, 503 GB RAM)
Command: iqtree2 -s FungalCW_tree_20231129/92267at4751.aa.mfa -gz -B 1000 -alrt 1000 -nt 2
Seed:    86981 (Using SPRNG - Scalable Parallel Random Number Generator)
Time:    Wed Nov 29 01:49:17 2023
Kernel:  AVX+FMA - 2 threads (2 CPU cores detected)

Reading alignment file FungalCW_tree_20231129/92267at4751.aa.mfa ... Fasta format detected
Reading fasta file: done in 0.000334024 secs using 75.74% CPU
Alignment most likely contains protein sequences
Constructing alignment: done in 0.00177288 secs using 125.2% CPU
Alignment has 18 sequences with 730 columns, 601 distinct patterns
369 parsimony-informative, 153 singleton sites, 208 constant sites
                                                               Gap/Ambiguity  Composition  p-value
Analyzing sequences: done in 4.19617e-05 secs using 116.8% CPU
   1  Basidiobolus_meristosporus_CBS_931.73.Basme2finSC.v1            18.90%    passed     99.88%
   2  Botrytis_cinerea_T4                                             18.08%    passed     99.35%
   3  Capillidium_pumilum_ARSEF_79                                    79.18%    passed     78.68%
   4  Colletotrichum_graminicola_M1.001                               16.44%    passed     99.51%
   5  Colletotrichum_higginsianum_IMI_349063                          16.44%    passed     99.33%
   6  Fusarium_graminearum_PH-1                                       16.58%    passed     99.90%
   7  Fusarium_verticillioides_7600                                   16.58%    passed     99.97%
   8  Gilbertella_persicaria_var_persicaria_CBS_190.32-T.Gilper1.v1   19.32%    passed     99.93%
   9  Mortierella_elongata_AG-77                                      18.36%    passed     99.96%
  10  Mucor_mucedo_NRRL_3635                                          19.59%    passed     99.99%
  11  Neoconidiobolus_thromboides_FSU_785.Conth1.v1                   18.77%    passed     93.80%
  12  Phycomyces_blakesleeanus_NRRL_1555.Phybl2.v2                    19.45%    passed     99.65%
  13  Rhizopus_stolonifer_NRRL_66455                                  18.90%    passed    100.00%
  14  Trichoderma_harzianum_CBS_226.95                                20.27%    passed     99.90%
  15  Umbelopsis_ramanniana_NRRL_5844.Umbra1.v1                       18.77%    passed     97.57%
  16  Ustilago_maydis                                                 26.30%    passed     77.53%
  17  Zoophthora_radicans_ATCC_208865                                 20.00%    passed     86.19%
  18  Zymoseptoria_tritici_IP0323                                     21.51%    passed     76.01%
WARNING: 1 sequences contain more than 50% gaps/ambiguity
****  TOTAL                                                           22.41%  0 sequences failed composition chi2 test (p-value<5%; df=19)
Checking for duplicate sequences: done in 0.000121117 secs using 194.9% CPU


Create initial parsimony tree by phylogenetic likelihood library (PLL)... 0.003 seconds
Perform fast likelihood tree search using LG+I+G model...
Estimate model parameters (epsilon = 5.000)
Perform nearest neighbor interchange...
Optimizing NNI: done in 0.151189 secs using 197% CPU
Estimate model parameters (epsilon = 1.000)
1. Initial log-likelihood: -10735.318
Optimal log-likelihood: -10735.086
Proportion of invariable sites: 0.157
Gamma shape alpha: 1.278
Parameters optimization took 1 rounds (0.075 sec)
Time for fast ML tree search: 0.448 seconds

NOTE: ModelFinder requires 19 MB RAM!
ModelFinder will test up to 1232 protein models (sample size: 730) ...
 No. Model         -LnL         df  AIC          AICc         BIC
  1  LG            11174.820    33  22415.640    22418.864    22567.210
  2  LG+I          10877.562    34  21823.123    21826.548    21979.287
  3  LG+G4         10746.616    34  21561.232    21564.657    21717.396
  4  LG+I+G4       10734.904    35  21539.808    21543.439    21700.565
  5  LG+R2         10774.849    35  21619.698    21623.329    21780.455
  6  LG+R3         10737.611    37  21549.222    21553.286    21719.165
  7  LG+R4         10733.991    39  21545.983    21550.505    21725.112
 14  LG+I+R2       10745.270    36  21562.541    21566.385    21727.890
 15  LG+I+R3       10733.968    38  21543.937    21548.226    21718.472
 16  LG+I+R4       10733.817    40  21547.633    21552.394    21731.355
 26  LG+F+I+G4     10737.126    54  21582.251    21591.051    21830.275
 48  WAG+I+G4      10776.212    35  21622.423    21626.054    21783.180
 70  WAG+F+I+G4    10777.273    54  21662.545    21671.345    21910.570
 92  JTT+I+G4      10873.000    35  21816.001    21819.632    21976.757
114  JTT+F+I+G4    10868.653    54  21845.306    21854.106    22093.331
WARNING: Normalizing state frequencies so that sum of them equals to 1
136  Q.pfam+I+G4   10752.498    35  21574.996    21578.628    21735.753
WARNING: Normalizing state frequencies so that sum of them equals to 1
158  Q.pfam+F+I+G4 10749.893    54  21607.786    21616.586    21855.811
WARNING: Normalizing state frequencies so that sum of them equals to 1
180  Q.bird+I+G4   11119.636    35  22309.273    22312.904    22470.030
WARNING: Normalizing state frequencies so that sum of them equals to 1
202  Q.bird+F+I+G4 11111.836    54  22331.672    22340.472    22579.696
WARNING: Normalizing state frequencies so that sum of them equals to 1
224  Q.mammal+I+G4 11038.143    35  22146.286    22149.917    22307.042
WARNING: Normalizing state frequencies so that sum of them equals to 1
246  Q.mammal+F+I+G4 11031.178    54  22170.356    22179.156    22418.381
268  Q.insect+I+G4 10769.666    35  21609.332    21612.963    21770.089
290  Q.insect+F+I+G4 10795.500    54  21699.001    21707.801    21947.025
WARNING: Normalizing state frequencies so that sum of them equals to 1
312  Q.plant+I+G4  10896.262    35  21862.523    21866.154    22023.280
WARNING: Normalizing state frequencies so that sum of them equals to 1
334  Q.plant+F+I+G4 10910.609    54  21929.218    21938.018    22177.243
WARNING: Normalizing state frequencies so that sum of them equals to 1
356  Q.yeast+I+G4  10722.771    35  21515.543    21519.174    21676.300
WARNING: Normalizing state frequencies so that sum of them equals to 1
378  Q.yeast+F+I+G4 10742.098    54  21592.196    21600.996    21840.221
400  JTTDCMut+I+G4 10868.884    35  21807.769    21811.400    21968.525
422  JTTDCMut+F+I+G4 10866.232    54  21840.465    21849.265    22088.489
444  DCMut+I+G4    10878.184    35  21826.369    21830.000    21987.126
466  DCMut+F+I+G4  10857.246    54  21822.491    21831.291    22070.516
488  VT+I+G4       10804.137    35  21678.273    21681.904    21839.030
510  VT+F+I+G4     10814.583    54  21737.166    21745.966    21985.191
532  PMB+I+G4      10898.271    35  21866.542    21870.173    22027.298
554  PMB+F+I+G4    10868.341    54  21844.682    21853.482    22092.707
576  Blosum62+I+G4 10871.581    35  21813.161    21816.792    21973.918
598  Blosum62+F+I+G4 10845.433    54  21798.865    21807.665    22046.890
620  Dayhoff+I+G4  10878.021    35  21826.041    21829.672    21986.798
642  Dayhoff+F+I+G4 10857.185    54  21822.369    21831.169    22070.394
664  mtREV+I+G4    11409.703    35  22889.406    22893.037    23050.162
686  mtREV+F+I+G4  11000.823    54  22109.646    22118.446    22357.671
708  mtART+I+G4    11444.249    35  22958.497    22962.128    23119.254
730  mtART+F+I+G4  11007.749    54  22123.498    22132.298    22371.522
752  mtZOA+I+G4    11245.811    35  22561.622    22565.253    22722.379
774  mtZOA+F+I+G4  10903.242    54  21914.485    21923.285    22162.509
796  mtMet+I+G4    11402.814    35  22875.629    22879.260    23036.385
818  mtMet+F+I+G4  11000.381    54  22108.761    22117.561    22356.786
840  mtVer+I+G4    11525.143    35  23120.286    23123.917    23281.043
862  mtVer+F+I+G4  11170.969    54  22449.939    22458.739    22697.963
884  mtInv+I+G4    11437.260    35  22944.520    22948.152    23105.277
906  mtInv+F+I+G4  10903.891    54  21915.781    21924.581    22163.806
928  mtMAM+I+G4    11634.888    35  23339.776    23343.407    23500.532
950  mtMAM+F+I+G4  11234.986    54  22577.971    22586.771    22825.996
WARNING: Normalizing state frequencies so that sum of them equals to 1
972  FLAVI+I+G4    11397.922    35  22865.843    22869.474    23026.600
WARNING: Normalizing state frequencies so that sum of them equals to 1
994  FLAVI+F+I+G4  11341.206    54  22790.412    22799.212    23038.437
1016  HIVb+I+G4     11153.171    35  22376.341    22379.972    22537.098
1038  HIVb+F+I+G4   11107.734    54  22323.468    22332.268    22571.493
1060  HIVw+I+G4     11561.800    35  23193.600    23197.231    23354.356
1082  HIVw+F+I+G4   11421.954    54  22951.908    22960.708    23199.932
1104  FLU+I+G4      11043.246    35  22156.493    22160.124    22317.249
1126  FLU+F+I+G4    11016.328    54  22140.656    22149.456    22388.680
1148  rtREV+I+G4    10806.165    35  21682.331    21685.962    21843.087
1170  rtREV+F+I+G4  10767.381    54  21642.763    21651.563    21890.787
1192  cpREV+I+G4    10863.492    35  21796.984    21800.615    21957.741
1214  cpREV+F+I+G4  10848.803    54  21805.606    21814.406    22053.630
Akaike Information Criterion:           Q.yeast+I+G4
Corrected Akaike Information Criterion: Q.yeast+I+G4
Bayesian Information Criterion:         Q.yeast+I+G4
Best-fit model: Q.yeast+I+G4 chosen according to BIC

All model information printed to FungalCW_tree_20231129/92267at4751.aa.mfa.model.gz
CPU time for ModelFinder: 51.024 seconds (0h:0m:51s)
Wall-clock time for ModelFinder: 25.870 seconds (0h:0m:25s)
Generating 1000 samples for ultrafast bootstrap (seed: 86981)...
WARNING: Normalizing state frequencies so that sum of them equals to 1

NOTE: 9 MB RAM (0 GB) is required!
Estimate model parameters (epsilon = 0.100)
Thoroughly optimizing +I+G parameters from 10 start values...
Init pinv, alpha: 0.000, 1.227 / Estimate: 0.000, 0.672 / LogL: -10733.307
Init pinv, alpha: 0.032, 1.227 / Estimate: 0.156, 1.173 / LogL: -10722.876
Init pinv, alpha: 0.063, 1.227 / Estimate: 0.157, 1.176 / LogL: -10722.863
Init pinv, alpha: 0.095, 1.227 / Estimate: 0.155, 1.171 / LogL: -10722.883
Init pinv, alpha: 0.127, 1.227 / Estimate: 0.155, 1.169 / LogL: -10722.891
Init pinv, alpha: 0.158, 1.227 / Estimate: 0.161, 1.201 / LogL: -10722.802
Init pinv, alpha: 0.190, 1.227 / Estimate: 0.174, 1.274 / LogL: -10722.808
Init pinv, alpha: 0.222, 1.227 / Estimate: 0.175, 1.283 / LogL: -10722.827
Init pinv, alpha: 0.253, 1.227 / Estimate: 0.174, 1.275 / LogL: -10722.808
Init pinv, alpha: 0.285, 1.227 / Estimate: 0.175, 1.281 / LogL: -10722.821
Optimal pinv,alpha: 0.161, 1.201 / LogL: -10722.802

Parameters optimization took 7.191 sec
Wrote distance file to... 
Computing ML distances based on estimated model parameters...
Calculating distance matrix: done in 0.0329549 secs using 197.7% CPU
Computing ML distances took 0.033288 sec (of wall-clock time) 0.065807 sec (of CPU time)
Setting up auxiliary I and S matrices: done in 6.69956e-05 secs using 198.5% CPU
Constructing RapidNJ tree: done in 0.000216961 secs
Computing RapidNJ tree took 0.000416 sec (of wall-clock time) 0.000153 sec (of CPU time)
Log-likelihood of RapidNJ tree: -10740.490
--------------------------------------------------------------------
|             INITIALIZING CANDIDATE TREE SET                      |
--------------------------------------------------------------------
Generating 98 parsimony trees... 0.385 second
Computing log-likelihood of 98 initial trees ... 2.191 seconds
Current best score: -10722.802

Do NNI search on 20 best initial trees
Optimizing NNI: done in 0.103416 secs using 196.3% CPU
Estimate model parameters (epsilon = 0.100)
BETTER TREE FOUND at iteration 1: -10722.784
Optimizing NNI: done in 0.153992 secs using 198.4% CPU
Optimizing NNI: done in 0.206216 secs using 196.8% CPU
Optimizing NNI: done in 0.294117 secs using 196.7% CPU
Optimizing NNI: done in 0.234084 secs using 198.3% CPU
Optimizing NNI: done in 0.251489 secs using 197.1% CPU
Optimizing NNI: done in 0.309286 secs using 197.7% CPU
Optimizing NNI: done in 0.357464 secs using 198.1% CPU
Optimizing NNI: done in 0.310867 secs using 197.8% CPU
Optimizing NNI: done in 0.258835 secs using 197.2% CPU
Iteration 10 / LogL: -10726.670 / Time: 0h:0m:12s
Optimizing NNI: done in 0.26056 secs using 197.8% CPU
Optimizing NNI: done in 0.346355 secs using 198.1% CPU
Optimizing NNI: done in 0.360236 secs using 197.2% CPU
Optimizing NNI: done in 0.215524 secs using 198.4% CPU
Optimizing NNI: done in 0.282246 secs using 197.6% CPU
Optimizing NNI: done in 0.31149 secs using 197.9% CPU
Optimizing NNI: done in 0.383624 secs using 198.1% CPU
Optimizing NNI: done in 0.353688 secs using 198% CPU
Optimizing NNI: done in 0.400123 secs using 197.9% CPU
Optimizing NNI: done in 0.337366 secs using 198.4% CPU
Iteration 20 / LogL: -10722.897 / Time: 0h:0m:16s
Finish initializing candidate tree set (2)
Current best tree score: -10722.784 / CPU time: 8.496
Number of iterations: 20
--------------------------------------------------------------------
|               OPTIMIZING CANDIDATE TREE SET                      |
--------------------------------------------------------------------
Optimizing NNI: done in 0.204855 secs using 196.9% CPU
Optimizing NNI: done in 0.327841 secs using 198% CPU
Optimizing NNI: done in 0.434488 secs using 197.6% CPU
Optimizing NNI: done in 0.294412 secs using 197.1% CPU
Optimizing NNI: done in 0.435821 secs using 197.6% CPU
Optimizing NNI: done in 0.308323 secs using 198.4% CPU
Optimizing NNI: done in 0.291789 secs using 198.4% CPU
Optimizing NNI: done in 0.493577 secs using 197.9% CPU
Optimizing NNI: done in 0.454787 secs using 198% CPU
Optimizing NNI: done in 0.188261 secs using 198.3% CPU
Iteration 30 / LogL: -10722.887 / Time: 0h:0m:19s (0h:0m:47s left)
Optimizing NNI: done in 0.315299 secs using 197.8% CPU
Optimizing NNI: done in 0.325666 secs using 198.1% CPU
Optimizing NNI: done in 0.207725 secs using 197.5% CPU
Optimizing NNI: done in 0.314094 secs using 197.9% CPU
Optimizing NNI: done in 0.275412 secs using 198.4% CPU
Optimizing NNI: done in 0.271937 secs using 198.4% CPU
Optimizing NNI: done in 0.44626 secs using 198.1% CPU
Optimizing NNI: done in 0.248461 secs using 198.3% CPU
Optimizing NNI: done in 0.267493 secs using 197.6% CPU
Optimizing NNI: done in 0.166613 secs using 197.2% CPU
Iteration 40 / LogL: -10722.860 / Time: 0h:0m:22s (0h:0m:35s left)
Optimizing NNI: done in 0.487532 secs using 197.6% CPU
Optimizing NNI: done in 0.443063 secs using 197.9% CPU
Optimizing NNI: done in 0.209138 secs using 198.3% CPU
Optimizing NNI: done in 0.27188 secs using 197.6% CPU
Optimizing NNI: done in 0.333885 secs using 197.5% CPU
Optimizing NNI: done in 0.35604 secs using 197.8% CPU
Optimizing NNI: done in 0.340057 secs using 198.3% CPU
Optimizing NNI: done in 0.258615 secs using 198% CPU
Optimizing NNI: done in 0.368548 secs using 198% CPU
Optimizing NNI: done in 0.29034 secs using 198.1% CPU
Iteration 50 / LogL: -10723.144 / Time: 0h:0m:26s (0h:0m:27s left)
Log-likelihood cutoff on original alignment: -10773.166
Optimizing NNI: done in 0.375638 secs using 198.1% CPU
Optimizing NNI: done in 0.273942 secs using 198.1% CPU
Optimizing NNI: done in 0.268229 secs using 197.8% CPU
Optimizing NNI: done in 0.246089 secs using 197.2% CPU
Optimizing NNI: done in 0.262282 secs using 197.7% CPU
Optimizing NNI: done in 0.367335 secs using 197.9% CPU
Optimizing NNI: done in 0.422166 secs using 198.2% CPU
Optimizing NNI: done in 0.235031 secs using 197.6% CPU
Optimizing NNI: done in 0.264418 secs using 197.2% CPU
Optimizing NNI: done in 0.409564 secs using 197.5% CPU
Iteration 60 / LogL: -10723.001 / Time: 0h:0m:29s (0h:0m:20s left)
Optimizing NNI: done in 0.391462 secs using 197.8% CPU
Optimizing NNI: done in 0.255561 secs using 198.3% CPU
Optimizing NNI: done in 0.295453 secs using 198% CPU
Optimizing NNI: done in 0.290626 secs using 198% CPU
Optimizing NNI: done in 0.281913 secs using 198.1% CPU
Optimizing NNI: done in 0.272258 secs using 198.2% CPU
Optimizing NNI: done in 0.455174 secs using 198.1% CPU
Optimizing NNI: done in 0.369871 secs using 197.2% CPU
Optimizing NNI: done in 0.447202 secs using 196.8% CPU
Optimizing NNI: done in 0.432483 secs using 197.1% CPU
Iteration 70 / LogL: -10722.845 / Time: 0h:0m:33s (0h:0m:14s left)
Optimizing NNI: done in 0.270902 secs using 197.8% CPU
Optimizing NNI: done in 0.253331 secs using 197.6% CPU
Optimizing NNI: done in 0.362952 secs using 197.4% CPU
Optimizing NNI: done in 0.304002 secs using 197.8% CPU
Optimizing NNI: done in 0.287638 secs using 198.2% CPU
Optimizing NNI: done in 0.422736 secs using 197.5% CPU
Optimizing NNI: done in 0.413791 secs using 197.8% CPU
Optimizing NNI: done in 0.386127 secs using 196.8% CPU
Optimizing NNI: done in 0.405068 secs using 197.6% CPU
Optimizing NNI: done in 0.27544 secs using 197.8% CPU
Iteration 80 / LogL: -10722.805 / Time: 0h:0m:36s (0h:0m:9s left)
Optimizing NNI: done in 0.387574 secs using 197.1% CPU
Optimizing NNI: done in 0.429606 secs using 197.5% CPU
Optimizing NNI: done in 0.185171 secs using 198% CPU
Optimizing NNI: done in 0.297629 secs using 197.9% CPU
Optimizing NNI: done in 0.356017 secs using 197.1% CPU
Optimizing NNI: done in 0.312671 secs using 197.8% CPU
Optimizing NNI: done in 0.292219 secs using 198.2% CPU
Optimizing NNI: done in 0.190264 secs using 198.3% CPU
Optimizing NNI: done in 0.253284 secs using 197.5% CPU
Optimizing NNI: done in 0.24897 secs using 198% CPU
Iteration 90 / LogL: -10726.497 / Time: 0h:0m:39s (0h:0m:4s left)
Optimizing NNI: done in 0.204594 secs using 197.2% CPU
Optimizing NNI: done in 0.304836 secs using 197.3% CPU
Optimizing NNI: done in 0.448402 secs using 197.8% CPU
Optimizing NNI: done in 0.368787 secs using 197.5% CPU
Optimizing NNI: done in 0.321735 secs using 196.7% CPU
Optimizing NNI: done in 0.48844 secs using 198.1% CPU
Optimizing NNI: done in 0.270915 secs using 198.1% CPU
Optimizing NNI: done in 0.305591 secs using 197.5% CPU
Optimizing NNI: done in 0.421955 secs using 198.2% CPU
Optimizing NNI: done in 0.335907 secs using 197.3% CPU
Iteration 100 / LogL: -10728.021 / Time: 0h:0m:43s (0h:0m:0s left)
Log-likelihood cutoff on original alignment: -10773.166
NOTE: Bootstrap correlation coefficient of split occurrence frequencies: 0.999
Optimizing NNI: done in 0.347846 secs using 198.1% CPU
Optimizing NNI: done in 0.377535 secs using 198% CPU
TREE SEARCH COMPLETED AFTER 102 ITERATIONS / Time: 0h:0m:44s

--------------------------------------------------------------------
|                    FINALIZING TREE SEARCH                        |
--------------------------------------------------------------------
Performs final model parameters optimization
Estimate model parameters (epsilon = 0.010)
1. Initial log-likelihood: -10722.784
Optimal log-likelihood: -10722.775
Proportion of invariable sites: 0.164
Gamma shape alpha: 1.216
Parameters optimization took 1 rounds (0.075 sec)
BEST SCORE FOUND : -10722.775

Testing tree branches by SH-like aLRT with 1000 replicates...
0.232 sec.
Creating bootstrap support values...
Split supports printed to NEXUS file FungalCW_tree_20231129/92267at4751.aa.mfa.splits.nex
Total tree length: 5.719

Total number of iterations: 102
CPU time used for tree search: 72.093 sec (0h:1m:12s)
Wall-clock time used for tree search: 36.622 sec (0h:0m:36s)
Total CPU time used: 87.699 sec (0h:1m:27s)
Total wall-clock time used: 44.586 sec (0h:0m:44s)

Computing bootstrap consensus tree...
Reading input file FungalCW_tree_20231129/92267at4751.aa.mfa.splits.nex...
18 taxa and 72 splits.
Consensus tree written to FungalCW_tree_20231129/92267at4751.aa.mfa.contree
Reading input trees file FungalCW_tree_20231129/92267at4751.aa.mfa.contree
Log-likelihood of consensus tree: -10722.775

Analysis results written to: 
  IQ-TREE report:                FungalCW_tree_20231129/92267at4751.aa.mfa.iqtree
  Maximum-likelihood tree:       FungalCW_tree_20231129/92267at4751.aa.mfa.treefile
  Likelihood distances:          FungalCW_tree_20231129/92267at4751.aa.mfa.mldist

Ultrafast bootstrap approximation results written to:
  Split support values:          FungalCW_tree_20231129/92267at4751.aa.mfa.splits.nex
  Consensus tree:                FungalCW_tree_20231129/92267at4751.aa.mfa.contree
  Screen log file:               FungalCW_tree_20231129/92267at4751.aa.mfa.log

Date and Time: Wed Nov 29 01:50:27 2023
