IQ-TREE multicore version 2.2.2.6 COVID-edition for Linux 64-bit built May 27 2023
Developed by Bui Quang Minh, James Barbetti, Nguyen Lam Tung,
Olga Chernomor, Heiko Schmidt, Dominik Schrempf, Michael Woodhams, Ly Trong Nhan.

Host:    i30 (AVX2, FMA3, 503 GB RAM)
Command: iqtree2 -s FungalCW_tree_20231129/93783at4751.aa.mfa -gz -B 1000 -alrt 1000 -nt 2
Seed:    86981 (Using SPRNG - Scalable Parallel Random Number Generator)
Time:    Wed Nov 29 01:49:17 2023
Kernel:  AVX+FMA - 2 threads (2 CPU cores detected)

Reading alignment file FungalCW_tree_20231129/93783at4751.aa.mfa ... Fasta format detected
Reading fasta file: done in 0.00065589 secs using 80.2% CPU
Alignment most likely contains protein sequences
Constructing alignment: done in 0.00425792 secs using 150.3% CPU
Alignment has 18 sequences with 1813 columns, 1690 distinct patterns
1008 parsimony-informative, 572 singleton sites, 233 constant sites
                                                               Gap/Ambiguity  Composition  p-value
Analyzing sequences: done in 0.000115871 secs using 79.4% CPU
   1  Basidiobolus_meristosporus_CBS_931.73.Basme2finSC.v1            45.95%    passed     62.93%
   2  Botrytis_cinerea_T4                                             47.16%    passed     62.51%
   3  Capillidium_pumilum_ARSEF_79                                    91.45%    failed      0.02%
   4  Colletotrichum_graminicola_M1.001                               46.61%    passed      5.45%
   5  Colletotrichum_higginsianum_IMI_349063                          46.55%    passed      9.46%
   6  Fusarium_graminearum_PH-1                                       46.88%    passed     36.43%
   7  Fusarium_verticillioides_7600                                   46.72%    passed     10.79%
   8  Gilbertella_persicaria_var_persicaria_CBS_190.32-T.Gilper1.v1   49.03%    failed      0.46%
   9  Mortierella_elongata_AG-77                                      43.41%    passed     72.40%
  10  Mucor_mucedo_NRRL_3635                                          45.50%    passed      9.25%
  11  Neoconidiobolus_thromboides_FSU_785.Conth1.v1                   49.03%    failed      0.00%
  12  Phycomyces_blakesleeanus_NRRL_1555.Phybl2.v2                    45.06%    passed     64.46%
  13  Rhizopus_stolonifer_NRRL_66455                                  45.89%    passed      7.03%
  14  Trichoderma_harzianum_CBS_226.95                                48.04%    passed     46.46%
  15  Umbelopsis_ramanniana_NRRL_5844.Umbra1.v1                       45.78%    passed     91.92%
  16  Ustilago_maydis                                                 44.62%    failed      1.77%
  17  Zoophthora_radicans_ATCC_208865                                 46.00%    failed      0.01%
  18  Zymoseptoria_tritici_IP0323                                     50.74%    passed     24.80%
WARNING: 2 sequences contain more than 50% gaps/ambiguity
****  TOTAL                                                           49.14%  5 sequences failed composition chi2 test (p-value<5%; df=19)
Checking for duplicate sequences: done in 0.000234127 secs using 160.2% CPU


Create initial parsimony tree by phylogenetic likelihood library (PLL)... 0.012 seconds
Perform fast likelihood tree search using LG+I+G model...
Estimate model parameters (epsilon = 5.000)
Perform nearest neighbor interchange...
Optimizing NNI: done in 0.805535 secs using 197.8% CPU
Estimate model parameters (epsilon = 1.000)
1. Initial log-likelihood: -36707.738
Optimal log-likelihood: -36707.320
Proportion of invariable sites: 0.022
Gamma shape alpha: 0.864
Parameters optimization took 1 rounds (0.211 sec)
Time for fast ML tree search: 2.031 seconds

NOTE: ModelFinder requires 54 MB RAM!
ModelFinder will test up to 1232 protein models (sample size: 1813) ...
 No. Model         -LnL         df  AIC          AICc         BIC
  1  LG            38088.327    33  76242.655    76243.916    76424.245
  2  LG+I          37811.019    34  75690.039    75691.377    75877.132
  3  LG+G4         36739.554    34  73547.107    73548.446    73734.200
  4  LG+I+G4       36707.337    35  73484.674    73486.092    73677.270
  5  LG+R2         36744.862    35  73559.725    73561.143    73752.321
  6  LG+R3         36651.207    37  73376.414    73377.998    73580.015
  7  LG+R4         36649.435    39  73376.871    73378.630    73591.478
 14  LG+I+R2       36698.408    36  73468.815    73470.315    73666.914
 15  LG+I+R3       36650.045    38  73376.090    73377.761    73585.194
 16  LG+I+R4       36648.584    40  73377.168    73379.019    73597.277
 28  LG+F+R3       36391.923    56  72895.846    72899.481    73203.999
 37  LG+F+I+R3     36391.393    57  72896.786    72900.553    73210.442
 50  WAG+R3        36628.771    37  73331.543    73333.127    73535.144
 59  WAG+I+R3      36628.912    38  73333.825    73335.495    73542.929
 72  WAG+F+R3      36389.906    56  72891.812    72895.447    73199.965
 81  WAG+F+I+R3    36390.052    57  72894.103    72897.871    73207.759
 94  JTT+R3        36721.168    37  73516.336    73517.920    73719.937
103  JTT+I+R3      36720.366    38  73516.733    73518.404    73725.837
116  JTT+F+R3      36463.224    56  73038.447    73042.083    73346.600
125  JTT+F+I+R3    36462.931    57  73039.862    73043.630    73353.518
WARNING: Normalizing state frequencies so that sum of them equals to 1
138  Q.pfam+R3     36589.486    37  73252.972    73254.557    73456.574
WARNING: Normalizing state frequencies so that sum of them equals to 1
147  Q.pfam+I+R3   36588.711    38  73253.422    73255.093    73462.526
WARNING: Normalizing state frequencies so that sum of them equals to 1
160  Q.pfam+F+R3   36392.311    56  72896.621    72900.257    73204.774
WARNING: Normalizing state frequencies so that sum of them equals to 1
169  Q.pfam+F+I+R3 36391.823    57  72897.647    72901.414    73211.303
WARNING: Normalizing state frequencies so that sum of them equals to 1
182  Q.bird+R3     37002.487    37  74078.973    74080.558    74282.575
WARNING: Normalizing state frequencies so that sum of them equals to 1
191  Q.bird+I+R3   37000.503    38  74077.006    74078.677    74286.110
WARNING: Normalizing state frequencies so that sum of them equals to 1
204  Q.bird+F+R3   36687.304    56  73486.608    73490.244    73794.761
WARNING: Normalizing state frequencies so that sum of them equals to 1
213  Q.bird+F+I+R3 36683.810    57  73481.620    73485.388    73795.276
WARNING: Normalizing state frequencies so that sum of them equals to 1
226  Q.mammal+R3   36919.478    37  73912.956    73914.541    74116.558
WARNING: Normalizing state frequencies so that sum of them equals to 1
235  Q.mammal+I+R3 36918.590    38  73913.179    73914.850    74122.283
WARNING: Normalizing state frequencies so that sum of them equals to 1
248  Q.mammal+F+R3 36598.023    56  73308.045    73311.681    73616.199
WARNING: Normalizing state frequencies so that sum of them equals to 1
257  Q.mammal+F+I+R3 36595.769    57  73305.538    73309.306    73619.194
270  Q.insect+R3   36774.510    37  73623.020    73624.604    73826.621
279  Q.insect+I+R3 36773.336    38  73622.672    73624.342    73831.776
292  Q.insect+F+R3 36425.101    56  72962.202    72965.838    73270.356
301  Q.insect+F+I+R3 36424.460    57  72962.920    72966.687    73276.576
WARNING: Normalizing state frequencies so that sum of them equals to 1
314  Q.plant+R3    36720.665    37  73515.330    73516.914    73718.931
WARNING: Normalizing state frequencies so that sum of them equals to 1
323  Q.plant+I+R3  36719.765    38  73515.530    73517.201    73724.634
WARNING: Normalizing state frequencies so that sum of them equals to 1
336  Q.plant+F+R3  36526.605    56  73165.211    73168.846    73473.364
WARNING: Normalizing state frequencies so that sum of them equals to 1
345  Q.plant+F+I+R3 36565.063    57  73244.125    73247.893    73557.781
WARNING: Normalizing state frequencies so that sum of them equals to 1
358  Q.yeast+R3    36744.424    37  73562.848    73564.432    73766.449
WARNING: Normalizing state frequencies so that sum of them equals to 1
367  Q.yeast+I+R3  36743.618    38  73563.237    73564.907    73772.341
WARNING: Normalizing state frequencies so that sum of them equals to 1
380  Q.yeast+F+R3  36422.157    56  72956.313    72959.949    73264.467
WARNING: Normalizing state frequencies so that sum of them equals to 1
389  Q.yeast+F+I+R3 36462.612    57  73039.223    73042.991    73352.879
402  JTTDCMut+R3   36720.793    37  73515.587    73517.171    73719.188
411  JTTDCMut+I+R3 36720.005    38  73516.009    73517.680    73725.114
424  JTTDCMut+F+R3 36461.282    56  73034.563    73038.199    73342.716
433  JTTDCMut+F+I+R3 36460.983    57  73035.966    73039.734    73349.622
446  DCMut+R3      36968.078    37  74010.156    74011.740    74213.757
455  DCMut+I+R3    36965.724    38  74007.449    74009.120    74216.553
468  DCMut+F+R3    36483.743    56  73079.486    73083.121    73387.639
477  DCMut+F+I+R3  36482.252    57  73078.504    73082.272    73392.161
490  VT+R3         36575.558    37  73225.117    73226.701    73428.718
499  VT+I+R3       36612.141    38  73300.281    73301.952    73509.385
512  VT+F+R3       36387.946    56  72887.891    72891.527    73196.044
521  VT+F+I+R3     36425.984    57  72965.968    72969.735    73279.624
534  PMB+R3        36740.242    37  73554.484    73556.068    73758.085
543  PMB+I+R3      36768.743    38  73613.486    73615.156    73822.590
556  PMB+F+R3      36429.290    56  72970.580    72974.215    73278.733
565  PMB+F+I+R3    36461.036    57  73036.072    73039.840    73349.728
578  Blosum62+R3   36784.914    37  73643.828    73645.413    73847.430
587  Blosum62+I+R3 36784.771    38  73645.543    73647.214    73854.647
600  Blosum62+F+R3 36432.261    56  72976.523    72980.158    73284.676
609  Blosum62+F+I+R3 36464.540    57  73043.080    73046.848    73356.736
622  Dayhoff+R3    36968.696    37  74011.393    74012.977    74214.994
631  Dayhoff+I+R3  36966.363    38  74008.726    74010.397    74217.830
644  Dayhoff+F+R3  36484.024    56  73080.048    73083.684    73388.202
653  Dayhoff+F+I+R3 36482.445    57  73078.891    73082.658    73392.547
666  mtREV+R3      38147.868    37  76369.735    76371.320    76573.337
675  mtREV+I+R3    38141.011    38  76358.022    76359.693    76567.126
688  mtREV+F+R3    36635.653    56  73383.306    73386.941    73691.459
697  mtREV+F+I+R3  36631.034    57  73376.067    73379.835    73689.723
710  mtART+R3      38449.951    37  76973.902    76975.486    77177.503
719  mtART+I+R3    38435.436    38  76946.871    76948.542    77155.975
732  mtART+F+R3    36798.449    56  73708.898    73712.534    74017.052
741  mtART+F+I+R3  36785.539    57  73685.078    73688.846    73998.734
754  mtZOA+R3      37931.886    37  75937.772    75939.357    76141.374
763  mtZOA+I+R3    37923.476    38  75922.953    75924.624    76132.057
776  mtZOA+F+R3    36640.043    56  73392.086    73395.722    73700.240
785  mtZOA+F+I+R3  36629.876    57  73373.752    73377.519    73687.408
798  mtMet+R3      38393.987    37  76861.973    76863.558    77065.575
807  mtMet+I+R3    38389.283    38  76854.567    76856.237    77063.671
820  mtMet+F+R3    36638.234    56  73388.468    73392.104    73696.621
829  mtMet+F+I+R3  36633.537    57  73381.073    73384.841    73694.729
842  mtVer+R3      38371.663    37  76817.325    76818.910    77020.927
851  mtVer+I+R3    38365.118    38  76806.237    76807.908    77015.341
864  mtVer+F+R3    36807.688    56  73727.375    73731.011    74035.529
873  mtVer+F+I+R3  36798.652    57  73711.303    73715.071    74024.959
886  mtInv+R3      38859.392    37  77792.784    77794.368    77996.385
895  mtInv+I+R3    38854.161    38  77784.321    77785.992    77993.425
908  mtInv+F+R3    36552.427    56  73216.854    73220.490    73525.008
917  mtInv+F+I+R3  36549.225    57  73212.450    73216.218    73526.106
930  mtMAM+R3      38513.596    37  77101.192    77102.776    77304.793
939  mtMAM+I+R3    38501.793    38  77079.586    77081.257    77288.690
952  mtMAM+F+R3    36944.549    56  74001.097    74004.733    74309.251
961  mtMAM+F+I+R3  36931.941    57  73977.881    73981.649    74291.537
WARNING: Normalizing state frequencies so that sum of them equals to 1
974  FLAVI+R3      37458.104    37  74990.208    74991.792    75193.809
WARNING: Normalizing state frequencies so that sum of them equals to 1
983  FLAVI+I+R3    37449.608    38  74975.215    74976.886    75184.319
WARNING: Normalizing state frequencies so that sum of them equals to 1
996  FLAVI+F+R3    36999.853    56  74111.706    74115.342    74419.859
WARNING: Normalizing state frequencies so that sum of them equals to 1
1005  FLAVI+F+I+R3  36991.789    57  74097.579    74101.346    74411.235
1018  HIVb+R3       37219.545    37  74513.091    74514.675    74716.692
1027  HIVb+I+R3     37216.696    38  74509.392    74511.063    74718.496
1040  HIVb+F+R3     36755.601    56  73623.202    73626.837    73931.355
1049  HIVb+F+I+R3   36754.510    57  73623.020    73626.787    73936.676
1062  HIVw+R3       38066.413    37  76206.825    76208.409    76410.427
1071  HIVw+I+R3     38051.398    38  76178.795    76180.466    76387.899
1084  HIVw+F+R3     37042.492    56  74196.984    74200.619    74505.137
1093  HIVw+F+I+R3   37034.573    57  74183.146    74186.913    74496.802
1106  FLU+R3        37024.635    37  74123.269    74124.853    74326.871
1115  FLU+I+R3      37019.841    38  74115.682    74117.353    74324.786
1128  FLU+F+R3      36605.913    56  73323.826    73327.461    73631.979
1137  FLU+F+I+R3    36602.115    57  73318.229    73321.997    73631.885
1150  rtREV+R3      36860.935    37  73795.870    73797.454    73999.471
1159  rtREV+I+R3    36858.408    38  73792.817    73794.488    74001.921
1172  rtREV+F+R3    36438.030    56  72988.059    72991.695    73296.213
1181  rtREV+F+I+R3  36436.378    57  72986.756    72990.523    73300.412
1194  cpREV+R3      36828.672    37  73731.343    73732.928    73934.945
1203  cpREV+I+R3    36822.020    38  73720.040    73721.711    73929.144
1216  cpREV+F+R3    36529.543    56  73171.085    73174.721    73479.239
1225  cpREV+F+I+R3  36525.635    57  73165.269    73169.037    73478.925
Akaike Information Criterion:           VT+F+R3
Corrected Akaike Information Criterion: VT+F+R3
Bayesian Information Criterion:         VT+F+R3
Best-fit model: VT+F+R3 chosen according to BIC

All model information printed to FungalCW_tree_20231129/93783at4751.aa.mfa.model.gz
CPU time for ModelFinder: 971.696 seconds (0h:16m:11s)
Wall-clock time for ModelFinder: 489.578 seconds (0h:8m:9s)
Generating 1000 samples for ultrafast bootstrap (seed: 86981)...

NOTE: 20 MB RAM (0 GB) is required!
Estimate model parameters (epsilon = 0.100)
1. Initial log-likelihood: -36387.946
Optimal log-likelihood: -36387.933
Site proportion and rates:  (0.058,0.030) (0.237,0.246) (0.706,1.332)
Parameters optimization took 1 rounds (0.271 sec)
Wrote distance file to... 
Computing ML distances based on estimated model parameters...
Calculating distance matrix: done in 0.0269091 secs using 199.5% CPU
Computing ML distances took 0.027246 sec (of wall-clock time) 0.054271 sec (of CPU time)
Setting up auxiliary I and S matrices: done in 5.00679e-05 secs using 199.7% CPU
Constructing RapidNJ tree: done in 0.000193119 secs using 199.9% CPU
Computing RapidNJ tree took 0.000323 sec (of wall-clock time) 0.000643 sec (of CPU time)
Log-likelihood of RapidNJ tree: -36918.848
--------------------------------------------------------------------
|             INITIALIZING CANDIDATE TREE SET                      |
--------------------------------------------------------------------
Generating 98 parsimony trees... 1.141 second
Computing log-likelihood of 98 initial trees ... 4.090 seconds
Current best score: -36387.933

Do NNI search on 20 best initial trees
Optimizing NNI: done in 0.284812 secs using 198.4% CPU
Estimate model parameters (epsilon = 0.100)
BETTER TREE FOUND at iteration 1: -36386.822
Optimizing NNI: done in 0.783803 secs using 198.9% CPU
Estimate model parameters (epsilon = 0.100)
BETTER TREE FOUND at iteration 2: -36386.117
Optimizing NNI: done in 0.713208 secs using 199.1% CPU
Optimizing NNI: done in 0.718538 secs using 198.9% CPU
Optimizing NNI: done in 0.810928 secs using 199% CPU
Optimizing NNI: done in 0.906299 secs using 199% CPU
Optimizing NNI: done in 0.901315 secs using 198.9% CPU
Optimizing NNI: done in 0.782639 secs using 198.9% CPU
Optimizing NNI: done in 0.909876 secs using 198.4% CPU
Optimizing NNI: done in 0.631414 secs using 199% CPU
Iteration 10 / LogL: -36386.503 / Time: 0h:0m:14s
Optimizing NNI: done in 0.805958 secs using 198.8% CPU
Optimizing NNI: done in 1.02344 secs using 198.6% CPU
Optimizing NNI: done in 0.818836 secs using 198.5% CPU
Optimizing NNI: done in 0.796143 secs using 199.1% CPU
Optimizing NNI: done in 0.807307 secs using 198.9% CPU
Optimizing NNI: done in 1.17164 secs using 198.8% CPU
Optimizing NNI: done in 0.876869 secs using 198.8% CPU
Optimizing NNI: done in 0.911007 secs using 198.9% CPU
Optimizing NNI: done in 0.852985 secs using 199% CPU
Optimizing NNI: done in 0.853625 secs using 199.1% CPU
Iteration 20 / LogL: -36386.630 / Time: 0h:0m:23s
Finish initializing candidate tree set (5)
Current best tree score: -36386.117 / CPU time: 22.579
Number of iterations: 20
--------------------------------------------------------------------
|               OPTIMIZING CANDIDATE TREE SET                      |
--------------------------------------------------------------------
Optimizing NNI: done in 0.740768 secs using 198.9% CPU
Optimizing NNI: done in 0.436971 secs using 198.7% CPU
Optimizing NNI: done in 0.73255 secs using 198.7% CPU
Optimizing NNI: done in 0.75554 secs using 198.9% CPU
Optimizing NNI: done in 0.458837 secs using 198.9% CPU
Optimizing NNI: done in 0.374668 secs using 199% CPU
Optimizing NNI: done in 0.458657 secs using 198.7% CPU
Optimizing NNI: done in 0.743155 secs using 198.4% CPU
Optimizing NNI: done in 0.666096 secs using 199.1% CPU
Optimizing NNI: done in 0.380745 secs using 199.1% CPU
Iteration 30 / LogL: -36387.400 / Time: 0h:0m:29s (0h:1m:13s left)
Optimizing NNI: done in 0.668912 secs using 199% CPU
Optimizing NNI: done in 0.634142 secs using 198.7% CPU
Optimizing NNI: done in 0.654081 secs using 198.8% CPU
Optimizing NNI: done in 0.901709 secs using 199% CPU
Optimizing NNI: done in 0.394192 secs using 198.8% CPU
Optimizing NNI: done in 0.455335 secs using 198.6% CPU
Optimizing NNI: done in 0.80237 secs using 198.7% CPU
Optimizing NNI: done in 0.561393 secs using 199% CPU
Optimizing NNI: done in 0.494219 secs using 198.9% CPU
Optimizing NNI: done in 0.650659 secs using 198.9% CPU
Iteration 40 / LogL: -36395.180 / Time: 0h:0m:36s (0h:0m:57s left)
Optimizing NNI: done in 0.558002 secs using 198.9% CPU
Optimizing NNI: done in 0.492322 secs using 199.1% CPU
Optimizing NNI: done in 0.481559 secs using 198.9% CPU
Optimizing NNI: done in 0.719485 secs using 198.9% CPU
Optimizing NNI: done in 0.66327 secs using 198.9% CPU
Optimizing NNI: done in 0.616977 secs using 198.7% CPU
Optimizing NNI: done in 0.598291 secs using 198.9% CPU
Optimizing NNI: done in 0.46777 secs using 198.5% CPU
Optimizing NNI: done in 0.472108 secs using 199.2% CPU
Optimizing NNI: done in 0.659192 secs using 199.1% CPU
Iteration 50 / LogL: -36390.982 / Time: 0h:0m:41s (0h:0m:44s left)
Log-likelihood cutoff on original alignment: -36427.870
Optimizing NNI: done in 0.52602 secs using 198.9% CPU
Optimizing NNI: done in 0.66721 secs using 199% CPU
Optimizing NNI: done in 0.713235 secs using 199.1% CPU
Optimizing NNI: done in 0.592794 secs using 199.1% CPU
Optimizing NNI: done in 0.512541 secs using 198.6% CPU
Optimizing NNI: done in 0.731242 secs using 199% CPU
Optimizing NNI: done in 0.47542 secs using 199.1% CPU
Optimizing NNI: done in 0.648399 secs using 199.1% CPU
Optimizing NNI: done in 0.718623 secs using 198.9% CPU
Optimizing NNI: done in 0.591592 secs using 199% CPU
Iteration 60 / LogL: -36394.657 / Time: 0h:0m:48s (0h:0m:34s left)
Optimizing NNI: done in 0.48292 secs using 198.8% CPU
Optimizing NNI: done in 0.288926 secs using 199.1% CPU
Optimizing NNI: done in 0.617731 secs using 199.2% CPU
Optimizing NNI: done in 0.75681 secs using 198.8% CPU
Optimizing NNI: done in 0.71058 secs using 199% CPU
Optimizing NNI: done in 0.577079 secs using 199.1% CPU
Optimizing NNI: done in 0.368633 secs using 198.9% CPU
Optimizing NNI: done in 0.51167 secs using 199% CPU
Optimizing NNI: done in 0.82555 secs using 198.8% CPU
Optimizing NNI: done in 0.568854 secs using 198.9% CPU
Iteration 70 / LogL: -36394.863 / Time: 0h:0m:54s (0h:0m:25s left)
Optimizing NNI: done in 0.675001 secs using 199% CPU
Optimizing NNI: done in 0.482134 secs using 198.9% CPU
Optimizing NNI: done in 0.483322 secs using 198.9% CPU
Optimizing NNI: done in 0.680886 secs using 199.1% CPU
Optimizing NNI: done in 0.699018 secs using 199.1% CPU
Optimizing NNI: done in 0.532446 secs using 199% CPU
Optimizing NNI: done in 0.500796 secs using 199% CPU
Optimizing NNI: done in 0.624517 secs using 199.1% CPU
Optimizing NNI: done in 0.591268 secs using 198.8% CPU
Optimizing NNI: done in 0.606943 secs using 198.9% CPU
Iteration 80 / LogL: -36395.286 / Time: 0h:1m:0s (0h:0m:16s left)
Optimizing NNI: done in 0.503605 secs using 199.1% CPU
Optimizing NNI: done in 0.916261 secs using 199.1% CPU
Optimizing NNI: done in 0.88966 secs using 199% CPU
Optimizing NNI: done in 0.927026 secs using 199.1% CPU
Optimizing NNI: done in 0.692249 secs using 198.9% CPU
Optimizing NNI: done in 0.47326 secs using 198.8% CPU
Optimizing NNI: done in 0.745635 secs using 199.1% CPU
Optimizing NNI: done in 0.477522 secs using 199% CPU
Optimizing NNI: done in 0.648852 secs using 199% CPU
Optimizing NNI: done in 0.49129 secs using 198.9% CPU
Iteration 90 / LogL: -36386.144 / Time: 0h:1m:7s (0h:0m:9s left)
Optimizing NNI: done in 0.525879 secs using 199.1% CPU
Optimizing NNI: done in 0.941754 secs using 198.9% CPU
Optimizing NNI: done in 0.520667 secs using 198.9% CPU
Optimizing NNI: done in 0.566574 secs using 198.9% CPU
Optimizing NNI: done in 0.563083 secs using 199.1% CPU
Optimizing NNI: done in 0.331359 secs using 199.1% CPU
Optimizing NNI: done in 0.65731 secs using 199% CPU
Optimizing NNI: done in 0.63127 secs using 199% CPU
Optimizing NNI: done in 0.913656 secs using 199.1% CPU
Optimizing NNI: done in 0.463184 secs using 198.9% CPU
Iteration 100 / LogL: -36399.810 / Time: 0h:1m:13s (0h:0m:1s left)
Log-likelihood cutoff on original alignment: -36422.175
NOTE: Bootstrap correlation coefficient of split occurrence frequencies: 0.999
Optimizing NNI: done in 0.723659 secs using 198.9% CPU
Optimizing NNI: done in 0.559093 secs using 199.1% CPU
Optimizing NNI: done in 0.581668 secs using 198.9% CPU
TREE SEARCH COMPLETED AFTER 103 ITERATIONS / Time: 0h:1m:15s

--------------------------------------------------------------------
|                    FINALIZING TREE SEARCH                        |
--------------------------------------------------------------------
Performs final model parameters optimization
Estimate model parameters (epsilon = 0.010)
1. Initial log-likelihood: -36386.117
Optimal log-likelihood: -36386.113
Site proportion and rates:  (0.058,0.030) (0.236,0.248) (0.705,1.332)
Parameters optimization took 1 rounds (0.128 sec)
BEST SCORE FOUND : -36386.113

Testing tree branches by SH-like aLRT with 1000 replicates...
0.471 sec.
Creating bootstrap support values...
Split supports printed to NEXUS file FungalCW_tree_20231129/93783at4751.aa.mfa.splits.nex
Total tree length: 37.395

Total number of iterations: 103
CPU time used for tree search: 147.690 sec (0h:2m:27s)
Wall-clock time used for tree search: 74.367 sec (0h:1m:14s)
Total CPU time used: 151.326 sec (0h:2m:31s)
Total wall-clock time used: 76.288 sec (0h:1m:16s)

Computing bootstrap consensus tree...
Reading input file FungalCW_tree_20231129/93783at4751.aa.mfa.splits.nex...
18 taxa and 103 splits.
Consensus tree written to FungalCW_tree_20231129/93783at4751.aa.mfa.contree
Reading input trees file FungalCW_tree_20231129/93783at4751.aa.mfa.contree
Log-likelihood of consensus tree: -36386.112

Analysis results written to: 
  IQ-TREE report:                FungalCW_tree_20231129/93783at4751.aa.mfa.iqtree
  Maximum-likelihood tree:       FungalCW_tree_20231129/93783at4751.aa.mfa.treefile
  Likelihood distances:          FungalCW_tree_20231129/93783at4751.aa.mfa.mldist

Ultrafast bootstrap approximation results written to:
  Split support values:          FungalCW_tree_20231129/93783at4751.aa.mfa.splits.nex
  Consensus tree:                FungalCW_tree_20231129/93783at4751.aa.mfa.contree
  Screen log file:               FungalCW_tree_20231129/93783at4751.aa.mfa.log

Date and Time: Wed Nov 29 01:58:43 2023
